[2023-08-15 22:34:05.464] [info] Storage: read data file = ..\rra1\cycle3\subject17_run5_cycle3_iter1_Kinematics_q.sto (nr=821 nc=38)
[2023-08-15 22:34:05.514] [info] Storage: read data file = ..\rra1\cycle3\subject17_run5_cycle3_iter1_Kinematics_q.sto (nr=821 nc=38)
[2023-08-15 22:34:05.562] [info] AbstractTool subject17_run5_cycle3_iter2 loading model ..\rra1\cycle3\subject17_run5_cycle3_rraAdjusted_iter1.osim
[2023-08-15 22:34:05.613] [info] Loaded model subject17_scaled from file ..\rra1\cycle3\subject17_run5_cycle3_rraAdjusted_iter1.osim
[2023-08-15 22:34:05.661] [info] Adding force object set from ..\subject17_run5_RRA_Actuators.xml
[2023-08-15 22:34:05.669] [info] Running tool subject17_run5_cycle3_iter2.
[2023-08-15 22:34:05.684] [warning] ExternalLoads 'externalloads' has subcomponents with duplicate name 'externalforce'. The duplicate is being renamed to 'externalforce_0'.
[2023-08-15 22:34:05.698] [info] 	taskSet size = 29.
[2023-08-15 22:34:05.773] [info] ExternalForce::externalforce Data source being set to Run_500 01_newCOP3_v24.mot
[2023-08-15 22:34:05.773] [info] ExternalForce::externalforce_0 Data source being set to Run_500 01_newCOP3_v24.mot
[2023-08-15 22:34:05.776] [warning] A desired points file was not specified.
[2023-08-15 22:34:05.777] [info] Loading desired kinematics from file '..\rra1\cycle3\subject17_run5_cycle3_iter1_Kinematics_q.sto'...
[2023-08-15 22:34:05.777] [info] Storage: read data file = ..\rra1\cycle3\subject17_run5_cycle3_iter1_Kinematics_q.sto (nr=821 nc=38)
[2023-08-15 22:34:05.812] [info] Not filtering the desired kinematics.
[2023-08-15 22:34:05.812] [cout] [info] MODEL: subject17_scaled

numStates = 74
numCoordinates = 37
numSpeeds = 37
numActuators = 29
numBodies = 20
numConstraints = 0
numProbes = 0

ANALYSES (total: 0)

BODIES (total: 20)
body[0] = pelvis. mass: 11.0797
              moments of inertia:  ~[0.0849368,0.0719649,0.0478389]
              products of inertia: ~[0,0,0]
body[1] = femur_r. mass: 8.75068
              moments of inertia:  ~[0.121748,0.0319145,0.128385]
              products of inertia: ~[0,0,0]
body[2] = tibia_r. mass: 3.48799
              moments of inertia:  ~[0.0479256,0.00484962,0.0485912]
              products of inertia: ~[0,0,0]
body[3] = talus_r. mass: 0.0940792
              moments of inertia:  ~[0.000951746,0.000951746,0.000951746]
              products of inertia: ~[0,0,0]
body[4] = calcn_r. mass: 1.17599
              moments of inertia:  ~[0.00133244,0.00371181,0.00390216]
              products of inertia: ~[0,0,0]
body[5] = toes_r. mass: 0.203776
              moments of inertia:  ~[9.51746e-05,0.000190349,0.000951746]
              products of inertia: ~[0,0,0]
body[6] = femur_l. mass: 8.75068
              moments of inertia:  ~[0.121748,0.0319145,0.128385]
              products of inertia: ~[0,0,0]
body[7] = tibia_l. mass: 3.48799
              moments of inertia:  ~[0.0476422,0.00428282,0.0476422]
              products of inertia: ~[0,0,0]
body[8] = talus_l. mass: 0.0940792
              moments of inertia:  ~[0.000951746,0.000951746,0.000951746]
              products of inertia: ~[0,0,0]
body[9] = calcn_l. mass: 1.17599
              moments of inertia:  ~[0.00133244,0.00371181,0.00390216]
              products of inertia: ~[0,0,0]
body[10] = toes_l. mass: 0.203776
              moments of inertia:  ~[9.51746e-05,0.000190349,0.000951746]
              products of inertia: ~[0,0,0]
body[11] = torso. mass: 25.2383
              moments of inertia:  ~[1.22035,0.625277,1.18467]
              products of inertia: ~[0,0,0]
body[12] = humerus_r. mass: 1.91216
              moments of inertia:  ~[0.00976019,0.00336696,0.0109555]
              products of inertia: ~[0,0,0]
body[13] = ulna_r. mass: 0.571531
              moments of inertia:  ~[0.00260446,0.000543402,0.00282516]
              products of inertia: ~[0,0,0]
body[14] = radius_r. mass: 0.571531
              moments of inertia:  ~[0.00260446,0.000543402,0.00282516]
              products of inertia: ~[0,0,0]
body[15] = hand_r. mass: 0.430412
              moments of inertia:  ~[0.000784328,0.000480972,0.00117825]
              products of inertia: ~[0,0,0]
body[16] = humerus_l. mass: 1.91216
              moments of inertia:  ~[0.00976019,0.00336696,0.0109555]
              products of inertia: ~[0,0,0]
body[17] = ulna_l. mass: 0.571531
              moments of inertia:  ~[0.00260446,0.000543402,0.00282516]
              products of inertia: ~[0,0,0]
body[18] = radius_l. mass: 0.571531
              moments of inertia:  ~[0.00260446,0.000543402,0.00282516]
              products of inertia: ~[0,0,0]
body[19] = hand_l. mass: 0.430412
              moments of inertia:  ~[0.000784328,0.000480972,0.00117825]
              products of inertia: ~[0,0,0]

JOINTS (total: 20)
joint[0] = ground_pelvis. parent: ground_offset, child: pelvis_offset
joint[1] = hip_r. parent: pelvis_offset, child: femur_r_offset
joint[2] = knee_r. parent: femur_r_offset, child: tibia_r_offset
joint[3] = ankle_r. parent: tibia_r_offset, child: talus_r_offset
joint[4] = subtalar_r. parent: talus_r_offset, child: calcn_r_offset
joint[5] = mtp_r. parent: calcn_r_offset, child: toes_r_offset
joint[6] = hip_l. parent: pelvis_offset, child: femur_l_offset
joint[7] = knee_l. parent: femur_l_offset, child: tibia_l_offset
joint[8] = ankle_l. parent: tibia_l_offset, child: talus_l_offset
joint[9] = subtalar_l. parent: talus_l_offset, child: calcn_l_offset
joint[10] = mtp_l. parent: calcn_l_offset, child: toes_l_offset
joint[11] = back. parent: pelvis_offset, child: torso_offset
joint[12] = acromial_r. parent: torso_offset, child: humerus_r_offset
joint[13] = elbow_r. parent: humerus_r_offset, child: ulna_r_offset
joint[14] = radioulnar_r. parent: ulna_r_offset, child: radius_r_offset
joint[15] = radius_hand_r. parent: radius_r_offset, child: hand_r_offset
joint[16] = acromial_l. parent: torso_offset, child: humerus_l_offset
joint[17] = elbow_l. parent: humerus_l_offset, child: ulna_l_offset
joint[18] = radioulnar_l. parent: ulna_l_offset, child: radius_l_offset
joint[19] = radius_hand_l. parent: radius_l_offset, child: hand_l_offset

ACTUATORS (total: 29)
actuator[0] = FX
actuator[1] = FY
actuator[2] = FZ
actuator[3] = MZ
actuator[4] = MX
actuator[5] = MY
actuator[6] = hip_flexion_r
actuator[7] = hip_adduction_r
actuator[8] = hip_rotation_r
actuator[9] = knee_angle_r
actuator[10] = ankle_angle_r
actuator[11] = hip_flexion_l
actuator[12] = hip_adduction_l
actuator[13] = hip_rotation_l
actuator[14] = knee_angle_l
actuator[15] = ankle_angle_l
actuator[16] = lumbar_extension
actuator[17] = lumbar_bending
actuator[18] = lumbar_rotation
actuator[19] = arm_flex_r
actuator[20] = arm_add_r
actuator[21] = arm_rot_r
actuator[22] = elbow_flex_r
actuator[23] = pro_sup_r
actuator[24] = arm_flex_l
actuator[25] = arm_add_l
actuator[26] = arm_rot_l
actuator[27] = elbow_flex_l
actuator[28] = pro_sup_l

STATES (total: 74)
y[0] = /jointset/ground_pelvis/pelvis_tilt/value
y[1] = /jointset/ground_pelvis/pelvis_tilt/speed
y[2] = /jointset/ground_pelvis/pelvis_list/value
y[3] = /jointset/ground_pelvis/pelvis_list/speed
y[4] = /jointset/ground_pelvis/pelvis_rotation/value
y[5] = /jointset/ground_pelvis/pelvis_rotation/speed
y[6] = /jointset/ground_pelvis/pelvis_tx/value
y[7] = /jointset/ground_pelvis/pelvis_tx/speed
y[8] = /jointset/ground_pelvis/pelvis_ty/value
y[9] = /jointset/ground_pelvis/pelvis_ty/speed
y[10] = /jointset/ground_pelvis/pelvis_tz/value
y[11] = /jointset/ground_pelvis/pelvis_tz/speed
y[12] = /jointset/hip_r/hip_flexion_r/value
y[13] = /jointset/hip_r/hip_flexion_r/speed
y[14] = /jointset/hip_r/hip_adduction_r/value
y[15] = /jointset/hip_r/hip_adduction_r/speed
y[16] = /jointset/hip_r/hip_rotation_r/value
y[17] = /jointset/hip_r/hip_rotation_r/speed
y[18] = /jointset/knee_r/knee_angle_r/value
y[19] = /jointset/knee_r/knee_angle_r/speed
y[20] = /jointset/ankle_r/ankle_angle_r/value
y[21] = /jointset/ankle_r/ankle_angle_r/speed
y[22] = /jointset/subtalar_r/subtalar_angle_r/value
y[23] = /jointset/subtalar_r/subtalar_angle_r/speed
y[24] = /jointset/mtp_r/mtp_angle_r/value
y[25] = /jointset/mtp_r/mtp_angle_r/speed
y[26] = /jointset/hip_l/hip_flexion_l/value
y[27] = /jointset/hip_l/hip_flexion_l/speed
y[28] = /jointset/hip_l/hip_adduction_l/value
y[29] = /jointset/hip_l/hip_adduction_l/speed
y[30] = /jointset/hip_l/hip_rotation_l/value
y[31] = /jointset/hip_l/hip_rotation_l/speed
y[32] = /jointset/knee_l/knee_angle_l/value
y[33] = /jointset/knee_l/knee_angle_l/speed
y[34] = /jointset/ankle_l/ankle_angle_l/value
y[35] = /jointset/ankle_l/ankle_angle_l/speed
y[36] = /jointset/subtalar_l/subtalar_angle_l/value
y[37] = /jointset/subtalar_l/subtalar_angle_l/speed
y[38] = /jointset/mtp_l/mtp_angle_l/value
y[39] = /jointset/mtp_l/mtp_angle_l/speed
y[40] = /jointset/back/lumbar_extension/value
y[41] = /jointset/back/lumbar_extension/speed
y[42] = /jointset/back/lumbar_bending/value
y[43] = /jointset/back/lumbar_bending/speed
y[44] = /jointset/back/lumbar_rotation/value
y[45] = /jointset/back/lumbar_rotation/speed
y[46] = /jointset/acromial_r/arm_flex_r/value
y[47] = /jointset/acromial_r/arm_flex_r/speed
y[48] = /jointset/acromial_r/arm_add_r/value
y[49] = /jointset/acromial_r/arm_add_r/speed
y[50] = /jointset/acromial_r/arm_rot_r/value
y[51] = /jointset/acromial_r/arm_rot_r/speed
y[52] = /jointset/elbow_r/elbow_flex_r/value
y[53] = /jointset/elbow_r/elbow_flex_r/speed
y[54] = /jointset/radioulnar_r/pro_sup_r/value
y[55] = /jointset/radioulnar_r/pro_sup_r/speed
y[56] = /jointset/radius_hand_r/wrist_flex_r/value
y[57] = /jointset/radius_hand_r/wrist_flex_r/speed
y[58] = /jointset/radius_hand_r/wrist_dev_r/value
y[59] = /jointset/radius_hand_r/wrist_dev_r/speed
y[60] = /jointset/acromial_l/arm_flex_l/value
y[61] = /jointset/acromial_l/arm_flex_l/speed
y[62] = /jointset/acromial_l/arm_add_l/value
y[63] = /jointset/acromial_l/arm_add_l/speed
y[64] = /jointset/acromial_l/arm_rot_l/value
y[65] = /jointset/acromial_l/arm_rot_l/speed
y[66] = /jointset/elbow_l/elbow_flex_l/value
y[67] = /jointset/elbow_l/elbow_flex_l/speed
y[68] = /jointset/radioulnar_l/pro_sup_l/value
y[69] = /jointset/radioulnar_l/pro_sup_l/speed
y[70] = /jointset/radius_hand_l/wrist_flex_l/value
y[71] = /jointset/radius_hand_l/wrist_flex_l/speed
y[72] = /jointset/radius_hand_l/wrist_dev_l/value
y[73] = /jointset/radius_hand_l/wrist_dev_l/speed

[2023-08-15 22:34:06.302] [warning] Coordinate.setValue:  coordinate subtalar_angle_r is locked. Unable to change its value.
[2023-08-15 22:34:06.302] [warning] Coordinate.setValue:  coordinate mtp_angle_r is locked. Unable to change its value.
[2023-08-15 22:34:06.302] [warning] Coordinate.setValue:  coordinate subtalar_angle_l is locked. Unable to change its value.
[2023-08-15 22:34:06.302] [warning] Coordinate.setValue:  coordinate mtp_angle_l is locked. Unable to change its value.
[2023-08-15 22:34:06.302] [warning] Coordinate.setValue:  coordinate wrist_flex_r is locked. Unable to change its value.
[2023-08-15 22:34:06.302] [warning] Coordinate.setValue:  coordinate wrist_dev_r is locked. Unable to change its value.
[2023-08-15 22:34:06.302] [warning] Coordinate.setValue:  coordinate wrist_flex_l is locked. Unable to change its value.
[2023-08-15 22:34:06.302] [warning] Coordinate.setValue:  coordinate wrist_dev_l is locked. Unable to change its value.
[2023-08-15 22:34:06.390] [info] Requested COM adjustment time range 1.57080 to 2.23030, clamped to nearest available data times: 1.57080 to 2.23030.
[2023-08-15 22:34:06.390] [info] Computing average residuals between 1.57080 and 2.23030...
[2023-08-15 22:34:06.490] [info] ExternalForce::externalforce Data source being set to Run_500 01_newCOP3_v24.mot
[2023-08-15 22:34:06.490] [info] ExternalForce::externalforce_0 Data source being set to Run_500 01_newCOP3_v24.mot
[2023-08-15 22:34:06.536] [info] ExternalForce::externalforce Data source being set to Run_500 01_newCOP3_v24.mot
[2023-08-15 22:34:06.536] [info] ExternalForce::externalforce_0 Data source being set to Run_500 01_newCOP3_v24.mot
[2023-08-15 22:34:11.219] [info] ExternalForce::externalforce Data source being set to Run_500 01_newCOP3_v24.mot
[2023-08-15 22:34:11.219] [info] ExternalForce::externalforce_0 Data source being set to Run_500 01_newCOP3_v24.mot
[2023-08-15 22:34:11.225] [info] Computing average residuals between 1.57080 and 2.23030...
[2023-08-15 22:34:11.288] [info] ExternalForce::externalforce Data source being set to Run_500 01_newCOP3_v24.mot
[2023-08-15 22:34:11.289] [info] ExternalForce::externalforce_0 Data source being set to Run_500 01_newCOP3_v24.mot
[2023-08-15 22:34:11.355] [info] ExternalForce::externalforce Data source being set to Run_500 01_newCOP3_v24.mot
[2023-08-15 22:34:11.355] [info] ExternalForce::externalforce_0 Data source being set to Run_500 01_newCOP3_v24.mot
[2023-08-15 22:34:15.971] [info] Constructing function set for tracking desired kinematics...
[2023-08-15 22:34:16.932] [warning] No Actuation analysis found in analysis set, adding one...
[2023-08-15 22:34:16.933] [warning] No Kinematics analysis found in analysis set, adding one...
[2023-08-15 22:34:16.936] [info] Using the generalized coordinates specified in '..\rra1\cycle3\subject17_run5_cycle3_iter1_Kinematics_q.sto' to set the initial configuration.
[2023-08-15 22:34:17.117] [info] Using IPOPT optimizer algorithm.
[2023-08-15 22:34:17.117] [info] Setting optimizer print level to 0.
[2023-08-15 22:34:17.117] [info] Setting optimizer convergence tolerance to 1.0e-05.
[2023-08-15 22:34:17.117] [info] Setting optimizer maximum iterations to 2000.
[2023-08-15 22:34:17.117] [info] Setting cmc controller to not use verbose printing.

[2023-08-15 22:34:17.118] [info] CMC::computeControls, t = 1.57080
[2023-08-15 22:34:17.970] [info] --------------------------------------------
[2023-08-15 22:34:17.970] [info] Using CMC to track the specified kinematics:
[2023-08-15 22:34:17.970] [info] --------------------------------------------
[2023-08-15 22:34:17.970] [info]  -- Integrating from 1.57080 to 2.23030
[2023-08-15 22:34:17.970] [info]  -- Start time = Tue Aug 15 22:34:17 2023
[2023-08-15 22:34:17.970] [info] --------------------------------------------
[2023-08-15 22:34:17.970] [info] 
[2023-08-15 22:34:17.975] [info] CMC::computeControls, t = 1.57080
[2023-08-15 22:34:18.004] [info] CMC::computeControls, t = 1.5718
[2023-08-15 22:34:18.004] [warning] Coordinate.setValue:  coordinate subtalar_angle_r is locked. Unable to change its value.
[2023-08-15 22:34:18.004] [warning] Coordinate.setValue:  coordinate mtp_angle_r is locked. Unable to change its value.
[2023-08-15 22:34:18.004] [warning] Coordinate.setValue:  coordinate subtalar_angle_l is locked. Unable to change its value.
[2023-08-15 22:34:18.004] [warning] Coordinate.setValue:  coordinate mtp_angle_l is locked. Unable to change its value.
[2023-08-15 22:34:18.004] [warning] Coordinate.setValue:  coordinate wrist_flex_r is locked. Unable to change its value.
[2023-08-15 22:34:18.004] [warning] Coordinate.setValue:  coordinate wrist_dev_r is locked. Unable to change its value.
[2023-08-15 22:34:18.004] [warning] Coordinate.setValue:  coordinate wrist_flex_l is locked. Unable to change its value.
[2023-08-15 22:34:18.004] [warning] Coordinate.setValue:  coordinate wrist_dev_l is locked. Unable to change its value.
[2023-08-15 22:34:18.024] [info] CMC::computeControls, t = 1.5728
[2023-08-15 22:34:18.043] [info] CMC::computeControls, t = 1.5738
[2023-08-15 22:34:18.062] [info] CMC::computeControls, t = 1.5748
[2023-08-15 22:34:18.092] [info] CMC::computeControls, t = 1.5758
[2023-08-15 22:34:18.125] [info] CMC::computeControls, t = 1.5768
[2023-08-15 22:34:18.144] [info] CMC::computeControls, t = 1.5778
[2023-08-15 22:34:18.176] [info] CMC::computeControls, t = 1.5788
[2023-08-15 22:34:18.200] [info] CMC::computeControls, t = 1.5798
[2023-08-15 22:34:18.219] [info] CMC::computeControls, t = 1.58080
[2023-08-15 22:34:18.242] [info] CMC::computeControls, t = 1.5818
[2023-08-15 22:34:18.265] [info] CMC::computeControls, t = 1.5828
[2023-08-15 22:34:18.281] [info] CMC::computeControls, t = 1.5838
[2023-08-15 22:34:18.298] [info] CMC::computeControls, t = 1.5848
[2023-08-15 22:34:18.317] [info] CMC::computeControls, t = 1.5858
[2023-08-15 22:34:18.333] [info] CMC::computeControls, t = 1.5868
[2023-08-15 22:34:18.349] [info] CMC::computeControls, t = 1.5878
[2023-08-15 22:34:18.370] [info] CMC::computeControls, t = 1.5888
[2023-08-15 22:34:18.390] [info] CMC::computeControls, t = 1.5898
[2023-08-15 22:34:18.408] [info] CMC::computeControls, t = 1.59080
[2023-08-15 22:34:18.424] [info] CMC::computeControls, t = 1.5918
[2023-08-15 22:34:18.452] [info] CMC::computeControls, t = 1.5928
[2023-08-15 22:34:18.468] [info] CMC::computeControls, t = 1.5938
[2023-08-15 22:34:18.484] [info] CMC::computeControls, t = 1.5948
[2023-08-15 22:34:18.508] [info] CMC::computeControls, t = 1.5958
[2023-08-15 22:34:18.531] [info] CMC::computeControls, t = 1.5968
[2023-08-15 22:34:18.564] [info] CMC::computeControls, t = 1.5978
[2023-08-15 22:34:18.591] [info] CMC::computeControls, t = 1.5988
[2023-08-15 22:34:18.611] [info] CMC::computeControls, t = 1.5998
[2023-08-15 22:34:18.638] [info] CMC::computeControls, t = 1.60080
[2023-08-15 22:34:18.679] [info] CMC::computeControls, t = 1.60180
[2023-08-15 22:34:18.721] [info] CMC::computeControls, t = 1.60280
[2023-08-15 22:34:18.758] [info] CMC::computeControls, t = 1.60380
[2023-08-15 22:34:18.787] [info] CMC::computeControls, t = 1.60480
[2023-08-15 22:34:18.803] [info] CMC::computeControls, t = 1.60580
[2023-08-15 22:34:18.818] [info] CMC::computeControls, t = 1.60680
[2023-08-15 22:34:18.845] [info] CMC::computeControls, t = 1.60780
[2023-08-15 22:34:18.878] [info] CMC::computeControls, t = 1.60880
[2023-08-15 22:34:18.904] [info] CMC::computeControls, t = 1.60980
[2023-08-15 22:34:18.932] [info] CMC::computeControls, t = 1.61080
[2023-08-15 22:34:18.959] [info] CMC::computeControls, t = 1.6118
[2023-08-15 22:34:18.986] [info] CMC::computeControls, t = 1.6128
[2023-08-15 22:34:19.009] [info] CMC::computeControls, t = 1.6138
[2023-08-15 22:34:19.034] [info] CMC::computeControls, t = 1.6148
[2023-08-15 22:34:19.058] [info] CMC::computeControls, t = 1.6158
[2023-08-15 22:34:19.077] [info] CMC::computeControls, t = 1.6168
[2023-08-15 22:34:19.118] [info] CMC::computeControls, t = 1.6178
[2023-08-15 22:34:19.152] [info] CMC::computeControls, t = 1.6188
[2023-08-15 22:34:19.190] [info] CMC::computeControls, t = 1.6198
[2023-08-15 22:34:19.228] [info] CMC::computeControls, t = 1.62080
[2023-08-15 22:34:19.253] [info] CMC::computeControls, t = 1.6218
[2023-08-15 22:34:19.271] [info] CMC::computeControls, t = 1.6228
[2023-08-15 22:34:19.290] [info] CMC::computeControls, t = 1.6238
[2023-08-15 22:34:19.306] [info] CMC::computeControls, t = 1.6248
[2023-08-15 22:34:19.333] [info] CMC::computeControls, t = 1.6258
[2023-08-15 22:34:19.355] [info] CMC::computeControls, t = 1.6268
[2023-08-15 22:34:19.383] [info] CMC::computeControls, t = 1.6278
[2023-08-15 22:34:19.409] [info] CMC::computeControls, t = 1.6288
[2023-08-15 22:34:19.435] [info] CMC::computeControls, t = 1.6298
[2023-08-15 22:34:19.462] [info] CMC::computeControls, t = 1.63080
[2023-08-15 22:34:19.494] [info] CMC::computeControls, t = 1.6318
[2023-08-15 22:34:19.510] [info] CMC::computeControls, t = 1.6328
[2023-08-15 22:34:19.543] [info] CMC::computeControls, t = 1.6338
[2023-08-15 22:34:19.562] [info] CMC::computeControls, t = 1.6348
[2023-08-15 22:34:19.582] [info] CMC::computeControls, t = 1.6358
[2023-08-15 22:34:19.612] [info] CMC::computeControls, t = 1.6368
[2023-08-15 22:34:19.633] [info] CMC::computeControls, t = 1.6378
[2023-08-15 22:34:19.657] [info] CMC::computeControls, t = 1.6388
[2023-08-15 22:34:19.681] [info] CMC::computeControls, t = 1.6398
[2023-08-15 22:34:19.696] [info] CMC::computeControls, t = 1.64080
[2023-08-15 22:34:19.711] [info] CMC::computeControls, t = 1.6418
[2023-08-15 22:34:19.732] [info] CMC::computeControls, t = 1.6428
[2023-08-15 22:34:19.756] [info] CMC::computeControls, t = 1.6438
[2023-08-15 22:34:19.775] [info] CMC::computeControls, t = 1.6448
[2023-08-15 22:34:19.793] [info] CMC::computeControls, t = 1.6458
[2023-08-15 22:34:19.809] [info] CMC::computeControls, t = 1.6468
[2023-08-15 22:34:19.827] [info] CMC::computeControls, t = 1.6478
[2023-08-15 22:34:19.842] [info] CMC::computeControls, t = 1.6488
[2023-08-15 22:34:19.867] [info] CMC::computeControls, t = 1.6498
[2023-08-15 22:34:19.892] [info] CMC::computeControls, t = 1.65080
[2023-08-15 22:34:19.927] [info] CMC::computeControls, t = 1.6518
[2023-08-15 22:34:19.946] [info] CMC::computeControls, t = 1.6528
[2023-08-15 22:34:19.978] [info] CMC::computeControls, t = 1.6538
[2023-08-15 22:34:20.002] [info] CMC::computeControls, t = 1.6548
[2023-08-15 22:34:20.026] [info] CMC::computeControls, t = 1.6558
[2023-08-15 22:34:20.049] [info] CMC::computeControls, t = 1.6568
[2023-08-15 22:34:20.080] [info] CMC::computeControls, t = 1.6578
[2023-08-15 22:34:20.116] [info] CMC::computeControls, t = 1.6588
[2023-08-15 22:34:20.138] [info] CMC::computeControls, t = 1.6598
[2023-08-15 22:34:20.162] [info] CMC::computeControls, t = 1.66080
[2023-08-15 22:34:20.178] [info] CMC::computeControls, t = 1.6618
[2023-08-15 22:34:20.201] [info] CMC::computeControls, t = 1.6628
[2023-08-15 22:34:20.228] [info] CMC::computeControls, t = 1.6638
[2023-08-15 22:34:20.250] [info] CMC::computeControls, t = 1.6648
[2023-08-15 22:34:20.283] [info] CMC::computeControls, t = 1.6658
[2023-08-15 22:34:20.299] [info] CMC::computeControls, t = 1.6668
[2023-08-15 22:34:20.333] [info] CMC::computeControls, t = 1.6678
[2023-08-15 22:34:20.366] [info] CMC::computeControls, t = 1.6688
[2023-08-15 22:34:20.386] [info] CMC::computeControls, t = 1.6698
[2023-08-15 22:34:20.408] [info] CMC::computeControls, t = 1.67080
[2023-08-15 22:34:20.431] [info] CMC::computeControls, t = 1.6718
[2023-08-15 22:34:20.456] [info] CMC::computeControls, t = 1.6728
[2023-08-15 22:34:20.478] [info] CMC::computeControls, t = 1.6738
[2023-08-15 22:34:20.499] [info] CMC::computeControls, t = 1.6748
[2023-08-15 22:34:20.520] [info] CMC::computeControls, t = 1.6758
[2023-08-15 22:34:20.535] [info] CMC::computeControls, t = 1.6768
[2023-08-15 22:34:20.555] [info] CMC::computeControls, t = 1.6778
[2023-08-15 22:34:20.570] [info] CMC::computeControls, t = 1.6788
[2023-08-15 22:34:20.595] [info] CMC::computeControls, t = 1.6798
[2023-08-15 22:34:20.613] [info] CMC::computeControls, t = 1.68080
[2023-08-15 22:34:20.649] [info] CMC::computeControls, t = 1.6818
[2023-08-15 22:34:20.669] [info] CMC::computeControls, t = 1.6828
[2023-08-15 22:34:20.686] [info] CMC::computeControls, t = 1.6838
[2023-08-15 22:34:20.701] [info] CMC::computeControls, t = 1.6848
[2023-08-15 22:34:20.717] [info] CMC::computeControls, t = 1.6858
[2023-08-15 22:34:20.742] [info] CMC::computeControls, t = 1.6868
[2023-08-15 22:34:20.761] [info] CMC::computeControls, t = 1.6878
[2023-08-15 22:34:20.786] [info] CMC::computeControls, t = 1.6888
[2023-08-15 22:34:20.808] [info] CMC::computeControls, t = 1.6898
[2023-08-15 22:34:20.833] [info] CMC::computeControls, t = 1.69080
[2023-08-15 22:34:20.859] [info] CMC::computeControls, t = 1.6918
[2023-08-15 22:34:20.894] [info] CMC::computeControls, t = 1.6928
[2023-08-15 22:34:20.918] [info] CMC::computeControls, t = 1.6938
[2023-08-15 22:34:20.941] [info] CMC::computeControls, t = 1.6948
[2023-08-15 22:34:20.980] [info] CMC::computeControls, t = 1.6958
[2023-08-15 22:34:21.002] [info] CMC::computeControls, t = 1.6968
[2023-08-15 22:34:21.017] [info] CMC::computeControls, t = 1.6978
[2023-08-15 22:34:21.041] [info] CMC::computeControls, t = 1.6988
[2023-08-15 22:34:21.060] [info] CMC::computeControls, t = 1.6998
[2023-08-15 22:34:21.075] [info] CMC::computeControls, t = 1.70080
[2023-08-15 22:34:21.098] [info] CMC::computeControls, t = 1.70180
[2023-08-15 22:34:21.116] [info] CMC::computeControls, t = 1.70280
[2023-08-15 22:34:21.135] [info] CMC::computeControls, t = 1.70380
[2023-08-15 22:34:21.174] [info] CMC::computeControls, t = 1.70480
[2023-08-15 22:34:21.203] [info] CMC::computeControls, t = 1.70580
[2023-08-15 22:34:21.234] [info] CMC::computeControls, t = 1.70680
[2023-08-15 22:34:21.270] [info] CMC::computeControls, t = 1.70780
[2023-08-15 22:34:21.308] [info] CMC::computeControls, t = 1.70880
[2023-08-15 22:34:21.330] [info] CMC::computeControls, t = 1.70980
[2023-08-15 22:34:21.367] [info] CMC::computeControls, t = 1.71080
[2023-08-15 22:34:21.393] [info] CMC::computeControls, t = 1.7118
[2023-08-15 22:34:21.417] [info] CMC::computeControls, t = 1.7128
[2023-08-15 22:34:21.435] [info] CMC::computeControls, t = 1.7138
[2023-08-15 22:34:21.453] [info] CMC::computeControls, t = 1.7148
[2023-08-15 22:34:21.468] [info] CMC::computeControls, t = 1.7158
[2023-08-15 22:34:21.483] [info] CMC::computeControls, t = 1.7168
[2023-08-15 22:34:21.512] [info] CMC::computeControls, t = 1.7178
[2023-08-15 22:34:21.530] [info] CMC::computeControls, t = 1.7188
[2023-08-15 22:34:21.545] [info] CMC::computeControls, t = 1.7198
[2023-08-15 22:34:21.570] [info] CMC::computeControls, t = 1.72080
[2023-08-15 22:34:21.588] [info] CMC::computeControls, t = 1.7218
[2023-08-15 22:34:21.620] [info] CMC::computeControls, t = 1.7228
[2023-08-15 22:34:21.646] [info] CMC::computeControls, t = 1.7238
[2023-08-15 22:34:21.669] [info] CMC::computeControls, t = 1.7248
[2023-08-15 22:34:21.698] [info] CMC::computeControls, t = 1.7258
[2023-08-15 22:34:21.716] [info] CMC::computeControls, t = 1.7268
[2023-08-15 22:34:21.750] [info] CMC::computeControls, t = 1.7278
[2023-08-15 22:34:21.767] [info] CMC::computeControls, t = 1.7288
[2023-08-15 22:34:21.782] [info] CMC::computeControls, t = 1.7298
[2023-08-15 22:34:21.797] [info] CMC::computeControls, t = 1.73080
[2023-08-15 22:34:21.813] [info] CMC::computeControls, t = 1.7318
[2023-08-15 22:34:21.830] [info] CMC::computeControls, t = 1.7328
[2023-08-15 22:34:21.852] [info] CMC::computeControls, t = 1.7338
[2023-08-15 22:34:21.881] [info] CMC::computeControls, t = 1.7348
[2023-08-15 22:34:21.897] [info] CMC::computeControls, t = 1.7358
[2023-08-15 22:34:21.923] [info] CMC::computeControls, t = 1.7368
[2023-08-15 22:34:21.940] [info] CMC::computeControls, t = 1.7378
[2023-08-15 22:34:21.955] [info] CMC::computeControls, t = 1.7388
[2023-08-15 22:34:21.975] [info] CMC::computeControls, t = 1.7398
[2023-08-15 22:34:22.009] [info] CMC::computeControls, t = 1.74080
[2023-08-15 22:34:22.033] [info] CMC::computeControls, t = 1.7418
[2023-08-15 22:34:22.052] [info] CMC::computeControls, t = 1.7428
[2023-08-15 22:34:22.069] [info] CMC::computeControls, t = 1.7438
[2023-08-15 22:34:22.103] [info] CMC::computeControls, t = 1.7448
[2023-08-15 22:34:22.124] [info] CMC::computeControls, t = 1.7458
[2023-08-15 22:34:22.150] [info] CMC::computeControls, t = 1.7468
[2023-08-15 22:34:22.177] [info] CMC::computeControls, t = 1.7478
[2023-08-15 22:34:22.205] [info] CMC::computeControls, t = 1.7488
[2023-08-15 22:34:22.226] [info] CMC::computeControls, t = 1.7498
[2023-08-15 22:34:22.252] [info] CMC::computeControls, t = 1.75080
[2023-08-15 22:34:22.270] [info] CMC::computeControls, t = 1.7518
[2023-08-15 22:34:22.285] [info] CMC::computeControls, t = 1.7528
[2023-08-15 22:34:22.316] [info] CMC::computeControls, t = 1.7538
[2023-08-15 22:34:22.332] [info] CMC::computeControls, t = 1.7548
[2023-08-15 22:34:22.355] [info] CMC::computeControls, t = 1.7558
[2023-08-15 22:34:22.394] [info] CMC::computeControls, t = 1.7568
[2023-08-15 22:34:22.420] [info] CMC::computeControls, t = 1.7578
[2023-08-15 22:34:22.443] [info] CMC::computeControls, t = 1.7588
[2023-08-15 22:34:22.459] [info] CMC::computeControls, t = 1.7598
[2023-08-15 22:34:22.494] [info] CMC::computeControls, t = 1.76080
[2023-08-15 22:34:22.527] [info] CMC::computeControls, t = 1.7618
[2023-08-15 22:34:22.548] [info] CMC::computeControls, t = 1.7628
[2023-08-15 22:34:22.585] [info] CMC::computeControls, t = 1.7638
[2023-08-15 22:34:22.613] [info] CMC::computeControls, t = 1.7648
[2023-08-15 22:34:22.628] [info] CMC::computeControls, t = 1.7658
[2023-08-15 22:34:22.644] [info] CMC::computeControls, t = 1.7668
[2023-08-15 22:34:22.677] [info] CMC::computeControls, t = 1.7678
[2023-08-15 22:34:22.715] [info] CMC::computeControls, t = 1.7688
[2023-08-15 22:34:22.752] [info] CMC::computeControls, t = 1.7698
[2023-08-15 22:34:22.786] [info] CMC::computeControls, t = 1.77080
[2023-08-15 22:34:22.817] [info] CMC::computeControls, t = 1.7718
[2023-08-15 22:34:22.842] [info] CMC::computeControls, t = 1.7728
[2023-08-15 22:34:22.866] [info] CMC::computeControls, t = 1.7738
[2023-08-15 22:34:22.890] [info] CMC::computeControls, t = 1.7748
[2023-08-15 22:34:22.928] [info] CMC::computeControls, t = 1.7758
[2023-08-15 22:34:22.955] [info] CMC::computeControls, t = 1.7768
[2023-08-15 22:34:22.991] [info] CMC::computeControls, t = 1.7778
[2023-08-15 22:34:23.028] [info] CMC::computeControls, t = 1.7788
[2023-08-15 22:34:23.056] [info] CMC::computeControls, t = 1.7798
[2023-08-15 22:34:23.090] [info] CMC::computeControls, t = 1.78080
[2023-08-15 22:34:23.117] [info] CMC::computeControls, t = 1.7818
[2023-08-15 22:34:23.134] [info] CMC::computeControls, t = 1.7828
[2023-08-15 22:34:23.149] [info] CMC::computeControls, t = 1.7838
[2023-08-15 22:34:23.175] [info] CMC::computeControls, t = 1.7848
[2023-08-15 22:34:23.216] [info] CMC::computeControls, t = 1.7858
[2023-08-15 22:34:23.243] [info] CMC::computeControls, t = 1.7868
[2023-08-15 22:34:23.270] [info] CMC::computeControls, t = 1.7878
[2023-08-15 22:34:23.291] [info] CMC::computeControls, t = 1.7888
[2023-08-15 22:34:23.314] [info] CMC::computeControls, t = 1.7898
[2023-08-15 22:34:23.330] [info] CMC::computeControls, t = 1.79080
[2023-08-15 22:34:23.369] [info] CMC::computeControls, t = 1.7918
[2023-08-15 22:34:23.395] [info] CMC::computeControls, t = 1.7928
[2023-08-15 22:34:23.433] [info] CMC::computeControls, t = 1.7938
[2023-08-15 22:34:23.458] [info] CMC::computeControls, t = 1.7948
[2023-08-15 22:34:23.479] [info] CMC::computeControls, t = 1.7958
[2023-08-15 22:34:23.494] [info] CMC::computeControls, t = 1.7968
[2023-08-15 22:34:23.521] [info] CMC::computeControls, t = 1.7978
[2023-08-15 22:34:23.547] [info] CMC::computeControls, t = 1.7988
[2023-08-15 22:34:23.563] [info] CMC::computeControls, t = 1.7998
[2023-08-15 22:34:23.591] [info] CMC::computeControls, t = 1.80080
[2023-08-15 22:34:23.608] [info] CMC::computeControls, t = 1.80180
[2023-08-15 22:34:23.643] [info] CMC::computeControls, t = 1.80280
[2023-08-15 22:34:23.684] [info] CMC::computeControls, t = 1.80380
[2023-08-15 22:34:23.709] [info] CMC::computeControls, t = 1.80480
[2023-08-15 22:34:23.737] [info] CMC::computeControls, t = 1.80580
[2023-08-15 22:34:23.769] [info] CMC::computeControls, t = 1.80680
[2023-08-15 22:34:23.785] [info] CMC::computeControls, t = 1.80780
[2023-08-15 22:34:23.803] [info] CMC::computeControls, t = 1.80880
[2023-08-15 22:34:23.821] [info] CMC::computeControls, t = 1.80980
[2023-08-15 22:34:23.846] [info] CMC::computeControls, t = 1.81080
[2023-08-15 22:34:23.873] [info] CMC::computeControls, t = 1.8118
[2023-08-15 22:34:23.905] [info] CMC::computeControls, t = 1.8128
[2023-08-15 22:34:23.926] [info] CMC::computeControls, t = 1.8138
[2023-08-15 22:34:23.955] [info] CMC::computeControls, t = 1.8148
[2023-08-15 22:34:23.995] [info] CMC::computeControls, t = 1.8158
[2023-08-15 22:34:24.024] [info] CMC::computeControls, t = 1.8168
[2023-08-15 22:34:24.055] [info] CMC::computeControls, t = 1.8178
[2023-08-15 22:34:24.097] [info] CMC::computeControls, t = 1.8188
[2023-08-15 22:34:24.127] [info] CMC::computeControls, t = 1.8198
[2023-08-15 22:34:24.168] [info] CMC::computeControls, t = 1.82080
[2023-08-15 22:34:24.196] [info] CMC::computeControls, t = 1.8218
[2023-08-15 22:34:24.232] [info] CMC::computeControls, t = 1.8228
[2023-08-15 22:34:24.254] [info] CMC::computeControls, t = 1.8238
[2023-08-15 22:34:24.282] [info] CMC::computeControls, t = 1.8248
[2023-08-15 22:34:24.298] [info] CMC::computeControls, t = 1.8258
[2023-08-15 22:34:24.314] [info] CMC::computeControls, t = 1.8268
[2023-08-15 22:34:24.341] [info] CMC::computeControls, t = 1.8278
[2023-08-15 22:34:24.358] [info] CMC::computeControls, t = 1.8288
[2023-08-15 22:34:24.377] [info] CMC::computeControls, t = 1.8298
[2023-08-15 22:34:24.402] [info] CMC::computeControls, t = 1.83080
[2023-08-15 22:34:24.440] [info] CMC::computeControls, t = 1.8318
[2023-08-15 22:34:24.480] [info] CMC::computeControls, t = 1.8328
[2023-08-15 22:34:24.514] [info] CMC::computeControls, t = 1.8338
[2023-08-15 22:34:24.552] [info] CMC::computeControls, t = 1.8348
[2023-08-15 22:34:24.590] [info] CMC::computeControls, t = 1.8358
[2023-08-15 22:34:24.618] [info] CMC::computeControls, t = 1.8368
[2023-08-15 22:34:24.645] [info] CMC::computeControls, t = 1.8378
[2023-08-15 22:34:24.668] [info] CMC::computeControls, t = 1.8388
[2023-08-15 22:34:24.693] [info] CMC::computeControls, t = 1.8398
[2023-08-15 22:34:24.715] [info] CMC::computeControls, t = 1.84080
[2023-08-15 22:34:24.737] [info] CMC::computeControls, t = 1.8418
[2023-08-15 22:34:24.756] [info] CMC::computeControls, t = 1.8428
[2023-08-15 22:34:24.776] [info] CMC::computeControls, t = 1.8438
[2023-08-15 22:34:24.792] [info] CMC::computeControls, t = 1.8448
[2023-08-15 22:34:24.820] [info] CMC::computeControls, t = 1.8458
[2023-08-15 22:34:24.843] [info] CMC::computeControls, t = 1.8468
[2023-08-15 22:34:24.864] [info] CMC::computeControls, t = 1.8478
[2023-08-15 22:34:24.880] [info] CMC::computeControls, t = 1.8488
[2023-08-15 22:34:24.895] [info] CMC::computeControls, t = 1.8498
[2023-08-15 22:34:24.919] [info] CMC::computeControls, t = 1.85080
[2023-08-15 22:34:24.947] [info] CMC::computeControls, t = 1.8518
[2023-08-15 22:34:24.974] [info] CMC::computeControls, t = 1.8528
[2023-08-15 22:34:24.993] [info] CMC::computeControls, t = 1.8538
[2023-08-15 22:34:25.018] [info] CMC::computeControls, t = 1.8548
[2023-08-15 22:34:25.033] [info] CMC::computeControls, t = 1.8558
[2023-08-15 22:34:25.051] [info] CMC::computeControls, t = 1.8568
[2023-08-15 22:34:25.076] [info] CMC::computeControls, t = 1.8578
[2023-08-15 22:34:25.103] [info] CMC::computeControls, t = 1.8588
[2023-08-15 22:34:25.129] [info] CMC::computeControls, t = 1.8598
[2023-08-15 22:34:25.162] [info] CMC::computeControls, t = 1.86080
[2023-08-15 22:34:25.207] [info] CMC::computeControls, t = 1.8618
[2023-08-15 22:34:25.238] [info] CMC::computeControls, t = 1.8628
[2023-08-15 22:34:25.264] [info] CMC::computeControls, t = 1.8638
[2023-08-15 22:34:25.304] [info] CMC::computeControls, t = 1.8648
[2023-08-15 22:34:25.325] [info] CMC::computeControls, t = 1.8658
[2023-08-15 22:34:25.352] [info] CMC::computeControls, t = 1.8668
[2023-08-15 22:34:25.382] [info] CMC::computeControls, t = 1.8678
[2023-08-15 22:34:25.411] [info] CMC::computeControls, t = 1.8688
[2023-08-15 22:34:25.435] [info] CMC::computeControls, t = 1.8698
[2023-08-15 22:34:25.466] [info] CMC::computeControls, t = 1.87080
[2023-08-15 22:34:25.500] [info] CMC::computeControls, t = 1.8718
[2023-08-15 22:34:25.537] [info] CMC::computeControls, t = 1.8728
[2023-08-15 22:34:25.553] [info] CMC::computeControls, t = 1.8738
[2023-08-15 22:34:25.582] [info] CMC::computeControls, t = 1.8748
[2023-08-15 22:34:25.608] [info] CMC::computeControls, t = 1.8758
[2023-08-15 22:34:25.637] [info] CMC::computeControls, t = 1.8768
[2023-08-15 22:34:25.672] [info] CMC::computeControls, t = 1.8778
[2023-08-15 22:34:25.689] [info] CMC::computeControls, t = 1.8788
[2023-08-15 22:34:25.717] [info] CMC::computeControls, t = 1.8798
[2023-08-15 22:34:25.744] [info] CMC::computeControls, t = 1.88080
[2023-08-15 22:34:25.767] [info] CMC::computeControls, t = 1.8818
[2023-08-15 22:34:25.797] [info] CMC::computeControls, t = 1.8828
[2023-08-15 22:34:25.826] [info] CMC::computeControls, t = 1.8838
[2023-08-15 22:34:25.851] [info] CMC::computeControls, t = 1.8848
[2023-08-15 22:34:25.875] [info] CMC::computeControls, t = 1.8858
[2023-08-15 22:34:25.910] [info] CMC::computeControls, t = 1.8868
[2023-08-15 22:34:25.932] [info] CMC::computeControls, t = 1.8878
[2023-08-15 22:34:25.949] [info] CMC::computeControls, t = 1.8888
[2023-08-15 22:34:25.979] [info] CMC::computeControls, t = 1.8898
[2023-08-15 22:34:26.012] [info] CMC::computeControls, t = 1.89080
[2023-08-15 22:34:26.040] [info] CMC::computeControls, t = 1.8918
[2023-08-15 22:34:26.067] [info] CMC::computeControls, t = 1.8928
[2023-08-15 22:34:26.090] [info] CMC::computeControls, t = 1.8938
[2023-08-15 22:34:26.116] [info] CMC::computeControls, t = 1.8948
[2023-08-15 22:34:26.156] [info] CMC::computeControls, t = 1.8958
[2023-08-15 22:34:26.203] [info] CMC::computeControls, t = 1.8968
[2023-08-15 22:34:26.242] [info] CMC::computeControls, t = 1.8978
[2023-08-15 22:34:26.269] [info] CMC::computeControls, t = 1.8988
[2023-08-15 22:34:26.314] [info] CMC::computeControls, t = 1.8998
[2023-08-15 22:34:26.359] [info] CMC::computeControls, t = 1.90080
[2023-08-15 22:34:26.381] [info] CMC::computeControls, t = 1.90180
[2023-08-15 22:34:26.412] [info] CMC::computeControls, t = 1.90280
[2023-08-15 22:34:26.437] [info] CMC::computeControls, t = 1.90380
[2023-08-15 22:34:26.477] [info] CMC::computeControls, t = 1.90480
[2023-08-15 22:34:26.512] [info] CMC::computeControls, t = 1.90580
[2023-08-15 22:34:26.543] [info] CMC::computeControls, t = 1.90680
[2023-08-15 22:34:26.564] [info] CMC::computeControls, t = 1.90780
[2023-08-15 22:34:26.600] [info] CMC::computeControls, t = 1.90880
[2023-08-15 22:34:26.618] [info] CMC::computeControls, t = 1.90980
[2023-08-15 22:34:26.644] [info] CMC::computeControls, t = 1.91080
[2023-08-15 22:34:26.659] [info] CMC::computeControls, t = 1.9118
[2023-08-15 22:34:26.677] [info] CMC::computeControls, t = 1.9128
[2023-08-15 22:34:26.701] [info] CMC::computeControls, t = 1.9138
[2023-08-15 22:34:26.735] [info] CMC::computeControls, t = 1.9148
[2023-08-15 22:34:26.766] [info] CMC::computeControls, t = 1.9158
[2023-08-15 22:34:26.789] [info] CMC::computeControls, t = 1.9168
[2023-08-15 22:34:26.827] [info] CMC::computeControls, t = 1.9178
[2023-08-15 22:34:26.844] [info] CMC::computeControls, t = 1.9188
[2023-08-15 22:34:26.881] [info] CMC::computeControls, t = 1.9198
[2023-08-15 22:34:26.915] [info] CMC::computeControls, t = 1.92080
[2023-08-15 22:34:26.943] [info] CMC::computeControls, t = 1.9218
[2023-08-15 22:34:26.970] [info] CMC::computeControls, t = 1.9228
[2023-08-15 22:34:27.005] [info] CMC::computeControls, t = 1.9238
[2023-08-15 22:34:27.023] [info] CMC::computeControls, t = 1.9248
[2023-08-15 22:34:27.050] [info] CMC::computeControls, t = 1.9258
[2023-08-15 22:34:27.068] [info] CMC::computeControls, t = 1.9268
[2023-08-15 22:34:27.093] [info] CMC::computeControls, t = 1.9278
[2023-08-15 22:34:27.109] [info] CMC::computeControls, t = 1.9288
[2023-08-15 22:34:27.126] [info] CMC::computeControls, t = 1.9298
[2023-08-15 22:34:27.142] [info] CMC::computeControls, t = 1.93080
[2023-08-15 22:34:27.165] [info] CMC::computeControls, t = 1.9318
[2023-08-15 22:34:27.186] [info] CMC::computeControls, t = 1.9328
[2023-08-15 22:34:27.209] [info] CMC::computeControls, t = 1.9338
[2023-08-15 22:34:27.230] [info] CMC::computeControls, t = 1.9348
[2023-08-15 22:34:27.250] [info] CMC::computeControls, t = 1.9358
[2023-08-15 22:34:27.265] [info] CMC::computeControls, t = 1.9368
[2023-08-15 22:34:27.291] [info] CMC::computeControls, t = 1.9378
[2023-08-15 22:34:27.324] [info] CMC::computeControls, t = 1.9388
[2023-08-15 22:34:27.345] [info] CMC::computeControls, t = 1.9398
[2023-08-15 22:34:27.372] [info] CMC::computeControls, t = 1.94080
[2023-08-15 22:34:27.401] [info] CMC::computeControls, t = 1.9418
[2023-08-15 22:34:27.422] [info] CMC::computeControls, t = 1.9428
[2023-08-15 22:34:27.445] [info] CMC::computeControls, t = 1.9438
[2023-08-15 22:34:27.483] [info] CMC::computeControls, t = 1.9448
[2023-08-15 22:34:27.509] [info] CMC::computeControls, t = 1.9458
[2023-08-15 22:34:27.547] [info] CMC::computeControls, t = 1.9468
[2023-08-15 22:34:27.566] [info] CMC::computeControls, t = 1.9478
[2023-08-15 22:34:27.589] [info] CMC::computeControls, t = 1.9488
[2023-08-15 22:34:27.625] [info] CMC::computeControls, t = 1.9498
[2023-08-15 22:34:27.660] [info] CMC::computeControls, t = 1.95080
[2023-08-15 22:34:27.689] [info] CMC::computeControls, t = 1.9518
[2023-08-15 22:34:27.707] [info] CMC::computeControls, t = 1.9528
[2023-08-15 22:34:27.737] [info] CMC::computeControls, t = 1.9538
[2023-08-15 22:34:27.771] [info] CMC::computeControls, t = 1.9548
[2023-08-15 22:34:27.807] [info] CMC::computeControls, t = 1.9558
[2023-08-15 22:34:27.846] [info] CMC::computeControls, t = 1.9568
[2023-08-15 22:34:27.877] [info] CMC::computeControls, t = 1.9578
[2023-08-15 22:34:27.893] [info] CMC::computeControls, t = 1.9588
[2023-08-15 22:34:27.921] [info] CMC::computeControls, t = 1.9598
[2023-08-15 22:34:27.943] [info] CMC::computeControls, t = 1.96080
[2023-08-15 22:34:27.970] [info] CMC::computeControls, t = 1.9618
[2023-08-15 22:34:27.990] [info] CMC::computeControls, t = 1.9628
[2023-08-15 22:34:28.006] [info] CMC::computeControls, t = 1.9638
[2023-08-15 22:34:28.038] [info] CMC::computeControls, t = 1.9648
[2023-08-15 22:34:28.068] [info] CMC::computeControls, t = 1.9658
[2023-08-15 22:34:28.094] [info] CMC::computeControls, t = 1.9668
[2023-08-15 22:34:28.123] [info] CMC::computeControls, t = 1.9678
[2023-08-15 22:34:28.163] [info] CMC::computeControls, t = 1.9688
[2023-08-15 22:34:28.200] [info] CMC::computeControls, t = 1.9698
[2023-08-15 22:34:28.243] [info] CMC::computeControls, t = 1.97080
[2023-08-15 22:34:28.272] [info] CMC::computeControls, t = 1.9718
[2023-08-15 22:34:28.291] [info] CMC::computeControls, t = 1.9728
[2023-08-15 22:34:28.333] [info] CMC::computeControls, t = 1.9738
[2023-08-15 22:34:28.373] [info] CMC::computeControls, t = 1.9748
[2023-08-15 22:34:28.398] [info] CMC::computeControls, t = 1.9758
[2023-08-15 22:34:28.414] [info] CMC::computeControls, t = 1.9768
[2023-08-15 22:34:28.439] [info] CMC::computeControls, t = 1.9778
[2023-08-15 22:34:28.458] [info] CMC::computeControls, t = 1.9788
[2023-08-15 22:34:28.484] [info] CMC::computeControls, t = 1.9798
[2023-08-15 22:34:28.511] [info] CMC::computeControls, t = 1.98080
[2023-08-15 22:34:28.539] [info] CMC::computeControls, t = 1.9818
[2023-08-15 22:34:28.563] [info] CMC::computeControls, t = 1.9828
[2023-08-15 22:34:28.580] [info] CMC::computeControls, t = 1.9838
[2023-08-15 22:34:28.605] [info] CMC::computeControls, t = 1.9848
[2023-08-15 22:34:28.638] [info] CMC::computeControls, t = 1.9858
[2023-08-15 22:34:28.673] [info] CMC::computeControls, t = 1.9868
[2023-08-15 22:34:28.692] [info] CMC::computeControls, t = 1.9878
[2023-08-15 22:34:28.714] [info] CMC::computeControls, t = 1.9888
[2023-08-15 22:34:28.738] [info] CMC::computeControls, t = 1.9898
[2023-08-15 22:34:28.756] [info] CMC::computeControls, t = 1.99080
[2023-08-15 22:34:28.774] [info] CMC::computeControls, t = 1.9918
[2023-08-15 22:34:28.811] [info] CMC::computeControls, t = 1.9928
[2023-08-15 22:34:28.837] [info] CMC::computeControls, t = 1.9938
[2023-08-15 22:34:28.873] [info] CMC::computeControls, t = 1.9948
[2023-08-15 22:34:28.904] [info] CMC::computeControls, t = 1.9958
[2023-08-15 22:34:28.931] [info] CMC::computeControls, t = 1.9968
[2023-08-15 22:34:28.955] [info] CMC::computeControls, t = 1.9978
[2023-08-15 22:34:28.988] [info] CMC::computeControls, t = 1.9988
[2023-08-15 22:34:29.004] [info] CMC::computeControls, t = 1.9998
[2023-08-15 22:34:29.020] [info] CMC::computeControls, t = 2.00080
[2023-08-15 22:34:29.049] [info] CMC::computeControls, t = 2.00180
[2023-08-15 22:34:29.077] [info] CMC::computeControls, t = 2.00280
[2023-08-15 22:34:29.096] [info] CMC::computeControls, t = 2.00380
[2023-08-15 22:34:29.128] [info] CMC::computeControls, t = 2.00480
[2023-08-15 22:34:29.154] [info] CMC::computeControls, t = 2.00580
[2023-08-15 22:34:29.187] [info] CMC::computeControls, t = 2.00680
[2023-08-15 22:34:29.223] [info] CMC::computeControls, t = 2.00780
[2023-08-15 22:34:29.243] [info] CMC::computeControls, t = 2.00880
[2023-08-15 22:34:29.272] [info] CMC::computeControls, t = 2.00980
[2023-08-15 22:34:29.307] [info] CMC::computeControls, t = 2.01080
[2023-08-15 22:34:29.330] [info] CMC::computeControls, t = 2.0118
[2023-08-15 22:34:29.360] [info] CMC::computeControls, t = 2.0128
[2023-08-15 22:34:29.398] [info] CMC::computeControls, t = 2.0138
[2023-08-15 22:34:29.436] [info] CMC::computeControls, t = 2.0148
[2023-08-15 22:34:29.464] [info] CMC::computeControls, t = 2.0158
[2023-08-15 22:34:29.480] [info] CMC::computeControls, t = 2.0168
[2023-08-15 22:34:29.506] [info] CMC::computeControls, t = 2.0178
[2023-08-15 22:34:29.533] [info] CMC::computeControls, t = 2.0188
[2023-08-15 22:34:29.569] [info] CMC::computeControls, t = 2.0198
[2023-08-15 22:34:29.599] [info] CMC::computeControls, t = 2.02080
[2023-08-15 22:34:29.617] [info] CMC::computeControls, t = 2.0218
[2023-08-15 22:34:29.645] [info] CMC::computeControls, t = 2.0228
[2023-08-15 22:34:29.669] [info] CMC::computeControls, t = 2.0238
[2023-08-15 22:34:29.707] [info] CMC::computeControls, t = 2.0248
[2023-08-15 22:34:29.747] [info] CMC::computeControls, t = 2.0258
[2023-08-15 22:34:29.775] [info] CMC::computeControls, t = 2.0268
[2023-08-15 22:34:29.794] [info] CMC::computeControls, t = 2.0278
[2023-08-15 22:34:29.823] [info] CMC::computeControls, t = 2.0288
[2023-08-15 22:34:29.853] [info] CMC::computeControls, t = 2.0298
[2023-08-15 22:34:29.890] [info] CMC::computeControls, t = 2.03080
[2023-08-15 22:34:29.907] [info] CMC::computeControls, t = 2.0318
[2023-08-15 22:34:29.926] [info] CMC::computeControls, t = 2.0328
[2023-08-15 22:34:29.961] [info] CMC::computeControls, t = 2.0338
[2023-08-15 22:34:30.000] [info] CMC::computeControls, t = 2.0348
[2023-08-15 22:34:30.038] [info] CMC::computeControls, t = 2.0358
[2023-08-15 22:34:30.078] [info] CMC::computeControls, t = 2.0368
[2023-08-15 22:34:30.112] [info] CMC::computeControls, t = 2.0378
[2023-08-15 22:34:30.138] [info] CMC::computeControls, t = 2.0388
[2023-08-15 22:34:30.169] [info] CMC::computeControls, t = 2.0398
[2023-08-15 22:34:30.187] [info] CMC::computeControls, t = 2.04080
[2023-08-15 22:34:30.211] [info] CMC::computeControls, t = 2.0418
[2023-08-15 22:34:30.239] [info] CMC::computeControls, t = 2.0428
[2023-08-15 22:34:30.259] [info] CMC::computeControls, t = 2.0438
[2023-08-15 22:34:30.279] [info] CMC::computeControls, t = 2.0448
[2023-08-15 22:34:30.301] [info] CMC::computeControls, t = 2.0458
[2023-08-15 22:34:30.331] [info] CMC::computeControls, t = 2.0468
[2023-08-15 22:34:30.350] [info] CMC::computeControls, t = 2.0478
[2023-08-15 22:34:30.368] [info] CMC::computeControls, t = 2.0488
[2023-08-15 22:34:30.384] [info] CMC::computeControls, t = 2.0498
[2023-08-15 22:34:30.411] [info] CMC::computeControls, t = 2.05080
[2023-08-15 22:34:30.441] [info] CMC::computeControls, t = 2.0518
[2023-08-15 22:34:30.477] [info] CMC::computeControls, t = 2.0528
[2023-08-15 22:34:30.512] [info] CMC::computeControls, t = 2.0538
[2023-08-15 22:34:30.538] [info] CMC::computeControls, t = 2.0548
[2023-08-15 22:34:30.565] [info] CMC::computeControls, t = 2.0558
[2023-08-15 22:34:30.581] [info] CMC::computeControls, t = 2.0568
[2023-08-15 22:34:30.606] [info] CMC::computeControls, t = 2.0578
[2023-08-15 22:34:30.629] [info] CMC::computeControls, t = 2.0588
[2023-08-15 22:34:30.653] [info] CMC::computeControls, t = 2.0598
[2023-08-15 22:34:30.679] [info] CMC::computeControls, t = 2.06080
[2023-08-15 22:34:30.706] [info] CMC::computeControls, t = 2.0618
[2023-08-15 22:34:30.734] [info] CMC::computeControls, t = 2.0628
[2023-08-15 22:34:30.766] [info] CMC::computeControls, t = 2.0638
[2023-08-15 22:34:30.799] [info] CMC::computeControls, t = 2.0648
[2023-08-15 22:34:30.840] [info] CMC::computeControls, t = 2.0658
[2023-08-15 22:34:30.868] [info] CMC::computeControls, t = 2.0668
[2023-08-15 22:34:30.890] [info] CMC::computeControls, t = 2.0678
[2023-08-15 22:34:30.921] [info] CMC::computeControls, t = 2.0688
[2023-08-15 22:34:30.947] [info] CMC::computeControls, t = 2.0698
[2023-08-15 22:34:30.972] [info] CMC::computeControls, t = 2.07080
[2023-08-15 22:34:30.998] [info] CMC::computeControls, t = 2.0718
[2023-08-15 22:34:31.070] [info] CMC::computeControls, t = 2.0728
[2023-08-15 22:34:31.098] [info] CMC::computeControls, t = 2.0738
[2023-08-15 22:34:31.133] [info] CMC::computeControls, t = 2.0748
[2023-08-15 22:34:31.151] [info] CMC::computeControls, t = 2.0758
[2023-08-15 22:34:31.179] [info] CMC::computeControls, t = 2.0768
[2023-08-15 22:34:31.203] [info] CMC::computeControls, t = 2.0778
[2023-08-15 22:34:31.231] [info] CMC::computeControls, t = 2.0788
[2023-08-15 22:34:31.252] [info] CMC::computeControls, t = 2.0798
[2023-08-15 22:34:31.270] [info] CMC::computeControls, t = 2.08080
[2023-08-15 22:34:31.287] [info] CMC::computeControls, t = 2.0818
[2023-08-15 22:34:31.315] [info] CMC::computeControls, t = 2.0828
[2023-08-15 22:34:31.348] [info] CMC::computeControls, t = 2.0838
[2023-08-15 22:34:31.373] [info] CMC::computeControls, t = 2.0848
[2023-08-15 22:34:31.407] [info] CMC::computeControls, t = 2.0858
[2023-08-15 22:34:31.438] [info] CMC::computeControls, t = 2.0868
[2023-08-15 22:34:31.465] [info] CMC::computeControls, t = 2.0878
[2023-08-15 22:34:31.493] [info] CMC::computeControls, t = 2.0888
[2023-08-15 22:34:31.512] [info] CMC::computeControls, t = 2.0898
[2023-08-15 22:34:31.539] [info] CMC::computeControls, t = 2.09080
[2023-08-15 22:34:31.564] [info] CMC::computeControls, t = 2.0918
[2023-08-15 22:34:31.590] [info] CMC::computeControls, t = 2.0928
[2023-08-15 22:34:31.607] [info] CMC::computeControls, t = 2.0938
[2023-08-15 22:34:31.633] [info] CMC::computeControls, t = 2.0948
[2023-08-15 22:34:31.658] [info] CMC::computeControls, t = 2.0958
[2023-08-15 22:34:31.684] [info] CMC::computeControls, t = 2.0968
[2023-08-15 22:34:31.705] [info] CMC::computeControls, t = 2.0978
[2023-08-15 22:34:31.721] [info] CMC::computeControls, t = 2.0988
[2023-08-15 22:34:31.741] [info] CMC::computeControls, t = 2.0998
[2023-08-15 22:34:31.770] [info] CMC::computeControls, t = 2.10080
[2023-08-15 22:34:31.795] [info] CMC::computeControls, t = 2.10180
[2023-08-15 22:34:31.810] [info] CMC::computeControls, t = 2.10280
[2023-08-15 22:34:31.843] [info] CMC::computeControls, t = 2.10380
[2023-08-15 22:34:31.873] [info] CMC::computeControls, t = 2.10480
[2023-08-15 22:34:31.913] [info] CMC::computeControls, t = 2.10580
[2023-08-15 22:34:31.946] [info] CMC::computeControls, t = 2.10680
[2023-08-15 22:34:31.969] [info] CMC::computeControls, t = 2.10780
[2023-08-15 22:34:31.997] [info] CMC::computeControls, t = 2.10880
[2023-08-15 22:34:32.025] [info] CMC::computeControls, t = 2.10980
[2023-08-15 22:34:32.048] [info] CMC::computeControls, t = 2.11080
[2023-08-15 22:34:32.071] [info] CMC::computeControls, t = 2.1118
[2023-08-15 22:34:32.093] [info] CMC::computeControls, t = 2.1128
[2023-08-15 22:34:32.134] [info] CMC::computeControls, t = 2.1138
[2023-08-15 22:34:32.152] [info] CMC::computeControls, t = 2.1148
[2023-08-15 22:34:32.167] [info] CMC::computeControls, t = 2.1158
[2023-08-15 22:34:32.207] [info] CMC::computeControls, t = 2.1168
[2023-08-15 22:34:32.234] [info] CMC::computeControls, t = 2.1178
[2023-08-15 22:34:32.259] [info] CMC::computeControls, t = 2.1188
[2023-08-15 22:34:32.275] [info] CMC::computeControls, t = 2.1198
[2023-08-15 22:34:32.293] [info] CMC::computeControls, t = 2.12080
[2023-08-15 22:34:32.309] [info] CMC::computeControls, t = 2.1218
[2023-08-15 22:34:32.346] [info] CMC::computeControls, t = 2.1228
[2023-08-15 22:34:32.365] [info] CMC::computeControls, t = 2.1238
[2023-08-15 22:34:32.392] [info] CMC::computeControls, t = 2.1248
[2023-08-15 22:34:32.412] [info] CMC::computeControls, t = 2.1258
[2023-08-15 22:34:32.435] [info] CMC::computeControls, t = 2.1268
[2023-08-15 22:34:32.450] [info] CMC::computeControls, t = 2.1278
[2023-08-15 22:34:32.476] [info] CMC::computeControls, t = 2.1288
[2023-08-15 22:34:32.505] [info] CMC::computeControls, t = 2.1298
[2023-08-15 22:34:32.535] [info] CMC::computeControls, t = 2.13080
[2023-08-15 22:34:32.570] [info] CMC::computeControls, t = 2.1318
[2023-08-15 22:34:32.602] [info] CMC::computeControls, t = 2.1328
[2023-08-15 22:34:32.618] [info] CMC::computeControls, t = 2.1338
[2023-08-15 22:34:32.634] [info] CMC::computeControls, t = 2.1348
[2023-08-15 22:34:32.657] [info] CMC::computeControls, t = 2.1358
[2023-08-15 22:34:32.694] [info] CMC::computeControls, t = 2.1368
[2023-08-15 22:34:32.719] [info] CMC::computeControls, t = 2.1378
[2023-08-15 22:34:32.739] [info] CMC::computeControls, t = 2.1388
[2023-08-15 22:34:32.760] [info] CMC::computeControls, t = 2.1398
[2023-08-15 22:34:32.782] [info] CMC::computeControls, t = 2.14080
[2023-08-15 22:34:32.812] [info] CMC::computeControls, t = 2.1418
[2023-08-15 22:34:32.839] [info] CMC::computeControls, t = 2.1428
[2023-08-15 22:34:32.856] [info] CMC::computeControls, t = 2.1438
[2023-08-15 22:34:32.877] [info] CMC::computeControls, t = 2.1448
[2023-08-15 22:34:32.905] [info] CMC::computeControls, t = 2.1458
[2023-08-15 22:34:32.938] [info] CMC::computeControls, t = 2.1468
[2023-08-15 22:34:32.954] [info] CMC::computeControls, t = 2.1478
[2023-08-15 22:34:32.971] [info] CMC::computeControls, t = 2.1488
[2023-08-15 22:34:32.991] [info] CMC::computeControls, t = 2.1498
[2023-08-15 22:34:33.030] [info] CMC::computeControls, t = 2.15080
[2023-08-15 22:34:33.050] [info] CMC::computeControls, t = 2.1518
[2023-08-15 22:34:33.072] [info] CMC::computeControls, t = 2.1528
[2023-08-15 22:34:33.120] [info] CMC::computeControls, t = 2.1538
[2023-08-15 22:34:33.150] [info] CMC::computeControls, t = 2.1548
[2023-08-15 22:34:33.195] [info] CMC::computeControls, t = 2.1558
[2023-08-15 22:34:33.224] [info] CMC::computeControls, t = 2.1568
[2023-08-15 22:34:33.250] [info] CMC::computeControls, t = 2.1578
[2023-08-15 22:34:33.266] [info] CMC::computeControls, t = 2.1588
[2023-08-15 22:34:33.284] [info] CMC::computeControls, t = 2.1598
[2023-08-15 22:34:33.308] [info] CMC::computeControls, t = 2.16080
[2023-08-15 22:34:33.332] [info] CMC::computeControls, t = 2.1618
[2023-08-15 22:34:33.352] [info] CMC::computeControls, t = 2.1628
[2023-08-15 22:34:33.368] [info] CMC::computeControls, t = 2.1638
[2023-08-15 22:34:33.396] [info] CMC::computeControls, t = 2.1648
[2023-08-15 22:34:33.421] [info] CMC::computeControls, t = 2.1658
[2023-08-15 22:34:33.450] [info] CMC::computeControls, t = 2.1668
[2023-08-15 22:34:33.481] [info] CMC::computeControls, t = 2.1678
[2023-08-15 22:34:33.511] [info] CMC::computeControls, t = 2.1688
[2023-08-15 22:34:33.537] [info] CMC::computeControls, t = 2.1698
[2023-08-15 22:34:33.553] [info] CMC::computeControls, t = 2.17080
[2023-08-15 22:34:33.576] [info] CMC::computeControls, t = 2.1718
[2023-08-15 22:34:33.595] [info] CMC::computeControls, t = 2.1728
[2023-08-15 22:34:33.611] [info] CMC::computeControls, t = 2.1738
[2023-08-15 22:34:33.632] [info] CMC::computeControls, t = 2.1748
[2023-08-15 22:34:33.653] [info] CMC::computeControls, t = 2.1758
[2023-08-15 22:34:33.681] [info] CMC::computeControls, t = 2.1768
[2023-08-15 22:34:33.703] [info] CMC::computeControls, t = 2.1778
[2023-08-15 22:34:33.718] [info] CMC::computeControls, t = 2.1788
[2023-08-15 22:34:33.737] [info] CMC::computeControls, t = 2.1798
[2023-08-15 22:34:33.753] [info] CMC::computeControls, t = 2.18080
[2023-08-15 22:34:33.772] [info] CMC::computeControls, t = 2.1818
[2023-08-15 22:34:33.794] [info] CMC::computeControls, t = 2.1828
[2023-08-15 22:34:33.823] [info] CMC::computeControls, t = 2.1838
[2023-08-15 22:34:33.839] [info] CMC::computeControls, t = 2.1848
[2023-08-15 22:34:33.871] [info] CMC::computeControls, t = 2.1858
[2023-08-15 22:34:33.891] [info] CMC::computeControls, t = 2.1868
[2023-08-15 22:34:33.927] [info] CMC::computeControls, t = 2.1878
[2023-08-15 22:34:33.955] [info] CMC::computeControls, t = 2.1888
[2023-08-15 22:34:33.975] [info] CMC::computeControls, t = 2.1898
[2023-08-15 22:34:34.001] [info] CMC::computeControls, t = 2.19080
[2023-08-15 22:34:34.016] [info] CMC::computeControls, t = 2.1918
[2023-08-15 22:34:34.045] [info] CMC::computeControls, t = 2.1928
[2023-08-15 22:34:34.069] [info] CMC::computeControls, t = 2.1938
[2023-08-15 22:34:34.085] [info] CMC::computeControls, t = 2.1948
[2023-08-15 22:34:34.104] [info] CMC::computeControls, t = 2.1958
[2023-08-15 22:34:34.127] [info] CMC::computeControls, t = 2.1968
[2023-08-15 22:34:34.154] [info] CMC::computeControls, t = 2.1978
[2023-08-15 22:34:34.192] [info] CMC::computeControls, t = 2.1988
[2023-08-15 22:34:34.230] [info] CMC::computeControls, t = 2.1998
[2023-08-15 22:34:34.251] [info] CMC::computeControls, t = 2.20080
[2023-08-15 22:34:34.276] [info] CMC::computeControls, t = 2.20180
[2023-08-15 22:34:34.314] [info] CMC::computeControls, t = 2.20280
[2023-08-15 22:34:34.331] [info] CMC::computeControls, t = 2.20380
[2023-08-15 22:34:34.370] [info] CMC::computeControls, t = 2.20480
[2023-08-15 22:34:34.390] [info] CMC::computeControls, t = 2.20580
[2023-08-15 22:34:34.415] [info] CMC::computeControls, t = 2.20680
[2023-08-15 22:34:34.431] [info] CMC::computeControls, t = 2.20780
[2023-08-15 22:34:34.457] [info] CMC::computeControls, t = 2.20880
[2023-08-15 22:34:34.484] [info] CMC::computeControls, t = 2.20980
[2023-08-15 22:34:34.525] [info] CMC::computeControls, t = 2.21080
[2023-08-15 22:34:34.554] [info] CMC::computeControls, t = 2.2118
[2023-08-15 22:34:34.575] [info] CMC::computeControls, t = 2.2128
[2023-08-15 22:34:34.590] [info] CMC::computeControls, t = 2.2138
[2023-08-15 22:34:34.610] [info] CMC::computeControls, t = 2.2148
[2023-08-15 22:34:34.634] [info] CMC::computeControls, t = 2.2158
[2023-08-15 22:34:34.666] [info] CMC::computeControls, t = 2.2168
[2023-08-15 22:34:34.693] [info] CMC::computeControls, t = 2.2178
[2023-08-15 22:34:34.709] [info] CMC::computeControls, t = 2.2188
[2023-08-15 22:34:34.735] [info] CMC::computeControls, t = 2.2198
[2023-08-15 22:34:34.765] [info] CMC::computeControls, t = 2.22080
[2023-08-15 22:34:34.792] [info] CMC::computeControls, t = 2.2218
[2023-08-15 22:34:34.821] [info] CMC::computeControls, t = 2.2228
[2023-08-15 22:34:34.857] [info] CMC::computeControls, t = 2.2238
[2023-08-15 22:34:34.880] [info] CMC::computeControls, t = 2.2248
[2023-08-15 22:34:34.899] [info] CMC::computeControls, t = 2.2258
[2023-08-15 22:34:34.923] [info] CMC::computeControls, t = 2.2268
[2023-08-15 22:34:34.967] [info] CMC::computeControls, t = 2.2278
[2023-08-15 22:34:35.005] [info] CMC::computeControls, t = 2.2288
[2023-08-15 22:34:35.031] [info] -------------------------------------------
[2023-08-15 22:34:35.031] [info] Finished tracking the specified kinematics:
[2023-08-15 22:34:35.031] [info] -------------------------------------------
[2023-08-15 22:34:35.031] [info]  -- Start time = Tue Aug 15 22:34:17 2023
[2023-08-15 22:34:35.031] [info]  -- Finish time = Tue Aug 15 22:34:35 2023
[2023-08-15 22:34:35.031] [info]  -- Elapsed time = 18.0 seconds.
[2023-08-15 22:34:35.031] [info] -------------------------------------------
[2023-08-15 22:34:35.032] [info] 
[2023-08-15 22:34:35.032] [info] Printing results of investigation subject17_run5_cycle3_iter2 to cycle3/
[2023-08-15 22:34:35.674] [info] 

************************************************************
*      Summary of Mass Adjustments to Reduce Residuals     *
************************************************************
* Body adjusted: torso
* Mass Center (COM) adjustment: dx =0.1, dz =-0.00528562
* New COM location: ~[-0.0286002,0.305069,-0.0117252]
************************************************************
* Recommended mass adjustments:                             
*  Total mass change: -1.36105
*  pelvis: orig mass = 11.0797, new mass = 10.8664
*  femur_r: orig mass = 8.75068, new mass = 8.58225
*  tibia_r: orig mass = 3.48799, new mass = 3.42086
*  talus_r: orig mass = 0.0940792, new mass = 0.0922684
*  calcn_r: orig mass = 1.17599, new mass = 1.15336
*  toes_r: orig mass = 0.203776, new mass = 0.199854
*  femur_l: orig mass = 8.75068, new mass = 8.58225
*  tibia_l: orig mass = 3.48799, new mass = 3.42086
*  talus_l: orig mass = 0.0940792, new mass = 0.0922684
*  calcn_l: orig mass = 1.17599, new mass = 1.15336
*  toes_l: orig mass = 0.203776, new mass = 0.199854
*  torso: orig mass = 25.2383, new mass = 24.7525
*  humerus_r: orig mass = 1.91216, new mass = 1.87536
*  ulna_r: orig mass = 0.571531, new mass = 0.560531
*  radius_r: orig mass = 0.571531, new mass = 0.560531
*  hand_r: orig mass = 0.430412, new mass = 0.422128
*  humerus_l: orig mass = 1.91216, new mass = 1.87536
*  ulna_l: orig mass = 0.571531, new mass = 0.560531
*  radius_l: orig mass = 0.571531, new mass = 0.560531
*  hand_l: orig mass = 0.430412, new mass = 0.422128
************************************************************
* Note: Edit the model to make recommended adjustments to  *
*       mass properties.                                   *
************************************************************

* Average residuals before adjusting torso COM:
*  FX=8.12229 FY=13.3473 FZ=1.18912
*  MX=1.30821 MY=-3.009 MZ=34.7622
************************************************************
* Average residuals after adjusting torso COM:
*  FX=8.28231 FY=12.571 FZ=0.623204
*  MX=1.76851 MY=-2.76268 MZ=9.87384
************************************************************


[2023-08-15 22:34:35.674] [info] 
************************************************************
*                   Final Average Residuals                *
************************************************************
* After torso COM and Kinematics adjustments:
*  FX=1.05847 FY=2.07067 FZ=0.77297
*  MX=-1.87356 MY=-0.707281 MZ=0.471409
************************************************************


