[2023-08-15 22:40:47.887] [info] Storage: read data file = ..\rra2\cycle2\subject19_run5_cycle2_iter2_Kinematics_q.sto (nr=705 nc=38)
[2023-08-15 22:40:47.911] [info] Storage: read data file = ..\rra2\cycle2\subject19_run5_cycle2_iter2_Kinematics_q.sto (nr=705 nc=38)
[2023-08-15 22:40:47.960] [info] AbstractTool subject19_run5_cycle2_iter3 loading model ..\rra2\cycle2\subject19_run5_cycle2_rraAdjusted_iter2.osim
[2023-08-15 22:40:48.017] [info] Loaded model subject19_scaled from file ..\rra2\cycle2\subject19_run5_cycle2_rraAdjusted_iter2.osim
[2023-08-15 22:40:48.070] [info] Adding force object set from ..\subject19_run5_RRA_Actuators.xml
[2023-08-15 22:40:48.078] [info] Running tool subject19_run5_cycle2_iter3.
[2023-08-15 22:40:48.109] [warning] ExternalLoads 'externalloads' has subcomponents with duplicate name 'externalforce'. The duplicate is being renamed to 'externalforce_0'.
[2023-08-15 22:40:48.139] [info] 	taskSet size = 29.
[2023-08-15 22:40:48.236] [info] ExternalForce::externalforce Data source being set to Run_500 01_newCOP3_v24.mot
[2023-08-15 22:40:48.236] [info] ExternalForce::externalforce_0 Data source being set to Run_500 01_newCOP3_v24.mot
[2023-08-15 22:40:48.242] [warning] A desired points file was not specified.
[2023-08-15 22:40:48.242] [info] Loading desired kinematics from file '..\rra2\cycle2\subject19_run5_cycle2_iter2_Kinematics_q.sto'...
[2023-08-15 22:40:48.242] [info] Storage: read data file = ..\rra2\cycle2\subject19_run5_cycle2_iter2_Kinematics_q.sto (nr=705 nc=38)
[2023-08-15 22:40:48.277] [info] Not filtering the desired kinematics.
[2023-08-15 22:40:48.278] [cout] [info] MODEL: subject19_scaled

numStates = 74
numCoordinates = 37
numSpeeds = 37
numActuators = 29
numBodies = 20
numConstraints = 0
numProbes = 0

ANALYSES (total: 0)

BODIES (total: 20)
body[0] = pelvis. mass: 10.2007
              moments of inertia:  ~[0.0853818,0.0853818,0.0419478]
              products of inertia: ~[0,0,0]
body[1] = femur_r. mass: 8.0564
              moments of inertia:  ~[0.134888,0.0353589,0.142242]
              products of inertia: ~[0,0,0]
body[2] = tibia_r. mass: 3.21125
              moments of inertia:  ~[0.0510904,0.00516987,0.0518]
              products of inertia: ~[0,0,0]
body[3] = talus_r. mass: 0.0866149
              moments of inertia:  ~[0.000972738,0.000972738,0.000972738]
              products of inertia: ~[0,0,0]
body[4] = calcn_r. mass: 1.08269
              moments of inertia:  ~[0.00136183,0.00379368,0.00398823]
              products of inertia: ~[0,0,0]
body[5] = toes_r. mass: 0.187608
              moments of inertia:  ~[9.72738e-05,0.000194548,0.000972738]
              products of inertia: ~[0,0,0]
body[6] = femur_l. mass: 8.0564
              moments of inertia:  ~[0.134888,0.0353589,0.142242]
              products of inertia: ~[0,0,0]
body[7] = tibia_l. mass: 3.21125
              moments of inertia:  ~[0.0507593,0.00450769,0.0507593]
              products of inertia: ~[0,0,0]
body[8] = talus_l. mass: 0.0866149
              moments of inertia:  ~[0.000972738,0.000972738,0.000972738]
              products of inertia: ~[0,0,0]
body[9] = calcn_l. mass: 1.08269
              moments of inertia:  ~[0.00136183,0.00379368,0.00398823]
              products of inertia: ~[0,0,0]
body[10] = toes_l. mass: 0.187608
              moments of inertia:  ~[9.72738e-05,0.000194548,0.000972738]
              products of inertia: ~[0,0,0]
body[11] = torso. mass: 23.2359
              moments of inertia:  ~[1.28954,0.660732,1.25185]
              products of inertia: ~[0,0,0]
body[12] = humerus_r. mass: 1.76045
              moments of inertia:  ~[0.00897901,0.00309748,0.0100786]
              products of inertia: ~[0,0,0]
body[13] = ulna_r. mass: 0.526186
              moments of inertia:  ~[0.00303153,0.000632506,0.00328842]
              products of inertia: ~[0,0,0]
body[14] = radius_r. mass: 0.526186
              moments of inertia:  ~[0.00303153,0.000632506,0.00328842]
              products of inertia: ~[0,0,0]
body[15] = hand_r. mass: 0.396264
              moments of inertia:  ~[0.000912938,0.00055984,0.00137145]
              products of inertia: ~[0,0,0]
body[16] = humerus_l. mass: 1.76045
              moments of inertia:  ~[0.00897901,0.00309748,0.0100786]
              products of inertia: ~[0,0,0]
body[17] = ulna_l. mass: 0.526186
              moments of inertia:  ~[0.00303153,0.000632506,0.00328842]
              products of inertia: ~[0,0,0]
body[18] = radius_l. mass: 0.526186
              moments of inertia:  ~[0.00303153,0.000632506,0.00328842]
              products of inertia: ~[0,0,0]
body[19] = hand_l. mass: 0.396264
              moments of inertia:  ~[0.000912938,0.00055984,0.00137145]
              products of inertia: ~[0,0,0]

JOINTS (total: 20)
joint[0] = ground_pelvis. parent: ground_offset, child: pelvis_offset
joint[1] = hip_r. parent: pelvis_offset, child: femur_r_offset
joint[2] = knee_r. parent: femur_r_offset, child: tibia_r_offset
joint[3] = ankle_r. parent: tibia_r_offset, child: talus_r_offset
joint[4] = subtalar_r. parent: talus_r_offset, child: calcn_r_offset
joint[5] = mtp_r. parent: calcn_r_offset, child: toes_r_offset
joint[6] = hip_l. parent: pelvis_offset, child: femur_l_offset
joint[7] = knee_l. parent: femur_l_offset, child: tibia_l_offset
joint[8] = ankle_l. parent: tibia_l_offset, child: talus_l_offset
joint[9] = subtalar_l. parent: talus_l_offset, child: calcn_l_offset
joint[10] = mtp_l. parent: calcn_l_offset, child: toes_l_offset
joint[11] = back. parent: pelvis_offset, child: torso_offset
joint[12] = acromial_r. parent: torso_offset, child: humerus_r_offset
joint[13] = elbow_r. parent: humerus_r_offset, child: ulna_r_offset
joint[14] = radioulnar_r. parent: ulna_r_offset, child: radius_r_offset
joint[15] = radius_hand_r. parent: radius_r_offset, child: hand_r_offset
joint[16] = acromial_l. parent: torso_offset, child: humerus_l_offset
joint[17] = elbow_l. parent: humerus_l_offset, child: ulna_l_offset
joint[18] = radioulnar_l. parent: ulna_l_offset, child: radius_l_offset
joint[19] = radius_hand_l. parent: radius_l_offset, child: hand_l_offset

ACTUATORS (total: 29)
actuator[0] = FX
actuator[1] = FY
actuator[2] = FZ
actuator[3] = MZ
actuator[4] = MX
actuator[5] = MY
actuator[6] = hip_flexion_r
actuator[7] = hip_adduction_r
actuator[8] = hip_rotation_r
actuator[9] = knee_angle_r
actuator[10] = ankle_angle_r
actuator[11] = hip_flexion_l
actuator[12] = hip_adduction_l
actuator[13] = hip_rotation_l
actuator[14] = knee_angle_l
actuator[15] = ankle_angle_l
actuator[16] = lumbar_extension
actuator[17] = lumbar_bending
actuator[18] = lumbar_rotation
actuator[19] = arm_flex_r
actuator[20] = arm_add_r
actuator[21] = arm_rot_r
actuator[22] = elbow_flex_r
actuator[23] = pro_sup_r
actuator[24] = arm_flex_l
actuator[25] = arm_add_l
actuator[26] = arm_rot_l
actuator[27] = elbow_flex_l
actuator[28] = pro_sup_l

STATES (total: 74)
y[0] = /jointset/ground_pelvis/pelvis_tilt/value
y[1] = /jointset/ground_pelvis/pelvis_tilt/speed
y[2] = /jointset/ground_pelvis/pelvis_list/value
y[3] = /jointset/ground_pelvis/pelvis_list/speed
y[4] = /jointset/ground_pelvis/pelvis_rotation/value
y[5] = /jointset/ground_pelvis/pelvis_rotation/speed
y[6] = /jointset/ground_pelvis/pelvis_tx/value
y[7] = /jointset/ground_pelvis/pelvis_tx/speed
y[8] = /jointset/ground_pelvis/pelvis_ty/value
y[9] = /jointset/ground_pelvis/pelvis_ty/speed
y[10] = /jointset/ground_pelvis/pelvis_tz/value
y[11] = /jointset/ground_pelvis/pelvis_tz/speed
y[12] = /jointset/hip_r/hip_flexion_r/value
y[13] = /jointset/hip_r/hip_flexion_r/speed
y[14] = /jointset/hip_r/hip_adduction_r/value
y[15] = /jointset/hip_r/hip_adduction_r/speed
y[16] = /jointset/hip_r/hip_rotation_r/value
y[17] = /jointset/hip_r/hip_rotation_r/speed
y[18] = /jointset/knee_r/knee_angle_r/value
y[19] = /jointset/knee_r/knee_angle_r/speed
y[20] = /jointset/ankle_r/ankle_angle_r/value
y[21] = /jointset/ankle_r/ankle_angle_r/speed
y[22] = /jointset/subtalar_r/subtalar_angle_r/value
y[23] = /jointset/subtalar_r/subtalar_angle_r/speed
y[24] = /jointset/mtp_r/mtp_angle_r/value
y[25] = /jointset/mtp_r/mtp_angle_r/speed
y[26] = /jointset/hip_l/hip_flexion_l/value
y[27] = /jointset/hip_l/hip_flexion_l/speed
y[28] = /jointset/hip_l/hip_adduction_l/value
y[29] = /jointset/hip_l/hip_adduction_l/speed
y[30] = /jointset/hip_l/hip_rotation_l/value
y[31] = /jointset/hip_l/hip_rotation_l/speed
y[32] = /jointset/knee_l/knee_angle_l/value
y[33] = /jointset/knee_l/knee_angle_l/speed
y[34] = /jointset/ankle_l/ankle_angle_l/value
y[35] = /jointset/ankle_l/ankle_angle_l/speed
y[36] = /jointset/subtalar_l/subtalar_angle_l/value
y[37] = /jointset/subtalar_l/subtalar_angle_l/speed
y[38] = /jointset/mtp_l/mtp_angle_l/value
y[39] = /jointset/mtp_l/mtp_angle_l/speed
y[40] = /jointset/back/lumbar_extension/value
y[41] = /jointset/back/lumbar_extension/speed
y[42] = /jointset/back/lumbar_bending/value
y[43] = /jointset/back/lumbar_bending/speed
y[44] = /jointset/back/lumbar_rotation/value
y[45] = /jointset/back/lumbar_rotation/speed
y[46] = /jointset/acromial_r/arm_flex_r/value
y[47] = /jointset/acromial_r/arm_flex_r/speed
y[48] = /jointset/acromial_r/arm_add_r/value
y[49] = /jointset/acromial_r/arm_add_r/speed
y[50] = /jointset/acromial_r/arm_rot_r/value
y[51] = /jointset/acromial_r/arm_rot_r/speed
y[52] = /jointset/elbow_r/elbow_flex_r/value
y[53] = /jointset/elbow_r/elbow_flex_r/speed
y[54] = /jointset/radioulnar_r/pro_sup_r/value
y[55] = /jointset/radioulnar_r/pro_sup_r/speed
y[56] = /jointset/radius_hand_r/wrist_flex_r/value
y[57] = /jointset/radius_hand_r/wrist_flex_r/speed
y[58] = /jointset/radius_hand_r/wrist_dev_r/value
y[59] = /jointset/radius_hand_r/wrist_dev_r/speed
y[60] = /jointset/acromial_l/arm_flex_l/value
y[61] = /jointset/acromial_l/arm_flex_l/speed
y[62] = /jointset/acromial_l/arm_add_l/value
y[63] = /jointset/acromial_l/arm_add_l/speed
y[64] = /jointset/acromial_l/arm_rot_l/value
y[65] = /jointset/acromial_l/arm_rot_l/speed
y[66] = /jointset/elbow_l/elbow_flex_l/value
y[67] = /jointset/elbow_l/elbow_flex_l/speed
y[68] = /jointset/radioulnar_l/pro_sup_l/value
y[69] = /jointset/radioulnar_l/pro_sup_l/speed
y[70] = /jointset/radius_hand_l/wrist_flex_l/value
y[71] = /jointset/radius_hand_l/wrist_flex_l/speed
y[72] = /jointset/radius_hand_l/wrist_dev_l/value
y[73] = /jointset/radius_hand_l/wrist_dev_l/speed

[2023-08-15 22:40:48.705] [warning] Coordinate.setValue:  coordinate subtalar_angle_r is locked. Unable to change its value.
[2023-08-15 22:40:48.706] [warning] Coordinate.setValue:  coordinate mtp_angle_r is locked. Unable to change its value.
[2023-08-15 22:40:48.706] [warning] Coordinate.setValue:  coordinate subtalar_angle_l is locked. Unable to change its value.
[2023-08-15 22:40:48.706] [warning] Coordinate.setValue:  coordinate mtp_angle_l is locked. Unable to change its value.
[2023-08-15 22:40:48.706] [warning] Coordinate.setValue:  coordinate wrist_flex_r is locked. Unable to change its value.
[2023-08-15 22:40:48.706] [warning] Coordinate.setValue:  coordinate wrist_dev_r is locked. Unable to change its value.
[2023-08-15 22:40:48.706] [warning] Coordinate.setValue:  coordinate wrist_flex_l is locked. Unable to change its value.
[2023-08-15 22:40:48.706] [warning] Coordinate.setValue:  coordinate wrist_dev_l is locked. Unable to change its value.
[2023-08-15 22:40:48.774] [info] Requested COM adjustment time range 0.84375 to 1.4813, clamped to nearest available data times: 0.84375 to 1.4813.
[2023-08-15 22:40:48.774] [info] Computing average residuals between 0.84375 and 1.4813...
[2023-08-15 22:40:48.858] [info] ExternalForce::externalforce Data source being set to Run_500 01_newCOP3_v24.mot
[2023-08-15 22:40:48.858] [info] ExternalForce::externalforce_0 Data source being set to Run_500 01_newCOP3_v24.mot
[2023-08-15 22:40:48.918] [info] ExternalForce::externalforce Data source being set to Run_500 01_newCOP3_v24.mot
[2023-08-15 22:40:48.919] [info] ExternalForce::externalforce_0 Data source being set to Run_500 01_newCOP3_v24.mot
[2023-08-15 22:40:53.013] [info] ExternalForce::externalforce Data source being set to Run_500 01_newCOP3_v24.mot
[2023-08-15 22:40:53.013] [info] ExternalForce::externalforce_0 Data source being set to Run_500 01_newCOP3_v24.mot
[2023-08-15 22:40:53.021] [info] Computing average residuals between 0.84375 and 1.4813...
[2023-08-15 22:40:53.112] [info] ExternalForce::externalforce Data source being set to Run_500 01_newCOP3_v24.mot
[2023-08-15 22:40:53.112] [info] ExternalForce::externalforce_0 Data source being set to Run_500 01_newCOP3_v24.mot
[2023-08-15 22:40:53.186] [info] ExternalForce::externalforce Data source being set to Run_500 01_newCOP3_v24.mot
[2023-08-15 22:40:53.186] [info] ExternalForce::externalforce_0 Data source being set to Run_500 01_newCOP3_v24.mot
[2023-08-15 22:40:57.299] [info] Constructing function set for tracking desired kinematics...
[2023-08-15 22:40:58.160] [warning] No Actuation analysis found in analysis set, adding one...
[2023-08-15 22:40:58.161] [warning] No Kinematics analysis found in analysis set, adding one...
[2023-08-15 22:40:58.164] [info] Using the generalized coordinates specified in '..\rra2\cycle2\subject19_run5_cycle2_iter2_Kinematics_q.sto' to set the initial configuration.
[2023-08-15 22:40:58.368] [info] Using IPOPT optimizer algorithm.
[2023-08-15 22:40:58.368] [info] Setting optimizer print level to 0.
[2023-08-15 22:40:58.368] [info] Setting optimizer convergence tolerance to 1.0e-05.
[2023-08-15 22:40:58.368] [info] Setting optimizer maximum iterations to 2000.
[2023-08-15 22:40:58.368] [info] Setting cmc controller to not use verbose printing.

[2023-08-15 22:40:58.370] [info] CMC::computeControls, t = 0.84375
[2023-08-15 22:40:59.354] [info] --------------------------------------------
[2023-08-15 22:40:59.354] [info] Using CMC to track the specified kinematics:
[2023-08-15 22:40:59.354] [info] --------------------------------------------
[2023-08-15 22:40:59.354] [info]  -- Integrating from 0.84375 to 1.4813
[2023-08-15 22:40:59.354] [info]  -- Start time = Tue Aug 15 22:40:59 2023
[2023-08-15 22:40:59.354] [info] --------------------------------------------
[2023-08-15 22:40:59.354] [info] 
[2023-08-15 22:40:59.372] [info] CMC::computeControls, t = 0.84375
[2023-08-15 22:40:59.424] [info] CMC::computeControls, t = 0.84475
[2023-08-15 22:40:59.425] [warning] Coordinate.setValue:  coordinate subtalar_angle_r is locked. Unable to change its value.
[2023-08-15 22:40:59.425] [warning] Coordinate.setValue:  coordinate mtp_angle_r is locked. Unable to change its value.
[2023-08-15 22:40:59.425] [warning] Coordinate.setValue:  coordinate subtalar_angle_l is locked. Unable to change its value.
[2023-08-15 22:40:59.425] [warning] Coordinate.setValue:  coordinate mtp_angle_l is locked. Unable to change its value.
[2023-08-15 22:40:59.425] [warning] Coordinate.setValue:  coordinate wrist_flex_r is locked. Unable to change its value.
[2023-08-15 22:40:59.425] [warning] Coordinate.setValue:  coordinate wrist_dev_r is locked. Unable to change its value.
[2023-08-15 22:40:59.425] [warning] Coordinate.setValue:  coordinate wrist_flex_l is locked. Unable to change its value.
[2023-08-15 22:40:59.425] [warning] Coordinate.setValue:  coordinate wrist_dev_l is locked. Unable to change its value.
[2023-08-15 22:40:59.462] [info] CMC::computeControls, t = 0.84575
[2023-08-15 22:40:59.488] [info] CMC::computeControls, t = 0.84675
[2023-08-15 22:40:59.514] [info] CMC::computeControls, t = 0.84775
[2023-08-15 22:40:59.545] [info] CMC::computeControls, t = 0.84875
[2023-08-15 22:40:59.582] [info] CMC::computeControls, t = 0.84975
[2023-08-15 22:40:59.619] [info] CMC::computeControls, t = 0.850750
[2023-08-15 22:40:59.634] [info] CMC::computeControls, t = 0.85175
[2023-08-15 22:40:59.660] [info] CMC::computeControls, t = 0.85275
[2023-08-15 22:40:59.681] [info] CMC::computeControls, t = 0.85375
[2023-08-15 22:40:59.706] [info] CMC::computeControls, t = 0.85475
[2023-08-15 22:40:59.738] [info] CMC::computeControls, t = 0.85575
[2023-08-15 22:40:59.776] [info] CMC::computeControls, t = 0.85675
[2023-08-15 22:40:59.807] [info] CMC::computeControls, t = 0.85775
[2023-08-15 22:40:59.839] [info] CMC::computeControls, t = 0.85875
[2023-08-15 22:40:59.866] [info] CMC::computeControls, t = 0.85975
[2023-08-15 22:40:59.891] [info] CMC::computeControls, t = 0.860750
[2023-08-15 22:40:59.920] [info] CMC::computeControls, t = 0.86175
[2023-08-15 22:40:59.940] [info] CMC::computeControls, t = 0.86275
[2023-08-15 22:40:59.963] [info] CMC::computeControls, t = 0.86375
[2023-08-15 22:40:59.984] [info] CMC::computeControls, t = 0.86475
[2023-08-15 22:41:00.010] [info] CMC::computeControls, t = 0.86575
[2023-08-15 22:41:00.043] [info] CMC::computeControls, t = 0.86675
[2023-08-15 22:41:00.066] [info] CMC::computeControls, t = 0.86775
[2023-08-15 22:41:00.098] [info] CMC::computeControls, t = 0.86875
[2023-08-15 22:41:00.127] [info] CMC::computeControls, t = 0.86975
[2023-08-15 22:41:00.150] [info] CMC::computeControls, t = 0.870750
[2023-08-15 22:41:00.171] [info] CMC::computeControls, t = 0.87175
[2023-08-15 22:41:00.203] [info] CMC::computeControls, t = 0.87275
[2023-08-15 22:41:00.245] [info] CMC::computeControls, t = 0.87375
[2023-08-15 22:41:00.275] [info] CMC::computeControls, t = 0.87475
[2023-08-15 22:41:00.292] [info] CMC::computeControls, t = 0.87575
[2023-08-15 22:41:00.307] [info] CMC::computeControls, t = 0.87675
[2023-08-15 22:41:00.342] [info] CMC::computeControls, t = 0.87775
[2023-08-15 22:41:00.364] [info] CMC::computeControls, t = 0.87875
[2023-08-15 22:41:00.379] [info] CMC::computeControls, t = 0.87975
[2023-08-15 22:41:00.405] [info] CMC::computeControls, t = 0.880750
[2023-08-15 22:41:00.430] [info] CMC::computeControls, t = 0.88175
[2023-08-15 22:41:00.458] [info] CMC::computeControls, t = 0.88275
[2023-08-15 22:41:00.497] [info] CMC::computeControls, t = 0.88375
[2023-08-15 22:41:00.523] [info] CMC::computeControls, t = 0.88475
[2023-08-15 22:41:00.548] [info] CMC::computeControls, t = 0.88575
[2023-08-15 22:41:00.580] [info] CMC::computeControls, t = 0.88675
[2023-08-15 22:41:00.609] [info] CMC::computeControls, t = 0.88775
[2023-08-15 22:41:00.624] [info] CMC::computeControls, t = 0.88875
[2023-08-15 22:41:00.643] [info] CMC::computeControls, t = 0.88975
[2023-08-15 22:41:00.662] [info] CMC::computeControls, t = 0.890750
[2023-08-15 22:41:00.688] [info] CMC::computeControls, t = 0.89175
[2023-08-15 22:41:00.765] [info] CMC::computeControls, t = 0.89275
[2023-08-15 22:41:00.781] [info] CMC::computeControls, t = 0.89375
[2023-08-15 22:41:00.808] [info] CMC::computeControls, t = 0.89475
[2023-08-15 22:41:00.823] [info] CMC::computeControls, t = 0.89575
[2023-08-15 22:41:00.838] [info] CMC::computeControls, t = 0.89675
[2023-08-15 22:41:00.854] [info] CMC::computeControls, t = 0.89775
[2023-08-15 22:41:00.878] [info] CMC::computeControls, t = 0.89875
[2023-08-15 22:41:00.897] [info] CMC::computeControls, t = 0.89975
[2023-08-15 22:41:00.916] [info] CMC::computeControls, t = 0.900750
[2023-08-15 22:41:00.938] [info] CMC::computeControls, t = 0.901750
[2023-08-15 22:41:00.959] [info] CMC::computeControls, t = 0.902750
[2023-08-15 22:41:00.981] [info] CMC::computeControls, t = 0.903750
[2023-08-15 22:41:00.997] [info] CMC::computeControls, t = 0.904750
[2023-08-15 22:41:01.019] [info] CMC::computeControls, t = 0.905750
[2023-08-15 22:41:01.045] [info] CMC::computeControls, t = 0.906750
[2023-08-15 22:41:01.068] [info] CMC::computeControls, t = 0.907750
[2023-08-15 22:41:01.087] [info] CMC::computeControls, t = 0.908750
[2023-08-15 22:41:01.110] [info] CMC::computeControls, t = 0.909750
[2023-08-15 22:41:01.138] [info] CMC::computeControls, t = 0.910750
[2023-08-15 22:41:01.156] [info] CMC::computeControls, t = 0.91175
[2023-08-15 22:41:01.193] [info] CMC::computeControls, t = 0.91275
[2023-08-15 22:41:01.228] [info] CMC::computeControls, t = 0.91375
[2023-08-15 22:41:01.254] [info] CMC::computeControls, t = 0.91475
[2023-08-15 22:41:01.276] [info] CMC::computeControls, t = 0.91575
[2023-08-15 22:41:01.305] [info] CMC::computeControls, t = 0.91675
[2023-08-15 22:41:01.321] [info] CMC::computeControls, t = 0.91775
[2023-08-15 22:41:01.336] [info] CMC::computeControls, t = 0.91875
[2023-08-15 22:41:01.351] [info] CMC::computeControls, t = 0.91975
[2023-08-15 22:41:01.373] [info] CMC::computeControls, t = 0.920750
[2023-08-15 22:41:01.389] [info] CMC::computeControls, t = 0.92175
[2023-08-15 22:41:01.418] [info] CMC::computeControls, t = 0.92275
[2023-08-15 22:41:01.434] [info] CMC::computeControls, t = 0.92375
[2023-08-15 22:41:01.452] [info] CMC::computeControls, t = 0.92475
[2023-08-15 22:41:01.467] [info] CMC::computeControls, t = 0.92575
[2023-08-15 22:41:01.492] [info] CMC::computeControls, t = 0.92675
[2023-08-15 22:41:01.509] [info] CMC::computeControls, t = 0.92775
[2023-08-15 22:41:01.538] [info] CMC::computeControls, t = 0.92875
[2023-08-15 22:41:01.554] [info] CMC::computeControls, t = 0.92975
[2023-08-15 22:41:01.581] [info] CMC::computeControls, t = 0.930750
[2023-08-15 22:41:01.609] [info] CMC::computeControls, t = 0.93175
[2023-08-15 22:41:01.624] [info] CMC::computeControls, t = 0.93275
[2023-08-15 22:41:01.656] [info] CMC::computeControls, t = 0.93375
[2023-08-15 22:41:01.688] [info] CMC::computeControls, t = 0.93475
[2023-08-15 22:41:01.708] [info] CMC::computeControls, t = 0.93575
[2023-08-15 22:41:01.735] [info] CMC::computeControls, t = 0.93675
[2023-08-15 22:41:01.754] [info] CMC::computeControls, t = 0.93775
[2023-08-15 22:41:01.789] [info] CMC::computeControls, t = 0.93875
[2023-08-15 22:41:01.813] [info] CMC::computeControls, t = 0.93975
[2023-08-15 22:41:01.840] [info] CMC::computeControls, t = 0.940750
[2023-08-15 22:41:01.856] [info] CMC::computeControls, t = 0.94175
[2023-08-15 22:41:01.884] [info] CMC::computeControls, t = 0.94275
[2023-08-15 22:41:01.903] [info] CMC::computeControls, t = 0.94375
[2023-08-15 22:41:01.930] [info] CMC::computeControls, t = 0.94475
[2023-08-15 22:41:01.947] [info] CMC::computeControls, t = 0.94575
[2023-08-15 22:41:01.962] [info] CMC::computeControls, t = 0.94675
[2023-08-15 22:41:01.989] [info] CMC::computeControls, t = 0.94775
[2023-08-15 22:41:02.018] [info] CMC::computeControls, t = 0.94875
[2023-08-15 22:41:02.044] [info] CMC::computeControls, t = 0.94975
[2023-08-15 22:41:02.079] [info] CMC::computeControls, t = 0.950750
[2023-08-15 22:41:02.114] [info] CMC::computeControls, t = 0.95175
[2023-08-15 22:41:02.133] [info] CMC::computeControls, t = 0.95275
[2023-08-15 22:41:02.155] [info] CMC::computeControls, t = 0.95375
[2023-08-15 22:41:02.173] [info] CMC::computeControls, t = 0.95475
[2023-08-15 22:41:02.191] [info] CMC::computeControls, t = 0.95575
[2023-08-15 22:41:02.216] [info] CMC::computeControls, t = 0.95675
[2023-08-15 22:41:02.243] [info] CMC::computeControls, t = 0.95775
[2023-08-15 22:41:02.265] [info] CMC::computeControls, t = 0.95875
[2023-08-15 22:41:02.287] [info] CMC::computeControls, t = 0.95975
[2023-08-15 22:41:02.313] [info] CMC::computeControls, t = 0.960750
[2023-08-15 22:41:02.338] [info] CMC::computeControls, t = 0.96175
[2023-08-15 22:41:02.358] [info] CMC::computeControls, t = 0.96275
[2023-08-15 22:41:02.377] [info] CMC::computeControls, t = 0.96375
[2023-08-15 22:41:02.393] [info] CMC::computeControls, t = 0.96475
[2023-08-15 22:41:02.415] [info] CMC::computeControls, t = 0.96575
[2023-08-15 22:41:02.440] [info] CMC::computeControls, t = 0.96675
[2023-08-15 22:41:02.464] [info] CMC::computeControls, t = 0.96775
[2023-08-15 22:41:02.484] [info] CMC::computeControls, t = 0.96875
[2023-08-15 22:41:02.511] [info] CMC::computeControls, t = 0.96975
[2023-08-15 22:41:02.543] [info] CMC::computeControls, t = 0.970750
[2023-08-15 22:41:02.583] [info] CMC::computeControls, t = 0.97175
[2023-08-15 22:41:02.602] [info] CMC::computeControls, t = 0.97275
[2023-08-15 22:41:02.618] [info] CMC::computeControls, t = 0.97375
[2023-08-15 22:41:02.652] [info] CMC::computeControls, t = 0.97475
[2023-08-15 22:41:02.684] [info] CMC::computeControls, t = 0.97575
[2023-08-15 22:41:02.703] [info] CMC::computeControls, t = 0.97675
[2023-08-15 22:41:02.736] [info] CMC::computeControls, t = 0.97775
[2023-08-15 22:41:02.776] [info] CMC::computeControls, t = 0.97875
[2023-08-15 22:41:02.812] [info] CMC::computeControls, t = 0.97975
[2023-08-15 22:41:02.828] [info] CMC::computeControls, t = 0.980750
[2023-08-15 22:41:02.854] [info] CMC::computeControls, t = 0.98175
[2023-08-15 22:41:02.874] [info] CMC::computeControls, t = 0.98275
[2023-08-15 22:41:02.893] [info] CMC::computeControls, t = 0.98375
[2023-08-15 22:41:02.920] [info] CMC::computeControls, t = 0.98475
[2023-08-15 22:41:02.951] [info] CMC::computeControls, t = 0.98575
[2023-08-15 22:41:02.981] [info] CMC::computeControls, t = 0.98675
[2023-08-15 22:41:03.020] [info] CMC::computeControls, t = 0.98775
[2023-08-15 22:41:03.058] [info] CMC::computeControls, t = 0.98875
[2023-08-15 22:41:03.076] [info] CMC::computeControls, t = 0.98975
[2023-08-15 22:41:03.104] [info] CMC::computeControls, t = 0.990750
[2023-08-15 22:41:03.133] [info] CMC::computeControls, t = 0.99175
[2023-08-15 22:41:03.158] [info] CMC::computeControls, t = 0.99275
[2023-08-15 22:41:03.186] [info] CMC::computeControls, t = 0.99375
[2023-08-15 22:41:03.210] [info] CMC::computeControls, t = 0.99475
[2023-08-15 22:41:03.235] [info] CMC::computeControls, t = 0.99575
[2023-08-15 22:41:03.267] [info] CMC::computeControls, t = 0.99675
[2023-08-15 22:41:03.298] [info] CMC::computeControls, t = 0.99775
[2023-08-15 22:41:03.336] [info] CMC::computeControls, t = 0.99875
[2023-08-15 22:41:03.358] [info] CMC::computeControls, t = 0.99975
[2023-08-15 22:41:03.394] [info] CMC::computeControls, t = 1.00075
[2023-08-15 22:41:03.421] [info] CMC::computeControls, t = 1.00175
[2023-08-15 22:41:03.452] [info] CMC::computeControls, t = 1.00275
[2023-08-15 22:41:03.487] [info] CMC::computeControls, t = 1.00375
[2023-08-15 22:41:03.507] [info] CMC::computeControls, t = 1.00475
[2023-08-15 22:41:03.531] [info] CMC::computeControls, t = 1.00575
[2023-08-15 22:41:03.568] [info] CMC::computeControls, t = 1.00675
[2023-08-15 22:41:03.595] [info] CMC::computeControls, t = 1.00775
[2023-08-15 22:41:03.619] [info] CMC::computeControls, t = 1.00875
[2023-08-15 22:41:03.646] [info] CMC::computeControls, t = 1.00975
[2023-08-15 22:41:03.663] [info] CMC::computeControls, t = 1.01075
[2023-08-15 22:41:03.694] [info] CMC::computeControls, t = 1.01175
[2023-08-15 22:41:03.731] [info] CMC::computeControls, t = 1.01275
[2023-08-15 22:41:03.752] [info] CMC::computeControls, t = 1.01375
[2023-08-15 22:41:03.785] [info] CMC::computeControls, t = 1.01475
[2023-08-15 22:41:03.812] [info] CMC::computeControls, t = 1.01575
[2023-08-15 22:41:03.835] [info] CMC::computeControls, t = 1.01675
[2023-08-15 22:41:03.855] [info] CMC::computeControls, t = 1.01775
[2023-08-15 22:41:03.880] [info] CMC::computeControls, t = 1.01875
[2023-08-15 22:41:03.900] [info] CMC::computeControls, t = 1.01975
[2023-08-15 22:41:03.939] [info] CMC::computeControls, t = 1.02075
[2023-08-15 22:41:03.973] [info] CMC::computeControls, t = 1.02175
[2023-08-15 22:41:04.005] [info] CMC::computeControls, t = 1.02275
[2023-08-15 22:41:04.021] [info] CMC::computeControls, t = 1.02375
[2023-08-15 22:41:04.044] [info] CMC::computeControls, t = 1.02475
[2023-08-15 22:41:04.072] [info] CMC::computeControls, t = 1.02575
[2023-08-15 22:41:04.104] [info] CMC::computeControls, t = 1.02675
[2023-08-15 22:41:04.130] [info] CMC::computeControls, t = 1.02775
[2023-08-15 22:41:04.158] [info] CMC::computeControls, t = 1.02875
[2023-08-15 22:41:04.175] [info] CMC::computeControls, t = 1.02975
[2023-08-15 22:41:04.190] [info] CMC::computeControls, t = 1.03075
[2023-08-15 22:41:04.210] [info] CMC::computeControls, t = 1.03175
[2023-08-15 22:41:04.231] [info] CMC::computeControls, t = 1.03275
[2023-08-15 22:41:04.256] [info] CMC::computeControls, t = 1.03375
[2023-08-15 22:41:04.282] [info] CMC::computeControls, t = 1.03475
[2023-08-15 22:41:04.298] [info] CMC::computeControls, t = 1.03575
[2023-08-15 22:41:04.319] [info] CMC::computeControls, t = 1.03675
[2023-08-15 22:41:04.337] [info] CMC::computeControls, t = 1.03775
[2023-08-15 22:41:04.353] [info] CMC::computeControls, t = 1.03875
[2023-08-15 22:41:04.375] [info] CMC::computeControls, t = 1.03975
[2023-08-15 22:41:04.400] [info] CMC::computeControls, t = 1.04075
[2023-08-15 22:41:04.430] [info] CMC::computeControls, t = 1.04175
[2023-08-15 22:41:04.465] [info] CMC::computeControls, t = 1.04275
[2023-08-15 22:41:04.503] [info] CMC::computeControls, t = 1.04375
[2023-08-15 22:41:04.538] [info] CMC::computeControls, t = 1.04475
[2023-08-15 22:41:04.564] [info] CMC::computeControls, t = 1.04575
[2023-08-15 22:41:04.584] [info] CMC::computeControls, t = 1.04675
[2023-08-15 22:41:04.609] [info] CMC::computeControls, t = 1.04775
[2023-08-15 22:41:04.643] [info] CMC::computeControls, t = 1.04875
[2023-08-15 22:41:04.663] [info] CMC::computeControls, t = 1.04975
[2023-08-15 22:41:04.690] [info] CMC::computeControls, t = 1.05075
[2023-08-15 22:41:04.716] [info] CMC::computeControls, t = 1.05175
[2023-08-15 22:41:04.752] [info] CMC::computeControls, t = 1.05275
[2023-08-15 22:41:04.769] [info] CMC::computeControls, t = 1.05375
[2023-08-15 22:41:04.792] [info] CMC::computeControls, t = 1.05475
[2023-08-15 22:41:04.820] [info] CMC::computeControls, t = 1.05575
[2023-08-15 22:41:04.842] [info] CMC::computeControls, t = 1.05675
[2023-08-15 22:41:04.865] [info] CMC::computeControls, t = 1.05775
[2023-08-15 22:41:04.885] [info] CMC::computeControls, t = 1.05875
[2023-08-15 22:41:04.901] [info] CMC::computeControls, t = 1.05975
[2023-08-15 22:41:04.935] [info] CMC::computeControls, t = 1.06075
[2023-08-15 22:41:04.973] [info] CMC::computeControls, t = 1.06175
[2023-08-15 22:41:05.002] [info] CMC::computeControls, t = 1.06275
[2023-08-15 22:41:05.027] [info] CMC::computeControls, t = 1.06375
[2023-08-15 22:41:05.066] [info] CMC::computeControls, t = 1.06475
[2023-08-15 22:41:05.100] [info] CMC::computeControls, t = 1.06575
[2023-08-15 22:41:05.117] [info] CMC::computeControls, t = 1.06675
[2023-08-15 22:41:05.134] [info] CMC::computeControls, t = 1.06775
[2023-08-15 22:41:05.157] [info] CMC::computeControls, t = 1.06875
[2023-08-15 22:41:05.195] [info] CMC::computeControls, t = 1.06975
[2023-08-15 22:41:05.221] [info] CMC::computeControls, t = 1.07075
[2023-08-15 22:41:05.246] [info] CMC::computeControls, t = 1.07175
[2023-08-15 22:41:05.281] [info] CMC::computeControls, t = 1.07275
[2023-08-15 22:41:05.304] [info] CMC::computeControls, t = 1.07375
[2023-08-15 22:41:05.323] [info] CMC::computeControls, t = 1.07475
[2023-08-15 22:41:05.338] [info] CMC::computeControls, t = 1.07575
[2023-08-15 22:41:05.354] [info] CMC::computeControls, t = 1.07675
[2023-08-15 22:41:05.380] [info] CMC::computeControls, t = 1.07775
[2023-08-15 22:41:05.395] [info] CMC::computeControls, t = 1.07875
[2023-08-15 22:41:05.410] [info] CMC::computeControls, t = 1.07975
[2023-08-15 22:41:05.438] [info] CMC::computeControls, t = 1.08075
[2023-08-15 22:41:05.460] [info] CMC::computeControls, t = 1.08175
[2023-08-15 22:41:05.483] [info] CMC::computeControls, t = 1.08275
[2023-08-15 22:41:05.507] [info] CMC::computeControls, t = 1.08375
[2023-08-15 22:41:05.529] [info] CMC::computeControls, t = 1.08475
[2023-08-15 22:41:05.546] [info] CMC::computeControls, t = 1.08575
[2023-08-15 22:41:05.569] [info] CMC::computeControls, t = 1.08675
[2023-08-15 22:41:05.590] [info] CMC::computeControls, t = 1.08775
[2023-08-15 22:41:05.606] [info] CMC::computeControls, t = 1.08875
[2023-08-15 22:41:05.624] [info] CMC::computeControls, t = 1.08975
[2023-08-15 22:41:05.641] [info] CMC::computeControls, t = 1.09075
[2023-08-15 22:41:05.656] [info] CMC::computeControls, t = 1.09175
[2023-08-15 22:41:05.680] [info] CMC::computeControls, t = 1.09275
[2023-08-15 22:41:05.695] [info] CMC::computeControls, t = 1.09375
[2023-08-15 22:41:05.713] [info] CMC::computeControls, t = 1.09475
[2023-08-15 22:41:05.728] [info] CMC::computeControls, t = 1.09575
[2023-08-15 22:41:05.746] [info] CMC::computeControls, t = 1.09675
[2023-08-15 22:41:05.763] [info] CMC::computeControls, t = 1.09775
[2023-08-15 22:41:05.785] [info] CMC::computeControls, t = 1.09875
[2023-08-15 22:41:05.813] [info] CMC::computeControls, t = 1.09975
[2023-08-15 22:41:05.829] [info] CMC::computeControls, t = 1.10075
[2023-08-15 22:41:05.845] [info] CMC::computeControls, t = 1.10175
[2023-08-15 22:41:05.868] [info] CMC::computeControls, t = 1.10275
[2023-08-15 22:41:05.890] [info] CMC::computeControls, t = 1.10375
[2023-08-15 22:41:05.922] [info] CMC::computeControls, t = 1.10475
[2023-08-15 22:41:05.951] [info] CMC::computeControls, t = 1.10575
[2023-08-15 22:41:05.977] [info] CMC::computeControls, t = 1.10675
[2023-08-15 22:41:05.997] [info] CMC::computeControls, t = 1.10775
[2023-08-15 22:41:06.024] [info] CMC::computeControls, t = 1.10875
[2023-08-15 22:41:06.041] [info] CMC::computeControls, t = 1.10975
[2023-08-15 22:41:06.067] [info] CMC::computeControls, t = 1.11075
[2023-08-15 22:41:06.082] [info] CMC::computeControls, t = 1.11175
[2023-08-15 22:41:06.111] [info] CMC::computeControls, t = 1.11275
[2023-08-15 22:41:06.134] [info] CMC::computeControls, t = 1.11375
[2023-08-15 22:41:06.174] [info] CMC::computeControls, t = 1.11475
[2023-08-15 22:41:06.201] [info] CMC::computeControls, t = 1.11575
[2023-08-15 22:41:06.231] [info] CMC::computeControls, t = 1.11675
[2023-08-15 22:41:06.246] [info] CMC::computeControls, t = 1.11775
[2023-08-15 22:41:06.262] [info] CMC::computeControls, t = 1.11875
[2023-08-15 22:41:06.282] [info] CMC::computeControls, t = 1.11975
[2023-08-15 22:41:06.303] [info] CMC::computeControls, t = 1.12075
[2023-08-15 22:41:06.320] [info] CMC::computeControls, t = 1.12175
[2023-08-15 22:41:06.342] [info] CMC::computeControls, t = 1.12275
[2023-08-15 22:41:06.379] [info] CMC::computeControls, t = 1.12375
[2023-08-15 22:41:06.397] [info] CMC::computeControls, t = 1.12475
[2023-08-15 22:41:06.419] [info] CMC::computeControls, t = 1.12575
[2023-08-15 22:41:06.452] [info] CMC::computeControls, t = 1.12675
[2023-08-15 22:41:06.469] [info] CMC::computeControls, t = 1.12775
[2023-08-15 22:41:06.496] [info] CMC::computeControls, t = 1.12875
[2023-08-15 22:41:06.532] [info] CMC::computeControls, t = 1.12975
[2023-08-15 22:41:06.571] [info] CMC::computeControls, t = 1.13075
[2023-08-15 22:41:06.607] [info] CMC::computeControls, t = 1.13175
[2023-08-15 22:41:06.623] [info] CMC::computeControls, t = 1.13275
[2023-08-15 22:41:06.650] [info] CMC::computeControls, t = 1.13375
[2023-08-15 22:41:06.679] [info] CMC::computeControls, t = 1.13475
[2023-08-15 22:41:06.702] [info] CMC::computeControls, t = 1.13575
[2023-08-15 22:41:06.731] [info] CMC::computeControls, t = 1.13675
[2023-08-15 22:41:06.766] [info] CMC::computeControls, t = 1.13775
[2023-08-15 22:41:06.789] [info] CMC::computeControls, t = 1.13875
[2023-08-15 22:41:06.811] [info] CMC::computeControls, t = 1.13975
[2023-08-15 22:41:06.848] [info] CMC::computeControls, t = 1.14075
[2023-08-15 22:41:06.867] [info] CMC::computeControls, t = 1.14175
[2023-08-15 22:41:06.889] [info] CMC::computeControls, t = 1.14275
[2023-08-15 22:41:06.904] [info] CMC::computeControls, t = 1.14375
[2023-08-15 22:41:06.930] [info] CMC::computeControls, t = 1.14475
[2023-08-15 22:41:06.959] [info] CMC::computeControls, t = 1.14575
[2023-08-15 22:41:07.000] [info] CMC::computeControls, t = 1.14675
[2023-08-15 22:41:07.017] [info] CMC::computeControls, t = 1.14775
[2023-08-15 22:41:07.033] [info] CMC::computeControls, t = 1.14875
[2023-08-15 22:41:07.060] [info] CMC::computeControls, t = 1.14975
[2023-08-15 22:41:07.078] [info] CMC::computeControls, t = 1.15075
[2023-08-15 22:41:07.107] [info] CMC::computeControls, t = 1.15175
[2023-08-15 22:41:07.140] [info] CMC::computeControls, t = 1.15275
[2023-08-15 22:41:07.156] [info] CMC::computeControls, t = 1.15375
[2023-08-15 22:41:07.171] [info] CMC::computeControls, t = 1.15475
[2023-08-15 22:41:07.190] [info] CMC::computeControls, t = 1.15575
[2023-08-15 22:41:07.210] [info] CMC::computeControls, t = 1.15675
[2023-08-15 22:41:07.235] [info] CMC::computeControls, t = 1.15775
[2023-08-15 22:41:07.250] [info] CMC::computeControls, t = 1.15875
[2023-08-15 22:41:07.269] [info] CMC::computeControls, t = 1.15975
[2023-08-15 22:41:07.290] [info] CMC::computeControls, t = 1.16075
[2023-08-15 22:41:07.313] [info] CMC::computeControls, t = 1.16175
[2023-08-15 22:41:07.328] [info] CMC::computeControls, t = 1.16275
[2023-08-15 22:41:07.361] [info] CMC::computeControls, t = 1.16375
[2023-08-15 22:41:07.379] [info] CMC::computeControls, t = 1.16475
[2023-08-15 22:41:07.394] [info] CMC::computeControls, t = 1.16575
[2023-08-15 22:41:07.411] [info] CMC::computeControls, t = 1.16675
[2023-08-15 22:41:07.434] [info] CMC::computeControls, t = 1.16775
[2023-08-15 22:41:07.464] [info] CMC::computeControls, t = 1.16875
[2023-08-15 22:41:07.491] [info] CMC::computeControls, t = 1.16975
[2023-08-15 22:41:07.512] [info] CMC::computeControls, t = 1.17075
[2023-08-15 22:41:07.543] [info] CMC::computeControls, t = 1.17175
[2023-08-15 22:41:07.573] [info] CMC::computeControls, t = 1.17275
[2023-08-15 22:41:07.614] [info] CMC::computeControls, t = 1.17375
[2023-08-15 22:41:07.643] [info] CMC::computeControls, t = 1.17475
[2023-08-15 22:41:07.666] [info] CMC::computeControls, t = 1.17575
[2023-08-15 22:41:07.694] [info] CMC::computeControls, t = 1.17675
[2023-08-15 22:41:07.713] [info] CMC::computeControls, t = 1.17775
[2023-08-15 22:41:07.743] [info] CMC::computeControls, t = 1.17875
[2023-08-15 22:41:07.776] [info] CMC::computeControls, t = 1.17975
[2023-08-15 22:41:07.793] [info] CMC::computeControls, t = 1.18075
[2023-08-15 22:41:07.828] [info] CMC::computeControls, t = 1.18175
[2023-08-15 22:41:07.867] [info] CMC::computeControls, t = 1.18275
[2023-08-15 22:41:07.889] [info] CMC::computeControls, t = 1.18375
[2023-08-15 22:41:07.916] [info] CMC::computeControls, t = 1.18475
[2023-08-15 22:41:07.931] [info] CMC::computeControls, t = 1.18575
[2023-08-15 22:41:07.951] [info] CMC::computeControls, t = 1.18675
[2023-08-15 22:41:07.972] [info] CMC::computeControls, t = 1.18775
[2023-08-15 22:41:08.002] [info] CMC::computeControls, t = 1.18875
[2023-08-15 22:41:08.034] [info] CMC::computeControls, t = 1.18975
[2023-08-15 22:41:08.064] [info] CMC::computeControls, t = 1.19075
[2023-08-15 22:41:08.099] [info] CMC::computeControls, t = 1.19175
[2023-08-15 22:41:08.115] [info] CMC::computeControls, t = 1.19275
[2023-08-15 22:41:08.135] [info] CMC::computeControls, t = 1.19375
[2023-08-15 22:41:08.158] [info] CMC::computeControls, t = 1.19475
[2023-08-15 22:41:08.185] [info] CMC::computeControls, t = 1.19575
[2023-08-15 22:41:08.201] [info] CMC::computeControls, t = 1.19675
[2023-08-15 22:41:08.235] [info] CMC::computeControls, t = 1.19775
[2023-08-15 22:41:08.254] [info] CMC::computeControls, t = 1.19875
[2023-08-15 22:41:08.283] [info] CMC::computeControls, t = 1.19975
[2023-08-15 22:41:08.304] [info] CMC::computeControls, t = 1.20075
[2023-08-15 22:41:08.320] [info] CMC::computeControls, t = 1.20175
[2023-08-15 22:41:08.344] [info] CMC::computeControls, t = 1.20275
[2023-08-15 22:41:08.366] [info] CMC::computeControls, t = 1.20375
[2023-08-15 22:41:08.392] [info] CMC::computeControls, t = 1.20475
[2023-08-15 22:41:08.410] [info] CMC::computeControls, t = 1.20575
[2023-08-15 22:41:08.429] [info] CMC::computeControls, t = 1.20675
[2023-08-15 22:41:08.446] [info] CMC::computeControls, t = 1.20775
[2023-08-15 22:41:08.469] [info] CMC::computeControls, t = 1.20875
[2023-08-15 22:41:08.507] [info] CMC::computeControls, t = 1.20975
[2023-08-15 22:41:08.535] [info] CMC::computeControls, t = 1.21075
[2023-08-15 22:41:08.562] [info] CMC::computeControls, t = 1.21175
[2023-08-15 22:41:08.578] [info] CMC::computeControls, t = 1.21275
[2023-08-15 22:41:08.594] [info] CMC::computeControls, t = 1.21375
[2023-08-15 22:41:08.609] [info] CMC::computeControls, t = 1.21475
[2023-08-15 22:41:08.629] [info] CMC::computeControls, t = 1.21575
[2023-08-15 22:41:08.654] [info] CMC::computeControls, t = 1.21675
[2023-08-15 22:41:08.687] [info] CMC::computeControls, t = 1.21775
[2023-08-15 22:41:08.703] [info] CMC::computeControls, t = 1.21875
[2023-08-15 22:41:08.730] [info] CMC::computeControls, t = 1.21975
[2023-08-15 22:41:08.752] [info] CMC::computeControls, t = 1.22075
[2023-08-15 22:41:08.807] [info] CMC::computeControls, t = 1.22175
[2023-08-15 22:41:08.833] [info] CMC::computeControls, t = 1.22275
[2023-08-15 22:41:08.859] [info] CMC::computeControls, t = 1.22375
[2023-08-15 22:41:08.884] [info] CMC::computeControls, t = 1.22475
[2023-08-15 22:41:08.909] [info] CMC::computeControls, t = 1.22575
[2023-08-15 22:41:08.938] [info] CMC::computeControls, t = 1.22675
[2023-08-15 22:41:08.964] [info] CMC::computeControls, t = 1.22775
[2023-08-15 22:41:09.004] [info] CMC::computeControls, t = 1.22875
[2023-08-15 22:41:09.034] [info] CMC::computeControls, t = 1.22975
[2023-08-15 22:41:09.061] [info] CMC::computeControls, t = 1.23075
[2023-08-15 22:41:09.087] [info] CMC::computeControls, t = 1.23175
[2023-08-15 22:41:09.112] [info] CMC::computeControls, t = 1.23275
[2023-08-15 22:41:09.128] [info] CMC::computeControls, t = 1.23375
[2023-08-15 22:41:09.159] [info] CMC::computeControls, t = 1.23475
[2023-08-15 22:41:09.189] [info] CMC::computeControls, t = 1.23575
[2023-08-15 22:41:09.205] [info] CMC::computeControls, t = 1.23675
[2023-08-15 22:41:09.241] [info] CMC::computeControls, t = 1.23775
[2023-08-15 22:41:09.282] [info] CMC::computeControls, t = 1.23875
[2023-08-15 22:41:09.313] [info] CMC::computeControls, t = 1.23975
[2023-08-15 22:41:09.341] [info] CMC::computeControls, t = 1.24075
[2023-08-15 22:41:09.367] [info] CMC::computeControls, t = 1.24175
[2023-08-15 22:41:09.385] [info] CMC::computeControls, t = 1.24275
[2023-08-15 22:41:09.407] [info] CMC::computeControls, t = 1.24375
[2023-08-15 22:41:09.440] [info] CMC::computeControls, t = 1.24475
[2023-08-15 22:41:09.474] [info] CMC::computeControls, t = 1.24575
[2023-08-15 22:41:09.500] [info] CMC::computeControls, t = 1.24675
[2023-08-15 22:41:09.529] [info] CMC::computeControls, t = 1.24775
[2023-08-15 22:41:09.556] [info] CMC::computeControls, t = 1.24875
[2023-08-15 22:41:09.583] [info] CMC::computeControls, t = 1.24975
[2023-08-15 22:41:09.598] [info] CMC::computeControls, t = 1.25075
[2023-08-15 22:41:09.627] [info] CMC::computeControls, t = 1.25175
[2023-08-15 22:41:09.659] [info] CMC::computeControls, t = 1.25275
[2023-08-15 22:41:09.695] [info] CMC::computeControls, t = 1.25375
[2023-08-15 22:41:09.723] [info] CMC::computeControls, t = 1.25475
[2023-08-15 22:41:09.741] [info] CMC::computeControls, t = 1.25575
[2023-08-15 22:41:09.767] [info] CMC::computeControls, t = 1.25675
[2023-08-15 22:41:09.784] [info] CMC::computeControls, t = 1.25775
[2023-08-15 22:41:09.813] [info] CMC::computeControls, t = 1.25875
[2023-08-15 22:41:09.828] [info] CMC::computeControls, t = 1.25975
[2023-08-15 22:41:09.849] [info] CMC::computeControls, t = 1.26075
[2023-08-15 22:41:09.872] [info] CMC::computeControls, t = 1.26175
[2023-08-15 22:41:09.911] [info] CMC::computeControls, t = 1.26275
[2023-08-15 22:41:09.937] [info] CMC::computeControls, t = 1.26375
[2023-08-15 22:41:09.957] [info] CMC::computeControls, t = 1.26475
[2023-08-15 22:41:09.977] [info] CMC::computeControls, t = 1.26575
[2023-08-15 22:41:10.000] [info] CMC::computeControls, t = 1.26675
[2023-08-15 22:41:10.039] [info] CMC::computeControls, t = 1.26775
[2023-08-15 22:41:10.062] [info] CMC::computeControls, t = 1.26875
[2023-08-15 22:41:10.077] [info] CMC::computeControls, t = 1.26975
[2023-08-15 22:41:10.093] [info] CMC::computeControls, t = 1.27075
[2023-08-15 22:41:10.120] [info] CMC::computeControls, t = 1.27175
[2023-08-15 22:41:10.150] [info] CMC::computeControls, t = 1.27275
[2023-08-15 22:41:10.172] [info] CMC::computeControls, t = 1.27375
[2023-08-15 22:41:10.187] [info] CMC::computeControls, t = 1.27475
[2023-08-15 22:41:10.202] [info] CMC::computeControls, t = 1.27575
[2023-08-15 22:41:10.229] [info] CMC::computeControls, t = 1.27675
[2023-08-15 22:41:10.255] [info] CMC::computeControls, t = 1.27775
[2023-08-15 22:41:10.276] [info] CMC::computeControls, t = 1.27875
[2023-08-15 22:41:10.296] [info] CMC::computeControls, t = 1.27975
[2023-08-15 22:41:10.313] [info] CMC::computeControls, t = 1.28075
[2023-08-15 22:41:10.356] [info] CMC::computeControls, t = 1.28175
[2023-08-15 22:41:10.390] [info] CMC::computeControls, t = 1.28275
[2023-08-15 22:41:10.433] [info] CMC::computeControls, t = 1.28375
[2023-08-15 22:41:10.453] [info] CMC::computeControls, t = 1.28475
[2023-08-15 22:41:10.481] [info] CMC::computeControls, t = 1.28575
[2023-08-15 22:41:10.519] [info] CMC::computeControls, t = 1.28675
[2023-08-15 22:41:10.547] [info] CMC::computeControls, t = 1.28775
[2023-08-15 22:41:10.577] [info] CMC::computeControls, t = 1.28875
[2023-08-15 22:41:10.617] [info] CMC::computeControls, t = 1.28975
[2023-08-15 22:41:10.637] [info] CMC::computeControls, t = 1.29075
[2023-08-15 22:41:10.661] [info] CMC::computeControls, t = 1.29175
[2023-08-15 22:41:10.683] [info] CMC::computeControls, t = 1.29275
[2023-08-15 22:41:10.714] [info] CMC::computeControls, t = 1.29375
[2023-08-15 22:41:10.732] [info] CMC::computeControls, t = 1.29475
[2023-08-15 22:41:10.747] [info] CMC::computeControls, t = 1.29575
[2023-08-15 22:41:10.789] [info] CMC::computeControls, t = 1.29675
[2023-08-15 22:41:10.822] [info] CMC::computeControls, t = 1.29775
[2023-08-15 22:41:10.846] [info] CMC::computeControls, t = 1.29875
[2023-08-15 22:41:10.896] [info] CMC::computeControls, t = 1.29975
[2023-08-15 22:41:10.922] [info] CMC::computeControls, t = 1.30075
[2023-08-15 22:41:10.958] [info] CMC::computeControls, t = 1.30175
[2023-08-15 22:41:10.981] [info] CMC::computeControls, t = 1.30275
[2023-08-15 22:41:11.012] [info] CMC::computeControls, t = 1.30375
[2023-08-15 22:41:11.040] [info] CMC::computeControls, t = 1.30475
[2023-08-15 22:41:11.078] [info] CMC::computeControls, t = 1.30575
[2023-08-15 22:41:11.101] [info] CMC::computeControls, t = 1.30675
[2023-08-15 22:41:11.134] [info] CMC::computeControls, t = 1.30775
[2023-08-15 22:41:11.155] [info] CMC::computeControls, t = 1.30875
[2023-08-15 22:41:11.188] [info] CMC::computeControls, t = 1.30975
[2023-08-15 22:41:11.221] [info] CMC::computeControls, t = 1.31075
[2023-08-15 22:41:11.264] [info] CMC::computeControls, t = 1.31175
[2023-08-15 22:41:11.285] [info] CMC::computeControls, t = 1.31275
[2023-08-15 22:41:11.312] [info] CMC::computeControls, t = 1.31375
[2023-08-15 22:41:11.344] [info] CMC::computeControls, t = 1.31475
[2023-08-15 22:41:11.391] [info] CMC::computeControls, t = 1.31575
[2023-08-15 22:41:11.409] [info] CMC::computeControls, t = 1.31675
[2023-08-15 22:41:11.430] [info] CMC::computeControls, t = 1.31775
[2023-08-15 22:41:11.458] [info] CMC::computeControls, t = 1.31875
[2023-08-15 22:41:11.486] [info] CMC::computeControls, t = 1.31975
[2023-08-15 22:41:11.513] [info] CMC::computeControls, t = 1.32075
[2023-08-15 22:41:11.540] [info] CMC::computeControls, t = 1.32175
[2023-08-15 22:41:11.562] [info] CMC::computeControls, t = 1.32275
[2023-08-15 22:41:11.583] [info] CMC::computeControls, t = 1.32375
[2023-08-15 22:41:11.599] [info] CMC::computeControls, t = 1.32475
[2023-08-15 22:41:11.614] [info] CMC::computeControls, t = 1.32575
[2023-08-15 22:41:11.635] [info] CMC::computeControls, t = 1.32675
[2023-08-15 22:41:11.658] [info] CMC::computeControls, t = 1.32775
[2023-08-15 22:41:11.683] [info] CMC::computeControls, t = 1.32875
[2023-08-15 22:41:11.716] [info] CMC::computeControls, t = 1.32975
[2023-08-15 22:41:11.742] [info] CMC::computeControls, t = 1.33075
[2023-08-15 22:41:11.770] [info] CMC::computeControls, t = 1.33175
[2023-08-15 22:41:11.806] [info] CMC::computeControls, t = 1.33275
[2023-08-15 22:41:11.843] [info] CMC::computeControls, t = 1.33375
[2023-08-15 22:41:11.875] [info] CMC::computeControls, t = 1.33475
[2023-08-15 22:41:11.891] [info] CMC::computeControls, t = 1.33575
[2023-08-15 22:41:11.916] [info] CMC::computeControls, t = 1.33675
[2023-08-15 22:41:11.949] [info] CMC::computeControls, t = 1.33775
[2023-08-15 22:41:11.968] [info] CMC::computeControls, t = 1.33875
[2023-08-15 22:41:11.995] [info] CMC::computeControls, t = 1.33975
[2023-08-15 22:41:12.024] [info] CMC::computeControls, t = 1.34075
[2023-08-15 22:41:12.043] [info] CMC::computeControls, t = 1.34175
[2023-08-15 22:41:12.066] [info] CMC::computeControls, t = 1.34275
[2023-08-15 22:41:12.091] [info] CMC::computeControls, t = 1.34375
[2023-08-15 22:41:12.128] [info] CMC::computeControls, t = 1.34475
[2023-08-15 22:41:12.161] [info] CMC::computeControls, t = 1.34575
[2023-08-15 22:41:12.179] [info] CMC::computeControls, t = 1.34675
[2023-08-15 22:41:12.206] [info] CMC::computeControls, t = 1.34775
[2023-08-15 22:41:12.221] [info] CMC::computeControls, t = 1.34875
[2023-08-15 22:41:12.240] [info] CMC::computeControls, t = 1.34975
[2023-08-15 22:41:12.255] [info] CMC::computeControls, t = 1.35075
[2023-08-15 22:41:12.282] [info] CMC::computeControls, t = 1.35175
[2023-08-15 22:41:12.303] [info] CMC::computeControls, t = 1.35275
[2023-08-15 22:41:12.331] [info] CMC::computeControls, t = 1.35375
[2023-08-15 22:41:12.356] [info] CMC::computeControls, t = 1.35475
[2023-08-15 22:41:12.385] [info] CMC::computeControls, t = 1.35575
[2023-08-15 22:41:12.422] [info] CMC::computeControls, t = 1.35675
[2023-08-15 22:41:12.451] [info] CMC::computeControls, t = 1.35775
[2023-08-15 22:41:12.486] [info] CMC::computeControls, t = 1.35875
[2023-08-15 22:41:12.515] [info] CMC::computeControls, t = 1.35975
[2023-08-15 22:41:12.550] [info] CMC::computeControls, t = 1.36075
[2023-08-15 22:41:12.573] [info] CMC::computeControls, t = 1.36175
[2023-08-15 22:41:12.607] [info] CMC::computeControls, t = 1.36275
[2023-08-15 22:41:12.628] [info] CMC::computeControls, t = 1.36375
[2023-08-15 22:41:12.644] [info] CMC::computeControls, t = 1.36475
[2023-08-15 22:41:12.675] [info] CMC::computeControls, t = 1.36575
[2023-08-15 22:41:12.707] [info] CMC::computeControls, t = 1.36675
[2023-08-15 22:41:12.739] [info] CMC::computeControls, t = 1.36775
[2023-08-15 22:41:12.784] [info] CMC::computeControls, t = 1.36875
[2023-08-15 22:41:12.803] [info] CMC::computeControls, t = 1.36975
[2023-08-15 22:41:12.830] [info] CMC::computeControls, t = 1.37075
[2023-08-15 22:41:12.858] [info] CMC::computeControls, t = 1.37175
[2023-08-15 22:41:12.882] [info] CMC::computeControls, t = 1.37275
[2023-08-15 22:41:12.915] [info] CMC::computeControls, t = 1.37375
[2023-08-15 22:41:12.932] [info] CMC::computeControls, t = 1.37475
[2023-08-15 22:41:12.948] [info] CMC::computeControls, t = 1.37575
[2023-08-15 22:41:12.975] [info] CMC::computeControls, t = 1.37675
[2023-08-15 22:41:13.002] [info] CMC::computeControls, t = 1.37775
[2023-08-15 22:41:13.036] [info] CMC::computeControls, t = 1.37875
[2023-08-15 22:41:13.075] [info] CMC::computeControls, t = 1.37975
[2023-08-15 22:41:13.098] [info] CMC::computeControls, t = 1.38075
[2023-08-15 22:41:13.126] [info] CMC::computeControls, t = 1.38175
[2023-08-15 22:41:13.154] [info] CMC::computeControls, t = 1.38275
[2023-08-15 22:41:13.170] [info] CMC::computeControls, t = 1.38375
[2023-08-15 22:41:13.196] [info] CMC::computeControls, t = 1.38475
[2023-08-15 22:41:13.217] [info] CMC::computeControls, t = 1.38575
[2023-08-15 22:41:13.250] [info] CMC::computeControls, t = 1.38675
[2023-08-15 22:41:13.279] [info] CMC::computeControls, t = 1.38775
[2023-08-15 22:41:13.297] [info] CMC::computeControls, t = 1.38875
[2023-08-15 22:41:13.314] [info] CMC::computeControls, t = 1.38975
[2023-08-15 22:41:13.341] [info] CMC::computeControls, t = 1.39075
[2023-08-15 22:41:13.358] [info] CMC::computeControls, t = 1.39175
[2023-08-15 22:41:13.385] [info] CMC::computeControls, t = 1.39275
[2023-08-15 22:41:13.403] [info] CMC::computeControls, t = 1.39375
[2023-08-15 22:41:13.422] [info] CMC::computeControls, t = 1.39475
[2023-08-15 22:41:13.447] [info] CMC::computeControls, t = 1.39575
[2023-08-15 22:41:13.465] [info] CMC::computeControls, t = 1.39675
[2023-08-15 22:41:13.499] [info] CMC::computeControls, t = 1.39775
[2023-08-15 22:41:13.526] [info] CMC::computeControls, t = 1.39875
[2023-08-15 22:41:13.567] [info] CMC::computeControls, t = 1.39975
[2023-08-15 22:41:13.593] [info] CMC::computeControls, t = 1.40075
[2023-08-15 22:41:13.613] [info] CMC::computeControls, t = 1.40175
[2023-08-15 22:41:13.633] [info] CMC::computeControls, t = 1.40275
[2023-08-15 22:41:13.663] [info] CMC::computeControls, t = 1.40375
[2023-08-15 22:41:13.679] [info] CMC::computeControls, t = 1.40475
[2023-08-15 22:41:13.698] [info] CMC::computeControls, t = 1.40575
[2023-08-15 22:41:13.723] [info] CMC::computeControls, t = 1.40675
[2023-08-15 22:41:13.751] [info] CMC::computeControls, t = 1.40775
[2023-08-15 22:41:13.782] [info] CMC::computeControls, t = 1.40875
[2023-08-15 22:41:13.814] [info] CMC::computeControls, t = 1.40975
[2023-08-15 22:41:13.837] [info] CMC::computeControls, t = 1.41075
[2023-08-15 22:41:13.871] [info] CMC::computeControls, t = 1.41175
[2023-08-15 22:41:13.906] [info] CMC::computeControls, t = 1.41275
[2023-08-15 22:41:13.930] [info] CMC::computeControls, t = 1.41375
[2023-08-15 22:41:13.955] [info] CMC::computeControls, t = 1.41475
[2023-08-15 22:41:13.973] [info] CMC::computeControls, t = 1.41575
[2023-08-15 22:41:13.991] [info] CMC::computeControls, t = 1.41675
[2023-08-15 22:41:14.012] [info] CMC::computeControls, t = 1.41775
[2023-08-15 22:41:14.041] [info] CMC::computeControls, t = 1.41875
[2023-08-15 22:41:14.066] [info] CMC::computeControls, t = 1.41975
[2023-08-15 22:41:14.102] [info] CMC::computeControls, t = 1.42075
[2023-08-15 22:41:14.141] [info] CMC::computeControls, t = 1.42175
[2023-08-15 22:41:14.179] [info] CMC::computeControls, t = 1.42275
[2023-08-15 22:41:14.215] [info] CMC::computeControls, t = 1.42375
[2023-08-15 22:41:14.241] [info] CMC::computeControls, t = 1.42475
[2023-08-15 22:41:14.273] [info] CMC::computeControls, t = 1.42575
[2023-08-15 22:41:14.294] [info] CMC::computeControls, t = 1.42675
[2023-08-15 22:41:14.322] [info] CMC::computeControls, t = 1.42775
[2023-08-15 22:41:14.339] [info] CMC::computeControls, t = 1.42875
[2023-08-15 22:41:14.358] [info] CMC::computeControls, t = 1.42975
[2023-08-15 22:41:14.377] [info] CMC::computeControls, t = 1.43075
[2023-08-15 22:41:14.414] [info] CMC::computeControls, t = 1.43175
[2023-08-15 22:41:14.431] [info] CMC::computeControls, t = 1.43275
[2023-08-15 22:41:14.462] [info] CMC::computeControls, t = 1.43375
[2023-08-15 22:41:14.501] [info] CMC::computeControls, t = 1.43475
[2023-08-15 22:41:14.533] [info] CMC::computeControls, t = 1.43575
[2023-08-15 22:41:14.553] [info] CMC::computeControls, t = 1.43675
[2023-08-15 22:41:14.585] [info] CMC::computeControls, t = 1.43775
[2023-08-15 22:41:14.613] [info] CMC::computeControls, t = 1.43875
[2023-08-15 22:41:14.636] [info] CMC::computeControls, t = 1.43975
[2023-08-15 22:41:14.677] [info] CMC::computeControls, t = 1.44075
[2023-08-15 22:41:14.703] [info] CMC::computeControls, t = 1.44175
[2023-08-15 22:41:14.725] [info] CMC::computeControls, t = 1.44275
[2023-08-15 22:41:14.750] [info] CMC::computeControls, t = 1.44375
[2023-08-15 22:41:14.782] [info] CMC::computeControls, t = 1.44475
[2023-08-15 22:41:14.811] [info] CMC::computeControls, t = 1.44575
[2023-08-15 22:41:14.850] [info] CMC::computeControls, t = 1.44675
[2023-08-15 22:41:14.878] [info] CMC::computeControls, t = 1.44775
[2023-08-15 22:41:14.917] [info] CMC::computeControls, t = 1.44875
[2023-08-15 22:41:14.933] [info] CMC::computeControls, t = 1.44975
[2023-08-15 22:41:14.955] [info] CMC::computeControls, t = 1.45075
[2023-08-15 22:41:14.979] [info] CMC::computeControls, t = 1.45175
[2023-08-15 22:41:15.002] [info] CMC::computeControls, t = 1.45275
[2023-08-15 22:41:15.023] [info] CMC::computeControls, t = 1.45375
[2023-08-15 22:41:15.041] [info] CMC::computeControls, t = 1.45475
[2023-08-15 22:41:15.059] [info] CMC::computeControls, t = 1.45575
[2023-08-15 22:41:15.088] [info] CMC::computeControls, t = 1.45675
[2023-08-15 22:41:15.116] [info] CMC::computeControls, t = 1.45775
[2023-08-15 22:41:15.133] [info] CMC::computeControls, t = 1.45875
[2023-08-15 22:41:15.158] [info] CMC::computeControls, t = 1.45975
[2023-08-15 22:41:15.183] [info] CMC::computeControls, t = 1.46075
[2023-08-15 22:41:15.217] [info] CMC::computeControls, t = 1.46175
[2023-08-15 22:41:15.245] [info] CMC::computeControls, t = 1.46275
[2023-08-15 22:41:15.276] [info] CMC::computeControls, t = 1.46375
[2023-08-15 22:41:15.296] [info] CMC::computeControls, t = 1.46475
[2023-08-15 22:41:15.318] [info] CMC::computeControls, t = 1.46575
[2023-08-15 22:41:15.341] [info] CMC::computeControls, t = 1.46675
[2023-08-15 22:41:15.366] [info] CMC::computeControls, t = 1.46775
[2023-08-15 22:41:15.392] [info] CMC::computeControls, t = 1.46875
[2023-08-15 22:41:15.407] [info] CMC::computeControls, t = 1.46975
[2023-08-15 22:41:15.424] [info] CMC::computeControls, t = 1.47075
[2023-08-15 22:41:15.452] [info] CMC::computeControls, t = 1.47175
[2023-08-15 22:41:15.468] [info] CMC::computeControls, t = 1.47275
[2023-08-15 22:41:15.494] [info] CMC::computeControls, t = 1.47375
[2023-08-15 22:41:15.509] [info] CMC::computeControls, t = 1.47475
[2023-08-15 22:41:15.548] [info] CMC::computeControls, t = 1.47575
[2023-08-15 22:41:15.589] [info] CMC::computeControls, t = 1.47675
[2023-08-15 22:41:15.617] [info] CMC::computeControls, t = 1.47775
[2023-08-15 22:41:15.644] [info] CMC::computeControls, t = 1.47875
[2023-08-15 22:41:15.673] [info] CMC::computeControls, t = 1.47975
[2023-08-15 22:41:15.698] [info] -------------------------------------------
[2023-08-15 22:41:15.698] [info] Finished tracking the specified kinematics:
[2023-08-15 22:41:15.698] [info] -------------------------------------------
[2023-08-15 22:41:15.698] [info]  -- Start time = Tue Aug 15 22:40:59 2023
[2023-08-15 22:41:15.698] [info]  -- Finish time = Tue Aug 15 22:41:15 2023
[2023-08-15 22:41:15.698] [info]  -- Elapsed time = 16.0 seconds.
[2023-08-15 22:41:15.698] [info] -------------------------------------------
[2023-08-15 22:41:15.698] [info] 
[2023-08-15 22:41:15.698] [info] Printing results of investigation subject19_run5_cycle2_iter3 to cycle2/
[2023-08-15 22:41:16.207] [info] 

************************************************************
*      Summary of Mass Adjustments to Reduce Residuals     *
************************************************************
* Body adjusted: torso
* Mass Center (COM) adjustment: dx =-0.0676577, dz =0.0380735
* New COM location: ~[0.0856203,0.321471,-0.00269195]
************************************************************
* Recommended mass adjustments:                             
*  Total mass change: 0.482122
*  pelvis: orig mass = 10.2007, new mass = 10.2762
*  femur_r: orig mass = 8.0564, new mass = 8.11606
*  tibia_r: orig mass = 3.21125, new mass = 3.23503
*  talus_r: orig mass = 0.0866149, new mass = 0.0872563
*  calcn_r: orig mass = 1.08269, new mass = 1.09071
*  toes_r: orig mass = 0.187608, new mass = 0.188997
*  femur_l: orig mass = 8.0564, new mass = 8.11606
*  tibia_l: orig mass = 3.21125, new mass = 3.23503
*  talus_l: orig mass = 0.0866149, new mass = 0.0872563
*  calcn_l: orig mass = 1.08269, new mass = 1.09071
*  toes_l: orig mass = 0.187608, new mass = 0.188997
*  torso: orig mass = 23.2359, new mass = 23.408
*  humerus_r: orig mass = 1.76045, new mass = 1.77349
*  ulna_r: orig mass = 0.526186, new mass = 0.530083
*  radius_r: orig mass = 0.526186, new mass = 0.530083
*  hand_r: orig mass = 0.396264, new mass = 0.399199
*  humerus_l: orig mass = 1.76045, new mass = 1.77349
*  ulna_l: orig mass = 0.526186, new mass = 0.530083
*  radius_l: orig mass = 0.526186, new mass = 0.530083
*  hand_l: orig mass = 0.396264, new mass = 0.399199
************************************************************
* Note: Edit the model to make recommended adjustments to  *
*       mass properties.                                   *
************************************************************

* Average residuals before adjusting torso COM:
*  FX=-2.79208 FY=-4.728 FZ=1.03007
*  MX=-8.67567 MY=-2.39749 MZ=-15.4169
************************************************************
* Average residuals after adjusting torso COM:
*  FX=-2.17947 FY=-5.32177 FZ=2.66532
*  MX=2.51387 MY=-4.67568 MZ=-2.19604
************************************************************


[2023-08-15 22:41:16.207] [info] 
************************************************************
*                   Final Average Residuals                *
************************************************************
* After torso COM and Kinematics adjustments:
*  FX=0.175256 FY=-3.45697 FZ=-2.87628
*  MX=4.3639 MY=0.228131 MZ=0.38238
************************************************************


