[2023-08-15 22:18:40.756] [info] Storage: read data file = ..\rra2\cycle3\subject08_run5_cycle3_iter2_Kinematics_q.sto (nr=688 nc=38)
[2023-08-15 22:18:40.787] [info] Storage: read data file = ..\rra2\cycle3\subject08_run5_cycle3_iter2_Kinematics_q.sto (nr=688 nc=38)
[2023-08-15 22:18:40.833] [info] AbstractTool subject08_run5_cycle3_iter3 loading model ..\rra2\cycle3\subject08_run5_cycle3_rraAdjusted_iter2.osim
[2023-08-15 22:18:40.889] [info] Loaded model subject08_scaled from file ..\rra2\cycle3\subject08_run5_cycle3_rraAdjusted_iter2.osim
[2023-08-15 22:18:40.928] [info] Adding force object set from ..\subject08_run5_RRA_Actuators.xml
[2023-08-15 22:18:40.934] [info] Running tool subject08_run5_cycle3_iter3.
[2023-08-15 22:18:40.953] [warning] ExternalLoads 'externalloads' has subcomponents with duplicate name 'externalforce'. The duplicate is being renamed to 'externalforce_0'.
[2023-08-15 22:18:40.971] [info] 	taskSet size = 29.
[2023-08-15 22:18:41.045] [info] ExternalForce::externalforce Data source being set to Run_500 03_newCOP3_v24.mot
[2023-08-15 22:18:41.045] [info] ExternalForce::externalforce_0 Data source being set to Run_500 03_newCOP3_v24.mot
[2023-08-15 22:18:41.049] [warning] A desired points file was not specified.
[2023-08-15 22:18:41.049] [info] Loading desired kinematics from file '..\rra2\cycle3\subject08_run5_cycle3_iter2_Kinematics_q.sto'...
[2023-08-15 22:18:41.049] [info] Storage: read data file = ..\rra2\cycle3\subject08_run5_cycle3_iter2_Kinematics_q.sto (nr=688 nc=38)
[2023-08-15 22:18:41.083] [info] Not filtering the desired kinematics.
[2023-08-15 22:18:41.084] [cout] [info] MODEL: subject08_scaled

numStates = 74
numCoordinates = 37
numSpeeds = 37
numActuators = 29
numBodies = 20
numConstraints = 0
numProbes = 0

ANALYSES (total: 0)

BODIES (total: 20)
body[0] = pelvis. mass: 12.7389
              moments of inertia:  ~[0.145167,0.145167,0.0726748]
              products of inertia: ~[0,0,0]
body[1] = femur_r. mass: 10.061
              moments of inertia:  ~[0.167005,0.0437779,0.17611]
              products of inertia: ~[0,0,0]
body[2] = tibia_r. mass: 4.01031
              moments of inertia:  ~[0.0686582,0.0058898,0.0686582]
              products of inertia: ~[0,0,0]
body[3] = talus_r. mass: 0.108167
              moments of inertia:  ~[0.00126763,0.00126763,0.00126763]
              products of inertia: ~[0,0,0]
body[4] = calcn_r. mass: 1.3521
              moments of inertia:  ~[0.00177469,0.00494377,0.0051973]
              products of inertia: ~[0,0,0]
body[5] = toes_r. mass: 0.23429
              moments of inertia:  ~[0.000126763,0.000253527,0.00126763]
              products of inertia: ~[0,0,0]
body[6] = femur_l. mass: 10.061
              moments of inertia:  ~[0.167005,0.0437779,0.17611]
              products of inertia: ~[0,0,0]
body[7] = tibia_l. mass: 4.01031
              moments of inertia:  ~[0.0686582,0.0058898,0.0686582]
              products of inertia: ~[0,0,0]
body[8] = talus_l. mass: 0.108167
              moments of inertia:  ~[0.00126763,0.00126763,0.00126763]
              products of inertia: ~[0,0,0]
body[9] = calcn_l. mass: 1.3521
              moments of inertia:  ~[0.00177469,0.00494377,0.0051973]
              products of inertia: ~[0,0,0]
body[10] = toes_l. mass: 0.23429
              moments of inertia:  ~[0.000126763,0.000253527,0.00126763]
              products of inertia: ~[0,0,0]
body[11] = torso. mass: 29.0177
              moments of inertia:  ~[1.74167,0.892391,1.69076]
              products of inertia: ~[0,0,0]
body[12] = humerus_r. mass: 2.19851
              moments of inertia:  ~[0.0142055,0.00490046,0.0159452]
              products of inertia: ~[0,0,0]
body[13] = ulna_r. mass: 0.657116
              moments of inertia:  ~[0.00362196,0.000755697,0.00392889]
              products of inertia: ~[0,0,0]
body[14] = radius_r. mass: 0.657116
              moments of inertia:  ~[0.00362196,0.000755697,0.00392889]
              products of inertia: ~[0,0,0]
body[15] = hand_r. mass: 0.494866
              moments of inertia:  ~[0.00109075,0.000668877,0.00163857]
              products of inertia: ~[0,0,0]
body[16] = humerus_l. mass: 2.19851
              moments of inertia:  ~[0.0142055,0.00490046,0.0159452]
              products of inertia: ~[0,0,0]
body[17] = ulna_l. mass: 0.657116
              moments of inertia:  ~[0.00362196,0.000755697,0.00392889]
              products of inertia: ~[0,0,0]
body[18] = radius_l. mass: 0.657116
              moments of inertia:  ~[0.00362196,0.000755697,0.00392889]
              products of inertia: ~[0,0,0]
body[19] = hand_l. mass: 0.494866
              moments of inertia:  ~[0.00109075,0.000668877,0.00163857]
              products of inertia: ~[0,0,0]

JOINTS (total: 20)
joint[0] = ground_pelvis. parent: ground_offset, child: pelvis_offset
joint[1] = hip_r. parent: pelvis_offset, child: femur_r_offset
joint[2] = knee_r. parent: femur_r_offset, child: tibia_r_offset
joint[3] = ankle_r. parent: tibia_r_offset, child: talus_r_offset
joint[4] = subtalar_r. parent: talus_r_offset, child: calcn_r_offset
joint[5] = mtp_r. parent: calcn_r_offset, child: toes_r_offset
joint[6] = hip_l. parent: pelvis_offset, child: femur_l_offset
joint[7] = knee_l. parent: femur_l_offset, child: tibia_l_offset
joint[8] = ankle_l. parent: tibia_l_offset, child: talus_l_offset
joint[9] = subtalar_l. parent: talus_l_offset, child: calcn_l_offset
joint[10] = mtp_l. parent: calcn_l_offset, child: toes_l_offset
joint[11] = back. parent: pelvis_offset, child: torso_offset
joint[12] = acromial_r. parent: torso_offset, child: humerus_r_offset
joint[13] = elbow_r. parent: humerus_r_offset, child: ulna_r_offset
joint[14] = radioulnar_r. parent: ulna_r_offset, child: radius_r_offset
joint[15] = radius_hand_r. parent: radius_r_offset, child: hand_r_offset
joint[16] = acromial_l. parent: torso_offset, child: humerus_l_offset
joint[17] = elbow_l. parent: humerus_l_offset, child: ulna_l_offset
joint[18] = radioulnar_l. parent: ulna_l_offset, child: radius_l_offset
joint[19] = radius_hand_l. parent: radius_l_offset, child: hand_l_offset

ACTUATORS (total: 29)
actuator[0] = FX
actuator[1] = FY
actuator[2] = FZ
actuator[3] = MZ
actuator[4] = MX
actuator[5] = MY
actuator[6] = hip_flexion_r
actuator[7] = hip_adduction_r
actuator[8] = hip_rotation_r
actuator[9] = knee_angle_r
actuator[10] = ankle_angle_r
actuator[11] = hip_flexion_l
actuator[12] = hip_adduction_l
actuator[13] = hip_rotation_l
actuator[14] = knee_angle_l
actuator[15] = ankle_angle_l
actuator[16] = lumbar_extension
actuator[17] = lumbar_bending
actuator[18] = lumbar_rotation
actuator[19] = arm_flex_r
actuator[20] = arm_add_r
actuator[21] = arm_rot_r
actuator[22] = elbow_flex_r
actuator[23] = pro_sup_r
actuator[24] = arm_flex_l
actuator[25] = arm_add_l
actuator[26] = arm_rot_l
actuator[27] = elbow_flex_l
actuator[28] = pro_sup_l

STATES (total: 74)
y[0] = /jointset/ground_pelvis/pelvis_tilt/value
y[1] = /jointset/ground_pelvis/pelvis_tilt/speed
y[2] = /jointset/ground_pelvis/pelvis_list/value
y[3] = /jointset/ground_pelvis/pelvis_list/speed
y[4] = /jointset/ground_pelvis/pelvis_rotation/value
y[5] = /jointset/ground_pelvis/pelvis_rotation/speed
y[6] = /jointset/ground_pelvis/pelvis_tx/value
y[7] = /jointset/ground_pelvis/pelvis_tx/speed
y[8] = /jointset/ground_pelvis/pelvis_ty/value
y[9] = /jointset/ground_pelvis/pelvis_ty/speed
y[10] = /jointset/ground_pelvis/pelvis_tz/value
y[11] = /jointset/ground_pelvis/pelvis_tz/speed
y[12] = /jointset/hip_r/hip_flexion_r/value
y[13] = /jointset/hip_r/hip_flexion_r/speed
y[14] = /jointset/hip_r/hip_adduction_r/value
y[15] = /jointset/hip_r/hip_adduction_r/speed
y[16] = /jointset/hip_r/hip_rotation_r/value
y[17] = /jointset/hip_r/hip_rotation_r/speed
y[18] = /jointset/knee_r/knee_angle_r/value
y[19] = /jointset/knee_r/knee_angle_r/speed
y[20] = /jointset/ankle_r/ankle_angle_r/value
y[21] = /jointset/ankle_r/ankle_angle_r/speed
y[22] = /jointset/subtalar_r/subtalar_angle_r/value
y[23] = /jointset/subtalar_r/subtalar_angle_r/speed
y[24] = /jointset/mtp_r/mtp_angle_r/value
y[25] = /jointset/mtp_r/mtp_angle_r/speed
y[26] = /jointset/hip_l/hip_flexion_l/value
y[27] = /jointset/hip_l/hip_flexion_l/speed
y[28] = /jointset/hip_l/hip_adduction_l/value
y[29] = /jointset/hip_l/hip_adduction_l/speed
y[30] = /jointset/hip_l/hip_rotation_l/value
y[31] = /jointset/hip_l/hip_rotation_l/speed
y[32] = /jointset/knee_l/knee_angle_l/value
y[33] = /jointset/knee_l/knee_angle_l/speed
y[34] = /jointset/ankle_l/ankle_angle_l/value
y[35] = /jointset/ankle_l/ankle_angle_l/speed
y[36] = /jointset/subtalar_l/subtalar_angle_l/value
y[37] = /jointset/subtalar_l/subtalar_angle_l/speed
y[38] = /jointset/mtp_l/mtp_angle_l/value
y[39] = /jointset/mtp_l/mtp_angle_l/speed
y[40] = /jointset/back/lumbar_extension/value
y[41] = /jointset/back/lumbar_extension/speed
y[42] = /jointset/back/lumbar_bending/value
y[43] = /jointset/back/lumbar_bending/speed
y[44] = /jointset/back/lumbar_rotation/value
y[45] = /jointset/back/lumbar_rotation/speed
y[46] = /jointset/acromial_r/arm_flex_r/value
y[47] = /jointset/acromial_r/arm_flex_r/speed
y[48] = /jointset/acromial_r/arm_add_r/value
y[49] = /jointset/acromial_r/arm_add_r/speed
y[50] = /jointset/acromial_r/arm_rot_r/value
y[51] = /jointset/acromial_r/arm_rot_r/speed
y[52] = /jointset/elbow_r/elbow_flex_r/value
y[53] = /jointset/elbow_r/elbow_flex_r/speed
y[54] = /jointset/radioulnar_r/pro_sup_r/value
y[55] = /jointset/radioulnar_r/pro_sup_r/speed
y[56] = /jointset/radius_hand_r/wrist_flex_r/value
y[57] = /jointset/radius_hand_r/wrist_flex_r/speed
y[58] = /jointset/radius_hand_r/wrist_dev_r/value
y[59] = /jointset/radius_hand_r/wrist_dev_r/speed
y[60] = /jointset/acromial_l/arm_flex_l/value
y[61] = /jointset/acromial_l/arm_flex_l/speed
y[62] = /jointset/acromial_l/arm_add_l/value
y[63] = /jointset/acromial_l/arm_add_l/speed
y[64] = /jointset/acromial_l/arm_rot_l/value
y[65] = /jointset/acromial_l/arm_rot_l/speed
y[66] = /jointset/elbow_l/elbow_flex_l/value
y[67] = /jointset/elbow_l/elbow_flex_l/speed
y[68] = /jointset/radioulnar_l/pro_sup_l/value
y[69] = /jointset/radioulnar_l/pro_sup_l/speed
y[70] = /jointset/radius_hand_l/wrist_flex_l/value
y[71] = /jointset/radius_hand_l/wrist_flex_l/speed
y[72] = /jointset/radius_hand_l/wrist_dev_l/value
y[73] = /jointset/radius_hand_l/wrist_dev_l/speed

[2023-08-15 22:18:41.307] [warning] Coordinate.setValue:  coordinate subtalar_angle_r is locked. Unable to change its value.
[2023-08-15 22:18:41.307] [warning] Coordinate.setValue:  coordinate mtp_angle_r is locked. Unable to change its value.
[2023-08-15 22:18:41.307] [warning] Coordinate.setValue:  coordinate subtalar_angle_l is locked. Unable to change its value.
[2023-08-15 22:18:41.307] [warning] Coordinate.setValue:  coordinate mtp_angle_l is locked. Unable to change its value.
[2023-08-15 22:18:41.307] [warning] Coordinate.setValue:  coordinate wrist_flex_r is locked. Unable to change its value.
[2023-08-15 22:18:41.307] [warning] Coordinate.setValue:  coordinate wrist_dev_r is locked. Unable to change its value.
[2023-08-15 22:18:41.307] [warning] Coordinate.setValue:  coordinate wrist_flex_l is locked. Unable to change its value.
[2023-08-15 22:18:41.307] [warning] Coordinate.setValue:  coordinate wrist_dev_l is locked. Unable to change its value.
[2023-08-15 22:18:41.370] [info] Requested COM adjustment time range 1.60400 to 2.226, clamped to nearest available data times: 1.60400 to 2.226.
[2023-08-15 22:18:41.370] [info] Computing average residuals between 1.60400 and 2.226...
[2023-08-15 22:18:41.452] [info] ExternalForce::externalforce Data source being set to Run_500 03_newCOP3_v24.mot
[2023-08-15 22:18:41.452] [info] ExternalForce::externalforce_0 Data source being set to Run_500 03_newCOP3_v24.mot
[2023-08-15 22:18:41.510] [info] ExternalForce::externalforce Data source being set to Run_500 03_newCOP3_v24.mot
[2023-08-15 22:18:41.510] [info] ExternalForce::externalforce_0 Data source being set to Run_500 03_newCOP3_v24.mot
[2023-08-15 22:18:45.099] [info] ExternalForce::externalforce Data source being set to Run_500 03_newCOP3_v24.mot
[2023-08-15 22:18:45.099] [info] ExternalForce::externalforce_0 Data source being set to Run_500 03_newCOP3_v24.mot
[2023-08-15 22:18:45.103] [info] Computing average residuals between 1.60400 and 2.226...
[2023-08-15 22:18:45.190] [info] ExternalForce::externalforce Data source being set to Run_500 03_newCOP3_v24.mot
[2023-08-15 22:18:45.190] [info] ExternalForce::externalforce_0 Data source being set to Run_500 03_newCOP3_v24.mot
[2023-08-15 22:18:45.273] [info] ExternalForce::externalforce Data source being set to Run_500 03_newCOP3_v24.mot
[2023-08-15 22:18:45.273] [info] ExternalForce::externalforce_0 Data source being set to Run_500 03_newCOP3_v24.mot
[2023-08-15 22:18:48.857] [info] Constructing function set for tracking desired kinematics...
[2023-08-15 22:18:49.390] [warning] No Actuation analysis found in analysis set, adding one...
[2023-08-15 22:18:49.391] [warning] No Kinematics analysis found in analysis set, adding one...
[2023-08-15 22:18:49.396] [info] Using the generalized coordinates specified in '..\rra2\cycle3\subject08_run5_cycle3_iter2_Kinematics_q.sto' to set the initial configuration.
[2023-08-15 22:18:49.497] [info] Using IPOPT optimizer algorithm.
[2023-08-15 22:18:49.497] [info] Setting optimizer print level to 0.
[2023-08-15 22:18:49.497] [info] Setting optimizer convergence tolerance to 1.0e-05.
[2023-08-15 22:18:49.497] [info] Setting optimizer maximum iterations to 2000.
[2023-08-15 22:18:49.497] [info] Setting cmc controller to not use verbose printing.

[2023-08-15 22:18:49.497] [info] CMC::computeControls, t = 1.60400
[2023-08-15 22:18:50.266] [info] --------------------------------------------
[2023-08-15 22:18:50.267] [info] Using CMC to track the specified kinematics:
[2023-08-15 22:18:50.267] [info] --------------------------------------------
[2023-08-15 22:18:50.267] [info]  -- Integrating from 1.60400 to 2.226
[2023-08-15 22:18:50.267] [info]  -- Start time = Tue Aug 15 22:18:50 2023
[2023-08-15 22:18:50.267] [info] --------------------------------------------
[2023-08-15 22:18:50.267] [info] 
[2023-08-15 22:18:50.271] [info] CMC::computeControls, t = 1.60400
[2023-08-15 22:18:50.294] [info] CMC::computeControls, t = 1.60500
[2023-08-15 22:18:50.294] [warning] Coordinate.setValue:  coordinate subtalar_angle_r is locked. Unable to change its value.
[2023-08-15 22:18:50.294] [warning] Coordinate.setValue:  coordinate mtp_angle_r is locked. Unable to change its value.
[2023-08-15 22:18:50.294] [warning] Coordinate.setValue:  coordinate subtalar_angle_l is locked. Unable to change its value.
[2023-08-15 22:18:50.294] [warning] Coordinate.setValue:  coordinate mtp_angle_l is locked. Unable to change its value.
[2023-08-15 22:18:50.294] [warning] Coordinate.setValue:  coordinate wrist_flex_r is locked. Unable to change its value.
[2023-08-15 22:18:50.294] [warning] Coordinate.setValue:  coordinate wrist_dev_r is locked. Unable to change its value.
[2023-08-15 22:18:50.294] [warning] Coordinate.setValue:  coordinate wrist_flex_l is locked. Unable to change its value.
[2023-08-15 22:18:50.294] [warning] Coordinate.setValue:  coordinate wrist_dev_l is locked. Unable to change its value.
[2023-08-15 22:18:50.333] [info] CMC::computeControls, t = 1.60600
[2023-08-15 22:18:50.356] [info] CMC::computeControls, t = 1.60700
[2023-08-15 22:18:50.381] [info] CMC::computeControls, t = 1.60800
[2023-08-15 22:18:50.402] [info] CMC::computeControls, t = 1.60900
[2023-08-15 22:18:50.430] [info] CMC::computeControls, t = 1.61
[2023-08-15 22:18:50.450] [info] CMC::computeControls, t = 1.611
[2023-08-15 22:18:50.475] [info] CMC::computeControls, t = 1.612
[2023-08-15 22:18:50.494] [info] CMC::computeControls, t = 1.613
[2023-08-15 22:18:50.518] [info] CMC::computeControls, t = 1.614
[2023-08-15 22:18:50.543] [info] CMC::computeControls, t = 1.615
[2023-08-15 22:18:50.579] [info] CMC::computeControls, t = 1.616
[2023-08-15 22:18:50.617] [info] CMC::computeControls, t = 1.617
[2023-08-15 22:18:50.649] [info] CMC::computeControls, t = 1.618
[2023-08-15 22:18:50.679] [info] CMC::computeControls, t = 1.619
[2023-08-15 22:18:50.711] [info] CMC::computeControls, t = 1.62
[2023-08-15 22:18:50.732] [info] CMC::computeControls, t = 1.621
[2023-08-15 22:18:50.768] [info] CMC::computeControls, t = 1.622
[2023-08-15 22:18:50.792] [info] CMC::computeControls, t = 1.623
[2023-08-15 22:18:50.816] [info] CMC::computeControls, t = 1.624
[2023-08-15 22:18:50.838] [info] CMC::computeControls, t = 1.625
[2023-08-15 22:18:50.859] [info] CMC::computeControls, t = 1.626
[2023-08-15 22:18:50.882] [info] CMC::computeControls, t = 1.627
[2023-08-15 22:18:50.920] [info] CMC::computeControls, t = 1.628
[2023-08-15 22:18:50.949] [info] CMC::computeControls, t = 1.629
[2023-08-15 22:18:50.969] [info] CMC::computeControls, t = 1.63
[2023-08-15 22:18:51.000] [info] CMC::computeControls, t = 1.631
[2023-08-15 22:18:51.023] [info] CMC::computeControls, t = 1.632
[2023-08-15 22:18:51.051] [info] CMC::computeControls, t = 1.633
[2023-08-15 22:18:51.076] [info] CMC::computeControls, t = 1.634
[2023-08-15 22:18:51.114] [info] CMC::computeControls, t = 1.635
[2023-08-15 22:18:51.135] [info] CMC::computeControls, t = 1.636
[2023-08-15 22:18:51.154] [info] CMC::computeControls, t = 1.637
[2023-08-15 22:18:51.189] [info] CMC::computeControls, t = 1.638
[2023-08-15 22:18:51.214] [info] CMC::computeControls, t = 1.639
[2023-08-15 22:18:51.251] [info] CMC::computeControls, t = 1.64
[2023-08-15 22:18:51.274] [info] CMC::computeControls, t = 1.641
[2023-08-15 22:18:51.299] [info] CMC::computeControls, t = 1.642
[2023-08-15 22:18:51.323] [info] CMC::computeControls, t = 1.643
[2023-08-15 22:18:51.338] [info] CMC::computeControls, t = 1.644
[2023-08-15 22:18:51.371] [info] CMC::computeControls, t = 1.645
[2023-08-15 22:18:51.406] [info] CMC::computeControls, t = 1.646
[2023-08-15 22:18:51.443] [info] CMC::computeControls, t = 1.647
[2023-08-15 22:18:51.471] [info] CMC::computeControls, t = 1.648
[2023-08-15 22:18:51.493] [info] CMC::computeControls, t = 1.649
[2023-08-15 22:18:51.525] [info] CMC::computeControls, t = 1.65
[2023-08-15 22:18:51.540] [info] CMC::computeControls, t = 1.651
[2023-08-15 22:18:51.565] [info] CMC::computeControls, t = 1.652
[2023-08-15 22:18:51.580] [info] CMC::computeControls, t = 1.653
[2023-08-15 22:18:51.595] [info] CMC::computeControls, t = 1.654
[2023-08-15 22:18:51.613] [info] CMC::computeControls, t = 1.655
[2023-08-15 22:18:51.628] [info] CMC::computeControls, t = 1.656
[2023-08-15 22:18:51.647] [info] CMC::computeControls, t = 1.657
[2023-08-15 22:18:51.677] [info] CMC::computeControls, t = 1.658
[2023-08-15 22:18:51.698] [info] CMC::computeControls, t = 1.659
[2023-08-15 22:18:51.724] [info] CMC::computeControls, t = 1.66
[2023-08-15 22:18:51.759] [info] CMC::computeControls, t = 1.661
[2023-08-15 22:18:51.785] [info] CMC::computeControls, t = 1.662
[2023-08-15 22:18:51.818] [info] CMC::computeControls, t = 1.663
[2023-08-15 22:18:51.833] [info] CMC::computeControls, t = 1.664
[2023-08-15 22:18:51.868] [info] CMC::computeControls, t = 1.665
[2023-08-15 22:18:51.892] [info] CMC::computeControls, t = 1.666
[2023-08-15 22:18:51.916] [info] CMC::computeControls, t = 1.667
[2023-08-15 22:18:51.946] [info] CMC::computeControls, t = 1.668
[2023-08-15 22:18:51.975] [info] CMC::computeControls, t = 1.669
[2023-08-15 22:18:52.009] [info] CMC::computeControls, t = 1.67
[2023-08-15 22:18:52.042] [info] CMC::computeControls, t = 1.671
[2023-08-15 22:18:52.065] [info] CMC::computeControls, t = 1.672
[2023-08-15 22:18:52.081] [info] CMC::computeControls, t = 1.673
[2023-08-15 22:18:52.110] [info] CMC::computeControls, t = 1.674
[2023-08-15 22:18:52.141] [info] CMC::computeControls, t = 1.675
[2023-08-15 22:18:52.168] [info] CMC::computeControls, t = 1.676
[2023-08-15 22:18:52.200] [info] CMC::computeControls, t = 1.677
[2023-08-15 22:18:52.215] [info] CMC::computeControls, t = 1.678
[2023-08-15 22:18:52.234] [info] CMC::computeControls, t = 1.679
[2023-08-15 22:18:52.258] [info] CMC::computeControls, t = 1.68
[2023-08-15 22:18:52.277] [info] CMC::computeControls, t = 1.681
[2023-08-15 22:18:52.314] [info] CMC::computeControls, t = 1.682
[2023-08-15 22:18:52.343] [info] CMC::computeControls, t = 1.683
[2023-08-15 22:18:52.359] [info] CMC::computeControls, t = 1.684
[2023-08-15 22:18:52.378] [info] CMC::computeControls, t = 1.685
[2023-08-15 22:18:52.413] [info] CMC::computeControls, t = 1.686
[2023-08-15 22:18:52.432] [info] CMC::computeControls, t = 1.687
[2023-08-15 22:18:52.454] [info] CMC::computeControls, t = 1.688
[2023-08-15 22:18:52.491] [info] CMC::computeControls, t = 1.689
[2023-08-15 22:18:52.511] [info] CMC::computeControls, t = 1.69
[2023-08-15 22:18:52.533] [info] CMC::computeControls, t = 1.691
[2023-08-15 22:18:52.551] [info] CMC::computeControls, t = 1.692
[2023-08-15 22:18:52.583] [info] CMC::computeControls, t = 1.693
[2023-08-15 22:18:52.612] [info] CMC::computeControls, t = 1.694
[2023-08-15 22:18:52.657] [info] CMC::computeControls, t = 1.695
[2023-08-15 22:18:52.674] [info] CMC::computeControls, t = 1.696
[2023-08-15 22:18:52.704] [info] CMC::computeControls, t = 1.697
[2023-08-15 22:18:52.738] [info] CMC::computeControls, t = 1.698
[2023-08-15 22:18:52.767] [info] CMC::computeControls, t = 1.699
[2023-08-15 22:18:52.782] [info] CMC::computeControls, t = 1.7
[2023-08-15 22:18:52.809] [info] CMC::computeControls, t = 1.70100
[2023-08-15 22:18:52.837] [info] CMC::computeControls, t = 1.70200
[2023-08-15 22:18:52.860] [info] CMC::computeControls, t = 1.70300
[2023-08-15 22:18:52.877] [info] CMC::computeControls, t = 1.70400
[2023-08-15 22:18:52.896] [info] CMC::computeControls, t = 1.70500
[2023-08-15 22:18:52.911] [info] CMC::computeControls, t = 1.70600
[2023-08-15 22:18:52.930] [info] CMC::computeControls, t = 1.70700
[2023-08-15 22:18:52.956] [info] CMC::computeControls, t = 1.70800
[2023-08-15 22:18:52.980] [info] CMC::computeControls, t = 1.70900
[2023-08-15 22:18:53.007] [info] CMC::computeControls, t = 1.71
[2023-08-15 22:18:53.033] [info] CMC::computeControls, t = 1.711
[2023-08-15 22:18:53.051] [info] CMC::computeControls, t = 1.712
[2023-08-15 22:18:53.071] [info] CMC::computeControls, t = 1.713
[2023-08-15 22:18:53.087] [info] CMC::computeControls, t = 1.714
[2023-08-15 22:18:53.113] [info] CMC::computeControls, t = 1.715
[2023-08-15 22:18:53.134] [info] CMC::computeControls, t = 1.716
[2023-08-15 22:18:53.160] [info] CMC::computeControls, t = 1.717
[2023-08-15 22:18:53.183] [info] CMC::computeControls, t = 1.718
[2023-08-15 22:18:53.204] [info] CMC::computeControls, t = 1.719
[2023-08-15 22:18:53.220] [info] CMC::computeControls, t = 1.72
[2023-08-15 22:18:53.235] [info] CMC::computeControls, t = 1.721
[2023-08-15 22:18:53.262] [info] CMC::computeControls, t = 1.722
[2023-08-15 22:18:53.294] [info] CMC::computeControls, t = 1.723
[2023-08-15 22:18:53.331] [info] CMC::computeControls, t = 1.724
[2023-08-15 22:18:53.364] [info] CMC::computeControls, t = 1.725
[2023-08-15 22:18:53.389] [info] CMC::computeControls, t = 1.726
[2023-08-15 22:18:53.422] [info] CMC::computeControls, t = 1.727
[2023-08-15 22:18:53.438] [info] CMC::computeControls, t = 1.728
[2023-08-15 22:18:53.458] [info] CMC::computeControls, t = 1.729
[2023-08-15 22:18:53.477] [info] CMC::computeControls, t = 1.73
[2023-08-15 22:18:53.495] [info] CMC::computeControls, t = 1.731
[2023-08-15 22:18:53.513] [info] CMC::computeControls, t = 1.732
[2023-08-15 22:18:53.538] [info] CMC::computeControls, t = 1.733
[2023-08-15 22:18:53.563] [info] CMC::computeControls, t = 1.734
[2023-08-15 22:18:53.580] [info] CMC::computeControls, t = 1.735
[2023-08-15 22:18:53.607] [info] CMC::computeControls, t = 1.736
[2023-08-15 22:18:53.646] [info] CMC::computeControls, t = 1.737
[2023-08-15 22:18:53.666] [info] CMC::computeControls, t = 1.738
[2023-08-15 22:18:53.685] [info] CMC::computeControls, t = 1.739
[2023-08-15 22:18:53.701] [info] CMC::computeControls, t = 1.74
[2023-08-15 22:18:53.735] [info] CMC::computeControls, t = 1.741
[2023-08-15 22:18:53.755] [info] CMC::computeControls, t = 1.742
[2023-08-15 22:18:53.787] [info] CMC::computeControls, t = 1.743
[2023-08-15 22:18:53.814] [info] CMC::computeControls, t = 1.744
[2023-08-15 22:18:53.843] [info] CMC::computeControls, t = 1.745
[2023-08-15 22:18:53.885] [info] CMC::computeControls, t = 1.746
[2023-08-15 22:18:53.918] [info] CMC::computeControls, t = 1.747
[2023-08-15 22:18:53.960] [info] CMC::computeControls, t = 1.748
[2023-08-15 22:18:53.992] [info] CMC::computeControls, t = 1.749
[2023-08-15 22:18:54.008] [info] CMC::computeControls, t = 1.75
[2023-08-15 22:18:54.033] [info] CMC::computeControls, t = 1.751
[2023-08-15 22:18:54.066] [info] CMC::computeControls, t = 1.752
[2023-08-15 22:18:54.096] [info] CMC::computeControls, t = 1.753
[2023-08-15 22:18:54.112] [info] CMC::computeControls, t = 1.754
[2023-08-15 22:18:54.145] [info] CMC::computeControls, t = 1.755
[2023-08-15 22:18:54.174] [info] CMC::computeControls, t = 1.756
[2023-08-15 22:18:54.216] [info] CMC::computeControls, t = 1.757
[2023-08-15 22:18:54.250] [info] CMC::computeControls, t = 1.758
[2023-08-15 22:18:54.271] [info] CMC::computeControls, t = 1.759
[2023-08-15 22:18:54.302] [info] CMC::computeControls, t = 1.76
[2023-08-15 22:18:54.329] [info] CMC::computeControls, t = 1.761
[2023-08-15 22:18:54.360] [info] CMC::computeControls, t = 1.762
[2023-08-15 22:18:54.385] [info] CMC::computeControls, t = 1.763
[2023-08-15 22:18:54.417] [info] CMC::computeControls, t = 1.764
[2023-08-15 22:18:54.446] [info] CMC::computeControls, t = 1.765
[2023-08-15 22:18:54.472] [info] CMC::computeControls, t = 1.766
[2023-08-15 22:18:54.487] [info] CMC::computeControls, t = 1.767
[2023-08-15 22:18:54.512] [info] CMC::computeControls, t = 1.768
[2023-08-15 22:18:54.531] [info] CMC::computeControls, t = 1.769
[2023-08-15 22:18:54.565] [info] CMC::computeControls, t = 1.77
[2023-08-15 22:18:54.593] [info] CMC::computeControls, t = 1.771
[2023-08-15 22:18:54.617] [info] CMC::computeControls, t = 1.772
[2023-08-15 22:18:54.633] [info] CMC::computeControls, t = 1.773
[2023-08-15 22:18:54.649] [info] CMC::computeControls, t = 1.774
[2023-08-15 22:18:54.677] [info] CMC::computeControls, t = 1.775
[2023-08-15 22:18:54.692] [info] CMC::computeControls, t = 1.776
[2023-08-15 22:18:54.708] [info] CMC::computeControls, t = 1.777
[2023-08-15 22:18:54.723] [info] CMC::computeControls, t = 1.778
[2023-08-15 22:18:54.751] [info] CMC::computeControls, t = 1.779
[2023-08-15 22:18:54.790] [info] CMC::computeControls, t = 1.78
[2023-08-15 22:18:54.814] [info] CMC::computeControls, t = 1.781
[2023-08-15 22:18:54.830] [info] CMC::computeControls, t = 1.782
[2023-08-15 22:18:54.854] [info] CMC::computeControls, t = 1.783
[2023-08-15 22:18:54.883] [info] CMC::computeControls, t = 1.784
[2023-08-15 22:18:54.909] [info] CMC::computeControls, t = 1.785
[2023-08-15 22:18:54.933] [info] CMC::computeControls, t = 1.786
[2023-08-15 22:18:54.954] [info] CMC::computeControls, t = 1.787
[2023-08-15 22:18:54.970] [info] CMC::computeControls, t = 1.788
[2023-08-15 22:18:54.989] [info] CMC::computeControls, t = 1.789
[2023-08-15 22:18:55.005] [info] CMC::computeControls, t = 1.79
[2023-08-15 22:18:55.028] [info] CMC::computeControls, t = 1.791
[2023-08-15 22:18:55.044] [info] CMC::computeControls, t = 1.792
[2023-08-15 22:18:55.066] [info] CMC::computeControls, t = 1.793
[2023-08-15 22:18:55.094] [info] CMC::computeControls, t = 1.794
[2023-08-15 22:18:55.121] [info] CMC::computeControls, t = 1.795
[2023-08-15 22:18:55.149] [info] CMC::computeControls, t = 1.796
[2023-08-15 22:18:55.190] [info] CMC::computeControls, t = 1.797
[2023-08-15 22:18:55.212] [info] CMC::computeControls, t = 1.798
[2023-08-15 22:18:55.229] [info] CMC::computeControls, t = 1.799
[2023-08-15 22:18:55.262] [info] CMC::computeControls, t = 1.8
[2023-08-15 22:18:55.300] [info] CMC::computeControls, t = 1.80100
[2023-08-15 22:18:55.322] [info] CMC::computeControls, t = 1.80200
[2023-08-15 22:18:55.358] [info] CMC::computeControls, t = 1.80300
[2023-08-15 22:18:55.384] [info] CMC::computeControls, t = 1.80400
[2023-08-15 22:18:55.399] [info] CMC::computeControls, t = 1.80500
[2023-08-15 22:18:55.424] [info] CMC::computeControls, t = 1.80600
[2023-08-15 22:18:55.449] [info] CMC::computeControls, t = 1.80700
[2023-08-15 22:18:55.484] [info] CMC::computeControls, t = 1.80800
[2023-08-15 22:18:55.513] [info] CMC::computeControls, t = 1.80900
[2023-08-15 22:18:55.532] [info] CMC::computeControls, t = 1.81
[2023-08-15 22:18:55.552] [info] CMC::computeControls, t = 1.811
[2023-08-15 22:18:55.587] [info] CMC::computeControls, t = 1.812
[2023-08-15 22:18:55.606] [info] CMC::computeControls, t = 1.813
[2023-08-15 22:18:55.634] [info] CMC::computeControls, t = 1.814
[2023-08-15 22:18:55.669] [info] CMC::computeControls, t = 1.815
[2023-08-15 22:18:55.689] [info] CMC::computeControls, t = 1.816
[2023-08-15 22:18:55.725] [info] CMC::computeControls, t = 1.817
[2023-08-15 22:18:55.760] [info] CMC::computeControls, t = 1.818
[2023-08-15 22:18:55.789] [info] CMC::computeControls, t = 1.819
[2023-08-15 22:18:55.837] [info] CMC::computeControls, t = 1.82
[2023-08-15 22:18:55.868] [info] CMC::computeControls, t = 1.821
[2023-08-15 22:18:55.903] [info] CMC::computeControls, t = 1.822
[2023-08-15 22:18:55.919] [info] CMC::computeControls, t = 1.823
[2023-08-15 22:18:55.947] [info] CMC::computeControls, t = 1.824
[2023-08-15 22:18:55.963] [info] CMC::computeControls, t = 1.825
[2023-08-15 22:18:55.981] [info] CMC::computeControls, t = 1.826
[2023-08-15 22:18:56.002] [info] CMC::computeControls, t = 1.827
[2023-08-15 22:18:56.036] [info] CMC::computeControls, t = 1.828
[2023-08-15 22:18:56.062] [info] CMC::computeControls, t = 1.829
[2023-08-15 22:18:56.089] [info] CMC::computeControls, t = 1.83
[2023-08-15 22:18:56.108] [info] CMC::computeControls, t = 1.831
[2023-08-15 22:18:56.131] [info] CMC::computeControls, t = 1.832
[2023-08-15 22:18:56.151] [info] CMC::computeControls, t = 1.833
[2023-08-15 22:18:56.169] [info] CMC::computeControls, t = 1.834
[2023-08-15 22:18:56.194] [info] CMC::computeControls, t = 1.835
[2023-08-15 22:18:56.223] [info] CMC::computeControls, t = 1.836
[2023-08-15 22:18:56.249] [info] CMC::computeControls, t = 1.837
[2023-08-15 22:18:56.271] [info] CMC::computeControls, t = 1.838
[2023-08-15 22:18:56.295] [info] CMC::computeControls, t = 1.839
[2023-08-15 22:18:56.322] [info] CMC::computeControls, t = 1.84
[2023-08-15 22:18:56.349] [info] CMC::computeControls, t = 1.841
[2023-08-15 22:18:56.376] [info] CMC::computeControls, t = 1.842
[2023-08-15 22:18:56.391] [info] CMC::computeControls, t = 1.843
[2023-08-15 22:18:56.418] [info] CMC::computeControls, t = 1.844
[2023-08-15 22:18:56.436] [info] CMC::computeControls, t = 1.845
[2023-08-15 22:18:56.452] [info] CMC::computeControls, t = 1.846
[2023-08-15 22:18:56.477] [info] CMC::computeControls, t = 1.847
[2023-08-15 22:18:56.493] [info] CMC::computeControls, t = 1.848
[2023-08-15 22:18:56.530] [info] CMC::computeControls, t = 1.849
[2023-08-15 22:18:56.557] [info] CMC::computeControls, t = 1.85
[2023-08-15 22:18:56.584] [info] CMC::computeControls, t = 1.851
[2023-08-15 22:18:56.609] [info] CMC::computeControls, t = 1.852
[2023-08-15 22:18:56.637] [info] CMC::computeControls, t = 1.853
[2023-08-15 22:18:56.663] [info] CMC::computeControls, t = 1.854
[2023-08-15 22:18:56.692] [info] CMC::computeControls, t = 1.855
[2023-08-15 22:18:56.723] [info] CMC::computeControls, t = 1.856
[2023-08-15 22:18:56.741] [info] CMC::computeControls, t = 1.857
[2023-08-15 22:18:56.767] [info] CMC::computeControls, t = 1.858
[2023-08-15 22:18:56.795] [info] CMC::computeControls, t = 1.859
[2023-08-15 22:18:56.821] [info] CMC::computeControls, t = 1.86
[2023-08-15 22:18:56.867] [info] CMC::computeControls, t = 1.861
[2023-08-15 22:18:56.902] [info] CMC::computeControls, t = 1.862
[2023-08-15 22:18:56.917] [info] CMC::computeControls, t = 1.863
[2023-08-15 22:18:56.934] [info] CMC::computeControls, t = 1.864
[2023-08-15 22:18:56.949] [info] CMC::computeControls, t = 1.865
[2023-08-15 22:18:56.979] [info] CMC::computeControls, t = 1.866
[2023-08-15 22:18:57.011] [info] CMC::computeControls, t = 1.867
[2023-08-15 22:18:57.045] [info] CMC::computeControls, t = 1.868
[2023-08-15 22:18:57.081] [info] CMC::computeControls, t = 1.869
[2023-08-15 22:18:57.119] [info] CMC::computeControls, t = 1.87
[2023-08-15 22:18:57.144] [info] CMC::computeControls, t = 1.871
[2023-08-15 22:18:57.168] [info] CMC::computeControls, t = 1.872
[2023-08-15 22:18:57.202] [info] CMC::computeControls, t = 1.873
[2023-08-15 22:18:57.237] [info] CMC::computeControls, t = 1.874
[2023-08-15 22:18:57.269] [info] CMC::computeControls, t = 1.875
[2023-08-15 22:18:57.289] [info] CMC::computeControls, t = 1.876
[2023-08-15 22:18:57.318] [info] CMC::computeControls, t = 1.877
[2023-08-15 22:18:57.349] [info] CMC::computeControls, t = 1.878
[2023-08-15 22:18:57.372] [info] CMC::computeControls, t = 1.879
[2023-08-15 22:18:57.406] [info] CMC::computeControls, t = 1.88
[2023-08-15 22:18:57.441] [info] CMC::computeControls, t = 1.881
[2023-08-15 22:18:57.458] [info] CMC::computeControls, t = 1.882
[2023-08-15 22:18:57.474] [info] CMC::computeControls, t = 1.883
[2023-08-15 22:18:57.502] [info] CMC::computeControls, t = 1.884
[2023-08-15 22:18:57.527] [info] CMC::computeControls, t = 1.885
[2023-08-15 22:18:57.543] [info] CMC::computeControls, t = 1.886
[2023-08-15 22:18:57.559] [info] CMC::computeControls, t = 1.887
[2023-08-15 22:18:57.584] [info] CMC::computeControls, t = 1.888
[2023-08-15 22:18:57.611] [info] CMC::computeControls, t = 1.889
[2023-08-15 22:18:57.634] [info] CMC::computeControls, t = 1.89
[2023-08-15 22:18:57.654] [info] CMC::computeControls, t = 1.891
[2023-08-15 22:18:57.675] [info] CMC::computeControls, t = 1.892
[2023-08-15 22:18:57.697] [info] CMC::computeControls, t = 1.893
[2023-08-15 22:18:57.715] [info] CMC::computeControls, t = 1.894
[2023-08-15 22:18:57.742] [info] CMC::computeControls, t = 1.895
[2023-08-15 22:18:57.770] [info] CMC::computeControls, t = 1.896
[2023-08-15 22:18:57.795] [info] CMC::computeControls, t = 1.897
[2023-08-15 22:18:57.815] [info] CMC::computeControls, t = 1.898
[2023-08-15 22:18:57.839] [info] CMC::computeControls, t = 1.899
[2023-08-15 22:18:57.868] [info] CMC::computeControls, t = 1.9
[2023-08-15 22:18:57.897] [info] CMC::computeControls, t = 1.90100
[2023-08-15 22:18:57.913] [info] CMC::computeControls, t = 1.90200
[2023-08-15 22:18:57.950] [info] CMC::computeControls, t = 1.90300
[2023-08-15 22:18:57.969] [info] CMC::computeControls, t = 1.90400
[2023-08-15 22:18:57.986] [info] CMC::computeControls, t = 1.90500
[2023-08-15 22:18:58.010] [info] CMC::computeControls, t = 1.90600
[2023-08-15 22:18:58.037] [info] CMC::computeControls, t = 1.90700
[2023-08-15 22:18:58.054] [info] CMC::computeControls, t = 1.90800
[2023-08-15 22:18:58.079] [info] CMC::computeControls, t = 1.90900
[2023-08-15 22:18:58.104] [info] CMC::computeControls, t = 1.91
[2023-08-15 22:18:58.135] [info] CMC::computeControls, t = 1.911
[2023-08-15 22:18:58.157] [info] CMC::computeControls, t = 1.912
[2023-08-15 22:18:58.194] [info] CMC::computeControls, t = 1.913
[2023-08-15 22:18:58.215] [info] CMC::computeControls, t = 1.914
[2023-08-15 22:18:58.233] [info] CMC::computeControls, t = 1.915
[2023-08-15 22:18:58.251] [info] CMC::computeControls, t = 1.916
[2023-08-15 22:18:58.283] [info] CMC::computeControls, t = 1.917
[2023-08-15 22:18:58.325] [info] CMC::computeControls, t = 1.918
[2023-08-15 22:18:58.361] [info] CMC::computeControls, t = 1.919
[2023-08-15 22:18:58.380] [info] CMC::computeControls, t = 1.92
[2023-08-15 22:18:58.403] [info] CMC::computeControls, t = 1.921
[2023-08-15 22:18:58.427] [info] CMC::computeControls, t = 1.922
[2023-08-15 22:18:58.443] [info] CMC::computeControls, t = 1.923
[2023-08-15 22:18:58.467] [info] CMC::computeControls, t = 1.924
[2023-08-15 22:18:58.502] [info] CMC::computeControls, t = 1.925
[2023-08-15 22:18:58.547] [info] CMC::computeControls, t = 1.926
[2023-08-15 22:18:58.566] [info] CMC::computeControls, t = 1.927
[2023-08-15 22:18:58.587] [info] CMC::computeControls, t = 1.928
[2023-08-15 22:18:58.621] [info] CMC::computeControls, t = 1.929
[2023-08-15 22:18:58.642] [info] CMC::computeControls, t = 1.93
[2023-08-15 22:18:58.677] [info] CMC::computeControls, t = 1.931
[2023-08-15 22:18:58.702] [info] CMC::computeControls, t = 1.932
[2023-08-15 22:18:58.742] [info] CMC::computeControls, t = 1.933
[2023-08-15 22:18:58.783] [info] CMC::computeControls, t = 1.934
[2023-08-15 22:18:58.800] [info] CMC::computeControls, t = 1.935
[2023-08-15 22:18:58.817] [info] CMC::computeControls, t = 1.936
[2023-08-15 22:18:58.839] [info] CMC::computeControls, t = 1.937
[2023-08-15 22:18:58.869] [info] CMC::computeControls, t = 1.938
[2023-08-15 22:18:58.897] [info] CMC::computeControls, t = 1.939
[2023-08-15 22:18:58.918] [info] CMC::computeControls, t = 1.94
[2023-08-15 22:18:58.944] [info] CMC::computeControls, t = 1.941
[2023-08-15 22:18:58.982] [info] CMC::computeControls, t = 1.942
[2023-08-15 22:18:59.012] [info] CMC::computeControls, t = 1.943
[2023-08-15 22:18:59.045] [info] CMC::computeControls, t = 1.944
[2023-08-15 22:18:59.072] [info] CMC::computeControls, t = 1.945
[2023-08-15 22:18:59.090] [info] CMC::computeControls, t = 1.946
[2023-08-15 22:18:59.106] [info] CMC::computeControls, t = 1.947
[2023-08-15 22:18:59.126] [info] CMC::computeControls, t = 1.948
[2023-08-15 22:18:59.142] [info] CMC::computeControls, t = 1.949
[2023-08-15 22:18:59.163] [info] CMC::computeControls, t = 1.95
[2023-08-15 22:18:59.190] [info] CMC::computeControls, t = 1.951
[2023-08-15 22:18:59.215] [info] CMC::computeControls, t = 1.952
[2023-08-15 22:18:59.231] [info] CMC::computeControls, t = 1.953
[2023-08-15 22:18:59.251] [info] CMC::computeControls, t = 1.954
[2023-08-15 22:18:59.274] [info] CMC::computeControls, t = 1.955
[2023-08-15 22:18:59.290] [info] CMC::computeControls, t = 1.956
[2023-08-15 22:18:59.306] [info] CMC::computeControls, t = 1.957
[2023-08-15 22:18:59.331] [info] CMC::computeControls, t = 1.958
[2023-08-15 22:18:59.347] [info] CMC::computeControls, t = 1.959
[2023-08-15 22:18:59.362] [info] CMC::computeControls, t = 1.96
[2023-08-15 22:18:59.390] [info] CMC::computeControls, t = 1.961
[2023-08-15 22:18:59.407] [info] CMC::computeControls, t = 1.962
[2023-08-15 22:18:59.436] [info] CMC::computeControls, t = 1.963
[2023-08-15 22:18:59.461] [info] CMC::computeControls, t = 1.964
[2023-08-15 22:18:59.481] [info] CMC::computeControls, t = 1.965
[2023-08-15 22:18:59.497] [info] CMC::computeControls, t = 1.966
[2023-08-15 22:18:59.519] [info] CMC::computeControls, t = 1.967
[2023-08-15 22:18:59.538] [info] CMC::computeControls, t = 1.968
[2023-08-15 22:18:59.573] [info] CMC::computeControls, t = 1.969
[2023-08-15 22:18:59.599] [info] CMC::computeControls, t = 1.97
[2023-08-15 22:18:59.615] [info] CMC::computeControls, t = 1.971
[2023-08-15 22:18:59.646] [info] CMC::computeControls, t = 1.972
[2023-08-15 22:18:59.677] [info] CMC::computeControls, t = 1.973
[2023-08-15 22:18:59.716] [info] CMC::computeControls, t = 1.974
[2023-08-15 22:18:59.736] [info] CMC::computeControls, t = 1.975
[2023-08-15 22:18:59.757] [info] CMC::computeControls, t = 1.976
[2023-08-15 22:18:59.773] [info] CMC::computeControls, t = 1.977
[2023-08-15 22:18:59.789] [info] CMC::computeControls, t = 1.978
[2023-08-15 22:18:59.813] [info] CMC::computeControls, t = 1.979
[2023-08-15 22:18:59.842] [info] CMC::computeControls, t = 1.98
[2023-08-15 22:18:59.880] [info] CMC::computeControls, t = 1.981
[2023-08-15 22:18:59.917] [info] CMC::computeControls, t = 1.982
[2023-08-15 22:18:59.943] [info] CMC::computeControls, t = 1.983
[2023-08-15 22:18:59.971] [info] CMC::computeControls, t = 1.984
[2023-08-15 22:18:59.993] [info] CMC::computeControls, t = 1.985
[2023-08-15 22:19:00.031] [info] CMC::computeControls, t = 1.986
[2023-08-15 22:19:00.057] [info] CMC::computeControls, t = 1.987
[2023-08-15 22:19:00.081] [info] CMC::computeControls, t = 1.988
[2023-08-15 22:19:00.108] [info] CMC::computeControls, t = 1.989
[2023-08-15 22:19:00.145] [info] CMC::computeControls, t = 1.99
[2023-08-15 22:19:00.170] [info] CMC::computeControls, t = 1.991
[2023-08-15 22:19:00.194] [info] CMC::computeControls, t = 1.992
[2023-08-15 22:19:00.214] [info] CMC::computeControls, t = 1.993
[2023-08-15 22:19:00.242] [info] CMC::computeControls, t = 1.994
[2023-08-15 22:19:00.263] [info] CMC::computeControls, t = 1.995
[2023-08-15 22:19:00.296] [info] CMC::computeControls, t = 1.996
[2023-08-15 22:19:00.311] [info] CMC::computeControls, t = 1.997
[2023-08-15 22:19:00.330] [info] CMC::computeControls, t = 1.998
[2023-08-15 22:19:00.352] [info] CMC::computeControls, t = 1.999
[2023-08-15 22:19:00.377] [info] CMC::computeControls, t = 2.0
[2023-08-15 22:19:00.399] [info] CMC::computeControls, t = 2.00100
[2023-08-15 22:19:00.426] [info] CMC::computeControls, t = 2.00200
[2023-08-15 22:19:00.449] [info] CMC::computeControls, t = 2.00300
[2023-08-15 22:19:00.472] [info] CMC::computeControls, t = 2.00400
[2023-08-15 22:19:00.490] [info] CMC::computeControls, t = 2.00500
[2023-08-15 22:19:00.523] [info] CMC::computeControls, t = 2.00600
[2023-08-15 22:19:00.555] [info] CMC::computeControls, t = 2.00700
[2023-08-15 22:19:00.582] [info] CMC::computeControls, t = 2.00800
[2023-08-15 22:19:00.617] [info] CMC::computeControls, t = 2.00900
[2023-08-15 22:19:00.643] [info] CMC::computeControls, t = 2.01
[2023-08-15 22:19:00.660] [info] CMC::computeControls, t = 2.011
[2023-08-15 22:19:00.677] [info] CMC::computeControls, t = 2.012
[2023-08-15 22:19:00.697] [info] CMC::computeControls, t = 2.013
[2023-08-15 22:19:00.715] [info] CMC::computeControls, t = 2.014
[2023-08-15 22:19:00.740] [info] CMC::computeControls, t = 2.015
[2023-08-15 22:19:00.756] [info] CMC::computeControls, t = 2.016
[2023-08-15 22:19:00.782] [info] CMC::computeControls, t = 2.017
[2023-08-15 22:19:00.810] [info] CMC::computeControls, t = 2.018
[2023-08-15 22:19:00.827] [info] CMC::computeControls, t = 2.019
[2023-08-15 22:19:00.854] [info] CMC::computeControls, t = 2.02
[2023-08-15 22:19:00.881] [info] CMC::computeControls, t = 2.021
[2023-08-15 22:19:00.909] [info] CMC::computeControls, t = 2.022
[2023-08-15 22:19:00.935] [info] CMC::computeControls, t = 2.023
[2023-08-15 22:19:00.977] [info] CMC::computeControls, t = 2.024
[2023-08-15 22:19:01.005] [info] CMC::computeControls, t = 2.025
[2023-08-15 22:19:01.033] [info] CMC::computeControls, t = 2.026
[2023-08-15 22:19:01.055] [info] CMC::computeControls, t = 2.027
[2023-08-15 22:19:01.084] [info] CMC::computeControls, t = 2.028
[2023-08-15 22:19:01.106] [info] CMC::computeControls, t = 2.029
[2023-08-15 22:19:01.130] [info] CMC::computeControls, t = 2.03
[2023-08-15 22:19:01.159] [info] CMC::computeControls, t = 2.031
[2023-08-15 22:19:01.189] [info] CMC::computeControls, t = 2.032
[2023-08-15 22:19:01.210] [info] CMC::computeControls, t = 2.033
[2023-08-15 22:19:01.235] [info] CMC::computeControls, t = 2.034
[2023-08-15 22:19:01.270] [info] CMC::computeControls, t = 2.035
[2023-08-15 22:19:01.301] [info] CMC::computeControls, t = 2.036
[2023-08-15 22:19:01.323] [info] CMC::computeControls, t = 2.037
[2023-08-15 22:19:01.348] [info] CMC::computeControls, t = 2.038
[2023-08-15 22:19:01.379] [info] CMC::computeControls, t = 2.039
[2023-08-15 22:19:01.411] [info] CMC::computeControls, t = 2.04
[2023-08-15 22:19:01.438] [info] CMC::computeControls, t = 2.041
[2023-08-15 22:19:01.472] [info] CMC::computeControls, t = 2.042
[2023-08-15 22:19:01.495] [info] CMC::computeControls, t = 2.043
[2023-08-15 22:19:01.511] [info] CMC::computeControls, t = 2.044
[2023-08-15 22:19:01.537] [info] CMC::computeControls, t = 2.045
[2023-08-15 22:19:01.576] [info] CMC::computeControls, t = 2.046
[2023-08-15 22:19:01.618] [info] CMC::computeControls, t = 2.047
[2023-08-15 22:19:01.644] [info] CMC::computeControls, t = 2.048
[2023-08-15 22:19:01.680] [info] CMC::computeControls, t = 2.049
[2023-08-15 22:19:01.714] [info] CMC::computeControls, t = 2.05
[2023-08-15 22:19:01.730] [info] CMC::computeControls, t = 2.051
[2023-08-15 22:19:01.751] [info] CMC::computeControls, t = 2.052
[2023-08-15 22:19:01.771] [info] CMC::computeControls, t = 2.053
[2023-08-15 22:19:01.798] [info] CMC::computeControls, t = 2.054
[2023-08-15 22:19:01.832] [info] CMC::computeControls, t = 2.055
[2023-08-15 22:19:01.847] [info] CMC::computeControls, t = 2.056
[2023-08-15 22:19:01.875] [info] CMC::computeControls, t = 2.057
[2023-08-15 22:19:01.890] [info] CMC::computeControls, t = 2.058
[2023-08-15 22:19:01.912] [info] CMC::computeControls, t = 2.059
[2023-08-15 22:19:01.931] [info] CMC::computeControls, t = 2.06
[2023-08-15 22:19:01.949] [info] CMC::computeControls, t = 2.061
[2023-08-15 22:19:01.986] [info] CMC::computeControls, t = 2.062
[2023-08-15 22:19:02.008] [info] CMC::computeControls, t = 2.063
[2023-08-15 22:19:02.040] [info] CMC::computeControls, t = 2.064
[2023-08-15 22:19:02.082] [info] CMC::computeControls, t = 2.065
[2023-08-15 22:19:02.101] [info] CMC::computeControls, t = 2.066
[2023-08-15 22:19:02.148] [info] CMC::computeControls, t = 2.067
[2023-08-15 22:19:02.170] [info] CMC::computeControls, t = 2.068
[2023-08-15 22:19:02.188] [info] CMC::computeControls, t = 2.069
[2023-08-15 22:19:02.203] [info] CMC::computeControls, t = 2.07
[2023-08-15 22:19:02.221] [info] CMC::computeControls, t = 2.071
[2023-08-15 22:19:02.258] [info] CMC::computeControls, t = 2.072
[2023-08-15 22:19:02.273] [info] CMC::computeControls, t = 2.073
[2023-08-15 22:19:02.292] [info] CMC::computeControls, t = 2.074
[2023-08-15 22:19:02.313] [info] CMC::computeControls, t = 2.075
[2023-08-15 22:19:02.359] [info] CMC::computeControls, t = 2.076
[2023-08-15 22:19:02.387] [info] CMC::computeControls, t = 2.077
[2023-08-15 22:19:02.413] [info] CMC::computeControls, t = 2.078
[2023-08-15 22:19:02.447] [info] CMC::computeControls, t = 2.079
[2023-08-15 22:19:02.470] [info] CMC::computeControls, t = 2.08
[2023-08-15 22:19:02.485] [info] CMC::computeControls, t = 2.081
[2023-08-15 22:19:02.514] [info] CMC::computeControls, t = 2.082
[2023-08-15 22:19:02.529] [info] CMC::computeControls, t = 2.083
[2023-08-15 22:19:02.547] [info] CMC::computeControls, t = 2.084
[2023-08-15 22:19:02.566] [info] CMC::computeControls, t = 2.085
[2023-08-15 22:19:02.592] [info] CMC::computeControls, t = 2.086
[2023-08-15 22:19:02.609] [info] CMC::computeControls, t = 2.087
[2023-08-15 22:19:02.629] [info] CMC::computeControls, t = 2.088
[2023-08-15 22:19:02.664] [info] CMC::computeControls, t = 2.089
[2023-08-15 22:19:02.688] [info] CMC::computeControls, t = 2.09
[2023-08-15 22:19:02.715] [info] CMC::computeControls, t = 2.091
[2023-08-15 22:19:02.731] [info] CMC::computeControls, t = 2.092
[2023-08-15 22:19:02.750] [info] CMC::computeControls, t = 2.093
[2023-08-15 22:19:02.780] [info] CMC::computeControls, t = 2.094
[2023-08-15 22:19:02.799] [info] CMC::computeControls, t = 2.095
[2023-08-15 22:19:02.821] [info] CMC::computeControls, t = 2.096
[2023-08-15 22:19:02.851] [info] CMC::computeControls, t = 2.097
[2023-08-15 22:19:02.885] [info] CMC::computeControls, t = 2.098
[2023-08-15 22:19:02.900] [info] CMC::computeControls, t = 2.099
[2023-08-15 22:19:02.938] [info] CMC::computeControls, t = 2.1
[2023-08-15 22:19:02.972] [info] CMC::computeControls, t = 2.10100
[2023-08-15 22:19:02.994] [info] CMC::computeControls, t = 2.10200
[2023-08-15 22:19:03.017] [info] CMC::computeControls, t = 2.10300
[2023-08-15 22:19:03.050] [info] CMC::computeControls, t = 2.10400
[2023-08-15 22:19:03.088] [info] CMC::computeControls, t = 2.10500
[2023-08-15 22:19:03.131] [info] CMC::computeControls, t = 2.10600
[2023-08-15 22:19:03.159] [info] CMC::computeControls, t = 2.10700
[2023-08-15 22:19:03.186] [info] CMC::computeControls, t = 2.10800
[2023-08-15 22:19:03.201] [info] CMC::computeControls, t = 2.10900
[2023-08-15 22:19:03.232] [info] CMC::computeControls, t = 2.11
[2023-08-15 22:19:03.259] [info] CMC::computeControls, t = 2.111
[2023-08-15 22:19:03.286] [info] CMC::computeControls, t = 2.112
[2023-08-15 22:19:03.318] [info] CMC::computeControls, t = 2.113
[2023-08-15 22:19:03.355] [info] CMC::computeControls, t = 2.114
[2023-08-15 22:19:03.391] [info] CMC::computeControls, t = 2.115
[2023-08-15 22:19:03.432] [info] CMC::computeControls, t = 2.116
[2023-08-15 22:19:03.459] [info] CMC::computeControls, t = 2.117
[2023-08-15 22:19:03.474] [info] CMC::computeControls, t = 2.118
[2023-08-15 22:19:03.498] [info] CMC::computeControls, t = 2.119
[2023-08-15 22:19:03.521] [info] CMC::computeControls, t = 2.12
[2023-08-15 22:19:03.546] [info] CMC::computeControls, t = 2.121
[2023-08-15 22:19:03.562] [info] CMC::computeControls, t = 2.122
[2023-08-15 22:19:03.579] [info] CMC::computeControls, t = 2.123
[2023-08-15 22:19:03.604] [info] CMC::computeControls, t = 2.124
[2023-08-15 22:19:03.619] [info] CMC::computeControls, t = 2.125
[2023-08-15 22:19:03.646] [info] CMC::computeControls, t = 2.126
[2023-08-15 22:19:03.672] [info] CMC::computeControls, t = 2.127
[2023-08-15 22:19:03.706] [info] CMC::computeControls, t = 2.128
[2023-08-15 22:19:03.735] [info] CMC::computeControls, t = 2.129
[2023-08-15 22:19:03.753] [info] CMC::computeControls, t = 2.13
[2023-08-15 22:19:03.774] [info] CMC::computeControls, t = 2.131
[2023-08-15 22:19:03.803] [info] CMC::computeControls, t = 2.132
[2023-08-15 22:19:03.825] [info] CMC::computeControls, t = 2.133
[2023-08-15 22:19:03.842] [info] CMC::computeControls, t = 2.134
[2023-08-15 22:19:03.861] [info] CMC::computeControls, t = 2.135
[2023-08-15 22:19:03.888] [info] CMC::computeControls, t = 2.136
[2023-08-15 22:19:03.929] [info] CMC::computeControls, t = 2.137
[2023-08-15 22:19:03.946] [info] CMC::computeControls, t = 2.138
[2023-08-15 22:19:03.963] [info] CMC::computeControls, t = 2.139
[2023-08-15 22:19:03.983] [info] CMC::computeControls, t = 2.14
[2023-08-15 22:19:03.999] [info] CMC::computeControls, t = 2.141
[2023-08-15 22:19:04.024] [info] CMC::computeControls, t = 2.142
[2023-08-15 22:19:04.040] [info] CMC::computeControls, t = 2.143
[2023-08-15 22:19:04.073] [info] CMC::computeControls, t = 2.144
[2023-08-15 22:19:04.106] [info] CMC::computeControls, t = 2.145
[2023-08-15 22:19:04.138] [info] CMC::computeControls, t = 2.146
[2023-08-15 22:19:04.155] [info] CMC::computeControls, t = 2.147
[2023-08-15 22:19:04.192] [info] CMC::computeControls, t = 2.148
[2023-08-15 22:19:04.226] [info] CMC::computeControls, t = 2.149
[2023-08-15 22:19:04.246] [info] CMC::computeControls, t = 2.15
[2023-08-15 22:19:04.264] [info] CMC::computeControls, t = 2.151
[2023-08-15 22:19:04.289] [info] CMC::computeControls, t = 2.152
[2023-08-15 22:19:04.308] [info] CMC::computeControls, t = 2.153
[2023-08-15 22:19:04.339] [info] CMC::computeControls, t = 2.154
[2023-08-15 22:19:04.360] [info] CMC::computeControls, t = 2.155
[2023-08-15 22:19:04.375] [info] CMC::computeControls, t = 2.156
[2023-08-15 22:19:04.405] [info] CMC::computeControls, t = 2.157
[2023-08-15 22:19:04.447] [info] CMC::computeControls, t = 2.158
[2023-08-15 22:19:04.469] [info] CMC::computeControls, t = 2.159
[2023-08-15 22:19:04.484] [info] CMC::computeControls, t = 2.16
[2023-08-15 22:19:04.512] [info] CMC::computeControls, t = 2.161
[2023-08-15 22:19:04.529] [info] CMC::computeControls, t = 2.162
[2023-08-15 22:19:04.560] [info] CMC::computeControls, t = 2.163
[2023-08-15 22:19:04.583] [info] CMC::computeControls, t = 2.164
[2023-08-15 22:19:04.616] [info] CMC::computeControls, t = 2.165
[2023-08-15 22:19:04.646] [info] CMC::computeControls, t = 2.166
[2023-08-15 22:19:04.675] [info] CMC::computeControls, t = 2.167
[2023-08-15 22:19:04.698] [info] CMC::computeControls, t = 2.168
[2023-08-15 22:19:04.726] [info] CMC::computeControls, t = 2.169
[2023-08-15 22:19:04.746] [info] CMC::computeControls, t = 2.17
[2023-08-15 22:19:04.769] [info] CMC::computeControls, t = 2.171
[2023-08-15 22:19:04.809] [info] CMC::computeControls, t = 2.172
[2023-08-15 22:19:04.841] [info] CMC::computeControls, t = 2.173
[2023-08-15 22:19:04.870] [info] CMC::computeControls, t = 2.174
[2023-08-15 22:19:04.896] [info] CMC::computeControls, t = 2.175
[2023-08-15 22:19:04.914] [info] CMC::computeControls, t = 2.176
[2023-08-15 22:19:04.930] [info] CMC::computeControls, t = 2.177
[2023-08-15 22:19:04.946] [info] CMC::computeControls, t = 2.178
[2023-08-15 22:19:04.972] [info] CMC::computeControls, t = 2.179
[2023-08-15 22:19:04.991] [info] CMC::computeControls, t = 2.18
[2023-08-15 22:19:05.008] [info] CMC::computeControls, t = 2.181
[2023-08-15 22:19:05.024] [info] CMC::computeControls, t = 2.182
[2023-08-15 22:19:05.057] [info] CMC::computeControls, t = 2.183
[2023-08-15 22:19:05.094] [info] CMC::computeControls, t = 2.184
[2023-08-15 22:19:05.118] [info] CMC::computeControls, t = 2.185
[2023-08-15 22:19:05.143] [info] CMC::computeControls, t = 2.186
[2023-08-15 22:19:05.165] [info] CMC::computeControls, t = 2.187
[2023-08-15 22:19:05.200] [info] CMC::computeControls, t = 2.188
[2023-08-15 22:19:05.226] [info] CMC::computeControls, t = 2.189
[2023-08-15 22:19:05.257] [info] CMC::computeControls, t = 2.19
[2023-08-15 22:19:05.297] [info] CMC::computeControls, t = 2.191
[2023-08-15 22:19:05.336] [info] CMC::computeControls, t = 2.192
[2023-08-15 22:19:05.356] [info] CMC::computeControls, t = 2.193
[2023-08-15 22:19:05.383] [info] CMC::computeControls, t = 2.194
[2023-08-15 22:19:05.398] [info] CMC::computeControls, t = 2.195
[2023-08-15 22:19:05.420] [info] CMC::computeControls, t = 2.196
[2023-08-15 22:19:05.450] [info] CMC::computeControls, t = 2.197
[2023-08-15 22:19:05.473] [info] CMC::computeControls, t = 2.198
[2023-08-15 22:19:05.500] [info] CMC::computeControls, t = 2.199
[2023-08-15 22:19:05.537] [info] CMC::computeControls, t = 2.2
[2023-08-15 22:19:05.565] [info] CMC::computeControls, t = 2.20100
[2023-08-15 22:19:05.594] [info] CMC::computeControls, t = 2.20200
[2023-08-15 22:19:05.624] [info] CMC::computeControls, t = 2.20300
[2023-08-15 22:19:05.652] [info] CMC::computeControls, t = 2.20400
[2023-08-15 22:19:05.687] [info] CMC::computeControls, t = 2.20500
[2023-08-15 22:19:05.733] [info] CMC::computeControls, t = 2.20600
[2023-08-15 22:19:05.774] [info] CMC::computeControls, t = 2.20700
[2023-08-15 22:19:05.807] [info] CMC::computeControls, t = 2.20800
[2023-08-15 22:19:05.833] [info] CMC::computeControls, t = 2.20900
[2023-08-15 22:19:05.851] [info] CMC::computeControls, t = 2.21
[2023-08-15 22:19:05.876] [info] CMC::computeControls, t = 2.211
[2023-08-15 22:19:05.899] [info] CMC::computeControls, t = 2.212
[2023-08-15 22:19:05.928] [info] CMC::computeControls, t = 2.213
[2023-08-15 22:19:05.952] [info] CMC::computeControls, t = 2.214
[2023-08-15 22:19:05.970] [info] CMC::computeControls, t = 2.215
[2023-08-15 22:19:05.989] [info] CMC::computeControls, t = 2.216
[2023-08-15 22:19:06.004] [info] CMC::computeControls, t = 2.217
[2023-08-15 22:19:06.020] [info] CMC::computeControls, t = 2.218
[2023-08-15 22:19:06.052] [info] CMC::computeControls, t = 2.219
[2023-08-15 22:19:06.086] [info] CMC::computeControls, t = 2.22
[2023-08-15 22:19:06.126] [info] CMC::computeControls, t = 2.221
[2023-08-15 22:19:06.143] [info] CMC::computeControls, t = 2.222
[2023-08-15 22:19:06.169] [info] CMC::computeControls, t = 2.223
[2023-08-15 22:19:06.195] [info] CMC::computeControls, t = 2.224
[2023-08-15 22:19:06.221] [info] CMC::computeControls, t = 2.225
[2023-08-15 22:19:06.252] [info] -------------------------------------------
[2023-08-15 22:19:06.252] [info] Finished tracking the specified kinematics:
[2023-08-15 22:19:06.252] [info] -------------------------------------------
[2023-08-15 22:19:06.252] [info]  -- Start time = Tue Aug 15 22:18:50 2023
[2023-08-15 22:19:06.253] [info]  -- Finish time = Tue Aug 15 22:19:06 2023
[2023-08-15 22:19:06.253] [info]  -- Elapsed time = 16.0 seconds.
[2023-08-15 22:19:06.253] [info] -------------------------------------------
[2023-08-15 22:19:06.253] [info] 
[2023-08-15 22:19:06.253] [info] Printing results of investigation subject08_run5_cycle3_iter3 to cycle3/
[2023-08-15 22:19:06.816] [info] 

************************************************************
*      Summary of Mass Adjustments to Reduce Residuals     *
************************************************************
* Body adjusted: torso
* Mass Center (COM) adjustment: dx =-0.00786686, dz =0.0042788
* New COM location: ~[0.0429813,0.33222,-0.0352976]
************************************************************
* Recommended mass adjustments:                             
*  Total mass change: 0.00281897
*  pelvis: orig mass = 12.7389, new mass = 12.7393
*  femur_r: orig mass = 10.061, new mass = 10.0613
*  tibia_r: orig mass = 4.01031, new mass = 4.01045
*  talus_r: orig mass = 0.108167, new mass = 0.108171
*  calcn_r: orig mass = 1.3521, new mass = 1.35215
*  toes_r: orig mass = 0.23429, new mass = 0.234298
*  femur_l: orig mass = 10.061, new mass = 10.0613
*  tibia_l: orig mass = 4.01031, new mass = 4.01045
*  talus_l: orig mass = 0.108167, new mass = 0.108171
*  calcn_l: orig mass = 1.3521, new mass = 1.35215
*  toes_l: orig mass = 0.23429, new mass = 0.234298
*  torso: orig mass = 29.0177, new mass = 29.0187
*  humerus_r: orig mass = 2.19851, new mass = 2.19859
*  ulna_r: orig mass = 0.657116, new mass = 0.657139
*  radius_r: orig mass = 0.657116, new mass = 0.657139
*  hand_r: orig mass = 0.494866, new mass = 0.494883
*  humerus_l: orig mass = 2.19851, new mass = 2.19859
*  ulna_l: orig mass = 0.657116, new mass = 0.657139
*  radius_l: orig mass = 0.657116, new mass = 0.657139
*  hand_l: orig mass = 0.494866, new mass = 0.494883
************************************************************
* Note: Edit the model to make recommended adjustments to  *
*       mass properties.                                   *
************************************************************

* Average residuals before adjusting torso COM:
*  FX=-1.97024 FY=-0.0276447 FZ=1.00551
*  MX=-1.2176 MY=-0.493949 MZ=-2.23864
************************************************************
* Average residuals after adjusting torso COM:
*  FX=-1.95628 FY=0.111042 FZ=1.25541
*  MX=0.278812 MY=-0.709038 MZ=0.0599941
************************************************************


[2023-08-15 22:19:06.816] [info] 
************************************************************
*                   Final Average Residuals                *
************************************************************
* After torso COM and Kinematics adjustments:
*  FX=-0.913482 FY=0.351273 FZ=0.0422058
*  MX=-0.380853 MY=-0.589301 MZ=-0.582141
************************************************************


