[2023-08-15 22:31:41.965] [info] AbstractTool subject17_run5_cycle1_iter1 loading model ..\..\..\model\subject17_adjusted_scaled.osim
[2023-08-15 22:31:42.006] [info] Loaded model subject17_scaled from file ..\..\..\model\subject17_adjusted_scaled.osim
[2023-08-15 22:31:42.033] [info] Adding force object set from ..\subject17_run5_RRA_Actuators.xml
[2023-08-15 22:31:42.053] [info] Running tool subject17_run5_cycle1_iter1.
[2023-08-15 22:31:42.068] [warning] ExternalLoads 'externalloads' has subcomponents with duplicate name 'externalforce'. The duplicate is being renamed to 'externalforce_0'.
[2023-08-15 22:31:42.115] [info] 	taskSet size = 29.
[2023-08-15 22:31:42.174] [info] ExternalForce::externalforce Data source being set to Run_500 01_newCOP3_v24.mot
[2023-08-15 22:31:42.174] [info] ExternalForce::externalforce_0 Data source being set to Run_500 01_newCOP3_v24.mot
[2023-08-15 22:31:42.180] [warning] A desired points file was not specified.
[2023-08-15 22:31:42.180] [info] Loading desired kinematics from file '..\..\..\ik\Run_5.mot'...
[2023-08-15 22:31:42.180] [info] Old version storage/motion file encountered
[2023-08-15 22:31:42.180] [info] Storage: read data file = ..\..\..\ik\Run_5.mot (nr=565 nc=164)
[2023-08-15 22:31:42.180] [info] .. assuming rotations in Degrees..
[2023-08-15 22:31:42.252] [info] Low-pass filtering desired kinematics with a cutoff frequency of 15.0...
[2023-08-15 22:31:44.255] [cout] [info] MODEL: subject17_scaled

numStates = 74
numCoordinates = 37
numSpeeds = 37
numActuators = 29
numBodies = 20
numConstraints = 0
numProbes = 0

ANALYSES (total: 0)

BODIES (total: 20)
body[0] = pelvis. mass: 10.7245
              moments of inertia:  ~[0.0849368,0.0719649,0.0478389]
              products of inertia: ~[0,0,0]
body[1] = femur_r. mass: 8.47013
              moments of inertia:  ~[0.121748,0.0319145,0.128385]
              products of inertia: ~[0,0,0]
body[2] = tibia_r. mass: 3.37616
              moments of inertia:  ~[0.0479256,0.00484962,0.0485912]
              products of inertia: ~[0,0,0]
body[3] = talus_r. mass: 0.0910629
              moments of inertia:  ~[0.000951746,0.000951746,0.000951746]
              products of inertia: ~[0,0,0]
body[4] = calcn_r. mass: 1.13829
              moments of inertia:  ~[0.00133244,0.00371181,0.00390216]
              products of inertia: ~[0,0,0]
body[5] = toes_r. mass: 0.197242
              moments of inertia:  ~[9.51746e-05,0.000190349,0.000951746]
              products of inertia: ~[0,0,0]
body[6] = femur_l. mass: 8.47013
              moments of inertia:  ~[0.121748,0.0319145,0.128385]
              products of inertia: ~[0,0,0]
body[7] = tibia_l. mass: 3.37616
              moments of inertia:  ~[0.0476422,0.00428282,0.0476422]
              products of inertia: ~[0,0,0]
body[8] = talus_l. mass: 0.0910629
              moments of inertia:  ~[0.000951746,0.000951746,0.000951746]
              products of inertia: ~[0,0,0]
body[9] = calcn_l. mass: 1.13829
              moments of inertia:  ~[0.00133244,0.00371181,0.00390216]
              products of inertia: ~[0,0,0]
body[10] = toes_l. mass: 0.197242
              moments of inertia:  ~[9.51746e-05,0.000190349,0.000951746]
              products of inertia: ~[0,0,0]
body[11] = torso. mass: 24.4291
              moments of inertia:  ~[1.22035,0.625277,1.18467]
              products of inertia: ~[0,0,0]
body[12] = humerus_r. mass: 1.85085
              moments of inertia:  ~[0.00976019,0.00336696,0.0109555]
              products of inertia: ~[0,0,0]
body[13] = ulna_r. mass: 0.553207
              moments of inertia:  ~[0.00260446,0.000543402,0.00282516]
              products of inertia: ~[0,0,0]
body[14] = radius_r. mass: 0.553207
              moments of inertia:  ~[0.00260446,0.000543402,0.00282516]
              products of inertia: ~[0,0,0]
body[15] = hand_r. mass: 0.416613
              moments of inertia:  ~[0.000784328,0.000480972,0.00117825]
              products of inertia: ~[0,0,0]
body[16] = humerus_l. mass: 1.85085
              moments of inertia:  ~[0.00976019,0.00336696,0.0109555]
              products of inertia: ~[0,0,0]
body[17] = ulna_l. mass: 0.553207
              moments of inertia:  ~[0.00260446,0.000543402,0.00282516]
              products of inertia: ~[0,0,0]
body[18] = radius_l. mass: 0.553207
              moments of inertia:  ~[0.00260446,0.000543402,0.00282516]
              products of inertia: ~[0,0,0]
body[19] = hand_l. mass: 0.416613
              moments of inertia:  ~[0.000784328,0.000480972,0.00117825]
              products of inertia: ~[0,0,0]

JOINTS (total: 20)
joint[0] = ground_pelvis. parent: ground_offset, child: pelvis_offset
joint[1] = hip_r. parent: pelvis_offset, child: femur_r_offset
joint[2] = knee_r. parent: femur_r_offset, child: tibia_r_offset
joint[3] = ankle_r. parent: tibia_r_offset, child: talus_r_offset
joint[4] = subtalar_r. parent: talus_r_offset, child: calcn_r_offset
joint[5] = mtp_r. parent: calcn_r_offset, child: toes_r_offset
joint[6] = hip_l. parent: pelvis_offset, child: femur_l_offset
joint[7] = knee_l. parent: femur_l_offset, child: tibia_l_offset
joint[8] = ankle_l. parent: tibia_l_offset, child: talus_l_offset
joint[9] = subtalar_l. parent: talus_l_offset, child: calcn_l_offset
joint[10] = mtp_l. parent: calcn_l_offset, child: toes_l_offset
joint[11] = back. parent: pelvis_offset, child: torso_offset
joint[12] = acromial_r. parent: torso_offset, child: humerus_r_offset
joint[13] = elbow_r. parent: humerus_r_offset, child: ulna_r_offset
joint[14] = radioulnar_r. parent: ulna_r_offset, child: radius_r_offset
joint[15] = radius_hand_r. parent: radius_r_offset, child: hand_r_offset
joint[16] = acromial_l. parent: torso_offset, child: humerus_l_offset
joint[17] = elbow_l. parent: humerus_l_offset, child: ulna_l_offset
joint[18] = radioulnar_l. parent: ulna_l_offset, child: radius_l_offset
joint[19] = radius_hand_l. parent: radius_l_offset, child: hand_l_offset

ACTUATORS (total: 29)
actuator[0] = FX
actuator[1] = FY
actuator[2] = FZ
actuator[3] = MZ
actuator[4] = MX
actuator[5] = MY
actuator[6] = hip_flexion_r
actuator[7] = hip_adduction_r
actuator[8] = hip_rotation_r
actuator[9] = knee_angle_r
actuator[10] = ankle_angle_r
actuator[11] = hip_flexion_l
actuator[12] = hip_adduction_l
actuator[13] = hip_rotation_l
actuator[14] = knee_angle_l
actuator[15] = ankle_angle_l
actuator[16] = lumbar_extension
actuator[17] = lumbar_bending
actuator[18] = lumbar_rotation
actuator[19] = arm_flex_r
actuator[20] = arm_add_r
actuator[21] = arm_rot_r
actuator[22] = elbow_flex_r
actuator[23] = pro_sup_r
actuator[24] = arm_flex_l
actuator[25] = arm_add_l
actuator[26] = arm_rot_l
actuator[27] = elbow_flex_l
actuator[28] = pro_sup_l

STATES (total: 74)
y[0] = /jointset/ground_pelvis/pelvis_tilt/value
y[1] = /jointset/ground_pelvis/pelvis_tilt/speed
y[2] = /jointset/ground_pelvis/pelvis_list/value
y[3] = /jointset/ground_pelvis/pelvis_list/speed
y[4] = /jointset/ground_pelvis/pelvis_rotation/value
y[5] = /jointset/ground_pelvis/pelvis_rotation/speed
y[6] = /jointset/ground_pelvis/pelvis_tx/value
y[7] = /jointset/ground_pelvis/pelvis_tx/speed
y[8] = /jointset/ground_pelvis/pelvis_ty/value
y[9] = /jointset/ground_pelvis/pelvis_ty/speed
y[10] = /jointset/ground_pelvis/pelvis_tz/value
y[11] = /jointset/ground_pelvis/pelvis_tz/speed
y[12] = /jointset/hip_r/hip_flexion_r/value
y[13] = /jointset/hip_r/hip_flexion_r/speed
y[14] = /jointset/hip_r/hip_adduction_r/value
y[15] = /jointset/hip_r/hip_adduction_r/speed
y[16] = /jointset/hip_r/hip_rotation_r/value
y[17] = /jointset/hip_r/hip_rotation_r/speed
y[18] = /jointset/knee_r/knee_angle_r/value
y[19] = /jointset/knee_r/knee_angle_r/speed
y[20] = /jointset/ankle_r/ankle_angle_r/value
y[21] = /jointset/ankle_r/ankle_angle_r/speed
y[22] = /jointset/subtalar_r/subtalar_angle_r/value
y[23] = /jointset/subtalar_r/subtalar_angle_r/speed
y[24] = /jointset/mtp_r/mtp_angle_r/value
y[25] = /jointset/mtp_r/mtp_angle_r/speed
y[26] = /jointset/hip_l/hip_flexion_l/value
y[27] = /jointset/hip_l/hip_flexion_l/speed
y[28] = /jointset/hip_l/hip_adduction_l/value
y[29] = /jointset/hip_l/hip_adduction_l/speed
y[30] = /jointset/hip_l/hip_rotation_l/value
y[31] = /jointset/hip_l/hip_rotation_l/speed
y[32] = /jointset/knee_l/knee_angle_l/value
y[33] = /jointset/knee_l/knee_angle_l/speed
y[34] = /jointset/ankle_l/ankle_angle_l/value
y[35] = /jointset/ankle_l/ankle_angle_l/speed
y[36] = /jointset/subtalar_l/subtalar_angle_l/value
y[37] = /jointset/subtalar_l/subtalar_angle_l/speed
y[38] = /jointset/mtp_l/mtp_angle_l/value
y[39] = /jointset/mtp_l/mtp_angle_l/speed
y[40] = /jointset/back/lumbar_extension/value
y[41] = /jointset/back/lumbar_extension/speed
y[42] = /jointset/back/lumbar_bending/value
y[43] = /jointset/back/lumbar_bending/speed
y[44] = /jointset/back/lumbar_rotation/value
y[45] = /jointset/back/lumbar_rotation/speed
y[46] = /jointset/acromial_r/arm_flex_r/value
y[47] = /jointset/acromial_r/arm_flex_r/speed
y[48] = /jointset/acromial_r/arm_add_r/value
y[49] = /jointset/acromial_r/arm_add_r/speed
y[50] = /jointset/acromial_r/arm_rot_r/value
y[51] = /jointset/acromial_r/arm_rot_r/speed
y[52] = /jointset/elbow_r/elbow_flex_r/value
y[53] = /jointset/elbow_r/elbow_flex_r/speed
y[54] = /jointset/radioulnar_r/pro_sup_r/value
y[55] = /jointset/radioulnar_r/pro_sup_r/speed
y[56] = /jointset/radius_hand_r/wrist_flex_r/value
y[57] = /jointset/radius_hand_r/wrist_flex_r/speed
y[58] = /jointset/radius_hand_r/wrist_dev_r/value
y[59] = /jointset/radius_hand_r/wrist_dev_r/speed
y[60] = /jointset/acromial_l/arm_flex_l/value
y[61] = /jointset/acromial_l/arm_flex_l/speed
y[62] = /jointset/acromial_l/arm_add_l/value
y[63] = /jointset/acromial_l/arm_add_l/speed
y[64] = /jointset/acromial_l/arm_rot_l/value
y[65] = /jointset/acromial_l/arm_rot_l/speed
y[66] = /jointset/elbow_l/elbow_flex_l/value
y[67] = /jointset/elbow_l/elbow_flex_l/speed
y[68] = /jointset/radioulnar_l/pro_sup_l/value
y[69] = /jointset/radioulnar_l/pro_sup_l/speed
y[70] = /jointset/radius_hand_l/wrist_flex_l/value
y[71] = /jointset/radius_hand_l/wrist_flex_l/speed
y[72] = /jointset/radius_hand_l/wrist_dev_l/value
y[73] = /jointset/radius_hand_l/wrist_dev_l/speed

[2023-08-15 22:31:44.721] [info] Requested COM adjustment time range 0.25 to 0.92188, clamped to nearest available data times: 0.249971 to 0.916611.
[2023-08-15 22:31:44.721] [info] Computing average residuals between 0.249971 and 0.916611...
[2023-08-15 22:31:44.820] [info] ExternalForce::externalforce Data source being set to Run_500 01_newCOP3_v24.mot
[2023-08-15 22:31:44.820] [info] ExternalForce::externalforce_0 Data source being set to Run_500 01_newCOP3_v24.mot
[2023-08-15 22:31:44.906] [info] ExternalForce::externalforce Data source being set to Run_500 01_newCOP3_v24.mot
[2023-08-15 22:31:44.906] [info] ExternalForce::externalforce_0 Data source being set to Run_500 01_newCOP3_v24.mot
[2023-08-15 22:31:46.332] [info] ExternalForce::externalforce Data source being set to Run_500 01_newCOP3_v24.mot
[2023-08-15 22:31:46.332] [info] ExternalForce::externalforce_0 Data source being set to Run_500 01_newCOP3_v24.mot
[2023-08-15 22:31:46.336] [info] Computing average residuals between 0.249971 and 0.916611...
[2023-08-15 22:31:46.419] [info] ExternalForce::externalforce Data source being set to Run_500 01_newCOP3_v24.mot
[2023-08-15 22:31:46.419] [info] ExternalForce::externalforce_0 Data source being set to Run_500 01_newCOP3_v24.mot
[2023-08-15 22:31:46.498] [info] ExternalForce::externalforce Data source being set to Run_500 01_newCOP3_v24.mot
[2023-08-15 22:31:46.498] [info] ExternalForce::externalforce_0 Data source being set to Run_500 01_newCOP3_v24.mot
[2023-08-15 22:31:47.836] [info] Constructing function set for tracking desired kinematics...
[2023-08-15 22:31:48.579] [warning] No Actuation analysis found in analysis set, adding one...
[2023-08-15 22:31:48.580] [warning] No Kinematics analysis found in analysis set, adding one...
[2023-08-15 22:31:48.584] [info] Using the generalized coordinates specified in '..\..\..\ik\Run_5.mot' to set the initial configuration.
[2023-08-15 22:31:48.713] [info] Using IPOPT optimizer algorithm.
[2023-08-15 22:31:48.713] [info] Setting optimizer print level to 0.
[2023-08-15 22:31:48.713] [info] Setting optimizer convergence tolerance to 1.0e-05.
[2023-08-15 22:31:48.713] [info] Setting optimizer maximum iterations to 2000.
[2023-08-15 22:31:48.713] [info] Setting cmc controller to not use verbose printing.

[2023-08-15 22:31:48.714] [info] CMC::computeControls, t = 0.25
[2023-08-15 22:31:49.622] [info] --------------------------------------------
[2023-08-15 22:31:49.622] [info] Using CMC to track the specified kinematics:
[2023-08-15 22:31:49.622] [info] --------------------------------------------
[2023-08-15 22:31:49.622] [info]  -- Integrating from 0.25 to 0.92188
[2023-08-15 22:31:49.622] [info]  -- Start time = Tue Aug 15 22:31:49 2023
[2023-08-15 22:31:49.622] [info] --------------------------------------------
[2023-08-15 22:31:49.622] [info] 
[2023-08-15 22:31:49.626] [info] CMC::computeControls, t = 0.25
[2023-08-15 22:31:49.667] [info] CMC::computeControls, t = 0.251
[2023-08-15 22:31:49.667] [warning] Coordinate.setValue:  coordinate subtalar_angle_r is locked. Unable to change its value.
[2023-08-15 22:31:49.667] [warning] Coordinate.setValue:  coordinate mtp_angle_r is locked. Unable to change its value.
[2023-08-15 22:31:49.667] [warning] Coordinate.setValue:  coordinate subtalar_angle_l is locked. Unable to change its value.
[2023-08-15 22:31:49.667] [warning] Coordinate.setValue:  coordinate mtp_angle_l is locked. Unable to change its value.
[2023-08-15 22:31:49.667] [warning] Coordinate.setValue:  coordinate wrist_flex_r is locked. Unable to change its value.
[2023-08-15 22:31:49.667] [warning] Coordinate.setValue:  coordinate wrist_dev_r is locked. Unable to change its value.
[2023-08-15 22:31:49.667] [warning] Coordinate.setValue:  coordinate wrist_flex_l is locked. Unable to change its value.
[2023-08-15 22:31:49.667] [warning] Coordinate.setValue:  coordinate wrist_dev_l is locked. Unable to change its value.
[2023-08-15 22:31:49.685] [info] CMC::computeControls, t = 0.252
[2023-08-15 22:31:49.705] [info] CMC::computeControls, t = 0.253
[2023-08-15 22:31:49.722] [info] CMC::computeControls, t = 0.254
[2023-08-15 22:31:49.744] [info] CMC::computeControls, t = 0.255
[2023-08-15 22:31:49.791] [info] CMC::computeControls, t = 0.256
[2023-08-15 22:31:49.813] [info] CMC::computeControls, t = 0.257
[2023-08-15 22:31:49.853] [info] CMC::computeControls, t = 0.258
[2023-08-15 22:31:49.880] [info] CMC::computeControls, t = 0.259
[2023-08-15 22:31:49.900] [info] CMC::computeControls, t = 0.26
[2023-08-15 22:31:49.924] [info] CMC::computeControls, t = 0.261
[2023-08-15 22:31:49.966] [info] CMC::computeControls, t = 0.262
[2023-08-15 22:31:49.995] [info] CMC::computeControls, t = 0.263
[2023-08-15 22:31:50.011] [info] CMC::computeControls, t = 0.264
[2023-08-15 22:31:50.025] [info] CMC::computeControls, t = 0.265
[2023-08-15 22:31:50.040] [info] CMC::computeControls, t = 0.266
[2023-08-15 22:31:50.055] [info] CMC::computeControls, t = 0.267
[2023-08-15 22:31:50.083] [info] CMC::computeControls, t = 0.268
[2023-08-15 22:31:50.108] [info] CMC::computeControls, t = 0.269
[2023-08-15 22:31:50.133] [info] CMC::computeControls, t = 0.27
[2023-08-15 22:31:50.156] [info] CMC::computeControls, t = 0.271
[2023-08-15 22:31:50.188] [info] CMC::computeControls, t = 0.272
[2023-08-15 22:31:50.214] [info] CMC::computeControls, t = 0.273
[2023-08-15 22:31:50.235] [info] CMC::computeControls, t = 0.274
[2023-08-15 22:31:50.251] [info] CMC::computeControls, t = 0.275
[2023-08-15 22:31:50.278] [info] CMC::computeControls, t = 0.276
[2023-08-15 22:31:50.298] [info] CMC::computeControls, t = 0.277
[2023-08-15 22:31:50.313] [info] CMC::computeControls, t = 0.278
[2023-08-15 22:31:50.328] [info] CMC::computeControls, t = 0.279
[2023-08-15 22:31:50.352] [info] CMC::computeControls, t = 0.28
[2023-08-15 22:31:50.369] [info] CMC::computeControls, t = 0.281
[2023-08-15 22:31:50.405] [info] CMC::computeControls, t = 0.282
[2023-08-15 22:31:50.440] [info] CMC::computeControls, t = 0.283
[2023-08-15 22:31:50.459] [info] CMC::computeControls, t = 0.284
[2023-08-15 22:31:50.486] [info] CMC::computeControls, t = 0.285
[2023-08-15 22:31:50.514] [info] CMC::computeControls, t = 0.286
[2023-08-15 22:31:50.538] [info] CMC::computeControls, t = 0.287
[2023-08-15 22:31:50.557] [info] CMC::computeControls, t = 0.288
[2023-08-15 22:31:50.575] [info] CMC::computeControls, t = 0.289
[2023-08-15 22:31:50.590] [info] CMC::computeControls, t = 0.29
[2023-08-15 22:31:50.618] [info] CMC::computeControls, t = 0.291
[2023-08-15 22:31:50.651] [info] CMC::computeControls, t = 0.292
[2023-08-15 22:31:50.674] [info] CMC::computeControls, t = 0.293
[2023-08-15 22:31:50.705] [info] CMC::computeControls, t = 0.294
[2023-08-15 22:31:50.741] [info] CMC::computeControls, t = 0.295
[2023-08-15 22:31:50.761] [info] CMC::computeControls, t = 0.296
[2023-08-15 22:31:50.793] [info] CMC::computeControls, t = 0.297
[2023-08-15 22:31:50.828] [info] CMC::computeControls, t = 0.298
[2023-08-15 22:31:50.854] [info] CMC::computeControls, t = 0.299
[2023-08-15 22:31:50.890] [info] CMC::computeControls, t = 0.3
[2023-08-15 22:31:50.913] [info] CMC::computeControls, t = 0.301000
[2023-08-15 22:31:50.938] [info] CMC::computeControls, t = 0.302000
[2023-08-15 22:31:50.956] [info] CMC::computeControls, t = 0.303000
[2023-08-15 22:31:50.980] [info] CMC::computeControls, t = 0.304000
[2023-08-15 22:31:51.017] [info] CMC::computeControls, t = 0.305000
[2023-08-15 22:31:51.054] [info] CMC::computeControls, t = 0.306000
[2023-08-15 22:31:51.079] [info] CMC::computeControls, t = 0.307000
[2023-08-15 22:31:51.117] [info] CMC::computeControls, t = 0.308000
[2023-08-15 22:31:51.154] [info] CMC::computeControls, t = 0.309000
[2023-08-15 22:31:51.194] [info] CMC::computeControls, t = 0.31
[2023-08-15 22:31:51.239] [info] CMC::computeControls, t = 0.311
[2023-08-15 22:31:51.262] [info] CMC::computeControls, t = 0.312
[2023-08-15 22:31:51.280] [info] CMC::computeControls, t = 0.313
[2023-08-15 22:31:51.308] [info] CMC::computeControls, t = 0.314
[2023-08-15 22:31:51.332] [info] CMC::computeControls, t = 0.315
[2023-08-15 22:31:51.365] [info] CMC::computeControls, t = 0.316
[2023-08-15 22:31:51.400] [info] CMC::computeControls, t = 0.317
[2023-08-15 22:31:51.422] [info] CMC::computeControls, t = 0.318
[2023-08-15 22:31:51.444] [info] CMC::computeControls, t = 0.319
[2023-08-15 22:31:51.467] [info] CMC::computeControls, t = 0.32
[2023-08-15 22:31:51.482] [info] CMC::computeControls, t = 0.321
[2023-08-15 22:31:51.509] [info] CMC::computeControls, t = 0.322
[2023-08-15 22:31:51.545] [info] CMC::computeControls, t = 0.323
[2023-08-15 22:31:51.574] [info] CMC::computeControls, t = 0.324
[2023-08-15 22:31:51.589] [info] CMC::computeControls, t = 0.325
[2023-08-15 22:31:51.624] [info] CMC::computeControls, t = 0.326
[2023-08-15 22:31:51.650] [info] CMC::computeControls, t = 0.327
[2023-08-15 22:31:51.671] [info] CMC::computeControls, t = 0.328
[2023-08-15 22:31:51.693] [info] CMC::computeControls, t = 0.329
[2023-08-15 22:31:51.719] [info] CMC::computeControls, t = 0.33
[2023-08-15 22:31:51.745] [info] CMC::computeControls, t = 0.331
[2023-08-15 22:31:51.766] [info] CMC::computeControls, t = 0.332
[2023-08-15 22:31:51.799] [info] CMC::computeControls, t = 0.333
[2023-08-15 22:31:51.824] [info] CMC::computeControls, t = 0.334
[2023-08-15 22:31:51.851] [info] CMC::computeControls, t = 0.335
[2023-08-15 22:31:51.868] [info] CMC::computeControls, t = 0.336
[2023-08-15 22:31:51.904] [info] CMC::computeControls, t = 0.337
[2023-08-15 22:31:51.925] [info] CMC::computeControls, t = 0.338
[2023-08-15 22:31:51.950] [info] CMC::computeControls, t = 0.339
[2023-08-15 22:31:51.977] [info] CMC::computeControls, t = 0.34
[2023-08-15 22:31:51.996] [info] CMC::computeControls, t = 0.341
[2023-08-15 22:31:52.017] [info] CMC::computeControls, t = 0.342
[2023-08-15 22:31:52.036] [info] CMC::computeControls, t = 0.343
[2023-08-15 22:31:52.052] [info] CMC::computeControls, t = 0.344
[2023-08-15 22:31:52.068] [info] CMC::computeControls, t = 0.345
[2023-08-15 22:31:52.092] [info] CMC::computeControls, t = 0.346
[2023-08-15 22:31:52.107] [info] CMC::computeControls, t = 0.347
[2023-08-15 22:31:52.129] [info] CMC::computeControls, t = 0.348
[2023-08-15 22:31:52.152] [info] CMC::computeControls, t = 0.349
[2023-08-15 22:31:52.181] [info] CMC::computeControls, t = 0.35
[2023-08-15 22:31:52.205] [info] CMC::computeControls, t = 0.351
[2023-08-15 22:31:52.226] [info] CMC::computeControls, t = 0.352
[2023-08-15 22:31:52.246] [info] CMC::computeControls, t = 0.353
[2023-08-15 22:31:52.271] [info] CMC::computeControls, t = 0.354
[2023-08-15 22:31:52.287] [info] CMC::computeControls, t = 0.355
[2023-08-15 22:31:52.312] [info] CMC::computeControls, t = 0.356
[2023-08-15 22:31:52.330] [info] CMC::computeControls, t = 0.357
[2023-08-15 22:31:52.361] [info] CMC::computeControls, t = 0.358
[2023-08-15 22:31:52.398] [info] CMC::computeControls, t = 0.359
[2023-08-15 22:31:52.418] [info] CMC::computeControls, t = 0.36
[2023-08-15 22:31:52.440] [info] CMC::computeControls, t = 0.361
[2023-08-15 22:31:52.472] [info] CMC::computeControls, t = 0.362
[2023-08-15 22:31:52.491] [info] CMC::computeControls, t = 0.363
[2023-08-15 22:31:52.532] [info] CMC::computeControls, t = 0.364
[2023-08-15 22:31:52.559] [info] CMC::computeControls, t = 0.365
[2023-08-15 22:31:52.586] [info] CMC::computeControls, t = 0.366
[2023-08-15 22:31:52.610] [info] CMC::computeControls, t = 0.367
[2023-08-15 22:31:52.635] [info] CMC::computeControls, t = 0.368
[2023-08-15 22:31:52.659] [info] CMC::computeControls, t = 0.369
[2023-08-15 22:31:52.699] [info] CMC::computeControls, t = 0.37
[2023-08-15 22:31:52.728] [info] CMC::computeControls, t = 0.371
[2023-08-15 22:31:52.752] [info] CMC::computeControls, t = 0.372
[2023-08-15 22:31:52.768] [info] CMC::computeControls, t = 0.373
[2023-08-15 22:31:52.799] [info] CMC::computeControls, t = 0.374
[2023-08-15 22:31:52.826] [info] CMC::computeControls, t = 0.375
[2023-08-15 22:31:52.852] [info] CMC::computeControls, t = 0.376
[2023-08-15 22:31:52.873] [info] CMC::computeControls, t = 0.377
[2023-08-15 22:31:52.894] [info] CMC::computeControls, t = 0.378
[2023-08-15 22:31:52.909] [info] CMC::computeControls, t = 0.379
[2023-08-15 22:31:52.949] [info] CMC::computeControls, t = 0.38
[2023-08-15 22:31:52.988] [info] CMC::computeControls, t = 0.381
[2023-08-15 22:31:53.023] [info] CMC::computeControls, t = 0.382
[2023-08-15 22:31:53.048] [info] CMC::computeControls, t = 0.383
[2023-08-15 22:31:53.071] [info] CMC::computeControls, t = 0.384
[2023-08-15 22:31:53.086] [info] CMC::computeControls, t = 0.385
[2023-08-15 22:31:53.110] [info] CMC::computeControls, t = 0.386
[2023-08-15 22:31:53.134] [info] CMC::computeControls, t = 0.387
[2023-08-15 22:31:53.160] [info] CMC::computeControls, t = 0.388
[2023-08-15 22:31:53.191] [info] CMC::computeControls, t = 0.389
[2023-08-15 22:31:53.217] [info] CMC::computeControls, t = 0.39
[2023-08-15 22:31:53.245] [info] CMC::computeControls, t = 0.391
[2023-08-15 22:31:53.264] [info] CMC::computeControls, t = 0.392
[2023-08-15 22:31:53.280] [info] CMC::computeControls, t = 0.393
[2023-08-15 22:31:53.307] [info] CMC::computeControls, t = 0.394
[2023-08-15 22:31:53.339] [info] CMC::computeControls, t = 0.395
[2023-08-15 22:31:53.374] [info] CMC::computeControls, t = 0.396
[2023-08-15 22:31:53.391] [info] CMC::computeControls, t = 0.397
[2023-08-15 22:31:53.406] [info] CMC::computeControls, t = 0.398
[2023-08-15 22:31:53.436] [info] CMC::computeControls, t = 0.399
[2023-08-15 22:31:53.453] [info] CMC::computeControls, t = 0.4
[2023-08-15 22:31:53.478] [info] CMC::computeControls, t = 0.401000
[2023-08-15 22:31:53.504] [info] CMC::computeControls, t = 0.402000
[2023-08-15 22:31:53.530] [info] CMC::computeControls, t = 0.403000
[2023-08-15 22:31:53.566] [info] CMC::computeControls, t = 0.404000
[2023-08-15 22:31:53.593] [info] CMC::computeControls, t = 0.405000
[2023-08-15 22:31:53.622] [info] CMC::computeControls, t = 0.406000
[2023-08-15 22:31:53.654] [info] CMC::computeControls, t = 0.407000
[2023-08-15 22:31:53.671] [info] CMC::computeControls, t = 0.408000
[2023-08-15 22:31:53.707] [info] CMC::computeControls, t = 0.409000
[2023-08-15 22:31:53.734] [info] CMC::computeControls, t = 0.41
[2023-08-15 22:31:53.752] [info] CMC::computeControls, t = 0.411
[2023-08-15 22:31:53.771] [info] CMC::computeControls, t = 0.412
[2023-08-15 22:31:53.792] [info] CMC::computeControls, t = 0.413
[2023-08-15 22:31:53.826] [info] CMC::computeControls, t = 0.414
[2023-08-15 22:31:53.850] [info] CMC::computeControls, t = 0.415
[2023-08-15 22:31:53.878] [info] CMC::computeControls, t = 0.416
[2023-08-15 22:31:53.905] [info] CMC::computeControls, t = 0.417
[2023-08-15 22:31:53.924] [info] CMC::computeControls, t = 0.418
[2023-08-15 22:31:53.952] [info] CMC::computeControls, t = 0.419
[2023-08-15 22:31:53.986] [info] CMC::computeControls, t = 0.42
[2023-08-15 22:31:54.003] [info] CMC::computeControls, t = 0.421
[2023-08-15 22:31:54.028] [info] CMC::computeControls, t = 0.422
[2023-08-15 22:31:54.053] [info] CMC::computeControls, t = 0.423
[2023-08-15 22:31:54.089] [info] CMC::computeControls, t = 0.424
[2023-08-15 22:31:54.127] [info] CMC::computeControls, t = 0.425
[2023-08-15 22:31:54.144] [info] CMC::computeControls, t = 0.426
[2023-08-15 22:31:54.174] [info] CMC::computeControls, t = 0.427
[2023-08-15 22:31:54.196] [info] CMC::computeControls, t = 0.428
[2023-08-15 22:31:54.219] [info] CMC::computeControls, t = 0.429
[2023-08-15 22:31:54.245] [info] CMC::computeControls, t = 0.43
[2023-08-15 22:31:54.261] [info] CMC::computeControls, t = 0.431
[2023-08-15 22:31:54.279] [info] CMC::computeControls, t = 0.432
[2023-08-15 22:31:54.305] [info] CMC::computeControls, t = 0.433
[2023-08-15 22:31:54.329] [info] CMC::computeControls, t = 0.434
[2023-08-15 22:31:54.356] [info] CMC::computeControls, t = 0.435
[2023-08-15 22:31:54.382] [info] CMC::computeControls, t = 0.436
[2023-08-15 22:31:54.399] [info] CMC::computeControls, t = 0.437
[2023-08-15 22:31:54.421] [info] CMC::computeControls, t = 0.438
[2023-08-15 22:31:54.453] [info] CMC::computeControls, t = 0.439
[2023-08-15 22:31:54.471] [info] CMC::computeControls, t = 0.44
[2023-08-15 22:31:54.486] [info] CMC::computeControls, t = 0.441
[2023-08-15 22:31:54.506] [info] CMC::computeControls, t = 0.442
[2023-08-15 22:31:54.524] [info] CMC::computeControls, t = 0.443
[2023-08-15 22:31:54.547] [info] CMC::computeControls, t = 0.444
[2023-08-15 22:31:54.572] [info] CMC::computeControls, t = 0.445
[2023-08-15 22:31:54.591] [info] CMC::computeControls, t = 0.446
[2023-08-15 22:31:54.614] [info] CMC::computeControls, t = 0.447
[2023-08-15 22:31:54.630] [info] CMC::computeControls, t = 0.448
[2023-08-15 22:31:54.655] [info] CMC::computeControls, t = 0.449
[2023-08-15 22:31:54.675] [info] CMC::computeControls, t = 0.45
[2023-08-15 22:31:54.708] [info] CMC::computeControls, t = 0.451
[2023-08-15 22:31:54.744] [info] CMC::computeControls, t = 0.452
[2023-08-15 22:31:54.768] [info] CMC::computeControls, t = 0.453
[2023-08-15 22:31:54.790] [info] CMC::computeControls, t = 0.454
[2023-08-15 22:31:54.814] [info] CMC::computeControls, t = 0.455
[2023-08-15 22:31:54.831] [info] CMC::computeControls, t = 0.456
[2023-08-15 22:31:54.864] [info] CMC::computeControls, t = 0.457
[2023-08-15 22:31:54.880] [info] CMC::computeControls, t = 0.458
[2023-08-15 22:31:54.904] [info] CMC::computeControls, t = 0.459
[2023-08-15 22:31:54.936] [info] CMC::computeControls, t = 0.46
[2023-08-15 22:31:54.964] [info] CMC::computeControls, t = 0.461
[2023-08-15 22:31:54.982] [info] CMC::computeControls, t = 0.462
[2023-08-15 22:31:55.013] [info] CMC::computeControls, t = 0.463
[2023-08-15 22:31:55.035] [info] CMC::computeControls, t = 0.464
[2023-08-15 22:31:55.058] [info] CMC::computeControls, t = 0.465
[2023-08-15 22:31:55.100] [info] CMC::computeControls, t = 0.466
[2023-08-15 22:31:55.133] [info] CMC::computeControls, t = 0.467
[2023-08-15 22:31:55.157] [info] CMC::computeControls, t = 0.468
[2023-08-15 22:31:55.188] [info] CMC::computeControls, t = 0.469
[2023-08-15 22:31:55.222] [info] CMC::computeControls, t = 0.47
[2023-08-15 22:31:55.250] [info] CMC::computeControls, t = 0.471
[2023-08-15 22:31:55.269] [info] CMC::computeControls, t = 0.472
[2023-08-15 22:31:55.303] [info] CMC::computeControls, t = 0.473
[2023-08-15 22:31:55.330] [info] CMC::computeControls, t = 0.474
[2023-08-15 22:31:55.359] [info] CMC::computeControls, t = 0.475
[2023-08-15 22:31:55.382] [info] CMC::computeControls, t = 0.476
[2023-08-15 22:31:55.403] [info] CMC::computeControls, t = 0.477
[2023-08-15 22:31:55.440] [info] CMC::computeControls, t = 0.478
[2023-08-15 22:31:55.476] [info] CMC::computeControls, t = 0.479
[2023-08-15 22:31:55.508] [info] CMC::computeControls, t = 0.48
[2023-08-15 22:31:55.544] [info] CMC::computeControls, t = 0.481
[2023-08-15 22:31:55.567] [info] CMC::computeControls, t = 0.482
[2023-08-15 22:31:55.593] [info] CMC::computeControls, t = 0.483
[2023-08-15 22:31:55.612] [info] CMC::computeControls, t = 0.484
[2023-08-15 22:31:55.635] [info] CMC::computeControls, t = 0.485
[2023-08-15 22:31:55.659] [info] CMC::computeControls, t = 0.486
[2023-08-15 22:31:55.677] [info] CMC::computeControls, t = 0.487
[2023-08-15 22:31:55.693] [info] CMC::computeControls, t = 0.488
[2023-08-15 22:31:55.718] [info] CMC::computeControls, t = 0.489
[2023-08-15 22:31:55.748] [info] CMC::computeControls, t = 0.49
[2023-08-15 22:31:55.784] [info] CMC::computeControls, t = 0.491
[2023-08-15 22:31:55.815] [info] CMC::computeControls, t = 0.492
[2023-08-15 22:31:55.831] [info] CMC::computeControls, t = 0.493
[2023-08-15 22:31:55.862] [info] CMC::computeControls, t = 0.494
[2023-08-15 22:31:55.898] [info] CMC::computeControls, t = 0.495
[2023-08-15 22:31:55.916] [info] CMC::computeControls, t = 0.496
[2023-08-15 22:31:55.935] [info] CMC::computeControls, t = 0.497
[2023-08-15 22:31:55.961] [info] CMC::computeControls, t = 0.498
[2023-08-15 22:31:55.991] [info] CMC::computeControls, t = 0.499
[2023-08-15 22:31:56.008] [info] CMC::computeControls, t = 0.5
[2023-08-15 22:31:56.042] [info] CMC::computeControls, t = 0.501000
[2023-08-15 22:31:56.062] [info] CMC::computeControls, t = 0.502000
[2023-08-15 22:31:56.081] [info] CMC::computeControls, t = 0.503000
[2023-08-15 22:31:56.102] [info] CMC::computeControls, t = 0.504000
[2023-08-15 22:31:56.127] [info] CMC::computeControls, t = 0.505000
[2023-08-15 22:31:56.143] [info] CMC::computeControls, t = 0.506000
[2023-08-15 22:31:56.175] [info] CMC::computeControls, t = 0.507000
[2023-08-15 22:31:56.192] [info] CMC::computeControls, t = 0.508000
[2023-08-15 22:31:56.220] [info] CMC::computeControls, t = 0.509000
[2023-08-15 22:31:56.241] [info] CMC::computeControls, t = 0.51
[2023-08-15 22:31:56.258] [info] CMC::computeControls, t = 0.511
[2023-08-15 22:31:56.273] [info] CMC::computeControls, t = 0.512
[2023-08-15 22:31:56.289] [info] CMC::computeControls, t = 0.513
[2023-08-15 22:31:56.324] [info] CMC::computeControls, t = 0.514
[2023-08-15 22:31:56.361] [info] CMC::computeControls, t = 0.515
[2023-08-15 22:31:56.396] [info] CMC::computeControls, t = 0.516
[2023-08-15 22:31:56.426] [info] CMC::computeControls, t = 0.517
[2023-08-15 22:31:56.451] [info] CMC::computeControls, t = 0.518
[2023-08-15 22:31:56.473] [info] CMC::computeControls, t = 0.519
[2023-08-15 22:31:56.503] [info] CMC::computeControls, t = 0.52
[2023-08-15 22:31:56.532] [info] CMC::computeControls, t = 0.521
[2023-08-15 22:31:56.578] [info] CMC::computeControls, t = 0.522
[2023-08-15 22:31:56.614] [info] CMC::computeControls, t = 0.523
[2023-08-15 22:31:56.641] [info] CMC::computeControls, t = 0.524
[2023-08-15 22:31:56.684] [info] CMC::computeControls, t = 0.525
[2023-08-15 22:31:56.713] [info] CMC::computeControls, t = 0.526
[2023-08-15 22:31:56.730] [info] CMC::computeControls, t = 0.527
[2023-08-15 22:31:56.752] [info] CMC::computeControls, t = 0.528
[2023-08-15 22:31:56.772] [info] CMC::computeControls, t = 0.529
[2023-08-15 22:31:56.787] [info] CMC::computeControls, t = 0.53
[2023-08-15 22:31:56.827] [info] CMC::computeControls, t = 0.531
[2023-08-15 22:31:56.854] [info] CMC::computeControls, t = 0.532
[2023-08-15 22:31:56.880] [info] CMC::computeControls, t = 0.533
[2023-08-15 22:31:56.898] [info] CMC::computeControls, t = 0.534
[2023-08-15 22:31:56.922] [info] CMC::computeControls, t = 0.535
[2023-08-15 22:31:56.949] [info] CMC::computeControls, t = 0.536
[2023-08-15 22:31:56.974] [info] CMC::computeControls, t = 0.537
[2023-08-15 22:31:56.997] [info] CMC::computeControls, t = 0.538
[2023-08-15 22:31:57.033] [info] CMC::computeControls, t = 0.539
[2023-08-15 22:31:57.056] [info] CMC::computeControls, t = 0.54
[2023-08-15 22:31:57.074] [info] CMC::computeControls, t = 0.541
[2023-08-15 22:31:57.101] [info] CMC::computeControls, t = 0.542
[2023-08-15 22:31:57.116] [info] CMC::computeControls, t = 0.543
[2023-08-15 22:31:57.142] [info] CMC::computeControls, t = 0.544
[2023-08-15 22:31:57.178] [info] CMC::computeControls, t = 0.545
[2023-08-15 22:31:57.196] [info] CMC::computeControls, t = 0.546
[2023-08-15 22:31:57.238] [info] CMC::computeControls, t = 0.547
[2023-08-15 22:31:57.269] [info] CMC::computeControls, t = 0.548
[2023-08-15 22:31:57.288] [info] CMC::computeControls, t = 0.549
[2023-08-15 22:31:57.323] [info] CMC::computeControls, t = 0.55
[2023-08-15 22:31:57.343] [info] CMC::computeControls, t = 0.551
[2023-08-15 22:31:57.386] [info] CMC::computeControls, t = 0.552
[2023-08-15 22:31:57.416] [info] CMC::computeControls, t = 0.553
[2023-08-15 22:31:57.439] [info] CMC::computeControls, t = 0.554
[2023-08-15 22:31:57.457] [info] CMC::computeControls, t = 0.555
[2023-08-15 22:31:57.473] [info] CMC::computeControls, t = 0.556
[2023-08-15 22:31:57.490] [info] CMC::computeControls, t = 0.557
[2023-08-15 22:31:57.511] [info] CMC::computeControls, t = 0.558
[2023-08-15 22:31:57.533] [info] CMC::computeControls, t = 0.559
[2023-08-15 22:31:57.570] [info] CMC::computeControls, t = 0.56
[2023-08-15 22:31:57.591] [info] CMC::computeControls, t = 0.561
[2023-08-15 22:31:57.622] [info] CMC::computeControls, t = 0.562
[2023-08-15 22:31:57.643] [info] CMC::computeControls, t = 0.563
[2023-08-15 22:31:57.661] [info] CMC::computeControls, t = 0.564
[2023-08-15 22:31:57.700] [info] CMC::computeControls, t = 0.565
[2023-08-15 22:31:57.722] [info] CMC::computeControls, t = 0.566
[2023-08-15 22:31:57.769] [info] CMC::computeControls, t = 0.567
[2023-08-15 22:31:57.809] [info] CMC::computeControls, t = 0.568
[2023-08-15 22:31:57.838] [info] CMC::computeControls, t = 0.569
[2023-08-15 22:31:57.873] [info] CMC::computeControls, t = 0.57
[2023-08-15 22:31:57.902] [info] CMC::computeControls, t = 0.571
[2023-08-15 22:31:57.929] [info] CMC::computeControls, t = 0.572
[2023-08-15 22:31:57.966] [info] CMC::computeControls, t = 0.573
[2023-08-15 22:31:57.997] [info] CMC::computeControls, t = 0.574
[2023-08-15 22:31:58.018] [info] CMC::computeControls, t = 0.575
[2023-08-15 22:31:58.054] [info] CMC::computeControls, t = 0.576
[2023-08-15 22:31:58.093] [info] CMC::computeControls, t = 0.577
[2023-08-15 22:31:58.120] [info] CMC::computeControls, t = 0.578
[2023-08-15 22:31:58.139] [info] CMC::computeControls, t = 0.579
[2023-08-15 22:31:58.156] [info] CMC::computeControls, t = 0.58
[2023-08-15 22:31:58.188] [info] CMC::computeControls, t = 0.581
[2023-08-15 22:31:58.239] [info] CMC::computeControls, t = 0.582
[2023-08-15 22:31:58.258] [info] CMC::computeControls, t = 0.583
[2023-08-15 22:31:58.276] [info] CMC::computeControls, t = 0.584
[2023-08-15 22:31:58.312] [info] CMC::computeControls, t = 0.585
[2023-08-15 22:31:58.354] [info] CMC::computeControls, t = 0.586
[2023-08-15 22:31:58.398] [info] CMC::computeControls, t = 0.587
[2023-08-15 22:31:58.424] [info] CMC::computeControls, t = 0.588
[2023-08-15 22:31:58.469] [info] CMC::computeControls, t = 0.589
[2023-08-15 22:31:58.500] [info] CMC::computeControls, t = 0.59
[2023-08-15 22:31:58.530] [info] CMC::computeControls, t = 0.591
[2023-08-15 22:31:58.556] [info] CMC::computeControls, t = 0.592
[2023-08-15 22:31:58.586] [info] CMC::computeControls, t = 0.593
[2023-08-15 22:31:58.614] [info] CMC::computeControls, t = 0.594
[2023-08-15 22:31:58.635] [info] CMC::computeControls, t = 0.595
[2023-08-15 22:31:58.659] [info] CMC::computeControls, t = 0.596
[2023-08-15 22:31:58.681] [info] CMC::computeControls, t = 0.597
[2023-08-15 22:31:58.704] [info] CMC::computeControls, t = 0.598
[2023-08-15 22:31:58.719] [info] CMC::computeControls, t = 0.599
[2023-08-15 22:31:58.744] [info] CMC::computeControls, t = 0.6
[2023-08-15 22:31:58.778] [info] CMC::computeControls, t = 0.601000
[2023-08-15 22:31:58.798] [info] CMC::computeControls, t = 0.602000
[2023-08-15 22:31:58.835] [info] CMC::computeControls, t = 0.603000
[2023-08-15 22:31:58.869] [info] CMC::computeControls, t = 0.604000
[2023-08-15 22:31:58.905] [info] CMC::computeControls, t = 0.605000
[2023-08-15 22:31:58.938] [info] CMC::computeControls, t = 0.606000
[2023-08-15 22:31:58.955] [info] CMC::computeControls, t = 0.607000
[2023-08-15 22:31:58.976] [info] CMC::computeControls, t = 0.608000
[2023-08-15 22:31:59.004] [info] CMC::computeControls, t = 0.609000
[2023-08-15 22:31:59.020] [info] CMC::computeControls, t = 0.61
[2023-08-15 22:31:59.047] [info] CMC::computeControls, t = 0.611
[2023-08-15 22:31:59.076] [info] CMC::computeControls, t = 0.612
[2023-08-15 22:31:59.105] [info] CMC::computeControls, t = 0.613
[2023-08-15 22:31:59.146] [info] CMC::computeControls, t = 0.614
[2023-08-15 22:31:59.173] [info] CMC::computeControls, t = 0.615
[2023-08-15 22:31:59.197] [info] CMC::computeControls, t = 0.616
[2023-08-15 22:31:59.238] [info] CMC::computeControls, t = 0.617
[2023-08-15 22:31:59.276] [info] CMC::computeControls, t = 0.618
[2023-08-15 22:31:59.296] [info] CMC::computeControls, t = 0.619
[2023-08-15 22:31:59.320] [info] CMC::computeControls, t = 0.62
[2023-08-15 22:31:59.335] [info] CMC::computeControls, t = 0.621
[2023-08-15 22:31:59.361] [info] CMC::computeControls, t = 0.622
[2023-08-15 22:31:59.377] [info] CMC::computeControls, t = 0.623
[2023-08-15 22:31:59.402] [info] CMC::computeControls, t = 0.624
[2023-08-15 22:31:59.435] [info] CMC::computeControls, t = 0.625
[2023-08-15 22:31:59.455] [info] CMC::computeControls, t = 0.626
[2023-08-15 22:31:59.480] [info] CMC::computeControls, t = 0.627
[2023-08-15 22:31:59.511] [info] CMC::computeControls, t = 0.628
[2023-08-15 22:31:59.533] [info] CMC::computeControls, t = 0.629
[2023-08-15 22:31:59.568] [info] CMC::computeControls, t = 0.63
[2023-08-15 22:31:59.593] [info] CMC::computeControls, t = 0.631
[2023-08-15 22:31:59.620] [info] CMC::computeControls, t = 0.632
[2023-08-15 22:31:59.650] [info] CMC::computeControls, t = 0.633
[2023-08-15 22:31:59.666] [info] CMC::computeControls, t = 0.634
[2023-08-15 22:31:59.682] [info] CMC::computeControls, t = 0.635
[2023-08-15 22:31:59.699] [info] CMC::computeControls, t = 0.636
[2023-08-15 22:31:59.715] [info] CMC::computeControls, t = 0.637
[2023-08-15 22:31:59.732] [info] CMC::computeControls, t = 0.638
[2023-08-15 22:31:59.748] [info] CMC::computeControls, t = 0.639
[2023-08-15 22:31:59.771] [info] CMC::computeControls, t = 0.64
[2023-08-15 22:31:59.793] [info] CMC::computeControls, t = 0.641
[2023-08-15 22:31:59.819] [info] CMC::computeControls, t = 0.642
[2023-08-15 22:31:59.846] [info] CMC::computeControls, t = 0.643
[2023-08-15 22:31:59.874] [info] CMC::computeControls, t = 0.644
[2023-08-15 22:31:59.904] [info] CMC::computeControls, t = 0.645
[2023-08-15 22:31:59.943] [info] CMC::computeControls, t = 0.646
[2023-08-15 22:32:00.001] [info] CMC::computeControls, t = 0.647
[2023-08-15 22:32:00.033] [info] CMC::computeControls, t = 0.648
[2023-08-15 22:32:00.067] [info] CMC::computeControls, t = 0.649
[2023-08-15 22:32:00.092] [info] CMC::computeControls, t = 0.65
[2023-08-15 22:32:00.118] [info] CMC::computeControls, t = 0.651
[2023-08-15 22:32:00.152] [info] CMC::computeControls, t = 0.652
[2023-08-15 22:32:00.181] [info] CMC::computeControls, t = 0.653
[2023-08-15 22:32:00.216] [info] CMC::computeControls, t = 0.654
[2023-08-15 22:32:00.242] [info] CMC::computeControls, t = 0.655
[2023-08-15 22:32:00.264] [info] CMC::computeControls, t = 0.656
[2023-08-15 22:32:00.301] [info] CMC::computeControls, t = 0.657
[2023-08-15 22:32:00.323] [info] CMC::computeControls, t = 0.658
[2023-08-15 22:32:00.347] [info] CMC::computeControls, t = 0.659
[2023-08-15 22:32:00.377] [info] CMC::computeControls, t = 0.66
[2023-08-15 22:32:00.410] [info] CMC::computeControls, t = 0.661
[2023-08-15 22:32:00.444] [info] CMC::computeControls, t = 0.662
[2023-08-15 22:32:00.489] [info] CMC::computeControls, t = 0.663
[2023-08-15 22:32:00.517] [info] CMC::computeControls, t = 0.664
[2023-08-15 22:32:00.544] [info] CMC::computeControls, t = 0.665
[2023-08-15 22:32:00.582] [info] CMC::computeControls, t = 0.666
[2023-08-15 22:32:00.599] [info] CMC::computeControls, t = 0.667
[2023-08-15 22:32:00.635] [info] CMC::computeControls, t = 0.668
[2023-08-15 22:32:00.669] [info] CMC::computeControls, t = 0.669
[2023-08-15 22:32:00.698] [info] CMC::computeControls, t = 0.67
[2023-08-15 22:32:00.725] [info] CMC::computeControls, t = 0.671
[2023-08-15 22:32:00.757] [info] CMC::computeControls, t = 0.672
[2023-08-15 22:32:00.790] [info] CMC::computeControls, t = 0.673
[2023-08-15 22:32:00.814] [info] CMC::computeControls, t = 0.674
[2023-08-15 22:32:00.840] [info] CMC::computeControls, t = 0.675
[2023-08-15 22:32:00.869] [info] CMC::computeControls, t = 0.676
[2023-08-15 22:32:00.896] [info] CMC::computeControls, t = 0.677
[2023-08-15 22:32:00.915] [info] CMC::computeControls, t = 0.678
[2023-08-15 22:32:00.935] [info] CMC::computeControls, t = 0.679
[2023-08-15 22:32:00.966] [info] CMC::computeControls, t = 0.68
[2023-08-15 22:32:01.000] [info] CMC::computeControls, t = 0.681
[2023-08-15 22:32:01.036] [info] CMC::computeControls, t = 0.682
[2023-08-15 22:32:01.068] [info] CMC::computeControls, t = 0.683
[2023-08-15 22:32:01.085] [info] CMC::computeControls, t = 0.684
[2023-08-15 22:32:01.100] [info] CMC::computeControls, t = 0.685
[2023-08-15 22:32:01.124] [info] CMC::computeControls, t = 0.686
[2023-08-15 22:32:01.161] [info] CMC::computeControls, t = 0.687
[2023-08-15 22:32:01.185] [info] CMC::computeControls, t = 0.688
[2023-08-15 22:32:01.211] [info] CMC::computeControls, t = 0.689
[2023-08-15 22:32:01.241] [info] CMC::computeControls, t = 0.69
[2023-08-15 22:32:01.267] [info] CMC::computeControls, t = 0.691
[2023-08-15 22:32:01.304] [info] CMC::computeControls, t = 0.692
[2023-08-15 22:32:01.331] [info] CMC::computeControls, t = 0.693
[2023-08-15 22:32:01.365] [info] CMC::computeControls, t = 0.694
[2023-08-15 22:32:01.393] [info] CMC::computeControls, t = 0.695
[2023-08-15 22:32:01.412] [info] CMC::computeControls, t = 0.696
[2023-08-15 22:32:01.427] [info] CMC::computeControls, t = 0.697
[2023-08-15 22:32:01.451] [info] CMC::computeControls, t = 0.698
[2023-08-15 22:32:01.473] [info] CMC::computeControls, t = 0.699
[2023-08-15 22:32:01.503] [info] CMC::computeControls, t = 0.7
[2023-08-15 22:32:01.524] [info] CMC::computeControls, t = 0.701000
[2023-08-15 22:32:01.552] [info] CMC::computeControls, t = 0.702000
[2023-08-15 22:32:01.571] [info] CMC::computeControls, t = 0.703000
[2023-08-15 22:32:01.598] [info] CMC::computeControls, t = 0.704000
[2023-08-15 22:32:01.633] [info] CMC::computeControls, t = 0.705000
[2023-08-15 22:32:01.668] [info] CMC::computeControls, t = 0.706000
[2023-08-15 22:32:01.698] [info] CMC::computeControls, t = 0.707000
[2023-08-15 22:32:01.714] [info] CMC::computeControls, t = 0.708000
[2023-08-15 22:32:01.730] [info] CMC::computeControls, t = 0.709000
[2023-08-15 22:32:01.750] [info] CMC::computeControls, t = 0.71
[2023-08-15 22:32:01.776] [info] CMC::computeControls, t = 0.711
[2023-08-15 22:32:01.805] [info] CMC::computeControls, t = 0.712
[2023-08-15 22:32:01.829] [info] CMC::computeControls, t = 0.713
[2023-08-15 22:32:01.847] [info] CMC::computeControls, t = 0.714
[2023-08-15 22:32:01.871] [info] CMC::computeControls, t = 0.715
[2023-08-15 22:32:01.889] [info] CMC::computeControls, t = 0.716
[2023-08-15 22:32:01.908] [info] CMC::computeControls, t = 0.717
[2023-08-15 22:32:01.935] [info] CMC::computeControls, t = 0.718
[2023-08-15 22:32:01.951] [info] CMC::computeControls, t = 0.719
[2023-08-15 22:32:01.970] [info] CMC::computeControls, t = 0.72
[2023-08-15 22:32:01.989] [info] CMC::computeControls, t = 0.721
[2023-08-15 22:32:02.005] [info] CMC::computeControls, t = 0.722
[2023-08-15 22:32:02.033] [info] CMC::computeControls, t = 0.723
[2023-08-15 22:32:02.062] [info] CMC::computeControls, t = 0.724
[2023-08-15 22:32:02.088] [info] CMC::computeControls, t = 0.725
[2023-08-15 22:32:02.109] [info] CMC::computeControls, t = 0.726
[2023-08-15 22:32:02.124] [info] CMC::computeControls, t = 0.727
[2023-08-15 22:32:02.143] [info] CMC::computeControls, t = 0.728
[2023-08-15 22:32:02.165] [info] CMC::computeControls, t = 0.729
[2023-08-15 22:32:02.183] [info] CMC::computeControls, t = 0.73
[2023-08-15 22:32:02.217] [info] CMC::computeControls, t = 0.731
[2023-08-15 22:32:02.240] [info] CMC::computeControls, t = 0.732
[2023-08-15 22:32:02.259] [info] CMC::computeControls, t = 0.733
[2023-08-15 22:32:02.290] [info] CMC::computeControls, t = 0.734
[2023-08-15 22:32:02.316] [info] CMC::computeControls, t = 0.735
[2023-08-15 22:32:02.348] [info] CMC::computeControls, t = 0.736
[2023-08-15 22:32:02.382] [info] CMC::computeControls, t = 0.737
[2023-08-15 22:32:02.407] [info] CMC::computeControls, t = 0.738
[2023-08-15 22:32:02.440] [info] CMC::computeControls, t = 0.739
[2023-08-15 22:32:02.476] [info] CMC::computeControls, t = 0.74
[2023-08-15 22:32:02.497] [info] CMC::computeControls, t = 0.741
[2023-08-15 22:32:02.517] [info] CMC::computeControls, t = 0.742
[2023-08-15 22:32:02.542] [info] CMC::computeControls, t = 0.743
[2023-08-15 22:32:02.566] [info] CMC::computeControls, t = 0.744
[2023-08-15 22:32:02.585] [info] CMC::computeControls, t = 0.745
[2023-08-15 22:32:02.608] [info] CMC::computeControls, t = 0.746
[2023-08-15 22:32:02.632] [info] CMC::computeControls, t = 0.747
[2023-08-15 22:32:02.648] [info] CMC::computeControls, t = 0.748
[2023-08-15 22:32:02.667] [info] CMC::computeControls, t = 0.749
[2023-08-15 22:32:02.693] [info] CMC::computeControls, t = 0.75
[2023-08-15 22:32:02.717] [info] CMC::computeControls, t = 0.751
[2023-08-15 22:32:02.744] [info] CMC::computeControls, t = 0.752
[2023-08-15 22:32:02.776] [info] CMC::computeControls, t = 0.753
[2023-08-15 22:32:02.796] [info] CMC::computeControls, t = 0.754
[2023-08-15 22:32:02.817] [info] CMC::computeControls, t = 0.755
[2023-08-15 22:32:02.843] [info] CMC::computeControls, t = 0.756
[2023-08-15 22:32:02.867] [info] CMC::computeControls, t = 0.757
[2023-08-15 22:32:02.901] [info] CMC::computeControls, t = 0.758
[2023-08-15 22:32:02.917] [info] CMC::computeControls, t = 0.759
[2023-08-15 22:32:02.933] [info] CMC::computeControls, t = 0.76
[2023-08-15 22:32:02.967] [info] CMC::computeControls, t = 0.761
[2023-08-15 22:32:02.996] [info] CMC::computeControls, t = 0.762
[2023-08-15 22:32:03.033] [info] CMC::computeControls, t = 0.763
[2023-08-15 22:32:03.064] [info] CMC::computeControls, t = 0.764
[2023-08-15 22:32:03.094] [info] CMC::computeControls, t = 0.765
[2023-08-15 22:32:03.114] [info] CMC::computeControls, t = 0.766
[2023-08-15 22:32:03.155] [info] CMC::computeControls, t = 0.767
[2023-08-15 22:32:03.190] [info] CMC::computeControls, t = 0.768
[2023-08-15 22:32:03.227] [info] CMC::computeControls, t = 0.769
[2023-08-15 22:32:03.253] [info] CMC::computeControls, t = 0.77
[2023-08-15 22:32:03.281] [info] CMC::computeControls, t = 0.771
[2023-08-15 22:32:03.301] [info] CMC::computeControls, t = 0.772
[2023-08-15 22:32:03.318] [info] CMC::computeControls, t = 0.773
[2023-08-15 22:32:03.345] [info] CMC::computeControls, t = 0.774
[2023-08-15 22:32:03.361] [info] CMC::computeControls, t = 0.775
[2023-08-15 22:32:03.391] [info] CMC::computeControls, t = 0.776
[2023-08-15 22:32:03.416] [info] CMC::computeControls, t = 0.777
[2023-08-15 22:32:03.442] [info] CMC::computeControls, t = 0.778
[2023-08-15 22:32:03.468] [info] CMC::computeControls, t = 0.779
[2023-08-15 22:32:03.490] [info] CMC::computeControls, t = 0.78
[2023-08-15 22:32:03.514] [info] CMC::computeControls, t = 0.781
[2023-08-15 22:32:03.530] [info] CMC::computeControls, t = 0.782
[2023-08-15 22:32:03.549] [info] CMC::computeControls, t = 0.783
[2023-08-15 22:32:03.571] [info] CMC::computeControls, t = 0.784
[2023-08-15 22:32:03.596] [info] CMC::computeControls, t = 0.785
[2023-08-15 22:32:03.614] [info] CMC::computeControls, t = 0.786
[2023-08-15 22:32:03.636] [info] CMC::computeControls, t = 0.787
[2023-08-15 22:32:03.655] [info] CMC::computeControls, t = 0.788
[2023-08-15 22:32:03.694] [info] CMC::computeControls, t = 0.789
[2023-08-15 22:32:03.727] [info] CMC::computeControls, t = 0.79
[2023-08-15 22:32:03.764] [info] CMC::computeControls, t = 0.791
[2023-08-15 22:32:03.804] [info] CMC::computeControls, t = 0.792
[2023-08-15 22:32:03.820] [info] CMC::computeControls, t = 0.793
[2023-08-15 22:32:03.853] [info] CMC::computeControls, t = 0.794
[2023-08-15 22:32:03.884] [info] CMC::computeControls, t = 0.795
[2023-08-15 22:32:03.920] [info] CMC::computeControls, t = 0.796
[2023-08-15 22:32:03.950] [info] CMC::computeControls, t = 0.797
[2023-08-15 22:32:03.966] [info] CMC::computeControls, t = 0.798
[2023-08-15 22:32:03.981] [info] CMC::computeControls, t = 0.799
[2023-08-15 22:32:04.007] [info] CMC::computeControls, t = 0.8
[2023-08-15 22:32:04.026] [info] CMC::computeControls, t = 0.801000
[2023-08-15 22:32:04.042] [info] CMC::computeControls, t = 0.802000
[2023-08-15 22:32:04.066] [info] CMC::computeControls, t = 0.803000
[2023-08-15 22:32:04.104] [info] CMC::computeControls, t = 0.804000
[2023-08-15 22:32:04.131] [info] CMC::computeControls, t = 0.805000
[2023-08-15 22:32:04.150] [info] CMC::computeControls, t = 0.806000
[2023-08-15 22:32:04.191] [info] CMC::computeControls, t = 0.807000
[2023-08-15 22:32:04.209] [info] CMC::computeControls, t = 0.808000
[2023-08-15 22:32:04.247] [info] CMC::computeControls, t = 0.809000
[2023-08-15 22:32:04.274] [info] CMC::computeControls, t = 0.81
[2023-08-15 22:32:04.298] [info] CMC::computeControls, t = 0.811
[2023-08-15 22:32:04.314] [info] CMC::computeControls, t = 0.812
[2023-08-15 22:32:04.330] [info] CMC::computeControls, t = 0.813
[2023-08-15 22:32:04.346] [info] CMC::computeControls, t = 0.814
[2023-08-15 22:32:04.364] [info] CMC::computeControls, t = 0.815
[2023-08-15 22:32:04.379] [info] CMC::computeControls, t = 0.816
[2023-08-15 22:32:04.406] [info] CMC::computeControls, t = 0.817
[2023-08-15 22:32:04.432] [info] CMC::computeControls, t = 0.818
[2023-08-15 22:32:04.457] [info] CMC::computeControls, t = 0.819
[2023-08-15 22:32:04.479] [info] CMC::computeControls, t = 0.82
[2023-08-15 22:32:04.523] [info] CMC::computeControls, t = 0.821
[2023-08-15 22:32:04.540] [info] CMC::computeControls, t = 0.822
[2023-08-15 22:32:04.558] [info] CMC::computeControls, t = 0.823
[2023-08-15 22:32:04.574] [info] CMC::computeControls, t = 0.824
[2023-08-15 22:32:04.601] [info] CMC::computeControls, t = 0.825
[2023-08-15 22:32:04.638] [info] CMC::computeControls, t = 0.826
[2023-08-15 22:32:04.658] [info] CMC::computeControls, t = 0.827
[2023-08-15 22:32:04.677] [info] CMC::computeControls, t = 0.828
[2023-08-15 22:32:04.706] [info] CMC::computeControls, t = 0.829
[2023-08-15 22:32:04.737] [info] CMC::computeControls, t = 0.83
[2023-08-15 22:32:04.760] [info] CMC::computeControls, t = 0.831
[2023-08-15 22:32:04.776] [info] CMC::computeControls, t = 0.832
[2023-08-15 22:32:04.802] [info] CMC::computeControls, t = 0.833
[2023-08-15 22:32:04.836] [info] CMC::computeControls, t = 0.834
[2023-08-15 22:32:04.875] [info] CMC::computeControls, t = 0.835
[2023-08-15 22:32:04.899] [info] CMC::computeControls, t = 0.836
[2023-08-15 22:32:04.922] [info] CMC::computeControls, t = 0.837
[2023-08-15 22:32:04.951] [info] CMC::computeControls, t = 0.838
[2023-08-15 22:32:04.984] [info] CMC::computeControls, t = 0.839
[2023-08-15 22:32:05.003] [info] CMC::computeControls, t = 0.84
[2023-08-15 22:32:05.018] [info] CMC::computeControls, t = 0.841
[2023-08-15 22:32:05.055] [info] CMC::computeControls, t = 0.842
[2023-08-15 22:32:05.092] [info] CMC::computeControls, t = 0.843
[2023-08-15 22:32:05.117] [info] CMC::computeControls, t = 0.844
[2023-08-15 22:32:05.146] [info] CMC::computeControls, t = 0.845
[2023-08-15 22:32:05.167] [info] CMC::computeControls, t = 0.846
[2023-08-15 22:32:05.199] [info] CMC::computeControls, t = 0.847
[2023-08-15 22:32:05.231] [info] CMC::computeControls, t = 0.848
[2023-08-15 22:32:05.251] [info] CMC::computeControls, t = 0.849
[2023-08-15 22:32:05.268] [info] CMC::computeControls, t = 0.85
[2023-08-15 22:32:05.299] [info] CMC::computeControls, t = 0.851
[2023-08-15 22:32:05.327] [info] CMC::computeControls, t = 0.852
[2023-08-15 22:32:05.348] [info] CMC::computeControls, t = 0.853
[2023-08-15 22:32:05.366] [info] CMC::computeControls, t = 0.854
[2023-08-15 22:32:05.392] [info] CMC::computeControls, t = 0.855
[2023-08-15 22:32:05.414] [info] CMC::computeControls, t = 0.856
[2023-08-15 22:32:05.435] [info] CMC::computeControls, t = 0.857
[2023-08-15 22:32:05.455] [info] CMC::computeControls, t = 0.858
[2023-08-15 22:32:05.481] [info] CMC::computeControls, t = 0.859
[2023-08-15 22:32:05.506] [info] CMC::computeControls, t = 0.86
[2023-08-15 22:32:05.522] [info] CMC::computeControls, t = 0.861
[2023-08-15 22:32:05.545] [info] CMC::computeControls, t = 0.862
[2023-08-15 22:32:05.571] [info] CMC::computeControls, t = 0.863
[2023-08-15 22:32:05.596] [info] CMC::computeControls, t = 0.864
[2023-08-15 22:32:05.626] [info] CMC::computeControls, t = 0.865
[2023-08-15 22:32:05.648] [info] CMC::computeControls, t = 0.866
[2023-08-15 22:32:05.681] [info] CMC::computeControls, t = 0.867
[2023-08-15 22:32:05.720] [info] CMC::computeControls, t = 0.868
[2023-08-15 22:32:05.742] [info] CMC::computeControls, t = 0.869
[2023-08-15 22:32:05.758] [info] CMC::computeControls, t = 0.87
[2023-08-15 22:32:05.775] [info] CMC::computeControls, t = 0.871
[2023-08-15 22:32:05.806] [info] CMC::computeControls, t = 0.872
[2023-08-15 22:32:05.841] [info] CMC::computeControls, t = 0.873
[2023-08-15 22:32:05.867] [info] CMC::computeControls, t = 0.874
[2023-08-15 22:32:05.905] [info] CMC::computeControls, t = 0.875
[2023-08-15 22:32:05.941] [info] CMC::computeControls, t = 0.876
[2023-08-15 22:32:05.973] [info] CMC::computeControls, t = 0.877
[2023-08-15 22:32:05.997] [info] CMC::computeControls, t = 0.878
[2023-08-15 22:32:06.017] [info] CMC::computeControls, t = 0.879
[2023-08-15 22:32:06.032] [info] CMC::computeControls, t = 0.88
[2023-08-15 22:32:06.048] [info] CMC::computeControls, t = 0.881
[2023-08-15 22:32:06.063] [info] CMC::computeControls, t = 0.882
[2023-08-15 22:32:06.082] [info] CMC::computeControls, t = 0.883
[2023-08-15 22:32:06.104] [info] CMC::computeControls, t = 0.884
[2023-08-15 22:32:06.131] [info] CMC::computeControls, t = 0.885
[2023-08-15 22:32:06.166] [info] CMC::computeControls, t = 0.886
[2023-08-15 22:32:06.204] [info] CMC::computeControls, t = 0.887
[2023-08-15 22:32:06.244] [info] CMC::computeControls, t = 0.888
[2023-08-15 22:32:06.280] [info] CMC::computeControls, t = 0.889
[2023-08-15 22:32:06.302] [info] CMC::computeControls, t = 0.89
[2023-08-15 22:32:06.330] [info] CMC::computeControls, t = 0.891
[2023-08-15 22:32:06.364] [info] CMC::computeControls, t = 0.892
[2023-08-15 22:32:06.386] [info] CMC::computeControls, t = 0.893
[2023-08-15 22:32:06.416] [info] CMC::computeControls, t = 0.894
[2023-08-15 22:32:06.449] [info] CMC::computeControls, t = 0.895
[2023-08-15 22:32:06.491] [info] CMC::computeControls, t = 0.896
[2023-08-15 22:32:06.518] [info] CMC::computeControls, t = 0.897
[2023-08-15 22:32:06.545] [info] CMC::computeControls, t = 0.898
[2023-08-15 22:32:06.573] [info] CMC::computeControls, t = 0.899
[2023-08-15 22:32:06.611] [info] CMC::computeControls, t = 0.9
[2023-08-15 22:32:06.639] [info] CMC::computeControls, t = 0.901000
[2023-08-15 22:32:06.655] [info] CMC::computeControls, t = 0.902000
[2023-08-15 22:32:06.689] [info] CMC::computeControls, t = 0.903000
[2023-08-15 22:32:06.726] [info] CMC::computeControls, t = 0.904000
[2023-08-15 22:32:06.761] [info] CMC::computeControls, t = 0.905000
[2023-08-15 22:32:06.793] [info] CMC::computeControls, t = 0.906000
[2023-08-15 22:32:06.824] [info] CMC::computeControls, t = 0.907000
[2023-08-15 22:32:06.851] [info] CMC::computeControls, t = 0.908000
[2023-08-15 22:32:06.875] [info] CMC::computeControls, t = 0.909000
[2023-08-15 22:32:06.903] [info] CMC::computeControls, t = 0.91
[2023-08-15 22:32:06.919] [info] CMC::computeControls, t = 0.911
[2023-08-15 22:32:06.934] [info] CMC::computeControls, t = 0.912
[2023-08-15 22:32:06.961] [info] CMC::computeControls, t = 0.913
[2023-08-15 22:32:06.991] [info] CMC::computeControls, t = 0.914
[2023-08-15 22:32:07.007] [info] CMC::computeControls, t = 0.915
[2023-08-15 22:32:07.026] [info] CMC::computeControls, t = 0.916
[2023-08-15 22:32:07.044] [info] CMC::computeControls, t = 0.917
[2023-08-15 22:32:07.064] [info] CMC::computeControls, t = 0.918
[2023-08-15 22:32:07.096] [info] CMC::computeControls, t = 0.919
[2023-08-15 22:32:07.125] [info] CMC::computeControls, t = 0.92
[2023-08-15 22:32:07.152] [info] -------------------------------------------
[2023-08-15 22:32:07.152] [info] Finished tracking the specified kinematics:
[2023-08-15 22:32:07.152] [info] -------------------------------------------
[2023-08-15 22:32:07.152] [info]  -- Start time = Tue Aug 15 22:31:49 2023
[2023-08-15 22:32:07.152] [info]  -- Finish time = Tue Aug 15 22:32:07 2023
[2023-08-15 22:32:07.152] [info]  -- Elapsed time = 18.0 seconds.
[2023-08-15 22:32:07.152] [info] -------------------------------------------
[2023-08-15 22:32:07.152] [info] 
[2023-08-15 22:32:07.153] [info] Printing results of investigation subject17_run5_cycle1_iter1 to cycle1/
[2023-08-15 22:32:07.726] [info] 

************************************************************
*      Summary of Mass Adjustments to Reduce Residuals     *
************************************************************
* Body adjusted: torso
* Mass Center (COM) adjustment: dx =-0.1, dz =0.00484402
* New COM location: ~[0.0713998,0.305069,-0.00484402]
************************************************************
* Recommended mass adjustments:                             
*  Total mass change: 2.06643
*  pelvis: orig mass = 10.7245, new mass = 11.0483
*  femur_r: orig mass = 8.47013, new mass = 8.72584
*  tibia_r: orig mass = 3.37616, new mass = 3.47808
*  talus_r: orig mass = 0.0910629, new mass = 0.0938121
*  calcn_r: orig mass = 1.13829, new mass = 1.17265
*  toes_r: orig mass = 0.197242, new mass = 0.203197
*  femur_l: orig mass = 8.47013, new mass = 8.72584
*  tibia_l: orig mass = 3.37616, new mass = 3.47808
*  talus_l: orig mass = 0.0910629, new mass = 0.0938121
*  calcn_l: orig mass = 1.13829, new mass = 1.17265
*  toes_l: orig mass = 0.197242, new mass = 0.203197
*  torso: orig mass = 24.4291, new mass = 25.1666
*  humerus_r: orig mass = 1.85085, new mass = 1.90673
*  ulna_r: orig mass = 0.553207, new mass = 0.569909
*  radius_r: orig mass = 0.553207, new mass = 0.569909
*  hand_r: orig mass = 0.416613, new mass = 0.429191
*  humerus_l: orig mass = 1.85085, new mass = 1.90673
*  ulna_l: orig mass = 0.553207, new mass = 0.569909
*  radius_l: orig mass = 0.553207, new mass = 0.569909
*  hand_l: orig mass = 0.416613, new mass = 0.429191
************************************************************
* Note: Edit the model to make recommended adjustments to  *
*       mass properties.                                   *
************************************************************

* Average residuals before adjusting torso COM:
*  FX=-1.70467 FY=-20.2647 FZ=-2.18176
*  MX=-1.16047 MY=3.39302 MZ=-32.0609
************************************************************
* Average residuals after adjusting torso COM:
*  FX=-1.60088 FY=-21.2352 FZ=-3.04685
*  MX=-5.0526 MY=4.07825 MZ=-9.98091
************************************************************


[2023-08-15 22:32:07.727] [info] 
************************************************************
*                   Final Average Residuals                *
************************************************************
* After torso COM and Kinematics adjustments:
*  FX=6.78259 FY=-8.64168 FZ=1.79506
*  MX=-6.53263 MY=-3.45193 MZ=10.0473
************************************************************


