[2023-08-15 22:06:52.873] [info] Storage: read data file = ..\rra2\cycle1\subject03_run5_cycle1_iter2_Kinematics_q.sto (nr=644 nc=38)
[2023-08-15 22:06:52.894] [info] Storage: read data file = ..\rra2\cycle1\subject03_run5_cycle1_iter2_Kinematics_q.sto (nr=644 nc=38)
[2023-08-15 22:06:52.930] [info] AbstractTool subject03_run5_cycle1_iter3 loading model ..\rra2\cycle1\subject03_run5_cycle1_rraAdjusted_iter2.osim
[2023-08-15 22:06:52.967] [info] Loaded model subject03_scaled from file ..\rra2\cycle1\subject03_run5_cycle1_rraAdjusted_iter2.osim
[2023-08-15 22:06:53.000] [info] Adding force object set from ..\subject03_run5_RRA_Actuators.xml
[2023-08-15 22:06:53.006] [info] Running tool subject03_run5_cycle1_iter3.
[2023-08-15 22:06:53.019] [warning] ExternalLoads 'externalloads' has subcomponents with duplicate name 'externalforce'. The duplicate is being renamed to 'externalforce_0'.
[2023-08-15 22:06:53.033] [info] 	taskSet size = 29.
[2023-08-15 22:06:53.097] [info] ExternalForce::externalforce Data source being set to Run_500 03_newCOP3_v24.mot
[2023-08-15 22:06:53.097] [info] ExternalForce::externalforce_0 Data source being set to Run_500 03_newCOP3_v24.mot
[2023-08-15 22:06:53.101] [warning] A desired points file was not specified.
[2023-08-15 22:06:53.101] [info] Loading desired kinematics from file '..\rra2\cycle1\subject03_run5_cycle1_iter2_Kinematics_q.sto'...
[2023-08-15 22:06:53.102] [info] Storage: read data file = ..\rra2\cycle1\subject03_run5_cycle1_iter2_Kinematics_q.sto (nr=644 nc=38)
[2023-08-15 22:06:53.123] [info] Not filtering the desired kinematics.
[2023-08-15 22:06:53.124] [cout] [info] MODEL: subject03_scaled

numStates = 74
numCoordinates = 37
numSpeeds = 37
numActuators = 29
numBodies = 20
numConstraints = 0
numProbes = 0

ANALYSES (total: 0)

BODIES (total: 20)
body[0] = pelvis. mass: 10.1242
              moments of inertia:  ~[0.106728,0.106728,0.0523826]
              products of inertia: ~[0,0,0]
body[1] = femur_r. mass: 7.99605
              moments of inertia:  ~[0.139404,0.0365429,0.147004]
              products of inertia: ~[0,0,0]
body[2] = tibia_r. mass: 3.18719
              moments of inertia:  ~[0.0484375,0.0041671,0.0484375]
              products of inertia: ~[0,0,0]
body[3] = talus_r. mass: 0.085966
              moments of inertia:  ~[0.000953409,0.000953409,0.000953409]
              products of inertia: ~[0,0,0]
body[4] = calcn_r. mass: 1.07458
              moments of inertia:  ~[0.00133477,0.00371829,0.00390898]
              products of inertia: ~[0,0,0]
body[5] = toes_r. mass: 0.186203
              moments of inertia:  ~[9.53409e-05,0.000190682,0.000953409]
              products of inertia: ~[0,0,0]
body[6] = femur_l. mass: 7.99605
              moments of inertia:  ~[0.139404,0.0365429,0.147004]
              products of inertia: ~[0,0,0]
body[7] = tibia_l. mass: 3.18719
              moments of inertia:  ~[0.0484375,0.0041671,0.0484375]
              products of inertia: ~[0,0,0]
body[8] = talus_l. mass: 0.085966
              moments of inertia:  ~[0.000953409,0.000953409,0.000953409]
              products of inertia: ~[0,0,0]
body[9] = calcn_l. mass: 1.07458
              moments of inertia:  ~[0.00133477,0.00371829,0.00390898]
              products of inertia: ~[0,0,0]
body[10] = toes_l. mass: 0.186203
              moments of inertia:  ~[9.53409e-05,0.000190682,0.000953409]
              products of inertia: ~[0,0,0]
body[11] = torso. mass: 23.0617
              moments of inertia:  ~[1.34416,0.688715,1.30487]
              products of inertia: ~[0,0,0]
body[12] = humerus_r. mass: 1.74726
              moments of inertia:  ~[0.0130498,0.00450178,0.014648]
              products of inertia: ~[0,0,0]
body[13] = ulna_r. mass: 0.522244
              moments of inertia:  ~[0.00303753,0.000633759,0.00329493]
              products of inertia: ~[0,0,0]
body[14] = radius_r. mass: 0.522244
              moments of inertia:  ~[0.00303753,0.000633759,0.00329493]
              products of inertia: ~[0,0,0]
body[15] = hand_r. mass: 0.393294
              moments of inertia:  ~[0.000914746,0.000560949,0.00137417]
              products of inertia: ~[0,0,0]
body[16] = humerus_l. mass: 1.74726
              moments of inertia:  ~[0.0130498,0.00450178,0.014648]
              products of inertia: ~[0,0,0]
body[17] = ulna_l. mass: 0.522244
              moments of inertia:  ~[0.00303753,0.000633759,0.00329493]
              products of inertia: ~[0,0,0]
body[18] = radius_l. mass: 0.522244
              moments of inertia:  ~[0.00303753,0.000633759,0.00329493]
              products of inertia: ~[0,0,0]
body[19] = hand_l. mass: 0.393294
              moments of inertia:  ~[0.000914746,0.000560949,0.00137417]
              products of inertia: ~[0,0,0]

JOINTS (total: 20)
joint[0] = ground_pelvis. parent: ground_offset, child: pelvis_offset
joint[1] = hip_r. parent: pelvis_offset, child: femur_r_offset
joint[2] = knee_r. parent: femur_r_offset, child: tibia_r_offset
joint[3] = ankle_r. parent: tibia_r_offset, child: talus_r_offset
joint[4] = subtalar_r. parent: talus_r_offset, child: calcn_r_offset
joint[5] = mtp_r. parent: calcn_r_offset, child: toes_r_offset
joint[6] = hip_l. parent: pelvis_offset, child: femur_l_offset
joint[7] = knee_l. parent: femur_l_offset, child: tibia_l_offset
joint[8] = ankle_l. parent: tibia_l_offset, child: talus_l_offset
joint[9] = subtalar_l. parent: talus_l_offset, child: calcn_l_offset
joint[10] = mtp_l. parent: calcn_l_offset, child: toes_l_offset
joint[11] = back. parent: pelvis_offset, child: torso_offset
joint[12] = acromial_r. parent: torso_offset, child: humerus_r_offset
joint[13] = elbow_r. parent: humerus_r_offset, child: ulna_r_offset
joint[14] = radioulnar_r. parent: ulna_r_offset, child: radius_r_offset
joint[15] = radius_hand_r. parent: radius_r_offset, child: hand_r_offset
joint[16] = acromial_l. parent: torso_offset, child: humerus_l_offset
joint[17] = elbow_l. parent: humerus_l_offset, child: ulna_l_offset
joint[18] = radioulnar_l. parent: ulna_l_offset, child: radius_l_offset
joint[19] = radius_hand_l. parent: radius_l_offset, child: hand_l_offset

ACTUATORS (total: 29)
actuator[0] = FX
actuator[1] = FY
actuator[2] = FZ
actuator[3] = MZ
actuator[4] = MX
actuator[5] = MY
actuator[6] = hip_flexion_r
actuator[7] = hip_adduction_r
actuator[8] = hip_rotation_r
actuator[9] = knee_angle_r
actuator[10] = ankle_angle_r
actuator[11] = hip_flexion_l
actuator[12] = hip_adduction_l
actuator[13] = hip_rotation_l
actuator[14] = knee_angle_l
actuator[15] = ankle_angle_l
actuator[16] = lumbar_extension
actuator[17] = lumbar_bending
actuator[18] = lumbar_rotation
actuator[19] = arm_flex_r
actuator[20] = arm_add_r
actuator[21] = arm_rot_r
actuator[22] = elbow_flex_r
actuator[23] = pro_sup_r
actuator[24] = arm_flex_l
actuator[25] = arm_add_l
actuator[26] = arm_rot_l
actuator[27] = elbow_flex_l
actuator[28] = pro_sup_l

STATES (total: 74)
y[0] = /jointset/ground_pelvis/pelvis_tilt/value
y[1] = /jointset/ground_pelvis/pelvis_tilt/speed
y[2] = /jointset/ground_pelvis/pelvis_list/value
y[3] = /jointset/ground_pelvis/pelvis_list/speed
y[4] = /jointset/ground_pelvis/pelvis_rotation/value
y[5] = /jointset/ground_pelvis/pelvis_rotation/speed
y[6] = /jointset/ground_pelvis/pelvis_tx/value
y[7] = /jointset/ground_pelvis/pelvis_tx/speed
y[8] = /jointset/ground_pelvis/pelvis_ty/value
y[9] = /jointset/ground_pelvis/pelvis_ty/speed
y[10] = /jointset/ground_pelvis/pelvis_tz/value
y[11] = /jointset/ground_pelvis/pelvis_tz/speed
y[12] = /jointset/hip_r/hip_flexion_r/value
y[13] = /jointset/hip_r/hip_flexion_r/speed
y[14] = /jointset/hip_r/hip_adduction_r/value
y[15] = /jointset/hip_r/hip_adduction_r/speed
y[16] = /jointset/hip_r/hip_rotation_r/value
y[17] = /jointset/hip_r/hip_rotation_r/speed
y[18] = /jointset/knee_r/knee_angle_r/value
y[19] = /jointset/knee_r/knee_angle_r/speed
y[20] = /jointset/ankle_r/ankle_angle_r/value
y[21] = /jointset/ankle_r/ankle_angle_r/speed
y[22] = /jointset/subtalar_r/subtalar_angle_r/value
y[23] = /jointset/subtalar_r/subtalar_angle_r/speed
y[24] = /jointset/mtp_r/mtp_angle_r/value
y[25] = /jointset/mtp_r/mtp_angle_r/speed
y[26] = /jointset/hip_l/hip_flexion_l/value
y[27] = /jointset/hip_l/hip_flexion_l/speed
y[28] = /jointset/hip_l/hip_adduction_l/value
y[29] = /jointset/hip_l/hip_adduction_l/speed
y[30] = /jointset/hip_l/hip_rotation_l/value
y[31] = /jointset/hip_l/hip_rotation_l/speed
y[32] = /jointset/knee_l/knee_angle_l/value
y[33] = /jointset/knee_l/knee_angle_l/speed
y[34] = /jointset/ankle_l/ankle_angle_l/value
y[35] = /jointset/ankle_l/ankle_angle_l/speed
y[36] = /jointset/subtalar_l/subtalar_angle_l/value
y[37] = /jointset/subtalar_l/subtalar_angle_l/speed
y[38] = /jointset/mtp_l/mtp_angle_l/value
y[39] = /jointset/mtp_l/mtp_angle_l/speed
y[40] = /jointset/back/lumbar_extension/value
y[41] = /jointset/back/lumbar_extension/speed
y[42] = /jointset/back/lumbar_bending/value
y[43] = /jointset/back/lumbar_bending/speed
y[44] = /jointset/back/lumbar_rotation/value
y[45] = /jointset/back/lumbar_rotation/speed
y[46] = /jointset/acromial_r/arm_flex_r/value
y[47] = /jointset/acromial_r/arm_flex_r/speed
y[48] = /jointset/acromial_r/arm_add_r/value
y[49] = /jointset/acromial_r/arm_add_r/speed
y[50] = /jointset/acromial_r/arm_rot_r/value
y[51] = /jointset/acromial_r/arm_rot_r/speed
y[52] = /jointset/elbow_r/elbow_flex_r/value
y[53] = /jointset/elbow_r/elbow_flex_r/speed
y[54] = /jointset/radioulnar_r/pro_sup_r/value
y[55] = /jointset/radioulnar_r/pro_sup_r/speed
y[56] = /jointset/radius_hand_r/wrist_flex_r/value
y[57] = /jointset/radius_hand_r/wrist_flex_r/speed
y[58] = /jointset/radius_hand_r/wrist_dev_r/value
y[59] = /jointset/radius_hand_r/wrist_dev_r/speed
y[60] = /jointset/acromial_l/arm_flex_l/value
y[61] = /jointset/acromial_l/arm_flex_l/speed
y[62] = /jointset/acromial_l/arm_add_l/value
y[63] = /jointset/acromial_l/arm_add_l/speed
y[64] = /jointset/acromial_l/arm_rot_l/value
y[65] = /jointset/acromial_l/arm_rot_l/speed
y[66] = /jointset/elbow_l/elbow_flex_l/value
y[67] = /jointset/elbow_l/elbow_flex_l/speed
y[68] = /jointset/radioulnar_l/pro_sup_l/value
y[69] = /jointset/radioulnar_l/pro_sup_l/speed
y[70] = /jointset/radius_hand_l/wrist_flex_l/value
y[71] = /jointset/radius_hand_l/wrist_flex_l/speed
y[72] = /jointset/radius_hand_l/wrist_dev_l/value
y[73] = /jointset/radius_hand_l/wrist_dev_l/speed

[2023-08-15 22:06:53.383] [warning] Coordinate.setValue:  coordinate subtalar_angle_r is locked. Unable to change its value.
[2023-08-15 22:06:53.383] [warning] Coordinate.setValue:  coordinate mtp_angle_r is locked. Unable to change its value.
[2023-08-15 22:06:53.383] [warning] Coordinate.setValue:  coordinate subtalar_angle_l is locked. Unable to change its value.
[2023-08-15 22:06:53.383] [warning] Coordinate.setValue:  coordinate mtp_angle_l is locked. Unable to change its value.
[2023-08-15 22:06:53.383] [warning] Coordinate.setValue:  coordinate wrist_flex_r is locked. Unable to change its value.
[2023-08-15 22:06:53.383] [warning] Coordinate.setValue:  coordinate wrist_dev_r is locked. Unable to change its value.
[2023-08-15 22:06:53.383] [warning] Coordinate.setValue:  coordinate wrist_flex_l is locked. Unable to change its value.
[2023-08-15 22:06:53.383] [warning] Coordinate.setValue:  coordinate wrist_dev_l is locked. Unable to change its value.
[2023-08-15 22:06:53.437] [info] Requested COM adjustment time range 0.3255 to 0.911, clamped to nearest available data times: 0.3255 to 0.911.
[2023-08-15 22:06:53.437] [info] Computing average residuals between 0.3255 and 0.911...
[2023-08-15 22:06:53.503] [info] ExternalForce::externalforce Data source being set to Run_500 03_newCOP3_v24.mot
[2023-08-15 22:06:53.503] [info] ExternalForce::externalforce_0 Data source being set to Run_500 03_newCOP3_v24.mot
[2023-08-15 22:06:53.559] [info] ExternalForce::externalforce Data source being set to Run_500 03_newCOP3_v24.mot
[2023-08-15 22:06:53.559] [info] ExternalForce::externalforce_0 Data source being set to Run_500 03_newCOP3_v24.mot
[2023-08-15 22:06:59.837] [info] ExternalForce::externalforce Data source being set to Run_500 03_newCOP3_v24.mot
[2023-08-15 22:06:59.837] [info] ExternalForce::externalforce_0 Data source being set to Run_500 03_newCOP3_v24.mot
[2023-08-15 22:06:59.844] [info] Computing average residuals between 0.3255 and 0.911...
[2023-08-15 22:06:59.969] [info] ExternalForce::externalforce Data source being set to Run_500 03_newCOP3_v24.mot
[2023-08-15 22:06:59.969] [info] ExternalForce::externalforce_0 Data source being set to Run_500 03_newCOP3_v24.mot
[2023-08-15 22:07:00.054] [info] ExternalForce::externalforce Data source being set to Run_500 03_newCOP3_v24.mot
[2023-08-15 22:07:00.054] [info] ExternalForce::externalforce_0 Data source being set to Run_500 03_newCOP3_v24.mot
[2023-08-15 22:07:04.345] [info] Constructing function set for tracking desired kinematics...
[2023-08-15 22:07:05.159] [warning] No Actuation analysis found in analysis set, adding one...
[2023-08-15 22:07:05.160] [warning] No Kinematics analysis found in analysis set, adding one...
[2023-08-15 22:07:05.162] [info] Using the generalized coordinates specified in '..\rra2\cycle1\subject03_run5_cycle1_iter2_Kinematics_q.sto' to set the initial configuration.
[2023-08-15 22:07:05.318] [info] Using IPOPT optimizer algorithm.
[2023-08-15 22:07:05.318] [info] Setting optimizer print level to 0.
[2023-08-15 22:07:05.318] [info] Setting optimizer convergence tolerance to 1.0e-05.
[2023-08-15 22:07:05.318] [info] Setting optimizer maximum iterations to 2000.
[2023-08-15 22:07:05.318] [info] Setting cmc controller to not use verbose printing.

[2023-08-15 22:07:05.319] [info] CMC::computeControls, t = 0.3255
[2023-08-15 22:07:06.383] [info] --------------------------------------------
[2023-08-15 22:07:06.383] [info] Using CMC to track the specified kinematics:
[2023-08-15 22:07:06.383] [info] --------------------------------------------
[2023-08-15 22:07:06.383] [info]  -- Integrating from 0.3255 to 0.911
[2023-08-15 22:07:06.383] [info]  -- Start time = Tue Aug 15 22:07:06 2023
[2023-08-15 22:07:06.384] [info] --------------------------------------------
[2023-08-15 22:07:06.384] [info] 
[2023-08-15 22:07:06.389] [info] CMC::computeControls, t = 0.3255
[2023-08-15 22:07:06.412] [info] CMC::computeControls, t = 0.3265
[2023-08-15 22:07:06.412] [warning] Coordinate.setValue:  coordinate subtalar_angle_r is locked. Unable to change its value.
[2023-08-15 22:07:06.412] [warning] Coordinate.setValue:  coordinate mtp_angle_r is locked. Unable to change its value.
[2023-08-15 22:07:06.412] [warning] Coordinate.setValue:  coordinate subtalar_angle_l is locked. Unable to change its value.
[2023-08-15 22:07:06.412] [warning] Coordinate.setValue:  coordinate mtp_angle_l is locked. Unable to change its value.
[2023-08-15 22:07:06.412] [warning] Coordinate.setValue:  coordinate wrist_flex_r is locked. Unable to change its value.
[2023-08-15 22:07:06.412] [warning] Coordinate.setValue:  coordinate wrist_dev_r is locked. Unable to change its value.
[2023-08-15 22:07:06.412] [warning] Coordinate.setValue:  coordinate wrist_flex_l is locked. Unable to change its value.
[2023-08-15 22:07:06.412] [warning] Coordinate.setValue:  coordinate wrist_dev_l is locked. Unable to change its value.
[2023-08-15 22:07:06.429] [info] CMC::computeControls, t = 0.3275
[2023-08-15 22:07:06.457] [info] CMC::computeControls, t = 0.3285
[2023-08-15 22:07:06.474] [info] CMC::computeControls, t = 0.3295
[2023-08-15 22:07:06.508] [info] CMC::computeControls, t = 0.330500
[2023-08-15 22:07:06.539] [info] CMC::computeControls, t = 0.3315
[2023-08-15 22:07:06.570] [info] CMC::computeControls, t = 0.3325
[2023-08-15 22:07:06.595] [info] CMC::computeControls, t = 0.3335
[2023-08-15 22:07:06.614] [info] CMC::computeControls, t = 0.3345
[2023-08-15 22:07:06.642] [info] CMC::computeControls, t = 0.3355
[2023-08-15 22:07:06.658] [info] CMC::computeControls, t = 0.3365
[2023-08-15 22:07:06.685] [info] CMC::computeControls, t = 0.3375
[2023-08-15 22:07:06.701] [info] CMC::computeControls, t = 0.3385
[2023-08-15 22:07:06.717] [info] CMC::computeControls, t = 0.3395
[2023-08-15 22:07:06.732] [info] CMC::computeControls, t = 0.340500
[2023-08-15 22:07:06.747] [info] CMC::computeControls, t = 0.3415
[2023-08-15 22:07:06.765] [info] CMC::computeControls, t = 0.3425
[2023-08-15 22:07:06.780] [info] CMC::computeControls, t = 0.3435
[2023-08-15 22:07:06.805] [info] CMC::computeControls, t = 0.3445
[2023-08-15 22:07:06.836] [info] CMC::computeControls, t = 0.3455
[2023-08-15 22:07:06.851] [info] CMC::computeControls, t = 0.3465
[2023-08-15 22:07:06.866] [info] CMC::computeControls, t = 0.3475
[2023-08-15 22:07:06.882] [info] CMC::computeControls, t = 0.3485
[2023-08-15 22:07:06.898] [info] CMC::computeControls, t = 0.3495
[2023-08-15 22:07:06.921] [info] CMC::computeControls, t = 0.350500
[2023-08-15 22:07:06.949] [info] CMC::computeControls, t = 0.3515
[2023-08-15 22:07:06.973] [info] CMC::computeControls, t = 0.3525
[2023-08-15 22:07:06.998] [info] CMC::computeControls, t = 0.3535
[2023-08-15 22:07:07.022] [info] CMC::computeControls, t = 0.3545
[2023-08-15 22:07:07.042] [info] CMC::computeControls, t = 0.3555
[2023-08-15 22:07:07.059] [info] CMC::computeControls, t = 0.3565
[2023-08-15 22:07:07.083] [info] CMC::computeControls, t = 0.3575
[2023-08-15 22:07:07.110] [info] CMC::computeControls, t = 0.3585
[2023-08-15 22:07:07.145] [info] CMC::computeControls, t = 0.3595
[2023-08-15 22:07:07.172] [info] CMC::computeControls, t = 0.360500
[2023-08-15 22:07:07.187] [info] CMC::computeControls, t = 0.3615
[2023-08-15 22:07:07.205] [info] CMC::computeControls, t = 0.3625
[2023-08-15 22:07:07.234] [info] CMC::computeControls, t = 0.3635
[2023-08-15 22:07:07.262] [info] CMC::computeControls, t = 0.3645
[2023-08-15 22:07:07.292] [info] CMC::computeControls, t = 0.3655
[2023-08-15 22:07:07.325] [info] CMC::computeControls, t = 0.3665
[2023-08-15 22:07:07.351] [info] CMC::computeControls, t = 0.3675
[2023-08-15 22:07:07.381] [info] CMC::computeControls, t = 0.3685
[2023-08-15 22:07:07.406] [info] CMC::computeControls, t = 0.3695
[2023-08-15 22:07:07.435] [info] CMC::computeControls, t = 0.370500
[2023-08-15 22:07:07.450] [info] CMC::computeControls, t = 0.3715
[2023-08-15 22:07:07.475] [info] CMC::computeControls, t = 0.3725
[2023-08-15 22:07:07.492] [info] CMC::computeControls, t = 0.3735
[2023-08-15 22:07:07.517] [info] CMC::computeControls, t = 0.3745
[2023-08-15 22:07:07.547] [info] CMC::computeControls, t = 0.3755
[2023-08-15 22:07:07.577] [info] CMC::computeControls, t = 0.3765
[2023-08-15 22:07:07.596] [info] CMC::computeControls, t = 0.3775
[2023-08-15 22:07:07.620] [info] CMC::computeControls, t = 0.3785
[2023-08-15 22:07:07.643] [info] CMC::computeControls, t = 0.3795
[2023-08-15 22:07:07.673] [info] CMC::computeControls, t = 0.380500
[2023-08-15 22:07:07.689] [info] CMC::computeControls, t = 0.3815
[2023-08-15 22:07:07.716] [info] CMC::computeControls, t = 0.3825
[2023-08-15 22:07:07.746] [info] CMC::computeControls, t = 0.3835
[2023-08-15 22:07:07.765] [info] CMC::computeControls, t = 0.3845
[2023-08-15 22:07:07.796] [info] CMC::computeControls, t = 0.3855
[2023-08-15 22:07:07.813] [info] CMC::computeControls, t = 0.3865
[2023-08-15 22:07:07.832] [info] CMC::computeControls, t = 0.3875
[2023-08-15 22:07:07.853] [info] CMC::computeControls, t = 0.3885
[2023-08-15 22:07:07.873] [info] CMC::computeControls, t = 0.3895
[2023-08-15 22:07:07.891] [info] CMC::computeControls, t = 0.390500
[2023-08-15 22:07:07.926] [info] CMC::computeControls, t = 0.3915
[2023-08-15 22:07:07.966] [info] CMC::computeControls, t = 0.3925
[2023-08-15 22:07:08.006] [info] CMC::computeControls, t = 0.3935
[2023-08-15 22:07:08.033] [info] CMC::computeControls, t = 0.3945
[2023-08-15 22:07:08.061] [info] CMC::computeControls, t = 0.3955
[2023-08-15 22:07:08.087] [info] CMC::computeControls, t = 0.3965
[2023-08-15 22:07:08.111] [info] CMC::computeControls, t = 0.3975
[2023-08-15 22:07:08.149] [info] CMC::computeControls, t = 0.3985
[2023-08-15 22:07:08.183] [info] CMC::computeControls, t = 0.3995
[2023-08-15 22:07:08.211] [info] CMC::computeControls, t = 0.400500
[2023-08-15 22:07:08.231] [info] CMC::computeControls, t = 0.401500
[2023-08-15 22:07:08.256] [info] CMC::computeControls, t = 0.402500
[2023-08-15 22:07:08.281] [info] CMC::computeControls, t = 0.403500
[2023-08-15 22:07:08.306] [info] CMC::computeControls, t = 0.404500
[2023-08-15 22:07:08.325] [info] CMC::computeControls, t = 0.405500
[2023-08-15 22:07:08.365] [info] CMC::computeControls, t = 0.406500
[2023-08-15 22:07:08.397] [info] CMC::computeControls, t = 0.407500
[2023-08-15 22:07:08.429] [info] CMC::computeControls, t = 0.408500
[2023-08-15 22:07:08.446] [info] CMC::computeControls, t = 0.409500
[2023-08-15 22:07:08.465] [info] CMC::computeControls, t = 0.410500
[2023-08-15 22:07:08.488] [info] CMC::computeControls, t = 0.4115
[2023-08-15 22:07:08.513] [info] CMC::computeControls, t = 0.4125
[2023-08-15 22:07:08.543] [info] CMC::computeControls, t = 0.4135
[2023-08-15 22:07:08.574] [info] CMC::computeControls, t = 0.4145
[2023-08-15 22:07:08.598] [info] CMC::computeControls, t = 0.4155
[2023-08-15 22:07:08.624] [info] CMC::computeControls, t = 0.4165
[2023-08-15 22:07:08.650] [info] CMC::computeControls, t = 0.4175
[2023-08-15 22:07:08.665] [info] CMC::computeControls, t = 0.4185
[2023-08-15 22:07:08.694] [info] CMC::computeControls, t = 0.4195
[2023-08-15 22:07:08.719] [info] CMC::computeControls, t = 0.420500
[2023-08-15 22:07:08.753] [info] CMC::computeControls, t = 0.4215
[2023-08-15 22:07:08.781] [info] CMC::computeControls, t = 0.4225
[2023-08-15 22:07:08.818] [info] CMC::computeControls, t = 0.4235
[2023-08-15 22:07:08.846] [info] CMC::computeControls, t = 0.4245
[2023-08-15 22:07:08.874] [info] CMC::computeControls, t = 0.4255
[2023-08-15 22:07:08.904] [info] CMC::computeControls, t = 0.4265
[2023-08-15 22:07:08.928] [info] CMC::computeControls, t = 0.4275
[2023-08-15 22:07:08.957] [info] CMC::computeControls, t = 0.4285
[2023-08-15 22:07:08.984] [info] CMC::computeControls, t = 0.4295
[2023-08-15 22:07:09.012] [info] CMC::computeControls, t = 0.430500
[2023-08-15 22:07:09.046] [info] CMC::computeControls, t = 0.4315
[2023-08-15 22:07:09.066] [info] CMC::computeControls, t = 0.4325
[2023-08-15 22:07:09.091] [info] CMC::computeControls, t = 0.4335
[2023-08-15 22:07:09.108] [info] CMC::computeControls, t = 0.4345
[2023-08-15 22:07:09.133] [info] CMC::computeControls, t = 0.4355
[2023-08-15 22:07:09.148] [info] CMC::computeControls, t = 0.4365
[2023-08-15 22:07:09.166] [info] CMC::computeControls, t = 0.4375
[2023-08-15 22:07:09.191] [info] CMC::computeControls, t = 0.4385
[2023-08-15 22:07:09.207] [info] CMC::computeControls, t = 0.4395
[2023-08-15 22:07:09.231] [info] CMC::computeControls, t = 0.440500
[2023-08-15 22:07:09.249] [info] CMC::computeControls, t = 0.4415
[2023-08-15 22:07:09.285] [info] CMC::computeControls, t = 0.4425
[2023-08-15 22:07:09.304] [info] CMC::computeControls, t = 0.4435
[2023-08-15 22:07:09.322] [info] CMC::computeControls, t = 0.4445
[2023-08-15 22:07:09.348] [info] CMC::computeControls, t = 0.4455
[2023-08-15 22:07:09.378] [info] CMC::computeControls, t = 0.4465
[2023-08-15 22:07:09.406] [info] CMC::computeControls, t = 0.4475
[2023-08-15 22:07:09.425] [info] CMC::computeControls, t = 0.4485
[2023-08-15 22:07:09.453] [info] CMC::computeControls, t = 0.4495
[2023-08-15 22:07:09.477] [info] CMC::computeControls, t = 0.450500
[2023-08-15 22:07:09.496] [info] CMC::computeControls, t = 0.4515
[2023-08-15 22:07:09.512] [info] CMC::computeControls, t = 0.4525
[2023-08-15 22:07:09.527] [info] CMC::computeControls, t = 0.4535
[2023-08-15 22:07:09.560] [info] CMC::computeControls, t = 0.4545
[2023-08-15 22:07:09.577] [info] CMC::computeControls, t = 0.4555
[2023-08-15 22:07:09.593] [info] CMC::computeControls, t = 0.4565
[2023-08-15 22:07:09.614] [info] CMC::computeControls, t = 0.4575
[2023-08-15 22:07:09.643] [info] CMC::computeControls, t = 0.4585
[2023-08-15 22:07:09.672] [info] CMC::computeControls, t = 0.4595
[2023-08-15 22:07:09.695] [info] CMC::computeControls, t = 0.460500
[2023-08-15 22:07:09.712] [info] CMC::computeControls, t = 0.4615
[2023-08-15 22:07:09.751] [info] CMC::computeControls, t = 0.4625
[2023-08-15 22:07:09.786] [info] CMC::computeControls, t = 0.4635
[2023-08-15 22:07:09.822] [info] CMC::computeControls, t = 0.4645
[2023-08-15 22:07:09.856] [info] CMC::computeControls, t = 0.4655
[2023-08-15 22:07:09.892] [info] CMC::computeControls, t = 0.4665
[2023-08-15 22:07:09.911] [info] CMC::computeControls, t = 0.4675
[2023-08-15 22:07:09.926] [info] CMC::computeControls, t = 0.4685
[2023-08-15 22:07:09.954] [info] CMC::computeControls, t = 0.4695
[2023-08-15 22:07:09.970] [info] CMC::computeControls, t = 0.470500
[2023-08-15 22:07:09.996] [info] CMC::computeControls, t = 0.4715
[2023-08-15 22:07:10.022] [info] CMC::computeControls, t = 0.4725
[2023-08-15 22:07:10.049] [info] CMC::computeControls, t = 0.4735
[2023-08-15 22:07:10.064] [info] CMC::computeControls, t = 0.4745
[2023-08-15 22:07:10.080] [info] CMC::computeControls, t = 0.4755
[2023-08-15 22:07:10.096] [info] CMC::computeControls, t = 0.4765
[2023-08-15 22:07:10.130] [info] CMC::computeControls, t = 0.4775
[2023-08-15 22:07:10.165] [info] CMC::computeControls, t = 0.4785
[2023-08-15 22:07:10.190] [info] CMC::computeControls, t = 0.4795
[2023-08-15 22:07:10.220] [info] CMC::computeControls, t = 0.480500
[2023-08-15 22:07:10.252] [info] CMC::computeControls, t = 0.4815
[2023-08-15 22:07:10.284] [info] CMC::computeControls, t = 0.4825
[2023-08-15 22:07:10.301] [info] CMC::computeControls, t = 0.4835
[2023-08-15 22:07:10.329] [info] CMC::computeControls, t = 0.4845
[2023-08-15 22:07:10.352] [info] CMC::computeControls, t = 0.4855
[2023-08-15 22:07:10.368] [info] CMC::computeControls, t = 0.4865
[2023-08-15 22:07:10.404] [info] CMC::computeControls, t = 0.4875
[2023-08-15 22:07:10.423] [info] CMC::computeControls, t = 0.4885
[2023-08-15 22:07:10.443] [info] CMC::computeControls, t = 0.4895
[2023-08-15 22:07:10.467] [info] CMC::computeControls, t = 0.490500
[2023-08-15 22:07:10.495] [info] CMC::computeControls, t = 0.4915
[2023-08-15 22:07:10.529] [info] CMC::computeControls, t = 0.4925
[2023-08-15 22:07:10.545] [info] CMC::computeControls, t = 0.4935
[2023-08-15 22:07:10.564] [info] CMC::computeControls, t = 0.4945
[2023-08-15 22:07:10.582] [info] CMC::computeControls, t = 0.4955
[2023-08-15 22:07:10.607] [info] CMC::computeControls, t = 0.4965
[2023-08-15 22:07:10.628] [info] CMC::computeControls, t = 0.4975
[2023-08-15 22:07:10.666] [info] CMC::computeControls, t = 0.4985
[2023-08-15 22:07:10.681] [info] CMC::computeControls, t = 0.4995
[2023-08-15 22:07:10.706] [info] CMC::computeControls, t = 0.500500
[2023-08-15 22:07:10.730] [info] CMC::computeControls, t = 0.501500
[2023-08-15 22:07:10.764] [info] CMC::computeControls, t = 0.502500
[2023-08-15 22:07:10.793] [info] CMC::computeControls, t = 0.503500
[2023-08-15 22:07:10.821] [info] CMC::computeControls, t = 0.504500
[2023-08-15 22:07:10.847] [info] CMC::computeControls, t = 0.505500
[2023-08-15 22:07:10.869] [info] CMC::computeControls, t = 0.506500
[2023-08-15 22:07:10.903] [info] CMC::computeControls, t = 0.507500
[2023-08-15 22:07:10.930] [info] CMC::computeControls, t = 0.508500
[2023-08-15 22:07:10.954] [info] CMC::computeControls, t = 0.509500
[2023-08-15 22:07:10.981] [info] CMC::computeControls, t = 0.510500
[2023-08-15 22:07:11.007] [info] CMC::computeControls, t = 0.5115
[2023-08-15 22:07:11.029] [info] CMC::computeControls, t = 0.5125
[2023-08-15 22:07:11.053] [info] CMC::computeControls, t = 0.5135
[2023-08-15 22:07:11.080] [info] CMC::computeControls, t = 0.5145
[2023-08-15 22:07:11.105] [info] CMC::computeControls, t = 0.5155
[2023-08-15 22:07:11.129] [info] CMC::computeControls, t = 0.5165
[2023-08-15 22:07:11.152] [info] CMC::computeControls, t = 0.5175
[2023-08-15 22:07:11.175] [info] CMC::computeControls, t = 0.5185
[2023-08-15 22:07:11.195] [info] CMC::computeControls, t = 0.5195
[2023-08-15 22:07:11.217] [info] CMC::computeControls, t = 0.520500
[2023-08-15 22:07:11.239] [info] CMC::computeControls, t = 0.5215
[2023-08-15 22:07:11.270] [info] CMC::computeControls, t = 0.5225
[2023-08-15 22:07:11.295] [info] CMC::computeControls, t = 0.5235
[2023-08-15 22:07:11.316] [info] CMC::computeControls, t = 0.5245
[2023-08-15 22:07:11.334] [info] CMC::computeControls, t = 0.5255
[2023-08-15 22:07:11.350] [info] CMC::computeControls, t = 0.5265
[2023-08-15 22:07:11.368] [info] CMC::computeControls, t = 0.5275
[2023-08-15 22:07:11.383] [info] CMC::computeControls, t = 0.5285
[2023-08-15 22:07:11.406] [info] CMC::computeControls, t = 0.5295
[2023-08-15 22:07:11.435] [info] CMC::computeControls, t = 0.530500
[2023-08-15 22:07:11.456] [info] CMC::computeControls, t = 0.5315
[2023-08-15 22:07:11.477] [info] CMC::computeControls, t = 0.5325
[2023-08-15 22:07:11.495] [info] CMC::computeControls, t = 0.5335
[2023-08-15 22:07:11.510] [info] CMC::computeControls, t = 0.5345
[2023-08-15 22:07:11.531] [info] CMC::computeControls, t = 0.5355
[2023-08-15 22:07:11.554] [info] CMC::computeControls, t = 0.5365
[2023-08-15 22:07:11.572] [info] CMC::computeControls, t = 0.5375
[2023-08-15 22:07:11.593] [info] CMC::computeControls, t = 0.5385
[2023-08-15 22:07:11.608] [info] CMC::computeControls, t = 0.5395
[2023-08-15 22:07:11.623] [info] CMC::computeControls, t = 0.540500
[2023-08-15 22:07:11.650] [info] CMC::computeControls, t = 0.5415
[2023-08-15 22:07:11.682] [info] CMC::computeControls, t = 0.5425
[2023-08-15 22:07:11.713] [info] CMC::computeControls, t = 0.5435
[2023-08-15 22:07:11.735] [info] CMC::computeControls, t = 0.5445
[2023-08-15 22:07:11.760] [info] CMC::computeControls, t = 0.5455
[2023-08-15 22:07:11.779] [info] CMC::computeControls, t = 0.5465
[2023-08-15 22:07:11.795] [info] CMC::computeControls, t = 0.5475
[2023-08-15 22:07:11.810] [info] CMC::computeControls, t = 0.5485
[2023-08-15 22:07:11.834] [info] CMC::computeControls, t = 0.5495
[2023-08-15 22:07:11.855] [info] CMC::computeControls, t = 0.550500
[2023-08-15 22:07:11.886] [info] CMC::computeControls, t = 0.5515
[2023-08-15 22:07:11.904] [info] CMC::computeControls, t = 0.5525
[2023-08-15 22:07:11.919] [info] CMC::computeControls, t = 0.5535
[2023-08-15 22:07:11.947] [info] CMC::computeControls, t = 0.5545
[2023-08-15 22:07:11.964] [info] CMC::computeControls, t = 0.5555
[2023-08-15 22:07:11.988] [info] CMC::computeControls, t = 0.5565
[2023-08-15 22:07:12.009] [info] CMC::computeControls, t = 0.5575
[2023-08-15 22:07:12.039] [info] CMC::computeControls, t = 0.5585
[2023-08-15 22:07:12.058] [info] CMC::computeControls, t = 0.5595
[2023-08-15 22:07:12.074] [info] CMC::computeControls, t = 0.560500
[2023-08-15 22:07:12.092] [info] CMC::computeControls, t = 0.5615
[2023-08-15 22:07:12.112] [info] CMC::computeControls, t = 0.5625
[2023-08-15 22:07:12.133] [info] CMC::computeControls, t = 0.5635
[2023-08-15 22:07:12.179] [info] CMC::computeControls, t = 0.5645
[2023-08-15 22:07:12.196] [info] CMC::computeControls, t = 0.5655
[2023-08-15 22:07:12.219] [info] CMC::computeControls, t = 0.5665
[2023-08-15 22:07:12.235] [info] CMC::computeControls, t = 0.5675
[2023-08-15 22:07:12.251] [info] CMC::computeControls, t = 0.5685
[2023-08-15 22:07:12.279] [info] CMC::computeControls, t = 0.5695
[2023-08-15 22:07:12.297] [info] CMC::computeControls, t = 0.570500
[2023-08-15 22:07:12.313] [info] CMC::computeControls, t = 0.5715
[2023-08-15 22:07:12.340] [info] CMC::computeControls, t = 0.5725
[2023-08-15 22:07:12.358] [info] CMC::computeControls, t = 0.5735
[2023-08-15 22:07:12.386] [info] CMC::computeControls, t = 0.5745
[2023-08-15 22:07:12.405] [info] CMC::computeControls, t = 0.5755
[2023-08-15 22:07:12.433] [info] CMC::computeControls, t = 0.5765
[2023-08-15 22:07:12.449] [info] CMC::computeControls, t = 0.5775
[2023-08-15 22:07:12.479] [info] CMC::computeControls, t = 0.5785
[2023-08-15 22:07:12.501] [info] CMC::computeControls, t = 0.5795
[2023-08-15 22:07:12.536] [info] CMC::computeControls, t = 0.580500
[2023-08-15 22:07:12.552] [info] CMC::computeControls, t = 0.5815
[2023-08-15 22:07:12.569] [info] CMC::computeControls, t = 0.5825
[2023-08-15 22:07:12.587] [info] CMC::computeControls, t = 0.5835
[2023-08-15 22:07:12.602] [info] CMC::computeControls, t = 0.5845
[2023-08-15 22:07:12.620] [info] CMC::computeControls, t = 0.5855
[2023-08-15 22:07:12.659] [info] CMC::computeControls, t = 0.5865
[2023-08-15 22:07:12.686] [info] CMC::computeControls, t = 0.5875
[2023-08-15 22:07:12.709] [info] CMC::computeControls, t = 0.5885
[2023-08-15 22:07:12.727] [info] CMC::computeControls, t = 0.5895
[2023-08-15 22:07:12.760] [info] CMC::computeControls, t = 0.590500
[2023-08-15 22:07:12.794] [info] CMC::computeControls, t = 0.5915
[2023-08-15 22:07:12.812] [info] CMC::computeControls, t = 0.5925
[2023-08-15 22:07:12.842] [info] CMC::computeControls, t = 0.5935
[2023-08-15 22:07:12.869] [info] CMC::computeControls, t = 0.5945
[2023-08-15 22:07:12.898] [info] CMC::computeControls, t = 0.5955
[2023-08-15 22:07:12.927] [info] CMC::computeControls, t = 0.5965
[2023-08-15 22:07:12.964] [info] CMC::computeControls, t = 0.5975
[2023-08-15 22:07:12.987] [info] CMC::computeControls, t = 0.5985
[2023-08-15 22:07:13.016] [info] CMC::computeControls, t = 0.5995
[2023-08-15 22:07:13.042] [info] CMC::computeControls, t = 0.600500
[2023-08-15 22:07:13.070] [info] CMC::computeControls, t = 0.601500
[2023-08-15 22:07:13.097] [info] CMC::computeControls, t = 0.602500
[2023-08-15 22:07:13.124] [info] CMC::computeControls, t = 0.603500
[2023-08-15 22:07:13.147] [info] CMC::computeControls, t = 0.604500
[2023-08-15 22:07:13.164] [info] CMC::computeControls, t = 0.605500
[2023-08-15 22:07:13.179] [info] CMC::computeControls, t = 0.606500
[2023-08-15 22:07:13.205] [info] CMC::computeControls, t = 0.607500
[2023-08-15 22:07:13.232] [info] CMC::computeControls, t = 0.608500
[2023-08-15 22:07:13.259] [info] CMC::computeControls, t = 0.609500
[2023-08-15 22:07:13.277] [info] CMC::computeControls, t = 0.610500
[2023-08-15 22:07:13.311] [info] CMC::computeControls, t = 0.6115
[2023-08-15 22:07:13.340] [info] CMC::computeControls, t = 0.6125
[2023-08-15 22:07:13.374] [info] CMC::computeControls, t = 0.6135
[2023-08-15 22:07:13.397] [info] CMC::computeControls, t = 0.6145
[2023-08-15 22:07:13.415] [info] CMC::computeControls, t = 0.6155
[2023-08-15 22:07:13.431] [info] CMC::computeControls, t = 0.6165
[2023-08-15 22:07:13.455] [info] CMC::computeControls, t = 0.6175
[2023-08-15 22:07:13.473] [info] CMC::computeControls, t = 0.6185
[2023-08-15 22:07:13.489] [info] CMC::computeControls, t = 0.6195
[2023-08-15 22:07:13.508] [info] CMC::computeControls, t = 0.620500
[2023-08-15 22:07:13.534] [info] CMC::computeControls, t = 0.6215
[2023-08-15 22:07:13.558] [info] CMC::computeControls, t = 0.6225
[2023-08-15 22:07:13.584] [info] CMC::computeControls, t = 0.6235
[2023-08-15 22:07:13.613] [info] CMC::computeControls, t = 0.6245
[2023-08-15 22:07:13.638] [info] CMC::computeControls, t = 0.6255
[2023-08-15 22:07:13.662] [info] CMC::computeControls, t = 0.6265
[2023-08-15 22:07:13.685] [info] CMC::computeControls, t = 0.6275
[2023-08-15 22:07:13.706] [info] CMC::computeControls, t = 0.6285
[2023-08-15 22:07:13.730] [info] CMC::computeControls, t = 0.6295
[2023-08-15 22:07:13.760] [info] CMC::computeControls, t = 0.630500
[2023-08-15 22:07:13.786] [info] CMC::computeControls, t = 0.6315
[2023-08-15 22:07:13.809] [info] CMC::computeControls, t = 0.6325
[2023-08-15 22:07:13.834] [info] CMC::computeControls, t = 0.6335
[2023-08-15 22:07:13.870] [info] CMC::computeControls, t = 0.6345
[2023-08-15 22:07:13.898] [info] CMC::computeControls, t = 0.6355
[2023-08-15 22:07:13.916] [info] CMC::computeControls, t = 0.6365
[2023-08-15 22:07:13.951] [info] CMC::computeControls, t = 0.6375
[2023-08-15 22:07:13.978] [info] CMC::computeControls, t = 0.6385
[2023-08-15 22:07:14.008] [info] CMC::computeControls, t = 0.6395
[2023-08-15 22:07:14.028] [info] CMC::computeControls, t = 0.640500
[2023-08-15 22:07:14.056] [info] CMC::computeControls, t = 0.6415
[2023-08-15 22:07:14.071] [info] CMC::computeControls, t = 0.6425
[2023-08-15 22:07:14.098] [info] CMC::computeControls, t = 0.6435
[2023-08-15 22:07:14.118] [info] CMC::computeControls, t = 0.6445
[2023-08-15 22:07:14.141] [info] CMC::computeControls, t = 0.6455
[2023-08-15 22:07:14.163] [info] CMC::computeControls, t = 0.6465
[2023-08-15 22:07:14.190] [info] CMC::computeControls, t = 0.6475
[2023-08-15 22:07:14.213] [info] CMC::computeControls, t = 0.6485
[2023-08-15 22:07:14.229] [info] CMC::computeControls, t = 0.6495
[2023-08-15 22:07:14.263] [info] CMC::computeControls, t = 0.650500
[2023-08-15 22:07:14.286] [info] CMC::computeControls, t = 0.6515
[2023-08-15 22:07:14.301] [info] CMC::computeControls, t = 0.6525
[2023-08-15 22:07:14.326] [info] CMC::computeControls, t = 0.6535
[2023-08-15 22:07:14.353] [info] CMC::computeControls, t = 0.6545
[2023-08-15 22:07:14.375] [info] CMC::computeControls, t = 0.6555
[2023-08-15 22:07:14.392] [info] CMC::computeControls, t = 0.6565
[2023-08-15 22:07:14.407] [info] CMC::computeControls, t = 0.6575
[2023-08-15 22:07:14.423] [info] CMC::computeControls, t = 0.6585
[2023-08-15 22:07:14.451] [info] CMC::computeControls, t = 0.6595
[2023-08-15 22:07:14.476] [info] CMC::computeControls, t = 0.660500
[2023-08-15 22:07:14.514] [info] CMC::computeControls, t = 0.6615
[2023-08-15 22:07:14.540] [info] CMC::computeControls, t = 0.6625
[2023-08-15 22:07:14.579] [info] CMC::computeControls, t = 0.6635
[2023-08-15 22:07:14.598] [info] CMC::computeControls, t = 0.6645
[2023-08-15 22:07:14.633] [info] CMC::computeControls, t = 0.6655
[2023-08-15 22:07:14.669] [info] CMC::computeControls, t = 0.6665
[2023-08-15 22:07:14.695] [info] CMC::computeControls, t = 0.6675
[2023-08-15 22:07:14.710] [info] CMC::computeControls, t = 0.6685
[2023-08-15 22:07:14.736] [info] CMC::computeControls, t = 0.6695
[2023-08-15 22:07:14.772] [info] CMC::computeControls, t = 0.670500
[2023-08-15 22:07:14.806] [info] CMC::computeControls, t = 0.6715
[2023-08-15 22:07:14.823] [info] CMC::computeControls, t = 0.6725
[2023-08-15 22:07:14.841] [info] CMC::computeControls, t = 0.6735
[2023-08-15 22:07:14.870] [info] CMC::computeControls, t = 0.6745
[2023-08-15 22:07:14.901] [info] CMC::computeControls, t = 0.6755
[2023-08-15 22:07:14.922] [info] CMC::computeControls, t = 0.6765
[2023-08-15 22:07:14.945] [info] CMC::computeControls, t = 0.6775
[2023-08-15 22:07:14.966] [info] CMC::computeControls, t = 0.6785
[2023-08-15 22:07:14.984] [info] CMC::computeControls, t = 0.6795
[2023-08-15 22:07:15.008] [info] CMC::computeControls, t = 0.680500
[2023-08-15 22:07:15.025] [info] CMC::computeControls, t = 0.6815
[2023-08-15 22:07:15.054] [info] CMC::computeControls, t = 0.6825
[2023-08-15 22:07:15.070] [info] CMC::computeControls, t = 0.6835
[2023-08-15 22:07:15.091] [info] CMC::computeControls, t = 0.6845
[2023-08-15 22:07:15.111] [info] CMC::computeControls, t = 0.6855
[2023-08-15 22:07:15.128] [info] CMC::computeControls, t = 0.6865
[2023-08-15 22:07:15.144] [info] CMC::computeControls, t = 0.6875
[2023-08-15 22:07:15.167] [info] CMC::computeControls, t = 0.6885
[2023-08-15 22:07:15.195] [info] CMC::computeControls, t = 0.6895
[2023-08-15 22:07:15.218] [info] CMC::computeControls, t = 0.690500
[2023-08-15 22:07:15.250] [info] CMC::computeControls, t = 0.6915
[2023-08-15 22:07:15.271] [info] CMC::computeControls, t = 0.6925
[2023-08-15 22:07:15.294] [info] CMC::computeControls, t = 0.6935
[2023-08-15 22:07:15.318] [info] CMC::computeControls, t = 0.6945
[2023-08-15 22:07:15.345] [info] CMC::computeControls, t = 0.6955
[2023-08-15 22:07:15.371] [info] CMC::computeControls, t = 0.6965
[2023-08-15 22:07:15.400] [info] CMC::computeControls, t = 0.6975
[2023-08-15 22:07:15.418] [info] CMC::computeControls, t = 0.6985
[2023-08-15 22:07:15.434] [info] CMC::computeControls, t = 0.6995
[2023-08-15 22:07:15.468] [info] CMC::computeControls, t = 0.700500
[2023-08-15 22:07:15.502] [info] CMC::computeControls, t = 0.701500
[2023-08-15 22:07:15.520] [info] CMC::computeControls, t = 0.702500
[2023-08-15 22:07:15.537] [info] CMC::computeControls, t = 0.703500
[2023-08-15 22:07:15.564] [info] CMC::computeControls, t = 0.704500
[2023-08-15 22:07:15.592] [info] CMC::computeControls, t = 0.705500
[2023-08-15 22:07:15.614] [info] CMC::computeControls, t = 0.706500
[2023-08-15 22:07:15.640] [info] CMC::computeControls, t = 0.707500
[2023-08-15 22:07:15.665] [info] CMC::computeControls, t = 0.708500
[2023-08-15 22:07:15.688] [info] CMC::computeControls, t = 0.709500
[2023-08-15 22:07:15.717] [info] CMC::computeControls, t = 0.710500
[2023-08-15 22:07:15.741] [info] CMC::computeControls, t = 0.7115
[2023-08-15 22:07:15.765] [info] CMC::computeControls, t = 0.7125
[2023-08-15 22:07:15.782] [info] CMC::computeControls, t = 0.7135
[2023-08-15 22:07:15.797] [info] CMC::computeControls, t = 0.7145
[2023-08-15 22:07:15.833] [info] CMC::computeControls, t = 0.7155
[2023-08-15 22:07:15.854] [info] CMC::computeControls, t = 0.7165
[2023-08-15 22:07:15.883] [info] CMC::computeControls, t = 0.7175
[2023-08-15 22:07:15.905] [info] CMC::computeControls, t = 0.7185
[2023-08-15 22:07:15.934] [info] CMC::computeControls, t = 0.7195
[2023-08-15 22:07:15.949] [info] CMC::computeControls, t = 0.720500
[2023-08-15 22:07:15.976] [info] CMC::computeControls, t = 0.7215
[2023-08-15 22:07:16.002] [info] CMC::computeControls, t = 0.7225
[2023-08-15 22:07:16.018] [info] CMC::computeControls, t = 0.7235
[2023-08-15 22:07:16.043] [info] CMC::computeControls, t = 0.7245
[2023-08-15 22:07:16.062] [info] CMC::computeControls, t = 0.7255
[2023-08-15 22:07:16.077] [info] CMC::computeControls, t = 0.7265
[2023-08-15 22:07:16.093] [info] CMC::computeControls, t = 0.7275
[2023-08-15 22:07:16.110] [info] CMC::computeControls, t = 0.7285
[2023-08-15 22:07:16.126] [info] CMC::computeControls, t = 0.7295
[2023-08-15 22:07:16.141] [info] CMC::computeControls, t = 0.730500
[2023-08-15 22:07:16.157] [info] CMC::computeControls, t = 0.7315
[2023-08-15 22:07:16.172] [info] CMC::computeControls, t = 0.7325
[2023-08-15 22:07:16.189] [info] CMC::computeControls, t = 0.7335
[2023-08-15 22:07:16.211] [info] CMC::computeControls, t = 0.7345
[2023-08-15 22:07:16.227] [info] CMC::computeControls, t = 0.7355
[2023-08-15 22:07:16.245] [info] CMC::computeControls, t = 0.7365
[2023-08-15 22:07:16.261] [info] CMC::computeControls, t = 0.7375
[2023-08-15 22:07:16.281] [info] CMC::computeControls, t = 0.7385
[2023-08-15 22:07:16.297] [info] CMC::computeControls, t = 0.7395
[2023-08-15 22:07:16.324] [info] CMC::computeControls, t = 0.740500
[2023-08-15 22:07:16.340] [info] CMC::computeControls, t = 0.7415
[2023-08-15 22:07:16.365] [info] CMC::computeControls, t = 0.7425
[2023-08-15 22:07:16.380] [info] CMC::computeControls, t = 0.7435
[2023-08-15 22:07:16.396] [info] CMC::computeControls, t = 0.7445
[2023-08-15 22:07:16.414] [info] CMC::computeControls, t = 0.7455
[2023-08-15 22:07:16.443] [info] CMC::computeControls, t = 0.7465
[2023-08-15 22:07:16.475] [info] CMC::computeControls, t = 0.7475
[2023-08-15 22:07:16.495] [info] CMC::computeControls, t = 0.7485
[2023-08-15 22:07:16.510] [info] CMC::computeControls, t = 0.7495
[2023-08-15 22:07:16.529] [info] CMC::computeControls, t = 0.750500
[2023-08-15 22:07:16.551] [info] CMC::computeControls, t = 0.7515
[2023-08-15 22:07:16.587] [info] CMC::computeControls, t = 0.7525
[2023-08-15 22:07:16.614] [info] CMC::computeControls, t = 0.7535
[2023-08-15 22:07:16.639] [info] CMC::computeControls, t = 0.7545
[2023-08-15 22:07:16.655] [info] CMC::computeControls, t = 0.7555
[2023-08-15 22:07:16.671] [info] CMC::computeControls, t = 0.7565
[2023-08-15 22:07:16.686] [info] CMC::computeControls, t = 0.7575
[2023-08-15 22:07:16.702] [info] CMC::computeControls, t = 0.7585
[2023-08-15 22:07:16.728] [info] CMC::computeControls, t = 0.7595
[2023-08-15 22:07:16.743] [info] CMC::computeControls, t = 0.760500
[2023-08-15 22:07:16.771] [info] CMC::computeControls, t = 0.7615
[2023-08-15 22:07:16.799] [info] CMC::computeControls, t = 0.7625
[2023-08-15 22:07:16.817] [info] CMC::computeControls, t = 0.7635
[2023-08-15 22:07:16.836] [info] CMC::computeControls, t = 0.7645
[2023-08-15 22:07:16.858] [info] CMC::computeControls, t = 0.7655
[2023-08-15 22:07:16.876] [info] CMC::computeControls, t = 0.7665
[2023-08-15 22:07:16.901] [info] CMC::computeControls, t = 0.7675
[2023-08-15 22:07:16.918] [info] CMC::computeControls, t = 0.7685
[2023-08-15 22:07:16.947] [info] CMC::computeControls, t = 0.7695
[2023-08-15 22:07:16.969] [info] CMC::computeControls, t = 0.770500
[2023-08-15 22:07:16.999] [info] CMC::computeControls, t = 0.7715
[2023-08-15 22:07:17.020] [info] CMC::computeControls, t = 0.7725
[2023-08-15 22:07:17.049] [info] CMC::computeControls, t = 0.7735
[2023-08-15 22:07:17.079] [info] CMC::computeControls, t = 0.7745
[2023-08-15 22:07:17.101] [info] CMC::computeControls, t = 0.7755
[2023-08-15 22:07:17.135] [info] CMC::computeControls, t = 0.7765
[2023-08-15 22:07:17.165] [info] CMC::computeControls, t = 0.7775
[2023-08-15 22:07:17.183] [info] CMC::computeControls, t = 0.7785
[2023-08-15 22:07:17.200] [info] CMC::computeControls, t = 0.7795
[2023-08-15 22:07:17.221] [info] CMC::computeControls, t = 0.780500
[2023-08-15 22:07:17.248] [info] CMC::computeControls, t = 0.7815
[2023-08-15 22:07:17.269] [info] CMC::computeControls, t = 0.7825
[2023-08-15 22:07:17.294] [info] CMC::computeControls, t = 0.7835
[2023-08-15 22:07:17.316] [info] CMC::computeControls, t = 0.7845
[2023-08-15 22:07:17.335] [info] CMC::computeControls, t = 0.7855
[2023-08-15 22:07:17.360] [info] CMC::computeControls, t = 0.7865
[2023-08-15 22:07:17.393] [info] CMC::computeControls, t = 0.7875
[2023-08-15 22:07:17.410] [info] CMC::computeControls, t = 0.7885
[2023-08-15 22:07:17.426] [info] CMC::computeControls, t = 0.7895
[2023-08-15 22:07:17.459] [info] CMC::computeControls, t = 0.790500
[2023-08-15 22:07:17.478] [info] CMC::computeControls, t = 0.7915
[2023-08-15 22:07:17.494] [info] CMC::computeControls, t = 0.7925
[2023-08-15 22:07:17.515] [info] CMC::computeControls, t = 0.7935
[2023-08-15 22:07:17.537] [info] CMC::computeControls, t = 0.7945
[2023-08-15 22:07:17.565] [info] CMC::computeControls, t = 0.7955
[2023-08-15 22:07:17.596] [info] CMC::computeControls, t = 0.7965
[2023-08-15 22:07:17.626] [info] CMC::computeControls, t = 0.7975
[2023-08-15 22:07:17.646] [info] CMC::computeControls, t = 0.7985
[2023-08-15 22:07:17.664] [info] CMC::computeControls, t = 0.7995
[2023-08-15 22:07:17.681] [info] CMC::computeControls, t = 0.800500
[2023-08-15 22:07:17.706] [info] CMC::computeControls, t = 0.801500
[2023-08-15 22:07:17.725] [info] CMC::computeControls, t = 0.802500
[2023-08-15 22:07:17.748] [info] CMC::computeControls, t = 0.803500
[2023-08-15 22:07:17.767] [info] CMC::computeControls, t = 0.804500
[2023-08-15 22:07:17.799] [info] CMC::computeControls, t = 0.805500
[2023-08-15 22:07:17.817] [info] CMC::computeControls, t = 0.806500
[2023-08-15 22:07:17.839] [info] CMC::computeControls, t = 0.807500
[2023-08-15 22:07:17.860] [info] CMC::computeControls, t = 0.808500
[2023-08-15 22:07:17.891] [info] CMC::computeControls, t = 0.809500
[2023-08-15 22:07:17.918] [info] CMC::computeControls, t = 0.810500
[2023-08-15 22:07:17.942] [info] CMC::computeControls, t = 0.8115
[2023-08-15 22:07:17.963] [info] CMC::computeControls, t = 0.8125
[2023-08-15 22:07:17.984] [info] CMC::computeControls, t = 0.8135
[2023-08-15 22:07:18.001] [info] CMC::computeControls, t = 0.8145
[2023-08-15 22:07:18.018] [info] CMC::computeControls, t = 0.8155
[2023-08-15 22:07:18.037] [info] CMC::computeControls, t = 0.8165
[2023-08-15 22:07:18.059] [info] CMC::computeControls, t = 0.8175
[2023-08-15 22:07:18.079] [info] CMC::computeControls, t = 0.8185
[2023-08-15 22:07:18.096] [info] CMC::computeControls, t = 0.8195
[2023-08-15 22:07:18.129] [info] CMC::computeControls, t = 0.820500
[2023-08-15 22:07:18.159] [info] CMC::computeControls, t = 0.8215
[2023-08-15 22:07:18.188] [info] CMC::computeControls, t = 0.8225
[2023-08-15 22:07:18.209] [info] CMC::computeControls, t = 0.8235
[2023-08-15 22:07:18.226] [info] CMC::computeControls, t = 0.8245
[2023-08-15 22:07:18.254] [info] CMC::computeControls, t = 0.8255
[2023-08-15 22:07:18.281] [info] CMC::computeControls, t = 0.8265
[2023-08-15 22:07:18.324] [info] CMC::computeControls, t = 0.8275
[2023-08-15 22:07:18.356] [info] CMC::computeControls, t = 0.8285
[2023-08-15 22:07:18.382] [info] CMC::computeControls, t = 0.8295
[2023-08-15 22:07:18.400] [info] CMC::computeControls, t = 0.830500
[2023-08-15 22:07:18.417] [info] CMC::computeControls, t = 0.8315
[2023-08-15 22:07:18.438] [info] CMC::computeControls, t = 0.8325
[2023-08-15 22:07:18.457] [info] CMC::computeControls, t = 0.8335
[2023-08-15 22:07:18.475] [info] CMC::computeControls, t = 0.8345
[2023-08-15 22:07:18.497] [info] CMC::computeControls, t = 0.8355
[2023-08-15 22:07:18.517] [info] CMC::computeControls, t = 0.8365
[2023-08-15 22:07:18.545] [info] CMC::computeControls, t = 0.8375
[2023-08-15 22:07:18.563] [info] CMC::computeControls, t = 0.8385
[2023-08-15 22:07:18.582] [info] CMC::computeControls, t = 0.8395
[2023-08-15 22:07:18.599] [info] CMC::computeControls, t = 0.840500
[2023-08-15 22:07:18.619] [info] CMC::computeControls, t = 0.8415
[2023-08-15 22:07:18.637] [info] CMC::computeControls, t = 0.8425
[2023-08-15 22:07:18.654] [info] CMC::computeControls, t = 0.8435
[2023-08-15 22:07:18.676] [info] CMC::computeControls, t = 0.8445
[2023-08-15 22:07:18.692] [info] CMC::computeControls, t = 0.8455
[2023-08-15 22:07:18.709] [info] CMC::computeControls, t = 0.8465
[2023-08-15 22:07:18.733] [info] CMC::computeControls, t = 0.8475
[2023-08-15 22:07:18.753] [info] CMC::computeControls, t = 0.8485
[2023-08-15 22:07:18.776] [info] CMC::computeControls, t = 0.8495
[2023-08-15 22:07:18.793] [info] CMC::computeControls, t = 0.850500
[2023-08-15 22:07:18.817] [info] CMC::computeControls, t = 0.8515
[2023-08-15 22:07:18.833] [info] CMC::computeControls, t = 0.8525
[2023-08-15 22:07:18.850] [info] CMC::computeControls, t = 0.8535
[2023-08-15 22:07:18.869] [info] CMC::computeControls, t = 0.8545
[2023-08-15 22:07:18.891] [info] CMC::computeControls, t = 0.8555
[2023-08-15 22:07:18.908] [info] CMC::computeControls, t = 0.8565
[2023-08-15 22:07:18.926] [info] CMC::computeControls, t = 0.8575
[2023-08-15 22:07:18.955] [info] CMC::computeControls, t = 0.8585
[2023-08-15 22:07:18.983] [info] CMC::computeControls, t = 0.8595
[2023-08-15 22:07:19.014] [info] CMC::computeControls, t = 0.860500
[2023-08-15 22:07:19.035] [info] CMC::computeControls, t = 0.8615
[2023-08-15 22:07:19.080] [info] CMC::computeControls, t = 0.8625
[2023-08-15 22:07:19.122] [info] CMC::computeControls, t = 0.8635
[2023-08-15 22:07:19.139] [info] CMC::computeControls, t = 0.8645
[2023-08-15 22:07:19.164] [info] CMC::computeControls, t = 0.8655
[2023-08-15 22:07:19.183] [info] CMC::computeControls, t = 0.8665
[2023-08-15 22:07:19.199] [info] CMC::computeControls, t = 0.8675
[2023-08-15 22:07:19.218] [info] CMC::computeControls, t = 0.8685
[2023-08-15 22:07:19.235] [info] CMC::computeControls, t = 0.8695
[2023-08-15 22:07:19.255] [info] CMC::computeControls, t = 0.870500
[2023-08-15 22:07:19.270] [info] CMC::computeControls, t = 0.8715
[2023-08-15 22:07:19.287] [info] CMC::computeControls, t = 0.8725
[2023-08-15 22:07:19.320] [info] CMC::computeControls, t = 0.8735
[2023-08-15 22:07:19.356] [info] CMC::computeControls, t = 0.8745
[2023-08-15 22:07:19.383] [info] CMC::computeControls, t = 0.8755
[2023-08-15 22:07:19.405] [info] CMC::computeControls, t = 0.8765
[2023-08-15 22:07:19.423] [info] CMC::computeControls, t = 0.8775
[2023-08-15 22:07:19.439] [info] CMC::computeControls, t = 0.8785
[2023-08-15 22:07:19.469] [info] CMC::computeControls, t = 0.8795
[2023-08-15 22:07:19.505] [info] CMC::computeControls, t = 0.880500
[2023-08-15 22:07:19.526] [info] CMC::computeControls, t = 0.8815
[2023-08-15 22:07:19.547] [info] CMC::computeControls, t = 0.8825
[2023-08-15 22:07:19.577] [info] CMC::computeControls, t = 0.8835
[2023-08-15 22:07:19.605] [info] CMC::computeControls, t = 0.8845
[2023-08-15 22:07:19.634] [info] CMC::computeControls, t = 0.8855
[2023-08-15 22:07:19.654] [info] CMC::computeControls, t = 0.8865
[2023-08-15 22:07:19.681] [info] CMC::computeControls, t = 0.8875
[2023-08-15 22:07:19.706] [info] CMC::computeControls, t = 0.8885
[2023-08-15 22:07:19.727] [info] CMC::computeControls, t = 0.8895
[2023-08-15 22:07:19.754] [info] CMC::computeControls, t = 0.890500
[2023-08-15 22:07:19.776] [info] CMC::computeControls, t = 0.8915
[2023-08-15 22:07:19.796] [info] CMC::computeControls, t = 0.8925
[2023-08-15 22:07:19.824] [info] CMC::computeControls, t = 0.8935
[2023-08-15 22:07:19.846] [info] CMC::computeControls, t = 0.8945
[2023-08-15 22:07:19.864] [info] CMC::computeControls, t = 0.8955
[2023-08-15 22:07:19.895] [info] CMC::computeControls, t = 0.8965
[2023-08-15 22:07:19.914] [info] CMC::computeControls, t = 0.8975
[2023-08-15 22:07:19.944] [info] CMC::computeControls, t = 0.8985
[2023-08-15 22:07:19.972] [info] CMC::computeControls, t = 0.8995
[2023-08-15 22:07:20.004] [info] CMC::computeControls, t = 0.900500
[2023-08-15 22:07:20.037] [info] CMC::computeControls, t = 0.901500
[2023-08-15 22:07:20.071] [info] CMC::computeControls, t = 0.902500
[2023-08-15 22:07:20.095] [info] CMC::computeControls, t = 0.903500
[2023-08-15 22:07:20.126] [info] CMC::computeControls, t = 0.904500
[2023-08-15 22:07:20.146] [info] CMC::computeControls, t = 0.905500
[2023-08-15 22:07:20.161] [info] CMC::computeControls, t = 0.906500
[2023-08-15 22:07:20.188] [info] CMC::computeControls, t = 0.907500
[2023-08-15 22:07:20.212] [info] CMC::computeControls, t = 0.908500
[2023-08-15 22:07:20.228] [info] CMC::computeControls, t = 0.909500
[2023-08-15 22:07:20.246] [info] -------------------------------------------
[2023-08-15 22:07:20.246] [info] Finished tracking the specified kinematics:
[2023-08-15 22:07:20.246] [info] -------------------------------------------
[2023-08-15 22:07:20.246] [info]  -- Start time = Tue Aug 15 22:07:06 2023
[2023-08-15 22:07:20.246] [info]  -- Finish time = Tue Aug 15 22:07:20 2023
[2023-08-15 22:07:20.246] [info]  -- Elapsed time = 14.0 seconds.
[2023-08-15 22:07:20.246] [info] -------------------------------------------
[2023-08-15 22:07:20.246] [info] 
[2023-08-15 22:07:20.246] [info] Printing results of investigation subject03_run5_cycle1_iter3 to cycle1/
[2023-08-15 22:07:20.936] [info] 

************************************************************
*      Summary of Mass Adjustments to Reduce Residuals     *
************************************************************
* Body adjusted: torso
* Mass Center (COM) adjustment: dx =-0.0494628, dz =0.0130061
* New COM location: ~[0.019851,0.331103,-0.0176459]
************************************************************
* Recommended mass adjustments:                             
*  Total mass change: 0.565391
*  pelvis: orig mass = 10.1242, new mass = 10.2128
*  femur_r: orig mass = 7.99605, new mass = 8.06602
*  tibia_r: orig mass = 3.18719, new mass = 3.21508
*  talus_r: orig mass = 0.085966, new mass = 0.0867182
*  calcn_r: orig mass = 1.07458, new mass = 1.08398
*  toes_r: orig mass = 0.186203, new mass = 0.187832
*  femur_l: orig mass = 7.99605, new mass = 8.06602
*  tibia_l: orig mass = 3.18719, new mass = 3.21508
*  talus_l: orig mass = 0.085966, new mass = 0.0867182
*  calcn_l: orig mass = 1.07458, new mass = 1.08398
*  toes_l: orig mass = 0.186203, new mass = 0.187832
*  torso: orig mass = 23.0617, new mass = 23.2635
*  humerus_r: orig mass = 1.74726, new mass = 1.76255
*  ulna_r: orig mass = 0.522244, new mass = 0.526814
*  radius_r: orig mass = 0.522244, new mass = 0.526814
*  hand_r: orig mass = 0.393294, new mass = 0.396735
*  humerus_l: orig mass = 1.74726, new mass = 1.76255
*  ulna_l: orig mass = 0.522244, new mass = 0.526814
*  radius_l: orig mass = 0.522244, new mass = 0.526814
*  hand_l: orig mass = 0.393294, new mass = 0.396735
************************************************************
* Note: Edit the model to make recommended adjustments to  *
*       mass properties.                                   *
************************************************************

* Average residuals before adjusting torso COM:
*  FX=-1.83182 FY=-5.54459 FZ=-0.388739
*  MX=-2.94144 MY=0.823818 MZ=-11.1864
************************************************************
* Average residuals after adjusting torso COM:
*  FX=-2.05625 FY=-4.4966 FZ=-1.85553
*  MX=-1.18815 MY=2.20264 MZ=1.01794
************************************************************


[2023-08-15 22:07:20.936] [info] 
************************************************************
*                   Final Average Residuals                *
************************************************************
* After torso COM and Kinematics adjustments:
*  FX=1.23186 FY=-2.63092 FZ=0.0876263
*  MX=-1.22218 MY=-1.14981 MZ=2.03961
************************************************************


