[2023-08-15 22:10:57.824] [info] Storage: read data file = ..\rra1\cycle1\subject04_run5_cycle1_iter1_Kinematics_q.sto (nr=679 nc=38)
[2023-08-15 22:10:57.880] [info] Storage: read data file = ..\rra1\cycle1\subject04_run5_cycle1_iter1_Kinematics_q.sto (nr=679 nc=38)
[2023-08-15 22:10:57.941] [info] AbstractTool subject04_run5_cycle1_iter2 loading model ..\rra1\cycle1\subject04_run5_cycle1_rraAdjusted_iter1.osim
[2023-08-15 22:10:58.052] [info] Loaded model subject04_scaled from file ..\rra1\cycle1\subject04_run5_cycle1_rraAdjusted_iter1.osim
[2023-08-15 22:10:58.098] [info] Adding force object set from ..\subject04_run5_RRA_Actuators.xml
[2023-08-15 22:10:58.115] [info] Running tool subject04_run5_cycle1_iter2.
[2023-08-15 22:10:58.128] [warning] ExternalLoads 'externalloads' has subcomponents with duplicate name 'externalforce'. The duplicate is being renamed to 'externalforce_0'.
[2023-08-15 22:10:58.156] [info] 	taskSet size = 29.
[2023-08-15 22:10:58.274] [info] ExternalForce::externalforce Data source being set to Run_500 04_newCOP3_v24.mot
[2023-08-15 22:10:58.274] [info] ExternalForce::externalforce_0 Data source being set to Run_500 04_newCOP3_v24.mot
[2023-08-15 22:10:58.282] [warning] A desired points file was not specified.
[2023-08-15 22:10:58.282] [info] Loading desired kinematics from file '..\rra1\cycle1\subject04_run5_cycle1_iter1_Kinematics_q.sto'...
[2023-08-15 22:10:58.282] [info] Storage: read data file = ..\rra1\cycle1\subject04_run5_cycle1_iter1_Kinematics_q.sto (nr=679 nc=38)
[2023-08-15 22:10:58.314] [info] Not filtering the desired kinematics.
[2023-08-15 22:10:58.315] [cout] [info] MODEL: subject04_scaled

numStates = 74
numCoordinates = 37
numSpeeds = 37
numActuators = 29
numBodies = 20
numConstraints = 0
numProbes = 0

ANALYSES (total: 0)

BODIES (total: 20)
body[0] = pelvis. mass: 12.8253
              moments of inertia:  ~[0.136614,0.136614,0.0719522]
              products of inertia: ~[0,0,0]
body[1] = femur_r. mass: 10.1294
              moments of inertia:  ~[0.163733,0.0429204,0.17266]
              products of inertia: ~[0,0,0]
body[2] = tibia_r. mass: 4.03753
              moments of inertia:  ~[0.0559152,0.00548772,0.0559152]
              products of inertia: ~[0,0,0]
body[3] = talus_r. mass: 0.108902
              moments of inertia:  ~[0.00128643,0.00128643,0.00128643]
              products of inertia: ~[0,0,0]
body[4] = calcn_r. mass: 1.36127
              moments of inertia:  ~[0.00180101,0.00501709,0.00527437]
              products of inertia: ~[0,0,0]
body[5] = toes_r. mass: 0.235881
              moments of inertia:  ~[0.000128643,0.000257286,0.00128643]
              products of inertia: ~[0,0,0]
body[6] = femur_l. mass: 10.1294
              moments of inertia:  ~[0.163733,0.0429204,0.17266]
              products of inertia: ~[0,0,0]
body[7] = tibia_l. mass: 4.03753
              moments of inertia:  ~[0.0559152,0.00548772,0.0559152]
              products of inertia: ~[0,0,0]
body[8] = talus_l. mass: 0.108902
              moments of inertia:  ~[0.00128643,0.00128643,0.00128643]
              products of inertia: ~[0,0,0]
body[9] = calcn_l. mass: 1.36127
              moments of inertia:  ~[0.00180101,0.00501709,0.00527437]
              products of inertia: ~[0,0,0]
body[10] = toes_l. mass: 0.235881
              moments of inertia:  ~[0.000128643,0.000257286,0.00128643]
              products of inertia: ~[0,0,0]
body[11] = torso. mass: 29.2146
              moments of inertia:  ~[1.85026,0.948032,1.79618]
              products of inertia: ~[0,0,0]
body[12] = humerus_r. mass: 2.21342
              moments of inertia:  ~[0.0130105,0.00448823,0.0146039]
              products of inertia: ~[0,0,0]
body[13] = ulna_r. mass: 0.661577
              moments of inertia:  ~[0.00363471,0.000758357,0.00394272]
              products of inertia: ~[0,0,0]
body[14] = radius_r. mass: 0.661577
              moments of inertia:  ~[0.00363471,0.000758357,0.00394272]
              products of inertia: ~[0,0,0]
body[15] = hand_r. mass: 0.498225
              moments of inertia:  ~[0.00109459,0.000671231,0.00164433]
              products of inertia: ~[0,0,0]
body[16] = humerus_l. mass: 2.21342
              moments of inertia:  ~[0.0130105,0.00448823,0.0146039]
              products of inertia: ~[0,0,0]
body[17] = ulna_l. mass: 0.661577
              moments of inertia:  ~[0.00363471,0.000758357,0.00394272]
              products of inertia: ~[0,0,0]
body[18] = radius_l. mass: 0.661577
              moments of inertia:  ~[0.00363471,0.000758357,0.00394272]
              products of inertia: ~[0,0,0]
body[19] = hand_l. mass: 0.498225
              moments of inertia:  ~[0.00109459,0.000671231,0.00164433]
              products of inertia: ~[0,0,0]

JOINTS (total: 20)
joint[0] = ground_pelvis. parent: ground_offset, child: pelvis_offset
joint[1] = hip_r. parent: pelvis_offset, child: femur_r_offset
joint[2] = knee_r. parent: femur_r_offset, child: tibia_r_offset
joint[3] = ankle_r. parent: tibia_r_offset, child: talus_r_offset
joint[4] = subtalar_r. parent: talus_r_offset, child: calcn_r_offset
joint[5] = mtp_r. parent: calcn_r_offset, child: toes_r_offset
joint[6] = hip_l. parent: pelvis_offset, child: femur_l_offset
joint[7] = knee_l. parent: femur_l_offset, child: tibia_l_offset
joint[8] = ankle_l. parent: tibia_l_offset, child: talus_l_offset
joint[9] = subtalar_l. parent: talus_l_offset, child: calcn_l_offset
joint[10] = mtp_l. parent: calcn_l_offset, child: toes_l_offset
joint[11] = back. parent: pelvis_offset, child: torso_offset
joint[12] = acromial_r. parent: torso_offset, child: humerus_r_offset
joint[13] = elbow_r. parent: humerus_r_offset, child: ulna_r_offset
joint[14] = radioulnar_r. parent: ulna_r_offset, child: radius_r_offset
joint[15] = radius_hand_r. parent: radius_r_offset, child: hand_r_offset
joint[16] = acromial_l. parent: torso_offset, child: humerus_l_offset
joint[17] = elbow_l. parent: humerus_l_offset, child: ulna_l_offset
joint[18] = radioulnar_l. parent: ulna_l_offset, child: radius_l_offset
joint[19] = radius_hand_l. parent: radius_l_offset, child: hand_l_offset

ACTUATORS (total: 29)
actuator[0] = FX
actuator[1] = FY
actuator[2] = FZ
actuator[3] = MZ
actuator[4] = MX
actuator[5] = MY
actuator[6] = hip_flexion_r
actuator[7] = hip_adduction_r
actuator[8] = hip_rotation_r
actuator[9] = knee_angle_r
actuator[10] = ankle_angle_r
actuator[11] = hip_flexion_l
actuator[12] = hip_adduction_l
actuator[13] = hip_rotation_l
actuator[14] = knee_angle_l
actuator[15] = ankle_angle_l
actuator[16] = lumbar_extension
actuator[17] = lumbar_bending
actuator[18] = lumbar_rotation
actuator[19] = arm_flex_r
actuator[20] = arm_add_r
actuator[21] = arm_rot_r
actuator[22] = elbow_flex_r
actuator[23] = pro_sup_r
actuator[24] = arm_flex_l
actuator[25] = arm_add_l
actuator[26] = arm_rot_l
actuator[27] = elbow_flex_l
actuator[28] = pro_sup_l

STATES (total: 74)
y[0] = /jointset/ground_pelvis/pelvis_tilt/value
y[1] = /jointset/ground_pelvis/pelvis_tilt/speed
y[2] = /jointset/ground_pelvis/pelvis_list/value
y[3] = /jointset/ground_pelvis/pelvis_list/speed
y[4] = /jointset/ground_pelvis/pelvis_rotation/value
y[5] = /jointset/ground_pelvis/pelvis_rotation/speed
y[6] = /jointset/ground_pelvis/pelvis_tx/value
y[7] = /jointset/ground_pelvis/pelvis_tx/speed
y[8] = /jointset/ground_pelvis/pelvis_ty/value
y[9] = /jointset/ground_pelvis/pelvis_ty/speed
y[10] = /jointset/ground_pelvis/pelvis_tz/value
y[11] = /jointset/ground_pelvis/pelvis_tz/speed
y[12] = /jointset/hip_r/hip_flexion_r/value
y[13] = /jointset/hip_r/hip_flexion_r/speed
y[14] = /jointset/hip_r/hip_adduction_r/value
y[15] = /jointset/hip_r/hip_adduction_r/speed
y[16] = /jointset/hip_r/hip_rotation_r/value
y[17] = /jointset/hip_r/hip_rotation_r/speed
y[18] = /jointset/knee_r/knee_angle_r/value
y[19] = /jointset/knee_r/knee_angle_r/speed
y[20] = /jointset/ankle_r/ankle_angle_r/value
y[21] = /jointset/ankle_r/ankle_angle_r/speed
y[22] = /jointset/subtalar_r/subtalar_angle_r/value
y[23] = /jointset/subtalar_r/subtalar_angle_r/speed
y[24] = /jointset/mtp_r/mtp_angle_r/value
y[25] = /jointset/mtp_r/mtp_angle_r/speed
y[26] = /jointset/hip_l/hip_flexion_l/value
y[27] = /jointset/hip_l/hip_flexion_l/speed
y[28] = /jointset/hip_l/hip_adduction_l/value
y[29] = /jointset/hip_l/hip_adduction_l/speed
y[30] = /jointset/hip_l/hip_rotation_l/value
y[31] = /jointset/hip_l/hip_rotation_l/speed
y[32] = /jointset/knee_l/knee_angle_l/value
y[33] = /jointset/knee_l/knee_angle_l/speed
y[34] = /jointset/ankle_l/ankle_angle_l/value
y[35] = /jointset/ankle_l/ankle_angle_l/speed
y[36] = /jointset/subtalar_l/subtalar_angle_l/value
y[37] = /jointset/subtalar_l/subtalar_angle_l/speed
y[38] = /jointset/mtp_l/mtp_angle_l/value
y[39] = /jointset/mtp_l/mtp_angle_l/speed
y[40] = /jointset/back/lumbar_extension/value
y[41] = /jointset/back/lumbar_extension/speed
y[42] = /jointset/back/lumbar_bending/value
y[43] = /jointset/back/lumbar_bending/speed
y[44] = /jointset/back/lumbar_rotation/value
y[45] = /jointset/back/lumbar_rotation/speed
y[46] = /jointset/acromial_r/arm_flex_r/value
y[47] = /jointset/acromial_r/arm_flex_r/speed
y[48] = /jointset/acromial_r/arm_add_r/value
y[49] = /jointset/acromial_r/arm_add_r/speed
y[50] = /jointset/acromial_r/arm_rot_r/value
y[51] = /jointset/acromial_r/arm_rot_r/speed
y[52] = /jointset/elbow_r/elbow_flex_r/value
y[53] = /jointset/elbow_r/elbow_flex_r/speed
y[54] = /jointset/radioulnar_r/pro_sup_r/value
y[55] = /jointset/radioulnar_r/pro_sup_r/speed
y[56] = /jointset/radius_hand_r/wrist_flex_r/value
y[57] = /jointset/radius_hand_r/wrist_flex_r/speed
y[58] = /jointset/radius_hand_r/wrist_dev_r/value
y[59] = /jointset/radius_hand_r/wrist_dev_r/speed
y[60] = /jointset/acromial_l/arm_flex_l/value
y[61] = /jointset/acromial_l/arm_flex_l/speed
y[62] = /jointset/acromial_l/arm_add_l/value
y[63] = /jointset/acromial_l/arm_add_l/speed
y[64] = /jointset/acromial_l/arm_rot_l/value
y[65] = /jointset/acromial_l/arm_rot_l/speed
y[66] = /jointset/elbow_l/elbow_flex_l/value
y[67] = /jointset/elbow_l/elbow_flex_l/speed
y[68] = /jointset/radioulnar_l/pro_sup_l/value
y[69] = /jointset/radioulnar_l/pro_sup_l/speed
y[70] = /jointset/radius_hand_l/wrist_flex_l/value
y[71] = /jointset/radius_hand_l/wrist_flex_l/speed
y[72] = /jointset/radius_hand_l/wrist_dev_l/value
y[73] = /jointset/radius_hand_l/wrist_dev_l/speed

[2023-08-15 22:10:58.731] [warning] Coordinate.setValue:  coordinate subtalar_angle_r is locked. Unable to change its value.
[2023-08-15 22:10:58.731] [warning] Coordinate.setValue:  coordinate mtp_angle_r is locked. Unable to change its value.
[2023-08-15 22:10:58.731] [warning] Coordinate.setValue:  coordinate subtalar_angle_l is locked. Unable to change its value.
[2023-08-15 22:10:58.731] [warning] Coordinate.setValue:  coordinate mtp_angle_l is locked. Unable to change its value.
[2023-08-15 22:10:58.731] [warning] Coordinate.setValue:  coordinate wrist_flex_r is locked. Unable to change its value.
[2023-08-15 22:10:58.731] [warning] Coordinate.setValue:  coordinate wrist_dev_r is locked. Unable to change its value.
[2023-08-15 22:10:58.731] [warning] Coordinate.setValue:  coordinate wrist_flex_l is locked. Unable to change its value.
[2023-08-15 22:10:58.731] [warning] Coordinate.setValue:  coordinate wrist_dev_l is locked. Unable to change its value.
[2023-08-15 22:10:58.820] [info] Requested COM adjustment time range 0.2545 to 0.878, clamped to nearest available data times: 0.2545 to 0.878.
[2023-08-15 22:10:58.821] [info] Computing average residuals between 0.2545 and 0.878...
[2023-08-15 22:10:58.949] [info] ExternalForce::externalforce Data source being set to Run_500 04_newCOP3_v24.mot
[2023-08-15 22:10:58.950] [info] ExternalForce::externalforce_0 Data source being set to Run_500 04_newCOP3_v24.mot
[2023-08-15 22:10:59.099] [info] ExternalForce::externalforce Data source being set to Run_500 04_newCOP3_v24.mot
[2023-08-15 22:10:59.099] [info] ExternalForce::externalforce_0 Data source being set to Run_500 04_newCOP3_v24.mot
[2023-08-15 22:11:03.630] [info] ExternalForce::externalforce Data source being set to Run_500 04_newCOP3_v24.mot
[2023-08-15 22:11:03.631] [info] ExternalForce::externalforce_0 Data source being set to Run_500 04_newCOP3_v24.mot
[2023-08-15 22:11:03.642] [info] Computing average residuals between 0.2545 and 0.878...
[2023-08-15 22:11:03.801] [info] ExternalForce::externalforce Data source being set to Run_500 04_newCOP3_v24.mot
[2023-08-15 22:11:03.801] [info] ExternalForce::externalforce_0 Data source being set to Run_500 04_newCOP3_v24.mot
[2023-08-15 22:11:03.889] [info] ExternalForce::externalforce Data source being set to Run_500 04_newCOP3_v24.mot
[2023-08-15 22:11:03.889] [info] ExternalForce::externalforce_0 Data source being set to Run_500 04_newCOP3_v24.mot
[2023-08-15 22:11:08.328] [info] Constructing function set for tracking desired kinematics...
[2023-08-15 22:11:09.158] [warning] No Actuation analysis found in analysis set, adding one...
[2023-08-15 22:11:09.159] [warning] No Kinematics analysis found in analysis set, adding one...
[2023-08-15 22:11:09.161] [info] Using the generalized coordinates specified in '..\rra1\cycle1\subject04_run5_cycle1_iter1_Kinematics_q.sto' to set the initial configuration.
[2023-08-15 22:11:09.349] [info] Using IPOPT optimizer algorithm.
[2023-08-15 22:11:09.349] [info] Setting optimizer print level to 0.
[2023-08-15 22:11:09.349] [info] Setting optimizer convergence tolerance to 1.0e-05.
[2023-08-15 22:11:09.349] [info] Setting optimizer maximum iterations to 2000.
[2023-08-15 22:11:09.349] [info] Setting cmc controller to not use verbose printing.

[2023-08-15 22:11:09.349] [info] CMC::computeControls, t = 0.2545
[2023-08-15 22:11:10.737] [info] --------------------------------------------
[2023-08-15 22:11:10.737] [info] Using CMC to track the specified kinematics:
[2023-08-15 22:11:10.737] [info] --------------------------------------------
[2023-08-15 22:11:10.737] [info]  -- Integrating from 0.2545 to 0.878
[2023-08-15 22:11:10.737] [info]  -- Start time = Tue Aug 15 22:11:10 2023
[2023-08-15 22:11:10.737] [info] --------------------------------------------
[2023-08-15 22:11:10.737] [info] 
[2023-08-15 22:11:10.741] [info] CMC::computeControls, t = 0.2545
[2023-08-15 22:11:10.786] [info] CMC::computeControls, t = 0.2555
[2023-08-15 22:11:10.786] [warning] Coordinate.setValue:  coordinate subtalar_angle_r is locked. Unable to change its value.
[2023-08-15 22:11:10.786] [warning] Coordinate.setValue:  coordinate mtp_angle_r is locked. Unable to change its value.
[2023-08-15 22:11:10.786] [warning] Coordinate.setValue:  coordinate subtalar_angle_l is locked. Unable to change its value.
[2023-08-15 22:11:10.786] [warning] Coordinate.setValue:  coordinate mtp_angle_l is locked. Unable to change its value.
[2023-08-15 22:11:10.786] [warning] Coordinate.setValue:  coordinate wrist_flex_r is locked. Unable to change its value.
[2023-08-15 22:11:10.786] [warning] Coordinate.setValue:  coordinate wrist_dev_r is locked. Unable to change its value.
[2023-08-15 22:11:10.787] [warning] Coordinate.setValue:  coordinate wrist_flex_l is locked. Unable to change its value.
[2023-08-15 22:11:10.787] [warning] Coordinate.setValue:  coordinate wrist_dev_l is locked. Unable to change its value.
[2023-08-15 22:11:10.812] [info] CMC::computeControls, t = 0.2565
[2023-08-15 22:11:10.847] [info] CMC::computeControls, t = 0.2575
[2023-08-15 22:11:10.874] [info] CMC::computeControls, t = 0.2585
[2023-08-15 22:11:10.900] [info] CMC::computeControls, t = 0.2595
[2023-08-15 22:11:10.922] [info] CMC::computeControls, t = 0.260500
[2023-08-15 22:11:10.949] [info] CMC::computeControls, t = 0.2615
[2023-08-15 22:11:10.971] [info] CMC::computeControls, t = 0.2625
[2023-08-15 22:11:10.998] [info] CMC::computeControls, t = 0.2635
[2023-08-15 22:11:11.019] [info] CMC::computeControls, t = 0.2645
[2023-08-15 22:11:11.041] [info] CMC::computeControls, t = 0.2655
[2023-08-15 22:11:11.065] [info] CMC::computeControls, t = 0.2665
[2023-08-15 22:11:11.088] [info] CMC::computeControls, t = 0.2675
[2023-08-15 22:11:11.111] [info] CMC::computeControls, t = 0.2685
[2023-08-15 22:11:11.137] [info] CMC::computeControls, t = 0.2695
[2023-08-15 22:11:11.170] [info] CMC::computeControls, t = 0.270500
[2023-08-15 22:11:11.215] [info] CMC::computeControls, t = 0.2715
[2023-08-15 22:11:11.238] [info] CMC::computeControls, t = 0.2725
[2023-08-15 22:11:11.261] [info] CMC::computeControls, t = 0.2735
[2023-08-15 22:11:11.289] [info] CMC::computeControls, t = 0.2745
[2023-08-15 22:11:11.331] [info] CMC::computeControls, t = 0.2755
[2023-08-15 22:11:11.353] [info] CMC::computeControls, t = 0.2765
[2023-08-15 22:11:11.369] [info] CMC::computeControls, t = 0.2775
[2023-08-15 22:11:11.395] [info] CMC::computeControls, t = 0.2785
[2023-08-15 22:11:11.417] [info] CMC::computeControls, t = 0.2795
[2023-08-15 22:11:11.452] [info] CMC::computeControls, t = 0.280500
[2023-08-15 22:11:11.483] [info] CMC::computeControls, t = 0.2815
[2023-08-15 22:11:11.501] [info] CMC::computeControls, t = 0.2825
[2023-08-15 22:11:11.519] [info] CMC::computeControls, t = 0.2835
[2023-08-15 22:11:11.556] [info] CMC::computeControls, t = 0.2845
[2023-08-15 22:11:11.589] [info] CMC::computeControls, t = 0.2855
[2023-08-15 22:11:11.609] [info] CMC::computeControls, t = 0.2865
[2023-08-15 22:11:11.632] [info] CMC::computeControls, t = 0.2875
[2023-08-15 22:11:11.656] [info] CMC::computeControls, t = 0.2885
[2023-08-15 22:11:11.673] [info] CMC::computeControls, t = 0.2895
[2023-08-15 22:11:11.689] [info] CMC::computeControls, t = 0.290500
[2023-08-15 22:11:11.712] [info] CMC::computeControls, t = 0.2915
[2023-08-15 22:11:11.739] [info] CMC::computeControls, t = 0.2925
[2023-08-15 22:11:11.764] [info] CMC::computeControls, t = 0.2935
[2023-08-15 22:11:11.785] [info] CMC::computeControls, t = 0.2945
[2023-08-15 22:11:11.813] [info] CMC::computeControls, t = 0.2955
[2023-08-15 22:11:11.831] [info] CMC::computeControls, t = 0.2965
[2023-08-15 22:11:11.861] [info] CMC::computeControls, t = 0.2975
[2023-08-15 22:11:11.897] [info] CMC::computeControls, t = 0.2985
[2023-08-15 22:11:11.915] [info] CMC::computeControls, t = 0.2995
[2023-08-15 22:11:11.942] [info] CMC::computeControls, t = 0.300500
[2023-08-15 22:11:11.957] [info] CMC::computeControls, t = 0.301500
[2023-08-15 22:11:11.981] [info] CMC::computeControls, t = 0.302500
[2023-08-15 22:11:12.000] [info] CMC::computeControls, t = 0.303500
[2023-08-15 22:11:12.026] [info] CMC::computeControls, t = 0.304500
[2023-08-15 22:11:12.057] [info] CMC::computeControls, t = 0.305500
[2023-08-15 22:11:12.073] [info] CMC::computeControls, t = 0.306500
[2023-08-15 22:11:12.108] [info] CMC::computeControls, t = 0.307500
[2023-08-15 22:11:12.131] [info] CMC::computeControls, t = 0.308500
[2023-08-15 22:11:12.160] [info] CMC::computeControls, t = 0.309500
[2023-08-15 22:11:12.180] [info] CMC::computeControls, t = 0.310500
[2023-08-15 22:11:12.195] [info] CMC::computeControls, t = 0.3115
[2023-08-15 22:11:12.216] [info] CMC::computeControls, t = 0.3125
[2023-08-15 22:11:12.248] [info] CMC::computeControls, t = 0.3135
[2023-08-15 22:11:12.265] [info] CMC::computeControls, t = 0.3145
[2023-08-15 22:11:12.300] [info] CMC::computeControls, t = 0.3155
[2023-08-15 22:11:12.337] [info] CMC::computeControls, t = 0.3165
[2023-08-15 22:11:12.355] [info] CMC::computeControls, t = 0.3175
[2023-08-15 22:11:12.380] [info] CMC::computeControls, t = 0.3185
[2023-08-15 22:11:12.398] [info] CMC::computeControls, t = 0.3195
[2023-08-15 22:11:12.425] [info] CMC::computeControls, t = 0.320500
[2023-08-15 22:11:12.442] [info] CMC::computeControls, t = 0.3215
[2023-08-15 22:11:12.470] [info] CMC::computeControls, t = 0.3225
[2023-08-15 22:11:12.501] [info] CMC::computeControls, t = 0.3235
[2023-08-15 22:11:12.523] [info] CMC::computeControls, t = 0.3245
[2023-08-15 22:11:12.550] [info] CMC::computeControls, t = 0.3255
[2023-08-15 22:11:12.580] [info] CMC::computeControls, t = 0.3265
[2023-08-15 22:11:12.609] [info] CMC::computeControls, t = 0.3275
[2023-08-15 22:11:12.641] [info] CMC::computeControls, t = 0.3285
[2023-08-15 22:11:12.665] [info] CMC::computeControls, t = 0.3295
[2023-08-15 22:11:12.680] [info] CMC::computeControls, t = 0.330500
[2023-08-15 22:11:12.705] [info] CMC::computeControls, t = 0.3315
[2023-08-15 22:11:12.732] [info] CMC::computeControls, t = 0.3325
[2023-08-15 22:11:12.755] [info] CMC::computeControls, t = 0.3335
[2023-08-15 22:11:12.784] [info] CMC::computeControls, t = 0.3345
[2023-08-15 22:11:12.811] [info] CMC::computeControls, t = 0.3355
[2023-08-15 22:11:12.828] [info] CMC::computeControls, t = 0.3365
[2023-08-15 22:11:12.848] [info] CMC::computeControls, t = 0.3375
[2023-08-15 22:11:12.879] [info] CMC::computeControls, t = 0.3385
[2023-08-15 22:11:12.903] [info] CMC::computeControls, t = 0.3395
[2023-08-15 22:11:12.931] [info] CMC::computeControls, t = 0.340500
[2023-08-15 22:11:12.947] [info] CMC::computeControls, t = 0.3415
[2023-08-15 22:11:12.983] [info] CMC::computeControls, t = 0.3425
[2023-08-15 22:11:13.005] [info] CMC::computeControls, t = 0.3435
[2023-08-15 22:11:13.030] [info] CMC::computeControls, t = 0.3445
[2023-08-15 22:11:13.054] [info] CMC::computeControls, t = 0.3455
[2023-08-15 22:11:13.073] [info] CMC::computeControls, t = 0.3465
[2023-08-15 22:11:13.089] [info] CMC::computeControls, t = 0.3475
[2023-08-15 22:11:13.115] [info] CMC::computeControls, t = 0.3485
[2023-08-15 22:11:13.147] [info] CMC::computeControls, t = 0.3495
[2023-08-15 22:11:13.177] [info] CMC::computeControls, t = 0.350500
[2023-08-15 22:11:13.193] [info] CMC::computeControls, t = 0.3515
[2023-08-15 22:11:13.208] [info] CMC::computeControls, t = 0.3525
[2023-08-15 22:11:13.240] [info] CMC::computeControls, t = 0.3535
[2023-08-15 22:11:13.272] [info] CMC::computeControls, t = 0.3545
[2023-08-15 22:11:13.288] [info] CMC::computeControls, t = 0.3555
[2023-08-15 22:11:13.320] [info] CMC::computeControls, t = 0.3565
[2023-08-15 22:11:13.335] [info] CMC::computeControls, t = 0.3575
[2023-08-15 22:11:13.361] [info] CMC::computeControls, t = 0.3585
[2023-08-15 22:11:13.392] [info] CMC::computeControls, t = 0.3595
[2023-08-15 22:11:13.415] [info] CMC::computeControls, t = 0.360500
[2023-08-15 22:11:13.439] [info] CMC::computeControls, t = 0.3615
[2023-08-15 22:11:13.454] [info] CMC::computeControls, t = 0.3625
[2023-08-15 22:11:13.480] [info] CMC::computeControls, t = 0.3635
[2023-08-15 22:11:13.499] [info] CMC::computeControls, t = 0.3645
[2023-08-15 22:11:13.532] [info] CMC::computeControls, t = 0.3655
[2023-08-15 22:11:13.565] [info] CMC::computeControls, t = 0.3665
[2023-08-15 22:11:13.592] [info] CMC::computeControls, t = 0.3675
[2023-08-15 22:11:13.617] [info] CMC::computeControls, t = 0.3685
[2023-08-15 22:11:13.633] [info] CMC::computeControls, t = 0.3695
[2023-08-15 22:11:13.657] [info] CMC::computeControls, t = 0.370500
[2023-08-15 22:11:13.673] [info] CMC::computeControls, t = 0.3715
[2023-08-15 22:11:13.707] [info] CMC::computeControls, t = 0.3725
[2023-08-15 22:11:13.742] [info] CMC::computeControls, t = 0.3735
[2023-08-15 22:11:13.779] [info] CMC::computeControls, t = 0.3745
[2023-08-15 22:11:13.810] [info] CMC::computeControls, t = 0.3755
[2023-08-15 22:11:13.826] [info] CMC::computeControls, t = 0.3765
[2023-08-15 22:11:13.849] [info] CMC::computeControls, t = 0.3775
[2023-08-15 22:11:13.885] [info] CMC::computeControls, t = 0.3785
[2023-08-15 22:11:13.903] [info] CMC::computeControls, t = 0.3795
[2023-08-15 22:11:13.942] [info] CMC::computeControls, t = 0.380500
[2023-08-15 22:11:13.959] [info] CMC::computeControls, t = 0.3815
[2023-08-15 22:11:13.988] [info] CMC::computeControls, t = 0.3825
[2023-08-15 22:11:14.027] [info] CMC::computeControls, t = 0.3835
[2023-08-15 22:11:14.056] [info] CMC::computeControls, t = 0.3845
[2023-08-15 22:11:14.071] [info] CMC::computeControls, t = 0.3855
[2023-08-15 22:11:14.086] [info] CMC::computeControls, t = 0.3865
[2023-08-15 22:11:14.108] [info] CMC::computeControls, t = 0.3875
[2023-08-15 22:11:14.130] [info] CMC::computeControls, t = 0.3885
[2023-08-15 22:11:14.152] [info] CMC::computeControls, t = 0.3895
[2023-08-15 22:11:14.171] [info] CMC::computeControls, t = 0.390500
[2023-08-15 22:11:14.190] [info] CMC::computeControls, t = 0.3915
[2023-08-15 22:11:14.211] [info] CMC::computeControls, t = 0.3925
[2023-08-15 22:11:14.233] [info] CMC::computeControls, t = 0.3935
[2023-08-15 22:11:14.255] [info] CMC::computeControls, t = 0.3945
[2023-08-15 22:11:14.272] [info] CMC::computeControls, t = 0.3955
[2023-08-15 22:11:14.309] [info] CMC::computeControls, t = 0.3965
[2023-08-15 22:11:14.334] [info] CMC::computeControls, t = 0.3975
[2023-08-15 22:11:14.364] [info] CMC::computeControls, t = 0.3985
[2023-08-15 22:11:14.401] [info] CMC::computeControls, t = 0.3995
[2023-08-15 22:11:14.425] [info] CMC::computeControls, t = 0.400500
[2023-08-15 22:11:14.454] [info] CMC::computeControls, t = 0.401500
[2023-08-15 22:11:14.491] [info] CMC::computeControls, t = 0.402500
[2023-08-15 22:11:14.523] [info] CMC::computeControls, t = 0.403500
[2023-08-15 22:11:14.549] [info] CMC::computeControls, t = 0.404500
[2023-08-15 22:11:14.572] [info] CMC::computeControls, t = 0.405500
[2023-08-15 22:11:14.592] [info] CMC::computeControls, t = 0.406500
[2023-08-15 22:11:14.612] [info] CMC::computeControls, t = 0.407500
[2023-08-15 22:11:14.627] [info] CMC::computeControls, t = 0.408500
[2023-08-15 22:11:14.656] [info] CMC::computeControls, t = 0.409500
[2023-08-15 22:11:14.699] [info] CMC::computeControls, t = 0.410500
[2023-08-15 22:11:14.734] [info] CMC::computeControls, t = 0.4115
[2023-08-15 22:11:14.750] [info] CMC::computeControls, t = 0.4125
[2023-08-15 22:11:14.784] [info] CMC::computeControls, t = 0.4135
[2023-08-15 22:11:14.804] [info] CMC::computeControls, t = 0.4145
[2023-08-15 22:11:14.843] [info] CMC::computeControls, t = 0.4155
[2023-08-15 22:11:14.866] [info] CMC::computeControls, t = 0.4165
[2023-08-15 22:11:14.894] [info] CMC::computeControls, t = 0.4175
[2023-08-15 22:11:14.922] [info] CMC::computeControls, t = 0.4185
[2023-08-15 22:11:14.960] [info] CMC::computeControls, t = 0.4195
[2023-08-15 22:11:14.982] [info] CMC::computeControls, t = 0.420500
[2023-08-15 22:11:15.002] [info] CMC::computeControls, t = 0.4215
[2023-08-15 22:11:15.017] [info] CMC::computeControls, t = 0.4225
[2023-08-15 22:11:15.043] [info] CMC::computeControls, t = 0.4235
[2023-08-15 22:11:15.061] [info] CMC::computeControls, t = 0.4245
[2023-08-15 22:11:15.089] [info] CMC::computeControls, t = 0.4255
[2023-08-15 22:11:15.115] [info] CMC::computeControls, t = 0.4265
[2023-08-15 22:11:15.136] [info] CMC::computeControls, t = 0.4275
[2023-08-15 22:11:15.164] [info] CMC::computeControls, t = 0.4285
[2023-08-15 22:11:15.180] [info] CMC::computeControls, t = 0.4295
[2023-08-15 22:11:15.201] [info] CMC::computeControls, t = 0.430500
[2023-08-15 22:11:15.216] [info] CMC::computeControls, t = 0.4315
[2023-08-15 22:11:15.235] [info] CMC::computeControls, t = 0.4325
[2023-08-15 22:11:15.251] [info] CMC::computeControls, t = 0.4335
[2023-08-15 22:11:15.279] [info] CMC::computeControls, t = 0.4345
[2023-08-15 22:11:15.294] [info] CMC::computeControls, t = 0.4355
[2023-08-15 22:11:15.324] [info] CMC::computeControls, t = 0.4365
[2023-08-15 22:11:15.342] [info] CMC::computeControls, t = 0.4375
[2023-08-15 22:11:15.367] [info] CMC::computeControls, t = 0.4385
[2023-08-15 22:11:15.399] [info] CMC::computeControls, t = 0.4395
[2023-08-15 22:11:15.426] [info] CMC::computeControls, t = 0.440500
[2023-08-15 22:11:15.450] [info] CMC::computeControls, t = 0.4415
[2023-08-15 22:11:15.482] [info] CMC::computeControls, t = 0.4425
[2023-08-15 22:11:15.513] [info] CMC::computeControls, t = 0.4435
[2023-08-15 22:11:15.534] [info] CMC::computeControls, t = 0.4445
[2023-08-15 22:11:15.560] [info] CMC::computeControls, t = 0.4455
[2023-08-15 22:11:15.594] [info] CMC::computeControls, t = 0.4465
[2023-08-15 22:11:15.612] [info] CMC::computeControls, t = 0.4475
[2023-08-15 22:11:15.630] [info] CMC::computeControls, t = 0.4485
[2023-08-15 22:11:15.654] [info] CMC::computeControls, t = 0.4495
[2023-08-15 22:11:15.684] [info] CMC::computeControls, t = 0.450500
[2023-08-15 22:11:15.699] [info] CMC::computeControls, t = 0.4515
[2023-08-15 22:11:15.719] [info] CMC::computeControls, t = 0.4525
[2023-08-15 22:11:15.736] [info] CMC::computeControls, t = 0.4535
[2023-08-15 22:11:15.760] [info] CMC::computeControls, t = 0.4545
[2023-08-15 22:11:15.776] [info] CMC::computeControls, t = 0.4555
[2023-08-15 22:11:15.808] [info] CMC::computeControls, t = 0.4565
[2023-08-15 22:11:15.838] [info] CMC::computeControls, t = 0.4575
[2023-08-15 22:11:15.863] [info] CMC::computeControls, t = 0.4585
[2023-08-15 22:11:15.896] [info] CMC::computeControls, t = 0.4595
[2023-08-15 22:11:15.921] [info] CMC::computeControls, t = 0.460500
[2023-08-15 22:11:15.938] [info] CMC::computeControls, t = 0.4615
[2023-08-15 22:11:15.966] [info] CMC::computeControls, t = 0.4625
[2023-08-15 22:11:15.998] [info] CMC::computeControls, t = 0.4635
[2023-08-15 22:11:16.033] [info] CMC::computeControls, t = 0.4645
[2023-08-15 22:11:16.056] [info] CMC::computeControls, t = 0.4655
[2023-08-15 22:11:16.083] [info] CMC::computeControls, t = 0.4665
[2023-08-15 22:11:16.103] [info] CMC::computeControls, t = 0.4675
[2023-08-15 22:11:16.142] [info] CMC::computeControls, t = 0.4685
[2023-08-15 22:11:16.158] [info] CMC::computeControls, t = 0.4695
[2023-08-15 22:11:16.178] [info] CMC::computeControls, t = 0.470500
[2023-08-15 22:11:16.203] [info] CMC::computeControls, t = 0.4715
[2023-08-15 22:11:16.225] [info] CMC::computeControls, t = 0.4725
[2023-08-15 22:11:16.241] [info] CMC::computeControls, t = 0.4735
[2023-08-15 22:11:16.259] [info] CMC::computeControls, t = 0.4745
[2023-08-15 22:11:16.281] [info] CMC::computeControls, t = 0.4755
[2023-08-15 22:11:16.297] [info] CMC::computeControls, t = 0.4765
[2023-08-15 22:11:16.322] [info] CMC::computeControls, t = 0.4775
[2023-08-15 22:11:16.350] [info] CMC::computeControls, t = 0.4785
[2023-08-15 22:11:16.387] [info] CMC::computeControls, t = 0.4795
[2023-08-15 22:11:16.421] [info] CMC::computeControls, t = 0.480500
[2023-08-15 22:11:16.458] [info] CMC::computeControls, t = 0.4815
[2023-08-15 22:11:16.479] [info] CMC::computeControls, t = 0.4825
[2023-08-15 22:11:16.505] [info] CMC::computeControls, t = 0.4835
[2023-08-15 22:11:16.527] [info] CMC::computeControls, t = 0.4845
[2023-08-15 22:11:16.544] [info] CMC::computeControls, t = 0.4855
[2023-08-15 22:11:16.564] [info] CMC::computeControls, t = 0.4865
[2023-08-15 22:11:16.593] [info] CMC::computeControls, t = 0.4875
[2023-08-15 22:11:16.608] [info] CMC::computeControls, t = 0.4885
[2023-08-15 22:11:16.625] [info] CMC::computeControls, t = 0.4895
[2023-08-15 22:11:16.657] [info] CMC::computeControls, t = 0.490500
[2023-08-15 22:11:16.683] [info] CMC::computeControls, t = 0.4915
[2023-08-15 22:11:16.700] [info] CMC::computeControls, t = 0.4925
[2023-08-15 22:11:16.732] [info] CMC::computeControls, t = 0.4935
[2023-08-15 22:11:16.756] [info] CMC::computeControls, t = 0.4945
[2023-08-15 22:11:16.790] [info] CMC::computeControls, t = 0.4955
[2023-08-15 22:11:16.815] [info] CMC::computeControls, t = 0.4965
[2023-08-15 22:11:16.834] [info] CMC::computeControls, t = 0.4975
[2023-08-15 22:11:16.855] [info] CMC::computeControls, t = 0.4985
[2023-08-15 22:11:16.876] [info] CMC::computeControls, t = 0.4995
[2023-08-15 22:11:16.900] [info] CMC::computeControls, t = 0.500500
[2023-08-15 22:11:16.920] [info] CMC::computeControls, t = 0.501500
[2023-08-15 22:11:16.950] [info] CMC::computeControls, t = 0.502500
[2023-08-15 22:11:16.978] [info] CMC::computeControls, t = 0.503500
[2023-08-15 22:11:17.002] [info] CMC::computeControls, t = 0.504500
[2023-08-15 22:11:17.030] [info] CMC::computeControls, t = 0.505500
[2023-08-15 22:11:17.057] [info] CMC::computeControls, t = 0.506500
[2023-08-15 22:11:17.075] [info] CMC::computeControls, t = 0.507500
[2023-08-15 22:11:17.105] [info] CMC::computeControls, t = 0.508500
[2023-08-15 22:11:17.127] [info] CMC::computeControls, t = 0.509500
[2023-08-15 22:11:17.155] [info] CMC::computeControls, t = 0.510500
[2023-08-15 22:11:17.191] [info] CMC::computeControls, t = 0.5115
[2023-08-15 22:11:17.210] [info] CMC::computeControls, t = 0.5125
[2023-08-15 22:11:17.226] [info] CMC::computeControls, t = 0.5135
[2023-08-15 22:11:17.244] [info] CMC::computeControls, t = 0.5145
[2023-08-15 22:11:17.263] [info] CMC::computeControls, t = 0.5155
[2023-08-15 22:11:17.292] [info] CMC::computeControls, t = 0.5165
[2023-08-15 22:11:17.311] [info] CMC::computeControls, t = 0.5175
[2023-08-15 22:11:17.327] [info] CMC::computeControls, t = 0.5185
[2023-08-15 22:11:17.350] [info] CMC::computeControls, t = 0.5195
[2023-08-15 22:11:17.367] [info] CMC::computeControls, t = 0.520500
[2023-08-15 22:11:17.382] [info] CMC::computeControls, t = 0.5215
[2023-08-15 22:11:17.419] [info] CMC::computeControls, t = 0.5225
[2023-08-15 22:11:17.436] [info] CMC::computeControls, t = 0.5235
[2023-08-15 22:11:17.459] [info] CMC::computeControls, t = 0.5245
[2023-08-15 22:11:17.480] [info] CMC::computeControls, t = 0.5255
[2023-08-15 22:11:17.500] [info] CMC::computeControls, t = 0.5265
[2023-08-15 22:11:17.517] [info] CMC::computeControls, t = 0.5275
[2023-08-15 22:11:17.538] [info] CMC::computeControls, t = 0.5285
[2023-08-15 22:11:17.556] [info] CMC::computeControls, t = 0.5295
[2023-08-15 22:11:17.578] [info] CMC::computeControls, t = 0.530500
[2023-08-15 22:11:17.600] [info] CMC::computeControls, t = 0.5315
[2023-08-15 22:11:17.634] [info] CMC::computeControls, t = 0.5325
[2023-08-15 22:11:17.661] [info] CMC::computeControls, t = 0.5335
[2023-08-15 22:11:17.687] [info] CMC::computeControls, t = 0.5345
[2023-08-15 22:11:17.716] [info] CMC::computeControls, t = 0.5355
[2023-08-15 22:11:17.735] [info] CMC::computeControls, t = 0.5365
[2023-08-15 22:11:17.752] [info] CMC::computeControls, t = 0.5375
[2023-08-15 22:11:17.768] [info] CMC::computeControls, t = 0.5385
[2023-08-15 22:11:17.785] [info] CMC::computeControls, t = 0.5395
[2023-08-15 22:11:17.805] [info] CMC::computeControls, t = 0.540500
[2023-08-15 22:11:17.840] [info] CMC::computeControls, t = 0.5415
[2023-08-15 22:11:17.867] [info] CMC::computeControls, t = 0.5425
[2023-08-15 22:11:17.892] [info] CMC::computeControls, t = 0.5435
[2023-08-15 22:11:17.916] [info] CMC::computeControls, t = 0.5445
[2023-08-15 22:11:17.935] [info] CMC::computeControls, t = 0.5455
[2023-08-15 22:11:17.958] [info] CMC::computeControls, t = 0.5465
[2023-08-15 22:11:17.985] [info] CMC::computeControls, t = 0.5475
[2023-08-15 22:11:18.010] [info] CMC::computeControls, t = 0.5485
[2023-08-15 22:11:18.040] [info] CMC::computeControls, t = 0.5495
[2023-08-15 22:11:18.057] [info] CMC::computeControls, t = 0.550500
[2023-08-15 22:11:18.075] [info] CMC::computeControls, t = 0.5515
[2023-08-15 22:11:18.094] [info] CMC::computeControls, t = 0.5525
[2023-08-15 22:11:18.113] [info] CMC::computeControls, t = 0.5535
[2023-08-15 22:11:18.137] [info] CMC::computeControls, t = 0.5545
[2023-08-15 22:11:18.153] [info] CMC::computeControls, t = 0.5555
[2023-08-15 22:11:18.169] [info] CMC::computeControls, t = 0.5565
[2023-08-15 22:11:18.186] [info] CMC::computeControls, t = 0.5575
[2023-08-15 22:11:18.211] [info] CMC::computeControls, t = 0.5585
[2023-08-15 22:11:18.234] [info] CMC::computeControls, t = 0.5595
[2023-08-15 22:11:18.266] [info] CMC::computeControls, t = 0.560500
[2023-08-15 22:11:18.298] [info] CMC::computeControls, t = 0.5615
[2023-08-15 22:11:18.315] [info] CMC::computeControls, t = 0.5625
[2023-08-15 22:11:18.341] [info] CMC::computeControls, t = 0.5635
[2023-08-15 22:11:18.374] [info] CMC::computeControls, t = 0.5645
[2023-08-15 22:11:18.411] [info] CMC::computeControls, t = 0.5655
[2023-08-15 22:11:18.440] [info] CMC::computeControls, t = 0.5665
[2023-08-15 22:11:18.469] [info] CMC::computeControls, t = 0.5675
[2023-08-15 22:11:18.488] [info] CMC::computeControls, t = 0.5685
[2023-08-15 22:11:18.510] [info] CMC::computeControls, t = 0.5695
[2023-08-15 22:11:18.533] [info] CMC::computeControls, t = 0.570500
[2023-08-15 22:11:18.550] [info] CMC::computeControls, t = 0.5715
[2023-08-15 22:11:18.567] [info] CMC::computeControls, t = 0.5725
[2023-08-15 22:11:18.591] [info] CMC::computeControls, t = 0.5735
[2023-08-15 22:11:18.608] [info] CMC::computeControls, t = 0.5745
[2023-08-15 22:11:18.627] [info] CMC::computeControls, t = 0.5755
[2023-08-15 22:11:18.644] [info] CMC::computeControls, t = 0.5765
[2023-08-15 22:11:18.662] [info] CMC::computeControls, t = 0.5775
[2023-08-15 22:11:18.679] [info] CMC::computeControls, t = 0.5785
[2023-08-15 22:11:18.698] [info] CMC::computeControls, t = 0.5795
[2023-08-15 22:11:18.723] [info] CMC::computeControls, t = 0.580500
[2023-08-15 22:11:18.739] [info] CMC::computeControls, t = 0.5815
[2023-08-15 22:11:18.760] [info] CMC::computeControls, t = 0.5825
[2023-08-15 22:11:18.787] [info] CMC::computeControls, t = 0.5835
[2023-08-15 22:11:18.804] [info] CMC::computeControls, t = 0.5845
[2023-08-15 22:11:18.820] [info] CMC::computeControls, t = 0.5855
[2023-08-15 22:11:18.846] [info] CMC::computeControls, t = 0.5865
[2023-08-15 22:11:18.862] [info] CMC::computeControls, t = 0.5875
[2023-08-15 22:11:18.879] [info] CMC::computeControls, t = 0.5885
[2023-08-15 22:11:18.896] [info] CMC::computeControls, t = 0.5895
[2023-08-15 22:11:18.912] [info] CMC::computeControls, t = 0.590500
[2023-08-15 22:11:18.934] [info] CMC::computeControls, t = 0.5915
[2023-08-15 22:11:18.953] [info] CMC::computeControls, t = 0.5925
[2023-08-15 22:11:18.975] [info] CMC::computeControls, t = 0.5935
[2023-08-15 22:11:19.003] [info] CMC::computeControls, t = 0.5945
[2023-08-15 22:11:19.039] [info] CMC::computeControls, t = 0.5955
[2023-08-15 22:11:19.072] [info] CMC::computeControls, t = 0.5965
[2023-08-15 22:11:19.093] [info] CMC::computeControls, t = 0.5975
[2023-08-15 22:11:19.118] [info] CMC::computeControls, t = 0.5985
[2023-08-15 22:11:19.146] [info] CMC::computeControls, t = 0.5995
[2023-08-15 22:11:19.175] [info] CMC::computeControls, t = 0.600500
[2023-08-15 22:11:19.204] [info] CMC::computeControls, t = 0.601500
[2023-08-15 22:11:19.234] [info] CMC::computeControls, t = 0.602500
[2023-08-15 22:11:19.262] [info] CMC::computeControls, t = 0.603500
[2023-08-15 22:11:19.289] [info] CMC::computeControls, t = 0.604500
[2023-08-15 22:11:19.306] [info] CMC::computeControls, t = 0.605500
[2023-08-15 22:11:19.331] [info] CMC::computeControls, t = 0.606500
[2023-08-15 22:11:19.370] [info] CMC::computeControls, t = 0.607500
[2023-08-15 22:11:19.400] [info] CMC::computeControls, t = 0.608500
[2023-08-15 22:11:19.423] [info] CMC::computeControls, t = 0.609500
[2023-08-15 22:11:19.446] [info] CMC::computeControls, t = 0.610500
[2023-08-15 22:11:19.462] [info] CMC::computeControls, t = 0.6115
[2023-08-15 22:11:19.477] [info] CMC::computeControls, t = 0.6125
[2023-08-15 22:11:19.508] [info] CMC::computeControls, t = 0.6135
[2023-08-15 22:11:19.543] [info] CMC::computeControls, t = 0.6145
[2023-08-15 22:11:19.565] [info] CMC::computeControls, t = 0.6155
[2023-08-15 22:11:19.581] [info] CMC::computeControls, t = 0.6165
[2023-08-15 22:11:19.606] [info] CMC::computeControls, t = 0.6175
[2023-08-15 22:11:19.624] [info] CMC::computeControls, t = 0.6185
[2023-08-15 22:11:19.641] [info] CMC::computeControls, t = 0.6195
[2023-08-15 22:11:19.681] [info] CMC::computeControls, t = 0.620500
[2023-08-15 22:11:19.702] [info] CMC::computeControls, t = 0.6215
[2023-08-15 22:11:19.746] [info] CMC::computeControls, t = 0.6225
[2023-08-15 22:11:19.771] [info] CMC::computeControls, t = 0.6235
[2023-08-15 22:11:19.800] [info] CMC::computeControls, t = 0.6245
[2023-08-15 22:11:19.825] [info] CMC::computeControls, t = 0.6255
[2023-08-15 22:11:19.852] [info] CMC::computeControls, t = 0.6265
[2023-08-15 22:11:19.880] [info] CMC::computeControls, t = 0.6275
[2023-08-15 22:11:19.907] [info] CMC::computeControls, t = 0.6285
[2023-08-15 22:11:19.930] [info] CMC::computeControls, t = 0.6295
[2023-08-15 22:11:19.954] [info] CMC::computeControls, t = 0.630500
[2023-08-15 22:11:19.986] [info] CMC::computeControls, t = 0.6315
[2023-08-15 22:11:20.008] [info] CMC::computeControls, t = 0.6325
[2023-08-15 22:11:20.025] [info] CMC::computeControls, t = 0.6335
[2023-08-15 22:11:20.042] [info] CMC::computeControls, t = 0.6345
[2023-08-15 22:11:20.069] [info] CMC::computeControls, t = 0.6355
[2023-08-15 22:11:20.088] [info] CMC::computeControls, t = 0.6365
[2023-08-15 22:11:20.120] [info] CMC::computeControls, t = 0.6375
[2023-08-15 22:11:20.136] [info] CMC::computeControls, t = 0.6385
[2023-08-15 22:11:20.157] [info] CMC::computeControls, t = 0.6395
[2023-08-15 22:11:20.173] [info] CMC::computeControls, t = 0.640500
[2023-08-15 22:11:20.188] [info] CMC::computeControls, t = 0.6415
[2023-08-15 22:11:20.210] [info] CMC::computeControls, t = 0.6425
[2023-08-15 22:11:20.228] [info] CMC::computeControls, t = 0.6435
[2023-08-15 22:11:20.244] [info] CMC::computeControls, t = 0.6445
[2023-08-15 22:11:20.269] [info] CMC::computeControls, t = 0.6455
[2023-08-15 22:11:20.292] [info] CMC::computeControls, t = 0.6465
[2023-08-15 22:11:20.321] [info] CMC::computeControls, t = 0.6475
[2023-08-15 22:11:20.341] [info] CMC::computeControls, t = 0.6485
[2023-08-15 22:11:20.369] [info] CMC::computeControls, t = 0.6495
[2023-08-15 22:11:20.398] [info] CMC::computeControls, t = 0.650500
[2023-08-15 22:11:20.435] [info] CMC::computeControls, t = 0.6515
[2023-08-15 22:11:20.450] [info] CMC::computeControls, t = 0.6525
[2023-08-15 22:11:20.489] [info] CMC::computeControls, t = 0.6535
[2023-08-15 22:11:20.505] [info] CMC::computeControls, t = 0.6545
[2023-08-15 22:11:20.520] [info] CMC::computeControls, t = 0.6555
[2023-08-15 22:11:20.546] [info] CMC::computeControls, t = 0.6565
[2023-08-15 22:11:20.566] [info] CMC::computeControls, t = 0.6575
[2023-08-15 22:11:20.582] [info] CMC::computeControls, t = 0.6585
[2023-08-15 22:11:20.621] [info] CMC::computeControls, t = 0.6595
[2023-08-15 22:11:20.640] [info] CMC::computeControls, t = 0.660500
[2023-08-15 22:11:20.665] [info] CMC::computeControls, t = 0.6615
[2023-08-15 22:11:20.691] [info] CMC::computeControls, t = 0.6625
[2023-08-15 22:11:20.727] [info] CMC::computeControls, t = 0.6635
[2023-08-15 22:11:20.750] [info] CMC::computeControls, t = 0.6645
[2023-08-15 22:11:20.766] [info] CMC::computeControls, t = 0.6655
[2023-08-15 22:11:20.782] [info] CMC::computeControls, t = 0.6665
[2023-08-15 22:11:20.818] [info] CMC::computeControls, t = 0.6675
[2023-08-15 22:11:20.854] [info] CMC::computeControls, t = 0.6685
[2023-08-15 22:11:20.882] [info] CMC::computeControls, t = 0.6695
[2023-08-15 22:11:20.906] [info] CMC::computeControls, t = 0.670500
[2023-08-15 22:11:20.931] [info] CMC::computeControls, t = 0.6715
[2023-08-15 22:11:20.957] [info] CMC::computeControls, t = 0.6725
[2023-08-15 22:11:20.972] [info] CMC::computeControls, t = 0.6735
[2023-08-15 22:11:20.987] [info] CMC::computeControls, t = 0.6745
[2023-08-15 22:11:21.006] [info] CMC::computeControls, t = 0.6755
[2023-08-15 22:11:21.032] [info] CMC::computeControls, t = 0.6765
[2023-08-15 22:11:21.054] [info] CMC::computeControls, t = 0.6775
[2023-08-15 22:11:21.078] [info] CMC::computeControls, t = 0.6785
[2023-08-15 22:11:21.104] [info] CMC::computeControls, t = 0.6795
[2023-08-15 22:11:21.131] [info] CMC::computeControls, t = 0.680500
[2023-08-15 22:11:21.159] [info] CMC::computeControls, t = 0.6815
[2023-08-15 22:11:21.190] [info] CMC::computeControls, t = 0.6825
[2023-08-15 22:11:21.228] [info] CMC::computeControls, t = 0.6835
[2023-08-15 22:11:21.262] [info] CMC::computeControls, t = 0.6845
[2023-08-15 22:11:21.285] [info] CMC::computeControls, t = 0.6855
[2023-08-15 22:11:21.301] [info] CMC::computeControls, t = 0.6865
[2023-08-15 22:11:21.326] [info] CMC::computeControls, t = 0.6875
[2023-08-15 22:11:21.347] [info] CMC::computeControls, t = 0.6885
[2023-08-15 22:11:21.367] [info] CMC::computeControls, t = 0.6895
[2023-08-15 22:11:21.382] [info] CMC::computeControls, t = 0.690500
[2023-08-15 22:11:21.398] [info] CMC::computeControls, t = 0.6915
[2023-08-15 22:11:21.413] [info] CMC::computeControls, t = 0.6925
[2023-08-15 22:11:21.428] [info] CMC::computeControls, t = 0.6935
[2023-08-15 22:11:21.447] [info] CMC::computeControls, t = 0.6945
[2023-08-15 22:11:21.463] [info] CMC::computeControls, t = 0.6955
[2023-08-15 22:11:21.487] [info] CMC::computeControls, t = 0.6965
[2023-08-15 22:11:21.512] [info] CMC::computeControls, t = 0.6975
[2023-08-15 22:11:21.535] [info] CMC::computeControls, t = 0.6985
[2023-08-15 22:11:21.564] [info] CMC::computeControls, t = 0.6995
[2023-08-15 22:11:21.583] [info] CMC::computeControls, t = 0.700500
[2023-08-15 22:11:21.605] [info] CMC::computeControls, t = 0.701500
[2023-08-15 22:11:21.631] [info] CMC::computeControls, t = 0.702500
[2023-08-15 22:11:21.661] [info] CMC::computeControls, t = 0.703500
[2023-08-15 22:11:21.684] [info] CMC::computeControls, t = 0.704500
[2023-08-15 22:11:21.701] [info] CMC::computeControls, t = 0.705500
[2023-08-15 22:11:21.717] [info] CMC::computeControls, t = 0.706500
[2023-08-15 22:11:21.743] [info] CMC::computeControls, t = 0.707500
[2023-08-15 22:11:21.768] [info] CMC::computeControls, t = 0.708500
[2023-08-15 22:11:21.797] [info] CMC::computeControls, t = 0.709500
[2023-08-15 22:11:21.812] [info] CMC::computeControls, t = 0.710500
[2023-08-15 22:11:21.832] [info] CMC::computeControls, t = 0.7115
[2023-08-15 22:11:21.860] [info] CMC::computeControls, t = 0.7125
[2023-08-15 22:11:21.876] [info] CMC::computeControls, t = 0.7135
[2023-08-15 22:11:21.912] [info] CMC::computeControls, t = 0.7145
[2023-08-15 22:11:21.945] [info] CMC::computeControls, t = 0.7155
[2023-08-15 22:11:21.967] [info] CMC::computeControls, t = 0.7165
[2023-08-15 22:11:21.988] [info] CMC::computeControls, t = 0.7175
[2023-08-15 22:11:22.013] [info] CMC::computeControls, t = 0.7185
[2023-08-15 22:11:22.045] [info] CMC::computeControls, t = 0.7195
[2023-08-15 22:11:22.075] [info] CMC::computeControls, t = 0.720500
[2023-08-15 22:11:22.093] [info] CMC::computeControls, t = 0.7215
[2023-08-15 22:11:22.117] [info] CMC::computeControls, t = 0.7225
[2023-08-15 22:11:22.139] [info] CMC::computeControls, t = 0.7235
[2023-08-15 22:11:22.164] [info] CMC::computeControls, t = 0.7245
[2023-08-15 22:11:22.184] [info] CMC::computeControls, t = 0.7255
[2023-08-15 22:11:22.211] [info] CMC::computeControls, t = 0.7265
[2023-08-15 22:11:22.230] [info] CMC::computeControls, t = 0.7275
[2023-08-15 22:11:22.264] [info] CMC::computeControls, t = 0.7285
[2023-08-15 22:11:22.290] [info] CMC::computeControls, t = 0.7295
[2023-08-15 22:11:22.311] [info] CMC::computeControls, t = 0.730500
[2023-08-15 22:11:22.338] [info] CMC::computeControls, t = 0.7315
[2023-08-15 22:11:22.358] [info] CMC::computeControls, t = 0.7325
[2023-08-15 22:11:22.381] [info] CMC::computeControls, t = 0.7335
[2023-08-15 22:11:22.410] [info] CMC::computeControls, t = 0.7345
[2023-08-15 22:11:22.432] [info] CMC::computeControls, t = 0.7355
[2023-08-15 22:11:22.454] [info] CMC::computeControls, t = 0.7365
[2023-08-15 22:11:22.477] [info] CMC::computeControls, t = 0.7375
[2023-08-15 22:11:22.506] [info] CMC::computeControls, t = 0.7385
[2023-08-15 22:11:22.527] [info] CMC::computeControls, t = 0.7395
[2023-08-15 22:11:22.547] [info] CMC::computeControls, t = 0.740500
[2023-08-15 22:11:22.571] [info] CMC::computeControls, t = 0.7415
[2023-08-15 22:11:22.591] [info] CMC::computeControls, t = 0.7425
[2023-08-15 22:11:22.611] [info] CMC::computeControls, t = 0.7435
[2023-08-15 22:11:22.633] [info] CMC::computeControls, t = 0.7445
[2023-08-15 22:11:22.672] [info] CMC::computeControls, t = 0.7455
[2023-08-15 22:11:22.712] [info] CMC::computeControls, t = 0.7465
[2023-08-15 22:11:22.737] [info] CMC::computeControls, t = 0.7475
[2023-08-15 22:11:22.757] [info] CMC::computeControls, t = 0.7485
[2023-08-15 22:11:22.777] [info] CMC::computeControls, t = 0.7495
[2023-08-15 22:11:22.796] [info] CMC::computeControls, t = 0.750500
[2023-08-15 22:11:22.819] [info] CMC::computeControls, t = 0.7515
[2023-08-15 22:11:22.844] [info] CMC::computeControls, t = 0.7525
[2023-08-15 22:11:22.881] [info] CMC::computeControls, t = 0.7535
[2023-08-15 22:11:22.904] [info] CMC::computeControls, t = 0.7545
[2023-08-15 22:11:22.930] [info] CMC::computeControls, t = 0.7555
[2023-08-15 22:11:22.958] [info] CMC::computeControls, t = 0.7565
[2023-08-15 22:11:22.987] [info] CMC::computeControls, t = 0.7575
[2023-08-15 22:11:23.005] [info] CMC::computeControls, t = 0.7585
[2023-08-15 22:11:23.039] [info] CMC::computeControls, t = 0.7595
[2023-08-15 22:11:23.068] [info] CMC::computeControls, t = 0.760500
[2023-08-15 22:11:23.093] [info] CMC::computeControls, t = 0.7615
[2023-08-15 22:11:23.114] [info] CMC::computeControls, t = 0.7625
[2023-08-15 22:11:23.136] [info] CMC::computeControls, t = 0.7635
[2023-08-15 22:11:23.154] [info] CMC::computeControls, t = 0.7645
[2023-08-15 22:11:23.190] [info] CMC::computeControls, t = 0.7655
[2023-08-15 22:11:23.227] [info] CMC::computeControls, t = 0.7665
[2023-08-15 22:11:23.262] [info] CMC::computeControls, t = 0.7675
[2023-08-15 22:11:23.278] [info] CMC::computeControls, t = 0.7685
[2023-08-15 22:11:23.296] [info] CMC::computeControls, t = 0.7695
[2023-08-15 22:11:23.312] [info] CMC::computeControls, t = 0.770500
[2023-08-15 22:11:23.333] [info] CMC::computeControls, t = 0.7715
[2023-08-15 22:11:23.359] [info] CMC::computeControls, t = 0.7725
[2023-08-15 22:11:23.375] [info] CMC::computeControls, t = 0.7735
[2023-08-15 22:11:23.391] [info] CMC::computeControls, t = 0.7745
[2023-08-15 22:11:23.414] [info] CMC::computeControls, t = 0.7755
[2023-08-15 22:11:23.438] [info] CMC::computeControls, t = 0.7765
[2023-08-15 22:11:23.465] [info] CMC::computeControls, t = 0.7775
[2023-08-15 22:11:23.493] [info] CMC::computeControls, t = 0.7785
[2023-08-15 22:11:23.510] [info] CMC::computeControls, t = 0.7795
[2023-08-15 22:11:23.542] [info] CMC::computeControls, t = 0.780500
[2023-08-15 22:11:23.570] [info] CMC::computeControls, t = 0.7815
[2023-08-15 22:11:23.596] [info] CMC::computeControls, t = 0.7825
[2023-08-15 22:11:23.627] [info] CMC::computeControls, t = 0.7835
[2023-08-15 22:11:23.649] [info] CMC::computeControls, t = 0.7845
[2023-08-15 22:11:23.680] [info] CMC::computeControls, t = 0.7855
[2023-08-15 22:11:23.708] [info] CMC::computeControls, t = 0.7865
[2023-08-15 22:11:23.730] [info] CMC::computeControls, t = 0.7875
[2023-08-15 22:11:23.755] [info] CMC::computeControls, t = 0.7885
[2023-08-15 22:11:23.771] [info] CMC::computeControls, t = 0.7895
[2023-08-15 22:11:23.798] [info] CMC::computeControls, t = 0.790500
[2023-08-15 22:11:23.819] [info] CMC::computeControls, t = 0.7915
[2023-08-15 22:11:23.845] [info] CMC::computeControls, t = 0.7925
[2023-08-15 22:11:23.875] [info] CMC::computeControls, t = 0.7935
[2023-08-15 22:11:23.895] [info] CMC::computeControls, t = 0.7945
[2023-08-15 22:11:23.913] [info] CMC::computeControls, t = 0.7955
[2023-08-15 22:11:23.931] [info] CMC::computeControls, t = 0.7965
[2023-08-15 22:11:23.948] [info] CMC::computeControls, t = 0.7975
[2023-08-15 22:11:23.965] [info] CMC::computeControls, t = 0.7985
[2023-08-15 22:11:23.982] [info] CMC::computeControls, t = 0.7995
[2023-08-15 22:11:24.011] [info] CMC::computeControls, t = 0.800500
[2023-08-15 22:11:24.029] [info] CMC::computeControls, t = 0.801500
[2023-08-15 22:11:24.058] [info] CMC::computeControls, t = 0.802500
[2023-08-15 22:11:24.104] [info] CMC::computeControls, t = 0.803500
[2023-08-15 22:11:24.136] [info] CMC::computeControls, t = 0.804500
[2023-08-15 22:11:24.165] [info] CMC::computeControls, t = 0.805500
[2023-08-15 22:11:24.192] [info] CMC::computeControls, t = 0.806500
[2023-08-15 22:11:24.222] [info] CMC::computeControls, t = 0.807500
[2023-08-15 22:11:24.244] [info] CMC::computeControls, t = 0.808500
[2023-08-15 22:11:24.283] [info] CMC::computeControls, t = 0.809500
[2023-08-15 22:11:24.315] [info] CMC::computeControls, t = 0.810500
[2023-08-15 22:11:24.341] [info] CMC::computeControls, t = 0.8115
[2023-08-15 22:11:24.361] [info] CMC::computeControls, t = 0.8125
[2023-08-15 22:11:24.383] [info] CMC::computeControls, t = 0.8135
[2023-08-15 22:11:24.399] [info] CMC::computeControls, t = 0.8145
[2023-08-15 22:11:24.414] [info] CMC::computeControls, t = 0.8155
[2023-08-15 22:11:24.437] [info] CMC::computeControls, t = 0.8165
[2023-08-15 22:11:24.459] [info] CMC::computeControls, t = 0.8175
[2023-08-15 22:11:24.487] [info] CMC::computeControls, t = 0.8185
[2023-08-15 22:11:24.513] [info] CMC::computeControls, t = 0.8195
[2023-08-15 22:11:24.538] [info] CMC::computeControls, t = 0.820500
[2023-08-15 22:11:24.575] [info] CMC::computeControls, t = 0.8215
[2023-08-15 22:11:24.602] [info] CMC::computeControls, t = 0.8225
[2023-08-15 22:11:24.628] [info] CMC::computeControls, t = 0.8235
[2023-08-15 22:11:24.657] [info] CMC::computeControls, t = 0.8245
[2023-08-15 22:11:24.686] [info] CMC::computeControls, t = 0.8255
[2023-08-15 22:11:24.708] [info] CMC::computeControls, t = 0.8265
[2023-08-15 22:11:24.732] [info] CMC::computeControls, t = 0.8275
[2023-08-15 22:11:24.758] [info] CMC::computeControls, t = 0.8285
[2023-08-15 22:11:24.784] [info] CMC::computeControls, t = 0.8295
[2023-08-15 22:11:24.799] [info] CMC::computeControls, t = 0.830500
[2023-08-15 22:11:24.826] [info] CMC::computeControls, t = 0.8315
[2023-08-15 22:11:24.842] [info] CMC::computeControls, t = 0.8325
[2023-08-15 22:11:24.869] [info] CMC::computeControls, t = 0.8335
[2023-08-15 22:11:24.890] [info] CMC::computeControls, t = 0.8345
[2023-08-15 22:11:24.913] [info] CMC::computeControls, t = 0.8355
[2023-08-15 22:11:24.928] [info] CMC::computeControls, t = 0.8365
[2023-08-15 22:11:24.962] [info] CMC::computeControls, t = 0.8375
[2023-08-15 22:11:24.986] [info] CMC::computeControls, t = 0.8385
[2023-08-15 22:11:25.014] [info] CMC::computeControls, t = 0.8395
[2023-08-15 22:11:25.047] [info] CMC::computeControls, t = 0.840500
[2023-08-15 22:11:25.065] [info] CMC::computeControls, t = 0.8415
[2023-08-15 22:11:25.094] [info] CMC::computeControls, t = 0.8425
[2023-08-15 22:11:25.130] [info] CMC::computeControls, t = 0.8435
[2023-08-15 22:11:25.158] [info] CMC::computeControls, t = 0.8445
[2023-08-15 22:11:25.185] [info] CMC::computeControls, t = 0.8455
[2023-08-15 22:11:25.216] [info] CMC::computeControls, t = 0.8465
[2023-08-15 22:11:25.244] [info] CMC::computeControls, t = 0.8475
[2023-08-15 22:11:25.261] [info] CMC::computeControls, t = 0.8485
[2023-08-15 22:11:25.285] [info] CMC::computeControls, t = 0.8495
[2023-08-15 22:11:25.300] [info] CMC::computeControls, t = 0.850500
[2023-08-15 22:11:25.316] [info] CMC::computeControls, t = 0.8515
[2023-08-15 22:11:25.331] [info] CMC::computeControls, t = 0.8525
[2023-08-15 22:11:25.347] [info] CMC::computeControls, t = 0.8535
[2023-08-15 22:11:25.373] [info] CMC::computeControls, t = 0.8545
[2023-08-15 22:11:25.397] [info] CMC::computeControls, t = 0.8555
[2023-08-15 22:11:25.432] [info] CMC::computeControls, t = 0.8565
[2023-08-15 22:11:25.462] [info] CMC::computeControls, t = 0.8575
[2023-08-15 22:11:25.487] [info] CMC::computeControls, t = 0.8585
[2023-08-15 22:11:25.515] [info] CMC::computeControls, t = 0.8595
[2023-08-15 22:11:25.545] [info] CMC::computeControls, t = 0.860500
[2023-08-15 22:11:25.568] [info] CMC::computeControls, t = 0.8615
[2023-08-15 22:11:25.585] [info] CMC::computeControls, t = 0.8625
[2023-08-15 22:11:25.605] [info] CMC::computeControls, t = 0.8635
[2023-08-15 22:11:25.621] [info] CMC::computeControls, t = 0.8645
[2023-08-15 22:11:25.636] [info] CMC::computeControls, t = 0.8655
[2023-08-15 22:11:25.661] [info] CMC::computeControls, t = 0.8665
[2023-08-15 22:11:25.690] [info] CMC::computeControls, t = 0.8675
[2023-08-15 22:11:25.721] [info] CMC::computeControls, t = 0.8685
[2023-08-15 22:11:25.754] [info] CMC::computeControls, t = 0.8695
[2023-08-15 22:11:25.784] [info] CMC::computeControls, t = 0.870500
[2023-08-15 22:11:25.818] [info] CMC::computeControls, t = 0.8715
[2023-08-15 22:11:25.855] [info] CMC::computeControls, t = 0.8725
[2023-08-15 22:11:25.871] [info] CMC::computeControls, t = 0.8735
[2023-08-15 22:11:25.902] [info] CMC::computeControls, t = 0.8745
[2023-08-15 22:11:25.917] [info] CMC::computeControls, t = 0.8755
[2023-08-15 22:11:25.934] [info] CMC::computeControls, t = 0.8765
[2023-08-15 22:11:25.965] [info] -------------------------------------------
[2023-08-15 22:11:25.965] [info] Finished tracking the specified kinematics:
[2023-08-15 22:11:25.966] [info] -------------------------------------------
[2023-08-15 22:11:25.966] [info]  -- Start time = Tue Aug 15 22:11:10 2023
[2023-08-15 22:11:25.966] [info]  -- Finish time = Tue Aug 15 22:11:25 2023
[2023-08-15 22:11:25.966] [info]  -- Elapsed time = 15.0 seconds.
[2023-08-15 22:11:25.966] [info] -------------------------------------------
[2023-08-15 22:11:25.966] [info] 
[2023-08-15 22:11:25.966] [info] Printing results of investigation subject04_run5_cycle1_iter2 to cycle1/
[2023-08-15 22:11:26.564] [info] 

************************************************************
*      Summary of Mass Adjustments to Reduce Residuals     *
************************************************************
* Body adjusted: torso
* Mass Center (COM) adjustment: dx =0.0860893, dz =-0.0188554
* New COM location: ~[-0.0619873,0.34645,0.0319716]
************************************************************
* Recommended mass adjustments:                             
*  Total mass change: -0.479041
*  pelvis: orig mass = 12.8253, new mass = 12.7502
*  femur_r: orig mass = 10.1294, new mass = 10.0701
*  tibia_r: orig mass = 4.03753, new mass = 4.0139
*  talus_r: orig mass = 0.108902, new mass = 0.108265
*  calcn_r: orig mass = 1.36127, new mass = 1.3533
*  toes_r: orig mass = 0.235881, new mass = 0.234501
*  femur_l: orig mass = 10.1294, new mass = 10.0701
*  tibia_l: orig mass = 4.03753, new mass = 4.0139
*  talus_l: orig mass = 0.108902, new mass = 0.108265
*  calcn_l: orig mass = 1.36127, new mass = 1.3533
*  toes_l: orig mass = 0.235881, new mass = 0.234501
*  torso: orig mass = 29.2146, new mass = 29.0436
*  humerus_r: orig mass = 2.21342, new mass = 2.20047
*  ulna_r: orig mass = 0.661577, new mass = 0.657705
*  radius_r: orig mass = 0.661577, new mass = 0.657705
*  hand_r: orig mass = 0.498225, new mass = 0.495309
*  humerus_l: orig mass = 2.21342, new mass = 2.20047
*  ulna_l: orig mass = 0.661577, new mass = 0.657705
*  radius_l: orig mass = 0.661577, new mass = 0.657705
*  hand_l: orig mass = 0.498225, new mass = 0.495309
************************************************************
* Note: Edit the model to make recommended adjustments to  *
*       mass properties.                                   *
************************************************************

* Average residuals before adjusting torso COM:
*  FX=6.57779 FY=4.69779 FZ=-1.09809
*  MX=5.40202 MY=-2.07046 MZ=24.6644
************************************************************
* Average residuals after adjusting torso COM:
*  FX=6.47227 FY=4.66816 FZ=-0.486058
*  MX=1.21482 MY=-2.6618 MZ=1.84442
************************************************************


[2023-08-15 22:11:26.564] [info] 
************************************************************
*                   Final Average Residuals                *
************************************************************
* After torso COM and Kinematics adjustments:
*  FX=0.426006 FY=1.00715 FZ=1.2806
*  MX=-4.24511 MY=-2.22876 MZ=0.990187
************************************************************


