[2023-08-15 22:12:00.548] [info] Storage: read data file = ..\rra1\cycle3\subject04_run5_cycle3_iter1_Kinematics_q.sto (nr=684 nc=38)
[2023-08-15 22:12:00.601] [info] Storage: read data file = ..\rra1\cycle3\subject04_run5_cycle3_iter1_Kinematics_q.sto (nr=684 nc=38)
[2023-08-15 22:12:00.663] [info] AbstractTool subject04_run5_cycle3_iter2 loading model ..\rra1\cycle3\subject04_run5_cycle3_rraAdjusted_iter1.osim
[2023-08-15 22:12:00.716] [info] Loaded model subject04_scaled from file ..\rra1\cycle3\subject04_run5_cycle3_rraAdjusted_iter1.osim
[2023-08-15 22:12:00.795] [info] Adding force object set from ..\subject04_run5_RRA_Actuators.xml
[2023-08-15 22:12:00.804] [info] Running tool subject04_run5_cycle3_iter2.
[2023-08-15 22:12:00.817] [warning] ExternalLoads 'externalloads' has subcomponents with duplicate name 'externalforce'. The duplicate is being renamed to 'externalforce_0'.
[2023-08-15 22:12:00.832] [info] 	taskSet size = 29.
[2023-08-15 22:12:00.976] [info] ExternalForce::externalforce Data source being set to Run_500 04_newCOP3_v24.mot
[2023-08-15 22:12:00.976] [info] ExternalForce::externalforce_0 Data source being set to Run_500 04_newCOP3_v24.mot
[2023-08-15 22:12:00.988] [warning] A desired points file was not specified.
[2023-08-15 22:12:00.988] [info] Loading desired kinematics from file '..\rra1\cycle3\subject04_run5_cycle3_iter1_Kinematics_q.sto'...
[2023-08-15 22:12:00.989] [info] Storage: read data file = ..\rra1\cycle3\subject04_run5_cycle3_iter1_Kinematics_q.sto (nr=684 nc=38)
[2023-08-15 22:12:01.020] [info] Not filtering the desired kinematics.
[2023-08-15 22:12:01.020] [cout] [info] MODEL: subject04_scaled

numStates = 74
numCoordinates = 37
numSpeeds = 37
numActuators = 29
numBodies = 20
numConstraints = 0
numProbes = 0

ANALYSES (total: 0)

BODIES (total: 20)
body[0] = pelvis. mass: 12.813
              moments of inertia:  ~[0.136614,0.136614,0.0719522]
              products of inertia: ~[0,0,0]
body[1] = femur_r. mass: 10.1196
              moments of inertia:  ~[0.163733,0.0429204,0.17266]
              products of inertia: ~[0,0,0]
body[2] = tibia_r. mass: 4.03364
              moments of inertia:  ~[0.0559152,0.00548772,0.0559152]
              products of inertia: ~[0,0,0]
body[3] = talus_r. mass: 0.108797
              moments of inertia:  ~[0.00128643,0.00128643,0.00128643]
              products of inertia: ~[0,0,0]
body[4] = calcn_r. mass: 1.35996
              moments of inertia:  ~[0.00180101,0.00501709,0.00527437]
              products of inertia: ~[0,0,0]
body[5] = toes_r. mass: 0.235654
              moments of inertia:  ~[0.000128643,0.000257286,0.00128643]
              products of inertia: ~[0,0,0]
body[6] = femur_l. mass: 10.1196
              moments of inertia:  ~[0.163733,0.0429204,0.17266]
              products of inertia: ~[0,0,0]
body[7] = tibia_l. mass: 4.03364
              moments of inertia:  ~[0.0559152,0.00548772,0.0559152]
              products of inertia: ~[0,0,0]
body[8] = talus_l. mass: 0.108797
              moments of inertia:  ~[0.00128643,0.00128643,0.00128643]
              products of inertia: ~[0,0,0]
body[9] = calcn_l. mass: 1.35996
              moments of inertia:  ~[0.00180101,0.00501709,0.00527437]
              products of inertia: ~[0,0,0]
body[10] = toes_l. mass: 0.235654
              moments of inertia:  ~[0.000128643,0.000257286,0.00128643]
              products of inertia: ~[0,0,0]
body[11] = torso. mass: 29.1865
              moments of inertia:  ~[1.85026,0.948032,1.79618]
              products of inertia: ~[0,0,0]
body[12] = humerus_r. mass: 2.21129
              moments of inertia:  ~[0.0130105,0.00448823,0.0146039]
              products of inertia: ~[0,0,0]
body[13] = ulna_r. mass: 0.66094
              moments of inertia:  ~[0.00363471,0.000758357,0.00394272]
              products of inertia: ~[0,0,0]
body[14] = radius_r. mass: 0.66094
              moments of inertia:  ~[0.00363471,0.000758357,0.00394272]
              products of inertia: ~[0,0,0]
body[15] = hand_r. mass: 0.497745
              moments of inertia:  ~[0.00109459,0.000671231,0.00164433]
              products of inertia: ~[0,0,0]
body[16] = humerus_l. mass: 2.21129
              moments of inertia:  ~[0.0130105,0.00448823,0.0146039]
              products of inertia: ~[0,0,0]
body[17] = ulna_l. mass: 0.66094
              moments of inertia:  ~[0.00363471,0.000758357,0.00394272]
              products of inertia: ~[0,0,0]
body[18] = radius_l. mass: 0.66094
              moments of inertia:  ~[0.00363471,0.000758357,0.00394272]
              products of inertia: ~[0,0,0]
body[19] = hand_l. mass: 0.497745
              moments of inertia:  ~[0.00109459,0.000671231,0.00164433]
              products of inertia: ~[0,0,0]

JOINTS (total: 20)
joint[0] = ground_pelvis. parent: ground_offset, child: pelvis_offset
joint[1] = hip_r. parent: pelvis_offset, child: femur_r_offset
joint[2] = knee_r. parent: femur_r_offset, child: tibia_r_offset
joint[3] = ankle_r. parent: tibia_r_offset, child: talus_r_offset
joint[4] = subtalar_r. parent: talus_r_offset, child: calcn_r_offset
joint[5] = mtp_r. parent: calcn_r_offset, child: toes_r_offset
joint[6] = hip_l. parent: pelvis_offset, child: femur_l_offset
joint[7] = knee_l. parent: femur_l_offset, child: tibia_l_offset
joint[8] = ankle_l. parent: tibia_l_offset, child: talus_l_offset
joint[9] = subtalar_l. parent: talus_l_offset, child: calcn_l_offset
joint[10] = mtp_l. parent: calcn_l_offset, child: toes_l_offset
joint[11] = back. parent: pelvis_offset, child: torso_offset
joint[12] = acromial_r. parent: torso_offset, child: humerus_r_offset
joint[13] = elbow_r. parent: humerus_r_offset, child: ulna_r_offset
joint[14] = radioulnar_r. parent: ulna_r_offset, child: radius_r_offset
joint[15] = radius_hand_r. parent: radius_r_offset, child: hand_r_offset
joint[16] = acromial_l. parent: torso_offset, child: humerus_l_offset
joint[17] = elbow_l. parent: humerus_l_offset, child: ulna_l_offset
joint[18] = radioulnar_l. parent: ulna_l_offset, child: radius_l_offset
joint[19] = radius_hand_l. parent: radius_l_offset, child: hand_l_offset

ACTUATORS (total: 29)
actuator[0] = FX
actuator[1] = FY
actuator[2] = FZ
actuator[3] = MZ
actuator[4] = MX
actuator[5] = MY
actuator[6] = hip_flexion_r
actuator[7] = hip_adduction_r
actuator[8] = hip_rotation_r
actuator[9] = knee_angle_r
actuator[10] = ankle_angle_r
actuator[11] = hip_flexion_l
actuator[12] = hip_adduction_l
actuator[13] = hip_rotation_l
actuator[14] = knee_angle_l
actuator[15] = ankle_angle_l
actuator[16] = lumbar_extension
actuator[17] = lumbar_bending
actuator[18] = lumbar_rotation
actuator[19] = arm_flex_r
actuator[20] = arm_add_r
actuator[21] = arm_rot_r
actuator[22] = elbow_flex_r
actuator[23] = pro_sup_r
actuator[24] = arm_flex_l
actuator[25] = arm_add_l
actuator[26] = arm_rot_l
actuator[27] = elbow_flex_l
actuator[28] = pro_sup_l

STATES (total: 74)
y[0] = /jointset/ground_pelvis/pelvis_tilt/value
y[1] = /jointset/ground_pelvis/pelvis_tilt/speed
y[2] = /jointset/ground_pelvis/pelvis_list/value
y[3] = /jointset/ground_pelvis/pelvis_list/speed
y[4] = /jointset/ground_pelvis/pelvis_rotation/value
y[5] = /jointset/ground_pelvis/pelvis_rotation/speed
y[6] = /jointset/ground_pelvis/pelvis_tx/value
y[7] = /jointset/ground_pelvis/pelvis_tx/speed
y[8] = /jointset/ground_pelvis/pelvis_ty/value
y[9] = /jointset/ground_pelvis/pelvis_ty/speed
y[10] = /jointset/ground_pelvis/pelvis_tz/value
y[11] = /jointset/ground_pelvis/pelvis_tz/speed
y[12] = /jointset/hip_r/hip_flexion_r/value
y[13] = /jointset/hip_r/hip_flexion_r/speed
y[14] = /jointset/hip_r/hip_adduction_r/value
y[15] = /jointset/hip_r/hip_adduction_r/speed
y[16] = /jointset/hip_r/hip_rotation_r/value
y[17] = /jointset/hip_r/hip_rotation_r/speed
y[18] = /jointset/knee_r/knee_angle_r/value
y[19] = /jointset/knee_r/knee_angle_r/speed
y[20] = /jointset/ankle_r/ankle_angle_r/value
y[21] = /jointset/ankle_r/ankle_angle_r/speed
y[22] = /jointset/subtalar_r/subtalar_angle_r/value
y[23] = /jointset/subtalar_r/subtalar_angle_r/speed
y[24] = /jointset/mtp_r/mtp_angle_r/value
y[25] = /jointset/mtp_r/mtp_angle_r/speed
y[26] = /jointset/hip_l/hip_flexion_l/value
y[27] = /jointset/hip_l/hip_flexion_l/speed
y[28] = /jointset/hip_l/hip_adduction_l/value
y[29] = /jointset/hip_l/hip_adduction_l/speed
y[30] = /jointset/hip_l/hip_rotation_l/value
y[31] = /jointset/hip_l/hip_rotation_l/speed
y[32] = /jointset/knee_l/knee_angle_l/value
y[33] = /jointset/knee_l/knee_angle_l/speed
y[34] = /jointset/ankle_l/ankle_angle_l/value
y[35] = /jointset/ankle_l/ankle_angle_l/speed
y[36] = /jointset/subtalar_l/subtalar_angle_l/value
y[37] = /jointset/subtalar_l/subtalar_angle_l/speed
y[38] = /jointset/mtp_l/mtp_angle_l/value
y[39] = /jointset/mtp_l/mtp_angle_l/speed
y[40] = /jointset/back/lumbar_extension/value
y[41] = /jointset/back/lumbar_extension/speed
y[42] = /jointset/back/lumbar_bending/value
y[43] = /jointset/back/lumbar_bending/speed
y[44] = /jointset/back/lumbar_rotation/value
y[45] = /jointset/back/lumbar_rotation/speed
y[46] = /jointset/acromial_r/arm_flex_r/value
y[47] = /jointset/acromial_r/arm_flex_r/speed
y[48] = /jointset/acromial_r/arm_add_r/value
y[49] = /jointset/acromial_r/arm_add_r/speed
y[50] = /jointset/acromial_r/arm_rot_r/value
y[51] = /jointset/acromial_r/arm_rot_r/speed
y[52] = /jointset/elbow_r/elbow_flex_r/value
y[53] = /jointset/elbow_r/elbow_flex_r/speed
y[54] = /jointset/radioulnar_r/pro_sup_r/value
y[55] = /jointset/radioulnar_r/pro_sup_r/speed
y[56] = /jointset/radius_hand_r/wrist_flex_r/value
y[57] = /jointset/radius_hand_r/wrist_flex_r/speed
y[58] = /jointset/radius_hand_r/wrist_dev_r/value
y[59] = /jointset/radius_hand_r/wrist_dev_r/speed
y[60] = /jointset/acromial_l/arm_flex_l/value
y[61] = /jointset/acromial_l/arm_flex_l/speed
y[62] = /jointset/acromial_l/arm_add_l/value
y[63] = /jointset/acromial_l/arm_add_l/speed
y[64] = /jointset/acromial_l/arm_rot_l/value
y[65] = /jointset/acromial_l/arm_rot_l/speed
y[66] = /jointset/elbow_l/elbow_flex_l/value
y[67] = /jointset/elbow_l/elbow_flex_l/speed
y[68] = /jointset/radioulnar_l/pro_sup_l/value
y[69] = /jointset/radioulnar_l/pro_sup_l/speed
y[70] = /jointset/radius_hand_l/wrist_flex_l/value
y[71] = /jointset/radius_hand_l/wrist_flex_l/speed
y[72] = /jointset/radius_hand_l/wrist_dev_l/value
y[73] = /jointset/radius_hand_l/wrist_dev_l/speed

[2023-08-15 22:12:01.520] [warning] Coordinate.setValue:  coordinate subtalar_angle_r is locked. Unable to change its value.
[2023-08-15 22:12:01.520] [warning] Coordinate.setValue:  coordinate mtp_angle_r is locked. Unable to change its value.
[2023-08-15 22:12:01.520] [warning] Coordinate.setValue:  coordinate subtalar_angle_l is locked. Unable to change its value.
[2023-08-15 22:12:01.520] [warning] Coordinate.setValue:  coordinate mtp_angle_l is locked. Unable to change its value.
[2023-08-15 22:12:01.520] [warning] Coordinate.setValue:  coordinate wrist_flex_r is locked. Unable to change its value.
[2023-08-15 22:12:01.520] [warning] Coordinate.setValue:  coordinate wrist_dev_r is locked. Unable to change its value.
[2023-08-15 22:12:01.520] [warning] Coordinate.setValue:  coordinate wrist_flex_l is locked. Unable to change its value.
[2023-08-15 22:12:01.520] [warning] Coordinate.setValue:  coordinate wrist_dev_l is locked. Unable to change its value.
[2023-08-15 22:12:01.636] [info] Requested COM adjustment time range 1.4995 to 2.128, clamped to nearest available data times: 1.4995 to 2.128.
[2023-08-15 22:12:01.636] [info] Computing average residuals between 1.4995 and 2.128...
[2023-08-15 22:12:01.788] [info] ExternalForce::externalforce Data source being set to Run_500 04_newCOP3_v24.mot
[2023-08-15 22:12:01.788] [info] ExternalForce::externalforce_0 Data source being set to Run_500 04_newCOP3_v24.mot
[2023-08-15 22:12:01.899] [info] ExternalForce::externalforce Data source being set to Run_500 04_newCOP3_v24.mot
[2023-08-15 22:12:01.899] [info] ExternalForce::externalforce_0 Data source being set to Run_500 04_newCOP3_v24.mot
[2023-08-15 22:12:06.791] [info] ExternalForce::externalforce Data source being set to Run_500 04_newCOP3_v24.mot
[2023-08-15 22:12:06.791] [info] ExternalForce::externalforce_0 Data source being set to Run_500 04_newCOP3_v24.mot
[2023-08-15 22:12:06.797] [info] Computing average residuals between 1.4995 and 2.128...
[2023-08-15 22:12:06.930] [info] ExternalForce::externalforce Data source being set to Run_500 04_newCOP3_v24.mot
[2023-08-15 22:12:06.930] [info] ExternalForce::externalforce_0 Data source being set to Run_500 04_newCOP3_v24.mot
[2023-08-15 22:12:07.045] [info] ExternalForce::externalforce Data source being set to Run_500 04_newCOP3_v24.mot
[2023-08-15 22:12:07.045] [info] ExternalForce::externalforce_0 Data source being set to Run_500 04_newCOP3_v24.mot
[2023-08-15 22:12:11.673] [info] Constructing function set for tracking desired kinematics...
[2023-08-15 22:12:12.506] [warning] No Actuation analysis found in analysis set, adding one...
[2023-08-15 22:12:12.506] [warning] No Kinematics analysis found in analysis set, adding one...
[2023-08-15 22:12:12.510] [info] Using the generalized coordinates specified in '..\rra1\cycle3\subject04_run5_cycle3_iter1_Kinematics_q.sto' to set the initial configuration.
[2023-08-15 22:12:12.759] [info] Using IPOPT optimizer algorithm.
[2023-08-15 22:12:12.759] [info] Setting optimizer print level to 0.
[2023-08-15 22:12:12.759] [info] Setting optimizer convergence tolerance to 1.0e-05.
[2023-08-15 22:12:12.759] [info] Setting optimizer maximum iterations to 2000.
[2023-08-15 22:12:12.759] [info] Setting cmc controller to not use verbose printing.

[2023-08-15 22:12:12.760] [info] CMC::computeControls, t = 1.4995
[2023-08-15 22:12:14.254] [info] --------------------------------------------
[2023-08-15 22:12:14.254] [info] Using CMC to track the specified kinematics:
[2023-08-15 22:12:14.254] [info] --------------------------------------------
[2023-08-15 22:12:14.254] [info]  -- Integrating from 1.4995 to 2.128
[2023-08-15 22:12:14.254] [info]  -- Start time = Tue Aug 15 22:12:14 2023
[2023-08-15 22:12:14.254] [info] --------------------------------------------
[2023-08-15 22:12:14.254] [info] 
[2023-08-15 22:12:14.258] [info] CMC::computeControls, t = 1.4995
[2023-08-15 22:12:14.291] [info] CMC::computeControls, t = 1.50050
[2023-08-15 22:12:14.291] [warning] Coordinate.setValue:  coordinate subtalar_angle_r is locked. Unable to change its value.
[2023-08-15 22:12:14.291] [warning] Coordinate.setValue:  coordinate mtp_angle_r is locked. Unable to change its value.
[2023-08-15 22:12:14.291] [warning] Coordinate.setValue:  coordinate subtalar_angle_l is locked. Unable to change its value.
[2023-08-15 22:12:14.291] [warning] Coordinate.setValue:  coordinate mtp_angle_l is locked. Unable to change its value.
[2023-08-15 22:12:14.291] [warning] Coordinate.setValue:  coordinate wrist_flex_r is locked. Unable to change its value.
[2023-08-15 22:12:14.291] [warning] Coordinate.setValue:  coordinate wrist_dev_r is locked. Unable to change its value.
[2023-08-15 22:12:14.291] [warning] Coordinate.setValue:  coordinate wrist_flex_l is locked. Unable to change its value.
[2023-08-15 22:12:14.291] [warning] Coordinate.setValue:  coordinate wrist_dev_l is locked. Unable to change its value.
[2023-08-15 22:12:14.320] [info] CMC::computeControls, t = 1.50150
[2023-08-15 22:12:14.336] [info] CMC::computeControls, t = 1.50250
[2023-08-15 22:12:14.372] [info] CMC::computeControls, t = 1.50350
[2023-08-15 22:12:14.390] [info] CMC::computeControls, t = 1.50450
[2023-08-15 22:12:14.411] [info] CMC::computeControls, t = 1.50550
[2023-08-15 22:12:14.433] [info] CMC::computeControls, t = 1.50650
[2023-08-15 22:12:14.448] [info] CMC::computeControls, t = 1.50750
[2023-08-15 22:12:14.466] [info] CMC::computeControls, t = 1.50850
[2023-08-15 22:12:14.482] [info] CMC::computeControls, t = 1.50950
[2023-08-15 22:12:14.515] [info] CMC::computeControls, t = 1.51050
[2023-08-15 22:12:14.529] [info] CMC::computeControls, t = 1.5115
[2023-08-15 22:12:14.548] [info] CMC::computeControls, t = 1.5125
[2023-08-15 22:12:14.567] [info] CMC::computeControls, t = 1.5135
[2023-08-15 22:12:14.600] [info] CMC::computeControls, t = 1.5145
[2023-08-15 22:12:14.642] [info] CMC::computeControls, t = 1.5155
[2023-08-15 22:12:14.663] [info] CMC::computeControls, t = 1.5165
[2023-08-15 22:12:14.688] [info] CMC::computeControls, t = 1.5175
[2023-08-15 22:12:14.712] [info] CMC::computeControls, t = 1.5185
[2023-08-15 22:12:14.735] [info] CMC::computeControls, t = 1.5195
[2023-08-15 22:12:14.772] [info] CMC::computeControls, t = 1.52050
[2023-08-15 22:12:14.808] [info] CMC::computeControls, t = 1.5215
[2023-08-15 22:12:14.831] [info] CMC::computeControls, t = 1.5225
[2023-08-15 22:12:14.855] [info] CMC::computeControls, t = 1.5235
[2023-08-15 22:12:14.885] [info] CMC::computeControls, t = 1.5245
[2023-08-15 22:12:14.918] [info] CMC::computeControls, t = 1.5255
[2023-08-15 22:12:14.953] [info] CMC::computeControls, t = 1.5265
[2023-08-15 22:12:14.973] [info] CMC::computeControls, t = 1.5275
[2023-08-15 22:12:14.999] [info] CMC::computeControls, t = 1.5285
[2023-08-15 22:12:15.015] [info] CMC::computeControls, t = 1.5295
[2023-08-15 22:12:15.042] [info] CMC::computeControls, t = 1.53050
[2023-08-15 22:12:15.065] [info] CMC::computeControls, t = 1.5315
[2023-08-15 22:12:15.088] [info] CMC::computeControls, t = 1.5325
[2023-08-15 22:12:15.105] [info] CMC::computeControls, t = 1.5335
[2023-08-15 22:12:15.120] [info] CMC::computeControls, t = 1.5345
[2023-08-15 22:12:15.136] [info] CMC::computeControls, t = 1.5355
[2023-08-15 22:12:15.154] [info] CMC::computeControls, t = 1.5365
[2023-08-15 22:12:15.178] [info] CMC::computeControls, t = 1.5375
[2023-08-15 22:12:15.206] [info] CMC::computeControls, t = 1.5385
[2023-08-15 22:12:15.224] [info] CMC::computeControls, t = 1.5395
[2023-08-15 22:12:15.239] [info] CMC::computeControls, t = 1.54050
[2023-08-15 22:12:15.265] [info] CMC::computeControls, t = 1.5415
[2023-08-15 22:12:15.284] [info] CMC::computeControls, t = 1.5425
[2023-08-15 22:12:15.314] [info] CMC::computeControls, t = 1.5435
[2023-08-15 22:12:15.346] [info] CMC::computeControls, t = 1.5445
[2023-08-15 22:12:15.369] [info] CMC::computeControls, t = 1.5455
[2023-08-15 22:12:15.393] [info] CMC::computeControls, t = 1.5465
[2023-08-15 22:12:15.416] [info] CMC::computeControls, t = 1.5475
[2023-08-15 22:12:15.442] [info] CMC::computeControls, t = 1.5485
[2023-08-15 22:12:15.478] [info] CMC::computeControls, t = 1.5495
[2023-08-15 22:12:15.508] [info] CMC::computeControls, t = 1.55050
[2023-08-15 22:12:15.528] [info] CMC::computeControls, t = 1.5515
[2023-08-15 22:12:15.551] [info] CMC::computeControls, t = 1.5525
[2023-08-15 22:12:15.567] [info] CMC::computeControls, t = 1.5535
[2023-08-15 22:12:15.582] [info] CMC::computeControls, t = 1.5545
[2023-08-15 22:12:15.614] [info] CMC::computeControls, t = 1.5555
[2023-08-15 22:12:15.630] [info] CMC::computeControls, t = 1.5565
[2023-08-15 22:12:15.660] [info] CMC::computeControls, t = 1.5575
[2023-08-15 22:12:15.682] [info] CMC::computeControls, t = 1.5585
[2023-08-15 22:12:15.698] [info] CMC::computeControls, t = 1.5595
[2023-08-15 22:12:15.714] [info] CMC::computeControls, t = 1.56050
[2023-08-15 22:12:15.737] [info] CMC::computeControls, t = 1.5615
[2023-08-15 22:12:15.773] [info] CMC::computeControls, t = 1.5625
[2023-08-15 22:12:15.795] [info] CMC::computeControls, t = 1.5635
[2023-08-15 22:12:15.831] [info] CMC::computeControls, t = 1.5645
[2023-08-15 22:12:15.864] [info] CMC::computeControls, t = 1.5655
[2023-08-15 22:12:15.900] [info] CMC::computeControls, t = 1.5665
[2023-08-15 22:12:15.925] [info] CMC::computeControls, t = 1.5675
[2023-08-15 22:12:15.955] [info] CMC::computeControls, t = 1.5685
[2023-08-15 22:12:15.996] [info] CMC::computeControls, t = 1.5695
[2023-08-15 22:12:16.033] [info] CMC::computeControls, t = 1.57050
[2023-08-15 22:12:16.061] [info] CMC::computeControls, t = 1.5715
[2023-08-15 22:12:16.082] [info] CMC::computeControls, t = 1.5725
[2023-08-15 22:12:16.098] [info] CMC::computeControls, t = 1.5735
[2023-08-15 22:12:16.134] [info] CMC::computeControls, t = 1.5745
[2023-08-15 22:12:16.153] [info] CMC::computeControls, t = 1.5755
[2023-08-15 22:12:16.188] [info] CMC::computeControls, t = 1.5765
[2023-08-15 22:12:16.224] [info] CMC::computeControls, t = 1.5775
[2023-08-15 22:12:16.251] [info] CMC::computeControls, t = 1.5785
[2023-08-15 22:12:16.276] [info] CMC::computeControls, t = 1.5795
[2023-08-15 22:12:16.299] [info] CMC::computeControls, t = 1.58050
[2023-08-15 22:12:16.328] [info] CMC::computeControls, t = 1.5815
[2023-08-15 22:12:16.346] [info] CMC::computeControls, t = 1.5825
[2023-08-15 22:12:16.375] [info] CMC::computeControls, t = 1.5835
[2023-08-15 22:12:16.409] [info] CMC::computeControls, t = 1.5845
[2023-08-15 22:12:16.432] [info] CMC::computeControls, t = 1.5855
[2023-08-15 22:12:16.453] [info] CMC::computeControls, t = 1.5865
[2023-08-15 22:12:16.475] [info] CMC::computeControls, t = 1.5875
[2023-08-15 22:12:16.492] [info] CMC::computeControls, t = 1.5885
[2023-08-15 22:12:16.511] [info] CMC::computeControls, t = 1.5895
[2023-08-15 22:12:16.531] [info] CMC::computeControls, t = 1.59050
[2023-08-15 22:12:16.560] [info] CMC::computeControls, t = 1.5915
[2023-08-15 22:12:16.578] [info] CMC::computeControls, t = 1.5925
[2023-08-15 22:12:16.604] [info] CMC::computeControls, t = 1.5935
[2023-08-15 22:12:16.624] [info] CMC::computeControls, t = 1.5945
[2023-08-15 22:12:16.649] [info] CMC::computeControls, t = 1.5955
[2023-08-15 22:12:16.681] [info] CMC::computeControls, t = 1.5965
[2023-08-15 22:12:16.703] [info] CMC::computeControls, t = 1.5975
[2023-08-15 22:12:16.727] [info] CMC::computeControls, t = 1.5985
[2023-08-15 22:12:16.751] [info] CMC::computeControls, t = 1.5995
[2023-08-15 22:12:16.774] [info] CMC::computeControls, t = 1.60050
[2023-08-15 22:12:16.802] [info] CMC::computeControls, t = 1.60150
[2023-08-15 22:12:16.822] [info] CMC::computeControls, t = 1.60250
[2023-08-15 22:12:16.839] [info] CMC::computeControls, t = 1.60350
[2023-08-15 22:12:16.855] [info] CMC::computeControls, t = 1.60450
[2023-08-15 22:12:16.881] [info] CMC::computeControls, t = 1.60550
[2023-08-15 22:12:16.905] [info] CMC::computeControls, t = 1.60650
[2023-08-15 22:12:16.925] [info] CMC::computeControls, t = 1.60750
[2023-08-15 22:12:16.942] [info] CMC::computeControls, t = 1.60850
[2023-08-15 22:12:16.962] [info] CMC::computeControls, t = 1.60950
[2023-08-15 22:12:16.982] [info] CMC::computeControls, t = 1.61050
[2023-08-15 22:12:17.001] [info] CMC::computeControls, t = 1.6115
[2023-08-15 22:12:17.025] [info] CMC::computeControls, t = 1.6125
[2023-08-15 22:12:17.049] [info] CMC::computeControls, t = 1.6135
[2023-08-15 22:12:17.065] [info] CMC::computeControls, t = 1.6145
[2023-08-15 22:12:17.083] [info] CMC::computeControls, t = 1.6155
[2023-08-15 22:12:17.099] [info] CMC::computeControls, t = 1.6165
[2023-08-15 22:12:17.118] [info] CMC::computeControls, t = 1.6175
[2023-08-15 22:12:17.144] [info] CMC::computeControls, t = 1.6185
[2023-08-15 22:12:17.164] [info] CMC::computeControls, t = 1.6195
[2023-08-15 22:12:17.186] [info] CMC::computeControls, t = 1.62050
[2023-08-15 22:12:17.218] [info] CMC::computeControls, t = 1.6215
[2023-08-15 22:12:17.246] [info] CMC::computeControls, t = 1.6225
[2023-08-15 22:12:17.265] [info] CMC::computeControls, t = 1.6235
[2023-08-15 22:12:17.287] [info] CMC::computeControls, t = 1.6245
[2023-08-15 22:12:17.304] [info] CMC::computeControls, t = 1.6255
[2023-08-15 22:12:17.332] [info] CMC::computeControls, t = 1.6265
[2023-08-15 22:12:17.354] [info] CMC::computeControls, t = 1.6275
[2023-08-15 22:12:17.370] [info] CMC::computeControls, t = 1.6285
[2023-08-15 22:12:17.399] [info] CMC::computeControls, t = 1.6295
[2023-08-15 22:12:17.423] [info] CMC::computeControls, t = 1.63050
[2023-08-15 22:12:17.443] [info] CMC::computeControls, t = 1.6315
[2023-08-15 22:12:17.465] [info] CMC::computeControls, t = 1.6325
[2023-08-15 22:12:17.482] [info] CMC::computeControls, t = 1.6335
[2023-08-15 22:12:17.505] [info] CMC::computeControls, t = 1.6345
[2023-08-15 22:12:17.523] [info] CMC::computeControls, t = 1.6355
[2023-08-15 22:12:17.547] [info] CMC::computeControls, t = 1.6365
[2023-08-15 22:12:17.568] [info] CMC::computeControls, t = 1.6375
[2023-08-15 22:12:17.587] [info] CMC::computeControls, t = 1.6385
[2023-08-15 22:12:17.615] [info] CMC::computeControls, t = 1.6395
[2023-08-15 22:12:17.633] [info] CMC::computeControls, t = 1.64050
[2023-08-15 22:12:17.650] [info] CMC::computeControls, t = 1.6415
[2023-08-15 22:12:17.672] [info] CMC::computeControls, t = 1.6425
[2023-08-15 22:12:17.699] [info] CMC::computeControls, t = 1.6435
[2023-08-15 22:12:17.719] [info] CMC::computeControls, t = 1.6445
[2023-08-15 22:12:17.736] [info] CMC::computeControls, t = 1.6455
[2023-08-15 22:12:17.755] [info] CMC::computeControls, t = 1.6465
[2023-08-15 22:12:17.774] [info] CMC::computeControls, t = 1.6475
[2023-08-15 22:12:17.792] [info] CMC::computeControls, t = 1.6485
[2023-08-15 22:12:17.808] [info] CMC::computeControls, t = 1.6495
[2023-08-15 22:12:17.826] [info] CMC::computeControls, t = 1.65050
[2023-08-15 22:12:17.842] [info] CMC::computeControls, t = 1.6515
[2023-08-15 22:12:17.864] [info] CMC::computeControls, t = 1.6525
[2023-08-15 22:12:17.884] [info] CMC::computeControls, t = 1.6535
[2023-08-15 22:12:17.901] [info] CMC::computeControls, t = 1.6545
[2023-08-15 22:12:17.937] [info] CMC::computeControls, t = 1.6555
[2023-08-15 22:12:17.959] [info] CMC::computeControls, t = 1.6565
[2023-08-15 22:12:17.988] [info] CMC::computeControls, t = 1.6575
[2023-08-15 22:12:18.007] [info] CMC::computeControls, t = 1.6585
[2023-08-15 22:12:18.039] [info] CMC::computeControls, t = 1.6595
[2023-08-15 22:12:18.067] [info] CMC::computeControls, t = 1.66050
[2023-08-15 22:12:18.084] [info] CMC::computeControls, t = 1.6615
[2023-08-15 22:12:18.100] [info] CMC::computeControls, t = 1.6625
[2023-08-15 22:12:18.130] [info] CMC::computeControls, t = 1.6635
[2023-08-15 22:12:18.152] [info] CMC::computeControls, t = 1.6645
[2023-08-15 22:12:18.176] [info] CMC::computeControls, t = 1.6655
[2023-08-15 22:12:18.193] [info] CMC::computeControls, t = 1.6665
[2023-08-15 22:12:18.221] [info] CMC::computeControls, t = 1.6675
[2023-08-15 22:12:18.242] [info] CMC::computeControls, t = 1.6685
[2023-08-15 22:12:18.261] [info] CMC::computeControls, t = 1.6695
[2023-08-15 22:12:18.281] [info] CMC::computeControls, t = 1.67050
[2023-08-15 22:12:18.303] [info] CMC::computeControls, t = 1.6715
[2023-08-15 22:12:18.320] [info] CMC::computeControls, t = 1.6725
[2023-08-15 22:12:18.337] [info] CMC::computeControls, t = 1.6735
[2023-08-15 22:12:18.360] [info] CMC::computeControls, t = 1.6745
[2023-08-15 22:12:18.388] [info] CMC::computeControls, t = 1.6755
[2023-08-15 22:12:18.404] [info] CMC::computeControls, t = 1.6765
[2023-08-15 22:12:18.421] [info] CMC::computeControls, t = 1.6775
[2023-08-15 22:12:18.438] [info] CMC::computeControls, t = 1.6785
[2023-08-15 22:12:18.463] [info] CMC::computeControls, t = 1.6795
[2023-08-15 22:12:18.483] [info] CMC::computeControls, t = 1.68050
[2023-08-15 22:12:18.500] [info] CMC::computeControls, t = 1.6815
[2023-08-15 22:12:18.520] [info] CMC::computeControls, t = 1.6825
[2023-08-15 22:12:18.537] [info] CMC::computeControls, t = 1.6835
[2023-08-15 22:12:18.556] [info] CMC::computeControls, t = 1.6845
[2023-08-15 22:12:18.579] [info] CMC::computeControls, t = 1.6855
[2023-08-15 22:12:18.597] [info] CMC::computeControls, t = 1.6865
[2023-08-15 22:12:18.627] [info] CMC::computeControls, t = 1.6875
[2023-08-15 22:12:18.665] [info] CMC::computeControls, t = 1.6885
[2023-08-15 22:12:18.695] [info] CMC::computeControls, t = 1.6895
[2023-08-15 22:12:18.718] [info] CMC::computeControls, t = 1.69050
[2023-08-15 22:12:18.737] [info] CMC::computeControls, t = 1.6915
[2023-08-15 22:12:18.759] [info] CMC::computeControls, t = 1.6925
[2023-08-15 22:12:18.789] [info] CMC::computeControls, t = 1.6935
[2023-08-15 22:12:18.824] [info] CMC::computeControls, t = 1.6945
[2023-08-15 22:12:18.842] [info] CMC::computeControls, t = 1.6955
[2023-08-15 22:12:18.862] [info] CMC::computeControls, t = 1.6965
[2023-08-15 22:12:18.878] [info] CMC::computeControls, t = 1.6975
[2023-08-15 22:12:18.911] [info] CMC::computeControls, t = 1.6985
[2023-08-15 22:12:18.941] [info] CMC::computeControls, t = 1.6995
[2023-08-15 22:12:18.965] [info] CMC::computeControls, t = 1.70050
[2023-08-15 22:12:18.980] [info] CMC::computeControls, t = 1.70150
[2023-08-15 22:12:18.996] [info] CMC::computeControls, t = 1.70250
[2023-08-15 22:12:19.023] [info] CMC::computeControls, t = 1.70350
[2023-08-15 22:12:19.068] [info] CMC::computeControls, t = 1.70450
[2023-08-15 22:12:19.097] [info] CMC::computeControls, t = 1.70550
[2023-08-15 22:12:19.130] [info] CMC::computeControls, t = 1.70650
[2023-08-15 22:12:19.160] [info] CMC::computeControls, t = 1.70750
[2023-08-15 22:12:19.176] [info] CMC::computeControls, t = 1.70850
[2023-08-15 22:12:19.194] [info] CMC::computeControls, t = 1.70950
[2023-08-15 22:12:19.209] [info] CMC::computeControls, t = 1.71050
[2023-08-15 22:12:19.249] [info] CMC::computeControls, t = 1.7115
[2023-08-15 22:12:19.276] [info] CMC::computeControls, t = 1.7125
[2023-08-15 22:12:19.319] [info] CMC::computeControls, t = 1.7135
[2023-08-15 22:12:19.353] [info] CMC::computeControls, t = 1.7145
[2023-08-15 22:12:19.376] [info] CMC::computeControls, t = 1.7155
[2023-08-15 22:12:19.417] [info] CMC::computeControls, t = 1.7165
[2023-08-15 22:12:19.451] [info] CMC::computeControls, t = 1.7175
[2023-08-15 22:12:19.493] [info] CMC::computeControls, t = 1.7185
[2023-08-15 22:12:19.532] [info] CMC::computeControls, t = 1.7195
[2023-08-15 22:12:19.567] [info] CMC::computeControls, t = 1.72050
[2023-08-15 22:12:19.595] [info] CMC::computeControls, t = 1.7215
[2023-08-15 22:12:19.617] [info] CMC::computeControls, t = 1.7225
[2023-08-15 22:12:19.657] [info] CMC::computeControls, t = 1.7235
[2023-08-15 22:12:19.690] [info] CMC::computeControls, t = 1.7245
[2023-08-15 22:12:19.709] [info] CMC::computeControls, t = 1.7255
[2023-08-15 22:12:19.728] [info] CMC::computeControls, t = 1.7265
[2023-08-15 22:12:19.756] [info] CMC::computeControls, t = 1.7275
[2023-08-15 22:12:19.803] [info] CMC::computeControls, t = 1.7285
[2023-08-15 22:12:19.821] [info] CMC::computeControls, t = 1.7295
[2023-08-15 22:12:19.836] [info] CMC::computeControls, t = 1.73050
[2023-08-15 22:12:19.855] [info] CMC::computeControls, t = 1.7315
[2023-08-15 22:12:19.871] [info] CMC::computeControls, t = 1.7325
[2023-08-15 22:12:19.896] [info] CMC::computeControls, t = 1.7335
[2023-08-15 22:12:19.922] [info] CMC::computeControls, t = 1.7345
[2023-08-15 22:12:19.943] [info] CMC::computeControls, t = 1.7355
[2023-08-15 22:12:19.961] [info] CMC::computeControls, t = 1.7365
[2023-08-15 22:12:19.985] [info] CMC::computeControls, t = 1.7375
[2023-08-15 22:12:20.007] [info] CMC::computeControls, t = 1.7385
[2023-08-15 22:12:20.028] [info] CMC::computeControls, t = 1.7395
[2023-08-15 22:12:20.045] [info] CMC::computeControls, t = 1.74050
[2023-08-15 22:12:20.064] [info] CMC::computeControls, t = 1.7415
[2023-08-15 22:12:20.088] [info] CMC::computeControls, t = 1.7425
[2023-08-15 22:12:20.104] [info] CMC::computeControls, t = 1.7435
[2023-08-15 22:12:20.130] [info] CMC::computeControls, t = 1.7445
[2023-08-15 22:12:20.146] [info] CMC::computeControls, t = 1.7455
[2023-08-15 22:12:20.166] [info] CMC::computeControls, t = 1.7465
[2023-08-15 22:12:20.193] [info] CMC::computeControls, t = 1.7475
[2023-08-15 22:12:20.209] [info] CMC::computeControls, t = 1.7485
[2023-08-15 22:12:20.229] [info] CMC::computeControls, t = 1.7495
[2023-08-15 22:12:20.254] [info] CMC::computeControls, t = 1.75050
[2023-08-15 22:12:20.296] [info] CMC::computeControls, t = 1.7515
[2023-08-15 22:12:20.348] [info] CMC::computeControls, t = 1.7525
[2023-08-15 22:12:20.372] [info] CMC::computeControls, t = 1.7535
[2023-08-15 22:12:20.396] [info] CMC::computeControls, t = 1.7545
[2023-08-15 22:12:20.418] [info] CMC::computeControls, t = 1.7555
[2023-08-15 22:12:20.433] [info] CMC::computeControls, t = 1.7565
[2023-08-15 22:12:20.452] [info] CMC::computeControls, t = 1.7575
[2023-08-15 22:12:20.468] [info] CMC::computeControls, t = 1.7585
[2023-08-15 22:12:20.496] [info] CMC::computeControls, t = 1.7595
[2023-08-15 22:12:20.528] [info] CMC::computeControls, t = 1.76050
[2023-08-15 22:12:20.549] [info] CMC::computeControls, t = 1.7615
[2023-08-15 22:12:20.569] [info] CMC::computeControls, t = 1.7625
[2023-08-15 22:12:20.602] [info] CMC::computeControls, t = 1.7635
[2023-08-15 22:12:20.629] [info] CMC::computeControls, t = 1.7645
[2023-08-15 22:12:20.648] [info] CMC::computeControls, t = 1.7655
[2023-08-15 22:12:20.663] [info] CMC::computeControls, t = 1.7665
[2023-08-15 22:12:20.689] [info] CMC::computeControls, t = 1.7675
[2023-08-15 22:12:20.720] [info] CMC::computeControls, t = 1.7685
[2023-08-15 22:12:20.748] [info] CMC::computeControls, t = 1.7695
[2023-08-15 22:12:20.778] [info] CMC::computeControls, t = 1.77050
[2023-08-15 22:12:20.816] [info] CMC::computeControls, t = 1.7715
[2023-08-15 22:12:20.837] [info] CMC::computeControls, t = 1.7725
[2023-08-15 22:12:20.852] [info] CMC::computeControls, t = 1.7735
[2023-08-15 22:12:20.887] [info] CMC::computeControls, t = 1.7745
[2023-08-15 22:12:20.905] [info] CMC::computeControls, t = 1.7755
[2023-08-15 22:12:20.920] [info] CMC::computeControls, t = 1.7765
[2023-08-15 22:12:20.948] [info] CMC::computeControls, t = 1.7775
[2023-08-15 22:12:20.971] [info] CMC::computeControls, t = 1.7785
[2023-08-15 22:12:21.002] [info] CMC::computeControls, t = 1.7795
[2023-08-15 22:12:21.026] [info] CMC::computeControls, t = 1.78050
[2023-08-15 22:12:21.049] [info] CMC::computeControls, t = 1.7815
[2023-08-15 22:12:21.077] [info] CMC::computeControls, t = 1.7825
[2023-08-15 22:12:21.092] [info] CMC::computeControls, t = 1.7835
[2023-08-15 22:12:21.108] [info] CMC::computeControls, t = 1.7845
[2023-08-15 22:12:21.137] [info] CMC::computeControls, t = 1.7855
[2023-08-15 22:12:21.175] [info] CMC::computeControls, t = 1.7865
[2023-08-15 22:12:21.207] [info] CMC::computeControls, t = 1.7875
[2023-08-15 22:12:21.231] [info] CMC::computeControls, t = 1.7885
[2023-08-15 22:12:21.255] [info] CMC::computeControls, t = 1.7895
[2023-08-15 22:12:21.273] [info] CMC::computeControls, t = 1.79050
[2023-08-15 22:12:21.295] [info] CMC::computeControls, t = 1.7915
[2023-08-15 22:12:21.313] [info] CMC::computeControls, t = 1.7925
[2023-08-15 22:12:21.342] [info] CMC::computeControls, t = 1.7935
[2023-08-15 22:12:21.377] [info] CMC::computeControls, t = 1.7945
[2023-08-15 22:12:21.395] [info] CMC::computeControls, t = 1.7955
[2023-08-15 22:12:21.419] [info] CMC::computeControls, t = 1.7965
[2023-08-15 22:12:21.436] [info] CMC::computeControls, t = 1.7975
[2023-08-15 22:12:21.463] [info] CMC::computeControls, t = 1.7985
[2023-08-15 22:12:21.499] [info] CMC::computeControls, t = 1.7995
[2023-08-15 22:12:21.531] [info] CMC::computeControls, t = 1.80050
[2023-08-15 22:12:21.562] [info] CMC::computeControls, t = 1.80150
[2023-08-15 22:12:21.585] [info] CMC::computeControls, t = 1.80250
[2023-08-15 22:12:21.608] [info] CMC::computeControls, t = 1.80350
[2023-08-15 22:12:21.630] [info] CMC::computeControls, t = 1.80450
[2023-08-15 22:12:21.653] [info] CMC::computeControls, t = 1.80550
[2023-08-15 22:12:21.692] [info] CMC::computeControls, t = 1.80650
[2023-08-15 22:12:21.709] [info] CMC::computeControls, t = 1.80750
[2023-08-15 22:12:21.738] [info] CMC::computeControls, t = 1.80850
[2023-08-15 22:12:21.767] [info] CMC::computeControls, t = 1.80950
[2023-08-15 22:12:21.783] [info] CMC::computeControls, t = 1.81050
[2023-08-15 22:12:21.807] [info] CMC::computeControls, t = 1.8115
[2023-08-15 22:12:21.843] [info] CMC::computeControls, t = 1.8125
[2023-08-15 22:12:21.880] [info] CMC::computeControls, t = 1.8135
[2023-08-15 22:12:21.909] [info] CMC::computeControls, t = 1.8145
[2023-08-15 22:12:21.935] [info] CMC::computeControls, t = 1.8155
[2023-08-15 22:12:21.958] [info] CMC::computeControls, t = 1.8165
[2023-08-15 22:12:21.990] [info] CMC::computeControls, t = 1.8175
[2023-08-15 22:12:22.025] [info] CMC::computeControls, t = 1.8185
[2023-08-15 22:12:22.062] [info] CMC::computeControls, t = 1.8195
[2023-08-15 22:12:22.092] [info] CMC::computeControls, t = 1.82050
[2023-08-15 22:12:22.119] [info] CMC::computeControls, t = 1.8215
[2023-08-15 22:12:22.151] [info] CMC::computeControls, t = 1.8225
[2023-08-15 22:12:22.177] [info] CMC::computeControls, t = 1.8235
[2023-08-15 22:12:22.203] [info] CMC::computeControls, t = 1.8245
[2023-08-15 22:12:22.221] [info] CMC::computeControls, t = 1.8255
[2023-08-15 22:12:22.247] [info] CMC::computeControls, t = 1.8265
[2023-08-15 22:12:22.268] [info] CMC::computeControls, t = 1.8275
[2023-08-15 22:12:22.300] [info] CMC::computeControls, t = 1.8285
[2023-08-15 22:12:22.333] [info] CMC::computeControls, t = 1.8295
[2023-08-15 22:12:22.354] [info] CMC::computeControls, t = 1.83050
[2023-08-15 22:12:22.378] [info] CMC::computeControls, t = 1.8315
[2023-08-15 22:12:22.405] [info] CMC::computeControls, t = 1.8325
[2023-08-15 22:12:22.420] [info] CMC::computeControls, t = 1.8335
[2023-08-15 22:12:22.452] [info] CMC::computeControls, t = 1.8345
[2023-08-15 22:12:22.473] [info] CMC::computeControls, t = 1.8355
[2023-08-15 22:12:22.507] [info] CMC::computeControls, t = 1.8365
[2023-08-15 22:12:22.526] [info] CMC::computeControls, t = 1.8375
[2023-08-15 22:12:22.552] [info] CMC::computeControls, t = 1.8385
[2023-08-15 22:12:22.576] [info] CMC::computeControls, t = 1.8395
[2023-08-15 22:12:22.602] [info] CMC::computeControls, t = 1.84050
[2023-08-15 22:12:22.618] [info] CMC::computeControls, t = 1.8415
[2023-08-15 22:12:22.633] [info] CMC::computeControls, t = 1.8425
[2023-08-15 22:12:22.664] [info] CMC::computeControls, t = 1.8435
[2023-08-15 22:12:22.682] [info] CMC::computeControls, t = 1.8445
[2023-08-15 22:12:22.724] [info] CMC::computeControls, t = 1.8455
[2023-08-15 22:12:22.740] [info] CMC::computeControls, t = 1.8465
[2023-08-15 22:12:22.755] [info] CMC::computeControls, t = 1.8475
[2023-08-15 22:12:22.771] [info] CMC::computeControls, t = 1.8485
[2023-08-15 22:12:22.786] [info] CMC::computeControls, t = 1.8495
[2023-08-15 22:12:22.812] [info] CMC::computeControls, t = 1.85050
[2023-08-15 22:12:22.831] [info] CMC::computeControls, t = 1.8515
[2023-08-15 22:12:22.846] [info] CMC::computeControls, t = 1.8525
[2023-08-15 22:12:22.861] [info] CMC::computeControls, t = 1.8535
[2023-08-15 22:12:22.876] [info] CMC::computeControls, t = 1.8545
[2023-08-15 22:12:22.904] [info] CMC::computeControls, t = 1.8555
[2023-08-15 22:12:22.924] [info] CMC::computeControls, t = 1.8565
[2023-08-15 22:12:22.950] [info] CMC::computeControls, t = 1.8575
[2023-08-15 22:12:22.969] [info] CMC::computeControls, t = 1.8585
[2023-08-15 22:12:22.984] [info] CMC::computeControls, t = 1.8595
[2023-08-15 22:12:22.999] [info] CMC::computeControls, t = 1.86050
[2023-08-15 22:12:23.015] [info] CMC::computeControls, t = 1.8615
[2023-08-15 22:12:23.041] [info] CMC::computeControls, t = 1.8625
[2023-08-15 22:12:23.064] [info] CMC::computeControls, t = 1.8635
[2023-08-15 22:12:23.079] [info] CMC::computeControls, t = 1.8645
[2023-08-15 22:12:23.113] [info] CMC::computeControls, t = 1.8655
[2023-08-15 22:12:23.147] [info] CMC::computeControls, t = 1.8665
[2023-08-15 22:12:23.170] [info] CMC::computeControls, t = 1.8675
[2023-08-15 22:12:23.191] [info] CMC::computeControls, t = 1.8685
[2023-08-15 22:12:23.207] [info] CMC::computeControls, t = 1.8695
[2023-08-15 22:12:23.231] [info] CMC::computeControls, t = 1.87050
[2023-08-15 22:12:23.250] [info] CMC::computeControls, t = 1.8715
[2023-08-15 22:12:23.266] [info] CMC::computeControls, t = 1.8725
[2023-08-15 22:12:23.293] [info] CMC::computeControls, t = 1.8735
[2023-08-15 22:12:23.308] [info] CMC::computeControls, t = 1.8745
[2023-08-15 22:12:23.334] [info] CMC::computeControls, t = 1.8755
[2023-08-15 22:12:23.360] [info] CMC::computeControls, t = 1.8765
[2023-08-15 22:12:23.386] [info] CMC::computeControls, t = 1.8775
[2023-08-15 22:12:23.402] [info] CMC::computeControls, t = 1.8785
[2023-08-15 22:12:23.418] [info] CMC::computeControls, t = 1.8795
[2023-08-15 22:12:23.444] [info] CMC::computeControls, t = 1.88050
[2023-08-15 22:12:23.460] [info] CMC::computeControls, t = 1.8815
[2023-08-15 22:12:23.478] [info] CMC::computeControls, t = 1.8825
[2023-08-15 22:12:23.494] [info] CMC::computeControls, t = 1.8835
[2023-08-15 22:12:23.510] [info] CMC::computeControls, t = 1.8845
[2023-08-15 22:12:23.525] [info] CMC::computeControls, t = 1.8855
[2023-08-15 22:12:23.542] [info] CMC::computeControls, t = 1.8865
[2023-08-15 22:12:23.576] [info] CMC::computeControls, t = 1.8875
[2023-08-15 22:12:23.607] [info] CMC::computeControls, t = 1.8885
[2023-08-15 22:12:23.639] [info] CMC::computeControls, t = 1.8895
[2023-08-15 22:12:23.670] [info] CMC::computeControls, t = 1.89050
[2023-08-15 22:12:23.686] [info] CMC::computeControls, t = 1.8915
[2023-08-15 22:12:23.721] [info] CMC::computeControls, t = 1.8925
[2023-08-15 22:12:23.739] [info] CMC::computeControls, t = 1.8935
[2023-08-15 22:12:23.767] [info] CMC::computeControls, t = 1.8945
[2023-08-15 22:12:23.792] [info] CMC::computeControls, t = 1.8955
[2023-08-15 22:12:23.808] [info] CMC::computeControls, t = 1.8965
[2023-08-15 22:12:23.827] [info] CMC::computeControls, t = 1.8975
[2023-08-15 22:12:23.843] [info] CMC::computeControls, t = 1.8985
[2023-08-15 22:12:23.863] [info] CMC::computeControls, t = 1.8995
[2023-08-15 22:12:23.888] [info] CMC::computeControls, t = 1.90050
[2023-08-15 22:12:23.918] [info] CMC::computeControls, t = 1.90150
[2023-08-15 22:12:23.948] [info] CMC::computeControls, t = 1.90250
[2023-08-15 22:12:23.975] [info] CMC::computeControls, t = 1.90350
[2023-08-15 22:12:24.002] [info] CMC::computeControls, t = 1.90450
[2023-08-15 22:12:24.026] [info] CMC::computeControls, t = 1.90550
[2023-08-15 22:12:24.057] [info] CMC::computeControls, t = 1.90650
[2023-08-15 22:12:24.083] [info] CMC::computeControls, t = 1.90750
[2023-08-15 22:12:24.116] [info] CMC::computeControls, t = 1.90850
[2023-08-15 22:12:24.138] [info] CMC::computeControls, t = 1.90950
[2023-08-15 22:12:24.153] [info] CMC::computeControls, t = 1.91050
[2023-08-15 22:12:24.177] [info] CMC::computeControls, t = 1.9115
[2023-08-15 22:12:24.192] [info] CMC::computeControls, t = 1.9125
[2023-08-15 22:12:24.209] [info] CMC::computeControls, t = 1.9135
[2023-08-15 22:12:24.244] [info] CMC::computeControls, t = 1.9145
[2023-08-15 22:12:24.275] [info] CMC::computeControls, t = 1.9155
[2023-08-15 22:12:24.310] [info] CMC::computeControls, t = 1.9165
[2023-08-15 22:12:24.335] [info] CMC::computeControls, t = 1.9175
[2023-08-15 22:12:24.359] [info] CMC::computeControls, t = 1.9185
[2023-08-15 22:12:24.382] [info] CMC::computeControls, t = 1.9195
[2023-08-15 22:12:24.398] [info] CMC::computeControls, t = 1.92050
[2023-08-15 22:12:24.414] [info] CMC::computeControls, t = 1.9215
[2023-08-15 22:12:24.429] [info] CMC::computeControls, t = 1.9225
[2023-08-15 22:12:24.445] [info] CMC::computeControls, t = 1.9235
[2023-08-15 22:12:24.473] [info] CMC::computeControls, t = 1.9245
[2023-08-15 22:12:24.494] [info] CMC::computeControls, t = 1.9255
[2023-08-15 22:12:24.510] [info] CMC::computeControls, t = 1.9265
[2023-08-15 22:12:24.530] [info] CMC::computeControls, t = 1.9275
[2023-08-15 22:12:24.552] [info] CMC::computeControls, t = 1.9285
[2023-08-15 22:12:24.578] [info] CMC::computeControls, t = 1.9295
[2023-08-15 22:12:24.604] [info] CMC::computeControls, t = 1.93050
[2023-08-15 22:12:24.623] [info] CMC::computeControls, t = 1.9315
[2023-08-15 22:12:24.647] [info] CMC::computeControls, t = 1.9325
[2023-08-15 22:12:24.663] [info] CMC::computeControls, t = 1.9335
[2023-08-15 22:12:24.690] [info] CMC::computeControls, t = 1.9345
[2023-08-15 22:12:24.715] [info] CMC::computeControls, t = 1.9355
[2023-08-15 22:12:24.738] [info] CMC::computeControls, t = 1.9365
[2023-08-15 22:12:24.768] [info] CMC::computeControls, t = 1.9375
[2023-08-15 22:12:24.805] [info] CMC::computeControls, t = 1.9385
[2023-08-15 22:12:24.828] [info] CMC::computeControls, t = 1.9395
[2023-08-15 22:12:24.844] [info] CMC::computeControls, t = 1.94050
[2023-08-15 22:12:24.862] [info] CMC::computeControls, t = 1.9415
[2023-08-15 22:12:24.891] [info] CMC::computeControls, t = 1.9425
[2023-08-15 22:12:24.920] [info] CMC::computeControls, t = 1.9435
[2023-08-15 22:12:24.954] [info] CMC::computeControls, t = 1.9445
[2023-08-15 22:12:24.981] [info] CMC::computeControls, t = 1.9455
[2023-08-15 22:12:25.004] [info] CMC::computeControls, t = 1.9465
[2023-08-15 22:12:25.034] [info] CMC::computeControls, t = 1.9475
[2023-08-15 22:12:25.054] [info] CMC::computeControls, t = 1.9485
[2023-08-15 22:12:25.079] [info] CMC::computeControls, t = 1.9495
[2023-08-15 22:12:25.104] [info] CMC::computeControls, t = 1.95050
[2023-08-15 22:12:25.126] [info] CMC::computeControls, t = 1.9515
[2023-08-15 22:12:25.153] [info] CMC::computeControls, t = 1.9525
[2023-08-15 22:12:25.181] [info] CMC::computeControls, t = 1.9535
[2023-08-15 22:12:25.199] [info] CMC::computeControls, t = 1.9545
[2023-08-15 22:12:25.234] [info] CMC::computeControls, t = 1.9555
[2023-08-15 22:12:25.254] [info] CMC::computeControls, t = 1.9565
[2023-08-15 22:12:25.290] [info] CMC::computeControls, t = 1.9575
[2023-08-15 22:12:25.325] [info] CMC::computeControls, t = 1.9585
[2023-08-15 22:12:25.358] [info] CMC::computeControls, t = 1.9595
[2023-08-15 22:12:25.376] [info] CMC::computeControls, t = 1.96050
[2023-08-15 22:12:25.411] [info] CMC::computeControls, t = 1.9615
[2023-08-15 22:12:25.433] [info] CMC::computeControls, t = 1.9625
[2023-08-15 22:12:25.452] [info] CMC::computeControls, t = 1.9635
[2023-08-15 22:12:25.484] [info] CMC::computeControls, t = 1.9645
[2023-08-15 22:12:25.520] [info] CMC::computeControls, t = 1.9655
[2023-08-15 22:12:25.547] [info] CMC::computeControls, t = 1.9665
[2023-08-15 22:12:25.569] [info] CMC::computeControls, t = 1.9675
[2023-08-15 22:12:25.584] [info] CMC::computeControls, t = 1.9685
[2023-08-15 22:12:25.608] [info] CMC::computeControls, t = 1.9695
[2023-08-15 22:12:25.632] [info] CMC::computeControls, t = 1.97050
[2023-08-15 22:12:25.659] [info] CMC::computeControls, t = 1.9715
[2023-08-15 22:12:25.692] [info] CMC::computeControls, t = 1.9725
[2023-08-15 22:12:25.708] [info] CMC::computeControls, t = 1.9735
[2023-08-15 22:12:25.735] [info] CMC::computeControls, t = 1.9745
[2023-08-15 22:12:25.757] [info] CMC::computeControls, t = 1.9755
[2023-08-15 22:12:25.781] [info] CMC::computeControls, t = 1.9765
[2023-08-15 22:12:25.801] [info] CMC::computeControls, t = 1.9775
[2023-08-15 22:12:25.817] [info] CMC::computeControls, t = 1.9785
[2023-08-15 22:12:25.844] [info] CMC::computeControls, t = 1.9795
[2023-08-15 22:12:25.877] [info] CMC::computeControls, t = 1.98050
[2023-08-15 22:12:25.902] [info] CMC::computeControls, t = 1.9815
[2023-08-15 22:12:25.936] [info] CMC::computeControls, t = 1.9825
[2023-08-15 22:12:25.960] [info] CMC::computeControls, t = 1.9835
[2023-08-15 22:12:25.980] [info] CMC::computeControls, t = 1.9845
[2023-08-15 22:12:26.012] [info] CMC::computeControls, t = 1.9855
[2023-08-15 22:12:26.038] [info] CMC::computeControls, t = 1.9865
[2023-08-15 22:12:26.066] [info] CMC::computeControls, t = 1.9875
[2023-08-15 22:12:26.085] [info] CMC::computeControls, t = 1.9885
[2023-08-15 22:12:26.100] [info] CMC::computeControls, t = 1.9895
[2023-08-15 22:12:26.124] [info] CMC::computeControls, t = 1.99050
[2023-08-15 22:12:26.161] [info] CMC::computeControls, t = 1.9915
[2023-08-15 22:12:26.187] [info] CMC::computeControls, t = 1.9925
[2023-08-15 22:12:26.210] [info] CMC::computeControls, t = 1.9935
[2023-08-15 22:12:26.243] [info] CMC::computeControls, t = 1.9945
[2023-08-15 22:12:26.268] [info] CMC::computeControls, t = 1.9955
[2023-08-15 22:12:26.285] [info] CMC::computeControls, t = 1.9965
[2023-08-15 22:12:26.306] [info] CMC::computeControls, t = 1.9975
[2023-08-15 22:12:26.322] [info] CMC::computeControls, t = 1.9985
[2023-08-15 22:12:26.351] [info] CMC::computeControls, t = 1.9995
[2023-08-15 22:12:26.383] [info] CMC::computeControls, t = 2.00050
[2023-08-15 22:12:26.403] [info] CMC::computeControls, t = 2.00150
[2023-08-15 22:12:26.432] [info] CMC::computeControls, t = 2.00250
[2023-08-15 22:12:26.455] [info] CMC::computeControls, t = 2.00350
[2023-08-15 22:12:26.489] [info] CMC::computeControls, t = 2.00450
[2023-08-15 22:12:26.514] [info] CMC::computeControls, t = 2.00550
[2023-08-15 22:12:26.536] [info] CMC::computeControls, t = 2.00650
[2023-08-15 22:12:26.577] [info] CMC::computeControls, t = 2.00750
[2023-08-15 22:12:26.600] [info] CMC::computeControls, t = 2.00850
[2023-08-15 22:12:26.615] [info] CMC::computeControls, t = 2.00950
[2023-08-15 22:12:26.631] [info] CMC::computeControls, t = 2.01050
[2023-08-15 22:12:26.646] [info] CMC::computeControls, t = 2.0115
[2023-08-15 22:12:26.672] [info] CMC::computeControls, t = 2.0125
[2023-08-15 22:12:26.688] [info] CMC::computeControls, t = 2.0135
[2023-08-15 22:12:26.708] [info] CMC::computeControls, t = 2.0145
[2023-08-15 22:12:26.735] [info] CMC::computeControls, t = 2.0155
[2023-08-15 22:12:26.770] [info] CMC::computeControls, t = 2.0165
[2023-08-15 22:12:26.808] [info] CMC::computeControls, t = 2.0175
[2023-08-15 22:12:26.843] [info] CMC::computeControls, t = 2.0185
[2023-08-15 22:12:26.868] [info] CMC::computeControls, t = 2.0195
[2023-08-15 22:12:26.886] [info] CMC::computeControls, t = 2.02050
[2023-08-15 22:12:26.923] [info] CMC::computeControls, t = 2.0215
[2023-08-15 22:12:26.939] [info] CMC::computeControls, t = 2.0225
[2023-08-15 22:12:26.964] [info] CMC::computeControls, t = 2.0235
[2023-08-15 22:12:26.985] [info] CMC::computeControls, t = 2.0245
[2023-08-15 22:12:27.014] [info] CMC::computeControls, t = 2.0255
[2023-08-15 22:12:27.044] [info] CMC::computeControls, t = 2.0265
[2023-08-15 22:12:27.065] [info] CMC::computeControls, t = 2.0275
[2023-08-15 22:12:27.090] [info] CMC::computeControls, t = 2.0285
[2023-08-15 22:12:27.113] [info] CMC::computeControls, t = 2.0295
[2023-08-15 22:12:27.144] [info] CMC::computeControls, t = 2.03050
[2023-08-15 22:12:27.174] [info] CMC::computeControls, t = 2.0315
[2023-08-15 22:12:27.198] [info] CMC::computeControls, t = 2.0325
[2023-08-15 22:12:27.225] [info] CMC::computeControls, t = 2.0335
[2023-08-15 22:12:27.245] [info] CMC::computeControls, t = 2.0345
[2023-08-15 22:12:27.270] [info] CMC::computeControls, t = 2.0355
[2023-08-15 22:12:27.293] [info] CMC::computeControls, t = 2.0365
[2023-08-15 22:12:27.317] [info] CMC::computeControls, t = 2.0375
[2023-08-15 22:12:27.336] [info] CMC::computeControls, t = 2.0385
[2023-08-15 22:12:27.359] [info] CMC::computeControls, t = 2.0395
[2023-08-15 22:12:27.387] [info] CMC::computeControls, t = 2.04050
[2023-08-15 22:12:27.409] [info] CMC::computeControls, t = 2.0415
[2023-08-15 22:12:27.425] [info] CMC::computeControls, t = 2.0425
[2023-08-15 22:12:27.441] [info] CMC::computeControls, t = 2.0435
[2023-08-15 22:12:27.457] [info] CMC::computeControls, t = 2.0445
[2023-08-15 22:12:27.492] [info] CMC::computeControls, t = 2.0455
[2023-08-15 22:12:27.507] [info] CMC::computeControls, t = 2.0465
[2023-08-15 22:12:27.524] [info] CMC::computeControls, t = 2.0475
[2023-08-15 22:12:27.539] [info] CMC::computeControls, t = 2.0485
[2023-08-15 22:12:27.558] [info] CMC::computeControls, t = 2.0495
[2023-08-15 22:12:27.589] [info] CMC::computeControls, t = 2.05050
[2023-08-15 22:12:27.608] [info] CMC::computeControls, t = 2.0515
[2023-08-15 22:12:27.627] [info] CMC::computeControls, t = 2.0525
[2023-08-15 22:12:27.651] [info] CMC::computeControls, t = 2.0535
[2023-08-15 22:12:27.666] [info] CMC::computeControls, t = 2.0545
[2023-08-15 22:12:27.692] [info] CMC::computeControls, t = 2.0555
[2023-08-15 22:12:27.716] [info] CMC::computeControls, t = 2.0565
[2023-08-15 22:12:27.743] [info] CMC::computeControls, t = 2.0575
[2023-08-15 22:12:27.762] [info] CMC::computeControls, t = 2.0585
[2023-08-15 22:12:27.791] [info] CMC::computeControls, t = 2.0595
[2023-08-15 22:12:27.809] [info] CMC::computeControls, t = 2.06050
[2023-08-15 22:12:27.824] [info] CMC::computeControls, t = 2.0615
[2023-08-15 22:12:27.861] [info] CMC::computeControls, t = 2.0625
[2023-08-15 22:12:27.892] [info] CMC::computeControls, t = 2.0635
[2023-08-15 22:12:27.930] [info] CMC::computeControls, t = 2.0645
[2023-08-15 22:12:27.970] [info] CMC::computeControls, t = 2.0655
[2023-08-15 22:12:28.006] [info] CMC::computeControls, t = 2.0665
[2023-08-15 22:12:28.022] [info] CMC::computeControls, t = 2.0675
[2023-08-15 22:12:28.042] [info] CMC::computeControls, t = 2.0685
[2023-08-15 22:12:28.068] [info] CMC::computeControls, t = 2.0695
[2023-08-15 22:12:28.105] [info] CMC::computeControls, t = 2.07050
[2023-08-15 22:12:28.146] [info] CMC::computeControls, t = 2.0715
[2023-08-15 22:12:28.170] [info] CMC::computeControls, t = 2.0725
[2023-08-15 22:12:28.187] [info] CMC::computeControls, t = 2.0735
[2023-08-15 22:12:28.213] [info] CMC::computeControls, t = 2.0745
[2023-08-15 22:12:28.236] [info] CMC::computeControls, t = 2.0755
[2023-08-15 22:12:28.259] [info] CMC::computeControls, t = 2.0765
[2023-08-15 22:12:28.275] [info] CMC::computeControls, t = 2.0775
[2023-08-15 22:12:28.290] [info] CMC::computeControls, t = 2.0785
[2023-08-15 22:12:28.306] [info] CMC::computeControls, t = 2.0795
[2023-08-15 22:12:28.321] [info] CMC::computeControls, t = 2.08050
[2023-08-15 22:12:28.348] [info] CMC::computeControls, t = 2.0815
[2023-08-15 22:12:28.366] [info] CMC::computeControls, t = 2.0825
[2023-08-15 22:12:28.387] [info] CMC::computeControls, t = 2.0835
[2023-08-15 22:12:28.407] [info] CMC::computeControls, t = 2.0845
[2023-08-15 22:12:28.425] [info] CMC::computeControls, t = 2.0855
[2023-08-15 22:12:28.453] [info] CMC::computeControls, t = 2.0865
[2023-08-15 22:12:28.475] [info] CMC::computeControls, t = 2.0875
[2023-08-15 22:12:28.506] [info] CMC::computeControls, t = 2.0885
[2023-08-15 22:12:28.527] [info] CMC::computeControls, t = 2.0895
[2023-08-15 22:12:28.542] [info] CMC::computeControls, t = 2.09050
[2023-08-15 22:12:28.561] [info] CMC::computeControls, t = 2.0915
[2023-08-15 22:12:28.587] [info] CMC::computeControls, t = 2.0925
[2023-08-15 22:12:28.620] [info] CMC::computeControls, t = 2.0935
[2023-08-15 22:12:28.636] [info] CMC::computeControls, t = 2.0945
[2023-08-15 22:12:28.660] [info] CMC::computeControls, t = 2.0955
[2023-08-15 22:12:28.685] [info] CMC::computeControls, t = 2.0965
[2023-08-15 22:12:28.701] [info] CMC::computeControls, t = 2.0975
[2023-08-15 22:12:28.726] [info] CMC::computeControls, t = 2.0985
[2023-08-15 22:12:28.742] [info] CMC::computeControls, t = 2.0995
[2023-08-15 22:12:28.757] [info] CMC::computeControls, t = 2.10050
[2023-08-15 22:12:28.780] [info] CMC::computeControls, t = 2.10150
[2023-08-15 22:12:28.807] [info] CMC::computeControls, t = 2.10250
[2023-08-15 22:12:28.823] [info] CMC::computeControls, t = 2.10350
[2023-08-15 22:12:28.840] [info] CMC::computeControls, t = 2.10450
[2023-08-15 22:12:28.863] [info] CMC::computeControls, t = 2.10550
[2023-08-15 22:12:28.882] [info] CMC::computeControls, t = 2.10650
[2023-08-15 22:12:28.919] [info] CMC::computeControls, t = 2.10750
[2023-08-15 22:12:28.954] [info] CMC::computeControls, t = 2.10850
[2023-08-15 22:12:28.971] [info] CMC::computeControls, t = 2.10950
[2023-08-15 22:12:28.995] [info] CMC::computeControls, t = 2.11050
[2023-08-15 22:12:29.011] [info] CMC::computeControls, t = 2.1115
[2023-08-15 22:12:29.030] [info] CMC::computeControls, t = 2.1125
[2023-08-15 22:12:29.050] [info] CMC::computeControls, t = 2.1135
[2023-08-15 22:12:29.070] [info] CMC::computeControls, t = 2.1145
[2023-08-15 22:12:29.087] [info] CMC::computeControls, t = 2.1155
[2023-08-15 22:12:29.109] [info] CMC::computeControls, t = 2.1165
[2023-08-15 22:12:29.136] [info] CMC::computeControls, t = 2.1175
[2023-08-15 22:12:29.158] [info] CMC::computeControls, t = 2.1185
[2023-08-15 22:12:29.192] [info] CMC::computeControls, t = 2.1195
[2023-08-15 22:12:29.217] [info] CMC::computeControls, t = 2.12050
[2023-08-15 22:12:29.241] [info] CMC::computeControls, t = 2.1215
[2023-08-15 22:12:29.258] [info] CMC::computeControls, t = 2.1225
[2023-08-15 22:12:29.282] [info] CMC::computeControls, t = 2.1235
[2023-08-15 22:12:29.312] [info] CMC::computeControls, t = 2.1245
[2023-08-15 22:12:29.339] [info] CMC::computeControls, t = 2.1255
[2023-08-15 22:12:29.370] [info] CMC::computeControls, t = 2.1265
[2023-08-15 22:12:29.391] [info] -------------------------------------------
[2023-08-15 22:12:29.391] [info] Finished tracking the specified kinematics:
[2023-08-15 22:12:29.392] [info] -------------------------------------------
[2023-08-15 22:12:29.392] [info]  -- Start time = Tue Aug 15 22:12:14 2023
[2023-08-15 22:12:29.392] [info]  -- Finish time = Tue Aug 15 22:12:29 2023
[2023-08-15 22:12:29.392] [info]  -- Elapsed time = 15.0 seconds.
[2023-08-15 22:12:29.392] [info] -------------------------------------------
[2023-08-15 22:12:29.392] [info] 
[2023-08-15 22:12:29.392] [info] Printing results of investigation subject04_run5_cycle3_iter2 to cycle3/
[2023-08-15 22:12:30.035] [info] 

************************************************************
*      Summary of Mass Adjustments to Reduce Residuals     *
************************************************************
* Body adjusted: torso
* Mass Center (COM) adjustment: dx =0.0924047, dz =-0.0173935
* New COM location: ~[-0.0424021,0.34645,-0.00886717]
************************************************************
* Recommended mass adjustments:                             
*  Total mass change: -0.210421
*  pelvis: orig mass = 12.813, new mass = 12.78
*  femur_r: orig mass = 10.1196, new mass = 10.0936
*  tibia_r: orig mass = 4.03364, new mass = 4.02326
*  talus_r: orig mass = 0.108797, new mass = 0.108517
*  calcn_r: orig mass = 1.35996, new mass = 1.35646
*  toes_r: orig mass = 0.235654, new mass = 0.235048
*  femur_l: orig mass = 10.1196, new mass = 10.0936
*  tibia_l: orig mass = 4.03364, new mass = 4.02326
*  talus_l: orig mass = 0.108797, new mass = 0.108517
*  calcn_l: orig mass = 1.35996, new mass = 1.35646
*  toes_l: orig mass = 0.235654, new mass = 0.235048
*  torso: orig mass = 29.1865, new mass = 29.1114
*  humerus_r: orig mass = 2.21129, new mass = 2.2056
*  ulna_r: orig mass = 0.66094, new mass = 0.659239
*  radius_r: orig mass = 0.66094, new mass = 0.659239
*  hand_r: orig mass = 0.497745, new mass = 0.496464
*  humerus_l: orig mass = 2.21129, new mass = 2.2056
*  ulna_l: orig mass = 0.66094, new mass = 0.659239
*  radius_l: orig mass = 0.66094, new mass = 0.659239
*  hand_l: orig mass = 0.497745, new mass = 0.496464
************************************************************
* Note: Edit the model to make recommended adjustments to  *
*       mass properties.                                   *
************************************************************

* Average residuals before adjusting torso COM:
*  FX=8.82318 FY=2.06352 FZ=-1.89085
*  MX=4.9784 MY=-2.06089 MZ=26.4482
************************************************************
* Average residuals after adjusting torso COM:
*  FX=9.07864 FY=1.8782 FZ=-2.17733
*  MX=-0.625404 MY=-2.39269 MZ=1.11682
************************************************************


[2023-08-15 22:12:30.035] [info] 
************************************************************
*                   Final Average Residuals                *
************************************************************
* After torso COM and Kinematics adjustments:
*  FX=1.15794 FY=-0.818754 FZ=0.574072
*  MX=-3.42867 MY=-2.07706 MZ=1.63551
************************************************************


