[2023-08-15 21:58:14.345] [info] Storage: read data file = ..\rra1\cycle1\subject01_run5_cycle1_iter1_Kinematics_q.sto (nr=640 nc=38)
[2023-08-15 21:58:14.364] [info] Storage: read data file = ..\rra1\cycle1\subject01_run5_cycle1_iter1_Kinematics_q.sto (nr=640 nc=38)
[2023-08-15 21:58:14.398] [info] AbstractTool subject01_run5_cycle1_iter2 loading model ..\rra1\cycle1\subject01_run5_cycle1_rraAdjusted_iter1.osim
[2023-08-15 21:58:14.432] [info] Loaded model subject01_scaled from file ..\rra1\cycle1\subject01_run5_cycle1_rraAdjusted_iter1.osim
[2023-08-15 21:58:14.460] [info] Adding force object set from ..\subject01_run5_RRA_Actuators.xml
[2023-08-15 21:58:14.465] [info] Running tool subject01_run5_cycle1_iter2.
[2023-08-15 21:58:14.476] [warning] ExternalLoads 'externalloads' has subcomponents with duplicate name 'externalforce'. The duplicate is being renamed to 'externalforce_0'.
[2023-08-15 21:58:14.487] [info] 	taskSet size = 29.
[2023-08-15 21:58:14.526] [info] ExternalForce::externalforce Data source being set to Run_500 02_newCOP3_v24.mot
[2023-08-15 21:58:14.526] [info] ExternalForce::externalforce_0 Data source being set to Run_500 02_newCOP3_v24.mot
[2023-08-15 21:58:14.528] [warning] A desired points file was not specified.
[2023-08-15 21:58:14.528] [info] Loading desired kinematics from file '..\rra1\cycle1\subject01_run5_cycle1_iter1_Kinematics_q.sto'...
[2023-08-15 21:58:14.528] [info] Storage: read data file = ..\rra1\cycle1\subject01_run5_cycle1_iter1_Kinematics_q.sto (nr=640 nc=38)
[2023-08-15 21:58:14.548] [info] Not filtering the desired kinematics.
[2023-08-15 21:58:14.548] [cout] [info] MODEL: subject01_scaled

numStates = 74
numCoordinates = 37
numSpeeds = 37
numActuators = 29
numBodies = 20
numConstraints = 0
numProbes = 0

ANALYSES (total: 0)

BODIES (total: 20)
body[0] = pelvis. mass: 11.5218
              moments of inertia:  ~[0.0967035,0.0967035,0.0562156]
              products of inertia: ~[0,0,0]
body[1] = femur_r. mass: 9.09988
              moments of inertia:  ~[0.170153,0.0446031,0.179429]
              products of inertia: ~[0,0,0]
body[2] = tibia_r. mass: 3.62717
              moments of inertia:  ~[0.0546712,0.0055322,0.0554305]
              products of inertia: ~[0,0,0]
body[3] = talus_r. mass: 0.0978334
              moments of inertia:  ~[0.00142711,0.00142711,0.00142711]
              products of inertia: ~[0,0,0]
body[4] = calcn_r. mass: 1.22292
              moments of inertia:  ~[0.00199795,0.00556571,0.00585113]
              products of inertia: ~[0,0,0]
body[5] = toes_r. mass: 0.211907
              moments of inertia:  ~[0.000142711,0.000285421,0.00142711]
              products of inertia: ~[0,0,0]
body[6] = femur_l. mass: 9.09988
              moments of inertia:  ~[0.170153,0.0446031,0.179429]
              products of inertia: ~[0,0,0]
body[7] = tibia_l. mass: 3.62717
              moments of inertia:  ~[0.0546712,0.0055322,0.0554305]
              products of inertia: ~[0,0,0]
body[8] = talus_l. mass: 0.0978334
              moments of inertia:  ~[0.00142711,0.00142711,0.00142711]
              products of inertia: ~[0,0,0]
body[9] = calcn_l. mass: 1.22292
              moments of inertia:  ~[0.00199795,0.00556571,0.00585113]
              products of inertia: ~[0,0,0]
body[10] = toes_l. mass: 0.211907
              moments of inertia:  ~[0.000142711,0.000285421,0.00142711]
              products of inertia: ~[0,0,0]
body[11] = torso. mass: 26.2454
              moments of inertia:  ~[1.50848,0.77291,1.46439]
              products of inertia: ~[0,0,0]
body[12] = humerus_r. mass: 1.98846
              moments of inertia:  ~[0.0141243,0.00487245,0.0158541]
              products of inertia: ~[0,0,0]
body[13] = ulna_r. mass: 0.594338
              moments of inertia:  ~[0.00354855,0.00074038,0.00384926]
              products of inertia: ~[0,0,0]
body[14] = radius_r. mass: 0.594338
              moments of inertia:  ~[0.00354855,0.00074038,0.00384926]
              products of inertia: ~[0,0,0]
body[15] = hand_r. mass: 0.447588
              moments of inertia:  ~[0.00106864,0.00065532,0.00160535]
              products of inertia: ~[0,0,0]
body[16] = humerus_l. mass: 1.98846
              moments of inertia:  ~[0.0143116,0.00493706,0.0160643]
              products of inertia: ~[0,0,0]
body[17] = ulna_l. mass: 0.594338
              moments of inertia:  ~[0.00354855,0.00074038,0.00384926]
              products of inertia: ~[0,0,0]
body[18] = radius_l. mass: 0.594338
              moments of inertia:  ~[0.00354855,0.00074038,0.00384926]
              products of inertia: ~[0,0,0]
body[19] = hand_l. mass: 0.447588
              moments of inertia:  ~[0.00106864,0.00065532,0.00160535]
              products of inertia: ~[0,0,0]

JOINTS (total: 20)
joint[0] = ground_pelvis. parent: ground_offset, child: pelvis_offset
joint[1] = hip_r. parent: pelvis_offset, child: femur_r_offset
joint[2] = knee_r. parent: femur_r_offset, child: tibia_r_offset
joint[3] = ankle_r. parent: tibia_r_offset, child: talus_r_offset
joint[4] = subtalar_r. parent: talus_r_offset, child: calcn_r_offset
joint[5] = mtp_r. parent: calcn_r_offset, child: toes_r_offset
joint[6] = hip_l. parent: pelvis_offset, child: femur_l_offset
joint[7] = knee_l. parent: femur_l_offset, child: tibia_l_offset
joint[8] = ankle_l. parent: tibia_l_offset, child: talus_l_offset
joint[9] = subtalar_l. parent: talus_l_offset, child: calcn_l_offset
joint[10] = mtp_l. parent: calcn_l_offset, child: toes_l_offset
joint[11] = back. parent: pelvis_offset, child: torso_offset
joint[12] = acromial_r. parent: torso_offset, child: humerus_r_offset
joint[13] = elbow_r. parent: humerus_r_offset, child: ulna_r_offset
joint[14] = radioulnar_r. parent: ulna_r_offset, child: radius_r_offset
joint[15] = radius_hand_r. parent: radius_r_offset, child: hand_r_offset
joint[16] = acromial_l. parent: torso_offset, child: humerus_l_offset
joint[17] = elbow_l. parent: humerus_l_offset, child: ulna_l_offset
joint[18] = radioulnar_l. parent: ulna_l_offset, child: radius_l_offset
joint[19] = radius_hand_l. parent: radius_l_offset, child: hand_l_offset

ACTUATORS (total: 29)
actuator[0] = FX
actuator[1] = FY
actuator[2] = FZ
actuator[3] = MZ
actuator[4] = MX
actuator[5] = MY
actuator[6] = hip_flexion_r
actuator[7] = hip_adduction_r
actuator[8] = hip_rotation_r
actuator[9] = knee_angle_r
actuator[10] = ankle_angle_r
actuator[11] = hip_flexion_l
actuator[12] = hip_adduction_l
actuator[13] = hip_rotation_l
actuator[14] = knee_angle_l
actuator[15] = ankle_angle_l
actuator[16] = lumbar_extension
actuator[17] = lumbar_bending
actuator[18] = lumbar_rotation
actuator[19] = arm_flex_r
actuator[20] = arm_add_r
actuator[21] = arm_rot_r
actuator[22] = elbow_flex_r
actuator[23] = pro_sup_r
actuator[24] = arm_flex_l
actuator[25] = arm_add_l
actuator[26] = arm_rot_l
actuator[27] = elbow_flex_l
actuator[28] = pro_sup_l

STATES (total: 74)
y[0] = /jointset/ground_pelvis/pelvis_tilt/value
y[1] = /jointset/ground_pelvis/pelvis_tilt/speed
y[2] = /jointset/ground_pelvis/pelvis_list/value
y[3] = /jointset/ground_pelvis/pelvis_list/speed
y[4] = /jointset/ground_pelvis/pelvis_rotation/value
y[5] = /jointset/ground_pelvis/pelvis_rotation/speed
y[6] = /jointset/ground_pelvis/pelvis_tx/value
y[7] = /jointset/ground_pelvis/pelvis_tx/speed
y[8] = /jointset/ground_pelvis/pelvis_ty/value
y[9] = /jointset/ground_pelvis/pelvis_ty/speed
y[10] = /jointset/ground_pelvis/pelvis_tz/value
y[11] = /jointset/ground_pelvis/pelvis_tz/speed
y[12] = /jointset/hip_r/hip_flexion_r/value
y[13] = /jointset/hip_r/hip_flexion_r/speed
y[14] = /jointset/hip_r/hip_adduction_r/value
y[15] = /jointset/hip_r/hip_adduction_r/speed
y[16] = /jointset/hip_r/hip_rotation_r/value
y[17] = /jointset/hip_r/hip_rotation_r/speed
y[18] = /jointset/knee_r/knee_angle_r/value
y[19] = /jointset/knee_r/knee_angle_r/speed
y[20] = /jointset/ankle_r/ankle_angle_r/value
y[21] = /jointset/ankle_r/ankle_angle_r/speed
y[22] = /jointset/subtalar_r/subtalar_angle_r/value
y[23] = /jointset/subtalar_r/subtalar_angle_r/speed
y[24] = /jointset/mtp_r/mtp_angle_r/value
y[25] = /jointset/mtp_r/mtp_angle_r/speed
y[26] = /jointset/hip_l/hip_flexion_l/value
y[27] = /jointset/hip_l/hip_flexion_l/speed
y[28] = /jointset/hip_l/hip_adduction_l/value
y[29] = /jointset/hip_l/hip_adduction_l/speed
y[30] = /jointset/hip_l/hip_rotation_l/value
y[31] = /jointset/hip_l/hip_rotation_l/speed
y[32] = /jointset/knee_l/knee_angle_l/value
y[33] = /jointset/knee_l/knee_angle_l/speed
y[34] = /jointset/ankle_l/ankle_angle_l/value
y[35] = /jointset/ankle_l/ankle_angle_l/speed
y[36] = /jointset/subtalar_l/subtalar_angle_l/value
y[37] = /jointset/subtalar_l/subtalar_angle_l/speed
y[38] = /jointset/mtp_l/mtp_angle_l/value
y[39] = /jointset/mtp_l/mtp_angle_l/speed
y[40] = /jointset/back/lumbar_extension/value
y[41] = /jointset/back/lumbar_extension/speed
y[42] = /jointset/back/lumbar_bending/value
y[43] = /jointset/back/lumbar_bending/speed
y[44] = /jointset/back/lumbar_rotation/value
y[45] = /jointset/back/lumbar_rotation/speed
y[46] = /jointset/acromial_r/arm_flex_r/value
y[47] = /jointset/acromial_r/arm_flex_r/speed
y[48] = /jointset/acromial_r/arm_add_r/value
y[49] = /jointset/acromial_r/arm_add_r/speed
y[50] = /jointset/acromial_r/arm_rot_r/value
y[51] = /jointset/acromial_r/arm_rot_r/speed
y[52] = /jointset/elbow_r/elbow_flex_r/value
y[53] = /jointset/elbow_r/elbow_flex_r/speed
y[54] = /jointset/radioulnar_r/pro_sup_r/value
y[55] = /jointset/radioulnar_r/pro_sup_r/speed
y[56] = /jointset/radius_hand_r/wrist_flex_r/value
y[57] = /jointset/radius_hand_r/wrist_flex_r/speed
y[58] = /jointset/radius_hand_r/wrist_dev_r/value
y[59] = /jointset/radius_hand_r/wrist_dev_r/speed
y[60] = /jointset/acromial_l/arm_flex_l/value
y[61] = /jointset/acromial_l/arm_flex_l/speed
y[62] = /jointset/acromial_l/arm_add_l/value
y[63] = /jointset/acromial_l/arm_add_l/speed
y[64] = /jointset/acromial_l/arm_rot_l/value
y[65] = /jointset/acromial_l/arm_rot_l/speed
y[66] = /jointset/elbow_l/elbow_flex_l/value
y[67] = /jointset/elbow_l/elbow_flex_l/speed
y[68] = /jointset/radioulnar_l/pro_sup_l/value
y[69] = /jointset/radioulnar_l/pro_sup_l/speed
y[70] = /jointset/radius_hand_l/wrist_flex_l/value
y[71] = /jointset/radius_hand_l/wrist_flex_l/speed
y[72] = /jointset/radius_hand_l/wrist_dev_l/value
y[73] = /jointset/radius_hand_l/wrist_dev_l/speed

[2023-08-15 21:58:14.687] [warning] Coordinate.setValue:  coordinate subtalar_angle_r is locked. Unable to change its value.
[2023-08-15 21:58:14.687] [warning] Coordinate.setValue:  coordinate mtp_angle_r is locked. Unable to change its value.
[2023-08-15 21:58:14.687] [warning] Coordinate.setValue:  coordinate subtalar_angle_l is locked. Unable to change its value.
[2023-08-15 21:58:14.687] [warning] Coordinate.setValue:  coordinate mtp_angle_l is locked. Unable to change its value.
[2023-08-15 21:58:14.687] [warning] Coordinate.setValue:  coordinate wrist_flex_r is locked. Unable to change its value.
[2023-08-15 21:58:14.687] [warning] Coordinate.setValue:  coordinate wrist_dev_r is locked. Unable to change its value.
[2023-08-15 21:58:14.687] [warning] Coordinate.setValue:  coordinate wrist_flex_l is locked. Unable to change its value.
[2023-08-15 21:58:14.687] [warning] Coordinate.setValue:  coordinate wrist_dev_l is locked. Unable to change its value.
[2023-08-15 21:58:14.738] [info] Requested COM adjustment time range 0.549 to 1.142, clamped to nearest available data times: 0.549 to 1.142.
[2023-08-15 21:58:14.738] [info] Computing average residuals between 0.549 and 1.142...
[2023-08-15 21:58:14.781] [info] ExternalForce::externalforce Data source being set to Run_500 02_newCOP3_v24.mot
[2023-08-15 21:58:14.781] [info] ExternalForce::externalforce_0 Data source being set to Run_500 02_newCOP3_v24.mot
[2023-08-15 21:58:14.816] [info] ExternalForce::externalforce Data source being set to Run_500 02_newCOP3_v24.mot
[2023-08-15 21:58:14.816] [info] ExternalForce::externalforce_0 Data source being set to Run_500 02_newCOP3_v24.mot
[2023-08-15 21:58:17.063] [info] ExternalForce::externalforce Data source being set to Run_500 02_newCOP3_v24.mot
[2023-08-15 21:58:17.063] [info] ExternalForce::externalforce_0 Data source being set to Run_500 02_newCOP3_v24.mot
[2023-08-15 21:58:17.065] [info] Computing average residuals between 0.549 and 1.142...
[2023-08-15 21:58:17.116] [info] ExternalForce::externalforce Data source being set to Run_500 02_newCOP3_v24.mot
[2023-08-15 21:58:17.116] [info] ExternalForce::externalforce_0 Data source being set to Run_500 02_newCOP3_v24.mot
[2023-08-15 21:58:17.153] [info] ExternalForce::externalforce Data source being set to Run_500 02_newCOP3_v24.mot
[2023-08-15 21:58:17.153] [info] ExternalForce::externalforce_0 Data source being set to Run_500 02_newCOP3_v24.mot
[2023-08-15 21:58:19.482] [info] Constructing function set for tracking desired kinematics...
[2023-08-15 21:58:19.774] [warning] No Actuation analysis found in analysis set, adding one...
[2023-08-15 21:58:19.775] [warning] No Kinematics analysis found in analysis set, adding one...
[2023-08-15 21:58:19.776] [info] Using the generalized coordinates specified in '..\rra1\cycle1\subject01_run5_cycle1_iter1_Kinematics_q.sto' to set the initial configuration.
[2023-08-15 21:58:19.847] [info] Using IPOPT optimizer algorithm.
[2023-08-15 21:58:19.847] [info] Setting optimizer print level to 0.
[2023-08-15 21:58:19.847] [info] Setting optimizer convergence tolerance to 1.0e-05.
[2023-08-15 21:58:19.847] [info] Setting optimizer maximum iterations to 2000.
[2023-08-15 21:58:19.847] [info] Setting cmc controller to not use verbose printing.

[2023-08-15 21:58:19.848] [info] CMC::computeControls, t = 0.549
[2023-08-15 21:58:20.239] [info] --------------------------------------------
[2023-08-15 21:58:20.239] [info] Using CMC to track the specified kinematics:
[2023-08-15 21:58:20.239] [info] --------------------------------------------
[2023-08-15 21:58:20.239] [info]  -- Integrating from 0.549 to 1.142
[2023-08-15 21:58:20.240] [info]  -- Start time = Tue Aug 15 21:58:20 2023
[2023-08-15 21:58:20.240] [info] --------------------------------------------
[2023-08-15 21:58:20.240] [info] 
[2023-08-15 21:58:20.243] [info] CMC::computeControls, t = 0.549
[2023-08-15 21:58:20.263] [info] CMC::computeControls, t = 0.55
[2023-08-15 21:58:20.264] [warning] Coordinate.setValue:  coordinate subtalar_angle_r is locked. Unable to change its value.
[2023-08-15 21:58:20.264] [warning] Coordinate.setValue:  coordinate mtp_angle_r is locked. Unable to change its value.
[2023-08-15 21:58:20.264] [warning] Coordinate.setValue:  coordinate subtalar_angle_l is locked. Unable to change its value.
[2023-08-15 21:58:20.264] [warning] Coordinate.setValue:  coordinate mtp_angle_l is locked. Unable to change its value.
[2023-08-15 21:58:20.264] [warning] Coordinate.setValue:  coordinate wrist_flex_r is locked. Unable to change its value.
[2023-08-15 21:58:20.264] [warning] Coordinate.setValue:  coordinate wrist_dev_r is locked. Unable to change its value.
[2023-08-15 21:58:20.264] [warning] Coordinate.setValue:  coordinate wrist_flex_l is locked. Unable to change its value.
[2023-08-15 21:58:20.264] [warning] Coordinate.setValue:  coordinate wrist_dev_l is locked. Unable to change its value.
[2023-08-15 21:58:20.283] [info] CMC::computeControls, t = 0.551
[2023-08-15 21:58:20.300] [info] CMC::computeControls, t = 0.552
[2023-08-15 21:58:20.316] [info] CMC::computeControls, t = 0.553
[2023-08-15 21:58:20.332] [info] CMC::computeControls, t = 0.554
[2023-08-15 21:58:20.347] [info] CMC::computeControls, t = 0.555
[2023-08-15 21:58:20.363] [info] CMC::computeControls, t = 0.556
[2023-08-15 21:58:20.378] [info] CMC::computeControls, t = 0.557
[2023-08-15 21:58:20.394] [info] CMC::computeControls, t = 0.558
[2023-08-15 21:58:20.409] [info] CMC::computeControls, t = 0.559
[2023-08-15 21:58:20.424] [info] CMC::computeControls, t = 0.56
[2023-08-15 21:58:20.439] [info] CMC::computeControls, t = 0.561
[2023-08-15 21:58:20.454] [info] CMC::computeControls, t = 0.562
[2023-08-15 21:58:20.469] [info] CMC::computeControls, t = 0.563
[2023-08-15 21:58:20.484] [info] CMC::computeControls, t = 0.564
[2023-08-15 21:58:20.500] [info] CMC::computeControls, t = 0.565
[2023-08-15 21:58:20.515] [info] CMC::computeControls, t = 0.566
[2023-08-15 21:58:20.530] [info] CMC::computeControls, t = 0.567
[2023-08-15 21:58:20.546] [info] CMC::computeControls, t = 0.568
[2023-08-15 21:58:20.561] [info] CMC::computeControls, t = 0.569
[2023-08-15 21:58:20.576] [info] CMC::computeControls, t = 0.57
[2023-08-15 21:58:20.592] [info] CMC::computeControls, t = 0.571
[2023-08-15 21:58:20.607] [info] CMC::computeControls, t = 0.572
[2023-08-15 21:58:20.623] [info] CMC::computeControls, t = 0.573
[2023-08-15 21:58:20.639] [info] CMC::computeControls, t = 0.574
[2023-08-15 21:58:20.654] [info] CMC::computeControls, t = 0.575
[2023-08-15 21:58:20.670] [info] CMC::computeControls, t = 0.576
[2023-08-15 21:58:20.685] [info] CMC::computeControls, t = 0.577
[2023-08-15 21:58:20.699] [info] CMC::computeControls, t = 0.578
[2023-08-15 21:58:20.715] [info] CMC::computeControls, t = 0.579
[2023-08-15 21:58:20.730] [info] CMC::computeControls, t = 0.58
[2023-08-15 21:58:20.745] [info] CMC::computeControls, t = 0.581
[2023-08-15 21:58:20.759] [info] CMC::computeControls, t = 0.582
[2023-08-15 21:58:20.775] [info] CMC::computeControls, t = 0.583
[2023-08-15 21:58:20.790] [info] CMC::computeControls, t = 0.584
[2023-08-15 21:58:20.805] [info] CMC::computeControls, t = 0.585
[2023-08-15 21:58:20.820] [info] CMC::computeControls, t = 0.586
[2023-08-15 21:58:20.835] [info] CMC::computeControls, t = 0.587
[2023-08-15 21:58:20.855] [info] CMC::computeControls, t = 0.588
[2023-08-15 21:58:20.871] [info] CMC::computeControls, t = 0.589
[2023-08-15 21:58:20.886] [info] CMC::computeControls, t = 0.59
[2023-08-15 21:58:20.902] [info] CMC::computeControls, t = 0.591
[2023-08-15 21:58:20.917] [info] CMC::computeControls, t = 0.592
[2023-08-15 21:58:20.932] [info] CMC::computeControls, t = 0.593
[2023-08-15 21:58:20.948] [info] CMC::computeControls, t = 0.594
[2023-08-15 21:58:20.963] [info] CMC::computeControls, t = 0.595
[2023-08-15 21:58:20.979] [info] CMC::computeControls, t = 0.596
[2023-08-15 21:58:20.995] [info] CMC::computeControls, t = 0.597
[2023-08-15 21:58:21.010] [info] CMC::computeControls, t = 0.598
[2023-08-15 21:58:21.026] [info] CMC::computeControls, t = 0.599
[2023-08-15 21:58:21.041] [info] CMC::computeControls, t = 0.6
[2023-08-15 21:58:21.057] [info] CMC::computeControls, t = 0.601000
[2023-08-15 21:58:21.073] [info] CMC::computeControls, t = 0.602000
[2023-08-15 21:58:21.089] [info] CMC::computeControls, t = 0.603000
[2023-08-15 21:58:21.104] [info] CMC::computeControls, t = 0.604000
[2023-08-15 21:58:21.120] [info] CMC::computeControls, t = 0.605000
[2023-08-15 21:58:21.134] [info] CMC::computeControls, t = 0.606000
[2023-08-15 21:58:21.149] [info] CMC::computeControls, t = 0.607000
[2023-08-15 21:58:21.164] [info] CMC::computeControls, t = 0.608000
[2023-08-15 21:58:21.180] [info] CMC::computeControls, t = 0.609000
[2023-08-15 21:58:21.196] [info] CMC::computeControls, t = 0.61
[2023-08-15 21:58:21.211] [info] CMC::computeControls, t = 0.611
[2023-08-15 21:58:21.227] [info] CMC::computeControls, t = 0.612
[2023-08-15 21:58:21.243] [info] CMC::computeControls, t = 0.613
[2023-08-15 21:58:21.258] [info] CMC::computeControls, t = 0.614
[2023-08-15 21:58:21.273] [info] CMC::computeControls, t = 0.615
[2023-08-15 21:58:21.288] [info] CMC::computeControls, t = 0.616
[2023-08-15 21:58:21.303] [info] CMC::computeControls, t = 0.617
[2023-08-15 21:58:21.318] [info] CMC::computeControls, t = 0.618
[2023-08-15 21:58:21.334] [info] CMC::computeControls, t = 0.619
[2023-08-15 21:58:21.349] [info] CMC::computeControls, t = 0.62
[2023-08-15 21:58:21.365] [info] CMC::computeControls, t = 0.621
[2023-08-15 21:58:21.385] [info] CMC::computeControls, t = 0.622
[2023-08-15 21:58:21.401] [info] CMC::computeControls, t = 0.623
[2023-08-15 21:58:21.416] [info] CMC::computeControls, t = 0.624
[2023-08-15 21:58:21.432] [info] CMC::computeControls, t = 0.625
[2023-08-15 21:58:21.447] [info] CMC::computeControls, t = 0.626
[2023-08-15 21:58:21.462] [info] CMC::computeControls, t = 0.627
[2023-08-15 21:58:21.478] [info] CMC::computeControls, t = 0.628
[2023-08-15 21:58:21.492] [info] CMC::computeControls, t = 0.629
[2023-08-15 21:58:21.507] [info] CMC::computeControls, t = 0.63
[2023-08-15 21:58:21.522] [info] CMC::computeControls, t = 0.631
[2023-08-15 21:58:21.537] [info] CMC::computeControls, t = 0.632
[2023-08-15 21:58:21.553] [info] CMC::computeControls, t = 0.633
[2023-08-15 21:58:21.572] [info] CMC::computeControls, t = 0.634
[2023-08-15 21:58:21.587] [info] CMC::computeControls, t = 0.635
[2023-08-15 21:58:21.602] [info] CMC::computeControls, t = 0.636
[2023-08-15 21:58:21.618] [info] CMC::computeControls, t = 0.637
[2023-08-15 21:58:21.638] [info] CMC::computeControls, t = 0.638
[2023-08-15 21:58:21.653] [info] CMC::computeControls, t = 0.639
[2023-08-15 21:58:21.668] [info] CMC::computeControls, t = 0.64
[2023-08-15 21:58:21.684] [info] CMC::computeControls, t = 0.641
[2023-08-15 21:58:21.700] [info] CMC::computeControls, t = 0.642
[2023-08-15 21:58:21.716] [info] CMC::computeControls, t = 0.643
[2023-08-15 21:58:21.731] [info] CMC::computeControls, t = 0.644
[2023-08-15 21:58:21.753] [info] CMC::computeControls, t = 0.645
[2023-08-15 21:58:21.768] [info] CMC::computeControls, t = 0.646
[2023-08-15 21:58:21.783] [info] CMC::computeControls, t = 0.647
[2023-08-15 21:58:21.798] [info] CMC::computeControls, t = 0.648
[2023-08-15 21:58:21.813] [info] CMC::computeControls, t = 0.649
[2023-08-15 21:58:21.828] [info] CMC::computeControls, t = 0.65
[2023-08-15 21:58:21.843] [info] CMC::computeControls, t = 0.651
[2023-08-15 21:58:21.858] [info] CMC::computeControls, t = 0.652
[2023-08-15 21:58:21.873] [info] CMC::computeControls, t = 0.653
[2023-08-15 21:58:21.889] [info] CMC::computeControls, t = 0.654
[2023-08-15 21:58:21.907] [info] CMC::computeControls, t = 0.655
[2023-08-15 21:58:21.921] [info] CMC::computeControls, t = 0.656
[2023-08-15 21:58:21.936] [info] CMC::computeControls, t = 0.657
[2023-08-15 21:58:21.952] [info] CMC::computeControls, t = 0.658
[2023-08-15 21:58:21.967] [info] CMC::computeControls, t = 0.659
[2023-08-15 21:58:21.983] [info] CMC::computeControls, t = 0.66
[2023-08-15 21:58:21.999] [info] CMC::computeControls, t = 0.661
[2023-08-15 21:58:22.015] [info] CMC::computeControls, t = 0.662
[2023-08-15 21:58:22.031] [info] CMC::computeControls, t = 0.663
[2023-08-15 21:58:22.046] [info] CMC::computeControls, t = 0.664
[2023-08-15 21:58:22.062] [info] CMC::computeControls, t = 0.665
[2023-08-15 21:58:22.077] [info] CMC::computeControls, t = 0.666
[2023-08-15 21:58:22.093] [info] CMC::computeControls, t = 0.667
[2023-08-15 21:58:22.109] [info] CMC::computeControls, t = 0.668
[2023-08-15 21:58:22.125] [info] CMC::computeControls, t = 0.669
[2023-08-15 21:58:22.140] [info] CMC::computeControls, t = 0.67
[2023-08-15 21:58:22.156] [info] CMC::computeControls, t = 0.671
[2023-08-15 21:58:22.172] [info] CMC::computeControls, t = 0.672
[2023-08-15 21:58:22.187] [info] CMC::computeControls, t = 0.673
[2023-08-15 21:58:22.203] [info] CMC::computeControls, t = 0.674
[2023-08-15 21:58:22.219] [info] CMC::computeControls, t = 0.675
[2023-08-15 21:58:22.235] [info] CMC::computeControls, t = 0.676
[2023-08-15 21:58:22.251] [info] CMC::computeControls, t = 0.677
[2023-08-15 21:58:22.266] [info] CMC::computeControls, t = 0.678
[2023-08-15 21:58:22.282] [info] CMC::computeControls, t = 0.679
[2023-08-15 21:58:22.298] [info] CMC::computeControls, t = 0.68
[2023-08-15 21:58:22.313] [info] CMC::computeControls, t = 0.681
[2023-08-15 21:58:22.329] [info] CMC::computeControls, t = 0.682
[2023-08-15 21:58:22.345] [info] CMC::computeControls, t = 0.683
[2023-08-15 21:58:22.361] [info] CMC::computeControls, t = 0.684
[2023-08-15 21:58:22.376] [info] CMC::computeControls, t = 0.685
[2023-08-15 21:58:22.392] [info] CMC::computeControls, t = 0.686
[2023-08-15 21:58:22.408] [info] CMC::computeControls, t = 0.687
[2023-08-15 21:58:22.426] [info] CMC::computeControls, t = 0.688
[2023-08-15 21:58:22.442] [info] CMC::computeControls, t = 0.689
[2023-08-15 21:58:22.458] [info] CMC::computeControls, t = 0.69
[2023-08-15 21:58:22.474] [info] CMC::computeControls, t = 0.691
[2023-08-15 21:58:22.489] [info] CMC::computeControls, t = 0.692
[2023-08-15 21:58:22.505] [info] CMC::computeControls, t = 0.693
[2023-08-15 21:58:22.521] [info] CMC::computeControls, t = 0.694
[2023-08-15 21:58:22.539] [info] CMC::computeControls, t = 0.695
[2023-08-15 21:58:22.554] [info] CMC::computeControls, t = 0.696
[2023-08-15 21:58:22.569] [info] CMC::computeControls, t = 0.697
[2023-08-15 21:58:22.585] [info] CMC::computeControls, t = 0.698
[2023-08-15 21:58:22.600] [info] CMC::computeControls, t = 0.699
[2023-08-15 21:58:22.616] [info] CMC::computeControls, t = 0.7
[2023-08-15 21:58:22.632] [info] CMC::computeControls, t = 0.701000
[2023-08-15 21:58:22.648] [info] CMC::computeControls, t = 0.702000
[2023-08-15 21:58:22.664] [info] CMC::computeControls, t = 0.703000
[2023-08-15 21:58:22.679] [info] CMC::computeControls, t = 0.704000
[2023-08-15 21:58:22.695] [info] CMC::computeControls, t = 0.705000
[2023-08-15 21:58:22.711] [info] CMC::computeControls, t = 0.706000
[2023-08-15 21:58:22.726] [info] CMC::computeControls, t = 0.707000
[2023-08-15 21:58:22.742] [info] CMC::computeControls, t = 0.708000
[2023-08-15 21:58:22.758] [info] CMC::computeControls, t = 0.709000
[2023-08-15 21:58:22.774] [info] CMC::computeControls, t = 0.71
[2023-08-15 21:58:22.790] [info] CMC::computeControls, t = 0.711
[2023-08-15 21:58:22.806] [info] CMC::computeControls, t = 0.712
[2023-08-15 21:58:22.821] [info] CMC::computeControls, t = 0.713
[2023-08-15 21:58:22.838] [info] CMC::computeControls, t = 0.714
[2023-08-15 21:58:22.853] [info] CMC::computeControls, t = 0.715
[2023-08-15 21:58:22.867] [info] CMC::computeControls, t = 0.716
[2023-08-15 21:58:22.882] [info] CMC::computeControls, t = 0.717
[2023-08-15 21:58:22.898] [info] CMC::computeControls, t = 0.718
[2023-08-15 21:58:22.913] [info] CMC::computeControls, t = 0.719
[2023-08-15 21:58:22.928] [info] CMC::computeControls, t = 0.72
[2023-08-15 21:58:22.943] [info] CMC::computeControls, t = 0.721
[2023-08-15 21:58:22.959] [info] CMC::computeControls, t = 0.722
[2023-08-15 21:58:22.974] [info] CMC::computeControls, t = 0.723
[2023-08-15 21:58:22.990] [info] CMC::computeControls, t = 0.724
[2023-08-15 21:58:23.005] [info] CMC::computeControls, t = 0.725
[2023-08-15 21:58:23.020] [info] CMC::computeControls, t = 0.726
[2023-08-15 21:58:23.036] [info] CMC::computeControls, t = 0.727
[2023-08-15 21:58:23.052] [info] CMC::computeControls, t = 0.728
[2023-08-15 21:58:23.068] [info] CMC::computeControls, t = 0.729
[2023-08-15 21:58:23.083] [info] CMC::computeControls, t = 0.73
[2023-08-15 21:58:23.099] [info] CMC::computeControls, t = 0.731
[2023-08-15 21:58:23.115] [info] CMC::computeControls, t = 0.732
[2023-08-15 21:58:23.130] [info] CMC::computeControls, t = 0.733
[2023-08-15 21:58:23.146] [info] CMC::computeControls, t = 0.734
[2023-08-15 21:58:23.162] [info] CMC::computeControls, t = 0.735
[2023-08-15 21:58:23.177] [info] CMC::computeControls, t = 0.736
[2023-08-15 21:58:23.193] [info] CMC::computeControls, t = 0.737
[2023-08-15 21:58:23.209] [info] CMC::computeControls, t = 0.738
[2023-08-15 21:58:23.224] [info] CMC::computeControls, t = 0.739
[2023-08-15 21:58:23.239] [info] CMC::computeControls, t = 0.74
[2023-08-15 21:58:23.253] [info] CMC::computeControls, t = 0.741
[2023-08-15 21:58:23.268] [info] CMC::computeControls, t = 0.742
[2023-08-15 21:58:23.284] [info] CMC::computeControls, t = 0.743
[2023-08-15 21:58:23.300] [info] CMC::computeControls, t = 0.744
[2023-08-15 21:58:23.315] [info] CMC::computeControls, t = 0.745
[2023-08-15 21:58:23.330] [info] CMC::computeControls, t = 0.746
[2023-08-15 21:58:23.346] [info] CMC::computeControls, t = 0.747
[2023-08-15 21:58:23.362] [info] CMC::computeControls, t = 0.748
[2023-08-15 21:58:23.377] [info] CMC::computeControls, t = 0.749
[2023-08-15 21:58:23.393] [info] CMC::computeControls, t = 0.75
[2023-08-15 21:58:23.408] [info] CMC::computeControls, t = 0.751
[2023-08-15 21:58:23.424] [info] CMC::computeControls, t = 0.752
[2023-08-15 21:58:23.440] [info] CMC::computeControls, t = 0.753
[2023-08-15 21:58:23.456] [info] CMC::computeControls, t = 0.754
[2023-08-15 21:58:23.472] [info] CMC::computeControls, t = 0.755
[2023-08-15 21:58:23.488] [info] CMC::computeControls, t = 0.756
[2023-08-15 21:58:23.504] [info] CMC::computeControls, t = 0.757
[2023-08-15 21:58:23.520] [info] CMC::computeControls, t = 0.758
[2023-08-15 21:58:23.537] [info] CMC::computeControls, t = 0.759
[2023-08-15 21:58:23.552] [info] CMC::computeControls, t = 0.76
[2023-08-15 21:58:23.567] [info] CMC::computeControls, t = 0.761
[2023-08-15 21:58:23.582] [info] CMC::computeControls, t = 0.762
[2023-08-15 21:58:23.598] [info] CMC::computeControls, t = 0.763
[2023-08-15 21:58:23.613] [info] CMC::computeControls, t = 0.764
[2023-08-15 21:58:23.628] [info] CMC::computeControls, t = 0.765
[2023-08-15 21:58:23.644] [info] CMC::computeControls, t = 0.766
[2023-08-15 21:58:23.661] [info] CMC::computeControls, t = 0.767
[2023-08-15 21:58:23.676] [info] CMC::computeControls, t = 0.768
[2023-08-15 21:58:23.691] [info] CMC::computeControls, t = 0.769
[2023-08-15 21:58:23.706] [info] CMC::computeControls, t = 0.77
[2023-08-15 21:58:23.721] [info] CMC::computeControls, t = 0.771
[2023-08-15 21:58:23.736] [info] CMC::computeControls, t = 0.772
[2023-08-15 21:58:23.752] [info] CMC::computeControls, t = 0.773
[2023-08-15 21:58:23.767] [info] CMC::computeControls, t = 0.774
[2023-08-15 21:58:23.783] [info] CMC::computeControls, t = 0.775
[2023-08-15 21:58:23.799] [info] CMC::computeControls, t = 0.776
[2023-08-15 21:58:23.814] [info] CMC::computeControls, t = 0.777
[2023-08-15 21:58:23.830] [info] CMC::computeControls, t = 0.778
[2023-08-15 21:58:23.845] [info] CMC::computeControls, t = 0.779
[2023-08-15 21:58:23.863] [info] CMC::computeControls, t = 0.78
[2023-08-15 21:58:23.880] [info] CMC::computeControls, t = 0.781
[2023-08-15 21:58:23.898] [info] CMC::computeControls, t = 0.782
[2023-08-15 21:58:23.917] [info] CMC::computeControls, t = 0.783
[2023-08-15 21:58:23.934] [info] CMC::computeControls, t = 0.784
[2023-08-15 21:58:23.950] [info] CMC::computeControls, t = 0.785
[2023-08-15 21:58:23.969] [info] CMC::computeControls, t = 0.786
[2023-08-15 21:58:23.985] [info] CMC::computeControls, t = 0.787
[2023-08-15 21:58:24.000] [info] CMC::computeControls, t = 0.788
[2023-08-15 21:58:24.015] [info] CMC::computeControls, t = 0.789
[2023-08-15 21:58:24.031] [info] CMC::computeControls, t = 0.79
[2023-08-15 21:58:24.047] [info] CMC::computeControls, t = 0.791
[2023-08-15 21:58:24.063] [info] CMC::computeControls, t = 0.792
[2023-08-15 21:58:24.080] [info] CMC::computeControls, t = 0.793
[2023-08-15 21:58:24.096] [info] CMC::computeControls, t = 0.794
[2023-08-15 21:58:24.111] [info] CMC::computeControls, t = 0.795
[2023-08-15 21:58:24.127] [info] CMC::computeControls, t = 0.796
[2023-08-15 21:58:24.142] [info] CMC::computeControls, t = 0.797
[2023-08-15 21:58:24.158] [info] CMC::computeControls, t = 0.798
[2023-08-15 21:58:24.173] [info] CMC::computeControls, t = 0.799
[2023-08-15 21:58:24.187] [info] CMC::computeControls, t = 0.8
[2023-08-15 21:58:24.202] [info] CMC::computeControls, t = 0.801000
[2023-08-15 21:58:24.218] [info] CMC::computeControls, t = 0.802000
[2023-08-15 21:58:24.233] [info] CMC::computeControls, t = 0.803000
[2023-08-15 21:58:24.248] [info] CMC::computeControls, t = 0.804000
[2023-08-15 21:58:24.263] [info] CMC::computeControls, t = 0.805000
[2023-08-15 21:58:24.279] [info] CMC::computeControls, t = 0.806000
[2023-08-15 21:58:24.294] [info] CMC::computeControls, t = 0.807000
[2023-08-15 21:58:24.310] [info] CMC::computeControls, t = 0.808000
[2023-08-15 21:58:24.326] [info] CMC::computeControls, t = 0.809000
[2023-08-15 21:58:24.341] [info] CMC::computeControls, t = 0.81
[2023-08-15 21:58:24.357] [info] CMC::computeControls, t = 0.811
[2023-08-15 21:58:24.372] [info] CMC::computeControls, t = 0.812
[2023-08-15 21:58:24.387] [info] CMC::computeControls, t = 0.813
[2023-08-15 21:58:24.403] [info] CMC::computeControls, t = 0.814
[2023-08-15 21:58:24.418] [info] CMC::computeControls, t = 0.815
[2023-08-15 21:58:24.433] [info] CMC::computeControls, t = 0.816
[2023-08-15 21:58:24.449] [info] CMC::computeControls, t = 0.817
[2023-08-15 21:58:24.464] [info] CMC::computeControls, t = 0.818
[2023-08-15 21:58:24.480] [info] CMC::computeControls, t = 0.819
[2023-08-15 21:58:24.495] [info] CMC::computeControls, t = 0.82
[2023-08-15 21:58:24.510] [info] CMC::computeControls, t = 0.821
[2023-08-15 21:58:24.526] [info] CMC::computeControls, t = 0.822
[2023-08-15 21:58:24.542] [info] CMC::computeControls, t = 0.823
[2023-08-15 21:58:24.557] [info] CMC::computeControls, t = 0.824
[2023-08-15 21:58:24.573] [info] CMC::computeControls, t = 0.825
[2023-08-15 21:58:24.588] [info] CMC::computeControls, t = 0.826
[2023-08-15 21:58:24.605] [info] CMC::computeControls, t = 0.827
[2023-08-15 21:58:24.620] [info] CMC::computeControls, t = 0.828
[2023-08-15 21:58:24.636] [info] CMC::computeControls, t = 0.829
[2023-08-15 21:58:24.652] [info] CMC::computeControls, t = 0.83
[2023-08-15 21:58:24.668] [info] CMC::computeControls, t = 0.831
[2023-08-15 21:58:24.684] [info] CMC::computeControls, t = 0.832
[2023-08-15 21:58:24.700] [info] CMC::computeControls, t = 0.833
[2023-08-15 21:58:24.715] [info] CMC::computeControls, t = 0.834
[2023-08-15 21:58:24.731] [info] CMC::computeControls, t = 0.835
[2023-08-15 21:58:24.748] [info] CMC::computeControls, t = 0.836
[2023-08-15 21:58:24.765] [info] CMC::computeControls, t = 0.837
[2023-08-15 21:58:24.783] [info] CMC::computeControls, t = 0.838
[2023-08-15 21:58:24.802] [info] CMC::computeControls, t = 0.839
[2023-08-15 21:58:24.823] [info] CMC::computeControls, t = 0.84
[2023-08-15 21:58:24.840] [info] CMC::computeControls, t = 0.841
[2023-08-15 21:58:24.856] [info] CMC::computeControls, t = 0.842
[2023-08-15 21:58:24.873] [info] CMC::computeControls, t = 0.843
[2023-08-15 21:58:24.888] [info] CMC::computeControls, t = 0.844
[2023-08-15 21:58:24.904] [info] CMC::computeControls, t = 0.845
[2023-08-15 21:58:24.920] [info] CMC::computeControls, t = 0.846
[2023-08-15 21:58:24.936] [info] CMC::computeControls, t = 0.847
[2023-08-15 21:58:24.952] [info] CMC::computeControls, t = 0.848
[2023-08-15 21:58:24.967] [info] CMC::computeControls, t = 0.849
[2023-08-15 21:58:24.984] [info] CMC::computeControls, t = 0.85
[2023-08-15 21:58:25.001] [info] CMC::computeControls, t = 0.851
[2023-08-15 21:58:25.017] [info] CMC::computeControls, t = 0.852
[2023-08-15 21:58:25.033] [info] CMC::computeControls, t = 0.853
[2023-08-15 21:58:25.049] [info] CMC::computeControls, t = 0.854
[2023-08-15 21:58:25.065] [info] CMC::computeControls, t = 0.855
[2023-08-15 21:58:25.081] [info] CMC::computeControls, t = 0.856
[2023-08-15 21:58:25.097] [info] CMC::computeControls, t = 0.857
[2023-08-15 21:58:25.113] [info] CMC::computeControls, t = 0.858
[2023-08-15 21:58:25.129] [info] CMC::computeControls, t = 0.859
[2023-08-15 21:58:25.149] [info] CMC::computeControls, t = 0.86
[2023-08-15 21:58:25.164] [info] CMC::computeControls, t = 0.861
[2023-08-15 21:58:25.180] [info] CMC::computeControls, t = 0.862
[2023-08-15 21:58:25.195] [info] CMC::computeControls, t = 0.863
[2023-08-15 21:58:25.211] [info] CMC::computeControls, t = 0.864
[2023-08-15 21:58:25.226] [info] CMC::computeControls, t = 0.865
[2023-08-15 21:58:25.243] [info] CMC::computeControls, t = 0.866
[2023-08-15 21:58:25.258] [info] CMC::computeControls, t = 0.867
[2023-08-15 21:58:25.275] [info] CMC::computeControls, t = 0.868
[2023-08-15 21:58:25.291] [info] CMC::computeControls, t = 0.869
[2023-08-15 21:58:25.306] [info] CMC::computeControls, t = 0.87
[2023-08-15 21:58:25.322] [info] CMC::computeControls, t = 0.871
[2023-08-15 21:58:25.338] [info] CMC::computeControls, t = 0.872
[2023-08-15 21:58:25.355] [info] CMC::computeControls, t = 0.873
[2023-08-15 21:58:25.371] [info] CMC::computeControls, t = 0.874
[2023-08-15 21:58:25.387] [info] CMC::computeControls, t = 0.875
[2023-08-15 21:58:25.403] [info] CMC::computeControls, t = 0.876
[2023-08-15 21:58:25.418] [info] CMC::computeControls, t = 0.877
[2023-08-15 21:58:25.434] [info] CMC::computeControls, t = 0.878
[2023-08-15 21:58:25.450] [info] CMC::computeControls, t = 0.879
[2023-08-15 21:58:25.466] [info] CMC::computeControls, t = 0.88
[2023-08-15 21:58:25.482] [info] CMC::computeControls, t = 0.881
[2023-08-15 21:58:25.498] [info] CMC::computeControls, t = 0.882
[2023-08-15 21:58:25.514] [info] CMC::computeControls, t = 0.883
[2023-08-15 21:58:25.530] [info] CMC::computeControls, t = 0.884
[2023-08-15 21:58:25.546] [info] CMC::computeControls, t = 0.885
[2023-08-15 21:58:25.561] [info] CMC::computeControls, t = 0.886
[2023-08-15 21:58:25.577] [info] CMC::computeControls, t = 0.887
[2023-08-15 21:58:25.593] [info] CMC::computeControls, t = 0.888
[2023-08-15 21:58:25.609] [info] CMC::computeControls, t = 0.889
[2023-08-15 21:58:25.626] [info] CMC::computeControls, t = 0.89
[2023-08-15 21:58:25.641] [info] CMC::computeControls, t = 0.891
[2023-08-15 21:58:25.657] [info] CMC::computeControls, t = 0.892
[2023-08-15 21:58:25.673] [info] CMC::computeControls, t = 0.893
[2023-08-15 21:58:25.690] [info] CMC::computeControls, t = 0.894
[2023-08-15 21:58:25.706] [info] CMC::computeControls, t = 0.895
[2023-08-15 21:58:25.721] [info] CMC::computeControls, t = 0.896
[2023-08-15 21:58:25.736] [info] CMC::computeControls, t = 0.897
[2023-08-15 21:58:25.751] [info] CMC::computeControls, t = 0.898
[2023-08-15 21:58:25.766] [info] CMC::computeControls, t = 0.899
[2023-08-15 21:58:25.782] [info] CMC::computeControls, t = 0.9
[2023-08-15 21:58:25.797] [info] CMC::computeControls, t = 0.901000
[2023-08-15 21:58:25.813] [info] CMC::computeControls, t = 0.902000
[2023-08-15 21:58:25.830] [info] CMC::computeControls, t = 0.903000
[2023-08-15 21:58:25.846] [info] CMC::computeControls, t = 0.904000
[2023-08-15 21:58:25.861] [info] CMC::computeControls, t = 0.905000
[2023-08-15 21:58:25.877] [info] CMC::computeControls, t = 0.906000
[2023-08-15 21:58:25.892] [info] CMC::computeControls, t = 0.907000
[2023-08-15 21:58:25.908] [info] CMC::computeControls, t = 0.908000
[2023-08-15 21:58:25.924] [info] CMC::computeControls, t = 0.909000
[2023-08-15 21:58:25.940] [info] CMC::computeControls, t = 0.91
[2023-08-15 21:58:25.956] [info] CMC::computeControls, t = 0.911
[2023-08-15 21:58:25.973] [info] CMC::computeControls, t = 0.912
[2023-08-15 21:58:25.988] [info] CMC::computeControls, t = 0.913
[2023-08-15 21:58:26.005] [info] CMC::computeControls, t = 0.914
[2023-08-15 21:58:26.021] [info] CMC::computeControls, t = 0.915
[2023-08-15 21:58:26.037] [info] CMC::computeControls, t = 0.916
[2023-08-15 21:58:26.052] [info] CMC::computeControls, t = 0.917
[2023-08-15 21:58:26.067] [info] CMC::computeControls, t = 0.918
[2023-08-15 21:58:26.082] [info] CMC::computeControls, t = 0.919
[2023-08-15 21:58:26.098] [info] CMC::computeControls, t = 0.92
[2023-08-15 21:58:26.113] [info] CMC::computeControls, t = 0.921
[2023-08-15 21:58:26.128] [info] CMC::computeControls, t = 0.922
[2023-08-15 21:58:26.144] [info] CMC::computeControls, t = 0.923
[2023-08-15 21:58:26.159] [info] CMC::computeControls, t = 0.924
[2023-08-15 21:58:26.175] [info] CMC::computeControls, t = 0.925
[2023-08-15 21:58:26.192] [info] CMC::computeControls, t = 0.926
[2023-08-15 21:58:26.208] [info] CMC::computeControls, t = 0.927
[2023-08-15 21:58:26.223] [info] CMC::computeControls, t = 0.928
[2023-08-15 21:58:26.238] [info] CMC::computeControls, t = 0.929
[2023-08-15 21:58:26.253] [info] CMC::computeControls, t = 0.93
[2023-08-15 21:58:26.269] [info] CMC::computeControls, t = 0.931
[2023-08-15 21:58:26.284] [info] CMC::computeControls, t = 0.932
[2023-08-15 21:58:26.299] [info] CMC::computeControls, t = 0.933
[2023-08-15 21:58:26.315] [info] CMC::computeControls, t = 0.934
[2023-08-15 21:58:26.330] [info] CMC::computeControls, t = 0.935
[2023-08-15 21:58:26.345] [info] CMC::computeControls, t = 0.936
[2023-08-15 21:58:26.360] [info] CMC::computeControls, t = 0.937
[2023-08-15 21:58:26.376] [info] CMC::computeControls, t = 0.938
[2023-08-15 21:58:26.392] [info] CMC::computeControls, t = 0.939
[2023-08-15 21:58:26.407] [info] CMC::computeControls, t = 0.94
[2023-08-15 21:58:26.423] [info] CMC::computeControls, t = 0.941
[2023-08-15 21:58:26.439] [info] CMC::computeControls, t = 0.942
[2023-08-15 21:58:26.454] [info] CMC::computeControls, t = 0.943
[2023-08-15 21:58:26.470] [info] CMC::computeControls, t = 0.944
[2023-08-15 21:58:26.486] [info] CMC::computeControls, t = 0.945
[2023-08-15 21:58:26.502] [info] CMC::computeControls, t = 0.946
[2023-08-15 21:58:26.518] [info] CMC::computeControls, t = 0.947
[2023-08-15 21:58:26.538] [info] CMC::computeControls, t = 0.948
[2023-08-15 21:58:26.554] [info] CMC::computeControls, t = 0.949
[2023-08-15 21:58:26.569] [info] CMC::computeControls, t = 0.95
[2023-08-15 21:58:26.584] [info] CMC::computeControls, t = 0.951
[2023-08-15 21:58:26.599] [info] CMC::computeControls, t = 0.952
[2023-08-15 21:58:26.614] [info] CMC::computeControls, t = 0.953
[2023-08-15 21:58:26.630] [info] CMC::computeControls, t = 0.954
[2023-08-15 21:58:26.645] [info] CMC::computeControls, t = 0.955
[2023-08-15 21:58:26.661] [info] CMC::computeControls, t = 0.956
[2023-08-15 21:58:26.677] [info] CMC::computeControls, t = 0.957
[2023-08-15 21:58:26.692] [info] CMC::computeControls, t = 0.958
[2023-08-15 21:58:26.708] [info] CMC::computeControls, t = 0.959
[2023-08-15 21:58:26.724] [info] CMC::computeControls, t = 0.96
[2023-08-15 21:58:26.740] [info] CMC::computeControls, t = 0.961
[2023-08-15 21:58:26.755] [info] CMC::computeControls, t = 0.962
[2023-08-15 21:58:26.771] [info] CMC::computeControls, t = 0.963
[2023-08-15 21:58:26.787] [info] CMC::computeControls, t = 0.964
[2023-08-15 21:58:26.802] [info] CMC::computeControls, t = 0.965
[2023-08-15 21:58:26.818] [info] CMC::computeControls, t = 0.966
[2023-08-15 21:58:26.834] [info] CMC::computeControls, t = 0.967
[2023-08-15 21:58:26.850] [info] CMC::computeControls, t = 0.968
[2023-08-15 21:58:26.865] [info] CMC::computeControls, t = 0.969
[2023-08-15 21:58:26.884] [info] CMC::computeControls, t = 0.97
[2023-08-15 21:58:26.900] [info] CMC::computeControls, t = 0.971
[2023-08-15 21:58:26.915] [info] CMC::computeControls, t = 0.972
[2023-08-15 21:58:26.931] [info] CMC::computeControls, t = 0.973
[2023-08-15 21:58:26.946] [info] CMC::computeControls, t = 0.974
[2023-08-15 21:58:26.962] [info] CMC::computeControls, t = 0.975
[2023-08-15 21:58:26.978] [info] CMC::computeControls, t = 0.976
[2023-08-15 21:58:26.994] [info] CMC::computeControls, t = 0.977
[2023-08-15 21:58:27.010] [info] CMC::computeControls, t = 0.978
[2023-08-15 21:58:27.027] [info] CMC::computeControls, t = 0.979
[2023-08-15 21:58:27.043] [info] CMC::computeControls, t = 0.98
[2023-08-15 21:58:27.059] [info] CMC::computeControls, t = 0.981
[2023-08-15 21:58:27.074] [info] CMC::computeControls, t = 0.982
[2023-08-15 21:58:27.089] [info] CMC::computeControls, t = 0.983
[2023-08-15 21:58:27.104] [info] CMC::computeControls, t = 0.984
[2023-08-15 21:58:27.119] [info] CMC::computeControls, t = 0.985
[2023-08-15 21:58:27.135] [info] CMC::computeControls, t = 0.986
[2023-08-15 21:58:27.150] [info] CMC::computeControls, t = 0.987
[2023-08-15 21:58:27.165] [info] CMC::computeControls, t = 0.988
[2023-08-15 21:58:27.180] [info] CMC::computeControls, t = 0.989
[2023-08-15 21:58:27.196] [info] CMC::computeControls, t = 0.99
[2023-08-15 21:58:27.212] [info] CMC::computeControls, t = 0.991
[2023-08-15 21:58:27.227] [info] CMC::computeControls, t = 0.992
[2023-08-15 21:58:27.243] [info] CMC::computeControls, t = 0.993
[2023-08-15 21:58:27.259] [info] CMC::computeControls, t = 0.994
[2023-08-15 21:58:27.274] [info] CMC::computeControls, t = 0.995
[2023-08-15 21:58:27.290] [info] CMC::computeControls, t = 0.996
[2023-08-15 21:58:27.306] [info] CMC::computeControls, t = 0.997
[2023-08-15 21:58:27.322] [info] CMC::computeControls, t = 0.998
[2023-08-15 21:58:27.338] [info] CMC::computeControls, t = 0.999
[2023-08-15 21:58:27.354] [info] CMC::computeControls, t = 1.0
[2023-08-15 21:58:27.370] [info] CMC::computeControls, t = 1.00100
[2023-08-15 21:58:27.386] [info] CMC::computeControls, t = 1.00200
[2023-08-15 21:58:27.404] [info] CMC::computeControls, t = 1.00300
[2023-08-15 21:58:27.420] [info] CMC::computeControls, t = 1.00400
[2023-08-15 21:58:27.435] [info] CMC::computeControls, t = 1.00500
[2023-08-15 21:58:27.450] [info] CMC::computeControls, t = 1.00600
[2023-08-15 21:58:27.467] [info] CMC::computeControls, t = 1.00700
[2023-08-15 21:58:27.482] [info] CMC::computeControls, t = 1.00800
[2023-08-15 21:58:27.497] [info] CMC::computeControls, t = 1.00900
[2023-08-15 21:58:27.513] [info] CMC::computeControls, t = 1.01
[2023-08-15 21:58:27.528] [info] CMC::computeControls, t = 1.011
[2023-08-15 21:58:27.544] [info] CMC::computeControls, t = 1.012
[2023-08-15 21:58:27.560] [info] CMC::computeControls, t = 1.013
[2023-08-15 21:58:27.576] [info] CMC::computeControls, t = 1.014
[2023-08-15 21:58:27.592] [info] CMC::computeControls, t = 1.015
[2023-08-15 21:58:27.608] [info] CMC::computeControls, t = 1.016
[2023-08-15 21:58:27.624] [info] CMC::computeControls, t = 1.017
[2023-08-15 21:58:27.642] [info] CMC::computeControls, t = 1.018
[2023-08-15 21:58:27.658] [info] CMC::computeControls, t = 1.019
[2023-08-15 21:58:27.674] [info] CMC::computeControls, t = 1.02
[2023-08-15 21:58:27.690] [info] CMC::computeControls, t = 1.021
[2023-08-15 21:58:27.706] [info] CMC::computeControls, t = 1.022
[2023-08-15 21:58:27.722] [info] CMC::computeControls, t = 1.023
[2023-08-15 21:58:27.738] [info] CMC::computeControls, t = 1.024
[2023-08-15 21:58:27.754] [info] CMC::computeControls, t = 1.025
[2023-08-15 21:58:27.770] [info] CMC::computeControls, t = 1.026
[2023-08-15 21:58:27.786] [info] CMC::computeControls, t = 1.027
[2023-08-15 21:58:27.802] [info] CMC::computeControls, t = 1.028
[2023-08-15 21:58:27.818] [info] CMC::computeControls, t = 1.029
[2023-08-15 21:58:27.834] [info] CMC::computeControls, t = 1.03
[2023-08-15 21:58:27.850] [info] CMC::computeControls, t = 1.031
[2023-08-15 21:58:27.866] [info] CMC::computeControls, t = 1.032
[2023-08-15 21:58:27.882] [info] CMC::computeControls, t = 1.033
[2023-08-15 21:58:27.899] [info] CMC::computeControls, t = 1.034
[2023-08-15 21:58:27.915] [info] CMC::computeControls, t = 1.035
[2023-08-15 21:58:27.931] [info] CMC::computeControls, t = 1.036
[2023-08-15 21:58:27.947] [info] CMC::computeControls, t = 1.037
[2023-08-15 21:58:27.966] [info] CMC::computeControls, t = 1.038
[2023-08-15 21:58:27.982] [info] CMC::computeControls, t = 1.039
[2023-08-15 21:58:27.998] [info] CMC::computeControls, t = 1.04
[2023-08-15 21:58:28.014] [info] CMC::computeControls, t = 1.041
[2023-08-15 21:58:28.031] [info] CMC::computeControls, t = 1.042
[2023-08-15 21:58:28.047] [info] CMC::computeControls, t = 1.043
[2023-08-15 21:58:28.063] [info] CMC::computeControls, t = 1.044
[2023-08-15 21:58:28.080] [info] CMC::computeControls, t = 1.045
[2023-08-15 21:58:28.096] [info] CMC::computeControls, t = 1.046
[2023-08-15 21:58:28.112] [info] CMC::computeControls, t = 1.047
[2023-08-15 21:58:28.129] [info] CMC::computeControls, t = 1.048
[2023-08-15 21:58:28.145] [info] CMC::computeControls, t = 1.049
[2023-08-15 21:58:28.161] [info] CMC::computeControls, t = 1.05
[2023-08-15 21:58:28.178] [info] CMC::computeControls, t = 1.051
[2023-08-15 21:58:28.194] [info] CMC::computeControls, t = 1.052
[2023-08-15 21:58:28.210] [info] CMC::computeControls, t = 1.053
[2023-08-15 21:58:28.226] [info] CMC::computeControls, t = 1.054
[2023-08-15 21:58:28.242] [info] CMC::computeControls, t = 1.055
[2023-08-15 21:58:28.258] [info] CMC::computeControls, t = 1.056
[2023-08-15 21:58:28.274] [info] CMC::computeControls, t = 1.057
[2023-08-15 21:58:28.290] [info] CMC::computeControls, t = 1.058
[2023-08-15 21:58:28.305] [info] CMC::computeControls, t = 1.059
[2023-08-15 21:58:28.320] [info] CMC::computeControls, t = 1.06
[2023-08-15 21:58:28.335] [info] CMC::computeControls, t = 1.061
[2023-08-15 21:58:28.351] [info] CMC::computeControls, t = 1.062
[2023-08-15 21:58:28.367] [info] CMC::computeControls, t = 1.063
[2023-08-15 21:58:28.382] [info] CMC::computeControls, t = 1.064
[2023-08-15 21:58:28.397] [info] CMC::computeControls, t = 1.065
[2023-08-15 21:58:28.413] [info] CMC::computeControls, t = 1.066
[2023-08-15 21:58:28.428] [info] CMC::computeControls, t = 1.067
[2023-08-15 21:58:28.444] [info] CMC::computeControls, t = 1.068
[2023-08-15 21:58:28.460] [info] CMC::computeControls, t = 1.069
[2023-08-15 21:58:28.476] [info] CMC::computeControls, t = 1.07
[2023-08-15 21:58:28.491] [info] CMC::computeControls, t = 1.071
[2023-08-15 21:58:28.507] [info] CMC::computeControls, t = 1.072
[2023-08-15 21:58:28.526] [info] CMC::computeControls, t = 1.073
[2023-08-15 21:58:28.544] [info] CMC::computeControls, t = 1.074
[2023-08-15 21:58:28.563] [info] CMC::computeControls, t = 1.075
[2023-08-15 21:58:28.582] [info] CMC::computeControls, t = 1.076
[2023-08-15 21:58:28.602] [info] CMC::computeControls, t = 1.077
[2023-08-15 21:58:28.619] [info] CMC::computeControls, t = 1.078
[2023-08-15 21:58:28.647] [info] CMC::computeControls, t = 1.079
[2023-08-15 21:58:28.664] [info] CMC::computeControls, t = 1.08
[2023-08-15 21:58:28.679] [info] CMC::computeControls, t = 1.081
[2023-08-15 21:58:28.695] [info] CMC::computeControls, t = 1.082
[2023-08-15 21:58:28.711] [info] CMC::computeControls, t = 1.083
[2023-08-15 21:58:28.727] [info] CMC::computeControls, t = 1.084
[2023-08-15 21:58:28.742] [info] CMC::computeControls, t = 1.085
[2023-08-15 21:58:28.758] [info] CMC::computeControls, t = 1.086
[2023-08-15 21:58:28.774] [info] CMC::computeControls, t = 1.087
[2023-08-15 21:58:28.790] [info] CMC::computeControls, t = 1.088
[2023-08-15 21:58:28.805] [info] CMC::computeControls, t = 1.089
[2023-08-15 21:58:28.820] [info] CMC::computeControls, t = 1.09
[2023-08-15 21:58:28.835] [info] CMC::computeControls, t = 1.091
[2023-08-15 21:58:28.851] [info] CMC::computeControls, t = 1.092
[2023-08-15 21:58:28.866] [info] CMC::computeControls, t = 1.093
[2023-08-15 21:58:28.882] [info] CMC::computeControls, t = 1.094
[2023-08-15 21:58:28.897] [info] CMC::computeControls, t = 1.095
[2023-08-15 21:58:28.913] [info] CMC::computeControls, t = 1.096
[2023-08-15 21:58:28.929] [info] CMC::computeControls, t = 1.097
[2023-08-15 21:58:28.944] [info] CMC::computeControls, t = 1.098
[2023-08-15 21:58:28.960] [info] CMC::computeControls, t = 1.099
[2023-08-15 21:58:28.976] [info] CMC::computeControls, t = 1.1
[2023-08-15 21:58:28.992] [info] CMC::computeControls, t = 1.10100
[2023-08-15 21:58:29.008] [info] CMC::computeControls, t = 1.10200
[2023-08-15 21:58:29.024] [info] CMC::computeControls, t = 1.10300
[2023-08-15 21:58:29.040] [info] CMC::computeControls, t = 1.10400
[2023-08-15 21:58:29.056] [info] CMC::computeControls, t = 1.10500
[2023-08-15 21:58:29.071] [info] CMC::computeControls, t = 1.10600
[2023-08-15 21:58:29.089] [info] CMC::computeControls, t = 1.10700
[2023-08-15 21:58:29.105] [info] CMC::computeControls, t = 1.10800
[2023-08-15 21:58:29.121] [info] CMC::computeControls, t = 1.10900
[2023-08-15 21:58:29.136] [info] CMC::computeControls, t = 1.11
[2023-08-15 21:58:29.152] [info] CMC::computeControls, t = 1.111
[2023-08-15 21:58:29.168] [info] CMC::computeControls, t = 1.112
[2023-08-15 21:58:29.184] [info] CMC::computeControls, t = 1.113
[2023-08-15 21:58:29.199] [info] CMC::computeControls, t = 1.114
[2023-08-15 21:58:29.215] [info] CMC::computeControls, t = 1.115
[2023-08-15 21:58:29.231] [info] CMC::computeControls, t = 1.116
[2023-08-15 21:58:29.247] [info] CMC::computeControls, t = 1.117
[2023-08-15 21:58:29.263] [info] CMC::computeControls, t = 1.118
[2023-08-15 21:58:29.279] [info] CMC::computeControls, t = 1.119
[2023-08-15 21:58:29.294] [info] CMC::computeControls, t = 1.12
[2023-08-15 21:58:29.309] [info] CMC::computeControls, t = 1.121
[2023-08-15 21:58:29.324] [info] CMC::computeControls, t = 1.122
[2023-08-15 21:58:29.339] [info] CMC::computeControls, t = 1.123
[2023-08-15 21:58:29.355] [info] CMC::computeControls, t = 1.124
[2023-08-15 21:58:29.370] [info] CMC::computeControls, t = 1.125
[2023-08-15 21:58:29.385] [info] CMC::computeControls, t = 1.126
[2023-08-15 21:58:29.401] [info] CMC::computeControls, t = 1.127
[2023-08-15 21:58:29.417] [info] CMC::computeControls, t = 1.128
[2023-08-15 21:58:29.433] [info] CMC::computeControls, t = 1.129
[2023-08-15 21:58:29.448] [info] CMC::computeControls, t = 1.13
[2023-08-15 21:58:29.464] [info] CMC::computeControls, t = 1.131
[2023-08-15 21:58:29.481] [info] CMC::computeControls, t = 1.132
[2023-08-15 21:58:29.497] [info] CMC::computeControls, t = 1.133
[2023-08-15 21:58:29.513] [info] CMC::computeControls, t = 1.134
[2023-08-15 21:58:29.529] [info] CMC::computeControls, t = 1.135
[2023-08-15 21:58:29.545] [info] CMC::computeControls, t = 1.136
[2023-08-15 21:58:29.562] [info] CMC::computeControls, t = 1.137
[2023-08-15 21:58:29.578] [info] CMC::computeControls, t = 1.138
[2023-08-15 21:58:29.594] [info] CMC::computeControls, t = 1.139
[2023-08-15 21:58:29.611] [info] CMC::computeControls, t = 1.14
[2023-08-15 21:58:29.628] [info] CMC::computeControls, t = 1.141
[2023-08-15 21:58:29.644] [info] -------------------------------------------
[2023-08-15 21:58:29.644] [info] Finished tracking the specified kinematics:
[2023-08-15 21:58:29.644] [info] -------------------------------------------
[2023-08-15 21:58:29.644] [info]  -- Start time = Tue Aug 15 21:58:20 2023
[2023-08-15 21:58:29.645] [info]  -- Finish time = Tue Aug 15 21:58:29 2023
[2023-08-15 21:58:29.645] [info]  -- Elapsed time = 9.0 seconds.
[2023-08-15 21:58:29.645] [info] -------------------------------------------
[2023-08-15 21:58:29.645] [info] 
[2023-08-15 21:58:29.645] [info] Printing results of investigation subject01_run5_cycle1_iter2 to cycle1/
[2023-08-15 21:58:29.981] [info] 

************************************************************
*      Summary of Mass Adjustments to Reduce Residuals     *
************************************************************
* Body adjusted: torso
* Mass Center (COM) adjustment: dx =0.0589775, dz =0.00251472
* New COM location: ~[-0.0406888,0.32879,0.00553321]
************************************************************
* Recommended mass adjustments:                             
*  Total mass change: -0.641842
*  pelvis: orig mass = 11.5218, new mass = 11.4212
*  femur_r: orig mass = 9.09988, new mass = 9.02045
*  tibia_r: orig mass = 3.62717, new mass = 3.59551
*  talus_r: orig mass = 0.0978334, new mass = 0.0969795
*  calcn_r: orig mass = 1.22292, new mass = 1.21225
*  toes_r: orig mass = 0.211907, new mass = 0.210057
*  femur_l: orig mass = 9.09988, new mass = 9.02045
*  tibia_l: orig mass = 3.62717, new mass = 3.59551
*  talus_l: orig mass = 0.0978334, new mass = 0.0969795
*  calcn_l: orig mass = 1.22292, new mass = 1.21225
*  toes_l: orig mass = 0.211907, new mass = 0.210057
*  torso: orig mass = 26.2454, new mass = 26.0163
*  humerus_r: orig mass = 1.98846, new mass = 1.9711
*  ulna_r: orig mass = 0.594338, new mass = 0.58915
*  radius_r: orig mass = 0.594338, new mass = 0.58915
*  hand_r: orig mass = 0.447588, new mass = 0.443681
*  humerus_l: orig mass = 1.98846, new mass = 1.9711
*  ulna_l: orig mass = 0.594338, new mass = 0.58915
*  radius_l: orig mass = 0.594338, new mass = 0.58915
*  hand_l: orig mass = 0.447588, new mass = 0.443681
************************************************************
* Note: Edit the model to make recommended adjustments to  *
*       mass properties.                                   *
************************************************************

* Average residuals before adjusting torso COM:
*  FX=4.66466 FY=6.29432 FZ=-0.565849
*  MX=-0.647238 MY=-2.89641 MZ=15.1796
************************************************************
* Average residuals after adjusting torso COM:
*  FX=5.04884 FY=6.93743 FZ=-2.45361
*  MX=-3.56847 MY=-1.21509 MZ=0.427815
************************************************************


[2023-08-15 21:58:29.981] [info] 
************************************************************
*                   Final Average Residuals                *
************************************************************
* After torso COM and Kinematics adjustments:
*  FX=-1.35718 FY=2.70093 FZ=1.05763
*  MX=-3.92183 MY=-2.5646 MZ=-0.923406
************************************************************


