[2023-08-15 22:28:42.224] [info] Storage: read data file = ..\rra2\cycle1\subject11_run5_cycle1_iter2_Kinematics_q.sto (nr=649 nc=38)
[2023-08-15 22:28:42.261] [info] Storage: read data file = ..\rra2\cycle1\subject11_run5_cycle1_iter2_Kinematics_q.sto (nr=649 nc=38)
[2023-08-15 22:28:42.304] [info] AbstractTool subject11_run5_cycle1_iter3 loading model ..\rra2\cycle1\subject11_run5_cycle1_rraAdjusted_iter2.osim
[2023-08-15 22:28:42.364] [info] Loaded model subject11_scaled from file ..\rra2\cycle1\subject11_run5_cycle1_rraAdjusted_iter2.osim
[2023-08-15 22:28:42.405] [info] Adding force object set from ..\subject11_run5_RRA_Actuators.xml
[2023-08-15 22:28:42.413] [info] Running tool subject11_run5_cycle1_iter3.
[2023-08-15 22:28:42.425] [warning] ExternalLoads 'externalloads' has subcomponents with duplicate name 'externalforce'. The duplicate is being renamed to 'externalforce_0'.
[2023-08-15 22:28:42.443] [info] 	taskSet size = 29.
[2023-08-15 22:28:42.524] [info] ExternalForce::externalforce Data source being set to Run_500 02_newCOP3_v24.mot
[2023-08-15 22:28:42.524] [info] ExternalForce::externalforce_0 Data source being set to Run_500 02_newCOP3_v24.mot
[2023-08-15 22:28:42.530] [warning] A desired points file was not specified.
[2023-08-15 22:28:42.530] [info] Loading desired kinematics from file '..\rra2\cycle1\subject11_run5_cycle1_iter2_Kinematics_q.sto'...
[2023-08-15 22:28:42.531] [info] Storage: read data file = ..\rra2\cycle1\subject11_run5_cycle1_iter2_Kinematics_q.sto (nr=649 nc=38)
[2023-08-15 22:28:42.570] [info] Not filtering the desired kinematics.
[2023-08-15 22:28:42.571] [cout] [info] MODEL: subject11_scaled

numStates = 74
numCoordinates = 37
numSpeeds = 37
numActuators = 29
numBodies = 20
numConstraints = 0
numProbes = 0

ANALYSES (total: 0)

BODIES (total: 20)
body[0] = pelvis. mass: 10.9048
              moments of inertia:  ~[0.102664,0.102664,0.0553689]
              products of inertia: ~[0,0,0]
body[1] = femur_r. mass: 8.61252
              moments of inertia:  ~[0.146581,0.0384242,0.154572]
              products of inertia: ~[0,0,0]
body[2] = tibia_r. mass: 3.43292
              moments of inertia:  ~[0.0517688,0.00523851,0.0524878]
              products of inertia: ~[0,0,0]
body[3] = talus_r. mass: 0.0925938
              moments of inertia:  ~[0.00101755,0.00101755,0.00101755]
              products of inertia: ~[0,0,0]
body[4] = calcn_r. mass: 1.15742
              moments of inertia:  ~[0.00142456,0.00396843,0.00417194]
              products of inertia: ~[0,0,0]
body[5] = toes_r. mass: 0.200558
              moments of inertia:  ~[0.000101755,0.000203509,0.00101755]
              products of inertia: ~[0,0,0]
body[6] = femur_l. mass: 8.61252
              moments of inertia:  ~[0.146581,0.0384242,0.154572]
              products of inertia: ~[0,0,0]
body[7] = tibia_l. mass: 3.43292
              moments of inertia:  ~[0.0515932,0.00488727,0.0515932]
              products of inertia: ~[0,0,0]
body[8] = talus_l. mass: 0.0925938
              moments of inertia:  ~[0.00101755,0.00101755,0.00101755]
              products of inertia: ~[0,0,0]
body[9] = calcn_l. mass: 1.15742
              moments of inertia:  ~[0.00142456,0.00396843,0.00417194]
              products of inertia: ~[0,0,0]
body[10] = toes_l. mass: 0.200558
              moments of inertia:  ~[0.000101755,0.000203509,0.00101755]
              products of inertia: ~[0,0,0]
body[11] = torso. mass: 24.8397
              moments of inertia:  ~[1.3655,0.69965,1.32558]
              products of inertia: ~[0,0,0]
body[12] = humerus_r. mass: 1.88197
              moments of inertia:  ~[0.0119378,0.00411816,0.0133998]
              products of inertia: ~[0,0,0]
body[13] = ulna_r. mass: 0.562507
              moments of inertia:  ~[0.00286409,0.000597571,0.00310679]
              products of inertia: ~[0,0,0]
body[14] = radius_r. mass: 0.562507
              moments of inertia:  ~[0.00286409,0.000597571,0.00310679]
              products of inertia: ~[0,0,0]
body[15] = hand_r. mass: 0.423617
              moments of inertia:  ~[0.000862513,0.000528918,0.0012957]
              products of inertia: ~[0,0,0]
body[16] = humerus_l. mass: 1.88197
              moments of inertia:  ~[0.0119378,0.00411816,0.0133998]
              products of inertia: ~[0,0,0]
body[17] = ulna_l. mass: 0.562507
              moments of inertia:  ~[0.00286409,0.000597571,0.00310679]
              products of inertia: ~[0,0,0]
body[18] = radius_l. mass: 0.562507
              moments of inertia:  ~[0.00286409,0.000597571,0.00310679]
              products of inertia: ~[0,0,0]
body[19] = hand_l. mass: 0.423617
              moments of inertia:  ~[0.000862513,0.000528918,0.0012957]
              products of inertia: ~[0,0,0]

JOINTS (total: 20)
joint[0] = ground_pelvis. parent: ground_offset, child: pelvis_offset
joint[1] = hip_r. parent: pelvis_offset, child: femur_r_offset
joint[2] = knee_r. parent: femur_r_offset, child: tibia_r_offset
joint[3] = ankle_r. parent: tibia_r_offset, child: talus_r_offset
joint[4] = subtalar_r. parent: talus_r_offset, child: calcn_r_offset
joint[5] = mtp_r. parent: calcn_r_offset, child: toes_r_offset
joint[6] = hip_l. parent: pelvis_offset, child: femur_l_offset
joint[7] = knee_l. parent: femur_l_offset, child: tibia_l_offset
joint[8] = ankle_l. parent: tibia_l_offset, child: talus_l_offset
joint[9] = subtalar_l. parent: talus_l_offset, child: calcn_l_offset
joint[10] = mtp_l. parent: calcn_l_offset, child: toes_l_offset
joint[11] = back. parent: pelvis_offset, child: torso_offset
joint[12] = acromial_r. parent: torso_offset, child: humerus_r_offset
joint[13] = elbow_r. parent: humerus_r_offset, child: ulna_r_offset
joint[14] = radioulnar_r. parent: ulna_r_offset, child: radius_r_offset
joint[15] = radius_hand_r. parent: radius_r_offset, child: hand_r_offset
joint[16] = acromial_l. parent: torso_offset, child: humerus_l_offset
joint[17] = elbow_l. parent: humerus_l_offset, child: ulna_l_offset
joint[18] = radioulnar_l. parent: ulna_l_offset, child: radius_l_offset
joint[19] = radius_hand_l. parent: radius_l_offset, child: hand_l_offset

ACTUATORS (total: 29)
actuator[0] = FX
actuator[1] = FY
actuator[2] = FZ
actuator[3] = MZ
actuator[4] = MX
actuator[5] = MY
actuator[6] = hip_flexion_r
actuator[7] = hip_adduction_r
actuator[8] = hip_rotation_r
actuator[9] = knee_angle_r
actuator[10] = ankle_angle_r
actuator[11] = hip_flexion_l
actuator[12] = hip_adduction_l
actuator[13] = hip_rotation_l
actuator[14] = knee_angle_l
actuator[15] = ankle_angle_l
actuator[16] = lumbar_extension
actuator[17] = lumbar_bending
actuator[18] = lumbar_rotation
actuator[19] = arm_flex_r
actuator[20] = arm_add_r
actuator[21] = arm_rot_r
actuator[22] = elbow_flex_r
actuator[23] = pro_sup_r
actuator[24] = arm_flex_l
actuator[25] = arm_add_l
actuator[26] = arm_rot_l
actuator[27] = elbow_flex_l
actuator[28] = pro_sup_l

STATES (total: 74)
y[0] = /jointset/ground_pelvis/pelvis_tilt/value
y[1] = /jointset/ground_pelvis/pelvis_tilt/speed
y[2] = /jointset/ground_pelvis/pelvis_list/value
y[3] = /jointset/ground_pelvis/pelvis_list/speed
y[4] = /jointset/ground_pelvis/pelvis_rotation/value
y[5] = /jointset/ground_pelvis/pelvis_rotation/speed
y[6] = /jointset/ground_pelvis/pelvis_tx/value
y[7] = /jointset/ground_pelvis/pelvis_tx/speed
y[8] = /jointset/ground_pelvis/pelvis_ty/value
y[9] = /jointset/ground_pelvis/pelvis_ty/speed
y[10] = /jointset/ground_pelvis/pelvis_tz/value
y[11] = /jointset/ground_pelvis/pelvis_tz/speed
y[12] = /jointset/hip_r/hip_flexion_r/value
y[13] = /jointset/hip_r/hip_flexion_r/speed
y[14] = /jointset/hip_r/hip_adduction_r/value
y[15] = /jointset/hip_r/hip_adduction_r/speed
y[16] = /jointset/hip_r/hip_rotation_r/value
y[17] = /jointset/hip_r/hip_rotation_r/speed
y[18] = /jointset/knee_r/knee_angle_r/value
y[19] = /jointset/knee_r/knee_angle_r/speed
y[20] = /jointset/ankle_r/ankle_angle_r/value
y[21] = /jointset/ankle_r/ankle_angle_r/speed
y[22] = /jointset/subtalar_r/subtalar_angle_r/value
y[23] = /jointset/subtalar_r/subtalar_angle_r/speed
y[24] = /jointset/mtp_r/mtp_angle_r/value
y[25] = /jointset/mtp_r/mtp_angle_r/speed
y[26] = /jointset/hip_l/hip_flexion_l/value
y[27] = /jointset/hip_l/hip_flexion_l/speed
y[28] = /jointset/hip_l/hip_adduction_l/value
y[29] = /jointset/hip_l/hip_adduction_l/speed
y[30] = /jointset/hip_l/hip_rotation_l/value
y[31] = /jointset/hip_l/hip_rotation_l/speed
y[32] = /jointset/knee_l/knee_angle_l/value
y[33] = /jointset/knee_l/knee_angle_l/speed
y[34] = /jointset/ankle_l/ankle_angle_l/value
y[35] = /jointset/ankle_l/ankle_angle_l/speed
y[36] = /jointset/subtalar_l/subtalar_angle_l/value
y[37] = /jointset/subtalar_l/subtalar_angle_l/speed
y[38] = /jointset/mtp_l/mtp_angle_l/value
y[39] = /jointset/mtp_l/mtp_angle_l/speed
y[40] = /jointset/back/lumbar_extension/value
y[41] = /jointset/back/lumbar_extension/speed
y[42] = /jointset/back/lumbar_bending/value
y[43] = /jointset/back/lumbar_bending/speed
y[44] = /jointset/back/lumbar_rotation/value
y[45] = /jointset/back/lumbar_rotation/speed
y[46] = /jointset/acromial_r/arm_flex_r/value
y[47] = /jointset/acromial_r/arm_flex_r/speed
y[48] = /jointset/acromial_r/arm_add_r/value
y[49] = /jointset/acromial_r/arm_add_r/speed
y[50] = /jointset/acromial_r/arm_rot_r/value
y[51] = /jointset/acromial_r/arm_rot_r/speed
y[52] = /jointset/elbow_r/elbow_flex_r/value
y[53] = /jointset/elbow_r/elbow_flex_r/speed
y[54] = /jointset/radioulnar_r/pro_sup_r/value
y[55] = /jointset/radioulnar_r/pro_sup_r/speed
y[56] = /jointset/radius_hand_r/wrist_flex_r/value
y[57] = /jointset/radius_hand_r/wrist_flex_r/speed
y[58] = /jointset/radius_hand_r/wrist_dev_r/value
y[59] = /jointset/radius_hand_r/wrist_dev_r/speed
y[60] = /jointset/acromial_l/arm_flex_l/value
y[61] = /jointset/acromial_l/arm_flex_l/speed
y[62] = /jointset/acromial_l/arm_add_l/value
y[63] = /jointset/acromial_l/arm_add_l/speed
y[64] = /jointset/acromial_l/arm_rot_l/value
y[65] = /jointset/acromial_l/arm_rot_l/speed
y[66] = /jointset/elbow_l/elbow_flex_l/value
y[67] = /jointset/elbow_l/elbow_flex_l/speed
y[68] = /jointset/radioulnar_l/pro_sup_l/value
y[69] = /jointset/radioulnar_l/pro_sup_l/speed
y[70] = /jointset/radius_hand_l/wrist_flex_l/value
y[71] = /jointset/radius_hand_l/wrist_flex_l/speed
y[72] = /jointset/radius_hand_l/wrist_dev_l/value
y[73] = /jointset/radius_hand_l/wrist_dev_l/speed

[2023-08-15 22:28:43.043] [warning] Coordinate.setValue:  coordinate subtalar_angle_r is locked. Unable to change its value.
[2023-08-15 22:28:43.043] [warning] Coordinate.setValue:  coordinate mtp_angle_r is locked. Unable to change its value.
[2023-08-15 22:28:43.043] [warning] Coordinate.setValue:  coordinate subtalar_angle_l is locked. Unable to change its value.
[2023-08-15 22:28:43.043] [warning] Coordinate.setValue:  coordinate mtp_angle_l is locked. Unable to change its value.
[2023-08-15 22:28:43.043] [warning] Coordinate.setValue:  coordinate wrist_flex_r is locked. Unable to change its value.
[2023-08-15 22:28:43.043] [warning] Coordinate.setValue:  coordinate wrist_dev_r is locked. Unable to change its value.
[2023-08-15 22:28:43.043] [warning] Coordinate.setValue:  coordinate wrist_flex_l is locked. Unable to change its value.
[2023-08-15 22:28:43.043] [warning] Coordinate.setValue:  coordinate wrist_dev_l is locked. Unable to change its value.
[2023-08-15 22:28:43.150] [info] Requested COM adjustment time range 0.127 to 0.689, clamped to nearest available data times: 0.127 to 0.689.
[2023-08-15 22:28:43.150] [info] Computing average residuals between 0.127 and 0.689...
[2023-08-15 22:28:43.242] [info] ExternalForce::externalforce Data source being set to Run_500 02_newCOP3_v24.mot
[2023-08-15 22:28:43.242] [info] ExternalForce::externalforce_0 Data source being set to Run_500 02_newCOP3_v24.mot
[2023-08-15 22:28:43.306] [info] ExternalForce::externalforce Data source being set to Run_500 02_newCOP3_v24.mot
[2023-08-15 22:28:43.306] [info] ExternalForce::externalforce_0 Data source being set to Run_500 02_newCOP3_v24.mot
[2023-08-15 22:28:47.433] [info] ExternalForce::externalforce Data source being set to Run_500 02_newCOP3_v24.mot
[2023-08-15 22:28:47.433] [info] ExternalForce::externalforce_0 Data source being set to Run_500 02_newCOP3_v24.mot
[2023-08-15 22:28:47.440] [info] Computing average residuals between 0.127 and 0.689...
[2023-08-15 22:28:47.527] [info] ExternalForce::externalforce Data source being set to Run_500 02_newCOP3_v24.mot
[2023-08-15 22:28:47.527] [info] ExternalForce::externalforce_0 Data source being set to Run_500 02_newCOP3_v24.mot
[2023-08-15 22:28:47.591] [info] ExternalForce::externalforce Data source being set to Run_500 02_newCOP3_v24.mot
[2023-08-15 22:28:47.591] [info] ExternalForce::externalforce_0 Data source being set to Run_500 02_newCOP3_v24.mot
[2023-08-15 22:28:52.389] [info] Constructing function set for tracking desired kinematics...
[2023-08-15 22:28:53.227] [warning] No Actuation analysis found in analysis set, adding one...
[2023-08-15 22:28:53.228] [warning] No Kinematics analysis found in analysis set, adding one...
[2023-08-15 22:28:53.231] [info] Using the generalized coordinates specified in '..\rra2\cycle1\subject11_run5_cycle1_iter2_Kinematics_q.sto' to set the initial configuration.
[2023-08-15 22:28:53.411] [info] Using IPOPT optimizer algorithm.
[2023-08-15 22:28:53.411] [info] Setting optimizer print level to 0.
[2023-08-15 22:28:53.411] [info] Setting optimizer convergence tolerance to 1.0e-05.
[2023-08-15 22:28:53.411] [info] Setting optimizer maximum iterations to 2000.
[2023-08-15 22:28:53.411] [info] Setting cmc controller to not use verbose printing.

[2023-08-15 22:28:53.412] [info] CMC::computeControls, t = 0.127
[2023-08-15 22:28:54.376] [info] --------------------------------------------
[2023-08-15 22:28:54.376] [info] Using CMC to track the specified kinematics:
[2023-08-15 22:28:54.376] [info] --------------------------------------------
[2023-08-15 22:28:54.376] [info]  -- Integrating from 0.127 to 0.689
[2023-08-15 22:28:54.376] [info]  -- Start time = Tue Aug 15 22:28:54 2023
[2023-08-15 22:28:54.376] [info] --------------------------------------------
[2023-08-15 22:28:54.376] [info] 
[2023-08-15 22:28:54.385] [info] CMC::computeControls, t = 0.127
[2023-08-15 22:28:54.441] [info] CMC::computeControls, t = 0.128
[2023-08-15 22:28:54.442] [warning] Coordinate.setValue:  coordinate subtalar_angle_r is locked. Unable to change its value.
[2023-08-15 22:28:54.442] [warning] Coordinate.setValue:  coordinate mtp_angle_r is locked. Unable to change its value.
[2023-08-15 22:28:54.442] [warning] Coordinate.setValue:  coordinate subtalar_angle_l is locked. Unable to change its value.
[2023-08-15 22:28:54.442] [warning] Coordinate.setValue:  coordinate mtp_angle_l is locked. Unable to change its value.
[2023-08-15 22:28:54.442] [warning] Coordinate.setValue:  coordinate wrist_flex_r is locked. Unable to change its value.
[2023-08-15 22:28:54.442] [warning] Coordinate.setValue:  coordinate wrist_dev_r is locked. Unable to change its value.
[2023-08-15 22:28:54.442] [warning] Coordinate.setValue:  coordinate wrist_flex_l is locked. Unable to change its value.
[2023-08-15 22:28:54.442] [warning] Coordinate.setValue:  coordinate wrist_dev_l is locked. Unable to change its value.
[2023-08-15 22:28:54.485] [info] CMC::computeControls, t = 0.129
[2023-08-15 22:28:54.510] [info] CMC::computeControls, t = 0.13
[2023-08-15 22:28:54.553] [info] CMC::computeControls, t = 0.131
[2023-08-15 22:28:54.591] [info] CMC::computeControls, t = 0.132
[2023-08-15 22:28:54.624] [info] CMC::computeControls, t = 0.133
[2023-08-15 22:28:54.646] [info] CMC::computeControls, t = 0.134
[2023-08-15 22:28:54.680] [info] CMC::computeControls, t = 0.135
[2023-08-15 22:28:54.708] [info] CMC::computeControls, t = 0.136
[2023-08-15 22:28:54.742] [info] CMC::computeControls, t = 0.137
[2023-08-15 22:28:54.776] [info] CMC::computeControls, t = 0.138
[2023-08-15 22:28:54.800] [info] CMC::computeControls, t = 0.139
[2023-08-15 22:28:54.824] [info] CMC::computeControls, t = 0.14
[2023-08-15 22:28:54.851] [info] CMC::computeControls, t = 0.141
[2023-08-15 22:28:54.881] [info] CMC::computeControls, t = 0.142
[2023-08-15 22:28:54.910] [info] CMC::computeControls, t = 0.143
[2023-08-15 22:28:54.938] [info] CMC::computeControls, t = 0.144
[2023-08-15 22:28:54.961] [info] CMC::computeControls, t = 0.145
[2023-08-15 22:28:54.984] [info] CMC::computeControls, t = 0.146
[2023-08-15 22:28:55.017] [info] CMC::computeControls, t = 0.147
[2023-08-15 22:28:55.057] [info] CMC::computeControls, t = 0.148
[2023-08-15 22:28:55.094] [info] CMC::computeControls, t = 0.149
[2023-08-15 22:28:55.120] [info] CMC::computeControls, t = 0.15
[2023-08-15 22:28:55.150] [info] CMC::computeControls, t = 0.151
[2023-08-15 22:28:55.173] [info] CMC::computeControls, t = 0.152
[2023-08-15 22:28:55.205] [info] CMC::computeControls, t = 0.153
[2023-08-15 22:28:55.238] [info] CMC::computeControls, t = 0.154
[2023-08-15 22:28:55.268] [info] CMC::computeControls, t = 0.155
[2023-08-15 22:28:55.297] [info] CMC::computeControls, t = 0.156
[2023-08-15 22:28:55.318] [info] CMC::computeControls, t = 0.157
[2023-08-15 22:28:55.345] [info] CMC::computeControls, t = 0.158
[2023-08-15 22:28:55.381] [info] CMC::computeControls, t = 0.159
[2023-08-15 22:28:55.407] [info] CMC::computeControls, t = 0.16
[2023-08-15 22:28:55.438] [info] CMC::computeControls, t = 0.161
[2023-08-15 22:28:55.467] [info] CMC::computeControls, t = 0.162
[2023-08-15 22:28:55.501] [info] CMC::computeControls, t = 0.163
[2023-08-15 22:28:55.530] [info] CMC::computeControls, t = 0.164
[2023-08-15 22:28:55.565] [info] CMC::computeControls, t = 0.165
[2023-08-15 22:28:55.590] [info] CMC::computeControls, t = 0.166
[2023-08-15 22:28:55.612] [info] CMC::computeControls, t = 0.167
[2023-08-15 22:28:55.637] [info] CMC::computeControls, t = 0.168
[2023-08-15 22:28:55.659] [info] CMC::computeControls, t = 0.169
[2023-08-15 22:28:55.688] [info] CMC::computeControls, t = 0.17
[2023-08-15 22:28:55.718] [info] CMC::computeControls, t = 0.171
[2023-08-15 22:28:55.756] [info] CMC::computeControls, t = 0.172
[2023-08-15 22:28:55.787] [info] CMC::computeControls, t = 0.173
[2023-08-15 22:28:55.810] [info] CMC::computeControls, t = 0.174
[2023-08-15 22:28:55.841] [info] CMC::computeControls, t = 0.175
[2023-08-15 22:28:55.868] [info] CMC::computeControls, t = 0.176
[2023-08-15 22:28:55.891] [info] CMC::computeControls, t = 0.177
[2023-08-15 22:28:55.915] [info] CMC::computeControls, t = 0.178
[2023-08-15 22:28:55.946] [info] CMC::computeControls, t = 0.179
[2023-08-15 22:28:55.980] [info] CMC::computeControls, t = 0.18
[2023-08-15 22:28:56.013] [info] CMC::computeControls, t = 0.181
[2023-08-15 22:28:56.045] [info] CMC::computeControls, t = 0.182
[2023-08-15 22:28:56.079] [info] CMC::computeControls, t = 0.183
[2023-08-15 22:28:56.108] [info] CMC::computeControls, t = 0.184
[2023-08-15 22:28:56.129] [info] CMC::computeControls, t = 0.185
[2023-08-15 22:28:56.164] [info] CMC::computeControls, t = 0.186
[2023-08-15 22:28:56.207] [info] CMC::computeControls, t = 0.187
[2023-08-15 22:28:56.233] [info] CMC::computeControls, t = 0.188
[2023-08-15 22:28:56.259] [info] CMC::computeControls, t = 0.189
[2023-08-15 22:28:56.284] [info] CMC::computeControls, t = 0.19
[2023-08-15 22:28:56.317] [info] CMC::computeControls, t = 0.191
[2023-08-15 22:28:56.340] [info] CMC::computeControls, t = 0.192
[2023-08-15 22:28:56.367] [info] CMC::computeControls, t = 0.193
[2023-08-15 22:28:56.388] [info] CMC::computeControls, t = 0.194
[2023-08-15 22:28:56.407] [info] CMC::computeControls, t = 0.195
[2023-08-15 22:28:56.432] [info] CMC::computeControls, t = 0.196
[2023-08-15 22:28:56.451] [info] CMC::computeControls, t = 0.197
[2023-08-15 22:28:56.470] [info] CMC::computeControls, t = 0.198
[2023-08-15 22:28:56.489] [info] CMC::computeControls, t = 0.199
[2023-08-15 22:28:56.516] [info] CMC::computeControls, t = 0.2
[2023-08-15 22:28:56.542] [info] CMC::computeControls, t = 0.201000
[2023-08-15 22:28:56.564] [info] CMC::computeControls, t = 0.202000
[2023-08-15 22:28:56.591] [info] CMC::computeControls, t = 0.203000
[2023-08-15 22:28:56.632] [info] CMC::computeControls, t = 0.204000
[2023-08-15 22:28:56.659] [info] CMC::computeControls, t = 0.205000
[2023-08-15 22:28:56.693] [info] CMC::computeControls, t = 0.206000
[2023-08-15 22:28:56.731] [info] CMC::computeControls, t = 0.207000
[2023-08-15 22:28:56.763] [info] CMC::computeControls, t = 0.208000
[2023-08-15 22:28:56.793] [info] CMC::computeControls, t = 0.209000
[2023-08-15 22:28:56.822] [info] CMC::computeControls, t = 0.21
[2023-08-15 22:28:56.849] [info] CMC::computeControls, t = 0.211
[2023-08-15 22:28:56.877] [info] CMC::computeControls, t = 0.212
[2023-08-15 22:28:56.903] [info] CMC::computeControls, t = 0.213
[2023-08-15 22:28:56.929] [info] CMC::computeControls, t = 0.214
[2023-08-15 22:28:56.958] [info] CMC::computeControls, t = 0.215
[2023-08-15 22:28:56.986] [info] CMC::computeControls, t = 0.216
[2023-08-15 22:28:57.010] [info] CMC::computeControls, t = 0.217
[2023-08-15 22:28:57.033] [info] CMC::computeControls, t = 0.218
[2023-08-15 22:28:57.058] [info] CMC::computeControls, t = 0.219
[2023-08-15 22:28:57.094] [info] CMC::computeControls, t = 0.22
[2023-08-15 22:28:57.120] [info] CMC::computeControls, t = 0.221
[2023-08-15 22:28:57.148] [info] CMC::computeControls, t = 0.222
[2023-08-15 22:28:57.174] [info] CMC::computeControls, t = 0.223
[2023-08-15 22:28:57.211] [info] CMC::computeControls, t = 0.224
[2023-08-15 22:28:57.237] [info] CMC::computeControls, t = 0.225
[2023-08-15 22:28:57.266] [info] CMC::computeControls, t = 0.226
[2023-08-15 22:28:57.295] [info] CMC::computeControls, t = 0.227
[2023-08-15 22:28:57.326] [info] CMC::computeControls, t = 0.228
[2023-08-15 22:28:57.349] [info] CMC::computeControls, t = 0.229
[2023-08-15 22:28:57.390] [info] CMC::computeControls, t = 0.23
[2023-08-15 22:28:57.415] [info] CMC::computeControls, t = 0.231
[2023-08-15 22:28:57.437] [info] CMC::computeControls, t = 0.232
[2023-08-15 22:28:57.466] [info] CMC::computeControls, t = 0.233
[2023-08-15 22:28:57.490] [info] CMC::computeControls, t = 0.234
[2023-08-15 22:28:57.524] [info] CMC::computeControls, t = 0.235
[2023-08-15 22:28:57.555] [info] CMC::computeControls, t = 0.236
[2023-08-15 22:28:57.582] [info] CMC::computeControls, t = 0.237
[2023-08-15 22:28:57.599] [info] CMC::computeControls, t = 0.238
[2023-08-15 22:28:57.626] [info] CMC::computeControls, t = 0.239
[2023-08-15 22:28:57.654] [info] CMC::computeControls, t = 0.24
[2023-08-15 22:28:57.683] [info] CMC::computeControls, t = 0.241
[2023-08-15 22:28:57.704] [info] CMC::computeControls, t = 0.242
[2023-08-15 22:28:57.727] [info] CMC::computeControls, t = 0.243
[2023-08-15 22:28:57.757] [info] CMC::computeControls, t = 0.244
[2023-08-15 22:28:57.786] [info] CMC::computeControls, t = 0.245
[2023-08-15 22:28:57.807] [info] CMC::computeControls, t = 0.246
[2023-08-15 22:28:57.829] [info] CMC::computeControls, t = 0.247
[2023-08-15 22:28:57.849] [info] CMC::computeControls, t = 0.248
[2023-08-15 22:28:57.874] [info] CMC::computeControls, t = 0.249
[2023-08-15 22:28:57.900] [info] CMC::computeControls, t = 0.25
[2023-08-15 22:28:57.922] [info] CMC::computeControls, t = 0.251
[2023-08-15 22:28:57.945] [info] CMC::computeControls, t = 0.252
[2023-08-15 22:28:57.978] [info] CMC::computeControls, t = 0.253
[2023-08-15 22:28:58.007] [info] CMC::computeControls, t = 0.254
[2023-08-15 22:28:58.047] [info] CMC::computeControls, t = 0.255
[2023-08-15 22:28:58.065] [info] CMC::computeControls, t = 0.256
[2023-08-15 22:28:58.096] [info] CMC::computeControls, t = 0.257
[2023-08-15 22:28:58.124] [info] CMC::computeControls, t = 0.258
[2023-08-15 22:28:58.153] [info] CMC::computeControls, t = 0.259
[2023-08-15 22:28:58.184] [info] CMC::computeControls, t = 0.26
[2023-08-15 22:28:58.211] [info] CMC::computeControls, t = 0.261
[2023-08-15 22:28:58.232] [info] CMC::computeControls, t = 0.262
[2023-08-15 22:28:58.269] [info] CMC::computeControls, t = 0.263
[2023-08-15 22:28:58.300] [info] CMC::computeControls, t = 0.264
[2023-08-15 22:28:58.322] [info] CMC::computeControls, t = 0.265
[2023-08-15 22:28:58.347] [info] CMC::computeControls, t = 0.266
[2023-08-15 22:28:58.377] [info] CMC::computeControls, t = 0.267
[2023-08-15 22:28:58.406] [info] CMC::computeControls, t = 0.268
[2023-08-15 22:28:58.436] [info] CMC::computeControls, t = 0.269
[2023-08-15 22:28:58.463] [info] CMC::computeControls, t = 0.27
[2023-08-15 22:28:58.485] [info] CMC::computeControls, t = 0.271
[2023-08-15 22:28:58.515] [info] CMC::computeControls, t = 0.272
[2023-08-15 22:28:58.555] [info] CMC::computeControls, t = 0.273
[2023-08-15 22:28:58.596] [info] CMC::computeControls, t = 0.274
[2023-08-15 22:28:58.626] [info] CMC::computeControls, t = 0.275
[2023-08-15 22:28:58.669] [info] CMC::computeControls, t = 0.276
[2023-08-15 22:28:58.705] [info] CMC::computeControls, t = 0.277
[2023-08-15 22:28:58.732] [info] CMC::computeControls, t = 0.278
[2023-08-15 22:28:58.767] [info] CMC::computeControls, t = 0.279
[2023-08-15 22:28:58.804] [info] CMC::computeControls, t = 0.28
[2023-08-15 22:28:58.839] [info] CMC::computeControls, t = 0.281
[2023-08-15 22:28:58.865] [info] CMC::computeControls, t = 0.282
[2023-08-15 22:28:58.887] [info] CMC::computeControls, t = 0.283
[2023-08-15 22:28:58.913] [info] CMC::computeControls, t = 0.284
[2023-08-15 22:28:58.947] [info] CMC::computeControls, t = 0.285
[2023-08-15 22:28:58.972] [info] CMC::computeControls, t = 0.286
[2023-08-15 22:28:59.005] [info] CMC::computeControls, t = 0.287
[2023-08-15 22:28:59.025] [info] CMC::computeControls, t = 0.288
[2023-08-15 22:28:59.050] [info] CMC::computeControls, t = 0.289
[2023-08-15 22:28:59.080] [info] CMC::computeControls, t = 0.29
[2023-08-15 22:28:59.105] [info] CMC::computeControls, t = 0.291
[2023-08-15 22:28:59.128] [info] CMC::computeControls, t = 0.292
[2023-08-15 22:28:59.153] [info] CMC::computeControls, t = 0.293
[2023-08-15 22:28:59.176] [info] CMC::computeControls, t = 0.294
[2023-08-15 22:28:59.205] [info] CMC::computeControls, t = 0.295
[2023-08-15 22:28:59.240] [info] CMC::computeControls, t = 0.296
[2023-08-15 22:28:59.260] [info] CMC::computeControls, t = 0.297
[2023-08-15 22:28:59.290] [info] CMC::computeControls, t = 0.298
[2023-08-15 22:28:59.317] [info] CMC::computeControls, t = 0.299
[2023-08-15 22:28:59.339] [info] CMC::computeControls, t = 0.3
[2023-08-15 22:28:59.357] [info] CMC::computeControls, t = 0.301000
[2023-08-15 22:28:59.373] [info] CMC::computeControls, t = 0.302000
[2023-08-15 22:28:59.393] [info] CMC::computeControls, t = 0.303000
[2023-08-15 22:28:59.422] [info] CMC::computeControls, t = 0.304000
[2023-08-15 22:28:59.443] [info] CMC::computeControls, t = 0.305000
[2023-08-15 22:28:59.470] [info] CMC::computeControls, t = 0.306000
[2023-08-15 22:28:59.500] [info] CMC::computeControls, t = 0.307000
[2023-08-15 22:28:59.528] [info] CMC::computeControls, t = 0.308000
[2023-08-15 22:28:59.551] [info] CMC::computeControls, t = 0.309000
[2023-08-15 22:28:59.573] [info] CMC::computeControls, t = 0.31
[2023-08-15 22:28:59.593] [info] CMC::computeControls, t = 0.311
[2023-08-15 22:28:59.624] [info] CMC::computeControls, t = 0.312
[2023-08-15 22:28:59.646] [info] CMC::computeControls, t = 0.313
[2023-08-15 22:28:59.669] [info] CMC::computeControls, t = 0.314
[2023-08-15 22:28:59.688] [info] CMC::computeControls, t = 0.315
[2023-08-15 22:28:59.710] [info] CMC::computeControls, t = 0.316
[2023-08-15 22:28:59.739] [info] CMC::computeControls, t = 0.317
[2023-08-15 22:28:59.767] [info] CMC::computeControls, t = 0.318
[2023-08-15 22:28:59.790] [info] CMC::computeControls, t = 0.319
[2023-08-15 22:28:59.816] [info] CMC::computeControls, t = 0.32
[2023-08-15 22:28:59.835] [info] CMC::computeControls, t = 0.321
[2023-08-15 22:28:59.854] [info] CMC::computeControls, t = 0.322
[2023-08-15 22:28:59.872] [info] CMC::computeControls, t = 0.323
[2023-08-15 22:28:59.892] [info] CMC::computeControls, t = 0.324
[2023-08-15 22:28:59.910] [info] CMC::computeControls, t = 0.325
[2023-08-15 22:28:59.950] [info] CMC::computeControls, t = 0.326
[2023-08-15 22:28:59.976] [info] CMC::computeControls, t = 0.327
[2023-08-15 22:29:00.003] [info] CMC::computeControls, t = 0.328
[2023-08-15 22:29:00.032] [info] CMC::computeControls, t = 0.329
[2023-08-15 22:29:00.053] [info] CMC::computeControls, t = 0.33
[2023-08-15 22:29:00.079] [info] CMC::computeControls, t = 0.331
[2023-08-15 22:29:00.110] [info] CMC::computeControls, t = 0.332
[2023-08-15 22:29:00.151] [info] CMC::computeControls, t = 0.333
[2023-08-15 22:29:00.196] [info] CMC::computeControls, t = 0.334
[2023-08-15 22:29:00.218] [info] CMC::computeControls, t = 0.335
[2023-08-15 22:29:00.243] [info] CMC::computeControls, t = 0.336
[2023-08-15 22:29:00.268] [info] CMC::computeControls, t = 0.337
[2023-08-15 22:29:00.295] [info] CMC::computeControls, t = 0.338
[2023-08-15 22:29:00.318] [info] CMC::computeControls, t = 0.339
[2023-08-15 22:29:00.347] [info] CMC::computeControls, t = 0.34
[2023-08-15 22:29:00.368] [info] CMC::computeControls, t = 0.341
[2023-08-15 22:29:00.395] [info] CMC::computeControls, t = 0.342
[2023-08-15 22:29:00.427] [info] CMC::computeControls, t = 0.343
[2023-08-15 22:29:00.454] [info] CMC::computeControls, t = 0.344
[2023-08-15 22:29:00.479] [info] CMC::computeControls, t = 0.345
[2023-08-15 22:29:00.509] [info] CMC::computeControls, t = 0.346
[2023-08-15 22:29:00.541] [info] CMC::computeControls, t = 0.347
[2023-08-15 22:29:00.581] [info] CMC::computeControls, t = 0.348
[2023-08-15 22:29:00.622] [info] CMC::computeControls, t = 0.349
[2023-08-15 22:29:00.662] [info] CMC::computeControls, t = 0.35
[2023-08-15 22:29:00.687] [info] CMC::computeControls, t = 0.351
[2023-08-15 22:29:00.718] [info] CMC::computeControls, t = 0.352
[2023-08-15 22:29:00.754] [info] CMC::computeControls, t = 0.353
[2023-08-15 22:29:00.785] [info] CMC::computeControls, t = 0.354
[2023-08-15 22:29:00.806] [info] CMC::computeControls, t = 0.355
[2023-08-15 22:29:00.841] [info] CMC::computeControls, t = 0.356
[2023-08-15 22:29:00.870] [info] CMC::computeControls, t = 0.357
[2023-08-15 22:29:00.899] [info] CMC::computeControls, t = 0.358
[2023-08-15 22:29:00.918] [info] CMC::computeControls, t = 0.359
[2023-08-15 22:29:00.951] [info] CMC::computeControls, t = 0.36
[2023-08-15 22:29:00.978] [info] CMC::computeControls, t = 0.361
[2023-08-15 22:29:01.001] [info] CMC::computeControls, t = 0.362
[2023-08-15 22:29:01.030] [info] CMC::computeControls, t = 0.363
[2023-08-15 22:29:01.058] [info] CMC::computeControls, t = 0.364
[2023-08-15 22:29:01.085] [info] CMC::computeControls, t = 0.365
[2023-08-15 22:29:01.105] [info] CMC::computeControls, t = 0.366
[2023-08-15 22:29:01.133] [info] CMC::computeControls, t = 0.367
[2023-08-15 22:29:01.155] [info] CMC::computeControls, t = 0.368
[2023-08-15 22:29:01.173] [info] CMC::computeControls, t = 0.369
[2023-08-15 22:29:01.204] [info] CMC::computeControls, t = 0.37
[2023-08-15 22:29:01.231] [info] CMC::computeControls, t = 0.371
[2023-08-15 22:29:01.264] [info] CMC::computeControls, t = 0.372
[2023-08-15 22:29:01.289] [info] CMC::computeControls, t = 0.373
[2023-08-15 22:29:01.315] [info] CMC::computeControls, t = 0.374
[2023-08-15 22:29:01.348] [info] CMC::computeControls, t = 0.375
[2023-08-15 22:29:01.382] [info] CMC::computeControls, t = 0.376
[2023-08-15 22:29:01.413] [info] CMC::computeControls, t = 0.377
[2023-08-15 22:29:01.432] [info] CMC::computeControls, t = 0.378
[2023-08-15 22:29:01.456] [info] CMC::computeControls, t = 0.379
[2023-08-15 22:29:01.485] [info] CMC::computeControls, t = 0.38
[2023-08-15 22:29:01.524] [info] CMC::computeControls, t = 0.381
[2023-08-15 22:29:01.562] [info] CMC::computeControls, t = 0.382
[2023-08-15 22:29:01.584] [info] CMC::computeControls, t = 0.383
[2023-08-15 22:29:01.626] [info] CMC::computeControls, t = 0.384
[2023-08-15 22:29:01.649] [info] CMC::computeControls, t = 0.385
[2023-08-15 22:29:01.683] [info] CMC::computeControls, t = 0.386
[2023-08-15 22:29:01.701] [info] CMC::computeControls, t = 0.387
[2023-08-15 22:29:01.719] [info] CMC::computeControls, t = 0.388
[2023-08-15 22:29:01.740] [info] CMC::computeControls, t = 0.389
[2023-08-15 22:29:01.759] [info] CMC::computeControls, t = 0.39
[2023-08-15 22:29:01.787] [info] CMC::computeControls, t = 0.391
[2023-08-15 22:29:01.809] [info] CMC::computeControls, t = 0.392
[2023-08-15 22:29:01.839] [info] CMC::computeControls, t = 0.393
[2023-08-15 22:29:01.858] [info] CMC::computeControls, t = 0.394
[2023-08-15 22:29:01.886] [info] CMC::computeControls, t = 0.395
[2023-08-15 22:29:01.908] [info] CMC::computeControls, t = 0.396
[2023-08-15 22:29:01.931] [info] CMC::computeControls, t = 0.397
[2023-08-15 22:29:01.957] [info] CMC::computeControls, t = 0.398
[2023-08-15 22:29:01.980] [info] CMC::computeControls, t = 0.399
[2023-08-15 22:29:02.008] [info] CMC::computeControls, t = 0.4
[2023-08-15 22:29:02.033] [info] CMC::computeControls, t = 0.401000
[2023-08-15 22:29:02.055] [info] CMC::computeControls, t = 0.402000
[2023-08-15 22:29:02.073] [info] CMC::computeControls, t = 0.403000
[2023-08-15 22:29:02.099] [info] CMC::computeControls, t = 0.404000
[2023-08-15 22:29:02.120] [info] CMC::computeControls, t = 0.405000
[2023-08-15 22:29:02.143] [info] CMC::computeControls, t = 0.406000
[2023-08-15 22:29:02.164] [info] CMC::computeControls, t = 0.407000
[2023-08-15 22:29:02.195] [info] CMC::computeControls, t = 0.408000
[2023-08-15 22:29:02.240] [info] CMC::computeControls, t = 0.409000
[2023-08-15 22:29:02.277] [info] CMC::computeControls, t = 0.41
[2023-08-15 22:29:02.311] [info] CMC::computeControls, t = 0.411
[2023-08-15 22:29:02.354] [info] CMC::computeControls, t = 0.412
[2023-08-15 22:29:02.390] [info] CMC::computeControls, t = 0.413
[2023-08-15 22:29:02.416] [info] CMC::computeControls, t = 0.414
[2023-08-15 22:29:02.451] [info] CMC::computeControls, t = 0.415
[2023-08-15 22:29:02.490] [info] CMC::computeControls, t = 0.416
[2023-08-15 22:29:02.525] [info] CMC::computeControls, t = 0.417
[2023-08-15 22:29:02.554] [info] CMC::computeControls, t = 0.418
[2023-08-15 22:29:02.580] [info] CMC::computeControls, t = 0.419
[2023-08-15 22:29:02.606] [info] CMC::computeControls, t = 0.42
[2023-08-15 22:29:02.630] [info] CMC::computeControls, t = 0.421
[2023-08-15 22:29:02.652] [info] CMC::computeControls, t = 0.422
[2023-08-15 22:29:02.689] [info] CMC::computeControls, t = 0.423
[2023-08-15 22:29:02.712] [info] CMC::computeControls, t = 0.424
[2023-08-15 22:29:02.738] [info] CMC::computeControls, t = 0.425
[2023-08-15 22:29:02.767] [info] CMC::computeControls, t = 0.426
[2023-08-15 22:29:02.789] [info] CMC::computeControls, t = 0.427
[2023-08-15 22:29:02.809] [info] CMC::computeControls, t = 0.428
[2023-08-15 22:29:02.839] [info] CMC::computeControls, t = 0.429
[2023-08-15 22:29:02.869] [info] CMC::computeControls, t = 0.43
[2023-08-15 22:29:02.899] [info] CMC::computeControls, t = 0.431
[2023-08-15 22:29:02.918] [info] CMC::computeControls, t = 0.432
[2023-08-15 22:29:02.946] [info] CMC::computeControls, t = 0.433
[2023-08-15 22:29:02.975] [info] CMC::computeControls, t = 0.434
[2023-08-15 22:29:02.996] [info] CMC::computeControls, t = 0.435
[2023-08-15 22:29:03.023] [info] CMC::computeControls, t = 0.436
[2023-08-15 22:29:03.055] [info] CMC::computeControls, t = 0.437
[2023-08-15 22:29:03.103] [info] CMC::computeControls, t = 0.438
[2023-08-15 22:29:03.134] [info] CMC::computeControls, t = 0.439
[2023-08-15 22:29:03.158] [info] CMC::computeControls, t = 0.44
[2023-08-15 22:29:03.179] [info] CMC::computeControls, t = 0.441
[2023-08-15 22:29:03.214] [info] CMC::computeControls, t = 0.442
[2023-08-15 22:29:03.240] [info] CMC::computeControls, t = 0.443
[2023-08-15 22:29:03.263] [info] CMC::computeControls, t = 0.444
[2023-08-15 22:29:03.279] [info] CMC::computeControls, t = 0.445
[2023-08-15 22:29:03.296] [info] CMC::computeControls, t = 0.446
[2023-08-15 22:29:03.323] [info] CMC::computeControls, t = 0.447
[2023-08-15 22:29:03.346] [info] CMC::computeControls, t = 0.448
[2023-08-15 22:29:03.375] [info] CMC::computeControls, t = 0.449
[2023-08-15 22:29:03.397] [info] CMC::computeControls, t = 0.45
[2023-08-15 22:29:03.414] [info] CMC::computeControls, t = 0.451
[2023-08-15 22:29:03.439] [info] CMC::computeControls, t = 0.452
[2023-08-15 22:29:03.465] [info] CMC::computeControls, t = 0.453
[2023-08-15 22:29:03.486] [info] CMC::computeControls, t = 0.454
[2023-08-15 22:29:03.521] [info] CMC::computeControls, t = 0.455
[2023-08-15 22:29:03.549] [info] CMC::computeControls, t = 0.456
[2023-08-15 22:29:03.579] [info] CMC::computeControls, t = 0.457
[2023-08-15 22:29:03.597] [info] CMC::computeControls, t = 0.458
[2023-08-15 22:29:03.615] [info] CMC::computeControls, t = 0.459
[2023-08-15 22:29:03.634] [info] CMC::computeControls, t = 0.46
[2023-08-15 22:29:03.654] [info] CMC::computeControls, t = 0.461
[2023-08-15 22:29:03.675] [info] CMC::computeControls, t = 0.462
[2023-08-15 22:29:03.708] [info] CMC::computeControls, t = 0.463
[2023-08-15 22:29:03.737] [info] CMC::computeControls, t = 0.464
[2023-08-15 22:29:03.776] [info] CMC::computeControls, t = 0.465
[2023-08-15 22:29:03.815] [info] CMC::computeControls, t = 0.466
[2023-08-15 22:29:03.847] [info] CMC::computeControls, t = 0.467
[2023-08-15 22:29:03.870] [info] CMC::computeControls, t = 0.468
[2023-08-15 22:29:03.889] [info] CMC::computeControls, t = 0.469
[2023-08-15 22:29:03.909] [info] CMC::computeControls, t = 0.47
[2023-08-15 22:29:03.927] [info] CMC::computeControls, t = 0.471
[2023-08-15 22:29:03.953] [info] CMC::computeControls, t = 0.472
[2023-08-15 22:29:03.982] [info] CMC::computeControls, t = 0.473
[2023-08-15 22:29:04.003] [info] CMC::computeControls, t = 0.474
[2023-08-15 22:29:04.023] [info] CMC::computeControls, t = 0.475
[2023-08-15 22:29:04.053] [info] CMC::computeControls, t = 0.476
[2023-08-15 22:29:04.077] [info] CMC::computeControls, t = 0.477
[2023-08-15 22:29:04.100] [info] CMC::computeControls, t = 0.478
[2023-08-15 22:29:04.127] [info] CMC::computeControls, t = 0.479
[2023-08-15 22:29:04.154] [info] CMC::computeControls, t = 0.48
[2023-08-15 22:29:04.174] [info] CMC::computeControls, t = 0.481
[2023-08-15 22:29:04.196] [info] CMC::computeControls, t = 0.482
[2023-08-15 22:29:04.222] [info] CMC::computeControls, t = 0.483
[2023-08-15 22:29:04.248] [info] CMC::computeControls, t = 0.484
[2023-08-15 22:29:04.269] [info] CMC::computeControls, t = 0.485
[2023-08-15 22:29:04.286] [info] CMC::computeControls, t = 0.486
[2023-08-15 22:29:04.309] [info] CMC::computeControls, t = 0.487
[2023-08-15 22:29:04.335] [info] CMC::computeControls, t = 0.488
[2023-08-15 22:29:04.364] [info] CMC::computeControls, t = 0.489
[2023-08-15 22:29:04.390] [info] CMC::computeControls, t = 0.49
[2023-08-15 22:29:04.411] [info] CMC::computeControls, t = 0.491
[2023-08-15 22:29:04.437] [info] CMC::computeControls, t = 0.492
[2023-08-15 22:29:04.467] [info] CMC::computeControls, t = 0.493
[2023-08-15 22:29:04.485] [info] CMC::computeControls, t = 0.494
[2023-08-15 22:29:04.514] [info] CMC::computeControls, t = 0.495
[2023-08-15 22:29:04.534] [info] CMC::computeControls, t = 0.496
[2023-08-15 22:29:04.562] [info] CMC::computeControls, t = 0.497
[2023-08-15 22:29:04.586] [info] CMC::computeControls, t = 0.498
[2023-08-15 22:29:04.615] [info] CMC::computeControls, t = 0.499
[2023-08-15 22:29:04.635] [info] CMC::computeControls, t = 0.5
[2023-08-15 22:29:04.663] [info] CMC::computeControls, t = 0.501000
[2023-08-15 22:29:04.696] [info] CMC::computeControls, t = 0.502000
[2023-08-15 22:29:04.732] [info] CMC::computeControls, t = 0.503000
[2023-08-15 22:29:04.756] [info] CMC::computeControls, t = 0.504000
[2023-08-15 22:29:04.780] [info] CMC::computeControls, t = 0.505000
[2023-08-15 22:29:04.820] [info] CMC::computeControls, t = 0.506000
[2023-08-15 22:29:04.838] [info] CMC::computeControls, t = 0.507000
[2023-08-15 22:29:04.872] [info] CMC::computeControls, t = 0.508000
[2023-08-15 22:29:04.891] [info] CMC::computeControls, t = 0.509000
[2023-08-15 22:29:04.920] [info] CMC::computeControls, t = 0.51
[2023-08-15 22:29:04.946] [info] CMC::computeControls, t = 0.511
[2023-08-15 22:29:04.969] [info] CMC::computeControls, t = 0.512
[2023-08-15 22:29:04.987] [info] CMC::computeControls, t = 0.513
[2023-08-15 22:29:05.011] [info] CMC::computeControls, t = 0.514
[2023-08-15 22:29:05.037] [info] CMC::computeControls, t = 0.515
[2023-08-15 22:29:05.063] [info] CMC::computeControls, t = 0.516
[2023-08-15 22:29:05.081] [info] CMC::computeControls, t = 0.517
[2023-08-15 22:29:05.114] [info] CMC::computeControls, t = 0.518
[2023-08-15 22:29:05.139] [info] CMC::computeControls, t = 0.519
[2023-08-15 22:29:05.163] [info] CMC::computeControls, t = 0.52
[2023-08-15 22:29:05.191] [info] CMC::computeControls, t = 0.521
[2023-08-15 22:29:05.221] [info] CMC::computeControls, t = 0.522
[2023-08-15 22:29:05.243] [info] CMC::computeControls, t = 0.523
[2023-08-15 22:29:05.265] [info] CMC::computeControls, t = 0.524
[2023-08-15 22:29:05.289] [info] CMC::computeControls, t = 0.525
[2023-08-15 22:29:05.312] [info] CMC::computeControls, t = 0.526
[2023-08-15 22:29:05.336] [info] CMC::computeControls, t = 0.527
[2023-08-15 22:29:05.359] [info] CMC::computeControls, t = 0.528
[2023-08-15 22:29:05.379] [info] CMC::computeControls, t = 0.529
[2023-08-15 22:29:05.406] [info] CMC::computeControls, t = 0.53
[2023-08-15 22:29:05.436] [info] CMC::computeControls, t = 0.531
[2023-08-15 22:29:05.468] [info] CMC::computeControls, t = 0.532
[2023-08-15 22:29:05.500] [info] CMC::computeControls, t = 0.533
[2023-08-15 22:29:05.531] [info] CMC::computeControls, t = 0.534
[2023-08-15 22:29:05.561] [info] CMC::computeControls, t = 0.535
[2023-08-15 22:29:05.584] [info] CMC::computeControls, t = 0.536
[2023-08-15 22:29:05.612] [info] CMC::computeControls, t = 0.537
[2023-08-15 22:29:05.645] [info] CMC::computeControls, t = 0.538
[2023-08-15 22:29:05.686] [info] CMC::computeControls, t = 0.539
[2023-08-15 22:29:05.711] [info] CMC::computeControls, t = 0.54
[2023-08-15 22:29:05.736] [info] CMC::computeControls, t = 0.541
[2023-08-15 22:29:05.768] [info] CMC::computeControls, t = 0.542
[2023-08-15 22:29:05.792] [info] CMC::computeControls, t = 0.543
[2023-08-15 22:29:05.823] [info] CMC::computeControls, t = 0.544
[2023-08-15 22:29:05.855] [info] CMC::computeControls, t = 0.545
[2023-08-15 22:29:05.889] [info] CMC::computeControls, t = 0.546
[2023-08-15 22:29:05.914] [info] CMC::computeControls, t = 0.547
[2023-08-15 22:29:05.936] [info] CMC::computeControls, t = 0.548
[2023-08-15 22:29:05.966] [info] CMC::computeControls, t = 0.549
[2023-08-15 22:29:05.994] [info] CMC::computeControls, t = 0.55
[2023-08-15 22:29:06.014] [info] CMC::computeControls, t = 0.551
[2023-08-15 22:29:06.036] [info] CMC::computeControls, t = 0.552
[2023-08-15 22:29:06.074] [info] CMC::computeControls, t = 0.553
[2023-08-15 22:29:06.104] [info] CMC::computeControls, t = 0.554
[2023-08-15 22:29:06.133] [info] CMC::computeControls, t = 0.555
[2023-08-15 22:29:06.154] [info] CMC::computeControls, t = 0.556
[2023-08-15 22:29:06.172] [info] CMC::computeControls, t = 0.557
[2023-08-15 22:29:06.195] [info] CMC::computeControls, t = 0.558
[2023-08-15 22:29:06.217] [info] CMC::computeControls, t = 0.559
[2023-08-15 22:29:06.238] [info] CMC::computeControls, t = 0.56
[2023-08-15 22:29:06.260] [info] CMC::computeControls, t = 0.561
[2023-08-15 22:29:06.286] [info] CMC::computeControls, t = 0.562
[2023-08-15 22:29:06.311] [info] CMC::computeControls, t = 0.563
[2023-08-15 22:29:06.350] [info] CMC::computeControls, t = 0.564
[2023-08-15 22:29:06.377] [info] CMC::computeControls, t = 0.565
[2023-08-15 22:29:06.410] [info] CMC::computeControls, t = 0.566
[2023-08-15 22:29:06.439] [info] CMC::computeControls, t = 0.567
[2023-08-15 22:29:06.465] [info] CMC::computeControls, t = 0.568
[2023-08-15 22:29:06.496] [info] CMC::computeControls, t = 0.569
[2023-08-15 22:29:06.519] [info] CMC::computeControls, t = 0.57
[2023-08-15 22:29:06.544] [info] CMC::computeControls, t = 0.571
[2023-08-15 22:29:06.576] [info] CMC::computeControls, t = 0.572
[2023-08-15 22:29:06.598] [info] CMC::computeControls, t = 0.573
[2023-08-15 22:29:06.621] [info] CMC::computeControls, t = 0.574
[2023-08-15 22:29:06.650] [info] CMC::computeControls, t = 0.575
[2023-08-15 22:29:06.685] [info] CMC::computeControls, t = 0.576
[2023-08-15 22:29:06.709] [info] CMC::computeControls, t = 0.577
[2023-08-15 22:29:06.750] [info] CMC::computeControls, t = 0.578
[2023-08-15 22:29:06.788] [info] CMC::computeControls, t = 0.579
[2023-08-15 22:29:06.816] [info] CMC::computeControls, t = 0.58
[2023-08-15 22:29:06.852] [info] CMC::computeControls, t = 0.581
[2023-08-15 22:29:06.881] [info] CMC::computeControls, t = 0.582
[2023-08-15 22:29:06.903] [info] CMC::computeControls, t = 0.583
[2023-08-15 22:29:06.933] [info] CMC::computeControls, t = 0.584
[2023-08-15 22:29:06.960] [info] CMC::computeControls, t = 0.585
[2023-08-15 22:29:06.985] [info] CMC::computeControls, t = 0.586
[2023-08-15 22:29:07.015] [info] CMC::computeControls, t = 0.587
[2023-08-15 22:29:07.034] [info] CMC::computeControls, t = 0.588
[2023-08-15 22:29:07.058] [info] CMC::computeControls, t = 0.589
[2023-08-15 22:29:07.088] [info] CMC::computeControls, t = 0.59
[2023-08-15 22:29:07.110] [info] CMC::computeControls, t = 0.591
[2023-08-15 22:29:07.138] [info] CMC::computeControls, t = 0.592
[2023-08-15 22:29:07.169] [info] CMC::computeControls, t = 0.593
[2023-08-15 22:29:07.204] [info] CMC::computeControls, t = 0.594
[2023-08-15 22:29:07.231] [info] CMC::computeControls, t = 0.595
[2023-08-15 22:29:07.255] [info] CMC::computeControls, t = 0.596
[2023-08-15 22:29:07.293] [info] CMC::computeControls, t = 0.597
[2023-08-15 22:29:07.322] [info] CMC::computeControls, t = 0.598
[2023-08-15 22:29:07.346] [info] CMC::computeControls, t = 0.599
[2023-08-15 22:29:07.371] [info] CMC::computeControls, t = 0.6
[2023-08-15 22:29:07.390] [info] CMC::computeControls, t = 0.601000
[2023-08-15 22:29:07.418] [info] CMC::computeControls, t = 0.602000
[2023-08-15 22:29:07.447] [info] CMC::computeControls, t = 0.603000
[2023-08-15 22:29:07.478] [info] CMC::computeControls, t = 0.604000
[2023-08-15 22:29:07.515] [info] CMC::computeControls, t = 0.605000
[2023-08-15 22:29:07.553] [info] CMC::computeControls, t = 0.606000
[2023-08-15 22:29:07.580] [info] CMC::computeControls, t = 0.607000
[2023-08-15 22:29:07.610] [info] CMC::computeControls, t = 0.608000
[2023-08-15 22:29:07.635] [info] CMC::computeControls, t = 0.609000
[2023-08-15 22:29:07.667] [info] CMC::computeControls, t = 0.61
[2023-08-15 22:29:07.689] [info] CMC::computeControls, t = 0.611
[2023-08-15 22:29:07.720] [info] CMC::computeControls, t = 0.612
[2023-08-15 22:29:07.749] [info] CMC::computeControls, t = 0.613
[2023-08-15 22:29:07.773] [info] CMC::computeControls, t = 0.614
[2023-08-15 22:29:07.817] [info] CMC::computeControls, t = 0.615
[2023-08-15 22:29:07.839] [info] CMC::computeControls, t = 0.616
[2023-08-15 22:29:07.868] [info] CMC::computeControls, t = 0.617
[2023-08-15 22:29:07.906] [info] CMC::computeControls, t = 0.618
[2023-08-15 22:29:07.940] [info] CMC::computeControls, t = 0.619
[2023-08-15 22:29:07.966] [info] CMC::computeControls, t = 0.62
[2023-08-15 22:29:07.988] [info] CMC::computeControls, t = 0.621
[2023-08-15 22:29:08.011] [info] CMC::computeControls, t = 0.622
[2023-08-15 22:29:08.038] [info] CMC::computeControls, t = 0.623
[2023-08-15 22:29:08.071] [info] CMC::computeControls, t = 0.624
[2023-08-15 22:29:08.101] [info] CMC::computeControls, t = 0.625
[2023-08-15 22:29:08.126] [info] CMC::computeControls, t = 0.626
[2023-08-15 22:29:08.160] [info] CMC::computeControls, t = 0.627
[2023-08-15 22:29:08.193] [info] CMC::computeControls, t = 0.628
[2023-08-15 22:29:08.222] [info] CMC::computeControls, t = 0.629
[2023-08-15 22:29:08.252] [info] CMC::computeControls, t = 0.63
[2023-08-15 22:29:08.279] [info] CMC::computeControls, t = 0.631
[2023-08-15 22:29:08.303] [info] CMC::computeControls, t = 0.632
[2023-08-15 22:29:08.326] [info] CMC::computeControls, t = 0.633
[2023-08-15 22:29:08.351] [info] CMC::computeControls, t = 0.634
[2023-08-15 22:29:08.376] [info] CMC::computeControls, t = 0.635
[2023-08-15 22:29:08.408] [info] CMC::computeControls, t = 0.636
[2023-08-15 22:29:08.447] [info] CMC::computeControls, t = 0.637
[2023-08-15 22:29:08.482] [info] CMC::computeControls, t = 0.638
[2023-08-15 22:29:08.502] [info] CMC::computeControls, t = 0.639
[2023-08-15 22:29:08.526] [info] CMC::computeControls, t = 0.64
[2023-08-15 22:29:08.549] [info] CMC::computeControls, t = 0.641
[2023-08-15 22:29:08.581] [info] CMC::computeControls, t = 0.642
[2023-08-15 22:29:08.623] [info] CMC::computeControls, t = 0.643
[2023-08-15 22:29:08.642] [info] CMC::computeControls, t = 0.644
[2023-08-15 22:29:08.668] [info] CMC::computeControls, t = 0.645
[2023-08-15 22:29:08.698] [info] CMC::computeControls, t = 0.646
[2023-08-15 22:29:08.738] [info] CMC::computeControls, t = 0.647
[2023-08-15 22:29:08.768] [info] CMC::computeControls, t = 0.648
[2023-08-15 22:29:08.794] [info] CMC::computeControls, t = 0.649
[2023-08-15 22:29:08.825] [info] CMC::computeControls, t = 0.65
[2023-08-15 22:29:08.852] [info] CMC::computeControls, t = 0.651
[2023-08-15 22:29:08.883] [info] CMC::computeControls, t = 0.652
[2023-08-15 22:29:08.908] [info] CMC::computeControls, t = 0.653
[2023-08-15 22:29:08.935] [info] CMC::computeControls, t = 0.654
[2023-08-15 22:29:08.961] [info] CMC::computeControls, t = 0.655
[2023-08-15 22:29:08.986] [info] CMC::computeControls, t = 0.656
[2023-08-15 22:29:09.014] [info] CMC::computeControls, t = 0.657
[2023-08-15 22:29:09.044] [info] CMC::computeControls, t = 0.658
[2023-08-15 22:29:09.080] [info] CMC::computeControls, t = 0.659
[2023-08-15 22:29:09.111] [info] CMC::computeControls, t = 0.66
[2023-08-15 22:29:09.133] [info] CMC::computeControls, t = 0.661
[2023-08-15 22:29:09.155] [info] CMC::computeControls, t = 0.662
[2023-08-15 22:29:09.181] [info] CMC::computeControls, t = 0.663
[2023-08-15 22:29:09.207] [info] CMC::computeControls, t = 0.664
[2023-08-15 22:29:09.234] [info] CMC::computeControls, t = 0.665
[2023-08-15 22:29:09.261] [info] CMC::computeControls, t = 0.666
[2023-08-15 22:29:09.288] [info] CMC::computeControls, t = 0.667
[2023-08-15 22:29:09.315] [info] CMC::computeControls, t = 0.668
[2023-08-15 22:29:09.337] [info] CMC::computeControls, t = 0.669
[2023-08-15 22:29:09.364] [info] CMC::computeControls, t = 0.67
[2023-08-15 22:29:09.389] [info] CMC::computeControls, t = 0.671
[2023-08-15 22:29:09.417] [info] CMC::computeControls, t = 0.672
[2023-08-15 22:29:09.452] [info] CMC::computeControls, t = 0.673
[2023-08-15 22:29:09.472] [info] CMC::computeControls, t = 0.674
[2023-08-15 22:29:09.510] [info] CMC::computeControls, t = 0.675
[2023-08-15 22:29:09.532] [info] CMC::computeControls, t = 0.676
[2023-08-15 22:29:09.559] [info] CMC::computeControls, t = 0.677
[2023-08-15 22:29:09.581] [info] CMC::computeControls, t = 0.678
[2023-08-15 22:29:09.602] [info] CMC::computeControls, t = 0.679
[2023-08-15 22:29:09.621] [info] CMC::computeControls, t = 0.68
[2023-08-15 22:29:09.642] [info] CMC::computeControls, t = 0.681
[2023-08-15 22:29:09.666] [info] CMC::computeControls, t = 0.682
[2023-08-15 22:29:09.690] [info] CMC::computeControls, t = 0.683
[2023-08-15 22:29:09.711] [info] CMC::computeControls, t = 0.684
[2023-08-15 22:29:09.739] [info] CMC::computeControls, t = 0.685
[2023-08-15 22:29:09.757] [info] CMC::computeControls, t = 0.686
[2023-08-15 22:29:09.781] [info] CMC::computeControls, t = 0.687
[2023-08-15 22:29:09.805] [info] -------------------------------------------
[2023-08-15 22:29:09.805] [info] Finished tracking the specified kinematics:
[2023-08-15 22:29:09.805] [info] -------------------------------------------
[2023-08-15 22:29:09.805] [info]  -- Start time = Tue Aug 15 22:28:54 2023
[2023-08-15 22:29:09.805] [info]  -- Finish time = Tue Aug 15 22:29:09 2023
[2023-08-15 22:29:09.805] [info]  -- Elapsed time = 15.0 seconds.
[2023-08-15 22:29:09.805] [info] -------------------------------------------
[2023-08-15 22:29:09.805] [info] 
[2023-08-15 22:29:09.805] [info] Printing results of investigation subject11_run5_cycle1_iter3 to cycle1/
[2023-08-15 22:29:10.353] [info] 

************************************************************
*      Summary of Mass Adjustments to Reduce Residuals     *
************************************************************
* Body adjusted: torso
* Mass Center (COM) adjustment: dx =-0.0565965, dz =0.0437039
* New COM location: ~[0.0384801,0.320585,-0.0212692]
************************************************************
* Recommended mass adjustments:                             
*  Total mass change: 1.15919
*  pelvis: orig mass = 10.9048, new mass = 11.0864
*  femur_r: orig mass = 8.61252, new mass = 8.75597
*  tibia_r: orig mass = 3.43292, new mass = 3.4901
*  talus_r: orig mass = 0.0925938, new mass = 0.094136
*  calcn_r: orig mass = 1.15742, new mass = 1.1767
*  toes_r: orig mass = 0.200558, new mass = 0.203898
*  femur_l: orig mass = 8.61252, new mass = 8.75597
*  tibia_l: orig mass = 3.43292, new mass = 3.4901
*  talus_l: orig mass = 0.0925938, new mass = 0.094136
*  calcn_l: orig mass = 1.15742, new mass = 1.1767
*  toes_l: orig mass = 0.200558, new mass = 0.203898
*  torso: orig mass = 24.8397, new mass = 25.2534
*  humerus_r: orig mass = 1.88197, new mass = 1.91332
*  ulna_r: orig mass = 0.562507, new mass = 0.571876
*  radius_r: orig mass = 0.562507, new mass = 0.571876
*  hand_r: orig mass = 0.423617, new mass = 0.430673
*  humerus_l: orig mass = 1.88197, new mass = 1.91332
*  ulna_l: orig mass = 0.562507, new mass = 0.571876
*  radius_l: orig mass = 0.562507, new mass = 0.571876
*  hand_l: orig mass = 0.423617, new mass = 0.430673
************************************************************
* Note: Edit the model to make recommended adjustments to  *
*       mass properties.                                   *
************************************************************

* Average residuals before adjusting torso COM:
*  FX=-2.27569 FY=-11.3678 FZ=3.43996
*  MX=-10.646 MY=-2.62439 MZ=-13.7866
************************************************************
* Average residuals after adjusting torso COM:
*  FX=-1.5585 FY=-11.3292 FZ=4.87
*  MX=2.05666 MY=-4.07372 MZ=-1.47794
************************************************************


[2023-08-15 22:29:10.353] [info] 
************************************************************
*                   Final Average Residuals                *
************************************************************
* After torso COM and Kinematics adjustments:
*  FX=1.80347 FY=-3.9681 FZ=-2.43333
*  MX=3.14649 MY=-0.414163 MZ=2.05266
************************************************************


