[2023-03-11 01:49:34.539] [info] AbstractTool subject17_run5_cycle2 loading model ..\..\model\subject17_adjusted_scaled.osim
[2023-03-11 01:49:34.607] [info] Loaded model subject17_scaled from file ..\..\model\subject17_adjusted_scaled.osim
[2023-03-11 01:49:34.665] [info] Adding force object set from subject17_run5_RRA_Actuators.xml
[2023-03-11 01:49:34.669] [info] Running tool subject17_run5_cycle2.
[2023-03-11 01:49:34.696] [warning] ExternalLoads 'externalloads' has subcomponents with duplicate name 'externalforce'. The duplicate is being renamed to 'externalforce_0'.
[2023-03-11 01:49:34.712] [info] 	taskSet size = 29.
[2023-03-11 01:49:34.809] [info] ExternalForce::externalforce Data source being set to Run_500 01_newCOP3_v24.mot
[2023-03-11 01:49:34.809] [info] ExternalForce::externalforce_0 Data source being set to Run_500 01_newCOP3_v24.mot
[2023-03-11 01:49:34.818] [warning] A desired points file was not specified.
[2023-03-11 01:49:34.818] [info] Loading desired kinematics from file '..\..\ik\Run_5.mot'...
[2023-03-11 01:49:34.818] [info] Old version storage/motion file encountered
[2023-03-11 01:49:34.818] [info] Storage: read data file = ..\..\ik\Run_5.mot (nr=565 nc=164)
[2023-03-11 01:49:34.818] [info] .. assuming rotations in Degrees..
[2023-03-11 01:49:34.876] [info] Low-pass filtering desired kinematics with a cutoff frequency of 15.0...
[2023-03-11 01:49:36.850] [cout] [info] MODEL: subject17_scaled

numStates = 74
numCoordinates = 37
numSpeeds = 37
numActuators = 29
numBodies = 20
numConstraints = 0
numProbes = 0

ANALYSES (total: 0)

BODIES (total: 20)
body[0] = pelvis. mass: 10.7245
              moments of inertia:  ~[0.0849368,0.0719649,0.0478389]
              products of inertia: ~[0,0,0]
body[1] = femur_r. mass: 8.47013
              moments of inertia:  ~[0.121748,0.0319145,0.128385]
              products of inertia: ~[0,0,0]
body[2] = tibia_r. mass: 3.37616
              moments of inertia:  ~[0.0479256,0.00484962,0.0485912]
              products of inertia: ~[0,0,0]
body[3] = talus_r. mass: 0.0910629
              moments of inertia:  ~[0.000951746,0.000951746,0.000951746]
              products of inertia: ~[0,0,0]
body[4] = calcn_r. mass: 1.13829
              moments of inertia:  ~[0.00133244,0.00371181,0.00390216]
              products of inertia: ~[0,0,0]
body[5] = toes_r. mass: 0.197242
              moments of inertia:  ~[9.51746e-05,0.000190349,0.000951746]
              products of inertia: ~[0,0,0]
body[6] = femur_l. mass: 8.47013
              moments of inertia:  ~[0.121748,0.0319145,0.128385]
              products of inertia: ~[0,0,0]
body[7] = tibia_l. mass: 3.37616
              moments of inertia:  ~[0.0476422,0.00428282,0.0476422]
              products of inertia: ~[0,0,0]
body[8] = talus_l. mass: 0.0910629
              moments of inertia:  ~[0.000951746,0.000951746,0.000951746]
              products of inertia: ~[0,0,0]
body[9] = calcn_l. mass: 1.13829
              moments of inertia:  ~[0.00133244,0.00371181,0.00390216]
              products of inertia: ~[0,0,0]
body[10] = toes_l. mass: 0.197242
              moments of inertia:  ~[9.51746e-05,0.000190349,0.000951746]
              products of inertia: ~[0,0,0]
body[11] = torso. mass: 24.4291
              moments of inertia:  ~[1.22035,0.625277,1.18467]
              products of inertia: ~[0,0,0]
body[12] = humerus_r. mass: 1.85085
              moments of inertia:  ~[0.00976019,0.00336696,0.0109555]
              products of inertia: ~[0,0,0]
body[13] = ulna_r. mass: 0.553207
              moments of inertia:  ~[0.00260446,0.000543402,0.00282516]
              products of inertia: ~[0,0,0]
body[14] = radius_r. mass: 0.553207
              moments of inertia:  ~[0.00260446,0.000543402,0.00282516]
              products of inertia: ~[0,0,0]
body[15] = hand_r. mass: 0.416613
              moments of inertia:  ~[0.000784328,0.000480972,0.00117825]
              products of inertia: ~[0,0,0]
body[16] = humerus_l. mass: 1.85085
              moments of inertia:  ~[0.00976019,0.00336696,0.0109555]
              products of inertia: ~[0,0,0]
body[17] = ulna_l. mass: 0.553207
              moments of inertia:  ~[0.00260446,0.000543402,0.00282516]
              products of inertia: ~[0,0,0]
body[18] = radius_l. mass: 0.553207
              moments of inertia:  ~[0.00260446,0.000543402,0.00282516]
              products of inertia: ~[0,0,0]
body[19] = hand_l. mass: 0.416613
              moments of inertia:  ~[0.000784328,0.000480972,0.00117825]
              products of inertia: ~[0,0,0]

JOINTS (total: 20)
joint[0] = ground_pelvis. parent: ground_offset, child: pelvis_offset
joint[1] = hip_r. parent: pelvis_offset, child: femur_r_offset
joint[2] = knee_r. parent: femur_r_offset, child: tibia_r_offset
joint[3] = ankle_r. parent: tibia_r_offset, child: talus_r_offset
joint[4] = subtalar_r. parent: talus_r_offset, child: calcn_r_offset
joint[5] = mtp_r. parent: calcn_r_offset, child: toes_r_offset
joint[6] = hip_l. parent: pelvis_offset, child: femur_l_offset
joint[7] = knee_l. parent: femur_l_offset, child: tibia_l_offset
joint[8] = ankle_l. parent: tibia_l_offset, child: talus_l_offset
joint[9] = subtalar_l. parent: talus_l_offset, child: calcn_l_offset
joint[10] = mtp_l. parent: calcn_l_offset, child: toes_l_offset
joint[11] = back. parent: pelvis_offset, child: torso_offset
joint[12] = acromial_r. parent: torso_offset, child: humerus_r_offset
joint[13] = elbow_r. parent: humerus_r_offset, child: ulna_r_offset
joint[14] = radioulnar_r. parent: ulna_r_offset, child: radius_r_offset
joint[15] = radius_hand_r. parent: radius_r_offset, child: hand_r_offset
joint[16] = acromial_l. parent: torso_offset, child: humerus_l_offset
joint[17] = elbow_l. parent: humerus_l_offset, child: ulna_l_offset
joint[18] = radioulnar_l. parent: ulna_l_offset, child: radius_l_offset
joint[19] = radius_hand_l. parent: radius_l_offset, child: hand_l_offset

ACTUATORS (total: 29)
actuator[0] = FX
actuator[1] = FY
actuator[2] = FZ
actuator[3] = MZ
actuator[4] = MX
actuator[5] = MY
actuator[6] = hip_flexion_r
actuator[7] = hip_adduction_r
actuator[8] = hip_rotation_r
actuator[9] = knee_angle_r
actuator[10] = ankle_angle_r
actuator[11] = hip_flexion_l
actuator[12] = hip_adduction_l
actuator[13] = hip_rotation_l
actuator[14] = knee_angle_l
actuator[15] = ankle_angle_l
actuator[16] = lumbar_extension
actuator[17] = lumbar_bending
actuator[18] = lumbar_rotation
actuator[19] = arm_flex_r
actuator[20] = arm_add_r
actuator[21] = arm_rot_r
actuator[22] = elbow_flex_r
actuator[23] = pro_sup_r
actuator[24] = arm_flex_l
actuator[25] = arm_add_l
actuator[26] = arm_rot_l
actuator[27] = elbow_flex_l
actuator[28] = pro_sup_l

STATES (total: 74)
y[0] = /jointset/ground_pelvis/pelvis_tilt/value
y[1] = /jointset/ground_pelvis/pelvis_tilt/speed
y[2] = /jointset/ground_pelvis/pelvis_list/value
y[3] = /jointset/ground_pelvis/pelvis_list/speed
y[4] = /jointset/ground_pelvis/pelvis_rotation/value
y[5] = /jointset/ground_pelvis/pelvis_rotation/speed
y[6] = /jointset/ground_pelvis/pelvis_tx/value
y[7] = /jointset/ground_pelvis/pelvis_tx/speed
y[8] = /jointset/ground_pelvis/pelvis_ty/value
y[9] = /jointset/ground_pelvis/pelvis_ty/speed
y[10] = /jointset/ground_pelvis/pelvis_tz/value
y[11] = /jointset/ground_pelvis/pelvis_tz/speed
y[12] = /jointset/hip_r/hip_flexion_r/value
y[13] = /jointset/hip_r/hip_flexion_r/speed
y[14] = /jointset/hip_r/hip_adduction_r/value
y[15] = /jointset/hip_r/hip_adduction_r/speed
y[16] = /jointset/hip_r/hip_rotation_r/value
y[17] = /jointset/hip_r/hip_rotation_r/speed
y[18] = /jointset/knee_r/knee_angle_r/value
y[19] = /jointset/knee_r/knee_angle_r/speed
y[20] = /jointset/ankle_r/ankle_angle_r/value
y[21] = /jointset/ankle_r/ankle_angle_r/speed
y[22] = /jointset/subtalar_r/subtalar_angle_r/value
y[23] = /jointset/subtalar_r/subtalar_angle_r/speed
y[24] = /jointset/mtp_r/mtp_angle_r/value
y[25] = /jointset/mtp_r/mtp_angle_r/speed
y[26] = /jointset/hip_l/hip_flexion_l/value
y[27] = /jointset/hip_l/hip_flexion_l/speed
y[28] = /jointset/hip_l/hip_adduction_l/value
y[29] = /jointset/hip_l/hip_adduction_l/speed
y[30] = /jointset/hip_l/hip_rotation_l/value
y[31] = /jointset/hip_l/hip_rotation_l/speed
y[32] = /jointset/knee_l/knee_angle_l/value
y[33] = /jointset/knee_l/knee_angle_l/speed
y[34] = /jointset/ankle_l/ankle_angle_l/value
y[35] = /jointset/ankle_l/ankle_angle_l/speed
y[36] = /jointset/subtalar_l/subtalar_angle_l/value
y[37] = /jointset/subtalar_l/subtalar_angle_l/speed
y[38] = /jointset/mtp_l/mtp_angle_l/value
y[39] = /jointset/mtp_l/mtp_angle_l/speed
y[40] = /jointset/back/lumbar_extension/value
y[41] = /jointset/back/lumbar_extension/speed
y[42] = /jointset/back/lumbar_bending/value
y[43] = /jointset/back/lumbar_bending/speed
y[44] = /jointset/back/lumbar_rotation/value
y[45] = /jointset/back/lumbar_rotation/speed
y[46] = /jointset/acromial_r/arm_flex_r/value
y[47] = /jointset/acromial_r/arm_flex_r/speed
y[48] = /jointset/acromial_r/arm_add_r/value
y[49] = /jointset/acromial_r/arm_add_r/speed
y[50] = /jointset/acromial_r/arm_rot_r/value
y[51] = /jointset/acromial_r/arm_rot_r/speed
y[52] = /jointset/elbow_r/elbow_flex_r/value
y[53] = /jointset/elbow_r/elbow_flex_r/speed
y[54] = /jointset/radioulnar_r/pro_sup_r/value
y[55] = /jointset/radioulnar_r/pro_sup_r/speed
y[56] = /jointset/radius_hand_r/wrist_flex_r/value
y[57] = /jointset/radius_hand_r/wrist_flex_r/speed
y[58] = /jointset/radius_hand_r/wrist_dev_r/value
y[59] = /jointset/radius_hand_r/wrist_dev_r/speed
y[60] = /jointset/acromial_l/arm_flex_l/value
y[61] = /jointset/acromial_l/arm_flex_l/speed
y[62] = /jointset/acromial_l/arm_add_l/value
y[63] = /jointset/acromial_l/arm_add_l/speed
y[64] = /jointset/acromial_l/arm_rot_l/value
y[65] = /jointset/acromial_l/arm_rot_l/speed
y[66] = /jointset/elbow_l/elbow_flex_l/value
y[67] = /jointset/elbow_l/elbow_flex_l/speed
y[68] = /jointset/radioulnar_l/pro_sup_l/value
y[69] = /jointset/radioulnar_l/pro_sup_l/speed
y[70] = /jointset/radius_hand_l/wrist_flex_l/value
y[71] = /jointset/radius_hand_l/wrist_flex_l/speed
y[72] = /jointset/radius_hand_l/wrist_dev_l/value
y[73] = /jointset/radius_hand_l/wrist_dev_l/speed

[2023-03-11 01:49:37.231] [info] Requested COM adjustment time range 0.92188 to 1.57080, clamped to nearest available data times: 0.916611 to 1.56658.
[2023-03-11 01:49:37.231] [info] Computing average residuals between 0.916611 and 1.56658...
[2023-03-11 01:49:37.346] [info] ExternalForce::externalforce Data source being set to Run_500 01_newCOP3_v24.mot
[2023-03-11 01:49:37.346] [info] ExternalForce::externalforce_0 Data source being set to Run_500 01_newCOP3_v24.mot
[2023-03-11 01:49:37.427] [info] ExternalForce::externalforce Data source being set to Run_500 01_newCOP3_v24.mot
[2023-03-11 01:49:37.427] [info] ExternalForce::externalforce_0 Data source being set to Run_500 01_newCOP3_v24.mot
[2023-03-11 01:49:38.736] [info] ExternalForce::externalforce Data source being set to Run_500 01_newCOP3_v24.mot
[2023-03-11 01:49:38.736] [info] ExternalForce::externalforce_0 Data source being set to Run_500 01_newCOP3_v24.mot
[2023-03-11 01:49:38.745] [info] Computing average residuals between 0.916611 and 1.56658...
[2023-03-11 01:49:38.826] [info] ExternalForce::externalforce Data source being set to Run_500 01_newCOP3_v24.mot
[2023-03-11 01:49:38.826] [info] ExternalForce::externalforce_0 Data source being set to Run_500 01_newCOP3_v24.mot
[2023-03-11 01:49:38.903] [info] ExternalForce::externalforce Data source being set to Run_500 01_newCOP3_v24.mot
[2023-03-11 01:49:38.903] [info] ExternalForce::externalforce_0 Data source being set to Run_500 01_newCOP3_v24.mot
[2023-03-11 01:49:40.235] [info] Constructing function set for tracking desired kinematics...
[2023-03-11 01:49:41.041] [warning] No Actuation analysis found in analysis set, adding one...
[2023-03-11 01:49:41.041] [warning] No Kinematics analysis found in analysis set, adding one...
[2023-03-11 01:49:41.044] [info] Using the generalized coordinates specified in '..\..\ik\Run_5.mot' to set the initial configuration.
[2023-03-11 01:49:41.187] [info] Using IPOPT optimizer algorithm.
[2023-03-11 01:49:41.187] [info] Setting optimizer print level to 0.
[2023-03-11 01:49:41.187] [info] Setting optimizer convergence tolerance to 1.0e-05.
[2023-03-11 01:49:41.187] [info] Setting optimizer maximum iterations to 2000.
[2023-03-11 01:49:41.188] [info] Setting cmc controller to not use verbose printing.

[2023-03-11 01:49:41.188] [info] CMC::computeControls, t = 0.92188
[2023-03-11 01:49:42.143] [info] --------------------------------------------
[2023-03-11 01:49:42.143] [info] Using CMC to track the specified kinematics:
[2023-03-11 01:49:42.143] [info] --------------------------------------------
[2023-03-11 01:49:42.143] [info]  -- Integrating from 0.92188 to 1.57080
[2023-03-11 01:49:42.143] [info]  -- Start time = Sat Mar 11 01:49:42 2023
[2023-03-11 01:49:42.143] [info] --------------------------------------------
[2023-03-11 01:49:42.143] [info] 
[2023-03-11 01:49:42.151] [info] CMC::computeControls, t = 0.92188
[2023-03-11 01:49:42.192] [info] CMC::computeControls, t = 0.92288
[2023-03-11 01:49:42.192] [warning] Coordinate.setValue:  coordinate subtalar_angle_r is locked. Unable to change its value.
[2023-03-11 01:49:42.192] [warning] Coordinate.setValue:  coordinate mtp_angle_r is locked. Unable to change its value.
[2023-03-11 01:49:42.192] [warning] Coordinate.setValue:  coordinate subtalar_angle_l is locked. Unable to change its value.
[2023-03-11 01:49:42.192] [warning] Coordinate.setValue:  coordinate mtp_angle_l is locked. Unable to change its value.
[2023-03-11 01:49:42.192] [warning] Coordinate.setValue:  coordinate wrist_flex_r is locked. Unable to change its value.
[2023-03-11 01:49:42.192] [warning] Coordinate.setValue:  coordinate wrist_dev_r is locked. Unable to change its value.
[2023-03-11 01:49:42.192] [warning] Coordinate.setValue:  coordinate wrist_flex_l is locked. Unable to change its value.
[2023-03-11 01:49:42.192] [warning] Coordinate.setValue:  coordinate wrist_dev_l is locked. Unable to change its value.
[2023-03-11 01:49:42.212] [info] CMC::computeControls, t = 0.92388
[2023-03-11 01:49:42.237] [info] CMC::computeControls, t = 0.92488
[2023-03-11 01:49:42.258] [info] CMC::computeControls, t = 0.92588
[2023-03-11 01:49:42.284] [info] CMC::computeControls, t = 0.92688
[2023-03-11 01:49:42.329] [info] CMC::computeControls, t = 0.92788
[2023-03-11 01:49:42.347] [info] CMC::computeControls, t = 0.92888
[2023-03-11 01:49:42.374] [info] CMC::computeControls, t = 0.92988
[2023-03-11 01:49:42.393] [info] CMC::computeControls, t = 0.930880
[2023-03-11 01:49:42.422] [info] CMC::computeControls, t = 0.93188
[2023-03-11 01:49:42.440] [info] CMC::computeControls, t = 0.93288
[2023-03-11 01:49:42.461] [info] CMC::computeControls, t = 0.93388
[2023-03-11 01:49:42.485] [info] CMC::computeControls, t = 0.93488
[2023-03-11 01:49:42.508] [info] CMC::computeControls, t = 0.93588
[2023-03-11 01:49:42.535] [info] CMC::computeControls, t = 0.93688
[2023-03-11 01:49:42.560] [info] CMC::computeControls, t = 0.93788
[2023-03-11 01:49:42.601] [info] CMC::computeControls, t = 0.93888
[2023-03-11 01:49:42.631] [info] CMC::computeControls, t = 0.93988
[2023-03-11 01:49:42.649] [info] CMC::computeControls, t = 0.940880
[2023-03-11 01:49:42.673] [info] CMC::computeControls, t = 0.94188
[2023-03-11 01:49:42.689] [info] CMC::computeControls, t = 0.94288
[2023-03-11 01:49:42.727] [info] CMC::computeControls, t = 0.94388
[2023-03-11 01:49:42.758] [info] CMC::computeControls, t = 0.94488
[2023-03-11 01:49:42.781] [info] CMC::computeControls, t = 0.94588
[2023-03-11 01:49:42.815] [info] CMC::computeControls, t = 0.94688
[2023-03-11 01:49:42.844] [info] CMC::computeControls, t = 0.94788
[2023-03-11 01:49:42.864] [info] CMC::computeControls, t = 0.94888
[2023-03-11 01:49:42.889] [info] CMC::computeControls, t = 0.94988
[2023-03-11 01:49:42.920] [info] CMC::computeControls, t = 0.950880
[2023-03-11 01:49:42.938] [info] CMC::computeControls, t = 0.95188
[2023-03-11 01:49:42.963] [info] CMC::computeControls, t = 0.95288
[2023-03-11 01:49:42.979] [info] CMC::computeControls, t = 0.95388
[2023-03-11 01:49:43.015] [info] CMC::computeControls, t = 0.95488
[2023-03-11 01:49:43.038] [info] CMC::computeControls, t = 0.95588
[2023-03-11 01:49:43.065] [info] CMC::computeControls, t = 0.95688
[2023-03-11 01:49:43.080] [info] CMC::computeControls, t = 0.95788
[2023-03-11 01:49:43.107] [info] CMC::computeControls, t = 0.95888
[2023-03-11 01:49:43.123] [info] CMC::computeControls, t = 0.95988
[2023-03-11 01:49:43.138] [info] CMC::computeControls, t = 0.960880
[2023-03-11 01:49:43.168] [info] CMC::computeControls, t = 0.96188
[2023-03-11 01:49:43.196] [info] CMC::computeControls, t = 0.96288
[2023-03-11 01:49:43.221] [info] CMC::computeControls, t = 0.96388
[2023-03-11 01:49:43.236] [info] CMC::computeControls, t = 0.96488
[2023-03-11 01:49:43.263] [info] CMC::computeControls, t = 0.96588
[2023-03-11 01:49:43.287] [info] CMC::computeControls, t = 0.96688
[2023-03-11 01:49:43.304] [info] CMC::computeControls, t = 0.96788
[2023-03-11 01:49:43.326] [info] CMC::computeControls, t = 0.96888
[2023-03-11 01:49:43.362] [info] CMC::computeControls, t = 0.96988
[2023-03-11 01:49:43.391] [info] CMC::computeControls, t = 0.970880
[2023-03-11 01:49:43.409] [info] CMC::computeControls, t = 0.97188
[2023-03-11 01:49:43.427] [info] CMC::computeControls, t = 0.97288
[2023-03-11 01:49:43.465] [info] CMC::computeControls, t = 0.97388
[2023-03-11 01:49:43.493] [info] CMC::computeControls, t = 0.97488
[2023-03-11 01:49:43.509] [info] CMC::computeControls, t = 0.97588
[2023-03-11 01:49:43.535] [info] CMC::computeControls, t = 0.97688
[2023-03-11 01:49:43.561] [info] CMC::computeControls, t = 0.97788
[2023-03-11 01:49:43.588] [info] CMC::computeControls, t = 0.97888
[2023-03-11 01:49:43.617] [info] CMC::computeControls, t = 0.97988
[2023-03-11 01:49:43.632] [info] CMC::computeControls, t = 0.980880
[2023-03-11 01:49:43.657] [info] CMC::computeControls, t = 0.98188
[2023-03-11 01:49:43.693] [info] CMC::computeControls, t = 0.98288
[2023-03-11 01:49:43.714] [info] CMC::computeControls, t = 0.98388
[2023-03-11 01:49:43.730] [info] CMC::computeControls, t = 0.98488
[2023-03-11 01:49:43.750] [info] CMC::computeControls, t = 0.98588
[2023-03-11 01:49:43.777] [info] CMC::computeControls, t = 0.98688
[2023-03-11 01:49:43.796] [info] CMC::computeControls, t = 0.98788
[2023-03-11 01:49:43.826] [info] CMC::computeControls, t = 0.98888
[2023-03-11 01:49:43.855] [info] CMC::computeControls, t = 0.98988
[2023-03-11 01:49:43.885] [info] CMC::computeControls, t = 0.990880
[2023-03-11 01:49:43.903] [info] CMC::computeControls, t = 0.99188
[2023-03-11 01:49:43.933] [info] CMC::computeControls, t = 0.99288
[2023-03-11 01:49:43.954] [info] CMC::computeControls, t = 0.99388
[2023-03-11 01:49:43.981] [info] CMC::computeControls, t = 0.99488
[2023-03-11 01:49:44.011] [info] CMC::computeControls, t = 0.99588
[2023-03-11 01:49:44.038] [info] CMC::computeControls, t = 0.99688
[2023-03-11 01:49:44.065] [info] CMC::computeControls, t = 0.99788
[2023-03-11 01:49:44.096] [info] CMC::computeControls, t = 0.99888
[2023-03-11 01:49:44.123] [info] CMC::computeControls, t = 0.99988
[2023-03-11 01:49:44.153] [info] CMC::computeControls, t = 1.00088
[2023-03-11 01:49:44.171] [info] CMC::computeControls, t = 1.00188
[2023-03-11 01:49:44.196] [info] CMC::computeControls, t = 1.00288
[2023-03-11 01:49:44.228] [info] CMC::computeControls, t = 1.00388
[2023-03-11 01:49:44.265] [info] CMC::computeControls, t = 1.00488
[2023-03-11 01:49:44.303] [info] CMC::computeControls, t = 1.00588
[2023-03-11 01:49:44.325] [info] CMC::computeControls, t = 1.00688
[2023-03-11 01:49:44.352] [info] CMC::computeControls, t = 1.00788
[2023-03-11 01:49:44.371] [info] CMC::computeControls, t = 1.00888
[2023-03-11 01:49:44.409] [info] CMC::computeControls, t = 1.00988
[2023-03-11 01:49:44.438] [info] CMC::computeControls, t = 1.01088
[2023-03-11 01:49:44.471] [info] CMC::computeControls, t = 1.01188
[2023-03-11 01:49:44.504] [info] CMC::computeControls, t = 1.01288
[2023-03-11 01:49:44.530] [info] CMC::computeControls, t = 1.01388
[2023-03-11 01:49:44.553] [info] CMC::computeControls, t = 1.01488
[2023-03-11 01:49:44.585] [info] CMC::computeControls, t = 1.01588
[2023-03-11 01:49:44.613] [info] CMC::computeControls, t = 1.01688
[2023-03-11 01:49:44.637] [info] CMC::computeControls, t = 1.01788
[2023-03-11 01:49:44.656] [info] CMC::computeControls, t = 1.01888
[2023-03-11 01:49:44.672] [info] CMC::computeControls, t = 1.01988
[2023-03-11 01:49:44.689] [info] CMC::computeControls, t = 1.02088
[2023-03-11 01:49:44.711] [info] CMC::computeControls, t = 1.02188
[2023-03-11 01:49:44.730] [info] CMC::computeControls, t = 1.02288
[2023-03-11 01:49:44.750] [info] CMC::computeControls, t = 1.02388
[2023-03-11 01:49:44.777] [info] CMC::computeControls, t = 1.02488
[2023-03-11 01:49:44.811] [info] CMC::computeControls, t = 1.02588
[2023-03-11 01:49:44.835] [info] CMC::computeControls, t = 1.02688
[2023-03-11 01:49:44.868] [info] CMC::computeControls, t = 1.02788
[2023-03-11 01:49:44.896] [info] CMC::computeControls, t = 1.02888
[2023-03-11 01:49:44.926] [info] CMC::computeControls, t = 1.02988
[2023-03-11 01:49:44.945] [info] CMC::computeControls, t = 1.03088
[2023-03-11 01:49:44.963] [info] CMC::computeControls, t = 1.03188
[2023-03-11 01:49:44.988] [info] CMC::computeControls, t = 1.03288
[2023-03-11 01:49:45.009] [info] CMC::computeControls, t = 1.03388
[2023-03-11 01:49:45.026] [info] CMC::computeControls, t = 1.03488
[2023-03-11 01:49:45.047] [info] CMC::computeControls, t = 1.03588
[2023-03-11 01:49:45.069] [info] CMC::computeControls, t = 1.03688
[2023-03-11 01:49:45.085] [info] CMC::computeControls, t = 1.03788
[2023-03-11 01:49:45.105] [info] CMC::computeControls, t = 1.03888
[2023-03-11 01:49:45.137] [info] CMC::computeControls, t = 1.03988
[2023-03-11 01:49:45.159] [info] CMC::computeControls, t = 1.04088
[2023-03-11 01:49:45.176] [info] CMC::computeControls, t = 1.04188
[2023-03-11 01:49:45.198] [info] CMC::computeControls, t = 1.04288
[2023-03-11 01:49:45.218] [info] CMC::computeControls, t = 1.04388
[2023-03-11 01:49:45.257] [info] CMC::computeControls, t = 1.04488
[2023-03-11 01:49:45.273] [info] CMC::computeControls, t = 1.04588
[2023-03-11 01:49:45.301] [info] CMC::computeControls, t = 1.04688
[2023-03-11 01:49:45.335] [info] CMC::computeControls, t = 1.04788
[2023-03-11 01:49:45.371] [info] CMC::computeControls, t = 1.04888
[2023-03-11 01:49:45.386] [info] CMC::computeControls, t = 1.04988
[2023-03-11 01:49:45.409] [info] CMC::computeControls, t = 1.05088
[2023-03-11 01:49:45.429] [info] CMC::computeControls, t = 1.05188
[2023-03-11 01:49:45.470] [info] CMC::computeControls, t = 1.05288
[2023-03-11 01:49:45.504] [info] CMC::computeControls, t = 1.05388
[2023-03-11 01:49:45.520] [info] CMC::computeControls, t = 1.05488
[2023-03-11 01:49:45.536] [info] CMC::computeControls, t = 1.05588
[2023-03-11 01:49:45.565] [info] CMC::computeControls, t = 1.05688
[2023-03-11 01:49:45.592] [info] CMC::computeControls, t = 1.05788
[2023-03-11 01:49:45.608] [info] CMC::computeControls, t = 1.05888
[2023-03-11 01:49:45.635] [info] CMC::computeControls, t = 1.05988
[2023-03-11 01:49:45.654] [info] CMC::computeControls, t = 1.06088
[2023-03-11 01:49:45.682] [info] CMC::computeControls, t = 1.06188
[2023-03-11 01:49:45.721] [info] CMC::computeControls, t = 1.06288
[2023-03-11 01:49:45.759] [info] CMC::computeControls, t = 1.06388
[2023-03-11 01:49:45.777] [info] CMC::computeControls, t = 1.06488
[2023-03-11 01:49:45.792] [info] CMC::computeControls, t = 1.06588
[2023-03-11 01:49:45.807] [info] CMC::computeControls, t = 1.06688
[2023-03-11 01:49:45.824] [info] CMC::computeControls, t = 1.06788
[2023-03-11 01:49:45.851] [info] CMC::computeControls, t = 1.06888
[2023-03-11 01:49:45.874] [info] CMC::computeControls, t = 1.06988
[2023-03-11 01:49:45.894] [info] CMC::computeControls, t = 1.07088
[2023-03-11 01:49:45.937] [info] CMC::computeControls, t = 1.07188
[2023-03-11 01:49:45.954] [info] CMC::computeControls, t = 1.07288
[2023-03-11 01:49:45.969] [info] CMC::computeControls, t = 1.07388
[2023-03-11 01:49:45.985] [info] CMC::computeControls, t = 1.07488
[2023-03-11 01:49:46.010] [info] CMC::computeControls, t = 1.07588
[2023-03-11 01:49:46.034] [info] CMC::computeControls, t = 1.07688
[2023-03-11 01:49:46.054] [info] CMC::computeControls, t = 1.07788
[2023-03-11 01:49:46.079] [info] CMC::computeControls, t = 1.07888
[2023-03-11 01:49:46.103] [info] CMC::computeControls, t = 1.07988
[2023-03-11 01:49:46.130] [info] CMC::computeControls, t = 1.08088
[2023-03-11 01:49:46.145] [info] CMC::computeControls, t = 1.08188
[2023-03-11 01:49:46.171] [info] CMC::computeControls, t = 1.08288
[2023-03-11 01:49:46.199] [info] CMC::computeControls, t = 1.08388
[2023-03-11 01:49:46.228] [info] CMC::computeControls, t = 1.08488
[2023-03-11 01:49:46.258] [info] CMC::computeControls, t = 1.08588
[2023-03-11 01:49:46.298] [info] CMC::computeControls, t = 1.08688
[2023-03-11 01:49:46.319] [info] CMC::computeControls, t = 1.08788
[2023-03-11 01:49:46.349] [info] CMC::computeControls, t = 1.08888
[2023-03-11 01:49:46.378] [info] CMC::computeControls, t = 1.08988
[2023-03-11 01:49:46.398] [info] CMC::computeControls, t = 1.09088
[2023-03-11 01:49:46.428] [info] CMC::computeControls, t = 1.09188
[2023-03-11 01:49:46.457] [info] CMC::computeControls, t = 1.09288
[2023-03-11 01:49:46.493] [info] CMC::computeControls, t = 1.09388
[2023-03-11 01:49:46.528] [info] CMC::computeControls, t = 1.09488
[2023-03-11 01:49:46.569] [info] CMC::computeControls, t = 1.09588
[2023-03-11 01:49:46.586] [info] CMC::computeControls, t = 1.09688
[2023-03-11 01:49:46.622] [info] CMC::computeControls, t = 1.09788
[2023-03-11 01:49:46.646] [info] CMC::computeControls, t = 1.09888
[2023-03-11 01:49:46.661] [info] CMC::computeControls, t = 1.09988
[2023-03-11 01:49:46.696] [info] CMC::computeControls, t = 1.10088
[2023-03-11 01:49:46.722] [info] CMC::computeControls, t = 1.10188
[2023-03-11 01:49:46.738] [info] CMC::computeControls, t = 1.10288
[2023-03-11 01:49:46.760] [info] CMC::computeControls, t = 1.10388
[2023-03-11 01:49:46.776] [info] CMC::computeControls, t = 1.10488
[2023-03-11 01:49:46.804] [info] CMC::computeControls, t = 1.10588
[2023-03-11 01:49:46.837] [info] CMC::computeControls, t = 1.10688
[2023-03-11 01:49:46.864] [info] CMC::computeControls, t = 1.10788
[2023-03-11 01:49:46.903] [info] CMC::computeControls, t = 1.10888
[2023-03-11 01:49:46.935] [info] CMC::computeControls, t = 1.10988
[2023-03-11 01:49:46.961] [info] CMC::computeControls, t = 1.11088
[2023-03-11 01:49:46.979] [info] CMC::computeControls, t = 1.11188
[2023-03-11 01:49:46.995] [info] CMC::computeControls, t = 1.11288
[2023-03-11 01:49:47.012] [info] CMC::computeControls, t = 1.11388
[2023-03-11 01:49:47.037] [info] CMC::computeControls, t = 1.11488
[2023-03-11 01:49:47.070] [info] CMC::computeControls, t = 1.11588
[2023-03-11 01:49:47.095] [info] CMC::computeControls, t = 1.11688
[2023-03-11 01:49:47.110] [info] CMC::computeControls, t = 1.11788
[2023-03-11 01:49:47.135] [info] CMC::computeControls, t = 1.11888
[2023-03-11 01:49:47.151] [info] CMC::computeControls, t = 1.11988
[2023-03-11 01:49:47.174] [info] CMC::computeControls, t = 1.12088
[2023-03-11 01:49:47.190] [info] CMC::computeControls, t = 1.12188
[2023-03-11 01:49:47.209] [info] CMC::computeControls, t = 1.12288
[2023-03-11 01:49:47.230] [info] CMC::computeControls, t = 1.12388
[2023-03-11 01:49:47.253] [info] CMC::computeControls, t = 1.12488
[2023-03-11 01:49:47.281] [info] CMC::computeControls, t = 1.12588
[2023-03-11 01:49:47.315] [info] CMC::computeControls, t = 1.12688
[2023-03-11 01:49:47.341] [info] CMC::computeControls, t = 1.12788
[2023-03-11 01:49:47.366] [info] CMC::computeControls, t = 1.12888
[2023-03-11 01:49:47.389] [info] CMC::computeControls, t = 1.12988
[2023-03-11 01:49:47.427] [info] CMC::computeControls, t = 1.13088
[2023-03-11 01:49:47.453] [info] CMC::computeControls, t = 1.13188
[2023-03-11 01:49:47.468] [info] CMC::computeControls, t = 1.13288
[2023-03-11 01:49:47.499] [info] CMC::computeControls, t = 1.13388
[2023-03-11 01:49:47.534] [info] CMC::computeControls, t = 1.13488
[2023-03-11 01:49:47.563] [info] CMC::computeControls, t = 1.13588
[2023-03-11 01:49:47.581] [info] CMC::computeControls, t = 1.13688
[2023-03-11 01:49:47.601] [info] CMC::computeControls, t = 1.13788
[2023-03-11 01:49:47.626] [info] CMC::computeControls, t = 1.13888
[2023-03-11 01:49:47.642] [info] CMC::computeControls, t = 1.13988
[2023-03-11 01:49:47.663] [info] CMC::computeControls, t = 1.14088
[2023-03-11 01:49:47.699] [info] CMC::computeControls, t = 1.14188
[2023-03-11 01:49:47.729] [info] CMC::computeControls, t = 1.14288
[2023-03-11 01:49:47.753] [info] CMC::computeControls, t = 1.14388
[2023-03-11 01:49:47.774] [info] CMC::computeControls, t = 1.14488
[2023-03-11 01:49:47.811] [info] CMC::computeControls, t = 1.14588
[2023-03-11 01:49:47.843] [info] CMC::computeControls, t = 1.14688
[2023-03-11 01:49:47.889] [info] CMC::computeControls, t = 1.14788
[2023-03-11 01:49:47.927] [info] CMC::computeControls, t = 1.14888
[2023-03-11 01:49:47.948] [info] CMC::computeControls, t = 1.14988
[2023-03-11 01:49:47.982] [info] CMC::computeControls, t = 1.15088
[2023-03-11 01:49:47.999] [info] CMC::computeControls, t = 1.15188
[2023-03-11 01:49:48.025] [info] CMC::computeControls, t = 1.15288
[2023-03-11 01:49:48.060] [info] CMC::computeControls, t = 1.15388
[2023-03-11 01:49:48.099] [info] CMC::computeControls, t = 1.15488
[2023-03-11 01:49:48.125] [info] CMC::computeControls, t = 1.15588
[2023-03-11 01:49:48.151] [info] CMC::computeControls, t = 1.15688
[2023-03-11 01:49:48.191] [info] CMC::computeControls, t = 1.15788
[2023-03-11 01:49:48.214] [info] CMC::computeControls, t = 1.15888
[2023-03-11 01:49:48.235] [info] CMC::computeControls, t = 1.15988
[2023-03-11 01:49:48.259] [info] CMC::computeControls, t = 1.16088
[2023-03-11 01:49:48.290] [info] CMC::computeControls, t = 1.16188
[2023-03-11 01:49:48.331] [info] CMC::computeControls, t = 1.16288
[2023-03-11 01:49:48.367] [info] CMC::computeControls, t = 1.16388
[2023-03-11 01:49:48.396] [info] CMC::computeControls, t = 1.16488
[2023-03-11 01:49:48.424] [info] CMC::computeControls, t = 1.16588
[2023-03-11 01:49:48.451] [info] CMC::computeControls, t = 1.16688
[2023-03-11 01:49:48.475] [info] CMC::computeControls, t = 1.16788
[2023-03-11 01:49:48.493] [info] CMC::computeControls, t = 1.16888
[2023-03-11 01:49:48.516] [info] CMC::computeControls, t = 1.16988
[2023-03-11 01:49:48.540] [info] CMC::computeControls, t = 1.17088
[2023-03-11 01:49:48.556] [info] CMC::computeControls, t = 1.17188
[2023-03-11 01:49:48.581] [info] CMC::computeControls, t = 1.17288
[2023-03-11 01:49:48.610] [info] CMC::computeControls, t = 1.17388
[2023-03-11 01:49:48.639] [info] CMC::computeControls, t = 1.17488
[2023-03-11 01:49:48.665] [info] CMC::computeControls, t = 1.17588
[2023-03-11 01:49:48.694] [info] CMC::computeControls, t = 1.17688
[2023-03-11 01:49:48.729] [info] CMC::computeControls, t = 1.17788
[2023-03-11 01:49:48.764] [info] CMC::computeControls, t = 1.17888
[2023-03-11 01:49:48.794] [info] CMC::computeControls, t = 1.17988
[2023-03-11 01:49:48.823] [info] CMC::computeControls, t = 1.18088
[2023-03-11 01:49:48.847] [info] CMC::computeControls, t = 1.18188
[2023-03-11 01:49:48.876] [info] CMC::computeControls, t = 1.18288
[2023-03-11 01:49:48.914] [info] CMC::computeControls, t = 1.18388
[2023-03-11 01:49:48.946] [info] CMC::computeControls, t = 1.18488
[2023-03-11 01:49:48.973] [info] CMC::computeControls, t = 1.18588
[2023-03-11 01:49:48.994] [info] CMC::computeControls, t = 1.18688
[2023-03-11 01:49:49.020] [info] CMC::computeControls, t = 1.18788
[2023-03-11 01:49:49.060] [info] CMC::computeControls, t = 1.18888
[2023-03-11 01:49:49.090] [info] CMC::computeControls, t = 1.18988
[2023-03-11 01:49:49.120] [info] CMC::computeControls, t = 1.19088
[2023-03-11 01:49:49.163] [info] CMC::computeControls, t = 1.19188
[2023-03-11 01:49:49.182] [info] CMC::computeControls, t = 1.19288
[2023-03-11 01:49:49.202] [info] CMC::computeControls, t = 1.19388
[2023-03-11 01:49:49.224] [info] CMC::computeControls, t = 1.19488
[2023-03-11 01:49:49.250] [info] CMC::computeControls, t = 1.19588
[2023-03-11 01:49:49.290] [info] CMC::computeControls, t = 1.19688
[2023-03-11 01:49:49.321] [info] CMC::computeControls, t = 1.19788
[2023-03-11 01:49:49.345] [info] CMC::computeControls, t = 1.19888
[2023-03-11 01:49:49.378] [info] CMC::computeControls, t = 1.19988
[2023-03-11 01:49:49.397] [info] CMC::computeControls, t = 1.20088
[2023-03-11 01:49:49.421] [info] CMC::computeControls, t = 1.20188
[2023-03-11 01:49:49.450] [info] CMC::computeControls, t = 1.20288
[2023-03-11 01:49:49.478] [info] CMC::computeControls, t = 1.20388
[2023-03-11 01:49:49.503] [info] CMC::computeControls, t = 1.20488
[2023-03-11 01:49:49.523] [info] CMC::computeControls, t = 1.20588
[2023-03-11 01:49:49.538] [info] CMC::computeControls, t = 1.20688
[2023-03-11 01:49:49.563] [info] CMC::computeControls, t = 1.20788
[2023-03-11 01:49:49.586] [info] CMC::computeControls, t = 1.20888
[2023-03-11 01:49:49.618] [info] CMC::computeControls, t = 1.20988
[2023-03-11 01:49:49.634] [info] CMC::computeControls, t = 1.21088
[2023-03-11 01:49:49.660] [info] CMC::computeControls, t = 1.21188
[2023-03-11 01:49:49.684] [info] CMC::computeControls, t = 1.21288
[2023-03-11 01:49:49.726] [info] CMC::computeControls, t = 1.21388
[2023-03-11 01:49:49.741] [info] CMC::computeControls, t = 1.21488
[2023-03-11 01:49:49.766] [info] CMC::computeControls, t = 1.21588
[2023-03-11 01:49:49.810] [info] CMC::computeControls, t = 1.21688
[2023-03-11 01:49:49.850] [info] CMC::computeControls, t = 1.21788
[2023-03-11 01:49:49.884] [info] CMC::computeControls, t = 1.21888
[2023-03-11 01:49:49.913] [info] CMC::computeControls, t = 1.21988
[2023-03-11 01:49:49.944] [info] CMC::computeControls, t = 1.22088
[2023-03-11 01:49:49.974] [info] CMC::computeControls, t = 1.22188
[2023-03-11 01:49:49.994] [info] CMC::computeControls, t = 1.22288
[2023-03-11 01:49:50.010] [info] CMC::computeControls, t = 1.22388
[2023-03-11 01:49:50.035] [info] CMC::computeControls, t = 1.22488
[2023-03-11 01:49:50.058] [info] CMC::computeControls, t = 1.22588
[2023-03-11 01:49:50.094] [info] CMC::computeControls, t = 1.22688
[2023-03-11 01:49:50.113] [info] CMC::computeControls, t = 1.22788
[2023-03-11 01:49:50.137] [info] CMC::computeControls, t = 1.22888
[2023-03-11 01:49:50.164] [info] CMC::computeControls, t = 1.22988
[2023-03-11 01:49:50.180] [info] CMC::computeControls, t = 1.23088
[2023-03-11 01:49:50.205] [info] CMC::computeControls, t = 1.23188
[2023-03-11 01:49:50.221] [info] CMC::computeControls, t = 1.23288
[2023-03-11 01:49:50.243] [info] CMC::computeControls, t = 1.23388
[2023-03-11 01:49:50.270] [info] CMC::computeControls, t = 1.23488
[2023-03-11 01:49:50.300] [info] CMC::computeControls, t = 1.23588
[2023-03-11 01:49:50.335] [info] CMC::computeControls, t = 1.23688
[2023-03-11 01:49:50.366] [info] CMC::computeControls, t = 1.23788
[2023-03-11 01:49:50.391] [info] CMC::computeControls, t = 1.23888
[2023-03-11 01:49:50.448] [info] CMC::computeControls, t = 1.23988
[2023-03-11 01:49:50.482] [info] CMC::computeControls, t = 1.24088
[2023-03-11 01:49:50.511] [info] CMC::computeControls, t = 1.24188
[2023-03-11 01:49:50.543] [info] CMC::computeControls, t = 1.24288
[2023-03-11 01:49:50.562] [info] CMC::computeControls, t = 1.24388
[2023-03-11 01:49:50.583] [info] CMC::computeControls, t = 1.24488
[2023-03-11 01:49:50.619] [info] CMC::computeControls, t = 1.24588
[2023-03-11 01:49:50.642] [info] CMC::computeControls, t = 1.24688
[2023-03-11 01:49:50.685] [info] CMC::computeControls, t = 1.24788
[2023-03-11 01:49:50.708] [info] CMC::computeControls, t = 1.24888
[2023-03-11 01:49:50.726] [info] CMC::computeControls, t = 1.24988
[2023-03-11 01:49:50.760] [info] CMC::computeControls, t = 1.25088
[2023-03-11 01:49:50.787] [info] CMC::computeControls, t = 1.25188
[2023-03-11 01:49:50.821] [info] CMC::computeControls, t = 1.25288
[2023-03-11 01:49:50.841] [info] CMC::computeControls, t = 1.25388
[2023-03-11 01:49:50.870] [info] CMC::computeControls, t = 1.25488
[2023-03-11 01:49:50.914] [info] CMC::computeControls, t = 1.25588
[2023-03-11 01:49:50.937] [info] CMC::computeControls, t = 1.25688
[2023-03-11 01:49:50.960] [info] CMC::computeControls, t = 1.25788
[2023-03-11 01:49:50.979] [info] CMC::computeControls, t = 1.25888
[2023-03-11 01:49:51.008] [info] CMC::computeControls, t = 1.25988
[2023-03-11 01:49:51.041] [info] CMC::computeControls, t = 1.26088
[2023-03-11 01:49:51.067] [info] CMC::computeControls, t = 1.26188
[2023-03-11 01:49:51.089] [info] CMC::computeControls, t = 1.26288
[2023-03-11 01:49:51.110] [info] CMC::computeControls, t = 1.26388
[2023-03-11 01:49:51.136] [info] CMC::computeControls, t = 1.26488
[2023-03-11 01:49:51.153] [info] CMC::computeControls, t = 1.26588
[2023-03-11 01:49:51.178] [info] CMC::computeControls, t = 1.26688
[2023-03-11 01:49:51.206] [info] CMC::computeControls, t = 1.26788
[2023-03-11 01:49:51.233] [info] CMC::computeControls, t = 1.26888
[2023-03-11 01:49:51.249] [info] CMC::computeControls, t = 1.26988
[2023-03-11 01:49:51.275] [info] CMC::computeControls, t = 1.27088
[2023-03-11 01:49:51.292] [info] CMC::computeControls, t = 1.27188
[2023-03-11 01:49:51.312] [info] CMC::computeControls, t = 1.27288
[2023-03-11 01:49:51.327] [info] CMC::computeControls, t = 1.27388
[2023-03-11 01:49:51.355] [info] CMC::computeControls, t = 1.27488
[2023-03-11 01:49:51.379] [info] CMC::computeControls, t = 1.27588
[2023-03-11 01:49:51.405] [info] CMC::computeControls, t = 1.27688
[2023-03-11 01:49:51.426] [info] CMC::computeControls, t = 1.27788
[2023-03-11 01:49:51.454] [info] CMC::computeControls, t = 1.27888
[2023-03-11 01:49:51.470] [info] CMC::computeControls, t = 1.27988
[2023-03-11 01:49:51.502] [info] CMC::computeControls, t = 1.28088
[2023-03-11 01:49:51.537] [info] CMC::computeControls, t = 1.28188
[2023-03-11 01:49:51.562] [info] CMC::computeControls, t = 1.28288
[2023-03-11 01:49:51.591] [info] CMC::computeControls, t = 1.28388
[2023-03-11 01:49:51.618] [info] CMC::computeControls, t = 1.28488
[2023-03-11 01:49:51.645] [info] CMC::computeControls, t = 1.28588
[2023-03-11 01:49:51.684] [info] CMC::computeControls, t = 1.28688
[2023-03-11 01:49:51.716] [info] CMC::computeControls, t = 1.28788
[2023-03-11 01:49:51.738] [info] CMC::computeControls, t = 1.28888
[2023-03-11 01:49:51.754] [info] CMC::computeControls, t = 1.28988
[2023-03-11 01:49:51.773] [info] CMC::computeControls, t = 1.29088
[2023-03-11 01:49:51.788] [info] CMC::computeControls, t = 1.29188
[2023-03-11 01:49:51.805] [info] CMC::computeControls, t = 1.29288
[2023-03-11 01:49:51.830] [info] CMC::computeControls, t = 1.29388
[2023-03-11 01:49:51.848] [info] CMC::computeControls, t = 1.29488
[2023-03-11 01:49:51.871] [info] CMC::computeControls, t = 1.29588
[2023-03-11 01:49:51.896] [info] CMC::computeControls, t = 1.29688
[2023-03-11 01:49:51.921] [info] CMC::computeControls, t = 1.29788
[2023-03-11 01:49:51.948] [info] CMC::computeControls, t = 1.29888
[2023-03-11 01:49:51.967] [info] CMC::computeControls, t = 1.29988
[2023-03-11 01:49:51.984] [info] CMC::computeControls, t = 1.30088
[2023-03-11 01:49:52.003] [info] CMC::computeControls, t = 1.30188
[2023-03-11 01:49:52.020] [info] CMC::computeControls, t = 1.30288
[2023-03-11 01:49:52.040] [info] CMC::computeControls, t = 1.30388
[2023-03-11 01:49:52.064] [info] CMC::computeControls, t = 1.30488
[2023-03-11 01:49:52.082] [info] CMC::computeControls, t = 1.30588
[2023-03-11 01:49:52.102] [info] CMC::computeControls, t = 1.30688
[2023-03-11 01:49:52.118] [info] CMC::computeControls, t = 1.30788
[2023-03-11 01:49:52.146] [info] CMC::computeControls, t = 1.30888
[2023-03-11 01:49:52.187] [info] CMC::computeControls, t = 1.30988
[2023-03-11 01:49:52.209] [info] CMC::computeControls, t = 1.31088
[2023-03-11 01:49:52.248] [info] CMC::computeControls, t = 1.31188
[2023-03-11 01:49:52.290] [info] CMC::computeControls, t = 1.31288
[2023-03-11 01:49:52.313] [info] CMC::computeControls, t = 1.31388
[2023-03-11 01:49:52.335] [info] CMC::computeControls, t = 1.31488
[2023-03-11 01:49:52.351] [info] CMC::computeControls, t = 1.31588
[2023-03-11 01:49:52.368] [info] CMC::computeControls, t = 1.31688
[2023-03-11 01:49:52.398] [info] CMC::computeControls, t = 1.31788
[2023-03-11 01:49:52.440] [info] CMC::computeControls, t = 1.31888
[2023-03-11 01:49:52.464] [info] CMC::computeControls, t = 1.31988
[2023-03-11 01:49:52.484] [info] CMC::computeControls, t = 1.32088
[2023-03-11 01:49:52.511] [info] CMC::computeControls, t = 1.32188
[2023-03-11 01:49:52.541] [info] CMC::computeControls, t = 1.32288
[2023-03-11 01:49:52.557] [info] CMC::computeControls, t = 1.32388
[2023-03-11 01:49:52.574] [info] CMC::computeControls, t = 1.32488
[2023-03-11 01:49:52.591] [info] CMC::computeControls, t = 1.32588
[2023-03-11 01:49:52.614] [info] CMC::computeControls, t = 1.32688
[2023-03-11 01:49:52.632] [info] CMC::computeControls, t = 1.32788
[2023-03-11 01:49:52.657] [info] CMC::computeControls, t = 1.32888
[2023-03-11 01:49:52.675] [info] CMC::computeControls, t = 1.32988
[2023-03-11 01:49:52.705] [info] CMC::computeControls, t = 1.33088
[2023-03-11 01:49:52.727] [info] CMC::computeControls, t = 1.33188
[2023-03-11 01:49:52.747] [info] CMC::computeControls, t = 1.33288
[2023-03-11 01:49:52.782] [info] CMC::computeControls, t = 1.33388
[2023-03-11 01:49:52.800] [info] CMC::computeControls, t = 1.33488
[2023-03-11 01:49:52.816] [info] CMC::computeControls, t = 1.33588
[2023-03-11 01:49:52.839] [info] CMC::computeControls, t = 1.33688
[2023-03-11 01:49:52.874] [info] CMC::computeControls, t = 1.33788
[2023-03-11 01:49:52.899] [info] CMC::computeControls, t = 1.33888
[2023-03-11 01:49:52.922] [info] CMC::computeControls, t = 1.33988
[2023-03-11 01:49:52.937] [info] CMC::computeControls, t = 1.34088
[2023-03-11 01:49:52.953] [info] CMC::computeControls, t = 1.34188
[2023-03-11 01:49:52.975] [info] CMC::computeControls, t = 1.34288
[2023-03-11 01:49:53.002] [info] CMC::computeControls, t = 1.34388
[2023-03-11 01:49:53.026] [info] CMC::computeControls, t = 1.34488
[2023-03-11 01:49:53.042] [info] CMC::computeControls, t = 1.34588
[2023-03-11 01:49:53.062] [info] CMC::computeControls, t = 1.34688
[2023-03-11 01:49:53.079] [info] CMC::computeControls, t = 1.34788
[2023-03-11 01:49:53.118] [info] CMC::computeControls, t = 1.34888
[2023-03-11 01:49:53.159] [info] CMC::computeControls, t = 1.34988
[2023-03-11 01:49:53.180] [info] CMC::computeControls, t = 1.35088
[2023-03-11 01:49:53.208] [info] CMC::computeControls, t = 1.35188
[2023-03-11 01:49:53.234] [info] CMC::computeControls, t = 1.35288
[2023-03-11 01:49:53.261] [info] CMC::computeControls, t = 1.35388
[2023-03-11 01:49:53.295] [info] CMC::computeControls, t = 1.35488
[2023-03-11 01:49:53.314] [info] CMC::computeControls, t = 1.35588
[2023-03-11 01:49:53.335] [info] CMC::computeControls, t = 1.35688
[2023-03-11 01:49:53.358] [info] CMC::computeControls, t = 1.35788
[2023-03-11 01:49:53.385] [info] CMC::computeControls, t = 1.35888
[2023-03-11 01:49:53.405] [info] CMC::computeControls, t = 1.35988
[2023-03-11 01:49:53.421] [info] CMC::computeControls, t = 1.36088
[2023-03-11 01:49:53.450] [info] CMC::computeControls, t = 1.36188
[2023-03-11 01:49:53.479] [info] CMC::computeControls, t = 1.36288
[2023-03-11 01:49:53.496] [info] CMC::computeControls, t = 1.36388
[2023-03-11 01:49:53.519] [info] CMC::computeControls, t = 1.36488
[2023-03-11 01:49:53.541] [info] CMC::computeControls, t = 1.36588
[2023-03-11 01:49:53.576] [info] CMC::computeControls, t = 1.36688
[2023-03-11 01:49:53.604] [info] CMC::computeControls, t = 1.36788
[2023-03-11 01:49:53.620] [info] CMC::computeControls, t = 1.36888
[2023-03-11 01:49:53.650] [info] CMC::computeControls, t = 1.36988
[2023-03-11 01:49:53.680] [info] CMC::computeControls, t = 1.37088
[2023-03-11 01:49:53.707] [info] CMC::computeControls, t = 1.37188
[2023-03-11 01:49:53.733] [info] CMC::computeControls, t = 1.37288
[2023-03-11 01:49:53.751] [info] CMC::computeControls, t = 1.37388
[2023-03-11 01:49:53.789] [info] CMC::computeControls, t = 1.37488
[2023-03-11 01:49:53.807] [info] CMC::computeControls, t = 1.37588
[2023-03-11 01:49:53.843] [info] CMC::computeControls, t = 1.37688
[2023-03-11 01:49:53.864] [info] CMC::computeControls, t = 1.37788
[2023-03-11 01:49:53.907] [info] CMC::computeControls, t = 1.37888
[2023-03-11 01:49:53.939] [info] CMC::computeControls, t = 1.37988
[2023-03-11 01:49:53.974] [info] CMC::computeControls, t = 1.38088
[2023-03-11 01:49:54.009] [info] CMC::computeControls, t = 1.38188
[2023-03-11 01:49:54.049] [info] CMC::computeControls, t = 1.38288
[2023-03-11 01:49:54.097] [info] CMC::computeControls, t = 1.38388
[2023-03-11 01:49:54.120] [info] CMC::computeControls, t = 1.38488
[2023-03-11 01:49:54.139] [info] CMC::computeControls, t = 1.38588
[2023-03-11 01:49:54.162] [info] CMC::computeControls, t = 1.38688
[2023-03-11 01:49:54.179] [info] CMC::computeControls, t = 1.38788
[2023-03-11 01:49:54.196] [info] CMC::computeControls, t = 1.38888
[2023-03-11 01:49:54.235] [info] CMC::computeControls, t = 1.38988
[2023-03-11 01:49:54.260] [info] CMC::computeControls, t = 1.39088
[2023-03-11 01:49:54.284] [info] CMC::computeControls, t = 1.39188
[2023-03-11 01:49:54.300] [info] CMC::computeControls, t = 1.39288
[2023-03-11 01:49:54.326] [info] CMC::computeControls, t = 1.39388
[2023-03-11 01:49:54.352] [info] CMC::computeControls, t = 1.39488
[2023-03-11 01:49:54.370] [info] CMC::computeControls, t = 1.39588
[2023-03-11 01:49:54.388] [info] CMC::computeControls, t = 1.39688
[2023-03-11 01:49:54.414] [info] CMC::computeControls, t = 1.39788
[2023-03-11 01:49:54.445] [info] CMC::computeControls, t = 1.39888
[2023-03-11 01:49:54.462] [info] CMC::computeControls, t = 1.39988
[2023-03-11 01:49:54.486] [info] CMC::computeControls, t = 1.40088
[2023-03-11 01:49:54.518] [info] CMC::computeControls, t = 1.40188
[2023-03-11 01:49:54.552] [info] CMC::computeControls, t = 1.40288
[2023-03-11 01:49:54.583] [info] CMC::computeControls, t = 1.40388
[2023-03-11 01:49:54.610] [info] CMC::computeControls, t = 1.40488
[2023-03-11 01:49:54.629] [info] CMC::computeControls, t = 1.40588
[2023-03-11 01:49:54.644] [info] CMC::computeControls, t = 1.40688
[2023-03-11 01:49:54.677] [info] CMC::computeControls, t = 1.40788
[2023-03-11 01:49:54.708] [info] CMC::computeControls, t = 1.40888
[2023-03-11 01:49:54.740] [info] CMC::computeControls, t = 1.40988
[2023-03-11 01:49:54.762] [info] CMC::computeControls, t = 1.41088
[2023-03-11 01:49:54.785] [info] CMC::computeControls, t = 1.41188
[2023-03-11 01:49:54.820] [info] CMC::computeControls, t = 1.41288
[2023-03-11 01:49:54.835] [info] CMC::computeControls, t = 1.41388
[2023-03-11 01:49:54.860] [info] CMC::computeControls, t = 1.41488
[2023-03-11 01:49:54.888] [info] CMC::computeControls, t = 1.41588
[2023-03-11 01:49:54.926] [info] CMC::computeControls, t = 1.41688
[2023-03-11 01:49:54.951] [info] CMC::computeControls, t = 1.41788
[2023-03-11 01:49:54.970] [info] CMC::computeControls, t = 1.41888
[2023-03-11 01:49:55.008] [info] CMC::computeControls, t = 1.41988
[2023-03-11 01:49:55.047] [info] CMC::computeControls, t = 1.42088
[2023-03-11 01:49:55.065] [info] CMC::computeControls, t = 1.42188
[2023-03-11 01:49:55.101] [info] CMC::computeControls, t = 1.42288
[2023-03-11 01:49:55.139] [info] CMC::computeControls, t = 1.42388
[2023-03-11 01:49:55.179] [info] CMC::computeControls, t = 1.42488
[2023-03-11 01:49:55.228] [info] CMC::computeControls, t = 1.42588
[2023-03-11 01:49:55.256] [info] CMC::computeControls, t = 1.42688
[2023-03-11 01:49:55.278] [info] CMC::computeControls, t = 1.42788
[2023-03-11 01:49:55.302] [info] CMC::computeControls, t = 1.42888
[2023-03-11 01:49:55.332] [info] CMC::computeControls, t = 1.42988
[2023-03-11 01:49:55.352] [info] CMC::computeControls, t = 1.43088
[2023-03-11 01:49:55.379] [info] CMC::computeControls, t = 1.43188
[2023-03-11 01:49:55.406] [info] CMC::computeControls, t = 1.43288
[2023-03-11 01:49:55.440] [info] CMC::computeControls, t = 1.43388
[2023-03-11 01:49:55.458] [info] CMC::computeControls, t = 1.43488
[2023-03-11 01:49:55.484] [info] CMC::computeControls, t = 1.43588
[2023-03-11 01:49:55.500] [info] CMC::computeControls, t = 1.43688
[2023-03-11 01:49:55.523] [info] CMC::computeControls, t = 1.43788
[2023-03-11 01:49:55.545] [info] CMC::computeControls, t = 1.43888
[2023-03-11 01:49:55.561] [info] CMC::computeControls, t = 1.43988
[2023-03-11 01:49:55.585] [info] CMC::computeControls, t = 1.44088
[2023-03-11 01:49:55.604] [info] CMC::computeControls, t = 1.44188
[2023-03-11 01:49:55.621] [info] CMC::computeControls, t = 1.44288
[2023-03-11 01:49:55.645] [info] CMC::computeControls, t = 1.44388
[2023-03-11 01:49:55.662] [info] CMC::computeControls, t = 1.44488
[2023-03-11 01:49:55.687] [info] CMC::computeControls, t = 1.44588
[2023-03-11 01:49:55.704] [info] CMC::computeControls, t = 1.44688
[2023-03-11 01:49:55.727] [info] CMC::computeControls, t = 1.44788
[2023-03-11 01:49:55.755] [info] CMC::computeControls, t = 1.44888
[2023-03-11 01:49:55.786] [info] CMC::computeControls, t = 1.44988
[2023-03-11 01:49:55.814] [info] CMC::computeControls, t = 1.45088
[2023-03-11 01:49:55.848] [info] CMC::computeControls, t = 1.45188
[2023-03-11 01:49:55.873] [info] CMC::computeControls, t = 1.45288
[2023-03-11 01:49:55.899] [info] CMC::computeControls, t = 1.45388
[2023-03-11 01:49:55.926] [info] CMC::computeControls, t = 1.45488
[2023-03-11 01:49:55.943] [info] CMC::computeControls, t = 1.45588
[2023-03-11 01:49:55.960] [info] CMC::computeControls, t = 1.45688
[2023-03-11 01:49:55.980] [info] CMC::computeControls, t = 1.45788
[2023-03-11 01:49:56.007] [info] CMC::computeControls, t = 1.45888
[2023-03-11 01:49:56.023] [info] CMC::computeControls, t = 1.45988
[2023-03-11 01:49:56.059] [info] CMC::computeControls, t = 1.46088
[2023-03-11 01:49:56.084] [info] CMC::computeControls, t = 1.46188
[2023-03-11 01:49:56.100] [info] CMC::computeControls, t = 1.46288
[2023-03-11 01:49:56.117] [info] CMC::computeControls, t = 1.46388
[2023-03-11 01:49:56.134] [info] CMC::computeControls, t = 1.46488
[2023-03-11 01:49:56.151] [info] CMC::computeControls, t = 1.46588
[2023-03-11 01:49:56.173] [info] CMC::computeControls, t = 1.46688
[2023-03-11 01:49:56.188] [info] CMC::computeControls, t = 1.46788
[2023-03-11 01:49:56.221] [info] CMC::computeControls, t = 1.46888
[2023-03-11 01:49:56.248] [info] CMC::computeControls, t = 1.46988
[2023-03-11 01:49:56.274] [info] CMC::computeControls, t = 1.47088
[2023-03-11 01:49:56.303] [info] CMC::computeControls, t = 1.47188
[2023-03-11 01:49:56.320] [info] CMC::computeControls, t = 1.47288
[2023-03-11 01:49:56.345] [info] CMC::computeControls, t = 1.47388
[2023-03-11 01:49:56.361] [info] CMC::computeControls, t = 1.47488
[2023-03-11 01:49:56.397] [info] CMC::computeControls, t = 1.47588
[2023-03-11 01:49:56.421] [info] CMC::computeControls, t = 1.47688
[2023-03-11 01:49:56.436] [info] CMC::computeControls, t = 1.47788
[2023-03-11 01:49:56.452] [info] CMC::computeControls, t = 1.47888
[2023-03-11 01:49:56.467] [info] CMC::computeControls, t = 1.47988
[2023-03-11 01:49:56.486] [info] CMC::computeControls, t = 1.48088
[2023-03-11 01:49:56.503] [info] CMC::computeControls, t = 1.48188
[2023-03-11 01:49:56.520] [info] CMC::computeControls, t = 1.48288
[2023-03-11 01:49:56.541] [info] CMC::computeControls, t = 1.48388
[2023-03-11 01:49:56.567] [info] CMC::computeControls, t = 1.48488
[2023-03-11 01:49:56.583] [info] CMC::computeControls, t = 1.48588
[2023-03-11 01:49:56.608] [info] CMC::computeControls, t = 1.48688
[2023-03-11 01:49:56.632] [info] CMC::computeControls, t = 1.48788
[2023-03-11 01:49:56.650] [info] CMC::computeControls, t = 1.48888
[2023-03-11 01:49:56.679] [info] CMC::computeControls, t = 1.48988
[2023-03-11 01:49:56.710] [info] CMC::computeControls, t = 1.49088
[2023-03-11 01:49:56.738] [info] CMC::computeControls, t = 1.49188
[2023-03-11 01:49:56.767] [info] CMC::computeControls, t = 1.49288
[2023-03-11 01:49:56.800] [info] CMC::computeControls, t = 1.49388
[2023-03-11 01:49:56.817] [info] CMC::computeControls, t = 1.49488
[2023-03-11 01:49:56.840] [info] CMC::computeControls, t = 1.49588
[2023-03-11 01:49:56.864] [info] CMC::computeControls, t = 1.49688
[2023-03-11 01:49:56.886] [info] CMC::computeControls, t = 1.49788
[2023-03-11 01:49:56.919] [info] CMC::computeControls, t = 1.49888
[2023-03-11 01:49:56.934] [info] CMC::computeControls, t = 1.49988
[2023-03-11 01:49:56.962] [info] CMC::computeControls, t = 1.50088
[2023-03-11 01:49:56.986] [info] CMC::computeControls, t = 1.50188
[2023-03-11 01:49:57.003] [info] CMC::computeControls, t = 1.50288
[2023-03-11 01:49:57.023] [info] CMC::computeControls, t = 1.50388
[2023-03-11 01:49:57.040] [info] CMC::computeControls, t = 1.50488
[2023-03-11 01:49:57.059] [info] CMC::computeControls, t = 1.50588
[2023-03-11 01:49:57.086] [info] CMC::computeControls, t = 1.50688
[2023-03-11 01:49:57.109] [info] CMC::computeControls, t = 1.50788
[2023-03-11 01:49:57.129] [info] CMC::computeControls, t = 1.50888
[2023-03-11 01:49:57.150] [info] CMC::computeControls, t = 1.50988
[2023-03-11 01:49:57.177] [info] CMC::computeControls, t = 1.51088
[2023-03-11 01:49:57.193] [info] CMC::computeControls, t = 1.51188
[2023-03-11 01:49:57.228] [info] CMC::computeControls, t = 1.51288
[2023-03-11 01:49:57.248] [info] CMC::computeControls, t = 1.51388
[2023-03-11 01:49:57.264] [info] CMC::computeControls, t = 1.51488
[2023-03-11 01:49:57.281] [info] CMC::computeControls, t = 1.51588
[2023-03-11 01:49:57.307] [info] CMC::computeControls, t = 1.51688
[2023-03-11 01:49:57.336] [info] CMC::computeControls, t = 1.51788
[2023-03-11 01:49:57.370] [info] CMC::computeControls, t = 1.51888
[2023-03-11 01:49:57.390] [info] CMC::computeControls, t = 1.51988
[2023-03-11 01:49:57.424] [info] CMC::computeControls, t = 1.52088
[2023-03-11 01:49:57.440] [info] CMC::computeControls, t = 1.52188
[2023-03-11 01:49:57.464] [info] CMC::computeControls, t = 1.52288
[2023-03-11 01:49:57.492] [info] CMC::computeControls, t = 1.52388
[2023-03-11 01:49:57.526] [info] CMC::computeControls, t = 1.52488
[2023-03-11 01:49:57.543] [info] CMC::computeControls, t = 1.52588
[2023-03-11 01:49:57.561] [info] CMC::computeControls, t = 1.52688
[2023-03-11 01:49:57.603] [info] CMC::computeControls, t = 1.52788
[2023-03-11 01:49:57.633] [info] CMC::computeControls, t = 1.52888
[2023-03-11 01:49:57.650] [info] CMC::computeControls, t = 1.52988
[2023-03-11 01:49:57.666] [info] CMC::computeControls, t = 1.53088
[2023-03-11 01:49:57.682] [info] CMC::computeControls, t = 1.53188
[2023-03-11 01:49:57.698] [info] CMC::computeControls, t = 1.53288
[2023-03-11 01:49:57.722] [info] CMC::computeControls, t = 1.53388
[2023-03-11 01:49:57.750] [info] CMC::computeControls, t = 1.53488
[2023-03-11 01:49:57.776] [info] CMC::computeControls, t = 1.53588
[2023-03-11 01:49:57.794] [info] CMC::computeControls, t = 1.53688
[2023-03-11 01:49:57.822] [info] CMC::computeControls, t = 1.53788
[2023-03-11 01:49:57.843] [info] CMC::computeControls, t = 1.53888
[2023-03-11 01:49:57.862] [info] CMC::computeControls, t = 1.53988
[2023-03-11 01:49:57.892] [info] CMC::computeControls, t = 1.54088
[2023-03-11 01:49:57.910] [info] CMC::computeControls, t = 1.54188
[2023-03-11 01:49:57.938] [info] CMC::computeControls, t = 1.54288
[2023-03-11 01:49:57.968] [info] CMC::computeControls, t = 1.54388
[2023-03-11 01:49:57.998] [info] CMC::computeControls, t = 1.54488
[2023-03-11 01:49:58.017] [info] CMC::computeControls, t = 1.54588
[2023-03-11 01:49:58.046] [info] CMC::computeControls, t = 1.54688
[2023-03-11 01:49:58.074] [info] CMC::computeControls, t = 1.54788
[2023-03-11 01:49:58.101] [info] CMC::computeControls, t = 1.54888
[2023-03-11 01:49:58.125] [info] CMC::computeControls, t = 1.54988
[2023-03-11 01:49:58.149] [info] CMC::computeControls, t = 1.55088
[2023-03-11 01:49:58.170] [info] CMC::computeControls, t = 1.55188
[2023-03-11 01:49:58.193] [info] CMC::computeControls, t = 1.55288
[2023-03-11 01:49:58.233] [info] CMC::computeControls, t = 1.55388
[2023-03-11 01:49:58.251] [info] CMC::computeControls, t = 1.55488
[2023-03-11 01:49:58.270] [info] CMC::computeControls, t = 1.55588
[2023-03-11 01:49:58.287] [info] CMC::computeControls, t = 1.55688
[2023-03-11 01:49:58.308] [info] CMC::computeControls, t = 1.55788
[2023-03-11 01:49:58.329] [info] CMC::computeControls, t = 1.55888
[2023-03-11 01:49:58.358] [info] CMC::computeControls, t = 1.55988
[2023-03-11 01:49:58.384] [info] CMC::computeControls, t = 1.56088
[2023-03-11 01:49:58.406] [info] CMC::computeControls, t = 1.56188
[2023-03-11 01:49:58.426] [info] CMC::computeControls, t = 1.56288
[2023-03-11 01:49:58.454] [info] CMC::computeControls, t = 1.56388
[2023-03-11 01:49:58.473] [info] CMC::computeControls, t = 1.56488
[2023-03-11 01:49:58.492] [info] CMC::computeControls, t = 1.56588
[2023-03-11 01:49:58.520] [info] CMC::computeControls, t = 1.56688
[2023-03-11 01:49:58.548] [info] CMC::computeControls, t = 1.56788
[2023-03-11 01:49:58.578] [info] CMC::computeControls, t = 1.56888
[2023-03-11 01:49:58.607] [info] -------------------------------------------
[2023-03-11 01:49:58.607] [info] Finished tracking the specified kinematics:
[2023-03-11 01:49:58.607] [info] -------------------------------------------
[2023-03-11 01:49:58.607] [info]  -- Start time = Sat Mar 11 01:49:42 2023
[2023-03-11 01:49:58.607] [info]  -- Finish time = Sat Mar 11 01:49:58 2023
[2023-03-11 01:49:58.607] [info]  -- Elapsed time = 16.0 seconds.
[2023-03-11 01:49:58.607] [info] -------------------------------------------
[2023-03-11 01:49:58.607] [info] 
[2023-03-11 01:49:58.607] [info] Printing results of investigation subject17_run5_cycle2 to cycle2/
[2023-03-11 01:49:59.112] [info] 

************************************************************
*      Summary of Mass Adjustments to Reduce Residuals     *
************************************************************
* Body adjusted: torso
* Mass Center (COM) adjustment: dx =-0.1, dz =1.63849e-05
* New COM location: ~[0.0713998,0.305069,-1.63849e-05]
************************************************************
* Recommended mass adjustments:                             
*  Total mass change: 2.02327
*  pelvis: orig mass = 10.7245, new mass = 11.0415
*  femur_r: orig mass = 8.47013, new mass = 8.7205
*  tibia_r: orig mass = 3.37616, new mass = 3.47596
*  talus_r: orig mass = 0.0910629, new mass = 0.0937547
*  calcn_r: orig mass = 1.13829, new mass = 1.17193
*  toes_r: orig mass = 0.197242, new mass = 0.203073
*  femur_l: orig mass = 8.47013, new mass = 8.7205
*  tibia_l: orig mass = 3.37616, new mass = 3.47596
*  talus_l: orig mass = 0.0910629, new mass = 0.0937547
*  calcn_l: orig mass = 1.13829, new mass = 1.17193
*  toes_l: orig mass = 0.197242, new mass = 0.203073
*  torso: orig mass = 24.4291, new mass = 25.1512
*  humerus_r: orig mass = 1.85085, new mass = 1.90556
*  ulna_r: orig mass = 0.553207, new mass = 0.56956
*  radius_r: orig mass = 0.553207, new mass = 0.56956
*  hand_r: orig mass = 0.416613, new mass = 0.428928
*  humerus_l: orig mass = 1.85085, new mass = 1.90556
*  ulna_l: orig mass = 0.553207, new mass = 0.56956
*  radius_l: orig mass = 0.553207, new mass = 0.56956
*  hand_l: orig mass = 0.416613, new mass = 0.428928
************************************************************
* Note: Edit the model to make recommended adjustments to  *
*       mass properties.                                   *
************************************************************

* Average residuals before adjusting torso COM:
*  FX=-0.0216892 FY=-19.8415 FZ=-0.629748
*  MX=-0.00392528 MY=0.939294 MZ=-32.1521
************************************************************
* Average residuals after adjusting torso COM:
*  FX=0.195088 FY=-19.6306 FZ=-0.954249
*  MX=-2.90263 MY=1.21397 MZ=-9.25118
************************************************************


[2023-03-11 01:49:59.112] [info] 
************************************************************
*                   Final Average Residuals                *
************************************************************
* After torso COM and Kinematics adjustments:
*  FX=6.83815 FY=-7.70746 FZ=0.736729
*  MX=-4.539 MY=-3.08972 MZ=9.69046
************************************************************


