[2023-08-15 21:59:23.967] [info] Storage: read data file = ..\rra2\cycle2\subject01_run5_cycle2_iter2_Kinematics_q.sto (nr=681 nc=38)
[2023-08-15 21:59:23.989] [info] Storage: read data file = ..\rra2\cycle2\subject01_run5_cycle2_iter2_Kinematics_q.sto (nr=681 nc=38)
[2023-08-15 21:59:24.031] [info] AbstractTool subject01_run5_cycle2_iter3 loading model ..\rra2\cycle2\subject01_run5_cycle2_rraAdjusted_iter2.osim
[2023-08-15 21:59:24.069] [info] Loaded model subject01_scaled from file ..\rra2\cycle2\subject01_run5_cycle2_rraAdjusted_iter2.osim
[2023-08-15 21:59:24.101] [info] Adding force object set from ..\subject01_run5_RRA_Actuators.xml
[2023-08-15 21:59:24.107] [info] Running tool subject01_run5_cycle2_iter3.
[2023-08-15 21:59:24.119] [warning] ExternalLoads 'externalloads' has subcomponents with duplicate name 'externalforce'. The duplicate is being renamed to 'externalforce_0'.
[2023-08-15 21:59:24.131] [info] 	taskSet size = 29.
[2023-08-15 21:59:24.177] [info] ExternalForce::externalforce Data source being set to Run_500 02_newCOP3_v24.mot
[2023-08-15 21:59:24.177] [info] ExternalForce::externalforce_0 Data source being set to Run_500 02_newCOP3_v24.mot
[2023-08-15 21:59:24.179] [warning] A desired points file was not specified.
[2023-08-15 21:59:24.179] [info] Loading desired kinematics from file '..\rra2\cycle2\subject01_run5_cycle2_iter2_Kinematics_q.sto'...
[2023-08-15 21:59:24.179] [info] Storage: read data file = ..\rra2\cycle2\subject01_run5_cycle2_iter2_Kinematics_q.sto (nr=681 nc=38)
[2023-08-15 21:59:24.203] [info] Not filtering the desired kinematics.
[2023-08-15 21:59:24.203] [cout] [info] MODEL: subject01_scaled

numStates = 74
numCoordinates = 37
numSpeeds = 37
numActuators = 29
numBodies = 20
numConstraints = 0
numProbes = 0

ANALYSES (total: 0)

BODIES (total: 20)
body[0] = pelvis. mass: 11.3917
              moments of inertia:  ~[0.0967035,0.0967035,0.0562156]
              products of inertia: ~[0,0,0]
body[1] = femur_r. mass: 8.99709
              moments of inertia:  ~[0.170153,0.0446031,0.179429]
              products of inertia: ~[0,0,0]
body[2] = tibia_r. mass: 3.5862
              moments of inertia:  ~[0.0546712,0.0055322,0.0554305]
              products of inertia: ~[0,0,0]
body[3] = talus_r. mass: 0.0967284
              moments of inertia:  ~[0.00142711,0.00142711,0.00142711]
              products of inertia: ~[0,0,0]
body[4] = calcn_r. mass: 1.2091
              moments of inertia:  ~[0.00199795,0.00556571,0.00585113]
              products of inertia: ~[0,0,0]
body[5] = toes_r. mass: 0.209513
              moments of inertia:  ~[0.000142711,0.000285421,0.00142711]
              products of inertia: ~[0,0,0]
body[6] = femur_l. mass: 8.99709
              moments of inertia:  ~[0.170153,0.0446031,0.179429]
              products of inertia: ~[0,0,0]
body[7] = tibia_l. mass: 3.5862
              moments of inertia:  ~[0.0546712,0.0055322,0.0554305]
              products of inertia: ~[0,0,0]
body[8] = talus_l. mass: 0.0967284
              moments of inertia:  ~[0.00142711,0.00142711,0.00142711]
              products of inertia: ~[0,0,0]
body[9] = calcn_l. mass: 1.2091
              moments of inertia:  ~[0.00199795,0.00556571,0.00585113]
              products of inertia: ~[0,0,0]
body[10] = toes_l. mass: 0.209513
              moments of inertia:  ~[0.000142711,0.000285421,0.00142711]
              products of inertia: ~[0,0,0]
body[11] = torso. mass: 25.9489
              moments of inertia:  ~[1.50848,0.77291,1.46439]
              products of inertia: ~[0,0,0]
body[12] = humerus_r. mass: 1.966
              moments of inertia:  ~[0.0141243,0.00487245,0.0158541]
              products of inertia: ~[0,0,0]
body[13] = ulna_r. mass: 0.587625
              moments of inertia:  ~[0.00354855,0.00074038,0.00384926]
              products of inertia: ~[0,0,0]
body[14] = radius_r. mass: 0.587625
              moments of inertia:  ~[0.00354855,0.00074038,0.00384926]
              products of inertia: ~[0,0,0]
body[15] = hand_r. mass: 0.442532
              moments of inertia:  ~[0.00106864,0.00065532,0.00160535]
              products of inertia: ~[0,0,0]
body[16] = humerus_l. mass: 1.966
              moments of inertia:  ~[0.0143116,0.00493706,0.0160643]
              products of inertia: ~[0,0,0]
body[17] = ulna_l. mass: 0.587625
              moments of inertia:  ~[0.00354855,0.00074038,0.00384926]
              products of inertia: ~[0,0,0]
body[18] = radius_l. mass: 0.587625
              moments of inertia:  ~[0.00354855,0.00074038,0.00384926]
              products of inertia: ~[0,0,0]
body[19] = hand_l. mass: 0.442532
              moments of inertia:  ~[0.00106864,0.00065532,0.00160535]
              products of inertia: ~[0,0,0]

JOINTS (total: 20)
joint[0] = ground_pelvis. parent: ground_offset, child: pelvis_offset
joint[1] = hip_r. parent: pelvis_offset, child: femur_r_offset
joint[2] = knee_r. parent: femur_r_offset, child: tibia_r_offset
joint[3] = ankle_r. parent: tibia_r_offset, child: talus_r_offset
joint[4] = subtalar_r. parent: talus_r_offset, child: calcn_r_offset
joint[5] = mtp_r. parent: calcn_r_offset, child: toes_r_offset
joint[6] = hip_l. parent: pelvis_offset, child: femur_l_offset
joint[7] = knee_l. parent: femur_l_offset, child: tibia_l_offset
joint[8] = ankle_l. parent: tibia_l_offset, child: talus_l_offset
joint[9] = subtalar_l. parent: talus_l_offset, child: calcn_l_offset
joint[10] = mtp_l. parent: calcn_l_offset, child: toes_l_offset
joint[11] = back. parent: pelvis_offset, child: torso_offset
joint[12] = acromial_r. parent: torso_offset, child: humerus_r_offset
joint[13] = elbow_r. parent: humerus_r_offset, child: ulna_r_offset
joint[14] = radioulnar_r. parent: ulna_r_offset, child: radius_r_offset
joint[15] = radius_hand_r. parent: radius_r_offset, child: hand_r_offset
joint[16] = acromial_l. parent: torso_offset, child: humerus_l_offset
joint[17] = elbow_l. parent: humerus_l_offset, child: ulna_l_offset
joint[18] = radioulnar_l. parent: ulna_l_offset, child: radius_l_offset
joint[19] = radius_hand_l. parent: radius_l_offset, child: hand_l_offset

ACTUATORS (total: 29)
actuator[0] = FX
actuator[1] = FY
actuator[2] = FZ
actuator[3] = MZ
actuator[4] = MX
actuator[5] = MY
actuator[6] = hip_flexion_r
actuator[7] = hip_adduction_r
actuator[8] = hip_rotation_r
actuator[9] = knee_angle_r
actuator[10] = ankle_angle_r
actuator[11] = hip_flexion_l
actuator[12] = hip_adduction_l
actuator[13] = hip_rotation_l
actuator[14] = knee_angle_l
actuator[15] = ankle_angle_l
actuator[16] = lumbar_extension
actuator[17] = lumbar_bending
actuator[18] = lumbar_rotation
actuator[19] = arm_flex_r
actuator[20] = arm_add_r
actuator[21] = arm_rot_r
actuator[22] = elbow_flex_r
actuator[23] = pro_sup_r
actuator[24] = arm_flex_l
actuator[25] = arm_add_l
actuator[26] = arm_rot_l
actuator[27] = elbow_flex_l
actuator[28] = pro_sup_l

STATES (total: 74)
y[0] = /jointset/ground_pelvis/pelvis_tilt/value
y[1] = /jointset/ground_pelvis/pelvis_tilt/speed
y[2] = /jointset/ground_pelvis/pelvis_list/value
y[3] = /jointset/ground_pelvis/pelvis_list/speed
y[4] = /jointset/ground_pelvis/pelvis_rotation/value
y[5] = /jointset/ground_pelvis/pelvis_rotation/speed
y[6] = /jointset/ground_pelvis/pelvis_tx/value
y[7] = /jointset/ground_pelvis/pelvis_tx/speed
y[8] = /jointset/ground_pelvis/pelvis_ty/value
y[9] = /jointset/ground_pelvis/pelvis_ty/speed
y[10] = /jointset/ground_pelvis/pelvis_tz/value
y[11] = /jointset/ground_pelvis/pelvis_tz/speed
y[12] = /jointset/hip_r/hip_flexion_r/value
y[13] = /jointset/hip_r/hip_flexion_r/speed
y[14] = /jointset/hip_r/hip_adduction_r/value
y[15] = /jointset/hip_r/hip_adduction_r/speed
y[16] = /jointset/hip_r/hip_rotation_r/value
y[17] = /jointset/hip_r/hip_rotation_r/speed
y[18] = /jointset/knee_r/knee_angle_r/value
y[19] = /jointset/knee_r/knee_angle_r/speed
y[20] = /jointset/ankle_r/ankle_angle_r/value
y[21] = /jointset/ankle_r/ankle_angle_r/speed
y[22] = /jointset/subtalar_r/subtalar_angle_r/value
y[23] = /jointset/subtalar_r/subtalar_angle_r/speed
y[24] = /jointset/mtp_r/mtp_angle_r/value
y[25] = /jointset/mtp_r/mtp_angle_r/speed
y[26] = /jointset/hip_l/hip_flexion_l/value
y[27] = /jointset/hip_l/hip_flexion_l/speed
y[28] = /jointset/hip_l/hip_adduction_l/value
y[29] = /jointset/hip_l/hip_adduction_l/speed
y[30] = /jointset/hip_l/hip_rotation_l/value
y[31] = /jointset/hip_l/hip_rotation_l/speed
y[32] = /jointset/knee_l/knee_angle_l/value
y[33] = /jointset/knee_l/knee_angle_l/speed
y[34] = /jointset/ankle_l/ankle_angle_l/value
y[35] = /jointset/ankle_l/ankle_angle_l/speed
y[36] = /jointset/subtalar_l/subtalar_angle_l/value
y[37] = /jointset/subtalar_l/subtalar_angle_l/speed
y[38] = /jointset/mtp_l/mtp_angle_l/value
y[39] = /jointset/mtp_l/mtp_angle_l/speed
y[40] = /jointset/back/lumbar_extension/value
y[41] = /jointset/back/lumbar_extension/speed
y[42] = /jointset/back/lumbar_bending/value
y[43] = /jointset/back/lumbar_bending/speed
y[44] = /jointset/back/lumbar_rotation/value
y[45] = /jointset/back/lumbar_rotation/speed
y[46] = /jointset/acromial_r/arm_flex_r/value
y[47] = /jointset/acromial_r/arm_flex_r/speed
y[48] = /jointset/acromial_r/arm_add_r/value
y[49] = /jointset/acromial_r/arm_add_r/speed
y[50] = /jointset/acromial_r/arm_rot_r/value
y[51] = /jointset/acromial_r/arm_rot_r/speed
y[52] = /jointset/elbow_r/elbow_flex_r/value
y[53] = /jointset/elbow_r/elbow_flex_r/speed
y[54] = /jointset/radioulnar_r/pro_sup_r/value
y[55] = /jointset/radioulnar_r/pro_sup_r/speed
y[56] = /jointset/radius_hand_r/wrist_flex_r/value
y[57] = /jointset/radius_hand_r/wrist_flex_r/speed
y[58] = /jointset/radius_hand_r/wrist_dev_r/value
y[59] = /jointset/radius_hand_r/wrist_dev_r/speed
y[60] = /jointset/acromial_l/arm_flex_l/value
y[61] = /jointset/acromial_l/arm_flex_l/speed
y[62] = /jointset/acromial_l/arm_add_l/value
y[63] = /jointset/acromial_l/arm_add_l/speed
y[64] = /jointset/acromial_l/arm_rot_l/value
y[65] = /jointset/acromial_l/arm_rot_l/speed
y[66] = /jointset/elbow_l/elbow_flex_l/value
y[67] = /jointset/elbow_l/elbow_flex_l/speed
y[68] = /jointset/radioulnar_l/pro_sup_l/value
y[69] = /jointset/radioulnar_l/pro_sup_l/speed
y[70] = /jointset/radius_hand_l/wrist_flex_l/value
y[71] = /jointset/radius_hand_l/wrist_flex_l/speed
y[72] = /jointset/radius_hand_l/wrist_dev_l/value
y[73] = /jointset/radius_hand_l/wrist_dev_l/speed

[2023-08-15 21:59:24.366] [warning] Coordinate.setValue:  coordinate subtalar_angle_r is locked. Unable to change its value.
[2023-08-15 21:59:24.367] [warning] Coordinate.setValue:  coordinate mtp_angle_r is locked. Unable to change its value.
[2023-08-15 21:59:24.367] [warning] Coordinate.setValue:  coordinate subtalar_angle_l is locked. Unable to change its value.
[2023-08-15 21:59:24.367] [warning] Coordinate.setValue:  coordinate mtp_angle_l is locked. Unable to change its value.
[2023-08-15 21:59:24.367] [warning] Coordinate.setValue:  coordinate wrist_flex_r is locked. Unable to change its value.
[2023-08-15 21:59:24.367] [warning] Coordinate.setValue:  coordinate wrist_dev_r is locked. Unable to change its value.
[2023-08-15 21:59:24.367] [warning] Coordinate.setValue:  coordinate wrist_flex_l is locked. Unable to change its value.
[2023-08-15 21:59:24.367] [warning] Coordinate.setValue:  coordinate wrist_dev_l is locked. Unable to change its value.
[2023-08-15 21:59:24.425] [info] Requested COM adjustment time range 1.143 to 1.775, clamped to nearest available data times: 1.143 to 1.775.
[2023-08-15 21:59:24.425] [info] Computing average residuals between 1.143 and 1.775...
[2023-08-15 21:59:24.474] [info] ExternalForce::externalforce Data source being set to Run_500 02_newCOP3_v24.mot
[2023-08-15 21:59:24.474] [info] ExternalForce::externalforce_0 Data source being set to Run_500 02_newCOP3_v24.mot
[2023-08-15 21:59:24.512] [info] ExternalForce::externalforce Data source being set to Run_500 02_newCOP3_v24.mot
[2023-08-15 21:59:24.512] [info] ExternalForce::externalforce_0 Data source being set to Run_500 02_newCOP3_v24.mot
[2023-08-15 21:59:27.057] [info] ExternalForce::externalforce Data source being set to Run_500 02_newCOP3_v24.mot
[2023-08-15 21:59:27.057] [info] ExternalForce::externalforce_0 Data source being set to Run_500 02_newCOP3_v24.mot
[2023-08-15 21:59:27.060] [info] Computing average residuals between 1.143 and 1.775...
[2023-08-15 21:59:27.107] [info] ExternalForce::externalforce Data source being set to Run_500 02_newCOP3_v24.mot
[2023-08-15 21:59:27.107] [info] ExternalForce::externalforce_0 Data source being set to Run_500 02_newCOP3_v24.mot
[2023-08-15 21:59:27.143] [info] ExternalForce::externalforce Data source being set to Run_500 02_newCOP3_v24.mot
[2023-08-15 21:59:27.143] [info] ExternalForce::externalforce_0 Data source being set to Run_500 02_newCOP3_v24.mot
[2023-08-15 21:59:29.859] [info] Constructing function set for tracking desired kinematics...
[2023-08-15 21:59:30.236] [warning] No Actuation analysis found in analysis set, adding one...
[2023-08-15 21:59:30.236] [warning] No Kinematics analysis found in analysis set, adding one...
[2023-08-15 21:59:30.238] [info] Using the generalized coordinates specified in '..\rra2\cycle2\subject01_run5_cycle2_iter2_Kinematics_q.sto' to set the initial configuration.
[2023-08-15 21:59:30.328] [info] Using IPOPT optimizer algorithm.
[2023-08-15 21:59:30.328] [info] Setting optimizer print level to 0.
[2023-08-15 21:59:30.328] [info] Setting optimizer convergence tolerance to 1.0e-05.
[2023-08-15 21:59:30.328] [info] Setting optimizer maximum iterations to 2000.
[2023-08-15 21:59:30.328] [info] Setting cmc controller to not use verbose printing.

[2023-08-15 21:59:30.328] [info] CMC::computeControls, t = 1.143
[2023-08-15 21:59:30.797] [info] --------------------------------------------
[2023-08-15 21:59:30.797] [info] Using CMC to track the specified kinematics:
[2023-08-15 21:59:30.797] [info] --------------------------------------------
[2023-08-15 21:59:30.797] [info]  -- Integrating from 1.143 to 1.775
[2023-08-15 21:59:30.797] [info]  -- Start time = Tue Aug 15 21:59:30 2023
[2023-08-15 21:59:30.797] [info] --------------------------------------------
[2023-08-15 21:59:30.797] [info] 
[2023-08-15 21:59:30.801] [info] CMC::computeControls, t = 1.143
[2023-08-15 21:59:30.824] [info] CMC::computeControls, t = 1.144
[2023-08-15 21:59:30.824] [warning] Coordinate.setValue:  coordinate subtalar_angle_r is locked. Unable to change its value.
[2023-08-15 21:59:30.824] [warning] Coordinate.setValue:  coordinate mtp_angle_r is locked. Unable to change its value.
[2023-08-15 21:59:30.824] [warning] Coordinate.setValue:  coordinate subtalar_angle_l is locked. Unable to change its value.
[2023-08-15 21:59:30.824] [warning] Coordinate.setValue:  coordinate mtp_angle_l is locked. Unable to change its value.
[2023-08-15 21:59:30.824] [warning] Coordinate.setValue:  coordinate wrist_flex_r is locked. Unable to change its value.
[2023-08-15 21:59:30.824] [warning] Coordinate.setValue:  coordinate wrist_dev_r is locked. Unable to change its value.
[2023-08-15 21:59:30.824] [warning] Coordinate.setValue:  coordinate wrist_flex_l is locked. Unable to change its value.
[2023-08-15 21:59:30.825] [warning] Coordinate.setValue:  coordinate wrist_dev_l is locked. Unable to change its value.
[2023-08-15 21:59:30.842] [info] CMC::computeControls, t = 1.145
[2023-08-15 21:59:30.860] [info] CMC::computeControls, t = 1.146
[2023-08-15 21:59:30.882] [info] CMC::computeControls, t = 1.147
[2023-08-15 21:59:30.900] [info] CMC::computeControls, t = 1.148
[2023-08-15 21:59:30.918] [info] CMC::computeControls, t = 1.149
[2023-08-15 21:59:30.935] [info] CMC::computeControls, t = 1.15
[2023-08-15 21:59:30.952] [info] CMC::computeControls, t = 1.151
[2023-08-15 21:59:30.970] [info] CMC::computeControls, t = 1.152
[2023-08-15 21:59:30.987] [info] CMC::computeControls, t = 1.153
[2023-08-15 21:59:31.004] [info] CMC::computeControls, t = 1.154
[2023-08-15 21:59:31.022] [info] CMC::computeControls, t = 1.155
[2023-08-15 21:59:31.039] [info] CMC::computeControls, t = 1.156
[2023-08-15 21:59:31.057] [info] CMC::computeControls, t = 1.157
[2023-08-15 21:59:31.074] [info] CMC::computeControls, t = 1.158
[2023-08-15 21:59:31.091] [info] CMC::computeControls, t = 1.159
[2023-08-15 21:59:31.107] [info] CMC::computeControls, t = 1.16
[2023-08-15 21:59:31.123] [info] CMC::computeControls, t = 1.161
[2023-08-15 21:59:31.139] [info] CMC::computeControls, t = 1.162
[2023-08-15 21:59:31.155] [info] CMC::computeControls, t = 1.163
[2023-08-15 21:59:31.173] [info] CMC::computeControls, t = 1.164
[2023-08-15 21:59:31.189] [info] CMC::computeControls, t = 1.165
[2023-08-15 21:59:31.208] [info] CMC::computeControls, t = 1.166
[2023-08-15 21:59:31.224] [info] CMC::computeControls, t = 1.167
[2023-08-15 21:59:31.240] [info] CMC::computeControls, t = 1.168
[2023-08-15 21:59:31.257] [info] CMC::computeControls, t = 1.169
[2023-08-15 21:59:31.274] [info] CMC::computeControls, t = 1.17
[2023-08-15 21:59:31.290] [info] CMC::computeControls, t = 1.171
[2023-08-15 21:59:31.307] [info] CMC::computeControls, t = 1.172
[2023-08-15 21:59:31.325] [info] CMC::computeControls, t = 1.173
[2023-08-15 21:59:31.341] [info] CMC::computeControls, t = 1.174
[2023-08-15 21:59:31.358] [info] CMC::computeControls, t = 1.175
[2023-08-15 21:59:31.375] [info] CMC::computeControls, t = 1.176
[2023-08-15 21:59:31.391] [info] CMC::computeControls, t = 1.177
[2023-08-15 21:59:31.408] [info] CMC::computeControls, t = 1.178
[2023-08-15 21:59:31.424] [info] CMC::computeControls, t = 1.179
[2023-08-15 21:59:31.441] [info] CMC::computeControls, t = 1.18
[2023-08-15 21:59:31.457] [info] CMC::computeControls, t = 1.181
[2023-08-15 21:59:31.473] [info] CMC::computeControls, t = 1.182
[2023-08-15 21:59:31.489] [info] CMC::computeControls, t = 1.183
[2023-08-15 21:59:31.505] [info] CMC::computeControls, t = 1.184
[2023-08-15 21:59:31.521] [info] CMC::computeControls, t = 1.185
[2023-08-15 21:59:31.537] [info] CMC::computeControls, t = 1.186
[2023-08-15 21:59:31.553] [info] CMC::computeControls, t = 1.187
[2023-08-15 21:59:31.569] [info] CMC::computeControls, t = 1.188
[2023-08-15 21:59:31.586] [info] CMC::computeControls, t = 1.189
[2023-08-15 21:59:31.602] [info] CMC::computeControls, t = 1.19
[2023-08-15 21:59:31.618] [info] CMC::computeControls, t = 1.191
[2023-08-15 21:59:31.634] [info] CMC::computeControls, t = 1.192
[2023-08-15 21:59:31.650] [info] CMC::computeControls, t = 1.193
[2023-08-15 21:59:31.669] [info] CMC::computeControls, t = 1.194
[2023-08-15 21:59:31.686] [info] CMC::computeControls, t = 1.195
[2023-08-15 21:59:31.702] [info] CMC::computeControls, t = 1.196
[2023-08-15 21:59:31.718] [info] CMC::computeControls, t = 1.197
[2023-08-15 21:59:31.734] [info] CMC::computeControls, t = 1.198
[2023-08-15 21:59:31.751] [info] CMC::computeControls, t = 1.199
[2023-08-15 21:59:31.768] [info] CMC::computeControls, t = 1.2
[2023-08-15 21:59:31.784] [info] CMC::computeControls, t = 1.20100
[2023-08-15 21:59:31.800] [info] CMC::computeControls, t = 1.20200
[2023-08-15 21:59:31.817] [info] CMC::computeControls, t = 1.20300
[2023-08-15 21:59:31.834] [info] CMC::computeControls, t = 1.20400
[2023-08-15 21:59:31.850] [info] CMC::computeControls, t = 1.20500
[2023-08-15 21:59:31.866] [info] CMC::computeControls, t = 1.20600
[2023-08-15 21:59:31.883] [info] CMC::computeControls, t = 1.20700
[2023-08-15 21:59:31.899] [info] CMC::computeControls, t = 1.20800
[2023-08-15 21:59:31.915] [info] CMC::computeControls, t = 1.20900
[2023-08-15 21:59:31.931] [info] CMC::computeControls, t = 1.21
[2023-08-15 21:59:31.947] [info] CMC::computeControls, t = 1.211
[2023-08-15 21:59:31.963] [info] CMC::computeControls, t = 1.212
[2023-08-15 21:59:31.979] [info] CMC::computeControls, t = 1.213
[2023-08-15 21:59:31.995] [info] CMC::computeControls, t = 1.214
[2023-08-15 21:59:32.011] [info] CMC::computeControls, t = 1.215
[2023-08-15 21:59:32.027] [info] CMC::computeControls, t = 1.216
[2023-08-15 21:59:32.043] [info] CMC::computeControls, t = 1.217
[2023-08-15 21:59:32.060] [info] CMC::computeControls, t = 1.218
[2023-08-15 21:59:32.077] [info] CMC::computeControls, t = 1.219
[2023-08-15 21:59:32.092] [info] CMC::computeControls, t = 1.22
[2023-08-15 21:59:32.108] [info] CMC::computeControls, t = 1.221
[2023-08-15 21:59:32.123] [info] CMC::computeControls, t = 1.222
[2023-08-15 21:59:32.139] [info] CMC::computeControls, t = 1.223
[2023-08-15 21:59:32.155] [info] CMC::computeControls, t = 1.224
[2023-08-15 21:59:32.170] [info] CMC::computeControls, t = 1.225
[2023-08-15 21:59:32.185] [info] CMC::computeControls, t = 1.226
[2023-08-15 21:59:32.201] [info] CMC::computeControls, t = 1.227
[2023-08-15 21:59:32.217] [info] CMC::computeControls, t = 1.228
[2023-08-15 21:59:32.232] [info] CMC::computeControls, t = 1.229
[2023-08-15 21:59:32.247] [info] CMC::computeControls, t = 1.23
[2023-08-15 21:59:32.263] [info] CMC::computeControls, t = 1.231
[2023-08-15 21:59:32.278] [info] CMC::computeControls, t = 1.232
[2023-08-15 21:59:32.294] [info] CMC::computeControls, t = 1.233
[2023-08-15 21:59:32.309] [info] CMC::computeControls, t = 1.234
[2023-08-15 21:59:32.324] [info] CMC::computeControls, t = 1.235
[2023-08-15 21:59:32.340] [info] CMC::computeControls, t = 1.236
[2023-08-15 21:59:32.356] [info] CMC::computeControls, t = 1.237
[2023-08-15 21:59:32.371] [info] CMC::computeControls, t = 1.238
[2023-08-15 21:59:32.386] [info] CMC::computeControls, t = 1.239
[2023-08-15 21:59:32.401] [info] CMC::computeControls, t = 1.24
[2023-08-15 21:59:32.418] [info] CMC::computeControls, t = 1.241
[2023-08-15 21:59:32.433] [info] CMC::computeControls, t = 1.242
[2023-08-15 21:59:32.449] [info] CMC::computeControls, t = 1.243
[2023-08-15 21:59:32.465] [info] CMC::computeControls, t = 1.244
[2023-08-15 21:59:32.486] [info] CMC::computeControls, t = 1.245
[2023-08-15 21:59:32.502] [info] CMC::computeControls, t = 1.246
[2023-08-15 21:59:32.517] [info] CMC::computeControls, t = 1.247
[2023-08-15 21:59:32.533] [info] CMC::computeControls, t = 1.248
[2023-08-15 21:59:32.548] [info] CMC::computeControls, t = 1.249
[2023-08-15 21:59:32.563] [info] CMC::computeControls, t = 1.25
[2023-08-15 21:59:32.578] [info] CMC::computeControls, t = 1.251
[2023-08-15 21:59:32.594] [info] CMC::computeControls, t = 1.252
[2023-08-15 21:59:32.609] [info] CMC::computeControls, t = 1.253
[2023-08-15 21:59:32.624] [info] CMC::computeControls, t = 1.254
[2023-08-15 21:59:32.640] [info] CMC::computeControls, t = 1.255
[2023-08-15 21:59:32.655] [info] CMC::computeControls, t = 1.256
[2023-08-15 21:59:32.670] [info] CMC::computeControls, t = 1.257
[2023-08-15 21:59:32.685] [info] CMC::computeControls, t = 1.258
[2023-08-15 21:59:32.701] [info] CMC::computeControls, t = 1.259
[2023-08-15 21:59:32.719] [info] CMC::computeControls, t = 1.26
[2023-08-15 21:59:32.735] [info] CMC::computeControls, t = 1.261
[2023-08-15 21:59:32.750] [info] CMC::computeControls, t = 1.262
[2023-08-15 21:59:32.765] [info] CMC::computeControls, t = 1.263
[2023-08-15 21:59:32.780] [info] CMC::computeControls, t = 1.264
[2023-08-15 21:59:32.796] [info] CMC::computeControls, t = 1.265
[2023-08-15 21:59:32.811] [info] CMC::computeControls, t = 1.266
[2023-08-15 21:59:32.826] [info] CMC::computeControls, t = 1.267
[2023-08-15 21:59:32.842] [info] CMC::computeControls, t = 1.268
[2023-08-15 21:59:32.858] [info] CMC::computeControls, t = 1.269
[2023-08-15 21:59:32.874] [info] CMC::computeControls, t = 1.27
[2023-08-15 21:59:32.889] [info] CMC::computeControls, t = 1.271
[2023-08-15 21:59:32.905] [info] CMC::computeControls, t = 1.272
[2023-08-15 21:59:32.920] [info] CMC::computeControls, t = 1.273
[2023-08-15 21:59:32.936] [info] CMC::computeControls, t = 1.274
[2023-08-15 21:59:32.953] [info] CMC::computeControls, t = 1.275
[2023-08-15 21:59:32.969] [info] CMC::computeControls, t = 1.276
[2023-08-15 21:59:32.985] [info] CMC::computeControls, t = 1.277
[2023-08-15 21:59:33.001] [info] CMC::computeControls, t = 1.278
[2023-08-15 21:59:33.017] [info] CMC::computeControls, t = 1.279
[2023-08-15 21:59:33.032] [info] CMC::computeControls, t = 1.28
[2023-08-15 21:59:33.048] [info] CMC::computeControls, t = 1.281
[2023-08-15 21:59:33.064] [info] CMC::computeControls, t = 1.282
[2023-08-15 21:59:33.080] [info] CMC::computeControls, t = 1.283
[2023-08-15 21:59:33.096] [info] CMC::computeControls, t = 1.284
[2023-08-15 21:59:33.112] [info] CMC::computeControls, t = 1.285
[2023-08-15 21:59:33.128] [info] CMC::computeControls, t = 1.286
[2023-08-15 21:59:33.144] [info] CMC::computeControls, t = 1.287
[2023-08-15 21:59:33.160] [info] CMC::computeControls, t = 1.288
[2023-08-15 21:59:33.176] [info] CMC::computeControls, t = 1.289
[2023-08-15 21:59:33.194] [info] CMC::computeControls, t = 1.29
[2023-08-15 21:59:33.210] [info] CMC::computeControls, t = 1.291
[2023-08-15 21:59:33.227] [info] CMC::computeControls, t = 1.292
[2023-08-15 21:59:33.243] [info] CMC::computeControls, t = 1.293
[2023-08-15 21:59:33.259] [info] CMC::computeControls, t = 1.294
[2023-08-15 21:59:33.275] [info] CMC::computeControls, t = 1.295
[2023-08-15 21:59:33.290] [info] CMC::computeControls, t = 1.296
[2023-08-15 21:59:33.307] [info] CMC::computeControls, t = 1.297
[2023-08-15 21:59:33.323] [info] CMC::computeControls, t = 1.298
[2023-08-15 21:59:33.339] [info] CMC::computeControls, t = 1.299
[2023-08-15 21:59:33.355] [info] CMC::computeControls, t = 1.3
[2023-08-15 21:59:33.371] [info] CMC::computeControls, t = 1.30100
[2023-08-15 21:59:33.388] [info] CMC::computeControls, t = 1.30200
[2023-08-15 21:59:33.404] [info] CMC::computeControls, t = 1.30300
[2023-08-15 21:59:33.420] [info] CMC::computeControls, t = 1.30400
[2023-08-15 21:59:33.436] [info] CMC::computeControls, t = 1.30500
[2023-08-15 21:59:33.452] [info] CMC::computeControls, t = 1.30600
[2023-08-15 21:59:33.468] [info] CMC::computeControls, t = 1.30700
[2023-08-15 21:59:33.484] [info] CMC::computeControls, t = 1.30800
[2023-08-15 21:59:33.500] [info] CMC::computeControls, t = 1.30900
[2023-08-15 21:59:33.516] [info] CMC::computeControls, t = 1.31
[2023-08-15 21:59:33.532] [info] CMC::computeControls, t = 1.311
[2023-08-15 21:59:33.549] [info] CMC::computeControls, t = 1.312
[2023-08-15 21:59:33.565] [info] CMC::computeControls, t = 1.313
[2023-08-15 21:59:33.582] [info] CMC::computeControls, t = 1.314
[2023-08-15 21:59:33.598] [info] CMC::computeControls, t = 1.315
[2023-08-15 21:59:33.614] [info] CMC::computeControls, t = 1.316
[2023-08-15 21:59:33.630] [info] CMC::computeControls, t = 1.317
[2023-08-15 21:59:33.646] [info] CMC::computeControls, t = 1.318
[2023-08-15 21:59:33.662] [info] CMC::computeControls, t = 1.319
[2023-08-15 21:59:33.678] [info] CMC::computeControls, t = 1.32
[2023-08-15 21:59:33.694] [info] CMC::computeControls, t = 1.321
[2023-08-15 21:59:33.710] [info] CMC::computeControls, t = 1.322
[2023-08-15 21:59:33.726] [info] CMC::computeControls, t = 1.323
[2023-08-15 21:59:33.742] [info] CMC::computeControls, t = 1.324
[2023-08-15 21:59:33.759] [info] CMC::computeControls, t = 1.325
[2023-08-15 21:59:33.775] [info] CMC::computeControls, t = 1.326
[2023-08-15 21:59:33.791] [info] CMC::computeControls, t = 1.327
[2023-08-15 21:59:33.807] [info] CMC::computeControls, t = 1.328
[2023-08-15 21:59:33.823] [info] CMC::computeControls, t = 1.329
[2023-08-15 21:59:33.839] [info] CMC::computeControls, t = 1.33
[2023-08-15 21:59:33.855] [info] CMC::computeControls, t = 1.331
[2023-08-15 21:59:33.872] [info] CMC::computeControls, t = 1.332
[2023-08-15 21:59:33.888] [info] CMC::computeControls, t = 1.333
[2023-08-15 21:59:33.904] [info] CMC::computeControls, t = 1.334
[2023-08-15 21:59:33.920] [info] CMC::computeControls, t = 1.335
[2023-08-15 21:59:33.936] [info] CMC::computeControls, t = 1.336
[2023-08-15 21:59:33.951] [info] CMC::computeControls, t = 1.337
[2023-08-15 21:59:33.968] [info] CMC::computeControls, t = 1.338
[2023-08-15 21:59:33.984] [info] CMC::computeControls, t = 1.339
[2023-08-15 21:59:34.001] [info] CMC::computeControls, t = 1.34
[2023-08-15 21:59:34.017] [info] CMC::computeControls, t = 1.341
[2023-08-15 21:59:34.033] [info] CMC::computeControls, t = 1.342
[2023-08-15 21:59:34.050] [info] CMC::computeControls, t = 1.343
[2023-08-15 21:59:34.066] [info] CMC::computeControls, t = 1.344
[2023-08-15 21:59:34.081] [info] CMC::computeControls, t = 1.345
[2023-08-15 21:59:34.097] [info] CMC::computeControls, t = 1.346
[2023-08-15 21:59:34.112] [info] CMC::computeControls, t = 1.347
[2023-08-15 21:59:34.128] [info] CMC::computeControls, t = 1.348
[2023-08-15 21:59:34.144] [info] CMC::computeControls, t = 1.349
[2023-08-15 21:59:34.159] [info] CMC::computeControls, t = 1.35
[2023-08-15 21:59:34.174] [info] CMC::computeControls, t = 1.351
[2023-08-15 21:59:34.190] [info] CMC::computeControls, t = 1.352
[2023-08-15 21:59:34.205] [info] CMC::computeControls, t = 1.353
[2023-08-15 21:59:34.221] [info] CMC::computeControls, t = 1.354
[2023-08-15 21:59:34.236] [info] CMC::computeControls, t = 1.355
[2023-08-15 21:59:34.254] [info] CMC::computeControls, t = 1.356
[2023-08-15 21:59:34.270] [info] CMC::computeControls, t = 1.357
[2023-08-15 21:59:34.286] [info] CMC::computeControls, t = 1.358
[2023-08-15 21:59:34.301] [info] CMC::computeControls, t = 1.359
[2023-08-15 21:59:34.320] [info] CMC::computeControls, t = 1.36
[2023-08-15 21:59:34.336] [info] CMC::computeControls, t = 1.361
[2023-08-15 21:59:34.351] [info] CMC::computeControls, t = 1.362
[2023-08-15 21:59:34.367] [info] CMC::computeControls, t = 1.363
[2023-08-15 21:59:34.383] [info] CMC::computeControls, t = 1.364
[2023-08-15 21:59:34.399] [info] CMC::computeControls, t = 1.365
[2023-08-15 21:59:34.415] [info] CMC::computeControls, t = 1.366
[2023-08-15 21:59:34.430] [info] CMC::computeControls, t = 1.367
[2023-08-15 21:59:34.446] [info] CMC::computeControls, t = 1.368
[2023-08-15 21:59:34.461] [info] CMC::computeControls, t = 1.369
[2023-08-15 21:59:34.477] [info] CMC::computeControls, t = 1.37
[2023-08-15 21:59:34.498] [info] CMC::computeControls, t = 1.371
[2023-08-15 21:59:34.513] [info] CMC::computeControls, t = 1.372
[2023-08-15 21:59:34.529] [info] CMC::computeControls, t = 1.373
[2023-08-15 21:59:34.544] [info] CMC::computeControls, t = 1.374
[2023-08-15 21:59:34.561] [info] CMC::computeControls, t = 1.375
[2023-08-15 21:59:34.576] [info] CMC::computeControls, t = 1.376
[2023-08-15 21:59:34.593] [info] CMC::computeControls, t = 1.377
[2023-08-15 21:59:34.615] [info] CMC::computeControls, t = 1.378
[2023-08-15 21:59:34.633] [info] CMC::computeControls, t = 1.379
[2023-08-15 21:59:34.652] [info] CMC::computeControls, t = 1.38
[2023-08-15 21:59:34.669] [info] CMC::computeControls, t = 1.381
[2023-08-15 21:59:34.686] [info] CMC::computeControls, t = 1.382
[2023-08-15 21:59:34.703] [info] CMC::computeControls, t = 1.383
[2023-08-15 21:59:34.720] [info] CMC::computeControls, t = 1.384
[2023-08-15 21:59:34.736] [info] CMC::computeControls, t = 1.385
[2023-08-15 21:59:34.751] [info] CMC::computeControls, t = 1.386
[2023-08-15 21:59:34.768] [info] CMC::computeControls, t = 1.387
[2023-08-15 21:59:34.784] [info] CMC::computeControls, t = 1.388
[2023-08-15 21:59:34.799] [info] CMC::computeControls, t = 1.389
[2023-08-15 21:59:34.816] [info] CMC::computeControls, t = 1.39
[2023-08-15 21:59:34.831] [info] CMC::computeControls, t = 1.391
[2023-08-15 21:59:34.847] [info] CMC::computeControls, t = 1.392
[2023-08-15 21:59:34.863] [info] CMC::computeControls, t = 1.393
[2023-08-15 21:59:34.878] [info] CMC::computeControls, t = 1.394
[2023-08-15 21:59:34.894] [info] CMC::computeControls, t = 1.395
[2023-08-15 21:59:34.911] [info] CMC::computeControls, t = 1.396
[2023-08-15 21:59:34.927] [info] CMC::computeControls, t = 1.397
[2023-08-15 21:59:34.943] [info] CMC::computeControls, t = 1.398
[2023-08-15 21:59:34.959] [info] CMC::computeControls, t = 1.399
[2023-08-15 21:59:34.975] [info] CMC::computeControls, t = 1.4
[2023-08-15 21:59:34.993] [info] CMC::computeControls, t = 1.40100
[2023-08-15 21:59:35.009] [info] CMC::computeControls, t = 1.40200
[2023-08-15 21:59:35.025] [info] CMC::computeControls, t = 1.40300
[2023-08-15 21:59:35.041] [info] CMC::computeControls, t = 1.40400
[2023-08-15 21:59:35.056] [info] CMC::computeControls, t = 1.40500
[2023-08-15 21:59:35.072] [info] CMC::computeControls, t = 1.40600
[2023-08-15 21:59:35.087] [info] CMC::computeControls, t = 1.40700
[2023-08-15 21:59:35.102] [info] CMC::computeControls, t = 1.40800
[2023-08-15 21:59:35.118] [info] CMC::computeControls, t = 1.40900
[2023-08-15 21:59:35.141] [info] CMC::computeControls, t = 1.41
[2023-08-15 21:59:35.156] [info] CMC::computeControls, t = 1.411
[2023-08-15 21:59:35.171] [info] CMC::computeControls, t = 1.412
[2023-08-15 21:59:35.186] [info] CMC::computeControls, t = 1.413
[2023-08-15 21:59:35.202] [info] CMC::computeControls, t = 1.414
[2023-08-15 21:59:35.217] [info] CMC::computeControls, t = 1.415
[2023-08-15 21:59:35.232] [info] CMC::computeControls, t = 1.416
[2023-08-15 21:59:35.247] [info] CMC::computeControls, t = 1.417
[2023-08-15 21:59:35.262] [info] CMC::computeControls, t = 1.418
[2023-08-15 21:59:35.277] [info] CMC::computeControls, t = 1.419
[2023-08-15 21:59:35.291] [info] CMC::computeControls, t = 1.42
[2023-08-15 21:59:35.306] [info] CMC::computeControls, t = 1.421
[2023-08-15 21:59:35.321] [info] CMC::computeControls, t = 1.422
[2023-08-15 21:59:35.336] [info] CMC::computeControls, t = 1.423
[2023-08-15 21:59:35.352] [info] CMC::computeControls, t = 1.424
[2023-08-15 21:59:35.367] [info] CMC::computeControls, t = 1.425
[2023-08-15 21:59:35.382] [info] CMC::computeControls, t = 1.426
[2023-08-15 21:59:35.397] [info] CMC::computeControls, t = 1.427
[2023-08-15 21:59:35.413] [info] CMC::computeControls, t = 1.428
[2023-08-15 21:59:35.429] [info] CMC::computeControls, t = 1.429
[2023-08-15 21:59:35.444] [info] CMC::computeControls, t = 1.43
[2023-08-15 21:59:35.459] [info] CMC::computeControls, t = 1.431
[2023-08-15 21:59:35.474] [info] CMC::computeControls, t = 1.432
[2023-08-15 21:59:35.489] [info] CMC::computeControls, t = 1.433
[2023-08-15 21:59:35.504] [info] CMC::computeControls, t = 1.434
[2023-08-15 21:59:35.519] [info] CMC::computeControls, t = 1.435
[2023-08-15 21:59:35.534] [info] CMC::computeControls, t = 1.436
[2023-08-15 21:59:35.549] [info] CMC::computeControls, t = 1.437
[2023-08-15 21:59:35.565] [info] CMC::computeControls, t = 1.438
[2023-08-15 21:59:35.580] [info] CMC::computeControls, t = 1.439
[2023-08-15 21:59:35.596] [info] CMC::computeControls, t = 1.44
[2023-08-15 21:59:35.611] [info] CMC::computeControls, t = 1.441
[2023-08-15 21:59:35.627] [info] CMC::computeControls, t = 1.442
[2023-08-15 21:59:35.642] [info] CMC::computeControls, t = 1.443
[2023-08-15 21:59:35.658] [info] CMC::computeControls, t = 1.444
[2023-08-15 21:59:35.673] [info] CMC::computeControls, t = 1.445
[2023-08-15 21:59:35.689] [info] CMC::computeControls, t = 1.446
[2023-08-15 21:59:35.704] [info] CMC::computeControls, t = 1.447
[2023-08-15 21:59:35.720] [info] CMC::computeControls, t = 1.448
[2023-08-15 21:59:35.735] [info] CMC::computeControls, t = 1.449
[2023-08-15 21:59:35.751] [info] CMC::computeControls, t = 1.45
[2023-08-15 21:59:35.766] [info] CMC::computeControls, t = 1.451
[2023-08-15 21:59:35.782] [info] CMC::computeControls, t = 1.452
[2023-08-15 21:59:35.797] [info] CMC::computeControls, t = 1.453
[2023-08-15 21:59:35.813] [info] CMC::computeControls, t = 1.454
[2023-08-15 21:59:35.829] [info] CMC::computeControls, t = 1.455
[2023-08-15 21:59:35.844] [info] CMC::computeControls, t = 1.456
[2023-08-15 21:59:35.859] [info] CMC::computeControls, t = 1.457
[2023-08-15 21:59:35.875] [info] CMC::computeControls, t = 1.458
[2023-08-15 21:59:35.890] [info] CMC::computeControls, t = 1.459
[2023-08-15 21:59:35.906] [info] CMC::computeControls, t = 1.46
[2023-08-15 21:59:35.921] [info] CMC::computeControls, t = 1.461
[2023-08-15 21:59:35.937] [info] CMC::computeControls, t = 1.462
[2023-08-15 21:59:35.953] [info] CMC::computeControls, t = 1.463
[2023-08-15 21:59:35.969] [info] CMC::computeControls, t = 1.464
[2023-08-15 21:59:35.984] [info] CMC::computeControls, t = 1.465
[2023-08-15 21:59:36.001] [info] CMC::computeControls, t = 1.466
[2023-08-15 21:59:36.017] [info] CMC::computeControls, t = 1.467
[2023-08-15 21:59:36.033] [info] CMC::computeControls, t = 1.468
[2023-08-15 21:59:36.049] [info] CMC::computeControls, t = 1.469
[2023-08-15 21:59:36.065] [info] CMC::computeControls, t = 1.47
[2023-08-15 21:59:36.082] [info] CMC::computeControls, t = 1.471
[2023-08-15 21:59:36.100] [info] CMC::computeControls, t = 1.472
[2023-08-15 21:59:36.118] [info] CMC::computeControls, t = 1.473
[2023-08-15 21:59:36.136] [info] CMC::computeControls, t = 1.474
[2023-08-15 21:59:36.156] [info] CMC::computeControls, t = 1.475
[2023-08-15 21:59:36.174] [info] CMC::computeControls, t = 1.476
[2023-08-15 21:59:36.192] [info] CMC::computeControls, t = 1.477
[2023-08-15 21:59:36.214] [info] CMC::computeControls, t = 1.478
[2023-08-15 21:59:36.231] [info] CMC::computeControls, t = 1.479
[2023-08-15 21:59:36.248] [info] CMC::computeControls, t = 1.48
[2023-08-15 21:59:36.264] [info] CMC::computeControls, t = 1.481
[2023-08-15 21:59:36.280] [info] CMC::computeControls, t = 1.482
[2023-08-15 21:59:36.296] [info] CMC::computeControls, t = 1.483
[2023-08-15 21:59:36.312] [info] CMC::computeControls, t = 1.484
[2023-08-15 21:59:36.328] [info] CMC::computeControls, t = 1.485
[2023-08-15 21:59:36.343] [info] CMC::computeControls, t = 1.486
[2023-08-15 21:59:36.359] [info] CMC::computeControls, t = 1.487
[2023-08-15 21:59:36.375] [info] CMC::computeControls, t = 1.488
[2023-08-15 21:59:36.391] [info] CMC::computeControls, t = 1.489
[2023-08-15 21:59:36.407] [info] CMC::computeControls, t = 1.49
[2023-08-15 21:59:36.422] [info] CMC::computeControls, t = 1.491
[2023-08-15 21:59:36.438] [info] CMC::computeControls, t = 1.492
[2023-08-15 21:59:36.456] [info] CMC::computeControls, t = 1.493
[2023-08-15 21:59:36.472] [info] CMC::computeControls, t = 1.494
[2023-08-15 21:59:36.488] [info] CMC::computeControls, t = 1.495
[2023-08-15 21:59:36.507] [info] CMC::computeControls, t = 1.496
[2023-08-15 21:59:36.524] [info] CMC::computeControls, t = 1.497
[2023-08-15 21:59:36.539] [info] CMC::computeControls, t = 1.498
[2023-08-15 21:59:36.556] [info] CMC::computeControls, t = 1.499
[2023-08-15 21:59:36.572] [info] CMC::computeControls, t = 1.5
[2023-08-15 21:59:36.588] [info] CMC::computeControls, t = 1.50100
[2023-08-15 21:59:36.604] [info] CMC::computeControls, t = 1.50200
[2023-08-15 21:59:36.620] [info] CMC::computeControls, t = 1.50300
[2023-08-15 21:59:36.635] [info] CMC::computeControls, t = 1.50400
[2023-08-15 21:59:36.651] [info] CMC::computeControls, t = 1.50500
[2023-08-15 21:59:36.667] [info] CMC::computeControls, t = 1.50600
[2023-08-15 21:59:36.689] [info] CMC::computeControls, t = 1.50700
[2023-08-15 21:59:36.705] [info] CMC::computeControls, t = 1.50800
[2023-08-15 21:59:36.724] [info] CMC::computeControls, t = 1.50900
[2023-08-15 21:59:36.740] [info] CMC::computeControls, t = 1.51
[2023-08-15 21:59:36.756] [info] CMC::computeControls, t = 1.511
[2023-08-15 21:59:36.772] [info] CMC::computeControls, t = 1.512
[2023-08-15 21:59:36.787] [info] CMC::computeControls, t = 1.513
[2023-08-15 21:59:36.803] [info] CMC::computeControls, t = 1.514
[2023-08-15 21:59:36.819] [info] CMC::computeControls, t = 1.515
[2023-08-15 21:59:36.835] [info] CMC::computeControls, t = 1.516
[2023-08-15 21:59:36.852] [info] CMC::computeControls, t = 1.517
[2023-08-15 21:59:36.868] [info] CMC::computeControls, t = 1.518
[2023-08-15 21:59:36.884] [info] CMC::computeControls, t = 1.519
[2023-08-15 21:59:36.900] [info] CMC::computeControls, t = 1.52
[2023-08-15 21:59:36.916] [info] CMC::computeControls, t = 1.521
[2023-08-15 21:59:36.933] [info] CMC::computeControls, t = 1.522
[2023-08-15 21:59:36.949] [info] CMC::computeControls, t = 1.523
[2023-08-15 21:59:36.965] [info] CMC::computeControls, t = 1.524
[2023-08-15 21:59:36.981] [info] CMC::computeControls, t = 1.525
[2023-08-15 21:59:36.998] [info] CMC::computeControls, t = 1.526
[2023-08-15 21:59:37.015] [info] CMC::computeControls, t = 1.527
[2023-08-15 21:59:37.031] [info] CMC::computeControls, t = 1.528
[2023-08-15 21:59:37.048] [info] CMC::computeControls, t = 1.529
[2023-08-15 21:59:37.064] [info] CMC::computeControls, t = 1.53
[2023-08-15 21:59:37.080] [info] CMC::computeControls, t = 1.531
[2023-08-15 21:59:37.096] [info] CMC::computeControls, t = 1.532
[2023-08-15 21:59:37.112] [info] CMC::computeControls, t = 1.533
[2023-08-15 21:59:37.129] [info] CMC::computeControls, t = 1.534
[2023-08-15 21:59:37.145] [info] CMC::computeControls, t = 1.535
[2023-08-15 21:59:37.161] [info] CMC::computeControls, t = 1.536
[2023-08-15 21:59:37.178] [info] CMC::computeControls, t = 1.537
[2023-08-15 21:59:37.194] [info] CMC::computeControls, t = 1.538
[2023-08-15 21:59:37.210] [info] CMC::computeControls, t = 1.539
[2023-08-15 21:59:37.227] [info] CMC::computeControls, t = 1.54
[2023-08-15 21:59:37.243] [info] CMC::computeControls, t = 1.541
[2023-08-15 21:59:37.259] [info] CMC::computeControls, t = 1.542
[2023-08-15 21:59:37.275] [info] CMC::computeControls, t = 1.543
[2023-08-15 21:59:37.291] [info] CMC::computeControls, t = 1.544
[2023-08-15 21:59:37.309] [info] CMC::computeControls, t = 1.545
[2023-08-15 21:59:37.325] [info] CMC::computeControls, t = 1.546
[2023-08-15 21:59:37.341] [info] CMC::computeControls, t = 1.547
[2023-08-15 21:59:37.358] [info] CMC::computeControls, t = 1.548
[2023-08-15 21:59:37.374] [info] CMC::computeControls, t = 1.549
[2023-08-15 21:59:37.391] [info] CMC::computeControls, t = 1.55
[2023-08-15 21:59:37.407] [info] CMC::computeControls, t = 1.551
[2023-08-15 21:59:37.424] [info] CMC::computeControls, t = 1.552
[2023-08-15 21:59:37.440] [info] CMC::computeControls, t = 1.553
[2023-08-15 21:59:37.456] [info] CMC::computeControls, t = 1.554
[2023-08-15 21:59:37.472] [info] CMC::computeControls, t = 1.555
[2023-08-15 21:59:37.488] [info] CMC::computeControls, t = 1.556
[2023-08-15 21:59:37.505] [info] CMC::computeControls, t = 1.557
[2023-08-15 21:59:37.521] [info] CMC::computeControls, t = 1.558
[2023-08-15 21:59:37.537] [info] CMC::computeControls, t = 1.559
[2023-08-15 21:59:37.553] [info] CMC::computeControls, t = 1.56
[2023-08-15 21:59:37.570] [info] CMC::computeControls, t = 1.561
[2023-08-15 21:59:37.586] [info] CMC::computeControls, t = 1.562
[2023-08-15 21:59:37.602] [info] CMC::computeControls, t = 1.563
[2023-08-15 21:59:37.618] [info] CMC::computeControls, t = 1.564
[2023-08-15 21:59:37.635] [info] CMC::computeControls, t = 1.565
[2023-08-15 21:59:37.651] [info] CMC::computeControls, t = 1.566
[2023-08-15 21:59:37.667] [info] CMC::computeControls, t = 1.567
[2023-08-15 21:59:37.683] [info] CMC::computeControls, t = 1.568
[2023-08-15 21:59:37.699] [info] CMC::computeControls, t = 1.569
[2023-08-15 21:59:37.718] [info] CMC::computeControls, t = 1.57
[2023-08-15 21:59:37.734] [info] CMC::computeControls, t = 1.571
[2023-08-15 21:59:37.750] [info] CMC::computeControls, t = 1.572
[2023-08-15 21:59:37.766] [info] CMC::computeControls, t = 1.573
[2023-08-15 21:59:37.782] [info] CMC::computeControls, t = 1.574
[2023-08-15 21:59:37.798] [info] CMC::computeControls, t = 1.575
[2023-08-15 21:59:37.815] [info] CMC::computeControls, t = 1.576
[2023-08-15 21:59:37.832] [info] CMC::computeControls, t = 1.577
[2023-08-15 21:59:37.848] [info] CMC::computeControls, t = 1.578
[2023-08-15 21:59:37.866] [info] CMC::computeControls, t = 1.579
[2023-08-15 21:59:37.882] [info] CMC::computeControls, t = 1.58
[2023-08-15 21:59:37.899] [info] CMC::computeControls, t = 1.581
[2023-08-15 21:59:37.915] [info] CMC::computeControls, t = 1.582
[2023-08-15 21:59:37.931] [info] CMC::computeControls, t = 1.583
[2023-08-15 21:59:37.947] [info] CMC::computeControls, t = 1.584
[2023-08-15 21:59:37.968] [info] CMC::computeControls, t = 1.585
[2023-08-15 21:59:37.984] [info] CMC::computeControls, t = 1.586
[2023-08-15 21:59:38.001] [info] CMC::computeControls, t = 1.587
[2023-08-15 21:59:38.018] [info] CMC::computeControls, t = 1.588
[2023-08-15 21:59:38.035] [info] CMC::computeControls, t = 1.589
[2023-08-15 21:59:38.052] [info] CMC::computeControls, t = 1.59
[2023-08-15 21:59:38.069] [info] CMC::computeControls, t = 1.591
[2023-08-15 21:59:38.086] [info] CMC::computeControls, t = 1.592
[2023-08-15 21:59:38.103] [info] CMC::computeControls, t = 1.593
[2023-08-15 21:59:38.120] [info] CMC::computeControls, t = 1.594
[2023-08-15 21:59:38.138] [info] CMC::computeControls, t = 1.595
[2023-08-15 21:59:38.155] [info] CMC::computeControls, t = 1.596
[2023-08-15 21:59:38.171] [info] CMC::computeControls, t = 1.597
[2023-08-15 21:59:38.188] [info] CMC::computeControls, t = 1.598
[2023-08-15 21:59:38.204] [info] CMC::computeControls, t = 1.599
[2023-08-15 21:59:38.221] [info] CMC::computeControls, t = 1.6
[2023-08-15 21:59:38.237] [info] CMC::computeControls, t = 1.60100
[2023-08-15 21:59:38.253] [info] CMC::computeControls, t = 1.60200
[2023-08-15 21:59:38.270] [info] CMC::computeControls, t = 1.60300
[2023-08-15 21:59:38.287] [info] CMC::computeControls, t = 1.60400
[2023-08-15 21:59:38.304] [info] CMC::computeControls, t = 1.60500
[2023-08-15 21:59:38.325] [info] CMC::computeControls, t = 1.60600
[2023-08-15 21:59:38.342] [info] CMC::computeControls, t = 1.60700
[2023-08-15 21:59:38.358] [info] CMC::computeControls, t = 1.60800
[2023-08-15 21:59:38.378] [info] CMC::computeControls, t = 1.60900
[2023-08-15 21:59:38.394] [info] CMC::computeControls, t = 1.61
[2023-08-15 21:59:38.411] [info] CMC::computeControls, t = 1.611
[2023-08-15 21:59:38.428] [info] CMC::computeControls, t = 1.612
[2023-08-15 21:59:38.446] [info] CMC::computeControls, t = 1.613
[2023-08-15 21:59:38.462] [info] CMC::computeControls, t = 1.614
[2023-08-15 21:59:38.479] [info] CMC::computeControls, t = 1.615
[2023-08-15 21:59:38.495] [info] CMC::computeControls, t = 1.616
[2023-08-15 21:59:38.512] [info] CMC::computeControls, t = 1.617
[2023-08-15 21:59:38.528] [info] CMC::computeControls, t = 1.618
[2023-08-15 21:59:38.545] [info] CMC::computeControls, t = 1.619
[2023-08-15 21:59:38.562] [info] CMC::computeControls, t = 1.62
[2023-08-15 21:59:38.582] [info] CMC::computeControls, t = 1.621
[2023-08-15 21:59:38.599] [info] CMC::computeControls, t = 1.622
[2023-08-15 21:59:38.616] [info] CMC::computeControls, t = 1.623
[2023-08-15 21:59:38.634] [info] CMC::computeControls, t = 1.624
[2023-08-15 21:59:38.651] [info] CMC::computeControls, t = 1.625
[2023-08-15 21:59:38.667] [info] CMC::computeControls, t = 1.626
[2023-08-15 21:59:38.684] [info] CMC::computeControls, t = 1.627
[2023-08-15 21:59:38.704] [info] CMC::computeControls, t = 1.628
[2023-08-15 21:59:38.720] [info] CMC::computeControls, t = 1.629
[2023-08-15 21:59:38.737] [info] CMC::computeControls, t = 1.63
[2023-08-15 21:59:38.753] [info] CMC::computeControls, t = 1.631
[2023-08-15 21:59:38.770] [info] CMC::computeControls, t = 1.632
[2023-08-15 21:59:38.786] [info] CMC::computeControls, t = 1.633
[2023-08-15 21:59:38.803] [info] CMC::computeControls, t = 1.634
[2023-08-15 21:59:38.820] [info] CMC::computeControls, t = 1.635
[2023-08-15 21:59:38.836] [info] CMC::computeControls, t = 1.636
[2023-08-15 21:59:38.853] [info] CMC::computeControls, t = 1.637
[2023-08-15 21:59:38.869] [info] CMC::computeControls, t = 1.638
[2023-08-15 21:59:38.886] [info] CMC::computeControls, t = 1.639
[2023-08-15 21:59:38.902] [info] CMC::computeControls, t = 1.64
[2023-08-15 21:59:38.919] [info] CMC::computeControls, t = 1.641
[2023-08-15 21:59:38.935] [info] CMC::computeControls, t = 1.642
[2023-08-15 21:59:38.952] [info] CMC::computeControls, t = 1.643
[2023-08-15 21:59:38.969] [info] CMC::computeControls, t = 1.644
[2023-08-15 21:59:38.985] [info] CMC::computeControls, t = 1.645
[2023-08-15 21:59:39.002] [info] CMC::computeControls, t = 1.646
[2023-08-15 21:59:39.019] [info] CMC::computeControls, t = 1.647
[2023-08-15 21:59:39.036] [info] CMC::computeControls, t = 1.648
[2023-08-15 21:59:39.054] [info] CMC::computeControls, t = 1.649
[2023-08-15 21:59:39.071] [info] CMC::computeControls, t = 1.65
[2023-08-15 21:59:39.089] [info] CMC::computeControls, t = 1.651
[2023-08-15 21:59:39.105] [info] CMC::computeControls, t = 1.652
[2023-08-15 21:59:39.122] [info] CMC::computeControls, t = 1.653
[2023-08-15 21:59:39.139] [info] CMC::computeControls, t = 1.654
[2023-08-15 21:59:39.155] [info] CMC::computeControls, t = 1.655
[2023-08-15 21:59:39.172] [info] CMC::computeControls, t = 1.656
[2023-08-15 21:59:39.189] [info] CMC::computeControls, t = 1.657
[2023-08-15 21:59:39.206] [info] CMC::computeControls, t = 1.658
[2023-08-15 21:59:39.223] [info] CMC::computeControls, t = 1.659
[2023-08-15 21:59:39.239] [info] CMC::computeControls, t = 1.66
[2023-08-15 21:59:39.258] [info] CMC::computeControls, t = 1.661
[2023-08-15 21:59:39.275] [info] CMC::computeControls, t = 1.662
[2023-08-15 21:59:39.292] [info] CMC::computeControls, t = 1.663
[2023-08-15 21:59:39.309] [info] CMC::computeControls, t = 1.664
[2023-08-15 21:59:39.325] [info] CMC::computeControls, t = 1.665
[2023-08-15 21:59:39.342] [info] CMC::computeControls, t = 1.666
[2023-08-15 21:59:39.359] [info] CMC::computeControls, t = 1.667
[2023-08-15 21:59:39.375] [info] CMC::computeControls, t = 1.668
[2023-08-15 21:59:39.392] [info] CMC::computeControls, t = 1.669
[2023-08-15 21:59:39.409] [info] CMC::computeControls, t = 1.67
[2023-08-15 21:59:39.426] [info] CMC::computeControls, t = 1.671
[2023-08-15 21:59:39.446] [info] CMC::computeControls, t = 1.672
[2023-08-15 21:59:39.465] [info] CMC::computeControls, t = 1.673
[2023-08-15 21:59:39.481] [info] CMC::computeControls, t = 1.674
[2023-08-15 21:59:39.498] [info] CMC::computeControls, t = 1.675
[2023-08-15 21:59:39.515] [info] CMC::computeControls, t = 1.676
[2023-08-15 21:59:39.538] [info] CMC::computeControls, t = 1.677
[2023-08-15 21:59:39.555] [info] CMC::computeControls, t = 1.678
[2023-08-15 21:59:39.572] [info] CMC::computeControls, t = 1.679
[2023-08-15 21:59:39.589] [info] CMC::computeControls, t = 1.68
[2023-08-15 21:59:39.606] [info] CMC::computeControls, t = 1.681
[2023-08-15 21:59:39.623] [info] CMC::computeControls, t = 1.682
[2023-08-15 21:59:39.640] [info] CMC::computeControls, t = 1.683
[2023-08-15 21:59:39.657] [info] CMC::computeControls, t = 1.684
[2023-08-15 21:59:39.674] [info] CMC::computeControls, t = 1.685
[2023-08-15 21:59:39.690] [info] CMC::computeControls, t = 1.686
[2023-08-15 21:59:39.707] [info] CMC::computeControls, t = 1.687
[2023-08-15 21:59:39.724] [info] CMC::computeControls, t = 1.688
[2023-08-15 21:59:39.740] [info] CMC::computeControls, t = 1.689
[2023-08-15 21:59:39.757] [info] CMC::computeControls, t = 1.69
[2023-08-15 21:59:39.773] [info] CMC::computeControls, t = 1.691
[2023-08-15 21:59:39.790] [info] CMC::computeControls, t = 1.692
[2023-08-15 21:59:39.806] [info] CMC::computeControls, t = 1.693
[2023-08-15 21:59:39.823] [info] CMC::computeControls, t = 1.694
[2023-08-15 21:59:39.839] [info] CMC::computeControls, t = 1.695
[2023-08-15 21:59:39.859] [info] CMC::computeControls, t = 1.696
[2023-08-15 21:59:39.876] [info] CMC::computeControls, t = 1.697
[2023-08-15 21:59:39.898] [info] CMC::computeControls, t = 1.698
[2023-08-15 21:59:39.916] [info] CMC::computeControls, t = 1.699
[2023-08-15 21:59:39.936] [info] CMC::computeControls, t = 1.7
[2023-08-15 21:59:39.955] [info] CMC::computeControls, t = 1.70100
[2023-08-15 21:59:39.974] [info] CMC::computeControls, t = 1.70200
[2023-08-15 21:59:39.992] [info] CMC::computeControls, t = 1.70300
[2023-08-15 21:59:40.010] [info] CMC::computeControls, t = 1.70400
[2023-08-15 21:59:40.027] [info] CMC::computeControls, t = 1.70500
[2023-08-15 21:59:40.044] [info] CMC::computeControls, t = 1.70600
[2023-08-15 21:59:40.060] [info] CMC::computeControls, t = 1.70700
[2023-08-15 21:59:40.077] [info] CMC::computeControls, t = 1.70800
[2023-08-15 21:59:40.094] [info] CMC::computeControls, t = 1.70900
[2023-08-15 21:59:40.111] [info] CMC::computeControls, t = 1.71
[2023-08-15 21:59:40.129] [info] CMC::computeControls, t = 1.711
[2023-08-15 21:59:40.146] [info] CMC::computeControls, t = 1.712
[2023-08-15 21:59:40.163] [info] CMC::computeControls, t = 1.713
[2023-08-15 21:59:40.180] [info] CMC::computeControls, t = 1.714
[2023-08-15 21:59:40.197] [info] CMC::computeControls, t = 1.715
[2023-08-15 21:59:40.214] [info] CMC::computeControls, t = 1.716
[2023-08-15 21:59:40.231] [info] CMC::computeControls, t = 1.717
[2023-08-15 21:59:40.248] [info] CMC::computeControls, t = 1.718
[2023-08-15 21:59:40.265] [info] CMC::computeControls, t = 1.719
[2023-08-15 21:59:40.285] [info] CMC::computeControls, t = 1.72
[2023-08-15 21:59:40.302] [info] CMC::computeControls, t = 1.721
[2023-08-15 21:59:40.319] [info] CMC::computeControls, t = 1.722
[2023-08-15 21:59:40.336] [info] CMC::computeControls, t = 1.723
[2023-08-15 21:59:40.353] [info] CMC::computeControls, t = 1.724
[2023-08-15 21:59:40.369] [info] CMC::computeControls, t = 1.725
[2023-08-15 21:59:40.386] [info] CMC::computeControls, t = 1.726
[2023-08-15 21:59:40.404] [info] CMC::computeControls, t = 1.727
[2023-08-15 21:59:40.421] [info] CMC::computeControls, t = 1.728
[2023-08-15 21:59:40.438] [info] CMC::computeControls, t = 1.729
[2023-08-15 21:59:40.455] [info] CMC::computeControls, t = 1.73
[2023-08-15 21:59:40.472] [info] CMC::computeControls, t = 1.731
[2023-08-15 21:59:40.489] [info] CMC::computeControls, t = 1.732
[2023-08-15 21:59:40.506] [info] CMC::computeControls, t = 1.733
[2023-08-15 21:59:40.523] [info] CMC::computeControls, t = 1.734
[2023-08-15 21:59:40.540] [info] CMC::computeControls, t = 1.735
[2023-08-15 21:59:40.557] [info] CMC::computeControls, t = 1.736
[2023-08-15 21:59:40.574] [info] CMC::computeControls, t = 1.737
[2023-08-15 21:59:40.600] [info] CMC::computeControls, t = 1.738
[2023-08-15 21:59:40.617] [info] CMC::computeControls, t = 1.739
[2023-08-15 21:59:40.634] [info] CMC::computeControls, t = 1.74
[2023-08-15 21:59:40.652] [info] CMC::computeControls, t = 1.741
[2023-08-15 21:59:40.669] [info] CMC::computeControls, t = 1.742
[2023-08-15 21:59:40.686] [info] CMC::computeControls, t = 1.743
[2023-08-15 21:59:40.703] [info] CMC::computeControls, t = 1.744
[2023-08-15 21:59:40.720] [info] CMC::computeControls, t = 1.745
[2023-08-15 21:59:40.738] [info] CMC::computeControls, t = 1.746
[2023-08-15 21:59:40.755] [info] CMC::computeControls, t = 1.747
[2023-08-15 21:59:40.772] [info] CMC::computeControls, t = 1.748
[2023-08-15 21:59:40.789] [info] CMC::computeControls, t = 1.749
[2023-08-15 21:59:40.807] [info] CMC::computeControls, t = 1.75
[2023-08-15 21:59:40.825] [info] CMC::computeControls, t = 1.751
[2023-08-15 21:59:40.843] [info] CMC::computeControls, t = 1.752
[2023-08-15 21:59:40.860] [info] CMC::computeControls, t = 1.753
[2023-08-15 21:59:40.877] [info] CMC::computeControls, t = 1.754
[2023-08-15 21:59:40.894] [info] CMC::computeControls, t = 1.755
[2023-08-15 21:59:40.912] [info] CMC::computeControls, t = 1.756
[2023-08-15 21:59:40.929] [info] CMC::computeControls, t = 1.757
[2023-08-15 21:59:40.947] [info] CMC::computeControls, t = 1.758
[2023-08-15 21:59:40.965] [info] CMC::computeControls, t = 1.759
[2023-08-15 21:59:40.982] [info] CMC::computeControls, t = 1.76
[2023-08-15 21:59:40.999] [info] CMC::computeControls, t = 1.761
[2023-08-15 21:59:41.017] [info] CMC::computeControls, t = 1.762
[2023-08-15 21:59:41.034] [info] CMC::computeControls, t = 1.763
[2023-08-15 21:59:41.052] [info] CMC::computeControls, t = 1.764
[2023-08-15 21:59:41.069] [info] CMC::computeControls, t = 1.765
[2023-08-15 21:59:41.086] [info] CMC::computeControls, t = 1.766
[2023-08-15 21:59:41.104] [info] CMC::computeControls, t = 1.767
[2023-08-15 21:59:41.122] [info] CMC::computeControls, t = 1.768
[2023-08-15 21:59:41.139] [info] CMC::computeControls, t = 1.769
[2023-08-15 21:59:41.157] [info] CMC::computeControls, t = 1.77
[2023-08-15 21:59:41.174] [info] CMC::computeControls, t = 1.771
[2023-08-15 21:59:41.192] [info] CMC::computeControls, t = 1.772
[2023-08-15 21:59:41.209] [info] CMC::computeControls, t = 1.773
[2023-08-15 21:59:41.227] [info] CMC::computeControls, t = 1.774
[2023-08-15 21:59:41.245] [info] -------------------------------------------
[2023-08-15 21:59:41.245] [info] Finished tracking the specified kinematics:
[2023-08-15 21:59:41.245] [info] -------------------------------------------
[2023-08-15 21:59:41.245] [info]  -- Start time = Tue Aug 15 21:59:30 2023
[2023-08-15 21:59:41.245] [info]  -- Finish time = Tue Aug 15 21:59:41 2023
[2023-08-15 21:59:41.245] [info]  -- Elapsed time = 11.0 seconds.
[2023-08-15 21:59:41.245] [info] -------------------------------------------
[2023-08-15 21:59:41.245] [info] 
[2023-08-15 21:59:41.245] [info] Printing results of investigation subject01_run5_cycle2_iter3 to cycle2/
[2023-08-15 21:59:41.611] [info] 

************************************************************
*      Summary of Mass Adjustments to Reduce Residuals     *
************************************************************
* Body adjusted: torso
* Mass Center (COM) adjustment: dx =-0.0135358, dz =0.00699645
* New COM location: ~[-0.00510416,0.32879,-0.0331282]
************************************************************
* Recommended mass adjustments:                             
*  Total mass change: 0.281672
*  pelvis: orig mass = 11.3917, new mass = 11.4358
*  femur_r: orig mass = 8.99709, new mass = 9.03195
*  tibia_r: orig mass = 3.5862, new mass = 3.60009
*  talus_r: orig mass = 0.0967284, new mass = 0.0971031
*  calcn_r: orig mass = 1.2091, new mass = 1.21378
*  toes_r: orig mass = 0.209513, new mass = 0.210325
*  femur_l: orig mass = 8.99709, new mass = 9.03195
*  tibia_l: orig mass = 3.5862, new mass = 3.60009
*  talus_l: orig mass = 0.0967284, new mass = 0.0971031
*  calcn_l: orig mass = 1.2091, new mass = 1.21378
*  toes_l: orig mass = 0.209513, new mass = 0.210325
*  torso: orig mass = 25.9489, new mass = 26.0494
*  humerus_r: orig mass = 1.966, new mass = 1.97362
*  ulna_r: orig mass = 0.587625, new mass = 0.589902
*  radius_r: orig mass = 0.587625, new mass = 0.589902
*  hand_r: orig mass = 0.442532, new mass = 0.444246
*  humerus_l: orig mass = 1.966, new mass = 1.97362
*  ulna_l: orig mass = 0.587625, new mass = 0.589902
*  radius_l: orig mass = 0.587625, new mass = 0.589902
*  hand_l: orig mass = 0.442532, new mass = 0.444246
************************************************************
* Note: Edit the model to make recommended adjustments to  *
*       mass properties.                                   *
************************************************************

* Average residuals before adjusting torso COM:
*  FX=0.171755 FY=-2.76226 FZ=0.177909
*  MX=-1.7804 MY=-0.77636 MZ=-3.44447
************************************************************
* Average residuals after adjusting torso COM:
*  FX=0.142204 FY=-2.90375 FZ=0.0589093
*  MX=-0.336369 MY=-0.669695 MZ=-0.203986
************************************************************


[2023-08-15 21:59:41.611] [info] 
************************************************************
*                   Final Average Residuals                *
************************************************************
* After torso COM and Kinematics adjustments:
*  FX=0.838841 FY=-1.60724 FZ=-0.197715
*  MX=-0.536016 MY=-0.75617 MZ=1.16091
************************************************************


