[2023-08-15 22:21:55.137] [info] Storage: read data file = ..\rra1\cycle2\subject10_run5_cycle2_iter1_Kinematics_q.sto (nr=790 nc=38)
[2023-08-15 22:21:55.174] [info] Storage: read data file = ..\rra1\cycle2\subject10_run5_cycle2_iter1_Kinematics_q.sto (nr=790 nc=38)
[2023-08-15 22:21:55.227] [info] AbstractTool subject10_run5_cycle2_iter2 loading model ..\rra1\cycle2\subject10_run5_cycle2_rraAdjusted_iter1.osim
[2023-08-15 22:21:55.274] [info] Loaded model subject10_scaled from file ..\rra1\cycle2\subject10_run5_cycle2_rraAdjusted_iter1.osim
[2023-08-15 22:21:55.306] [info] Adding force object set from ..\subject10_run5_RRA_Actuators.xml
[2023-08-15 22:21:55.311] [info] Running tool subject10_run5_cycle2_iter2.
[2023-08-15 22:21:55.328] [warning] ExternalLoads 'externalloads' has subcomponents with duplicate name 'externalforce'. The duplicate is being renamed to 'externalforce_0'.
[2023-08-15 22:21:55.346] [info] 	taskSet size = 29.
[2023-08-15 22:21:55.404] [info] ExternalForce::externalforce Data source being set to Run_500 02_newCOP3_v24.mot
[2023-08-15 22:21:55.404] [info] ExternalForce::externalforce_0 Data source being set to Run_500 02_newCOP3_v24.mot
[2023-08-15 22:21:55.408] [warning] A desired points file was not specified.
[2023-08-15 22:21:55.408] [info] Loading desired kinematics from file '..\rra1\cycle2\subject10_run5_cycle2_iter1_Kinematics_q.sto'...
[2023-08-15 22:21:55.408] [info] Storage: read data file = ..\rra1\cycle2\subject10_run5_cycle2_iter1_Kinematics_q.sto (nr=790 nc=38)
[2023-08-15 22:21:55.444] [info] Not filtering the desired kinematics.
[2023-08-15 22:21:55.446] [cout] [info] MODEL: subject10_scaled

numStates = 74
numCoordinates = 37
numSpeeds = 37
numActuators = 29
numBodies = 20
numConstraints = 0
numProbes = 0

ANALYSES (total: 0)

BODIES (total: 20)
body[0] = pelvis. mass: 11.2691
              moments of inertia:  ~[0.101832,0.101832,0.0498138]
              products of inertia: ~[0,0,0]
body[1] = femur_r. mass: 8.90024
              moments of inertia:  ~[0.140761,0.0368985,0.148435]
              products of inertia: ~[0,0,0]
body[2] = tibia_r. mass: 3.5476
              moments of inertia:  ~[0.0470348,0.00475947,0.0476881]
              products of inertia: ~[0,0,0]
body[3] = talus_r. mass: 0.0956871
              moments of inertia:  ~[0.00101587,0.00101587,0.00101587]
              products of inertia: ~[0,0,0]
body[4] = calcn_r. mass: 1.19609
              moments of inertia:  ~[0.00142222,0.00396189,0.00416507]
              products of inertia: ~[0,0,0]
body[5] = toes_r. mass: 0.207258
              moments of inertia:  ~[0.000101587,0.000203174,0.00101587]
              products of inertia: ~[0,0,0]
body[6] = femur_l. mass: 8.90024
              moments of inertia:  ~[0.140761,0.0368985,0.148435]
              products of inertia: ~[0,0,0]
body[7] = tibia_l. mass: 3.5476
              moments of inertia:  ~[0.0467568,0.00420338,0.0467568]
              products of inertia: ~[0,0,0]
body[8] = talus_l. mass: 0.0956871
              moments of inertia:  ~[0.00101587,0.00101587,0.00101587]
              products of inertia: ~[0,0,0]
body[9] = calcn_l. mass: 1.19609
              moments of inertia:  ~[0.00142222,0.00396189,0.00416507]
              products of inertia: ~[0,0,0]
body[10] = toes_l. mass: 0.207258
              moments of inertia:  ~[0.000101587,0.000203174,0.00101587]
              products of inertia: ~[0,0,0]
body[11] = torso. mass: 25.6696
              moments of inertia:  ~[1.34946,0.69143,1.31001]
              products of inertia: ~[0,0,0]
body[12] = humerus_r. mass: 1.94484
              moments of inertia:  ~[0.0115586,0.00398736,0.0129742]
              products of inertia: ~[0,0,0]
body[13] = ulna_r. mass: 0.581299
              moments of inertia:  ~[0.00256957,0.000536122,0.00278732]
              products of inertia: ~[0,0,0]
body[14] = radius_r. mass: 0.581299
              moments of inertia:  ~[0.00256957,0.000536122,0.00278732]
              products of inertia: ~[0,0,0]
body[15] = hand_r. mass: 0.437768
              moments of inertia:  ~[0.000773821,0.000474529,0.00116247]
              products of inertia: ~[0,0,0]
body[16] = humerus_l. mass: 1.94484
              moments of inertia:  ~[0.0115586,0.00398736,0.0129742]
              products of inertia: ~[0,0,0]
body[17] = ulna_l. mass: 0.581299
              moments of inertia:  ~[0.00256957,0.000536122,0.00278732]
              products of inertia: ~[0,0,0]
body[18] = radius_l. mass: 0.581299
              moments of inertia:  ~[0.00256957,0.000536122,0.00278732]
              products of inertia: ~[0,0,0]
body[19] = hand_l. mass: 0.437768
              moments of inertia:  ~[0.000773821,0.000474529,0.00116247]
              products of inertia: ~[0,0,0]

JOINTS (total: 20)
joint[0] = ground_pelvis. parent: ground_offset, child: pelvis_offset
joint[1] = hip_r. parent: pelvis_offset, child: femur_r_offset
joint[2] = knee_r. parent: femur_r_offset, child: tibia_r_offset
joint[3] = ankle_r. parent: tibia_r_offset, child: talus_r_offset
joint[4] = subtalar_r. parent: talus_r_offset, child: calcn_r_offset
joint[5] = mtp_r. parent: calcn_r_offset, child: toes_r_offset
joint[6] = hip_l. parent: pelvis_offset, child: femur_l_offset
joint[7] = knee_l. parent: femur_l_offset, child: tibia_l_offset
joint[8] = ankle_l. parent: tibia_l_offset, child: talus_l_offset
joint[9] = subtalar_l. parent: talus_l_offset, child: calcn_l_offset
joint[10] = mtp_l. parent: calcn_l_offset, child: toes_l_offset
joint[11] = back. parent: pelvis_offset, child: torso_offset
joint[12] = acromial_r. parent: torso_offset, child: humerus_r_offset
joint[13] = elbow_r. parent: humerus_r_offset, child: ulna_r_offset
joint[14] = radioulnar_r. parent: ulna_r_offset, child: radius_r_offset
joint[15] = radius_hand_r. parent: radius_r_offset, child: hand_r_offset
joint[16] = acromial_l. parent: torso_offset, child: humerus_l_offset
joint[17] = elbow_l. parent: humerus_l_offset, child: ulna_l_offset
joint[18] = radioulnar_l. parent: ulna_l_offset, child: radius_l_offset
joint[19] = radius_hand_l. parent: radius_l_offset, child: hand_l_offset

ACTUATORS (total: 29)
actuator[0] = FX
actuator[1] = FY
actuator[2] = FZ
actuator[3] = MZ
actuator[4] = MX
actuator[5] = MY
actuator[6] = hip_flexion_r
actuator[7] = hip_adduction_r
actuator[8] = hip_rotation_r
actuator[9] = knee_angle_r
actuator[10] = ankle_angle_r
actuator[11] = hip_flexion_l
actuator[12] = hip_adduction_l
actuator[13] = hip_rotation_l
actuator[14] = knee_angle_l
actuator[15] = ankle_angle_l
actuator[16] = lumbar_extension
actuator[17] = lumbar_bending
actuator[18] = lumbar_rotation
actuator[19] = arm_flex_r
actuator[20] = arm_add_r
actuator[21] = arm_rot_r
actuator[22] = elbow_flex_r
actuator[23] = pro_sup_r
actuator[24] = arm_flex_l
actuator[25] = arm_add_l
actuator[26] = arm_rot_l
actuator[27] = elbow_flex_l
actuator[28] = pro_sup_l

STATES (total: 74)
y[0] = /jointset/ground_pelvis/pelvis_tilt/value
y[1] = /jointset/ground_pelvis/pelvis_tilt/speed
y[2] = /jointset/ground_pelvis/pelvis_list/value
y[3] = /jointset/ground_pelvis/pelvis_list/speed
y[4] = /jointset/ground_pelvis/pelvis_rotation/value
y[5] = /jointset/ground_pelvis/pelvis_rotation/speed
y[6] = /jointset/ground_pelvis/pelvis_tx/value
y[7] = /jointset/ground_pelvis/pelvis_tx/speed
y[8] = /jointset/ground_pelvis/pelvis_ty/value
y[9] = /jointset/ground_pelvis/pelvis_ty/speed
y[10] = /jointset/ground_pelvis/pelvis_tz/value
y[11] = /jointset/ground_pelvis/pelvis_tz/speed
y[12] = /jointset/hip_r/hip_flexion_r/value
y[13] = /jointset/hip_r/hip_flexion_r/speed
y[14] = /jointset/hip_r/hip_adduction_r/value
y[15] = /jointset/hip_r/hip_adduction_r/speed
y[16] = /jointset/hip_r/hip_rotation_r/value
y[17] = /jointset/hip_r/hip_rotation_r/speed
y[18] = /jointset/knee_r/knee_angle_r/value
y[19] = /jointset/knee_r/knee_angle_r/speed
y[20] = /jointset/ankle_r/ankle_angle_r/value
y[21] = /jointset/ankle_r/ankle_angle_r/speed
y[22] = /jointset/subtalar_r/subtalar_angle_r/value
y[23] = /jointset/subtalar_r/subtalar_angle_r/speed
y[24] = /jointset/mtp_r/mtp_angle_r/value
y[25] = /jointset/mtp_r/mtp_angle_r/speed
y[26] = /jointset/hip_l/hip_flexion_l/value
y[27] = /jointset/hip_l/hip_flexion_l/speed
y[28] = /jointset/hip_l/hip_adduction_l/value
y[29] = /jointset/hip_l/hip_adduction_l/speed
y[30] = /jointset/hip_l/hip_rotation_l/value
y[31] = /jointset/hip_l/hip_rotation_l/speed
y[32] = /jointset/knee_l/knee_angle_l/value
y[33] = /jointset/knee_l/knee_angle_l/speed
y[34] = /jointset/ankle_l/ankle_angle_l/value
y[35] = /jointset/ankle_l/ankle_angle_l/speed
y[36] = /jointset/subtalar_l/subtalar_angle_l/value
y[37] = /jointset/subtalar_l/subtalar_angle_l/speed
y[38] = /jointset/mtp_l/mtp_angle_l/value
y[39] = /jointset/mtp_l/mtp_angle_l/speed
y[40] = /jointset/back/lumbar_extension/value
y[41] = /jointset/back/lumbar_extension/speed
y[42] = /jointset/back/lumbar_bending/value
y[43] = /jointset/back/lumbar_bending/speed
y[44] = /jointset/back/lumbar_rotation/value
y[45] = /jointset/back/lumbar_rotation/speed
y[46] = /jointset/acromial_r/arm_flex_r/value
y[47] = /jointset/acromial_r/arm_flex_r/speed
y[48] = /jointset/acromial_r/arm_add_r/value
y[49] = /jointset/acromial_r/arm_add_r/speed
y[50] = /jointset/acromial_r/arm_rot_r/value
y[51] = /jointset/acromial_r/arm_rot_r/speed
y[52] = /jointset/elbow_r/elbow_flex_r/value
y[53] = /jointset/elbow_r/elbow_flex_r/speed
y[54] = /jointset/radioulnar_r/pro_sup_r/value
y[55] = /jointset/radioulnar_r/pro_sup_r/speed
y[56] = /jointset/radius_hand_r/wrist_flex_r/value
y[57] = /jointset/radius_hand_r/wrist_flex_r/speed
y[58] = /jointset/radius_hand_r/wrist_dev_r/value
y[59] = /jointset/radius_hand_r/wrist_dev_r/speed
y[60] = /jointset/acromial_l/arm_flex_l/value
y[61] = /jointset/acromial_l/arm_flex_l/speed
y[62] = /jointset/acromial_l/arm_add_l/value
y[63] = /jointset/acromial_l/arm_add_l/speed
y[64] = /jointset/acromial_l/arm_rot_l/value
y[65] = /jointset/acromial_l/arm_rot_l/speed
y[66] = /jointset/elbow_l/elbow_flex_l/value
y[67] = /jointset/elbow_l/elbow_flex_l/speed
y[68] = /jointset/radioulnar_l/pro_sup_l/value
y[69] = /jointset/radioulnar_l/pro_sup_l/speed
y[70] = /jointset/radius_hand_l/wrist_flex_l/value
y[71] = /jointset/radius_hand_l/wrist_flex_l/speed
y[72] = /jointset/radius_hand_l/wrist_dev_l/value
y[73] = /jointset/radius_hand_l/wrist_dev_l/speed

[2023-08-15 22:21:55.673] [warning] Coordinate.setValue:  coordinate subtalar_angle_r is locked. Unable to change its value.
[2023-08-15 22:21:55.673] [warning] Coordinate.setValue:  coordinate mtp_angle_r is locked. Unable to change its value.
[2023-08-15 22:21:55.673] [warning] Coordinate.setValue:  coordinate subtalar_angle_l is locked. Unable to change its value.
[2023-08-15 22:21:55.673] [warning] Coordinate.setValue:  coordinate mtp_angle_l is locked. Unable to change its value.
[2023-08-15 22:21:55.673] [warning] Coordinate.setValue:  coordinate wrist_flex_r is locked. Unable to change its value.
[2023-08-15 22:21:55.673] [warning] Coordinate.setValue:  coordinate wrist_dev_r is locked. Unable to change its value.
[2023-08-15 22:21:55.673] [warning] Coordinate.setValue:  coordinate wrist_flex_l is locked. Unable to change its value.
[2023-08-15 22:21:55.673] [warning] Coordinate.setValue:  coordinate wrist_dev_l is locked. Unable to change its value.
[2023-08-15 22:21:55.746] [info] Requested COM adjustment time range 2.64 to 3.23, clamped to nearest available data times: 2.64 to 3.23.
[2023-08-15 22:21:55.746] [info] Computing average residuals between 2.64 and 3.23...
[2023-08-15 22:21:55.810] [info] ExternalForce::externalforce Data source being set to Run_500 02_newCOP3_v24.mot
[2023-08-15 22:21:55.810] [info] ExternalForce::externalforce_0 Data source being set to Run_500 02_newCOP3_v24.mot
[2023-08-15 22:21:55.891] [info] ExternalForce::externalforce Data source being set to Run_500 02_newCOP3_v24.mot
[2023-08-15 22:21:55.892] [info] ExternalForce::externalforce_0 Data source being set to Run_500 02_newCOP3_v24.mot
[2023-08-15 22:22:00.048] [info] ExternalForce::externalforce Data source being set to Run_500 02_newCOP3_v24.mot
[2023-08-15 22:22:00.048] [info] ExternalForce::externalforce_0 Data source being set to Run_500 02_newCOP3_v24.mot
[2023-08-15 22:22:00.052] [info] Computing average residuals between 2.64 and 3.23...
[2023-08-15 22:22:00.139] [info] ExternalForce::externalforce Data source being set to Run_500 02_newCOP3_v24.mot
[2023-08-15 22:22:00.139] [info] ExternalForce::externalforce_0 Data source being set to Run_500 02_newCOP3_v24.mot
[2023-08-15 22:22:00.213] [info] ExternalForce::externalforce Data source being set to Run_500 02_newCOP3_v24.mot
[2023-08-15 22:22:00.213] [info] ExternalForce::externalforce_0 Data source being set to Run_500 02_newCOP3_v24.mot
[2023-08-15 22:22:04.509] [info] Constructing function set for tracking desired kinematics...
[2023-08-15 22:22:05.100] [warning] No Actuation analysis found in analysis set, adding one...
[2023-08-15 22:22:05.101] [warning] No Kinematics analysis found in analysis set, adding one...
[2023-08-15 22:22:05.105] [info] Using the generalized coordinates specified in '..\rra1\cycle2\subject10_run5_cycle2_iter1_Kinematics_q.sto' to set the initial configuration.
[2023-08-15 22:22:05.226] [info] Using IPOPT optimizer algorithm.
[2023-08-15 22:22:05.226] [info] Setting optimizer print level to 0.
[2023-08-15 22:22:05.226] [info] Setting optimizer convergence tolerance to 1.0e-05.
[2023-08-15 22:22:05.226] [info] Setting optimizer maximum iterations to 2000.
[2023-08-15 22:22:05.226] [info] Setting cmc controller to not use verbose printing.

[2023-08-15 22:22:05.226] [info] CMC::computeControls, t = 2.64
[2023-08-15 22:22:06.044] [info] --------------------------------------------
[2023-08-15 22:22:06.044] [info] Using CMC to track the specified kinematics:
[2023-08-15 22:22:06.044] [info] --------------------------------------------
[2023-08-15 22:22:06.044] [info]  -- Integrating from 2.64 to 3.23
[2023-08-15 22:22:06.044] [info]  -- Start time = Tue Aug 15 22:22:06 2023
[2023-08-15 22:22:06.044] [info] --------------------------------------------
[2023-08-15 22:22:06.044] [info] 
[2023-08-15 22:22:06.048] [info] CMC::computeControls, t = 2.64
[2023-08-15 22:22:06.078] [info] CMC::computeControls, t = 2.641
[2023-08-15 22:22:06.079] [warning] Coordinate.setValue:  coordinate subtalar_angle_r is locked. Unable to change its value.
[2023-08-15 22:22:06.079] [warning] Coordinate.setValue:  coordinate mtp_angle_r is locked. Unable to change its value.
[2023-08-15 22:22:06.079] [warning] Coordinate.setValue:  coordinate subtalar_angle_l is locked. Unable to change its value.
[2023-08-15 22:22:06.079] [warning] Coordinate.setValue:  coordinate mtp_angle_l is locked. Unable to change its value.
[2023-08-15 22:22:06.079] [warning] Coordinate.setValue:  coordinate wrist_flex_r is locked. Unable to change its value.
[2023-08-15 22:22:06.079] [warning] Coordinate.setValue:  coordinate wrist_dev_r is locked. Unable to change its value.
[2023-08-15 22:22:06.079] [warning] Coordinate.setValue:  coordinate wrist_flex_l is locked. Unable to change its value.
[2023-08-15 22:22:06.079] [warning] Coordinate.setValue:  coordinate wrist_dev_l is locked. Unable to change its value.
[2023-08-15 22:22:06.104] [info] CMC::computeControls, t = 2.642
[2023-08-15 22:22:06.133] [info] CMC::computeControls, t = 2.643
[2023-08-15 22:22:06.150] [info] CMC::computeControls, t = 2.644
[2023-08-15 22:22:06.181] [info] CMC::computeControls, t = 2.645
[2023-08-15 22:22:06.210] [info] CMC::computeControls, t = 2.646
[2023-08-15 22:22:06.239] [info] CMC::computeControls, t = 2.647
[2023-08-15 22:22:06.275] [info] CMC::computeControls, t = 2.648
[2023-08-15 22:22:06.318] [info] CMC::computeControls, t = 2.649
[2023-08-15 22:22:06.358] [info] CMC::computeControls, t = 2.65
[2023-08-15 22:22:06.385] [info] CMC::computeControls, t = 2.651
[2023-08-15 22:22:06.410] [info] CMC::computeControls, t = 2.652
[2023-08-15 22:22:06.427] [info] CMC::computeControls, t = 2.653
[2023-08-15 22:22:06.445] [info] CMC::computeControls, t = 2.654
[2023-08-15 22:22:06.482] [info] CMC::computeControls, t = 2.655
[2023-08-15 22:22:06.505] [info] CMC::computeControls, t = 2.656
[2023-08-15 22:22:06.537] [info] CMC::computeControls, t = 2.657
[2023-08-15 22:22:06.573] [info] CMC::computeControls, t = 2.658
[2023-08-15 22:22:06.610] [info] CMC::computeControls, t = 2.659
[2023-08-15 22:22:06.639] [info] CMC::computeControls, t = 2.66
[2023-08-15 22:22:06.664] [info] CMC::computeControls, t = 2.661
[2023-08-15 22:22:06.695] [info] CMC::computeControls, t = 2.662
[2023-08-15 22:22:06.732] [info] CMC::computeControls, t = 2.663
[2023-08-15 22:22:06.769] [info] CMC::computeControls, t = 2.664
[2023-08-15 22:22:06.800] [info] CMC::computeControls, t = 2.665
[2023-08-15 22:22:06.841] [info] CMC::computeControls, t = 2.666
[2023-08-15 22:22:06.863] [info] CMC::computeControls, t = 2.667
[2023-08-15 22:22:06.892] [info] CMC::computeControls, t = 2.668
[2023-08-15 22:22:06.919] [info] CMC::computeControls, t = 2.669
[2023-08-15 22:22:06.940] [info] CMC::computeControls, t = 2.67
[2023-08-15 22:22:06.973] [info] CMC::computeControls, t = 2.671
[2023-08-15 22:22:07.001] [info] CMC::computeControls, t = 2.672
[2023-08-15 22:22:07.024] [info] CMC::computeControls, t = 2.673
[2023-08-15 22:22:07.040] [info] CMC::computeControls, t = 2.674
[2023-08-15 22:22:07.066] [info] CMC::computeControls, t = 2.675
[2023-08-15 22:22:07.092] [info] CMC::computeControls, t = 2.676
[2023-08-15 22:22:07.113] [info] CMC::computeControls, t = 2.677
[2023-08-15 22:22:07.133] [info] CMC::computeControls, t = 2.678
[2023-08-15 22:22:07.173] [info] CMC::computeControls, t = 2.679
[2023-08-15 22:22:07.194] [info] CMC::computeControls, t = 2.68
[2023-08-15 22:22:07.210] [info] CMC::computeControls, t = 2.681
[2023-08-15 22:22:07.249] [info] CMC::computeControls, t = 2.682
[2023-08-15 22:22:07.272] [info] CMC::computeControls, t = 2.683
[2023-08-15 22:22:07.290] [info] CMC::computeControls, t = 2.684
[2023-08-15 22:22:07.321] [info] CMC::computeControls, t = 2.685
[2023-08-15 22:22:07.340] [info] CMC::computeControls, t = 2.686
[2023-08-15 22:22:07.382] [info] CMC::computeControls, t = 2.687
[2023-08-15 22:22:07.408] [info] CMC::computeControls, t = 2.688
[2023-08-15 22:22:07.426] [info] CMC::computeControls, t = 2.689
[2023-08-15 22:22:07.449] [info] CMC::computeControls, t = 2.69
[2023-08-15 22:22:07.484] [info] CMC::computeControls, t = 2.691
[2023-08-15 22:22:07.512] [info] CMC::computeControls, t = 2.692
[2023-08-15 22:22:07.531] [info] CMC::computeControls, t = 2.693
[2023-08-15 22:22:07.552] [info] CMC::computeControls, t = 2.694
[2023-08-15 22:22:07.588] [info] CMC::computeControls, t = 2.695
[2023-08-15 22:22:07.623] [info] CMC::computeControls, t = 2.696
[2023-08-15 22:22:07.645] [info] CMC::computeControls, t = 2.697
[2023-08-15 22:22:07.664] [info] CMC::computeControls, t = 2.698
[2023-08-15 22:22:07.690] [info] CMC::computeControls, t = 2.699
[2023-08-15 22:22:07.706] [info] CMC::computeControls, t = 2.7
[2023-08-15 22:22:07.722] [info] CMC::computeControls, t = 2.70100
[2023-08-15 22:22:07.754] [info] CMC::computeControls, t = 2.70200
[2023-08-15 22:22:07.789] [info] CMC::computeControls, t = 2.70300
[2023-08-15 22:22:07.812] [info] CMC::computeControls, t = 2.70400
[2023-08-15 22:22:07.827] [info] CMC::computeControls, t = 2.70500
[2023-08-15 22:22:07.847] [info] CMC::computeControls, t = 2.70600
[2023-08-15 22:22:07.883] [info] CMC::computeControls, t = 2.70700
[2023-08-15 22:22:07.918] [info] CMC::computeControls, t = 2.70800
[2023-08-15 22:22:07.934] [info] CMC::computeControls, t = 2.70900
[2023-08-15 22:22:07.953] [info] CMC::computeControls, t = 2.71
[2023-08-15 22:22:07.972] [info] CMC::computeControls, t = 2.711
[2023-08-15 22:22:08.005] [info] CMC::computeControls, t = 2.712
[2023-08-15 22:22:08.043] [info] CMC::computeControls, t = 2.713
[2023-08-15 22:22:08.064] [info] CMC::computeControls, t = 2.714
[2023-08-15 22:22:08.096] [info] CMC::computeControls, t = 2.715
[2023-08-15 22:22:08.133] [info] CMC::computeControls, t = 2.716
[2023-08-15 22:22:08.169] [info] CMC::computeControls, t = 2.717
[2023-08-15 22:22:08.205] [info] CMC::computeControls, t = 2.718
[2023-08-15 22:22:08.232] [info] CMC::computeControls, t = 2.719
[2023-08-15 22:22:08.248] [info] CMC::computeControls, t = 2.72
[2023-08-15 22:22:08.263] [info] CMC::computeControls, t = 2.721
[2023-08-15 22:22:08.281] [info] CMC::computeControls, t = 2.722
[2023-08-15 22:22:08.303] [info] CMC::computeControls, t = 2.723
[2023-08-15 22:22:08.319] [info] CMC::computeControls, t = 2.724
[2023-08-15 22:22:08.338] [info] CMC::computeControls, t = 2.725
[2023-08-15 22:22:08.373] [info] CMC::computeControls, t = 2.726
[2023-08-15 22:22:08.398] [info] CMC::computeControls, t = 2.727
[2023-08-15 22:22:08.421] [info] CMC::computeControls, t = 2.728
[2023-08-15 22:22:08.456] [info] CMC::computeControls, t = 2.729
[2023-08-15 22:22:08.482] [info] CMC::computeControls, t = 2.73
[2023-08-15 22:22:08.510] [info] CMC::computeControls, t = 2.731
[2023-08-15 22:22:08.525] [info] CMC::computeControls, t = 2.732
[2023-08-15 22:22:08.555] [info] CMC::computeControls, t = 2.733
[2023-08-15 22:22:08.592] [info] CMC::computeControls, t = 2.734
[2023-08-15 22:22:08.610] [info] CMC::computeControls, t = 2.735
[2023-08-15 22:22:08.635] [info] CMC::computeControls, t = 2.736
[2023-08-15 22:22:08.650] [info] CMC::computeControls, t = 2.737
[2023-08-15 22:22:08.678] [info] CMC::computeControls, t = 2.738
[2023-08-15 22:22:08.701] [info] CMC::computeControls, t = 2.739
[2023-08-15 22:22:08.727] [info] CMC::computeControls, t = 2.74
[2023-08-15 22:22:08.742] [info] CMC::computeControls, t = 2.741
[2023-08-15 22:22:08.766] [info] CMC::computeControls, t = 2.742
[2023-08-15 22:22:08.789] [info] CMC::computeControls, t = 2.743
[2023-08-15 22:22:08.804] [info] CMC::computeControls, t = 2.744
[2023-08-15 22:22:08.820] [info] CMC::computeControls, t = 2.745
[2023-08-15 22:22:08.846] [info] CMC::computeControls, t = 2.746
[2023-08-15 22:22:08.862] [info] CMC::computeControls, t = 2.747
[2023-08-15 22:22:08.877] [info] CMC::computeControls, t = 2.748
[2023-08-15 22:22:08.892] [info] CMC::computeControls, t = 2.749
[2023-08-15 22:22:08.923] [info] CMC::computeControls, t = 2.75
[2023-08-15 22:22:08.953] [info] CMC::computeControls, t = 2.751
[2023-08-15 22:22:08.970] [info] CMC::computeControls, t = 2.752
[2023-08-15 22:22:08.985] [info] CMC::computeControls, t = 2.753
[2023-08-15 22:22:09.004] [info] CMC::computeControls, t = 2.754
[2023-08-15 22:22:09.020] [info] CMC::computeControls, t = 2.755
[2023-08-15 22:22:09.035] [info] CMC::computeControls, t = 2.756
[2023-08-15 22:22:09.055] [info] CMC::computeControls, t = 2.757
[2023-08-15 22:22:09.084] [info] CMC::computeControls, t = 2.758
[2023-08-15 22:22:09.109] [info] CMC::computeControls, t = 2.759
[2023-08-15 22:22:09.155] [info] CMC::computeControls, t = 2.76
[2023-08-15 22:22:09.185] [info] CMC::computeControls, t = 2.761
[2023-08-15 22:22:09.202] [info] CMC::computeControls, t = 2.762
[2023-08-15 22:22:09.240] [info] CMC::computeControls, t = 2.763
[2023-08-15 22:22:09.265] [info] CMC::computeControls, t = 2.764
[2023-08-15 22:22:09.286] [info] CMC::computeControls, t = 2.765
[2023-08-15 22:22:09.311] [info] CMC::computeControls, t = 2.766
[2023-08-15 22:22:09.332] [info] CMC::computeControls, t = 2.767
[2023-08-15 22:22:09.362] [info] CMC::computeControls, t = 2.768
[2023-08-15 22:22:09.387] [info] CMC::computeControls, t = 2.769
[2023-08-15 22:22:09.410] [info] CMC::computeControls, t = 2.77
[2023-08-15 22:22:09.431] [info] CMC::computeControls, t = 2.771
[2023-08-15 22:22:09.455] [info] CMC::computeControls, t = 2.772
[2023-08-15 22:22:09.478] [info] CMC::computeControls, t = 2.773
[2023-08-15 22:22:09.499] [info] CMC::computeControls, t = 2.774
[2023-08-15 22:22:09.519] [info] CMC::computeControls, t = 2.775
[2023-08-15 22:22:09.539] [info] CMC::computeControls, t = 2.776
[2023-08-15 22:22:09.569] [info] CMC::computeControls, t = 2.777
[2023-08-15 22:22:09.592] [info] CMC::computeControls, t = 2.778
[2023-08-15 22:22:09.630] [info] CMC::computeControls, t = 2.779
[2023-08-15 22:22:09.665] [info] CMC::computeControls, t = 2.78
[2023-08-15 22:22:09.697] [info] CMC::computeControls, t = 2.781
[2023-08-15 22:22:09.720] [info] CMC::computeControls, t = 2.782
[2023-08-15 22:22:09.736] [info] CMC::computeControls, t = 2.783
[2023-08-15 22:22:09.755] [info] CMC::computeControls, t = 2.784
[2023-08-15 22:22:09.773] [info] CMC::computeControls, t = 2.785
[2023-08-15 22:22:09.798] [info] CMC::computeControls, t = 2.786
[2023-08-15 22:22:09.827] [info] CMC::computeControls, t = 2.787
[2023-08-15 22:22:09.850] [info] CMC::computeControls, t = 2.788
[2023-08-15 22:22:09.892] [info] CMC::computeControls, t = 2.789
[2023-08-15 22:22:09.920] [info] CMC::computeControls, t = 2.79
[2023-08-15 22:22:09.947] [info] CMC::computeControls, t = 2.791
[2023-08-15 22:22:09.974] [info] CMC::computeControls, t = 2.792
[2023-08-15 22:22:10.015] [info] CMC::computeControls, t = 2.793
[2023-08-15 22:22:10.052] [info] CMC::computeControls, t = 2.794
[2023-08-15 22:22:10.078] [info] CMC::computeControls, t = 2.795
[2023-08-15 22:22:10.108] [info] CMC::computeControls, t = 2.796
[2023-08-15 22:22:10.144] [info] CMC::computeControls, t = 2.797
[2023-08-15 22:22:10.199] [info] CMC::computeControls, t = 2.798
[2023-08-15 22:22:10.230] [info] CMC::computeControls, t = 2.799
[2023-08-15 22:22:10.253] [info] CMC::computeControls, t = 2.8
[2023-08-15 22:22:10.280] [info] CMC::computeControls, t = 2.80100
[2023-08-15 22:22:10.296] [info] CMC::computeControls, t = 2.80200
[2023-08-15 22:22:10.311] [info] CMC::computeControls, t = 2.80300
[2023-08-15 22:22:10.336] [info] CMC::computeControls, t = 2.80400
[2023-08-15 22:22:10.364] [info] CMC::computeControls, t = 2.80500
[2023-08-15 22:22:10.380] [info] CMC::computeControls, t = 2.80600
[2023-08-15 22:22:10.404] [info] CMC::computeControls, t = 2.80700
[2023-08-15 22:22:10.425] [info] CMC::computeControls, t = 2.80800
[2023-08-15 22:22:10.446] [info] CMC::computeControls, t = 2.80900
[2023-08-15 22:22:10.464] [info] CMC::computeControls, t = 2.81
[2023-08-15 22:22:10.485] [info] CMC::computeControls, t = 2.811
[2023-08-15 22:22:10.514] [info] CMC::computeControls, t = 2.812
[2023-08-15 22:22:10.531] [info] CMC::computeControls, t = 2.813
[2023-08-15 22:22:10.567] [info] CMC::computeControls, t = 2.814
[2023-08-15 22:22:10.605] [info] CMC::computeControls, t = 2.815
[2023-08-15 22:22:10.632] [info] CMC::computeControls, t = 2.816
[2023-08-15 22:22:10.654] [info] CMC::computeControls, t = 2.817
[2023-08-15 22:22:10.694] [info] CMC::computeControls, t = 2.818
[2023-08-15 22:22:10.726] [info] CMC::computeControls, t = 2.819
[2023-08-15 22:22:10.754] [info] CMC::computeControls, t = 2.82
[2023-08-15 22:22:10.796] [info] CMC::computeControls, t = 2.821
[2023-08-15 22:22:10.838] [info] CMC::computeControls, t = 2.822
[2023-08-15 22:22:10.874] [info] CMC::computeControls, t = 2.823
[2023-08-15 22:22:10.902] [info] CMC::computeControls, t = 2.824
[2023-08-15 22:22:10.925] [info] CMC::computeControls, t = 2.825
[2023-08-15 22:22:10.966] [info] CMC::computeControls, t = 2.826
[2023-08-15 22:22:10.997] [info] CMC::computeControls, t = 2.827
[2023-08-15 22:22:11.030] [info] CMC::computeControls, t = 2.828
[2023-08-15 22:22:11.055] [info] CMC::computeControls, t = 2.829
[2023-08-15 22:22:11.078] [info] CMC::computeControls, t = 2.83
[2023-08-15 22:22:11.100] [info] CMC::computeControls, t = 2.831
[2023-08-15 22:22:11.121] [info] CMC::computeControls, t = 2.832
[2023-08-15 22:22:11.152] [info] CMC::computeControls, t = 2.833
[2023-08-15 22:22:11.182] [info] CMC::computeControls, t = 2.834
[2023-08-15 22:22:11.205] [info] CMC::computeControls, t = 2.835
[2023-08-15 22:22:11.226] [info] CMC::computeControls, t = 2.836
[2023-08-15 22:22:11.254] [info] CMC::computeControls, t = 2.837
[2023-08-15 22:22:11.277] [info] CMC::computeControls, t = 2.838
[2023-08-15 22:22:11.318] [info] CMC::computeControls, t = 2.839
[2023-08-15 22:22:11.353] [info] CMC::computeControls, t = 2.84
[2023-08-15 22:22:11.369] [info] CMC::computeControls, t = 2.841
[2023-08-15 22:22:11.386] [info] CMC::computeControls, t = 2.842
[2023-08-15 22:22:11.401] [info] CMC::computeControls, t = 2.843
[2023-08-15 22:22:11.417] [info] CMC::computeControls, t = 2.844
[2023-08-15 22:22:11.432] [info] CMC::computeControls, t = 2.845
[2023-08-15 22:22:11.451] [info] CMC::computeControls, t = 2.846
[2023-08-15 22:22:11.485] [info] CMC::computeControls, t = 2.847
[2023-08-15 22:22:11.508] [info] CMC::computeControls, t = 2.848
[2023-08-15 22:22:11.524] [info] CMC::computeControls, t = 2.849
[2023-08-15 22:22:11.549] [info] CMC::computeControls, t = 2.85
[2023-08-15 22:22:11.578] [info] CMC::computeControls, t = 2.851
[2023-08-15 22:22:11.607] [info] CMC::computeControls, t = 2.852
[2023-08-15 22:22:11.634] [info] CMC::computeControls, t = 2.853
[2023-08-15 22:22:11.652] [info] CMC::computeControls, t = 2.854
[2023-08-15 22:22:11.685] [info] CMC::computeControls, t = 2.855
[2023-08-15 22:22:11.711] [info] CMC::computeControls, t = 2.856
[2023-08-15 22:22:11.726] [info] CMC::computeControls, t = 2.857
[2023-08-15 22:22:11.751] [info] CMC::computeControls, t = 2.858
[2023-08-15 22:22:11.767] [info] CMC::computeControls, t = 2.859
[2023-08-15 22:22:11.806] [info] CMC::computeControls, t = 2.86
[2023-08-15 22:22:11.829] [info] CMC::computeControls, t = 2.861
[2023-08-15 22:22:11.865] [info] CMC::computeControls, t = 2.862
[2023-08-15 22:22:11.885] [info] CMC::computeControls, t = 2.863
[2023-08-15 22:22:11.913] [info] CMC::computeControls, t = 2.864
[2023-08-15 22:22:11.938] [info] CMC::computeControls, t = 2.865
[2023-08-15 22:22:11.971] [info] CMC::computeControls, t = 2.866
[2023-08-15 22:22:11.991] [info] CMC::computeControls, t = 2.867
[2023-08-15 22:22:12.028] [info] CMC::computeControls, t = 2.868
[2023-08-15 22:22:12.052] [info] CMC::computeControls, t = 2.869
[2023-08-15 22:22:12.088] [info] CMC::computeControls, t = 2.87
[2023-08-15 22:22:12.104] [info] CMC::computeControls, t = 2.871
[2023-08-15 22:22:12.119] [info] CMC::computeControls, t = 2.872
[2023-08-15 22:22:12.150] [info] CMC::computeControls, t = 2.873
[2023-08-15 22:22:12.179] [info] CMC::computeControls, t = 2.874
[2023-08-15 22:22:12.206] [info] CMC::computeControls, t = 2.875
[2023-08-15 22:22:12.226] [info] CMC::computeControls, t = 2.876
[2023-08-15 22:22:12.242] [info] CMC::computeControls, t = 2.877
[2023-08-15 22:22:12.259] [info] CMC::computeControls, t = 2.878
[2023-08-15 22:22:12.286] [info] CMC::computeControls, t = 2.879
[2023-08-15 22:22:12.310] [info] CMC::computeControls, t = 2.88
[2023-08-15 22:22:12.331] [info] CMC::computeControls, t = 2.881
[2023-08-15 22:22:12.357] [info] CMC::computeControls, t = 2.882
[2023-08-15 22:22:12.387] [info] CMC::computeControls, t = 2.883
[2023-08-15 22:22:12.424] [info] CMC::computeControls, t = 2.884
[2023-08-15 22:22:12.474] [info] CMC::computeControls, t = 2.885
[2023-08-15 22:22:12.513] [info] CMC::computeControls, t = 2.886
[2023-08-15 22:22:12.557] [info] CMC::computeControls, t = 2.887
[2023-08-15 22:22:12.600] [info] CMC::computeControls, t = 2.888
[2023-08-15 22:22:12.628] [info] CMC::computeControls, t = 2.889
[2023-08-15 22:22:12.656] [info] CMC::computeControls, t = 2.89
[2023-08-15 22:22:12.687] [info] CMC::computeControls, t = 2.891
[2023-08-15 22:22:12.713] [info] CMC::computeControls, t = 2.892
[2023-08-15 22:22:12.752] [info] CMC::computeControls, t = 2.893
[2023-08-15 22:22:12.780] [info] CMC::computeControls, t = 2.894
[2023-08-15 22:22:12.804] [info] CMC::computeControls, t = 2.895
[2023-08-15 22:22:12.830] [info] CMC::computeControls, t = 2.896
[2023-08-15 22:22:12.849] [info] CMC::computeControls, t = 2.897
[2023-08-15 22:22:12.876] [info] CMC::computeControls, t = 2.898
[2023-08-15 22:22:12.894] [info] CMC::computeControls, t = 2.899
[2023-08-15 22:22:12.913] [info] CMC::computeControls, t = 2.9
[2023-08-15 22:22:12.931] [info] CMC::computeControls, t = 2.90100
[2023-08-15 22:22:12.956] [info] CMC::computeControls, t = 2.90200
[2023-08-15 22:22:12.976] [info] CMC::computeControls, t = 2.90300
[2023-08-15 22:22:13.004] [info] CMC::computeControls, t = 2.90400
[2023-08-15 22:22:13.036] [info] CMC::computeControls, t = 2.90500
[2023-08-15 22:22:13.056] [info] CMC::computeControls, t = 2.90600
[2023-08-15 22:22:13.072] [info] CMC::computeControls, t = 2.90700
[2023-08-15 22:22:13.101] [info] CMC::computeControls, t = 2.90800
[2023-08-15 22:22:13.138] [info] CMC::computeControls, t = 2.90900
[2023-08-15 22:22:13.174] [info] CMC::computeControls, t = 2.91
[2023-08-15 22:22:13.206] [info] CMC::computeControls, t = 2.911
[2023-08-15 22:22:13.222] [info] CMC::computeControls, t = 2.912
[2023-08-15 22:22:13.248] [info] CMC::computeControls, t = 2.913
[2023-08-15 22:22:13.287] [info] CMC::computeControls, t = 2.914
[2023-08-15 22:22:13.319] [info] CMC::computeControls, t = 2.915
[2023-08-15 22:22:13.334] [info] CMC::computeControls, t = 2.916
[2023-08-15 22:22:13.359] [info] CMC::computeControls, t = 2.917
[2023-08-15 22:22:13.383] [info] CMC::computeControls, t = 2.918
[2023-08-15 22:22:13.413] [info] CMC::computeControls, t = 2.919
[2023-08-15 22:22:13.446] [info] CMC::computeControls, t = 2.92
[2023-08-15 22:22:13.478] [info] CMC::computeControls, t = 2.921
[2023-08-15 22:22:13.504] [info] CMC::computeControls, t = 2.922
[2023-08-15 22:22:13.520] [info] CMC::computeControls, t = 2.923
[2023-08-15 22:22:13.549] [info] CMC::computeControls, t = 2.924
[2023-08-15 22:22:13.573] [info] CMC::computeControls, t = 2.925
[2023-08-15 22:22:13.606] [info] CMC::computeControls, t = 2.926
[2023-08-15 22:22:13.622] [info] CMC::computeControls, t = 2.927
[2023-08-15 22:22:13.647] [info] CMC::computeControls, t = 2.928
[2023-08-15 22:22:13.682] [info] CMC::computeControls, t = 2.929
[2023-08-15 22:22:13.707] [info] CMC::computeControls, t = 2.93
[2023-08-15 22:22:13.724] [info] CMC::computeControls, t = 2.931
[2023-08-15 22:22:13.758] [info] CMC::computeControls, t = 2.932
[2023-08-15 22:22:13.776] [info] CMC::computeControls, t = 2.933
[2023-08-15 22:22:13.798] [info] CMC::computeControls, t = 2.934
[2023-08-15 22:22:13.819] [info] CMC::computeControls, t = 2.935
[2023-08-15 22:22:13.837] [info] CMC::computeControls, t = 2.936
[2023-08-15 22:22:13.884] [info] CMC::computeControls, t = 2.937
[2023-08-15 22:22:13.903] [info] CMC::computeControls, t = 2.938
[2023-08-15 22:22:13.921] [info] CMC::computeControls, t = 2.939
[2023-08-15 22:22:13.938] [info] CMC::computeControls, t = 2.94
[2023-08-15 22:22:13.966] [info] CMC::computeControls, t = 2.941
[2023-08-15 22:22:13.988] [info] CMC::computeControls, t = 2.942
[2023-08-15 22:22:14.009] [info] CMC::computeControls, t = 2.943
[2023-08-15 22:22:14.031] [info] CMC::computeControls, t = 2.944
[2023-08-15 22:22:14.048] [info] CMC::computeControls, t = 2.945
[2023-08-15 22:22:14.076] [info] CMC::computeControls, t = 2.946
[2023-08-15 22:22:14.100] [info] CMC::computeControls, t = 2.947
[2023-08-15 22:22:14.126] [info] CMC::computeControls, t = 2.948
[2023-08-15 22:22:14.156] [info] CMC::computeControls, t = 2.949
[2023-08-15 22:22:14.189] [info] CMC::computeControls, t = 2.95
[2023-08-15 22:22:14.214] [info] CMC::computeControls, t = 2.951
[2023-08-15 22:22:14.231] [info] CMC::computeControls, t = 2.952
[2023-08-15 22:22:14.249] [info] CMC::computeControls, t = 2.953
[2023-08-15 22:22:14.271] [info] CMC::computeControls, t = 2.954
[2023-08-15 22:22:14.291] [info] CMC::computeControls, t = 2.955
[2023-08-15 22:22:14.317] [info] CMC::computeControls, t = 2.956
[2023-08-15 22:22:14.346] [info] CMC::computeControls, t = 2.957
[2023-08-15 22:22:14.364] [info] CMC::computeControls, t = 2.958
[2023-08-15 22:22:14.393] [info] CMC::computeControls, t = 2.959
[2023-08-15 22:22:14.431] [info] CMC::computeControls, t = 2.96
[2023-08-15 22:22:14.469] [info] CMC::computeControls, t = 2.961
[2023-08-15 22:22:14.508] [info] CMC::computeControls, t = 2.962
[2023-08-15 22:22:14.542] [info] CMC::computeControls, t = 2.963
[2023-08-15 22:22:14.560] [info] CMC::computeControls, t = 2.964
[2023-08-15 22:22:14.590] [info] CMC::computeControls, t = 2.965
[2023-08-15 22:22:14.609] [info] CMC::computeControls, t = 2.966
[2023-08-15 22:22:14.628] [info] CMC::computeControls, t = 2.967
[2023-08-15 22:22:14.644] [info] CMC::computeControls, t = 2.968
[2023-08-15 22:22:14.671] [info] CMC::computeControls, t = 2.969
[2023-08-15 22:22:14.701] [info] CMC::computeControls, t = 2.97
[2023-08-15 22:22:14.742] [info] CMC::computeControls, t = 2.971
[2023-08-15 22:22:14.760] [info] CMC::computeControls, t = 2.972
[2023-08-15 22:22:14.777] [info] CMC::computeControls, t = 2.973
[2023-08-15 22:22:14.813] [info] CMC::computeControls, t = 2.974
[2023-08-15 22:22:14.838] [info] CMC::computeControls, t = 2.975
[2023-08-15 22:22:14.857] [info] CMC::computeControls, t = 2.976
[2023-08-15 22:22:14.882] [info] CMC::computeControls, t = 2.977
[2023-08-15 22:22:14.901] [info] CMC::computeControls, t = 2.978
[2023-08-15 22:22:14.927] [info] CMC::computeControls, t = 2.979
[2023-08-15 22:22:14.965] [info] CMC::computeControls, t = 2.98
[2023-08-15 22:22:14.988] [info] CMC::computeControls, t = 2.981
[2023-08-15 22:22:15.014] [info] CMC::computeControls, t = 2.982
[2023-08-15 22:22:15.034] [info] CMC::computeControls, t = 2.983
[2023-08-15 22:22:15.072] [info] CMC::computeControls, t = 2.984
[2023-08-15 22:22:15.108] [info] CMC::computeControls, t = 2.985
[2023-08-15 22:22:15.129] [info] CMC::computeControls, t = 2.986
[2023-08-15 22:22:15.180] [info] CMC::computeControls, t = 2.987
[2023-08-15 22:22:15.205] [info] CMC::computeControls, t = 2.988
[2023-08-15 22:22:15.227] [info] CMC::computeControls, t = 2.989
[2023-08-15 22:22:15.244] [info] CMC::computeControls, t = 2.99
[2023-08-15 22:22:15.275] [info] CMC::computeControls, t = 2.991
[2023-08-15 22:22:15.293] [info] CMC::computeControls, t = 2.992
[2023-08-15 22:22:15.318] [info] CMC::computeControls, t = 2.993
[2023-08-15 22:22:15.337] [info] CMC::computeControls, t = 2.994
[2023-08-15 22:22:15.365] [info] CMC::computeControls, t = 2.995
[2023-08-15 22:22:15.400] [info] CMC::computeControls, t = 2.996
[2023-08-15 22:22:15.439] [info] CMC::computeControls, t = 2.997
[2023-08-15 22:22:15.473] [info] CMC::computeControls, t = 2.998
[2023-08-15 22:22:15.496] [info] CMC::computeControls, t = 2.999
[2023-08-15 22:22:15.537] [info] CMC::computeControls, t = 3.0
[2023-08-15 22:22:15.555] [info] CMC::computeControls, t = 3.00100
[2023-08-15 22:22:15.578] [info] CMC::computeControls, t = 3.00200
[2023-08-15 22:22:15.611] [info] CMC::computeControls, t = 3.00300
[2023-08-15 22:22:15.634] [info] CMC::computeControls, t = 3.00400
[2023-08-15 22:22:15.654] [info] CMC::computeControls, t = 3.00500
[2023-08-15 22:22:15.688] [info] CMC::computeControls, t = 3.00600
[2023-08-15 22:22:15.713] [info] CMC::computeControls, t = 3.00700
[2023-08-15 22:22:15.730] [info] CMC::computeControls, t = 3.00800
[2023-08-15 22:22:15.757] [info] CMC::computeControls, t = 3.00900
[2023-08-15 22:22:15.780] [info] CMC::computeControls, t = 3.01
[2023-08-15 22:22:15.799] [info] CMC::computeControls, t = 3.011
[2023-08-15 22:22:15.814] [info] CMC::computeControls, t = 3.012
[2023-08-15 22:22:15.832] [info] CMC::computeControls, t = 3.013
[2023-08-15 22:22:15.859] [info] CMC::computeControls, t = 3.014
[2023-08-15 22:22:15.897] [info] CMC::computeControls, t = 3.015
[2023-08-15 22:22:15.926] [info] CMC::computeControls, t = 3.016
[2023-08-15 22:22:15.953] [info] CMC::computeControls, t = 3.017
[2023-08-15 22:22:15.979] [info] CMC::computeControls, t = 3.018
[2023-08-15 22:22:16.002] [info] CMC::computeControls, t = 3.019
[2023-08-15 22:22:16.042] [info] CMC::computeControls, t = 3.02
[2023-08-15 22:22:16.074] [info] CMC::computeControls, t = 3.021
[2023-08-15 22:22:16.101] [info] CMC::computeControls, t = 3.022
[2023-08-15 22:22:16.146] [info] CMC::computeControls, t = 3.023
[2023-08-15 22:22:16.169] [info] CMC::computeControls, t = 3.024
[2023-08-15 22:22:16.197] [info] CMC::computeControls, t = 3.025
[2023-08-15 22:22:16.214] [info] CMC::computeControls, t = 3.026
[2023-08-15 22:22:16.239] [info] CMC::computeControls, t = 3.027
[2023-08-15 22:22:16.255] [info] CMC::computeControls, t = 3.028
[2023-08-15 22:22:16.284] [info] CMC::computeControls, t = 3.029
[2023-08-15 22:22:16.306] [info] CMC::computeControls, t = 3.03
[2023-08-15 22:22:16.342] [info] CMC::computeControls, t = 3.031
[2023-08-15 22:22:16.383] [info] CMC::computeControls, t = 3.032
[2023-08-15 22:22:16.415] [info] CMC::computeControls, t = 3.033
[2023-08-15 22:22:16.450] [info] CMC::computeControls, t = 3.034
[2023-08-15 22:22:16.474] [info] CMC::computeControls, t = 3.035
[2023-08-15 22:22:16.493] [info] CMC::computeControls, t = 3.036
[2023-08-15 22:22:16.512] [info] CMC::computeControls, t = 3.037
[2023-08-15 22:22:16.536] [info] CMC::computeControls, t = 3.038
[2023-08-15 22:22:16.569] [info] CMC::computeControls, t = 3.039
[2023-08-15 22:22:16.593] [info] CMC::computeControls, t = 3.04
[2023-08-15 22:22:16.617] [info] CMC::computeControls, t = 3.041
[2023-08-15 22:22:16.637] [info] CMC::computeControls, t = 3.042
[2023-08-15 22:22:16.662] [info] CMC::computeControls, t = 3.043
[2023-08-15 22:22:16.696] [info] CMC::computeControls, t = 3.044
[2023-08-15 22:22:16.716] [info] CMC::computeControls, t = 3.045
[2023-08-15 22:22:16.741] [info] CMC::computeControls, t = 3.046
[2023-08-15 22:22:16.764] [info] CMC::computeControls, t = 3.047
[2023-08-15 22:22:16.788] [info] CMC::computeControls, t = 3.048
[2023-08-15 22:22:16.814] [info] CMC::computeControls, t = 3.049
[2023-08-15 22:22:16.841] [info] CMC::computeControls, t = 3.05
[2023-08-15 22:22:16.861] [info] CMC::computeControls, t = 3.051
[2023-08-15 22:22:16.881] [info] CMC::computeControls, t = 3.052
[2023-08-15 22:22:16.898] [info] CMC::computeControls, t = 3.053
[2023-08-15 22:22:16.919] [info] CMC::computeControls, t = 3.054
[2023-08-15 22:22:16.940] [info] CMC::computeControls, t = 3.055
[2023-08-15 22:22:16.957] [info] CMC::computeControls, t = 3.056
[2023-08-15 22:22:16.977] [info] CMC::computeControls, t = 3.057
[2023-08-15 22:22:16.997] [info] CMC::computeControls, t = 3.058
[2023-08-15 22:22:17.022] [info] CMC::computeControls, t = 3.059
[2023-08-15 22:22:17.043] [info] CMC::computeControls, t = 3.06
[2023-08-15 22:22:17.060] [info] CMC::computeControls, t = 3.061
[2023-08-15 22:22:17.077] [info] CMC::computeControls, t = 3.062
[2023-08-15 22:22:17.103] [info] CMC::computeControls, t = 3.063
[2023-08-15 22:22:17.123] [info] CMC::computeControls, t = 3.064
[2023-08-15 22:22:17.148] [info] CMC::computeControls, t = 3.065
[2023-08-15 22:22:17.175] [info] CMC::computeControls, t = 3.066
[2023-08-15 22:22:17.206] [info] CMC::computeControls, t = 3.067
[2023-08-15 22:22:17.224] [info] CMC::computeControls, t = 3.068
[2023-08-15 22:22:17.255] [info] CMC::computeControls, t = 3.069
[2023-08-15 22:22:17.274] [info] CMC::computeControls, t = 3.07
[2023-08-15 22:22:17.296] [info] CMC::computeControls, t = 3.071
[2023-08-15 22:22:17.322] [info] CMC::computeControls, t = 3.072
[2023-08-15 22:22:17.344] [info] CMC::computeControls, t = 3.073
[2023-08-15 22:22:17.362] [info] CMC::computeControls, t = 3.074
[2023-08-15 22:22:17.380] [info] CMC::computeControls, t = 3.075
[2023-08-15 22:22:17.397] [info] CMC::computeControls, t = 3.076
[2023-08-15 22:22:17.421] [info] CMC::computeControls, t = 3.077
[2023-08-15 22:22:17.443] [info] CMC::computeControls, t = 3.078
[2023-08-15 22:22:17.469] [info] CMC::computeControls, t = 3.079
[2023-08-15 22:22:17.488] [info] CMC::computeControls, t = 3.08
[2023-08-15 22:22:17.522] [info] CMC::computeControls, t = 3.081
[2023-08-15 22:22:17.546] [info] CMC::computeControls, t = 3.082
[2023-08-15 22:22:17.576] [info] CMC::computeControls, t = 3.083
[2023-08-15 22:22:17.597] [info] CMC::computeControls, t = 3.084
[2023-08-15 22:22:17.618] [info] CMC::computeControls, t = 3.085
[2023-08-15 22:22:17.635] [info] CMC::computeControls, t = 3.086
[2023-08-15 22:22:17.657] [info] CMC::computeControls, t = 3.087
[2023-08-15 22:22:17.676] [info] CMC::computeControls, t = 3.088
[2023-08-15 22:22:17.694] [info] CMC::computeControls, t = 3.089
[2023-08-15 22:22:17.712] [info] CMC::computeControls, t = 3.09
[2023-08-15 22:22:17.729] [info] CMC::computeControls, t = 3.091
[2023-08-15 22:22:17.759] [info] CMC::computeControls, t = 3.092
[2023-08-15 22:22:17.782] [info] CMC::computeControls, t = 3.093
[2023-08-15 22:22:17.810] [info] CMC::computeControls, t = 3.094
[2023-08-15 22:22:17.831] [info] CMC::computeControls, t = 3.095
[2023-08-15 22:22:17.847] [info] CMC::computeControls, t = 3.096
[2023-08-15 22:22:17.870] [info] CMC::computeControls, t = 3.097
[2023-08-15 22:22:17.887] [info] CMC::computeControls, t = 3.098
[2023-08-15 22:22:17.904] [info] CMC::computeControls, t = 3.099
[2023-08-15 22:22:17.921] [info] CMC::computeControls, t = 3.1
[2023-08-15 22:22:17.940] [info] CMC::computeControls, t = 3.10100
[2023-08-15 22:22:17.964] [info] CMC::computeControls, t = 3.10200
[2023-08-15 22:22:18.001] [info] CMC::computeControls, t = 3.10300
[2023-08-15 22:22:18.024] [info] CMC::computeControls, t = 3.10400
[2023-08-15 22:22:18.047] [info] CMC::computeControls, t = 3.10500
[2023-08-15 22:22:18.066] [info] CMC::computeControls, t = 3.10600
[2023-08-15 22:22:18.083] [info] CMC::computeControls, t = 3.10700
[2023-08-15 22:22:18.104] [info] CMC::computeControls, t = 3.10800
[2023-08-15 22:22:18.122] [info] CMC::computeControls, t = 3.10900
[2023-08-15 22:22:18.138] [info] CMC::computeControls, t = 3.11
[2023-08-15 22:22:18.154] [info] CMC::computeControls, t = 3.111
[2023-08-15 22:22:18.178] [info] CMC::computeControls, t = 3.112
[2023-08-15 22:22:18.199] [info] CMC::computeControls, t = 3.113
[2023-08-15 22:22:18.217] [info] CMC::computeControls, t = 3.114
[2023-08-15 22:22:18.235] [info] CMC::computeControls, t = 3.115
[2023-08-15 22:22:18.256] [info] CMC::computeControls, t = 3.116
[2023-08-15 22:22:18.281] [info] CMC::computeControls, t = 3.117
[2023-08-15 22:22:18.299] [info] CMC::computeControls, t = 3.118
[2023-08-15 22:22:18.325] [info] CMC::computeControls, t = 3.119
[2023-08-15 22:22:18.352] [info] CMC::computeControls, t = 3.12
[2023-08-15 22:22:18.370] [info] CMC::computeControls, t = 3.121
[2023-08-15 22:22:18.387] [info] CMC::computeControls, t = 3.122
[2023-08-15 22:22:18.408] [info] CMC::computeControls, t = 3.123
[2023-08-15 22:22:18.434] [info] CMC::computeControls, t = 3.124
[2023-08-15 22:22:18.454] [info] CMC::computeControls, t = 3.125
[2023-08-15 22:22:18.472] [info] CMC::computeControls, t = 3.126
[2023-08-15 22:22:18.488] [info] CMC::computeControls, t = 3.127
[2023-08-15 22:22:18.512] [info] CMC::computeControls, t = 3.128
[2023-08-15 22:22:18.541] [info] CMC::computeControls, t = 3.129
[2023-08-15 22:22:18.559] [info] CMC::computeControls, t = 3.13
[2023-08-15 22:22:18.576] [info] CMC::computeControls, t = 3.131
[2023-08-15 22:22:18.592] [info] CMC::computeControls, t = 3.132
[2023-08-15 22:22:18.624] [info] CMC::computeControls, t = 3.133
[2023-08-15 22:22:18.648] [info] CMC::computeControls, t = 3.134
[2023-08-15 22:22:18.679] [info] CMC::computeControls, t = 3.135
[2023-08-15 22:22:18.711] [info] CMC::computeControls, t = 3.136
[2023-08-15 22:22:18.732] [info] CMC::computeControls, t = 3.137
[2023-08-15 22:22:18.765] [info] CMC::computeControls, t = 3.138
[2023-08-15 22:22:18.804] [info] CMC::computeControls, t = 3.139
[2023-08-15 22:22:18.825] [info] CMC::computeControls, t = 3.14
[2023-08-15 22:22:18.869] [info] CMC::computeControls, t = 3.141
[2023-08-15 22:22:18.908] [info] CMC::computeControls, t = 3.142
[2023-08-15 22:22:18.928] [info] CMC::computeControls, t = 3.143
[2023-08-15 22:22:18.959] [info] CMC::computeControls, t = 3.144
[2023-08-15 22:22:18.976] [info] CMC::computeControls, t = 3.145
[2023-08-15 22:22:19.008] [info] CMC::computeControls, t = 3.146
[2023-08-15 22:22:19.024] [info] CMC::computeControls, t = 3.147
[2023-08-15 22:22:19.044] [info] CMC::computeControls, t = 3.148
[2023-08-15 22:22:19.060] [info] CMC::computeControls, t = 3.149
[2023-08-15 22:22:19.085] [info] CMC::computeControls, t = 3.15
[2023-08-15 22:22:19.128] [info] CMC::computeControls, t = 3.151
[2023-08-15 22:22:19.145] [info] CMC::computeControls, t = 3.152
[2023-08-15 22:22:19.181] [info] CMC::computeControls, t = 3.153
[2023-08-15 22:22:19.216] [info] CMC::computeControls, t = 3.154
[2023-08-15 22:22:19.242] [info] CMC::computeControls, t = 3.155
[2023-08-15 22:22:19.271] [info] CMC::computeControls, t = 3.156
[2023-08-15 22:22:19.294] [info] CMC::computeControls, t = 3.157
[2023-08-15 22:22:19.318] [info] CMC::computeControls, t = 3.158
[2023-08-15 22:22:19.337] [info] CMC::computeControls, t = 3.159
[2023-08-15 22:22:19.358] [info] CMC::computeControls, t = 3.16
[2023-08-15 22:22:19.395] [info] CMC::computeControls, t = 3.161
[2023-08-15 22:22:19.428] [info] CMC::computeControls, t = 3.162
[2023-08-15 22:22:19.444] [info] CMC::computeControls, t = 3.163
[2023-08-15 22:22:19.480] [info] CMC::computeControls, t = 3.164
[2023-08-15 22:22:19.498] [info] CMC::computeControls, t = 3.165
[2023-08-15 22:22:19.517] [info] CMC::computeControls, t = 3.166
[2023-08-15 22:22:19.553] [info] CMC::computeControls, t = 3.167
[2023-08-15 22:22:19.593] [info] CMC::computeControls, t = 3.168
[2023-08-15 22:22:19.610] [info] CMC::computeControls, t = 3.169
[2023-08-15 22:22:19.627] [info] CMC::computeControls, t = 3.17
[2023-08-15 22:22:19.646] [info] CMC::computeControls, t = 3.171
[2023-08-15 22:22:19.687] [info] CMC::computeControls, t = 3.172
[2023-08-15 22:22:19.702] [info] CMC::computeControls, t = 3.173
[2023-08-15 22:22:19.718] [info] CMC::computeControls, t = 3.174
[2023-08-15 22:22:19.755] [info] CMC::computeControls, t = 3.175
[2023-08-15 22:22:19.788] [info] CMC::computeControls, t = 3.176
[2023-08-15 22:22:19.815] [info] CMC::computeControls, t = 3.177
[2023-08-15 22:22:19.846] [info] CMC::computeControls, t = 3.178
[2023-08-15 22:22:19.869] [info] CMC::computeControls, t = 3.179
[2023-08-15 22:22:19.904] [info] CMC::computeControls, t = 3.18
[2023-08-15 22:22:19.930] [info] CMC::computeControls, t = 3.181
[2023-08-15 22:22:19.969] [info] CMC::computeControls, t = 3.182
[2023-08-15 22:22:19.988] [info] CMC::computeControls, t = 3.183
[2023-08-15 22:22:20.008] [info] CMC::computeControls, t = 3.184
[2023-08-15 22:22:20.040] [info] CMC::computeControls, t = 3.185
[2023-08-15 22:22:20.080] [info] CMC::computeControls, t = 3.186
[2023-08-15 22:22:20.099] [info] CMC::computeControls, t = 3.187
[2023-08-15 22:22:20.127] [info] CMC::computeControls, t = 3.188
[2023-08-15 22:22:20.143] [info] CMC::computeControls, t = 3.189
[2023-08-15 22:22:20.159] [info] CMC::computeControls, t = 3.19
[2023-08-15 22:22:20.190] [info] CMC::computeControls, t = 3.191
[2023-08-15 22:22:20.212] [info] CMC::computeControls, t = 3.192
[2023-08-15 22:22:20.229] [info] CMC::computeControls, t = 3.193
[2023-08-15 22:22:20.245] [info] CMC::computeControls, t = 3.194
[2023-08-15 22:22:20.267] [info] CMC::computeControls, t = 3.195
[2023-08-15 22:22:20.285] [info] CMC::computeControls, t = 3.196
[2023-08-15 22:22:20.313] [info] CMC::computeControls, t = 3.197
[2023-08-15 22:22:20.330] [info] CMC::computeControls, t = 3.198
[2023-08-15 22:22:20.356] [info] CMC::computeControls, t = 3.199
[2023-08-15 22:22:20.373] [info] CMC::computeControls, t = 3.2
[2023-08-15 22:22:20.388] [info] CMC::computeControls, t = 3.20100
[2023-08-15 22:22:20.407] [info] CMC::computeControls, t = 3.20200
[2023-08-15 22:22:20.422] [info] CMC::computeControls, t = 3.20300
[2023-08-15 22:22:20.438] [info] CMC::computeControls, t = 3.20400
[2023-08-15 22:22:20.464] [info] CMC::computeControls, t = 3.20500
[2023-08-15 22:22:20.486] [info] CMC::computeControls, t = 3.20600
[2023-08-15 22:22:20.520] [info] CMC::computeControls, t = 3.20700
[2023-08-15 22:22:20.547] [info] CMC::computeControls, t = 3.20800
[2023-08-15 22:22:20.563] [info] CMC::computeControls, t = 3.20900
[2023-08-15 22:22:20.587] [info] CMC::computeControls, t = 3.21
[2023-08-15 22:22:20.609] [info] CMC::computeControls, t = 3.211
[2023-08-15 22:22:20.635] [info] CMC::computeControls, t = 3.212
[2023-08-15 22:22:20.657] [info] CMC::computeControls, t = 3.213
[2023-08-15 22:22:20.672] [info] CMC::computeControls, t = 3.214
[2023-08-15 22:22:20.688] [info] CMC::computeControls, t = 3.215
[2023-08-15 22:22:20.718] [info] CMC::computeControls, t = 3.216
[2023-08-15 22:22:20.740] [info] CMC::computeControls, t = 3.217
[2023-08-15 22:22:20.756] [info] CMC::computeControls, t = 3.218
[2023-08-15 22:22:20.789] [info] CMC::computeControls, t = 3.219
[2023-08-15 22:22:20.805] [info] CMC::computeControls, t = 3.22
[2023-08-15 22:22:20.821] [info] CMC::computeControls, t = 3.221
[2023-08-15 22:22:20.836] [info] CMC::computeControls, t = 3.222
[2023-08-15 22:22:20.853] [info] CMC::computeControls, t = 3.223
[2023-08-15 22:22:20.881] [info] CMC::computeControls, t = 3.224
[2023-08-15 22:22:20.908] [info] CMC::computeControls, t = 3.225
[2023-08-15 22:22:20.930] [info] CMC::computeControls, t = 3.226
[2023-08-15 22:22:20.974] [info] CMC::computeControls, t = 3.227
[2023-08-15 22:22:21.004] [info] CMC::computeControls, t = 3.228
[2023-08-15 22:22:21.040] [info] CMC::computeControls, t = 3.229
[2023-08-15 22:22:21.058] [info] -------------------------------------------
[2023-08-15 22:22:21.058] [info] Finished tracking the specified kinematics:
[2023-08-15 22:22:21.058] [info] -------------------------------------------
[2023-08-15 22:22:21.058] [info]  -- Start time = Tue Aug 15 22:22:06 2023
[2023-08-15 22:22:21.058] [info]  -- Finish time = Tue Aug 15 22:22:21 2023
[2023-08-15 22:22:21.058] [info]  -- Elapsed time = 15.0 seconds.
[2023-08-15 22:22:21.059] [info] -------------------------------------------
[2023-08-15 22:22:21.059] [info] 
[2023-08-15 22:22:21.059] [info] Printing results of investigation subject10_run5_cycle2_iter2 to cycle2/
[2023-08-15 22:22:21.648] [info] 

************************************************************
*      Summary of Mass Adjustments to Reduce Residuals     *
************************************************************
* Body adjusted: torso
* Mass Center (COM) adjustment: dx =0.1, dz =-0.0566053
* New COM location: ~[-0.0298973,0.318905,0.0359329]
************************************************************
* Recommended mass adjustments:                             
*  Total mass change: -1.92123
*  pelvis: orig mass = 11.2691, new mass = 10.9681
*  femur_r: orig mass = 8.90024, new mass = 8.66249
*  tibia_r: orig mass = 3.5476, new mass = 3.45284
*  talus_r: orig mass = 0.0956871, new mass = 0.0931311
*  calcn_r: orig mass = 1.19609, new mass = 1.16414
*  toes_r: orig mass = 0.207258, new mass = 0.201722
*  femur_l: orig mass = 8.90024, new mass = 8.66249
*  tibia_l: orig mass = 3.5476, new mass = 3.45284
*  talus_l: orig mass = 0.0956871, new mass = 0.0931311
*  calcn_l: orig mass = 1.19609, new mass = 1.16414
*  toes_l: orig mass = 0.207258, new mass = 0.201722
*  torso: orig mass = 25.6696, new mass = 24.9839
*  humerus_r: orig mass = 1.94484, new mass = 1.89289
*  ulna_r: orig mass = 0.581299, new mass = 0.565771
*  radius_r: orig mass = 0.581299, new mass = 0.565771
*  hand_r: orig mass = 0.437768, new mass = 0.426074
*  humerus_l: orig mass = 1.94484, new mass = 1.89289
*  ulna_l: orig mass = 0.581299, new mass = 0.565771
*  radius_l: orig mass = 0.581299, new mass = 0.565771
*  hand_l: orig mass = 0.437768, new mass = 0.426074
************************************************************
* Note: Edit the model to make recommended adjustments to  *
*       mass properties.                                   *
************************************************************

* Average residuals before adjusting torso COM:
*  FX=7.28322 FY=18.8409 FZ=-4.76819
*  MX=14.2494 MY=0.256373 MZ=30.0331
************************************************************
* Average residuals after adjusting torso COM:
*  FX=7.53327 FY=16.9501 FZ=-2.03272
*  MX=1.29362 MY=-1.95185 MZ=4.27521
************************************************************


[2023-08-15 22:22:21.648] [info] 
************************************************************
*                   Final Average Residuals                *
************************************************************
* After torso COM and Kinematics adjustments:
*  FX=-0.944481 FY=5.22624 FZ=0.225893
*  MX=-1.56558 MY=-1.14445 MZ=-1.33318
************************************************************


