[2023-08-15 22:25:48.287] [info] AbstractTool subject11_run5_cycle1_iter1 loading model ..\..\..\model\subject11_adjusted_scaled.osim
[2023-08-15 22:25:48.352] [info] Loaded model subject11_scaled from file ..\..\..\model\subject11_adjusted_scaled.osim
[2023-08-15 22:25:48.423] [info] Adding force object set from ..\subject11_run5_RRA_Actuators.xml
[2023-08-15 22:25:48.442] [info] Running tool subject11_run5_cycle1_iter1.
[2023-08-15 22:25:48.464] [warning] ExternalLoads 'externalloads' has subcomponents with duplicate name 'externalforce'. The duplicate is being renamed to 'externalforce_0'.
[2023-08-15 22:25:48.496] [info] 	taskSet size = 29.
[2023-08-15 22:25:48.610] [info] ExternalForce::externalforce Data source being set to Run_500 02_newCOP3_v24.mot
[2023-08-15 22:25:48.610] [info] ExternalForce::externalforce_0 Data source being set to Run_500 02_newCOP3_v24.mot
[2023-08-15 22:25:48.621] [warning] A desired points file was not specified.
[2023-08-15 22:25:48.621] [info] Loading desired kinematics from file '..\..\..\ik\Run_5.mot'...
[2023-08-15 22:25:48.636] [info] Old version storage/motion file encountered
[2023-08-15 22:25:48.636] [info] Storage: read data file = ..\..\..\ik\Run_5.mot (nr=499 nc=164)
[2023-08-15 22:25:48.636] [info] .. assuming rotations in Degrees..
[2023-08-15 22:25:48.722] [info] Low-pass filtering desired kinematics with a cutoff frequency of 15.0...
[2023-08-15 22:25:48.944] [cout] [info] MODEL: subject11_scaled

numStates = 74
numCoordinates = 37
numSpeeds = 37
numActuators = 29
numBodies = 20
numConstraints = 0
numProbes = 0

ANALYSES (total: 0)

BODIES (total: 20)
body[0] = pelvis. mass: 10.8666
              moments of inertia:  ~[0.102664,0.102664,0.0553689]
              products of inertia: ~[0,0,0]
body[1] = femur_r. mass: 8.58239
              moments of inertia:  ~[0.146581,0.0384242,0.154572]
              products of inertia: ~[0,0,0]
body[2] = tibia_r. mass: 3.42091
              moments of inertia:  ~[0.0517688,0.00523851,0.0524878]
              products of inertia: ~[0,0,0]
body[3] = talus_r. mass: 0.0922699
              moments of inertia:  ~[0.00101755,0.00101755,0.00101755]
              products of inertia: ~[0,0,0]
body[4] = calcn_r. mass: 1.15337
              moments of inertia:  ~[0.00142456,0.00396843,0.00417194]
              products of inertia: ~[0,0,0]
body[5] = toes_r. mass: 0.199857
              moments of inertia:  ~[0.000101755,0.000203509,0.00101755]
              products of inertia: ~[0,0,0]
body[6] = femur_l. mass: 8.58239
              moments of inertia:  ~[0.146581,0.0384242,0.154572]
              products of inertia: ~[0,0,0]
body[7] = tibia_l. mass: 3.42091
              moments of inertia:  ~[0.0515932,0.00488727,0.0515932]
              products of inertia: ~[0,0,0]
body[8] = talus_l. mass: 0.0922699
              moments of inertia:  ~[0.00101755,0.00101755,0.00101755]
              products of inertia: ~[0,0,0]
body[9] = calcn_l. mass: 1.15337
              moments of inertia:  ~[0.00142456,0.00396843,0.00417194]
              products of inertia: ~[0,0,0]
body[10] = toes_l. mass: 0.199857
              moments of inertia:  ~[0.000101755,0.000203509,0.00101755]
              products of inertia: ~[0,0,0]
body[11] = torso. mass: 24.7529
              moments of inertia:  ~[1.3655,0.69965,1.32558]
              products of inertia: ~[0,0,0]
body[12] = humerus_r. mass: 1.87538
              moments of inertia:  ~[0.0119378,0.00411816,0.0133998]
              products of inertia: ~[0,0,0]
body[13] = ulna_r. mass: 0.560539
              moments of inertia:  ~[0.00286409,0.000597571,0.00310679]
              products of inertia: ~[0,0,0]
body[14] = radius_r. mass: 0.560539
              moments of inertia:  ~[0.00286409,0.000597571,0.00310679]
              products of inertia: ~[0,0,0]
body[15] = hand_r. mass: 0.422135
              moments of inertia:  ~[0.000862513,0.000528918,0.0012957]
              products of inertia: ~[0,0,0]
body[16] = humerus_l. mass: 1.87538
              moments of inertia:  ~[0.0119378,0.00411816,0.0133998]
              products of inertia: ~[0,0,0]
body[17] = ulna_l. mass: 0.560539
              moments of inertia:  ~[0.00286409,0.000597571,0.00310679]
              products of inertia: ~[0,0,0]
body[18] = radius_l. mass: 0.560539
              moments of inertia:  ~[0.00286409,0.000597571,0.00310679]
              products of inertia: ~[0,0,0]
body[19] = hand_l. mass: 0.422135
              moments of inertia:  ~[0.000862513,0.000528918,0.0012957]
              products of inertia: ~[0,0,0]

JOINTS (total: 20)
joint[0] = ground_pelvis. parent: ground_offset, child: pelvis_offset
joint[1] = hip_r. parent: pelvis_offset, child: femur_r_offset
joint[2] = knee_r. parent: femur_r_offset, child: tibia_r_offset
joint[3] = ankle_r. parent: tibia_r_offset, child: talus_r_offset
joint[4] = subtalar_r. parent: talus_r_offset, child: calcn_r_offset
joint[5] = mtp_r. parent: calcn_r_offset, child: toes_r_offset
joint[6] = hip_l. parent: pelvis_offset, child: femur_l_offset
joint[7] = knee_l. parent: femur_l_offset, child: tibia_l_offset
joint[8] = ankle_l. parent: tibia_l_offset, child: talus_l_offset
joint[9] = subtalar_l. parent: talus_l_offset, child: calcn_l_offset
joint[10] = mtp_l. parent: calcn_l_offset, child: toes_l_offset
joint[11] = back. parent: pelvis_offset, child: torso_offset
joint[12] = acromial_r. parent: torso_offset, child: humerus_r_offset
joint[13] = elbow_r. parent: humerus_r_offset, child: ulna_r_offset
joint[14] = radioulnar_r. parent: ulna_r_offset, child: radius_r_offset
joint[15] = radius_hand_r. parent: radius_r_offset, child: hand_r_offset
joint[16] = acromial_l. parent: torso_offset, child: humerus_l_offset
joint[17] = elbow_l. parent: humerus_l_offset, child: ulna_l_offset
joint[18] = radioulnar_l. parent: ulna_l_offset, child: radius_l_offset
joint[19] = radius_hand_l. parent: radius_l_offset, child: hand_l_offset

ACTUATORS (total: 29)
actuator[0] = FX
actuator[1] = FY
actuator[2] = FZ
actuator[3] = MZ
actuator[4] = MX
actuator[5] = MY
actuator[6] = hip_flexion_r
actuator[7] = hip_adduction_r
actuator[8] = hip_rotation_r
actuator[9] = knee_angle_r
actuator[10] = ankle_angle_r
actuator[11] = hip_flexion_l
actuator[12] = hip_adduction_l
actuator[13] = hip_rotation_l
actuator[14] = knee_angle_l
actuator[15] = ankle_angle_l
actuator[16] = lumbar_extension
actuator[17] = lumbar_bending
actuator[18] = lumbar_rotation
actuator[19] = arm_flex_r
actuator[20] = arm_add_r
actuator[21] = arm_rot_r
actuator[22] = elbow_flex_r
actuator[23] = pro_sup_r
actuator[24] = arm_flex_l
actuator[25] = arm_add_l
actuator[26] = arm_rot_l
actuator[27] = elbow_flex_l
actuator[28] = pro_sup_l

STATES (total: 74)
y[0] = /jointset/ground_pelvis/pelvis_tilt/value
y[1] = /jointset/ground_pelvis/pelvis_tilt/speed
y[2] = /jointset/ground_pelvis/pelvis_list/value
y[3] = /jointset/ground_pelvis/pelvis_list/speed
y[4] = /jointset/ground_pelvis/pelvis_rotation/value
y[5] = /jointset/ground_pelvis/pelvis_rotation/speed
y[6] = /jointset/ground_pelvis/pelvis_tx/value
y[7] = /jointset/ground_pelvis/pelvis_tx/speed
y[8] = /jointset/ground_pelvis/pelvis_ty/value
y[9] = /jointset/ground_pelvis/pelvis_ty/speed
y[10] = /jointset/ground_pelvis/pelvis_tz/value
y[11] = /jointset/ground_pelvis/pelvis_tz/speed
y[12] = /jointset/hip_r/hip_flexion_r/value
y[13] = /jointset/hip_r/hip_flexion_r/speed
y[14] = /jointset/hip_r/hip_adduction_r/value
y[15] = /jointset/hip_r/hip_adduction_r/speed
y[16] = /jointset/hip_r/hip_rotation_r/value
y[17] = /jointset/hip_r/hip_rotation_r/speed
y[18] = /jointset/knee_r/knee_angle_r/value
y[19] = /jointset/knee_r/knee_angle_r/speed
y[20] = /jointset/ankle_r/ankle_angle_r/value
y[21] = /jointset/ankle_r/ankle_angle_r/speed
y[22] = /jointset/subtalar_r/subtalar_angle_r/value
y[23] = /jointset/subtalar_r/subtalar_angle_r/speed
y[24] = /jointset/mtp_r/mtp_angle_r/value
y[25] = /jointset/mtp_r/mtp_angle_r/speed
y[26] = /jointset/hip_l/hip_flexion_l/value
y[27] = /jointset/hip_l/hip_flexion_l/speed
y[28] = /jointset/hip_l/hip_adduction_l/value
y[29] = /jointset/hip_l/hip_adduction_l/speed
y[30] = /jointset/hip_l/hip_rotation_l/value
y[31] = /jointset/hip_l/hip_rotation_l/speed
y[32] = /jointset/knee_l/knee_angle_l/value
y[33] = /jointset/knee_l/knee_angle_l/speed
y[34] = /jointset/ankle_l/ankle_angle_l/value
y[35] = /jointset/ankle_l/ankle_angle_l/speed
y[36] = /jointset/subtalar_l/subtalar_angle_l/value
y[37] = /jointset/subtalar_l/subtalar_angle_l/speed
y[38] = /jointset/mtp_l/mtp_angle_l/value
y[39] = /jointset/mtp_l/mtp_angle_l/speed
y[40] = /jointset/back/lumbar_extension/value
y[41] = /jointset/back/lumbar_extension/speed
y[42] = /jointset/back/lumbar_bending/value
y[43] = /jointset/back/lumbar_bending/speed
y[44] = /jointset/back/lumbar_rotation/value
y[45] = /jointset/back/lumbar_rotation/speed
y[46] = /jointset/acromial_r/arm_flex_r/value
y[47] = /jointset/acromial_r/arm_flex_r/speed
y[48] = /jointset/acromial_r/arm_add_r/value
y[49] = /jointset/acromial_r/arm_add_r/speed
y[50] = /jointset/acromial_r/arm_rot_r/value
y[51] = /jointset/acromial_r/arm_rot_r/speed
y[52] = /jointset/elbow_r/elbow_flex_r/value
y[53] = /jointset/elbow_r/elbow_flex_r/speed
y[54] = /jointset/radioulnar_r/pro_sup_r/value
y[55] = /jointset/radioulnar_r/pro_sup_r/speed
y[56] = /jointset/radius_hand_r/wrist_flex_r/value
y[57] = /jointset/radius_hand_r/wrist_flex_r/speed
y[58] = /jointset/radius_hand_r/wrist_dev_r/value
y[59] = /jointset/radius_hand_r/wrist_dev_r/speed
y[60] = /jointset/acromial_l/arm_flex_l/value
y[61] = /jointset/acromial_l/arm_flex_l/speed
y[62] = /jointset/acromial_l/arm_add_l/value
y[63] = /jointset/acromial_l/arm_add_l/speed
y[64] = /jointset/acromial_l/arm_rot_l/value
y[65] = /jointset/acromial_l/arm_rot_l/speed
y[66] = /jointset/elbow_l/elbow_flex_l/value
y[67] = /jointset/elbow_l/elbow_flex_l/speed
y[68] = /jointset/radioulnar_l/pro_sup_l/value
y[69] = /jointset/radioulnar_l/pro_sup_l/speed
y[70] = /jointset/radius_hand_l/wrist_flex_l/value
y[71] = /jointset/radius_hand_l/wrist_flex_l/speed
y[72] = /jointset/radius_hand_l/wrist_dev_l/value
y[73] = /jointset/radius_hand_l/wrist_dev_l/speed

[2023-08-15 22:25:49.424] [info] Requested COM adjustment time range 0.127 to 0.691, clamped to nearest available data times: 0.12 to 0.69.
[2023-08-15 22:25:49.424] [info] Computing average residuals between 0.12 and 0.69...
[2023-08-15 22:25:49.521] [info] ExternalForce::externalforce Data source being set to Run_500 02_newCOP3_v24.mot
[2023-08-15 22:25:49.521] [info] ExternalForce::externalforce_0 Data source being set to Run_500 02_newCOP3_v24.mot
[2023-08-15 22:25:49.612] [info] ExternalForce::externalforce Data source being set to Run_500 02_newCOP3_v24.mot
[2023-08-15 22:25:49.612] [info] ExternalForce::externalforce_0 Data source being set to Run_500 02_newCOP3_v24.mot
[2023-08-15 22:25:51.206] [info] ExternalForce::externalforce Data source being set to Run_500 02_newCOP3_v24.mot
[2023-08-15 22:25:51.206] [info] ExternalForce::externalforce_0 Data source being set to Run_500 02_newCOP3_v24.mot
[2023-08-15 22:25:51.211] [info] Computing average residuals between 0.12 and 0.69...
[2023-08-15 22:25:51.354] [info] ExternalForce::externalforce Data source being set to Run_500 02_newCOP3_v24.mot
[2023-08-15 22:25:51.354] [info] ExternalForce::externalforce_0 Data source being set to Run_500 02_newCOP3_v24.mot
[2023-08-15 22:25:51.459] [info] ExternalForce::externalforce Data source being set to Run_500 02_newCOP3_v24.mot
[2023-08-15 22:25:51.459] [info] ExternalForce::externalforce_0 Data source being set to Run_500 02_newCOP3_v24.mot
[2023-08-15 22:25:53.162] [info] Constructing function set for tracking desired kinematics...
[2023-08-15 22:25:54.008] [warning] No Actuation analysis found in analysis set, adding one...
[2023-08-15 22:25:54.009] [warning] No Kinematics analysis found in analysis set, adding one...
[2023-08-15 22:25:54.013] [info] Using the generalized coordinates specified in '..\..\..\ik\Run_5.mot' to set the initial configuration.
[2023-08-15 22:25:54.207] [info] Using IPOPT optimizer algorithm.
[2023-08-15 22:25:54.208] [info] Setting optimizer print level to 0.
[2023-08-15 22:25:54.208] [info] Setting optimizer convergence tolerance to 1.0e-05.
[2023-08-15 22:25:54.208] [info] Setting optimizer maximum iterations to 2000.
[2023-08-15 22:25:54.208] [info] Setting cmc controller to not use verbose printing.

[2023-08-15 22:25:54.209] [info] CMC::computeControls, t = 0.127
[2023-08-15 22:25:55.236] [info] --------------------------------------------
[2023-08-15 22:25:55.236] [info] Using CMC to track the specified kinematics:
[2023-08-15 22:25:55.236] [info] --------------------------------------------
[2023-08-15 22:25:55.236] [info]  -- Integrating from 0.127 to 0.691
[2023-08-15 22:25:55.236] [info]  -- Start time = Tue Aug 15 22:25:55 2023
[2023-08-15 22:25:55.236] [info] --------------------------------------------
[2023-08-15 22:25:55.236] [info] 
[2023-08-15 22:25:55.241] [info] CMC::computeControls, t = 0.127
[2023-08-15 22:25:55.298] [info] CMC::computeControls, t = 0.128
[2023-08-15 22:25:55.299] [warning] Coordinate.setValue:  coordinate subtalar_angle_r is locked. Unable to change its value.
[2023-08-15 22:25:55.299] [warning] Coordinate.setValue:  coordinate mtp_angle_r is locked. Unable to change its value.
[2023-08-15 22:25:55.299] [warning] Coordinate.setValue:  coordinate subtalar_angle_l is locked. Unable to change its value.
[2023-08-15 22:25:55.299] [warning] Coordinate.setValue:  coordinate mtp_angle_l is locked. Unable to change its value.
[2023-08-15 22:25:55.299] [warning] Coordinate.setValue:  coordinate wrist_flex_r is locked. Unable to change its value.
[2023-08-15 22:25:55.299] [warning] Coordinate.setValue:  coordinate wrist_dev_r is locked. Unable to change its value.
[2023-08-15 22:25:55.299] [warning] Coordinate.setValue:  coordinate wrist_flex_l is locked. Unable to change its value.
[2023-08-15 22:25:55.299] [warning] Coordinate.setValue:  coordinate wrist_dev_l is locked. Unable to change its value.
[2023-08-15 22:25:55.339] [info] CMC::computeControls, t = 0.129
[2023-08-15 22:25:55.380] [info] CMC::computeControls, t = 0.13
[2023-08-15 22:25:55.423] [info] CMC::computeControls, t = 0.131
[2023-08-15 22:25:55.468] [info] CMC::computeControls, t = 0.132
[2023-08-15 22:25:55.507] [info] CMC::computeControls, t = 0.133
[2023-08-15 22:25:55.551] [info] CMC::computeControls, t = 0.134
[2023-08-15 22:25:55.587] [info] CMC::computeControls, t = 0.135
[2023-08-15 22:25:55.621] [info] CMC::computeControls, t = 0.136
[2023-08-15 22:25:55.644] [info] CMC::computeControls, t = 0.137
[2023-08-15 22:25:55.670] [info] CMC::computeControls, t = 0.138
[2023-08-15 22:25:55.705] [info] CMC::computeControls, t = 0.139
[2023-08-15 22:25:55.734] [info] CMC::computeControls, t = 0.14
[2023-08-15 22:25:55.767] [info] CMC::computeControls, t = 0.141
[2023-08-15 22:25:55.803] [info] CMC::computeControls, t = 0.142
[2023-08-15 22:25:55.839] [info] CMC::computeControls, t = 0.143
[2023-08-15 22:25:55.877] [info] CMC::computeControls, t = 0.144
[2023-08-15 22:25:55.914] [info] CMC::computeControls, t = 0.145
[2023-08-15 22:25:55.948] [info] CMC::computeControls, t = 0.146
[2023-08-15 22:25:55.984] [info] CMC::computeControls, t = 0.147
[2023-08-15 22:25:56.019] [info] CMC::computeControls, t = 0.148
[2023-08-15 22:25:56.055] [info] CMC::computeControls, t = 0.149
[2023-08-15 22:25:56.093] [info] CMC::computeControls, t = 0.15
[2023-08-15 22:25:56.129] [info] CMC::computeControls, t = 0.151
[2023-08-15 22:25:56.161] [info] CMC::computeControls, t = 0.152
[2023-08-15 22:25:56.191] [info] CMC::computeControls, t = 0.153
[2023-08-15 22:25:56.217] [info] CMC::computeControls, t = 0.154
[2023-08-15 22:25:56.247] [info] CMC::computeControls, t = 0.155
[2023-08-15 22:25:56.279] [info] CMC::computeControls, t = 0.156
[2023-08-15 22:25:56.310] [info] CMC::computeControls, t = 0.157
[2023-08-15 22:25:56.333] [info] CMC::computeControls, t = 0.158
[2023-08-15 22:25:56.357] [info] CMC::computeControls, t = 0.159
[2023-08-15 22:25:56.386] [info] CMC::computeControls, t = 0.16
[2023-08-15 22:25:56.420] [info] CMC::computeControls, t = 0.161
[2023-08-15 22:25:56.468] [info] CMC::computeControls, t = 0.162
[2023-08-15 22:25:56.504] [info] CMC::computeControls, t = 0.163
[2023-08-15 22:25:56.533] [info] CMC::computeControls, t = 0.164
[2023-08-15 22:25:56.569] [info] CMC::computeControls, t = 0.165
[2023-08-15 22:25:56.592] [info] CMC::computeControls, t = 0.166
[2023-08-15 22:25:56.617] [info] CMC::computeControls, t = 0.167
[2023-08-15 22:25:56.645] [info] CMC::computeControls, t = 0.168
[2023-08-15 22:25:56.676] [info] CMC::computeControls, t = 0.169
[2023-08-15 22:25:56.708] [info] CMC::computeControls, t = 0.17
[2023-08-15 22:25:56.738] [info] CMC::computeControls, t = 0.171
[2023-08-15 22:25:56.768] [info] CMC::computeControls, t = 0.172
[2023-08-15 22:25:56.801] [info] CMC::computeControls, t = 0.173
[2023-08-15 22:25:56.836] [info] CMC::computeControls, t = 0.174
[2023-08-15 22:25:56.884] [info] CMC::computeControls, t = 0.175
[2023-08-15 22:25:56.949] [info] CMC::computeControls, t = 0.176
[2023-08-15 22:25:57.011] [info] CMC::computeControls, t = 0.177
[2023-08-15 22:25:57.034] [info] CMC::computeControls, t = 0.178
[2023-08-15 22:25:57.064] [info] CMC::computeControls, t = 0.179
[2023-08-15 22:25:57.092] [info] CMC::computeControls, t = 0.18
[2023-08-15 22:25:57.119] [info] CMC::computeControls, t = 0.181
[2023-08-15 22:25:57.148] [info] CMC::computeControls, t = 0.182
[2023-08-15 22:25:57.174] [info] CMC::computeControls, t = 0.183
[2023-08-15 22:25:57.199] [info] CMC::computeControls, t = 0.184
[2023-08-15 22:25:57.228] [info] CMC::computeControls, t = 0.185
[2023-08-15 22:25:57.255] [info] CMC::computeControls, t = 0.186
[2023-08-15 22:25:57.290] [info] CMC::computeControls, t = 0.187
[2023-08-15 22:25:57.332] [info] CMC::computeControls, t = 0.188
[2023-08-15 22:25:57.364] [info] CMC::computeControls, t = 0.189
[2023-08-15 22:25:57.394] [info] CMC::computeControls, t = 0.19
[2023-08-15 22:25:57.419] [info] CMC::computeControls, t = 0.191
[2023-08-15 22:25:57.441] [info] CMC::computeControls, t = 0.192
[2023-08-15 22:25:57.464] [info] CMC::computeControls, t = 0.193
[2023-08-15 22:25:57.527] [info] CMC::computeControls, t = 0.194
[2023-08-15 22:25:57.560] [info] CMC::computeControls, t = 0.195
[2023-08-15 22:25:57.586] [info] CMC::computeControls, t = 0.196
[2023-08-15 22:25:57.612] [info] CMC::computeControls, t = 0.197
[2023-08-15 22:25:57.642] [info] CMC::computeControls, t = 0.198
[2023-08-15 22:25:57.671] [info] CMC::computeControls, t = 0.199
[2023-08-15 22:25:57.700] [info] CMC::computeControls, t = 0.2
[2023-08-15 22:25:57.727] [info] CMC::computeControls, t = 0.201000
[2023-08-15 22:25:57.751] [info] CMC::computeControls, t = 0.202000
[2023-08-15 22:25:57.778] [info] CMC::computeControls, t = 0.203000
[2023-08-15 22:25:57.806] [info] CMC::computeControls, t = 0.204000
[2023-08-15 22:25:57.847] [info] CMC::computeControls, t = 0.205000
[2023-08-15 22:25:57.884] [info] CMC::computeControls, t = 0.206000
[2023-08-15 22:25:57.917] [info] CMC::computeControls, t = 0.207000
[2023-08-15 22:25:57.957] [info] CMC::computeControls, t = 0.208000
[2023-08-15 22:25:57.991] [info] CMC::computeControls, t = 0.209000
[2023-08-15 22:25:58.016] [info] CMC::computeControls, t = 0.21
[2023-08-15 22:25:58.049] [info] CMC::computeControls, t = 0.211
[2023-08-15 22:25:58.078] [info] CMC::computeControls, t = 0.212
[2023-08-15 22:25:58.108] [info] CMC::computeControls, t = 0.213
[2023-08-15 22:25:58.139] [info] CMC::computeControls, t = 0.214
[2023-08-15 22:25:58.168] [info] CMC::computeControls, t = 0.215
[2023-08-15 22:25:58.198] [info] CMC::computeControls, t = 0.216
[2023-08-15 22:25:58.229] [info] CMC::computeControls, t = 0.217
[2023-08-15 22:25:58.262] [info] CMC::computeControls, t = 0.218
[2023-08-15 22:25:58.288] [info] CMC::computeControls, t = 0.219
[2023-08-15 22:25:58.309] [info] CMC::computeControls, t = 0.22
[2023-08-15 22:25:58.334] [info] CMC::computeControls, t = 0.221
[2023-08-15 22:25:58.387] [info] CMC::computeControls, t = 0.222
[2023-08-15 22:25:58.430] [info] CMC::computeControls, t = 0.223
[2023-08-15 22:25:58.456] [info] CMC::computeControls, t = 0.224
[2023-08-15 22:25:58.508] [info] CMC::computeControls, t = 0.225
[2023-08-15 22:25:58.556] [info] CMC::computeControls, t = 0.226
[2023-08-15 22:25:58.629] [info] CMC::computeControls, t = 0.227
[2023-08-15 22:25:58.682] [info] CMC::computeControls, t = 0.228
[2023-08-15 22:25:58.730] [info] CMC::computeControls, t = 0.229
[2023-08-15 22:25:58.749] [info] CMC::computeControls, t = 0.23
[2023-08-15 22:25:58.775] [info] CMC::computeControls, t = 0.231
[2023-08-15 22:25:58.806] [info] CMC::computeControls, t = 0.232
[2023-08-15 22:25:58.842] [info] CMC::computeControls, t = 0.233
[2023-08-15 22:25:58.877] [info] CMC::computeControls, t = 0.234
[2023-08-15 22:25:58.910] [info] CMC::computeControls, t = 0.235
[2023-08-15 22:25:58.938] [info] CMC::computeControls, t = 0.236
[2023-08-15 22:25:58.970] [info] CMC::computeControls, t = 0.237
[2023-08-15 22:25:59.002] [info] CMC::computeControls, t = 0.238
[2023-08-15 22:25:59.031] [info] CMC::computeControls, t = 0.239
[2023-08-15 22:25:59.062] [info] CMC::computeControls, t = 0.24
[2023-08-15 22:25:59.088] [info] CMC::computeControls, t = 0.241
[2023-08-15 22:25:59.115] [info] CMC::computeControls, t = 0.242
[2023-08-15 22:25:59.145] [info] CMC::computeControls, t = 0.243
[2023-08-15 22:25:59.176] [info] CMC::computeControls, t = 0.244
[2023-08-15 22:25:59.210] [info] CMC::computeControls, t = 0.245
[2023-08-15 22:25:59.245] [info] CMC::computeControls, t = 0.246
[2023-08-15 22:25:59.276] [info] CMC::computeControls, t = 0.247
[2023-08-15 22:25:59.314] [info] CMC::computeControls, t = 0.248
[2023-08-15 22:25:59.366] [info] CMC::computeControls, t = 0.249
[2023-08-15 22:25:59.410] [info] CMC::computeControls, t = 0.25
[2023-08-15 22:25:59.447] [info] CMC::computeControls, t = 0.251
[2023-08-15 22:25:59.488] [info] CMC::computeControls, t = 0.252
[2023-08-15 22:25:59.528] [info] CMC::computeControls, t = 0.253
[2023-08-15 22:25:59.569] [info] CMC::computeControls, t = 0.254
[2023-08-15 22:25:59.604] [info] CMC::computeControls, t = 0.255
[2023-08-15 22:25:59.638] [info] CMC::computeControls, t = 0.256
[2023-08-15 22:25:59.667] [info] CMC::computeControls, t = 0.257
[2023-08-15 22:25:59.703] [info] CMC::computeControls, t = 0.258
[2023-08-15 22:25:59.735] [info] CMC::computeControls, t = 0.259
[2023-08-15 22:25:59.767] [info] CMC::computeControls, t = 0.26
[2023-08-15 22:25:59.802] [info] CMC::computeControls, t = 0.261
[2023-08-15 22:25:59.846] [info] CMC::computeControls, t = 0.262
[2023-08-15 22:25:59.890] [info] CMC::computeControls, t = 0.263
[2023-08-15 22:25:59.928] [info] CMC::computeControls, t = 0.264
[2023-08-15 22:25:59.974] [info] CMC::computeControls, t = 0.265
[2023-08-15 22:26:00.017] [info] CMC::computeControls, t = 0.266
[2023-08-15 22:26:00.059] [info] CMC::computeControls, t = 0.267
[2023-08-15 22:26:00.098] [info] CMC::computeControls, t = 0.268
[2023-08-15 22:26:00.138] [info] CMC::computeControls, t = 0.269
[2023-08-15 22:26:00.172] [info] CMC::computeControls, t = 0.27
[2023-08-15 22:26:00.209] [info] CMC::computeControls, t = 0.271
[2023-08-15 22:26:00.244] [info] CMC::computeControls, t = 0.272
[2023-08-15 22:26:00.275] [info] CMC::computeControls, t = 0.273
[2023-08-15 22:26:00.301] [info] CMC::computeControls, t = 0.274
[2023-08-15 22:26:00.333] [info] CMC::computeControls, t = 0.275
[2023-08-15 22:26:00.365] [info] CMC::computeControls, t = 0.276
[2023-08-15 22:26:00.394] [info] CMC::computeControls, t = 0.277
[2023-08-15 22:26:00.420] [info] CMC::computeControls, t = 0.278
[2023-08-15 22:26:00.450] [info] CMC::computeControls, t = 0.279
[2023-08-15 22:26:00.478] [info] CMC::computeControls, t = 0.28
[2023-08-15 22:26:00.520] [info] CMC::computeControls, t = 0.281
[2023-08-15 22:26:00.555] [info] CMC::computeControls, t = 0.282
[2023-08-15 22:26:00.591] [info] CMC::computeControls, t = 0.283
[2023-08-15 22:26:00.623] [info] CMC::computeControls, t = 0.284
[2023-08-15 22:26:00.655] [info] CMC::computeControls, t = 0.285
[2023-08-15 22:26:00.686] [info] CMC::computeControls, t = 0.286
[2023-08-15 22:26:00.717] [info] CMC::computeControls, t = 0.287
[2023-08-15 22:26:00.742] [info] CMC::computeControls, t = 0.288
[2023-08-15 22:26:00.774] [info] CMC::computeControls, t = 0.289
[2023-08-15 22:26:00.802] [info] CMC::computeControls, t = 0.29
[2023-08-15 22:26:00.842] [info] CMC::computeControls, t = 0.291
[2023-08-15 22:26:00.895] [info] CMC::computeControls, t = 0.292
[2023-08-15 22:26:00.921] [info] CMC::computeControls, t = 0.293
[2023-08-15 22:26:00.951] [info] CMC::computeControls, t = 0.294
[2023-08-15 22:26:00.984] [info] CMC::computeControls, t = 0.295
[2023-08-15 22:26:01.014] [info] CMC::computeControls, t = 0.296
[2023-08-15 22:26:01.044] [info] CMC::computeControls, t = 0.297
[2023-08-15 22:26:01.076] [info] CMC::computeControls, t = 0.298
[2023-08-15 22:26:01.102] [info] CMC::computeControls, t = 0.299
[2023-08-15 22:26:01.130] [info] CMC::computeControls, t = 0.3
[2023-08-15 22:26:01.163] [info] CMC::computeControls, t = 0.301000
[2023-08-15 22:26:01.193] [info] CMC::computeControls, t = 0.302000
[2023-08-15 22:26:01.226] [info] CMC::computeControls, t = 0.303000
[2023-08-15 22:26:01.260] [info] CMC::computeControls, t = 0.304000
[2023-08-15 22:26:01.293] [info] CMC::computeControls, t = 0.305000
[2023-08-15 22:26:01.327] [info] CMC::computeControls, t = 0.306000
[2023-08-15 22:26:01.362] [info] CMC::computeControls, t = 0.307000
[2023-08-15 22:26:01.396] [info] CMC::computeControls, t = 0.308000
[2023-08-15 22:26:01.427] [info] CMC::computeControls, t = 0.309000
[2023-08-15 22:26:01.450] [info] CMC::computeControls, t = 0.31
[2023-08-15 22:26:01.478] [info] CMC::computeControls, t = 0.311
[2023-08-15 22:26:01.508] [info] CMC::computeControls, t = 0.312
[2023-08-15 22:26:01.542] [info] CMC::computeControls, t = 0.313
[2023-08-15 22:26:01.579] [info] CMC::computeControls, t = 0.314
[2023-08-15 22:26:01.610] [info] CMC::computeControls, t = 0.315
[2023-08-15 22:26:01.650] [info] CMC::computeControls, t = 0.316
[2023-08-15 22:26:01.680] [info] CMC::computeControls, t = 0.317
[2023-08-15 22:26:01.713] [info] CMC::computeControls, t = 0.318
[2023-08-15 22:26:01.745] [info] CMC::computeControls, t = 0.319
[2023-08-15 22:26:01.777] [info] CMC::computeControls, t = 0.32
[2023-08-15 22:26:01.806] [info] CMC::computeControls, t = 0.321
[2023-08-15 22:26:01.841] [info] CMC::computeControls, t = 0.322
[2023-08-15 22:26:01.879] [info] CMC::computeControls, t = 0.323
[2023-08-15 22:26:01.914] [info] CMC::computeControls, t = 0.324
[2023-08-15 22:26:01.950] [info] CMC::computeControls, t = 0.325
[2023-08-15 22:26:01.983] [info] CMC::computeControls, t = 0.326
[2023-08-15 22:26:02.015] [info] CMC::computeControls, t = 0.327
[2023-08-15 22:26:02.044] [info] CMC::computeControls, t = 0.328
[2023-08-15 22:26:02.076] [info] CMC::computeControls, t = 0.329
[2023-08-15 22:26:02.107] [info] CMC::computeControls, t = 0.33
[2023-08-15 22:26:02.133] [info] CMC::computeControls, t = 0.331
[2023-08-15 22:26:02.167] [info] CMC::computeControls, t = 0.332
[2023-08-15 22:26:02.207] [info] CMC::computeControls, t = 0.333
[2023-08-15 22:26:02.235] [info] CMC::computeControls, t = 0.334
[2023-08-15 22:26:02.269] [info] CMC::computeControls, t = 0.335
[2023-08-15 22:26:02.299] [info] CMC::computeControls, t = 0.336
[2023-08-15 22:26:02.334] [info] CMC::computeControls, t = 0.337
[2023-08-15 22:26:02.366] [info] CMC::computeControls, t = 0.338
[2023-08-15 22:26:02.405] [info] CMC::computeControls, t = 0.339
[2023-08-15 22:26:02.436] [info] CMC::computeControls, t = 0.34
[2023-08-15 22:26:02.473] [info] CMC::computeControls, t = 0.341
[2023-08-15 22:26:02.509] [info] CMC::computeControls, t = 0.342
[2023-08-15 22:26:02.540] [info] CMC::computeControls, t = 0.343
[2023-08-15 22:26:02.579] [info] CMC::computeControls, t = 0.344
[2023-08-15 22:26:02.614] [info] CMC::computeControls, t = 0.345
[2023-08-15 22:26:02.646] [info] CMC::computeControls, t = 0.346
[2023-08-15 22:26:02.677] [info] CMC::computeControls, t = 0.347
[2023-08-15 22:26:02.709] [info] CMC::computeControls, t = 0.348
[2023-08-15 22:26:02.741] [info] CMC::computeControls, t = 0.349
[2023-08-15 22:26:02.770] [info] CMC::computeControls, t = 0.35
[2023-08-15 22:26:02.802] [info] CMC::computeControls, t = 0.351
[2023-08-15 22:26:02.839] [info] CMC::computeControls, t = 0.352
[2023-08-15 22:26:02.881] [info] CMC::computeControls, t = 0.353
[2023-08-15 22:26:02.936] [info] CMC::computeControls, t = 0.354
[2023-08-15 22:26:02.969] [info] CMC::computeControls, t = 0.355
[2023-08-15 22:26:03.004] [info] CMC::computeControls, t = 0.356
[2023-08-15 22:26:03.036] [info] CMC::computeControls, t = 0.357
[2023-08-15 22:26:03.070] [info] CMC::computeControls, t = 0.358
[2023-08-15 22:26:03.107] [info] CMC::computeControls, t = 0.359
[2023-08-15 22:26:03.165] [info] CMC::computeControls, t = 0.36
[2023-08-15 22:26:03.198] [info] CMC::computeControls, t = 0.361
[2023-08-15 22:26:03.229] [info] CMC::computeControls, t = 0.362
[2023-08-15 22:26:03.261] [info] CMC::computeControls, t = 0.363
[2023-08-15 22:26:03.288] [info] CMC::computeControls, t = 0.364
[2023-08-15 22:26:03.320] [info] CMC::computeControls, t = 0.365
[2023-08-15 22:26:03.349] [info] CMC::computeControls, t = 0.366
[2023-08-15 22:26:03.375] [info] CMC::computeControls, t = 0.367
[2023-08-15 22:26:03.408] [info] CMC::computeControls, t = 0.368
[2023-08-15 22:26:03.436] [info] CMC::computeControls, t = 0.369
[2023-08-15 22:26:03.465] [info] CMC::computeControls, t = 0.37
[2023-08-15 22:26:03.502] [info] CMC::computeControls, t = 0.371
[2023-08-15 22:26:03.537] [info] CMC::computeControls, t = 0.372
[2023-08-15 22:26:03.570] [info] CMC::computeControls, t = 0.373
[2023-08-15 22:26:03.600] [info] CMC::computeControls, t = 0.374
[2023-08-15 22:26:03.639] [info] CMC::computeControls, t = 0.375
[2023-08-15 22:26:03.670] [info] CMC::computeControls, t = 0.376
[2023-08-15 22:26:03.701] [info] CMC::computeControls, t = 0.377
[2023-08-15 22:26:03.740] [info] CMC::computeControls, t = 0.378
[2023-08-15 22:26:03.775] [info] CMC::computeControls, t = 0.379
[2023-08-15 22:26:03.810] [info] CMC::computeControls, t = 0.38
[2023-08-15 22:26:03.846] [info] CMC::computeControls, t = 0.381
[2023-08-15 22:26:03.878] [info] CMC::computeControls, t = 0.382
[2023-08-15 22:26:03.908] [info] CMC::computeControls, t = 0.383
[2023-08-15 22:26:03.934] [info] CMC::computeControls, t = 0.384
[2023-08-15 22:26:03.974] [info] CMC::computeControls, t = 0.385
[2023-08-15 22:26:04.023] [info] CMC::computeControls, t = 0.386
[2023-08-15 22:26:04.100] [info] CMC::computeControls, t = 0.387
[2023-08-15 22:26:04.141] [info] CMC::computeControls, t = 0.388
[2023-08-15 22:26:04.173] [info] CMC::computeControls, t = 0.389
[2023-08-15 22:26:04.209] [info] CMC::computeControls, t = 0.39
[2023-08-15 22:26:04.237] [info] CMC::computeControls, t = 0.391
[2023-08-15 22:26:04.265] [info] CMC::computeControls, t = 0.392
[2023-08-15 22:26:04.296] [info] CMC::computeControls, t = 0.393
[2023-08-15 22:26:04.322] [info] CMC::computeControls, t = 0.394
[2023-08-15 22:26:04.368] [info] CMC::computeControls, t = 0.395
[2023-08-15 22:26:04.397] [info] CMC::computeControls, t = 0.396
[2023-08-15 22:26:04.424] [info] CMC::computeControls, t = 0.397
[2023-08-15 22:26:04.458] [info] CMC::computeControls, t = 0.398
[2023-08-15 22:26:04.489] [info] CMC::computeControls, t = 0.399
[2023-08-15 22:26:04.525] [info] CMC::computeControls, t = 0.4
[2023-08-15 22:26:04.581] [info] CMC::computeControls, t = 0.401000
[2023-08-15 22:26:04.609] [info] CMC::computeControls, t = 0.402000
[2023-08-15 22:26:04.627] [info] CMC::computeControls, t = 0.403000
[2023-08-15 22:26:04.648] [info] CMC::computeControls, t = 0.404000
[2023-08-15 22:26:04.674] [info] CMC::computeControls, t = 0.405000
[2023-08-15 22:26:04.699] [info] CMC::computeControls, t = 0.406000
[2023-08-15 22:26:04.736] [info] CMC::computeControls, t = 0.407000
[2023-08-15 22:26:04.772] [info] CMC::computeControls, t = 0.408000
[2023-08-15 22:26:04.860] [info] CMC::computeControls, t = 0.409000
[2023-08-15 22:26:04.907] [info] CMC::computeControls, t = 0.41
[2023-08-15 22:26:04.973] [info] CMC::computeControls, t = 0.411
[2023-08-15 22:26:05.013] [info] CMC::computeControls, t = 0.412
[2023-08-15 22:26:05.050] [info] CMC::computeControls, t = 0.413
[2023-08-15 22:26:05.076] [info] CMC::computeControls, t = 0.414
[2023-08-15 22:26:05.122] [info] CMC::computeControls, t = 0.415
[2023-08-15 22:26:05.159] [info] CMC::computeControls, t = 0.416
[2023-08-15 22:26:05.236] [info] CMC::computeControls, t = 0.417
[2023-08-15 22:26:05.270] [info] CMC::computeControls, t = 0.418
[2023-08-15 22:26:05.302] [info] CMC::computeControls, t = 0.419
[2023-08-15 22:26:05.355] [info] CMC::computeControls, t = 0.42
[2023-08-15 22:26:05.392] [info] CMC::computeControls, t = 0.421
[2023-08-15 22:26:05.466] [info] CMC::computeControls, t = 0.422
[2023-08-15 22:26:05.518] [info] CMC::computeControls, t = 0.423
[2023-08-15 22:26:05.547] [info] CMC::computeControls, t = 0.424
[2023-08-15 22:26:05.572] [info] CMC::computeControls, t = 0.425
[2023-08-15 22:26:05.601] [info] CMC::computeControls, t = 0.426
[2023-08-15 22:26:05.628] [info] CMC::computeControls, t = 0.427
[2023-08-15 22:26:05.656] [info] CMC::computeControls, t = 0.428
[2023-08-15 22:26:05.685] [info] CMC::computeControls, t = 0.429
[2023-08-15 22:26:05.712] [info] CMC::computeControls, t = 0.43
[2023-08-15 22:26:05.740] [info] CMC::computeControls, t = 0.431
[2023-08-15 22:26:05.774] [info] CMC::computeControls, t = 0.432
[2023-08-15 22:26:05.803] [info] CMC::computeControls, t = 0.433
[2023-08-15 22:26:05.832] [info] CMC::computeControls, t = 0.434
[2023-08-15 22:26:05.862] [info] CMC::computeControls, t = 0.435
[2023-08-15 22:26:05.892] [info] CMC::computeControls, t = 0.436
[2023-08-15 22:26:05.921] [info] CMC::computeControls, t = 0.437
[2023-08-15 22:26:05.950] [info] CMC::computeControls, t = 0.438
[2023-08-15 22:26:05.979] [info] CMC::computeControls, t = 0.439
[2023-08-15 22:26:06.004] [info] CMC::computeControls, t = 0.44
[2023-08-15 22:26:06.055] [info] CMC::computeControls, t = 0.441
[2023-08-15 22:26:06.126] [info] CMC::computeControls, t = 0.442
[2023-08-15 22:26:06.185] [info] CMC::computeControls, t = 0.443
[2023-08-15 22:26:06.247] [info] CMC::computeControls, t = 0.444
[2023-08-15 22:26:06.298] [info] CMC::computeControls, t = 0.445
[2023-08-15 22:26:06.354] [info] CMC::computeControls, t = 0.446
[2023-08-15 22:26:06.401] [info] CMC::computeControls, t = 0.447
[2023-08-15 22:26:06.451] [info] CMC::computeControls, t = 0.448
[2023-08-15 22:26:06.499] [info] CMC::computeControls, t = 0.449
[2023-08-15 22:26:06.532] [info] CMC::computeControls, t = 0.45
[2023-08-15 22:26:06.567] [info] CMC::computeControls, t = 0.451
[2023-08-15 22:26:06.611] [info] CMC::computeControls, t = 0.452
[2023-08-15 22:26:06.655] [info] CMC::computeControls, t = 0.453
[2023-08-15 22:26:06.710] [info] CMC::computeControls, t = 0.454
[2023-08-15 22:26:06.738] [info] CMC::computeControls, t = 0.455
[2023-08-15 22:26:06.761] [info] CMC::computeControls, t = 0.456
[2023-08-15 22:26:06.793] [info] CMC::computeControls, t = 0.457
[2023-08-15 22:26:06.840] [info] CMC::computeControls, t = 0.458
[2023-08-15 22:26:06.866] [info] CMC::computeControls, t = 0.459
[2023-08-15 22:26:06.896] [info] CMC::computeControls, t = 0.46
[2023-08-15 22:26:06.924] [info] CMC::computeControls, t = 0.461
[2023-08-15 22:26:06.954] [info] CMC::computeControls, t = 0.462
[2023-08-15 22:26:06.992] [info] CMC::computeControls, t = 0.463
[2023-08-15 22:26:07.022] [info] CMC::computeControls, t = 0.464
[2023-08-15 22:26:07.065] [info] CMC::computeControls, t = 0.465
[2023-08-15 22:26:07.114] [info] CMC::computeControls, t = 0.466
[2023-08-15 22:26:07.178] [info] CMC::computeControls, t = 0.467
[2023-08-15 22:26:07.239] [info] CMC::computeControls, t = 0.468
[2023-08-15 22:26:07.281] [info] CMC::computeControls, t = 0.469
[2023-08-15 22:26:07.306] [info] CMC::computeControls, t = 0.47
[2023-08-15 22:26:07.340] [info] CMC::computeControls, t = 0.471
[2023-08-15 22:26:07.365] [info] CMC::computeControls, t = 0.472
[2023-08-15 22:26:07.393] [info] CMC::computeControls, t = 0.473
[2023-08-15 22:26:07.422] [info] CMC::computeControls, t = 0.474
[2023-08-15 22:26:07.454] [info] CMC::computeControls, t = 0.475
[2023-08-15 22:26:07.471] [info] CMC::computeControls, t = 0.476
[2023-08-15 22:26:07.499] [info] CMC::computeControls, t = 0.477
[2023-08-15 22:26:07.526] [info] CMC::computeControls, t = 0.478
[2023-08-15 22:26:07.572] [info] CMC::computeControls, t = 0.479
[2023-08-15 22:26:07.607] [info] CMC::computeControls, t = 0.48
[2023-08-15 22:26:07.631] [info] CMC::computeControls, t = 0.481
[2023-08-15 22:26:07.676] [info] CMC::computeControls, t = 0.482
[2023-08-15 22:26:07.698] [info] CMC::computeControls, t = 0.483
[2023-08-15 22:26:07.726] [info] CMC::computeControls, t = 0.484
[2023-08-15 22:26:07.749] [info] CMC::computeControls, t = 0.485
[2023-08-15 22:26:07.768] [info] CMC::computeControls, t = 0.486
[2023-08-15 22:26:07.791] [info] CMC::computeControls, t = 0.487
[2023-08-15 22:26:07.809] [info] CMC::computeControls, t = 0.488
[2023-08-15 22:26:07.831] [info] CMC::computeControls, t = 0.489
[2023-08-15 22:26:07.860] [info] CMC::computeControls, t = 0.49
[2023-08-15 22:26:07.916] [info] CMC::computeControls, t = 0.491
[2023-08-15 22:26:07.998] [info] CMC::computeControls, t = 0.492
[2023-08-15 22:26:08.028] [info] CMC::computeControls, t = 0.493
[2023-08-15 22:26:08.057] [info] CMC::computeControls, t = 0.494
[2023-08-15 22:26:08.086] [info] CMC::computeControls, t = 0.495
[2023-08-15 22:26:08.117] [info] CMC::computeControls, t = 0.496
[2023-08-15 22:26:08.143] [info] CMC::computeControls, t = 0.497
[2023-08-15 22:26:08.175] [info] CMC::computeControls, t = 0.498
[2023-08-15 22:26:08.200] [info] CMC::computeControls, t = 0.499
[2023-08-15 22:26:08.229] [info] CMC::computeControls, t = 0.5
[2023-08-15 22:26:08.252] [info] CMC::computeControls, t = 0.501000
[2023-08-15 22:26:08.283] [info] CMC::computeControls, t = 0.502000
[2023-08-15 22:26:08.346] [info] CMC::computeControls, t = 0.503000
[2023-08-15 22:26:08.419] [info] CMC::computeControls, t = 0.504000
[2023-08-15 22:26:08.477] [info] CMC::computeControls, t = 0.505000
[2023-08-15 22:26:08.546] [info] CMC::computeControls, t = 0.506000
[2023-08-15 22:26:08.573] [info] CMC::computeControls, t = 0.507000
[2023-08-15 22:26:08.601] [info] CMC::computeControls, t = 0.508000
[2023-08-15 22:26:08.629] [info] CMC::computeControls, t = 0.509000
[2023-08-15 22:26:08.656] [info] CMC::computeControls, t = 0.51
[2023-08-15 22:26:08.677] [info] CMC::computeControls, t = 0.511
[2023-08-15 22:26:08.713] [info] CMC::computeControls, t = 0.512
[2023-08-15 22:26:08.770] [info] CMC::computeControls, t = 0.513
[2023-08-15 22:26:08.804] [info] CMC::computeControls, t = 0.514
[2023-08-15 22:26:08.835] [info] CMC::computeControls, t = 0.515
[2023-08-15 22:26:08.867] [info] CMC::computeControls, t = 0.516
[2023-08-15 22:26:08.910] [info] CMC::computeControls, t = 0.517
[2023-08-15 22:26:08.941] [info] CMC::computeControls, t = 0.518
[2023-08-15 22:26:08.969] [info] CMC::computeControls, t = 0.519
[2023-08-15 22:26:08.997] [info] CMC::computeControls, t = 0.52
[2023-08-15 22:26:09.017] [info] CMC::computeControls, t = 0.521
[2023-08-15 22:26:09.043] [info] CMC::computeControls, t = 0.522
[2023-08-15 22:26:09.096] [info] CMC::computeControls, t = 0.523
[2023-08-15 22:26:09.137] [info] CMC::computeControls, t = 0.524
[2023-08-15 22:26:09.160] [info] CMC::computeControls, t = 0.525
[2023-08-15 22:26:09.212] [info] CMC::computeControls, t = 0.526
[2023-08-15 22:26:09.241] [info] CMC::computeControls, t = 0.527
[2023-08-15 22:26:09.266] [info] CMC::computeControls, t = 0.528
[2023-08-15 22:26:09.317] [info] CMC::computeControls, t = 0.529
[2023-08-15 22:26:09.389] [info] CMC::computeControls, t = 0.53
[2023-08-15 22:26:09.437] [info] CMC::computeControls, t = 0.531
[2023-08-15 22:26:09.458] [info] CMC::computeControls, t = 0.532
[2023-08-15 22:26:09.504] [info] CMC::computeControls, t = 0.533
[2023-08-15 22:26:09.530] [info] CMC::computeControls, t = 0.534
[2023-08-15 22:26:09.568] [info] CMC::computeControls, t = 0.535
[2023-08-15 22:26:09.594] [info] CMC::computeControls, t = 0.536
[2023-08-15 22:26:09.625] [info] CMC::computeControls, t = 0.537
[2023-08-15 22:26:09.667] [info] CMC::computeControls, t = 0.538
[2023-08-15 22:26:09.695] [info] CMC::computeControls, t = 0.539
[2023-08-15 22:26:09.718] [info] CMC::computeControls, t = 0.54
[2023-08-15 22:26:09.759] [info] CMC::computeControls, t = 0.541
[2023-08-15 22:26:09.797] [info] CMC::computeControls, t = 0.542
[2023-08-15 22:26:09.829] [info] CMC::computeControls, t = 0.543
[2023-08-15 22:26:09.870] [info] CMC::computeControls, t = 0.544
[2023-08-15 22:26:09.924] [info] CMC::computeControls, t = 0.545
[2023-08-15 22:26:09.961] [info] CMC::computeControls, t = 0.546
[2023-08-15 22:26:09.992] [info] CMC::computeControls, t = 0.547
[2023-08-15 22:26:10.019] [info] CMC::computeControls, t = 0.548
[2023-08-15 22:26:10.042] [info] CMC::computeControls, t = 0.549
[2023-08-15 22:26:10.065] [info] CMC::computeControls, t = 0.55
[2023-08-15 22:26:10.128] [info] CMC::computeControls, t = 0.551
[2023-08-15 22:26:10.192] [info] CMC::computeControls, t = 0.552
[2023-08-15 22:26:10.221] [info] CMC::computeControls, t = 0.553
[2023-08-15 22:26:10.265] [info] CMC::computeControls, t = 0.554
[2023-08-15 22:26:10.292] [info] CMC::computeControls, t = 0.555
[2023-08-15 22:26:10.321] [info] CMC::computeControls, t = 0.556
[2023-08-15 22:26:10.378] [info] CMC::computeControls, t = 0.557
[2023-08-15 22:26:10.446] [info] CMC::computeControls, t = 0.558
[2023-08-15 22:26:10.488] [info] CMC::computeControls, t = 0.559
[2023-08-15 22:26:10.519] [info] CMC::computeControls, t = 0.56
[2023-08-15 22:26:10.593] [info] CMC::computeControls, t = 0.561
[2023-08-15 22:26:10.637] [info] CMC::computeControls, t = 0.562
[2023-08-15 22:26:10.671] [info] CMC::computeControls, t = 0.563
[2023-08-15 22:26:10.699] [info] CMC::computeControls, t = 0.564
[2023-08-15 22:26:10.732] [info] CMC::computeControls, t = 0.565
[2023-08-15 22:26:10.764] [info] CMC::computeControls, t = 0.566
[2023-08-15 22:26:10.794] [info] CMC::computeControls, t = 0.567
[2023-08-15 22:26:10.822] [info] CMC::computeControls, t = 0.568
[2023-08-15 22:26:10.859] [info] CMC::computeControls, t = 0.569
[2023-08-15 22:26:10.894] [info] CMC::computeControls, t = 0.57
[2023-08-15 22:26:10.927] [info] CMC::computeControls, t = 0.571
[2023-08-15 22:26:10.958] [info] CMC::computeControls, t = 0.572
[2023-08-15 22:26:10.987] [info] CMC::computeControls, t = 0.573
[2023-08-15 22:26:11.017] [info] CMC::computeControls, t = 0.574
[2023-08-15 22:26:11.042] [info] CMC::computeControls, t = 0.575
[2023-08-15 22:26:11.071] [info] CMC::computeControls, t = 0.576
[2023-08-15 22:26:11.099] [info] CMC::computeControls, t = 0.577
[2023-08-15 22:26:11.161] [info] CMC::computeControls, t = 0.578
[2023-08-15 22:26:11.208] [info] CMC::computeControls, t = 0.579
[2023-08-15 22:26:11.237] [info] CMC::computeControls, t = 0.58
[2023-08-15 22:26:11.271] [info] CMC::computeControls, t = 0.581
[2023-08-15 22:26:11.303] [info] CMC::computeControls, t = 0.582
[2023-08-15 22:26:11.332] [info] CMC::computeControls, t = 0.583
[2023-08-15 22:26:11.359] [info] CMC::computeControls, t = 0.584
[2023-08-15 22:26:11.380] [info] CMC::computeControls, t = 0.585
[2023-08-15 22:26:11.413] [info] CMC::computeControls, t = 0.586
[2023-08-15 22:26:11.454] [info] CMC::computeControls, t = 0.587
[2023-08-15 22:26:11.504] [info] CMC::computeControls, t = 0.588
[2023-08-15 22:26:11.553] [info] CMC::computeControls, t = 0.589
[2023-08-15 22:26:11.584] [info] CMC::computeControls, t = 0.59
[2023-08-15 22:26:11.622] [info] CMC::computeControls, t = 0.591
[2023-08-15 22:26:11.650] [info] CMC::computeControls, t = 0.592
[2023-08-15 22:26:11.694] [info] CMC::computeControls, t = 0.593
[2023-08-15 22:26:11.727] [info] CMC::computeControls, t = 0.594
[2023-08-15 22:26:11.752] [info] CMC::computeControls, t = 0.595
[2023-08-15 22:26:11.787] [info] CMC::computeControls, t = 0.596
[2023-08-15 22:26:11.831] [info] CMC::computeControls, t = 0.597
[2023-08-15 22:26:11.866] [info] CMC::computeControls, t = 0.598
[2023-08-15 22:26:11.938] [info] CMC::computeControls, t = 0.599
[2023-08-15 22:26:11.992] [info] CMC::computeControls, t = 0.6
[2023-08-15 22:26:12.013] [info] CMC::computeControls, t = 0.601000
[2023-08-15 22:26:12.040] [info] CMC::computeControls, t = 0.602000
[2023-08-15 22:26:12.067] [info] CMC::computeControls, t = 0.603000
[2023-08-15 22:26:12.089] [info] CMC::computeControls, t = 0.604000
[2023-08-15 22:26:12.115] [info] CMC::computeControls, t = 0.605000
[2023-08-15 22:26:12.134] [info] CMC::computeControls, t = 0.606000
[2023-08-15 22:26:12.153] [info] CMC::computeControls, t = 0.607000
[2023-08-15 22:26:12.179] [info] CMC::computeControls, t = 0.608000
[2023-08-15 22:26:12.214] [info] CMC::computeControls, t = 0.609000
[2023-08-15 22:26:12.237] [info] CMC::computeControls, t = 0.61
[2023-08-15 22:26:12.261] [info] CMC::computeControls, t = 0.611
[2023-08-15 22:26:12.282] [info] CMC::computeControls, t = 0.612
[2023-08-15 22:26:12.311] [info] CMC::computeControls, t = 0.613
[2023-08-15 22:26:12.336] [info] CMC::computeControls, t = 0.614
[2023-08-15 22:26:12.361] [info] CMC::computeControls, t = 0.615
[2023-08-15 22:26:12.395] [info] CMC::computeControls, t = 0.616
[2023-08-15 22:26:12.427] [info] CMC::computeControls, t = 0.617
[2023-08-15 22:26:12.464] [info] CMC::computeControls, t = 0.618
[2023-08-15 22:26:12.490] [info] CMC::computeControls, t = 0.619
[2023-08-15 22:26:12.528] [info] CMC::computeControls, t = 0.62
[2023-08-15 22:26:12.556] [info] CMC::computeControls, t = 0.621
[2023-08-15 22:26:12.585] [info] CMC::computeControls, t = 0.622
[2023-08-15 22:26:12.626] [info] CMC::computeControls, t = 0.623
[2023-08-15 22:26:12.652] [info] CMC::computeControls, t = 0.624
[2023-08-15 22:26:12.680] [info] CMC::computeControls, t = 0.625
[2023-08-15 22:26:12.704] [info] CMC::computeControls, t = 0.626
[2023-08-15 22:26:12.744] [info] CMC::computeControls, t = 0.627
[2023-08-15 22:26:12.773] [info] CMC::computeControls, t = 0.628
[2023-08-15 22:26:12.808] [info] CMC::computeControls, t = 0.629
[2023-08-15 22:26:12.838] [info] CMC::computeControls, t = 0.63
[2023-08-15 22:26:12.859] [info] CMC::computeControls, t = 0.631
[2023-08-15 22:26:12.900] [info] CMC::computeControls, t = 0.632
[2023-08-15 22:26:12.951] [info] CMC::computeControls, t = 0.633
[2023-08-15 22:26:12.975] [info] CMC::computeControls, t = 0.634
[2023-08-15 22:26:13.007] [info] CMC::computeControls, t = 0.635
[2023-08-15 22:26:13.041] [info] CMC::computeControls, t = 0.636
[2023-08-15 22:26:13.067] [info] CMC::computeControls, t = 0.637
[2023-08-15 22:26:13.100] [info] CMC::computeControls, t = 0.638
[2023-08-15 22:26:13.128] [info] CMC::computeControls, t = 0.639
[2023-08-15 22:26:13.161] [info] CMC::computeControls, t = 0.64
[2023-08-15 22:26:13.184] [info] CMC::computeControls, t = 0.641
[2023-08-15 22:26:13.212] [info] CMC::computeControls, t = 0.642
[2023-08-15 22:26:13.243] [info] CMC::computeControls, t = 0.643
[2023-08-15 22:26:13.276] [info] CMC::computeControls, t = 0.644
[2023-08-15 22:26:13.306] [info] CMC::computeControls, t = 0.645
[2023-08-15 22:26:13.353] [info] CMC::computeControls, t = 0.646
[2023-08-15 22:26:13.375] [info] CMC::computeControls, t = 0.647
[2023-08-15 22:26:13.394] [info] CMC::computeControls, t = 0.648
[2023-08-15 22:26:13.414] [info] CMC::computeControls, t = 0.649
[2023-08-15 22:26:13.432] [info] CMC::computeControls, t = 0.65
[2023-08-15 22:26:13.449] [info] CMC::computeControls, t = 0.651
[2023-08-15 22:26:13.466] [info] CMC::computeControls, t = 0.652
[2023-08-15 22:26:13.485] [info] CMC::computeControls, t = 0.653
[2023-08-15 22:26:13.510] [info] CMC::computeControls, t = 0.654
[2023-08-15 22:26:13.527] [info] CMC::computeControls, t = 0.655
[2023-08-15 22:26:13.553] [info] CMC::computeControls, t = 0.656
[2023-08-15 22:26:13.572] [info] CMC::computeControls, t = 0.657
[2023-08-15 22:26:13.591] [info] CMC::computeControls, t = 0.658
[2023-08-15 22:26:13.614] [info] CMC::computeControls, t = 0.659
[2023-08-15 22:26:13.641] [info] CMC::computeControls, t = 0.66
[2023-08-15 22:26:13.669] [info] CMC::computeControls, t = 0.661
[2023-08-15 22:26:13.722] [info] CMC::computeControls, t = 0.662
[2023-08-15 22:26:13.759] [info] CMC::computeControls, t = 0.663
[2023-08-15 22:26:13.812] [info] CMC::computeControls, t = 0.664
[2023-08-15 22:26:13.875] [info] CMC::computeControls, t = 0.665
[2023-08-15 22:26:13.925] [info] CMC::computeControls, t = 0.666
[2023-08-15 22:26:13.957] [info] CMC::computeControls, t = 0.667
[2023-08-15 22:26:13.999] [info] CMC::computeControls, t = 0.668
[2023-08-15 22:26:14.016] [info] CMC::computeControls, t = 0.669
[2023-08-15 22:26:14.046] [info] CMC::computeControls, t = 0.67
[2023-08-15 22:26:14.091] [info] CMC::computeControls, t = 0.671
[2023-08-15 22:26:14.140] [info] CMC::computeControls, t = 0.672
[2023-08-15 22:26:14.185] [info] CMC::computeControls, t = 0.673
[2023-08-15 22:26:14.221] [info] CMC::computeControls, t = 0.674
[2023-08-15 22:26:14.255] [info] CMC::computeControls, t = 0.675
[2023-08-15 22:26:14.281] [info] CMC::computeControls, t = 0.676
[2023-08-15 22:26:14.310] [info] CMC::computeControls, t = 0.677
[2023-08-15 22:26:14.335] [info] CMC::computeControls, t = 0.678
[2023-08-15 22:26:14.359] [info] CMC::computeControls, t = 0.679
[2023-08-15 22:26:14.388] [info] CMC::computeControls, t = 0.68
[2023-08-15 22:26:14.416] [info] CMC::computeControls, t = 0.681
[2023-08-15 22:26:14.436] [info] CMC::computeControls, t = 0.682
[2023-08-15 22:26:14.485] [info] CMC::computeControls, t = 0.683
[2023-08-15 22:26:14.516] [info] CMC::computeControls, t = 0.684
[2023-08-15 22:26:14.544] [info] CMC::computeControls, t = 0.685
[2023-08-15 22:26:14.570] [info] CMC::computeControls, t = 0.686
[2023-08-15 22:26:14.592] [info] CMC::computeControls, t = 0.687
[2023-08-15 22:26:14.669] [info] CMC::computeControls, t = 0.688
[2023-08-15 22:26:14.715] [info] CMC::computeControls, t = 0.689
[2023-08-15 22:26:14.738] [info] -------------------------------------------
[2023-08-15 22:26:14.738] [info] Finished tracking the specified kinematics:
[2023-08-15 22:26:14.738] [info] -------------------------------------------
[2023-08-15 22:26:14.739] [info]  -- Start time = Tue Aug 15 22:25:55 2023
[2023-08-15 22:26:14.739] [info]  -- Finish time = Tue Aug 15 22:26:14 2023
[2023-08-15 22:26:14.739] [info]  -- Elapsed time = 19.0 seconds.
[2023-08-15 22:26:14.739] [info] -------------------------------------------
[2023-08-15 22:26:14.739] [info] 
[2023-08-15 22:26:14.739] [info] Printing results of investigation subject11_run5_cycle1_iter1 to cycle1/
[2023-08-15 22:26:15.664] [info] 

************************************************************
*      Summary of Mass Adjustments to Reduce Residuals     *
************************************************************
* Body adjusted: torso
* Mass Center (COM) adjustment: dx =-0.1, dz =0.00340577
* New COM location: ~[0.0699452,0.320585,-0.00340577]
************************************************************
* Recommended mass adjustments:                             
*  Total mass change: 1.85897
*  pelvis: orig mass = 10.8666, new mass = 11.1579
*  femur_r: orig mass = 8.58239, new mass = 8.81243
*  tibia_r: orig mass = 3.42091, new mass = 3.5126
*  talus_r: orig mass = 0.0922699, new mass = 0.0947431
*  calcn_r: orig mass = 1.15337, new mass = 1.18429
*  toes_r: orig mass = 0.199857, new mass = 0.205213
*  femur_l: orig mass = 8.58239, new mass = 8.81243
*  tibia_l: orig mass = 3.42091, new mass = 3.5126
*  talus_l: orig mass = 0.0922699, new mass = 0.0947431
*  calcn_l: orig mass = 1.15337, new mass = 1.18429
*  toes_l: orig mass = 0.199857, new mass = 0.205213
*  torso: orig mass = 24.7529, new mass = 25.4163
*  humerus_r: orig mass = 1.87538, new mass = 1.92565
*  ulna_r: orig mass = 0.560539, new mass = 0.575564
*  radius_r: orig mass = 0.560539, new mass = 0.575564
*  hand_r: orig mass = 0.422135, new mass = 0.43345
*  humerus_l: orig mass = 1.87538, new mass = 1.92565
*  ulna_l: orig mass = 0.560539, new mass = 0.575564
*  radius_l: orig mass = 0.560539, new mass = 0.575564
*  hand_l: orig mass = 0.422135, new mass = 0.43345
************************************************************
* Note: Edit the model to make recommended adjustments to  *
*       mass properties.                                   *
************************************************************

* Average residuals before adjusting torso COM:
*  FX=5.91817 FY=-18.2303 FZ=-4.35104
*  MX=-0.826725 MY=1.72549 MZ=-36.2447
************************************************************
* Average residuals after adjusting torso COM:
*  FX=5.55459 FY=-18.9115 FZ=-3.70539
*  MX=0.272932 MY=1.68515 MZ=-13.2313
************************************************************


[2023-08-15 22:26:15.664] [info] 
************************************************************
*                   Final Average Residuals                *
************************************************************
* After torso COM and Kinematics adjustments:
*  FX=6.40501 FY=-3.29982 FZ=-1.95776
*  MX=0.986 MY=-1.133 MZ=7.35777
************************************************************


