[2023-08-15 22:16:22.869] [info] Storage: read data file = ..\rra1\cycle1\subject08_run5_cycle1_iter1_Kinematics_q.sto (nr=677 nc=38)
[2023-08-15 22:16:22.921] [info] Storage: read data file = ..\rra1\cycle1\subject08_run5_cycle1_iter1_Kinematics_q.sto (nr=677 nc=38)
[2023-08-15 22:16:22.982] [info] AbstractTool subject08_run5_cycle1_iter2 loading model ..\rra1\cycle1\subject08_run5_cycle1_rraAdjusted_iter1.osim
[2023-08-15 22:16:23.042] [info] Loaded model subject08_scaled from file ..\rra1\cycle1\subject08_run5_cycle1_rraAdjusted_iter1.osim
[2023-08-15 22:16:23.081] [info] Adding force object set from ..\subject08_run5_RRA_Actuators.xml
[2023-08-15 22:16:23.096] [info] Running tool subject08_run5_cycle1_iter2.
[2023-08-15 22:16:23.121] [warning] ExternalLoads 'externalloads' has subcomponents with duplicate name 'externalforce'. The duplicate is being renamed to 'externalforce_0'.
[2023-08-15 22:16:23.142] [info] 	taskSet size = 29.
[2023-08-15 22:16:23.199] [info] ExternalForce::externalforce Data source being set to Run_500 03_newCOP3_v24.mot
[2023-08-15 22:16:23.199] [info] ExternalForce::externalforce_0 Data source being set to Run_500 03_newCOP3_v24.mot
[2023-08-15 22:16:23.203] [warning] A desired points file was not specified.
[2023-08-15 22:16:23.203] [info] Loading desired kinematics from file '..\rra1\cycle1\subject08_run5_cycle1_iter1_Kinematics_q.sto'...
[2023-08-15 22:16:23.203] [info] Storage: read data file = ..\rra1\cycle1\subject08_run5_cycle1_iter1_Kinematics_q.sto (nr=677 nc=38)
[2023-08-15 22:16:23.243] [info] Not filtering the desired kinematics.
[2023-08-15 22:16:23.244] [cout] [info] MODEL: subject08_scaled

numStates = 74
numCoordinates = 37
numSpeeds = 37
numActuators = 29
numBodies = 20
numConstraints = 0
numProbes = 0

ANALYSES (total: 0)

BODIES (total: 20)
body[0] = pelvis. mass: 12.7509
              moments of inertia:  ~[0.145167,0.145167,0.0726748]
              products of inertia: ~[0,0,0]
body[1] = femur_r. mass: 10.0706
              moments of inertia:  ~[0.167005,0.0437779,0.17611]
              products of inertia: ~[0,0,0]
body[2] = tibia_r. mass: 4.01408
              moments of inertia:  ~[0.0686582,0.0058898,0.0686582]
              products of inertia: ~[0,0,0]
body[3] = talus_r. mass: 0.108269
              moments of inertia:  ~[0.00126763,0.00126763,0.00126763]
              products of inertia: ~[0,0,0]
body[4] = calcn_r. mass: 1.35337
              moments of inertia:  ~[0.00177469,0.00494377,0.0051973]
              products of inertia: ~[0,0,0]
body[5] = toes_r. mass: 0.234511
              moments of inertia:  ~[0.000126763,0.000253527,0.00126763]
              products of inertia: ~[0,0,0]
body[6] = femur_l. mass: 10.0706
              moments of inertia:  ~[0.167005,0.0437779,0.17611]
              products of inertia: ~[0,0,0]
body[7] = tibia_l. mass: 4.01408
              moments of inertia:  ~[0.0686582,0.0058898,0.0686582]
              products of inertia: ~[0,0,0]
body[8] = talus_l. mass: 0.108269
              moments of inertia:  ~[0.00126763,0.00126763,0.00126763]
              products of inertia: ~[0,0,0]
body[9] = calcn_l. mass: 1.35337
              moments of inertia:  ~[0.00177469,0.00494377,0.0051973]
              products of inertia: ~[0,0,0]
body[10] = toes_l. mass: 0.234511
              moments of inertia:  ~[0.000126763,0.000253527,0.00126763]
              products of inertia: ~[0,0,0]
body[11] = torso. mass: 29.045
              moments of inertia:  ~[1.74167,0.892391,1.69076]
              products of inertia: ~[0,0,0]
body[12] = humerus_r. mass: 2.20057
              moments of inertia:  ~[0.0142055,0.00490046,0.0159452]
              products of inertia: ~[0,0,0]
body[13] = ulna_r. mass: 0.657736
              moments of inertia:  ~[0.00362196,0.000755697,0.00392889]
              products of inertia: ~[0,0,0]
body[14] = radius_r. mass: 0.657736
              moments of inertia:  ~[0.00362196,0.000755697,0.00392889]
              products of inertia: ~[0,0,0]
body[15] = hand_r. mass: 0.495332
              moments of inertia:  ~[0.00109075,0.000668877,0.00163857]
              products of inertia: ~[0,0,0]
body[16] = humerus_l. mass: 2.20057
              moments of inertia:  ~[0.0142055,0.00490046,0.0159452]
              products of inertia: ~[0,0,0]
body[17] = ulna_l. mass: 0.657736
              moments of inertia:  ~[0.00362196,0.000755697,0.00392889]
              products of inertia: ~[0,0,0]
body[18] = radius_l. mass: 0.657736
              moments of inertia:  ~[0.00362196,0.000755697,0.00392889]
              products of inertia: ~[0,0,0]
body[19] = hand_l. mass: 0.495332
              moments of inertia:  ~[0.00109075,0.000668877,0.00163857]
              products of inertia: ~[0,0,0]

JOINTS (total: 20)
joint[0] = ground_pelvis. parent: ground_offset, child: pelvis_offset
joint[1] = hip_r. parent: pelvis_offset, child: femur_r_offset
joint[2] = knee_r. parent: femur_r_offset, child: tibia_r_offset
joint[3] = ankle_r. parent: tibia_r_offset, child: talus_r_offset
joint[4] = subtalar_r. parent: talus_r_offset, child: calcn_r_offset
joint[5] = mtp_r. parent: calcn_r_offset, child: toes_r_offset
joint[6] = hip_l. parent: pelvis_offset, child: femur_l_offset
joint[7] = knee_l. parent: femur_l_offset, child: tibia_l_offset
joint[8] = ankle_l. parent: tibia_l_offset, child: talus_l_offset
joint[9] = subtalar_l. parent: talus_l_offset, child: calcn_l_offset
joint[10] = mtp_l. parent: calcn_l_offset, child: toes_l_offset
joint[11] = back. parent: pelvis_offset, child: torso_offset
joint[12] = acromial_r. parent: torso_offset, child: humerus_r_offset
joint[13] = elbow_r. parent: humerus_r_offset, child: ulna_r_offset
joint[14] = radioulnar_r. parent: ulna_r_offset, child: radius_r_offset
joint[15] = radius_hand_r. parent: radius_r_offset, child: hand_r_offset
joint[16] = acromial_l. parent: torso_offset, child: humerus_l_offset
joint[17] = elbow_l. parent: humerus_l_offset, child: ulna_l_offset
joint[18] = radioulnar_l. parent: ulna_l_offset, child: radius_l_offset
joint[19] = radius_hand_l. parent: radius_l_offset, child: hand_l_offset

ACTUATORS (total: 29)
actuator[0] = FX
actuator[1] = FY
actuator[2] = FZ
actuator[3] = MZ
actuator[4] = MX
actuator[5] = MY
actuator[6] = hip_flexion_r
actuator[7] = hip_adduction_r
actuator[8] = hip_rotation_r
actuator[9] = knee_angle_r
actuator[10] = ankle_angle_r
actuator[11] = hip_flexion_l
actuator[12] = hip_adduction_l
actuator[13] = hip_rotation_l
actuator[14] = knee_angle_l
actuator[15] = ankle_angle_l
actuator[16] = lumbar_extension
actuator[17] = lumbar_bending
actuator[18] = lumbar_rotation
actuator[19] = arm_flex_r
actuator[20] = arm_add_r
actuator[21] = arm_rot_r
actuator[22] = elbow_flex_r
actuator[23] = pro_sup_r
actuator[24] = arm_flex_l
actuator[25] = arm_add_l
actuator[26] = arm_rot_l
actuator[27] = elbow_flex_l
actuator[28] = pro_sup_l

STATES (total: 74)
y[0] = /jointset/ground_pelvis/pelvis_tilt/value
y[1] = /jointset/ground_pelvis/pelvis_tilt/speed
y[2] = /jointset/ground_pelvis/pelvis_list/value
y[3] = /jointset/ground_pelvis/pelvis_list/speed
y[4] = /jointset/ground_pelvis/pelvis_rotation/value
y[5] = /jointset/ground_pelvis/pelvis_rotation/speed
y[6] = /jointset/ground_pelvis/pelvis_tx/value
y[7] = /jointset/ground_pelvis/pelvis_tx/speed
y[8] = /jointset/ground_pelvis/pelvis_ty/value
y[9] = /jointset/ground_pelvis/pelvis_ty/speed
y[10] = /jointset/ground_pelvis/pelvis_tz/value
y[11] = /jointset/ground_pelvis/pelvis_tz/speed
y[12] = /jointset/hip_r/hip_flexion_r/value
y[13] = /jointset/hip_r/hip_flexion_r/speed
y[14] = /jointset/hip_r/hip_adduction_r/value
y[15] = /jointset/hip_r/hip_adduction_r/speed
y[16] = /jointset/hip_r/hip_rotation_r/value
y[17] = /jointset/hip_r/hip_rotation_r/speed
y[18] = /jointset/knee_r/knee_angle_r/value
y[19] = /jointset/knee_r/knee_angle_r/speed
y[20] = /jointset/ankle_r/ankle_angle_r/value
y[21] = /jointset/ankle_r/ankle_angle_r/speed
y[22] = /jointset/subtalar_r/subtalar_angle_r/value
y[23] = /jointset/subtalar_r/subtalar_angle_r/speed
y[24] = /jointset/mtp_r/mtp_angle_r/value
y[25] = /jointset/mtp_r/mtp_angle_r/speed
y[26] = /jointset/hip_l/hip_flexion_l/value
y[27] = /jointset/hip_l/hip_flexion_l/speed
y[28] = /jointset/hip_l/hip_adduction_l/value
y[29] = /jointset/hip_l/hip_adduction_l/speed
y[30] = /jointset/hip_l/hip_rotation_l/value
y[31] = /jointset/hip_l/hip_rotation_l/speed
y[32] = /jointset/knee_l/knee_angle_l/value
y[33] = /jointset/knee_l/knee_angle_l/speed
y[34] = /jointset/ankle_l/ankle_angle_l/value
y[35] = /jointset/ankle_l/ankle_angle_l/speed
y[36] = /jointset/subtalar_l/subtalar_angle_l/value
y[37] = /jointset/subtalar_l/subtalar_angle_l/speed
y[38] = /jointset/mtp_l/mtp_angle_l/value
y[39] = /jointset/mtp_l/mtp_angle_l/speed
y[40] = /jointset/back/lumbar_extension/value
y[41] = /jointset/back/lumbar_extension/speed
y[42] = /jointset/back/lumbar_bending/value
y[43] = /jointset/back/lumbar_bending/speed
y[44] = /jointset/back/lumbar_rotation/value
y[45] = /jointset/back/lumbar_rotation/speed
y[46] = /jointset/acromial_r/arm_flex_r/value
y[47] = /jointset/acromial_r/arm_flex_r/speed
y[48] = /jointset/acromial_r/arm_add_r/value
y[49] = /jointset/acromial_r/arm_add_r/speed
y[50] = /jointset/acromial_r/arm_rot_r/value
y[51] = /jointset/acromial_r/arm_rot_r/speed
y[52] = /jointset/elbow_r/elbow_flex_r/value
y[53] = /jointset/elbow_r/elbow_flex_r/speed
y[54] = /jointset/radioulnar_r/pro_sup_r/value
y[55] = /jointset/radioulnar_r/pro_sup_r/speed
y[56] = /jointset/radius_hand_r/wrist_flex_r/value
y[57] = /jointset/radius_hand_r/wrist_flex_r/speed
y[58] = /jointset/radius_hand_r/wrist_dev_r/value
y[59] = /jointset/radius_hand_r/wrist_dev_r/speed
y[60] = /jointset/acromial_l/arm_flex_l/value
y[61] = /jointset/acromial_l/arm_flex_l/speed
y[62] = /jointset/acromial_l/arm_add_l/value
y[63] = /jointset/acromial_l/arm_add_l/speed
y[64] = /jointset/acromial_l/arm_rot_l/value
y[65] = /jointset/acromial_l/arm_rot_l/speed
y[66] = /jointset/elbow_l/elbow_flex_l/value
y[67] = /jointset/elbow_l/elbow_flex_l/speed
y[68] = /jointset/radioulnar_l/pro_sup_l/value
y[69] = /jointset/radioulnar_l/pro_sup_l/speed
y[70] = /jointset/radius_hand_l/wrist_flex_l/value
y[71] = /jointset/radius_hand_l/wrist_flex_l/speed
y[72] = /jointset/radius_hand_l/wrist_dev_l/value
y[73] = /jointset/radius_hand_l/wrist_dev_l/speed

[2023-08-15 22:16:23.690] [warning] Coordinate.setValue:  coordinate subtalar_angle_r is locked. Unable to change its value.
[2023-08-15 22:16:23.690] [warning] Coordinate.setValue:  coordinate mtp_angle_r is locked. Unable to change its value.
[2023-08-15 22:16:23.690] [warning] Coordinate.setValue:  coordinate subtalar_angle_l is locked. Unable to change its value.
[2023-08-15 22:16:23.690] [warning] Coordinate.setValue:  coordinate mtp_angle_l is locked. Unable to change its value.
[2023-08-15 22:16:23.690] [warning] Coordinate.setValue:  coordinate wrist_flex_r is locked. Unable to change its value.
[2023-08-15 22:16:23.690] [warning] Coordinate.setValue:  coordinate wrist_dev_r is locked. Unable to change its value.
[2023-08-15 22:16:23.690] [warning] Coordinate.setValue:  coordinate wrist_flex_l is locked. Unable to change its value.
[2023-08-15 22:16:23.690] [warning] Coordinate.setValue:  coordinate wrist_dev_l is locked. Unable to change its value.
[2023-08-15 22:16:23.795] [info] Requested COM adjustment time range 0.382 to 0.991, clamped to nearest available data times: 0.382 to 0.991.
[2023-08-15 22:16:23.795] [info] Computing average residuals between 0.382 and 0.991...
[2023-08-15 22:16:23.869] [info] ExternalForce::externalforce Data source being set to Run_500 03_newCOP3_v24.mot
[2023-08-15 22:16:23.869] [info] ExternalForce::externalforce_0 Data source being set to Run_500 03_newCOP3_v24.mot
[2023-08-15 22:16:23.937] [info] ExternalForce::externalforce Data source being set to Run_500 03_newCOP3_v24.mot
[2023-08-15 22:16:23.937] [info] ExternalForce::externalforce_0 Data source being set to Run_500 03_newCOP3_v24.mot
[2023-08-15 22:16:27.702] [info] ExternalForce::externalforce Data source being set to Run_500 03_newCOP3_v24.mot
[2023-08-15 22:16:27.702] [info] ExternalForce::externalforce_0 Data source being set to Run_500 03_newCOP3_v24.mot
[2023-08-15 22:16:27.710] [info] Computing average residuals between 0.382 and 0.991...
[2023-08-15 22:16:27.793] [info] ExternalForce::externalforce Data source being set to Run_500 03_newCOP3_v24.mot
[2023-08-15 22:16:27.793] [info] ExternalForce::externalforce_0 Data source being set to Run_500 03_newCOP3_v24.mot
[2023-08-15 22:16:27.881] [info] ExternalForce::externalforce Data source being set to Run_500 03_newCOP3_v24.mot
[2023-08-15 22:16:27.881] [info] ExternalForce::externalforce_0 Data source being set to Run_500 03_newCOP3_v24.mot
[2023-08-15 22:16:31.961] [info] Constructing function set for tracking desired kinematics...
[2023-08-15 22:16:32.729] [warning] No Actuation analysis found in analysis set, adding one...
[2023-08-15 22:16:32.729] [warning] No Kinematics analysis found in analysis set, adding one...
[2023-08-15 22:16:32.731] [info] Using the generalized coordinates specified in '..\rra1\cycle1\subject08_run5_cycle1_iter1_Kinematics_q.sto' to set the initial configuration.
[2023-08-15 22:16:32.893] [info] Using IPOPT optimizer algorithm.
[2023-08-15 22:16:32.893] [info] Setting optimizer print level to 0.
[2023-08-15 22:16:32.893] [info] Setting optimizer convergence tolerance to 1.0e-05.
[2023-08-15 22:16:32.893] [info] Setting optimizer maximum iterations to 2000.
[2023-08-15 22:16:32.893] [info] Setting cmc controller to not use verbose printing.

[2023-08-15 22:16:32.894] [info] CMC::computeControls, t = 0.382
[2023-08-15 22:16:33.774] [info] --------------------------------------------
[2023-08-15 22:16:33.774] [info] Using CMC to track the specified kinematics:
[2023-08-15 22:16:33.774] [info] --------------------------------------------
[2023-08-15 22:16:33.774] [info]  -- Integrating from 0.382 to 0.991
[2023-08-15 22:16:33.774] [info]  -- Start time = Tue Aug 15 22:16:33 2023
[2023-08-15 22:16:33.774] [info] --------------------------------------------
[2023-08-15 22:16:33.774] [info] 
[2023-08-15 22:16:33.781] [info] CMC::computeControls, t = 0.382
[2023-08-15 22:16:33.823] [info] CMC::computeControls, t = 0.383
[2023-08-15 22:16:33.823] [warning] Coordinate.setValue:  coordinate subtalar_angle_r is locked. Unable to change its value.
[2023-08-15 22:16:33.824] [warning] Coordinate.setValue:  coordinate mtp_angle_r is locked. Unable to change its value.
[2023-08-15 22:16:33.824] [warning] Coordinate.setValue:  coordinate subtalar_angle_l is locked. Unable to change its value.
[2023-08-15 22:16:33.824] [warning] Coordinate.setValue:  coordinate mtp_angle_l is locked. Unable to change its value.
[2023-08-15 22:16:33.824] [warning] Coordinate.setValue:  coordinate wrist_flex_r is locked. Unable to change its value.
[2023-08-15 22:16:33.824] [warning] Coordinate.setValue:  coordinate wrist_dev_r is locked. Unable to change its value.
[2023-08-15 22:16:33.824] [warning] Coordinate.setValue:  coordinate wrist_flex_l is locked. Unable to change its value.
[2023-08-15 22:16:33.824] [warning] Coordinate.setValue:  coordinate wrist_dev_l is locked. Unable to change its value.
[2023-08-15 22:16:33.846] [info] CMC::computeControls, t = 0.384
[2023-08-15 22:16:33.871] [info] CMC::computeControls, t = 0.385
[2023-08-15 22:16:33.896] [info] CMC::computeControls, t = 0.386
[2023-08-15 22:16:33.930] [info] CMC::computeControls, t = 0.387
[2023-08-15 22:16:33.962] [info] CMC::computeControls, t = 0.388
[2023-08-15 22:16:33.986] [info] CMC::computeControls, t = 0.389
[2023-08-15 22:16:34.012] [info] CMC::computeControls, t = 0.39
[2023-08-15 22:16:34.042] [info] CMC::computeControls, t = 0.391
[2023-08-15 22:16:34.066] [info] CMC::computeControls, t = 0.392
[2023-08-15 22:16:34.083] [info] CMC::computeControls, t = 0.393
[2023-08-15 22:16:34.108] [info] CMC::computeControls, t = 0.394
[2023-08-15 22:16:34.134] [info] CMC::computeControls, t = 0.395
[2023-08-15 22:16:34.156] [info] CMC::computeControls, t = 0.396
[2023-08-15 22:16:34.178] [info] CMC::computeControls, t = 0.397
[2023-08-15 22:16:34.202] [info] CMC::computeControls, t = 0.398
[2023-08-15 22:16:34.218] [info] CMC::computeControls, t = 0.399
[2023-08-15 22:16:34.233] [info] CMC::computeControls, t = 0.4
[2023-08-15 22:16:34.258] [info] CMC::computeControls, t = 0.401000
[2023-08-15 22:16:34.283] [info] CMC::computeControls, t = 0.402000
[2023-08-15 22:16:34.314] [info] CMC::computeControls, t = 0.403000
[2023-08-15 22:16:34.339] [info] CMC::computeControls, t = 0.404000
[2023-08-15 22:16:34.364] [info] CMC::computeControls, t = 0.405000
[2023-08-15 22:16:34.402] [info] CMC::computeControls, t = 0.406000
[2023-08-15 22:16:34.422] [info] CMC::computeControls, t = 0.407000
[2023-08-15 22:16:34.439] [info] CMC::computeControls, t = 0.408000
[2023-08-15 22:16:34.472] [info] CMC::computeControls, t = 0.409000
[2023-08-15 22:16:34.498] [info] CMC::computeControls, t = 0.41
[2023-08-15 22:16:34.528] [info] CMC::computeControls, t = 0.411
[2023-08-15 22:16:34.557] [info] CMC::computeControls, t = 0.412
[2023-08-15 22:16:34.573] [info] CMC::computeControls, t = 0.413
[2023-08-15 22:16:34.606] [info] CMC::computeControls, t = 0.414
[2023-08-15 22:16:34.632] [info] CMC::computeControls, t = 0.415
[2023-08-15 22:16:34.649] [info] CMC::computeControls, t = 0.416
[2023-08-15 22:16:34.688] [info] CMC::computeControls, t = 0.417
[2023-08-15 22:16:34.714] [info] CMC::computeControls, t = 0.418
[2023-08-15 22:16:34.748] [info] CMC::computeControls, t = 0.419
[2023-08-15 22:16:34.783] [info] CMC::computeControls, t = 0.42
[2023-08-15 22:16:34.817] [info] CMC::computeControls, t = 0.421
[2023-08-15 22:16:34.840] [info] CMC::computeControls, t = 0.422
[2023-08-15 22:16:34.864] [info] CMC::computeControls, t = 0.423
[2023-08-15 22:16:34.887] [info] CMC::computeControls, t = 0.424
[2023-08-15 22:16:34.906] [info] CMC::computeControls, t = 0.425
[2023-08-15 22:16:34.926] [info] CMC::computeControls, t = 0.426
[2023-08-15 22:16:34.948] [info] CMC::computeControls, t = 0.427
[2023-08-15 22:16:34.970] [info] CMC::computeControls, t = 0.428
[2023-08-15 22:16:34.985] [info] CMC::computeControls, t = 0.429
[2023-08-15 22:16:35.016] [info] CMC::computeControls, t = 0.43
[2023-08-15 22:16:35.046] [info] CMC::computeControls, t = 0.431
[2023-08-15 22:16:35.063] [info] CMC::computeControls, t = 0.432
[2023-08-15 22:16:35.088] [info] CMC::computeControls, t = 0.433
[2023-08-15 22:16:35.112] [info] CMC::computeControls, t = 0.434
[2023-08-15 22:16:35.128] [info] CMC::computeControls, t = 0.435
[2023-08-15 22:16:35.167] [info] CMC::computeControls, t = 0.436
[2023-08-15 22:16:35.190] [info] CMC::computeControls, t = 0.437
[2023-08-15 22:16:35.218] [info] CMC::computeControls, t = 0.438
[2023-08-15 22:16:35.250] [info] CMC::computeControls, t = 0.439
[2023-08-15 22:16:35.278] [info] CMC::computeControls, t = 0.44
[2023-08-15 22:16:35.304] [info] CMC::computeControls, t = 0.441
[2023-08-15 22:16:35.345] [info] CMC::computeControls, t = 0.442
[2023-08-15 22:16:35.376] [info] CMC::computeControls, t = 0.443
[2023-08-15 22:16:35.398] [info] CMC::computeControls, t = 0.444
[2023-08-15 22:16:35.413] [info] CMC::computeControls, t = 0.445
[2023-08-15 22:16:35.437] [info] CMC::computeControls, t = 0.446
[2023-08-15 22:16:35.471] [info] CMC::computeControls, t = 0.447
[2023-08-15 22:16:35.489] [info] CMC::computeControls, t = 0.448
[2023-08-15 22:16:35.513] [info] CMC::computeControls, t = 0.449
[2023-08-15 22:16:35.528] [info] CMC::computeControls, t = 0.45
[2023-08-15 22:16:35.551] [info] CMC::computeControls, t = 0.451
[2023-08-15 22:16:35.575] [info] CMC::computeControls, t = 0.452
[2023-08-15 22:16:35.604] [info] CMC::computeControls, t = 0.453
[2023-08-15 22:16:35.626] [info] CMC::computeControls, t = 0.454
[2023-08-15 22:16:35.662] [info] CMC::computeControls, t = 0.455
[2023-08-15 22:16:35.687] [info] CMC::computeControls, t = 0.456
[2023-08-15 22:16:35.717] [info] CMC::computeControls, t = 0.457
[2023-08-15 22:16:35.758] [info] CMC::computeControls, t = 0.458
[2023-08-15 22:16:35.785] [info] CMC::computeControls, t = 0.459
[2023-08-15 22:16:35.801] [info] CMC::computeControls, t = 0.46
[2023-08-15 22:16:35.819] [info] CMC::computeControls, t = 0.461
[2023-08-15 22:16:35.840] [info] CMC::computeControls, t = 0.462
[2023-08-15 22:16:35.860] [info] CMC::computeControls, t = 0.463
[2023-08-15 22:16:35.880] [info] CMC::computeControls, t = 0.464
[2023-08-15 22:16:35.911] [info] CMC::computeControls, t = 0.465
[2023-08-15 22:16:35.926] [info] CMC::computeControls, t = 0.466
[2023-08-15 22:16:35.942] [info] CMC::computeControls, t = 0.467
[2023-08-15 22:16:35.964] [info] CMC::computeControls, t = 0.468
[2023-08-15 22:16:35.980] [info] CMC::computeControls, t = 0.469
[2023-08-15 22:16:36.007] [info] CMC::computeControls, t = 0.47
[2023-08-15 22:16:36.031] [info] CMC::computeControls, t = 0.471
[2023-08-15 22:16:36.047] [info] CMC::computeControls, t = 0.472
[2023-08-15 22:16:36.073] [info] CMC::computeControls, t = 0.473
[2023-08-15 22:16:36.102] [info] CMC::computeControls, t = 0.474
[2023-08-15 22:16:36.121] [info] CMC::computeControls, t = 0.475
[2023-08-15 22:16:36.140] [info] CMC::computeControls, t = 0.476
[2023-08-15 22:16:36.159] [info] CMC::computeControls, t = 0.477
[2023-08-15 22:16:36.187] [info] CMC::computeControls, t = 0.478
[2023-08-15 22:16:36.208] [info] CMC::computeControls, t = 0.479
[2023-08-15 22:16:36.235] [info] CMC::computeControls, t = 0.48
[2023-08-15 22:16:36.254] [info] CMC::computeControls, t = 0.481
[2023-08-15 22:16:36.279] [info] CMC::computeControls, t = 0.482
[2023-08-15 22:16:36.314] [info] CMC::computeControls, t = 0.483
[2023-08-15 22:16:36.352] [info] CMC::computeControls, t = 0.484
[2023-08-15 22:16:36.390] [info] CMC::computeControls, t = 0.485
[2023-08-15 22:16:36.422] [info] CMC::computeControls, t = 0.486
[2023-08-15 22:16:36.452] [info] CMC::computeControls, t = 0.487
[2023-08-15 22:16:36.469] [info] CMC::computeControls, t = 0.488
[2023-08-15 22:16:36.492] [info] CMC::computeControls, t = 0.489
[2023-08-15 22:16:36.518] [info] CMC::computeControls, t = 0.49
[2023-08-15 22:16:36.541] [info] CMC::computeControls, t = 0.491
[2023-08-15 22:16:36.573] [info] CMC::computeControls, t = 0.492
[2023-08-15 22:16:36.605] [info] CMC::computeControls, t = 0.493
[2023-08-15 22:16:36.651] [info] CMC::computeControls, t = 0.494
[2023-08-15 22:16:36.668] [info] CMC::computeControls, t = 0.495
[2023-08-15 22:16:36.697] [info] CMC::computeControls, t = 0.496
[2023-08-15 22:16:36.712] [info] CMC::computeControls, t = 0.497
[2023-08-15 22:16:36.745] [info] CMC::computeControls, t = 0.498
[2023-08-15 22:16:36.778] [info] CMC::computeControls, t = 0.499
[2023-08-15 22:16:36.794] [info] CMC::computeControls, t = 0.5
[2023-08-15 22:16:36.809] [info] CMC::computeControls, t = 0.501000
[2023-08-15 22:16:36.824] [info] CMC::computeControls, t = 0.502000
[2023-08-15 22:16:36.839] [info] CMC::computeControls, t = 0.503000
[2023-08-15 22:16:36.866] [info] CMC::computeControls, t = 0.504000
[2023-08-15 22:16:36.896] [info] CMC::computeControls, t = 0.505000
[2023-08-15 22:16:36.932] [info] CMC::computeControls, t = 0.506000
[2023-08-15 22:16:36.957] [info] CMC::computeControls, t = 0.507000
[2023-08-15 22:16:36.985] [info] CMC::computeControls, t = 0.508000
[2023-08-15 22:16:37.009] [info] CMC::computeControls, t = 0.509000
[2023-08-15 22:16:37.025] [info] CMC::computeControls, t = 0.51
[2023-08-15 22:16:37.058] [info] CMC::computeControls, t = 0.511
[2023-08-15 22:16:37.094] [info] CMC::computeControls, t = 0.512
[2023-08-15 22:16:37.128] [info] CMC::computeControls, t = 0.513
[2023-08-15 22:16:37.156] [info] CMC::computeControls, t = 0.514
[2023-08-15 22:16:37.172] [info] CMC::computeControls, t = 0.515
[2023-08-15 22:16:37.194] [info] CMC::computeControls, t = 0.516
[2023-08-15 22:16:37.211] [info] CMC::computeControls, t = 0.517
[2023-08-15 22:16:37.239] [info] CMC::computeControls, t = 0.518
[2023-08-15 22:16:37.260] [info] CMC::computeControls, t = 0.519
[2023-08-15 22:16:37.278] [info] CMC::computeControls, t = 0.52
[2023-08-15 22:16:37.305] [info] CMC::computeControls, t = 0.521
[2023-08-15 22:16:37.320] [info] CMC::computeControls, t = 0.522
[2023-08-15 22:16:37.351] [info] CMC::computeControls, t = 0.523
[2023-08-15 22:16:37.385] [info] CMC::computeControls, t = 0.524
[2023-08-15 22:16:37.401] [info] CMC::computeControls, t = 0.525
[2023-08-15 22:16:37.427] [info] CMC::computeControls, t = 0.526
[2023-08-15 22:16:37.460] [info] CMC::computeControls, t = 0.527
[2023-08-15 22:16:37.497] [info] CMC::computeControls, t = 0.528
[2023-08-15 22:16:37.539] [info] CMC::computeControls, t = 0.529
[2023-08-15 22:16:37.555] [info] CMC::computeControls, t = 0.53
[2023-08-15 22:16:37.570] [info] CMC::computeControls, t = 0.531
[2023-08-15 22:16:37.586] [info] CMC::computeControls, t = 0.532
[2023-08-15 22:16:37.614] [info] CMC::computeControls, t = 0.533
[2023-08-15 22:16:37.645] [info] CMC::computeControls, t = 0.534
[2023-08-15 22:16:37.672] [info] CMC::computeControls, t = 0.535
[2023-08-15 22:16:37.696] [info] CMC::computeControls, t = 0.536
[2023-08-15 22:16:37.716] [info] CMC::computeControls, t = 0.537
[2023-08-15 22:16:37.738] [info] CMC::computeControls, t = 0.538
[2023-08-15 22:16:37.756] [info] CMC::computeControls, t = 0.539
[2023-08-15 22:16:37.774] [info] CMC::computeControls, t = 0.54
[2023-08-15 22:16:37.809] [info] CMC::computeControls, t = 0.541
[2023-08-15 22:16:37.833] [info] CMC::computeControls, t = 0.542
[2023-08-15 22:16:37.854] [info] CMC::computeControls, t = 0.543
[2023-08-15 22:16:37.884] [info] CMC::computeControls, t = 0.544
[2023-08-15 22:16:37.902] [info] CMC::computeControls, t = 0.545
[2023-08-15 22:16:37.922] [info] CMC::computeControls, t = 0.546
[2023-08-15 22:16:37.961] [info] CMC::computeControls, t = 0.547
[2023-08-15 22:16:37.996] [info] CMC::computeControls, t = 0.548
[2023-08-15 22:16:38.030] [info] CMC::computeControls, t = 0.549
[2023-08-15 22:16:38.046] [info] CMC::computeControls, t = 0.55
[2023-08-15 22:16:38.071] [info] CMC::computeControls, t = 0.551
[2023-08-15 22:16:38.097] [info] CMC::computeControls, t = 0.552
[2023-08-15 22:16:38.117] [info] CMC::computeControls, t = 0.553
[2023-08-15 22:16:38.149] [info] CMC::computeControls, t = 0.554
[2023-08-15 22:16:38.174] [info] CMC::computeControls, t = 0.555
[2023-08-15 22:16:38.195] [info] CMC::computeControls, t = 0.556
[2023-08-15 22:16:38.213] [info] CMC::computeControls, t = 0.557
[2023-08-15 22:16:38.228] [info] CMC::computeControls, t = 0.558
[2023-08-15 22:16:38.251] [info] CMC::computeControls, t = 0.559
[2023-08-15 22:16:38.278] [info] CMC::computeControls, t = 0.56
[2023-08-15 22:16:38.296] [info] CMC::computeControls, t = 0.561
[2023-08-15 22:16:38.317] [info] CMC::computeControls, t = 0.562
[2023-08-15 22:16:38.333] [info] CMC::computeControls, t = 0.563
[2023-08-15 22:16:38.351] [info] CMC::computeControls, t = 0.564
[2023-08-15 22:16:38.376] [info] CMC::computeControls, t = 0.565
[2023-08-15 22:16:38.398] [info] CMC::computeControls, t = 0.566
[2023-08-15 22:16:38.422] [info] CMC::computeControls, t = 0.567
[2023-08-15 22:16:38.437] [info] CMC::computeControls, t = 0.568
[2023-08-15 22:16:38.452] [info] CMC::computeControls, t = 0.569
[2023-08-15 22:16:38.484] [info] CMC::computeControls, t = 0.57
[2023-08-15 22:16:38.502] [info] CMC::computeControls, t = 0.571
[2023-08-15 22:16:38.533] [info] CMC::computeControls, t = 0.572
[2023-08-15 22:16:38.548] [info] CMC::computeControls, t = 0.573
[2023-08-15 22:16:38.565] [info] CMC::computeControls, t = 0.574
[2023-08-15 22:16:38.580] [info] CMC::computeControls, t = 0.575
[2023-08-15 22:16:38.603] [info] CMC::computeControls, t = 0.576
[2023-08-15 22:16:38.630] [info] CMC::computeControls, t = 0.577
[2023-08-15 22:16:38.651] [info] CMC::computeControls, t = 0.578
[2023-08-15 22:16:38.679] [info] CMC::computeControls, t = 0.579
[2023-08-15 22:16:38.712] [info] CMC::computeControls, t = 0.58
[2023-08-15 22:16:38.739] [info] CMC::computeControls, t = 0.581
[2023-08-15 22:16:38.765] [info] CMC::computeControls, t = 0.582
[2023-08-15 22:16:38.780] [info] CMC::computeControls, t = 0.583
[2023-08-15 22:16:38.802] [info] CMC::computeControls, t = 0.584
[2023-08-15 22:16:38.836] [info] CMC::computeControls, t = 0.585
[2023-08-15 22:16:38.865] [info] CMC::computeControls, t = 0.586
[2023-08-15 22:16:38.896] [info] CMC::computeControls, t = 0.587
[2023-08-15 22:16:38.938] [info] CMC::computeControls, t = 0.588
[2023-08-15 22:16:38.972] [info] CMC::computeControls, t = 0.589
[2023-08-15 22:16:39.008] [info] CMC::computeControls, t = 0.59
[2023-08-15 22:16:39.032] [info] CMC::computeControls, t = 0.591
[2023-08-15 22:16:39.048] [info] CMC::computeControls, t = 0.592
[2023-08-15 22:16:39.083] [info] CMC::computeControls, t = 0.593
[2023-08-15 22:16:39.102] [info] CMC::computeControls, t = 0.594
[2023-08-15 22:16:39.135] [info] CMC::computeControls, t = 0.595
[2023-08-15 22:16:39.163] [info] CMC::computeControls, t = 0.596
[2023-08-15 22:16:39.178] [info] CMC::computeControls, t = 0.597
[2023-08-15 22:16:39.207] [info] CMC::computeControls, t = 0.598
[2023-08-15 22:16:39.255] [info] CMC::computeControls, t = 0.599
[2023-08-15 22:16:39.284] [info] CMC::computeControls, t = 0.6
[2023-08-15 22:16:39.315] [info] CMC::computeControls, t = 0.601000
[2023-08-15 22:16:39.350] [info] CMC::computeControls, t = 0.602000
[2023-08-15 22:16:39.371] [info] CMC::computeControls, t = 0.603000
[2023-08-15 22:16:39.402] [info] CMC::computeControls, t = 0.604000
[2023-08-15 22:16:39.421] [info] CMC::computeControls, t = 0.605000
[2023-08-15 22:16:39.463] [info] CMC::computeControls, t = 0.606000
[2023-08-15 22:16:39.490] [info] CMC::computeControls, t = 0.607000
[2023-08-15 22:16:39.510] [info] CMC::computeControls, t = 0.608000
[2023-08-15 22:16:39.534] [info] CMC::computeControls, t = 0.609000
[2023-08-15 22:16:39.557] [info] CMC::computeControls, t = 0.61
[2023-08-15 22:16:39.583] [info] CMC::computeControls, t = 0.611
[2023-08-15 22:16:39.617] [info] CMC::computeControls, t = 0.612
[2023-08-15 22:16:39.648] [info] CMC::computeControls, t = 0.613
[2023-08-15 22:16:39.686] [info] CMC::computeControls, t = 0.614
[2023-08-15 22:16:39.721] [info] CMC::computeControls, t = 0.615
[2023-08-15 22:16:39.746] [info] CMC::computeControls, t = 0.616
[2023-08-15 22:16:39.768] [info] CMC::computeControls, t = 0.617
[2023-08-15 22:16:39.791] [info] CMC::computeControls, t = 0.618
[2023-08-15 22:16:39.830] [info] CMC::computeControls, t = 0.619
[2023-08-15 22:16:39.870] [info] CMC::computeControls, t = 0.62
[2023-08-15 22:16:39.906] [info] CMC::computeControls, t = 0.621
[2023-08-15 22:16:39.934] [info] CMC::computeControls, t = 0.622
[2023-08-15 22:16:39.972] [info] CMC::computeControls, t = 0.623
[2023-08-15 22:16:39.998] [info] CMC::computeControls, t = 0.624
[2023-08-15 22:16:40.022] [info] CMC::computeControls, t = 0.625
[2023-08-15 22:16:40.043] [info] CMC::computeControls, t = 0.626
[2023-08-15 22:16:40.065] [info] CMC::computeControls, t = 0.627
[2023-08-15 22:16:40.084] [info] CMC::computeControls, t = 0.628
[2023-08-15 22:16:40.108] [info] CMC::computeControls, t = 0.629
[2023-08-15 22:16:40.129] [info] CMC::computeControls, t = 0.63
[2023-08-15 22:16:40.158] [info] CMC::computeControls, t = 0.631
[2023-08-15 22:16:40.186] [info] CMC::computeControls, t = 0.632
[2023-08-15 22:16:40.217] [info] CMC::computeControls, t = 0.633
[2023-08-15 22:16:40.238] [info] CMC::computeControls, t = 0.634
[2023-08-15 22:16:40.263] [info] CMC::computeControls, t = 0.635
[2023-08-15 22:16:40.279] [info] CMC::computeControls, t = 0.636
[2023-08-15 22:16:40.304] [info] CMC::computeControls, t = 0.637
[2023-08-15 22:16:40.324] [info] CMC::computeControls, t = 0.638
[2023-08-15 22:16:40.345] [info] CMC::computeControls, t = 0.639
[2023-08-15 22:16:40.368] [info] CMC::computeControls, t = 0.64
[2023-08-15 22:16:40.406] [info] CMC::computeControls, t = 0.641
[2023-08-15 22:16:40.437] [info] CMC::computeControls, t = 0.642
[2023-08-15 22:16:40.455] [info] CMC::computeControls, t = 0.643
[2023-08-15 22:16:40.474] [info] CMC::computeControls, t = 0.644
[2023-08-15 22:16:40.494] [info] CMC::computeControls, t = 0.645
[2023-08-15 22:16:40.514] [info] CMC::computeControls, t = 0.646
[2023-08-15 22:16:40.542] [info] CMC::computeControls, t = 0.647
[2023-08-15 22:16:40.567] [info] CMC::computeControls, t = 0.648
[2023-08-15 22:16:40.590] [info] CMC::computeControls, t = 0.649
[2023-08-15 22:16:40.612] [info] CMC::computeControls, t = 0.65
[2023-08-15 22:16:40.630] [info] CMC::computeControls, t = 0.651
[2023-08-15 22:16:40.646] [info] CMC::computeControls, t = 0.652
[2023-08-15 22:16:40.661] [info] CMC::computeControls, t = 0.653
[2023-08-15 22:16:40.681] [info] CMC::computeControls, t = 0.654
[2023-08-15 22:16:40.697] [info] CMC::computeControls, t = 0.655
[2023-08-15 22:16:40.725] [info] CMC::computeControls, t = 0.656
[2023-08-15 22:16:40.746] [info] CMC::computeControls, t = 0.657
[2023-08-15 22:16:40.778] [info] CMC::computeControls, t = 0.658
[2023-08-15 22:16:40.803] [info] CMC::computeControls, t = 0.659
[2023-08-15 22:16:40.831] [info] CMC::computeControls, t = 0.66
[2023-08-15 22:16:40.852] [info] CMC::computeControls, t = 0.661
[2023-08-15 22:16:40.881] [info] CMC::computeControls, t = 0.662
[2023-08-15 22:16:40.909] [info] CMC::computeControls, t = 0.663
[2023-08-15 22:16:40.942] [info] CMC::computeControls, t = 0.664
[2023-08-15 22:16:40.970] [info] CMC::computeControls, t = 0.665
[2023-08-15 22:16:40.996] [info] CMC::computeControls, t = 0.666
[2023-08-15 22:16:41.028] [info] CMC::computeControls, t = 0.667
[2023-08-15 22:16:41.059] [info] CMC::computeControls, t = 0.668
[2023-08-15 22:16:41.083] [info] CMC::computeControls, t = 0.669
[2023-08-15 22:16:41.117] [info] CMC::computeControls, t = 0.67
[2023-08-15 22:16:41.149] [info] CMC::computeControls, t = 0.671
[2023-08-15 22:16:41.176] [info] CMC::computeControls, t = 0.672
[2023-08-15 22:16:41.215] [info] CMC::computeControls, t = 0.673
[2023-08-15 22:16:41.247] [info] CMC::computeControls, t = 0.674
[2023-08-15 22:16:41.269] [info] CMC::computeControls, t = 0.675
[2023-08-15 22:16:41.294] [info] CMC::computeControls, t = 0.676
[2023-08-15 22:16:41.309] [info] CMC::computeControls, t = 0.677
[2023-08-15 22:16:41.343] [info] CMC::computeControls, t = 0.678
[2023-08-15 22:16:41.370] [info] CMC::computeControls, t = 0.679
[2023-08-15 22:16:41.389] [info] CMC::computeControls, t = 0.68
[2023-08-15 22:16:41.423] [info] CMC::computeControls, t = 0.681
[2023-08-15 22:16:41.441] [info] CMC::computeControls, t = 0.682
[2023-08-15 22:16:41.463] [info] CMC::computeControls, t = 0.683
[2023-08-15 22:16:41.480] [info] CMC::computeControls, t = 0.684
[2023-08-15 22:16:41.511] [info] CMC::computeControls, t = 0.685
[2023-08-15 22:16:41.542] [info] CMC::computeControls, t = 0.686
[2023-08-15 22:16:41.572] [info] CMC::computeControls, t = 0.687
[2023-08-15 22:16:41.611] [info] CMC::computeControls, t = 0.688
[2023-08-15 22:16:41.643] [info] CMC::computeControls, t = 0.689
[2023-08-15 22:16:41.678] [info] CMC::computeControls, t = 0.69
[2023-08-15 22:16:41.702] [info] CMC::computeControls, t = 0.691
[2023-08-15 22:16:41.731] [info] CMC::computeControls, t = 0.692
[2023-08-15 22:16:41.776] [info] CMC::computeControls, t = 0.693
[2023-08-15 22:16:41.815] [info] CMC::computeControls, t = 0.694
[2023-08-15 22:16:41.836] [info] CMC::computeControls, t = 0.695
[2023-08-15 22:16:41.852] [info] CMC::computeControls, t = 0.696
[2023-08-15 22:16:41.867] [info] CMC::computeControls, t = 0.697
[2023-08-15 22:16:41.895] [info] CMC::computeControls, t = 0.698
[2023-08-15 22:16:41.921] [info] CMC::computeControls, t = 0.699
[2023-08-15 22:16:41.939] [info] CMC::computeControls, t = 0.7
[2023-08-15 22:16:41.969] [info] CMC::computeControls, t = 0.701000
[2023-08-15 22:16:42.007] [info] CMC::computeControls, t = 0.702000
[2023-08-15 22:16:42.048] [info] CMC::computeControls, t = 0.703000
[2023-08-15 22:16:42.095] [info] CMC::computeControls, t = 0.704000
[2023-08-15 22:16:42.126] [info] CMC::computeControls, t = 0.705000
[2023-08-15 22:16:42.150] [info] CMC::computeControls, t = 0.706000
[2023-08-15 22:16:42.178] [info] CMC::computeControls, t = 0.707000
[2023-08-15 22:16:42.195] [info] CMC::computeControls, t = 0.708000
[2023-08-15 22:16:42.211] [info] CMC::computeControls, t = 0.709000
[2023-08-15 22:16:42.245] [info] CMC::computeControls, t = 0.71
[2023-08-15 22:16:42.285] [info] CMC::computeControls, t = 0.711
[2023-08-15 22:16:42.316] [info] CMC::computeControls, t = 0.712
[2023-08-15 22:16:42.334] [info] CMC::computeControls, t = 0.713
[2023-08-15 22:16:42.363] [info] CMC::computeControls, t = 0.714
[2023-08-15 22:16:42.395] [info] CMC::computeControls, t = 0.715
[2023-08-15 22:16:42.423] [info] CMC::computeControls, t = 0.716
[2023-08-15 22:16:42.439] [info] CMC::computeControls, t = 0.717
[2023-08-15 22:16:42.454] [info] CMC::computeControls, t = 0.718
[2023-08-15 22:16:42.473] [info] CMC::computeControls, t = 0.719
[2023-08-15 22:16:42.491] [info] CMC::computeControls, t = 0.72
[2023-08-15 22:16:42.522] [info] CMC::computeControls, t = 0.721
[2023-08-15 22:16:42.555] [info] CMC::computeControls, t = 0.722
[2023-08-15 22:16:42.594] [info] CMC::computeControls, t = 0.723
[2023-08-15 22:16:42.626] [info] CMC::computeControls, t = 0.724
[2023-08-15 22:16:42.671] [info] CMC::computeControls, t = 0.725
[2023-08-15 22:16:42.706] [info] CMC::computeControls, t = 0.726
[2023-08-15 22:16:42.722] [info] CMC::computeControls, t = 0.727
[2023-08-15 22:16:42.746] [info] CMC::computeControls, t = 0.728
[2023-08-15 22:16:42.775] [info] CMC::computeControls, t = 0.729
[2023-08-15 22:16:42.802] [info] CMC::computeControls, t = 0.73
[2023-08-15 22:16:42.820] [info] CMC::computeControls, t = 0.731
[2023-08-15 22:16:42.846] [info] CMC::computeControls, t = 0.732
[2023-08-15 22:16:42.876] [info] CMC::computeControls, t = 0.733
[2023-08-15 22:16:42.911] [info] CMC::computeControls, t = 0.734
[2023-08-15 22:16:42.949] [info] CMC::computeControls, t = 0.735
[2023-08-15 22:16:42.989] [info] CMC::computeControls, t = 0.736
[2023-08-15 22:16:43.026] [info] CMC::computeControls, t = 0.737
[2023-08-15 22:16:43.065] [info] CMC::computeControls, t = 0.738
[2023-08-15 22:16:43.096] [info] CMC::computeControls, t = 0.739
[2023-08-15 22:16:43.119] [info] CMC::computeControls, t = 0.74
[2023-08-15 22:16:43.135] [info] CMC::computeControls, t = 0.741
[2023-08-15 22:16:43.156] [info] CMC::computeControls, t = 0.742
[2023-08-15 22:16:43.173] [info] CMC::computeControls, t = 0.743
[2023-08-15 22:16:43.189] [info] CMC::computeControls, t = 0.744
[2023-08-15 22:16:43.219] [info] CMC::computeControls, t = 0.745
[2023-08-15 22:16:43.235] [info] CMC::computeControls, t = 0.746
[2023-08-15 22:16:43.260] [info] CMC::computeControls, t = 0.747
[2023-08-15 22:16:43.297] [info] CMC::computeControls, t = 0.748
[2023-08-15 22:16:43.332] [info] CMC::computeControls, t = 0.749
[2023-08-15 22:16:43.369] [info] CMC::computeControls, t = 0.75
[2023-08-15 22:16:43.393] [info] CMC::computeControls, t = 0.751
[2023-08-15 22:16:43.419] [info] CMC::computeControls, t = 0.752
[2023-08-15 22:16:43.451] [info] CMC::computeControls, t = 0.753
[2023-08-15 22:16:43.468] [info] CMC::computeControls, t = 0.754
[2023-08-15 22:16:43.489] [info] CMC::computeControls, t = 0.755
[2023-08-15 22:16:43.505] [info] CMC::computeControls, t = 0.756
[2023-08-15 22:16:43.524] [info] CMC::computeControls, t = 0.757
[2023-08-15 22:16:43.540] [info] CMC::computeControls, t = 0.758
[2023-08-15 22:16:43.580] [info] CMC::computeControls, t = 0.759
[2023-08-15 22:16:43.603] [info] CMC::computeControls, t = 0.76
[2023-08-15 22:16:43.618] [info] CMC::computeControls, t = 0.761
[2023-08-15 22:16:43.637] [info] CMC::computeControls, t = 0.762
[2023-08-15 22:16:43.674] [info] CMC::computeControls, t = 0.763
[2023-08-15 22:16:43.700] [info] CMC::computeControls, t = 0.764
[2023-08-15 22:16:43.723] [info] CMC::computeControls, t = 0.765
[2023-08-15 22:16:43.749] [info] CMC::computeControls, t = 0.766
[2023-08-15 22:16:43.765] [info] CMC::computeControls, t = 0.767
[2023-08-15 22:16:43.780] [info] CMC::computeControls, t = 0.768
[2023-08-15 22:16:43.796] [info] CMC::computeControls, t = 0.769
[2023-08-15 22:16:43.811] [info] CMC::computeControls, t = 0.77
[2023-08-15 22:16:43.837] [info] CMC::computeControls, t = 0.771
[2023-08-15 22:16:43.860] [info] CMC::computeControls, t = 0.772
[2023-08-15 22:16:43.878] [info] CMC::computeControls, t = 0.773
[2023-08-15 22:16:43.893] [info] CMC::computeControls, t = 0.774
[2023-08-15 22:16:43.910] [info] CMC::computeControls, t = 0.775
[2023-08-15 22:16:43.925] [info] CMC::computeControls, t = 0.776
[2023-08-15 22:16:43.941] [info] CMC::computeControls, t = 0.777
[2023-08-15 22:16:43.970] [info] CMC::computeControls, t = 0.778
[2023-08-15 22:16:43.992] [info] CMC::computeControls, t = 0.779
[2023-08-15 22:16:44.020] [info] CMC::computeControls, t = 0.78
[2023-08-15 22:16:44.049] [info] CMC::computeControls, t = 0.781
[2023-08-15 22:16:44.066] [info] CMC::computeControls, t = 0.782
[2023-08-15 22:16:44.082] [info] CMC::computeControls, t = 0.783
[2023-08-15 22:16:44.112] [info] CMC::computeControls, t = 0.784
[2023-08-15 22:16:44.134] [info] CMC::computeControls, t = 0.785
[2023-08-15 22:16:44.153] [info] CMC::computeControls, t = 0.786
[2023-08-15 22:16:44.169] [info] CMC::computeControls, t = 0.787
[2023-08-15 22:16:44.189] [info] CMC::computeControls, t = 0.788
[2023-08-15 22:16:44.219] [info] CMC::computeControls, t = 0.789
[2023-08-15 22:16:44.239] [info] CMC::computeControls, t = 0.79
[2023-08-15 22:16:44.270] [info] CMC::computeControls, t = 0.791
[2023-08-15 22:16:44.310] [info] CMC::computeControls, t = 0.792
[2023-08-15 22:16:44.348] [info] CMC::computeControls, t = 0.793
[2023-08-15 22:16:44.392] [info] CMC::computeControls, t = 0.794
[2023-08-15 22:16:44.424] [info] CMC::computeControls, t = 0.795
[2023-08-15 22:16:44.457] [info] CMC::computeControls, t = 0.796
[2023-08-15 22:16:44.489] [info] CMC::computeControls, t = 0.797
[2023-08-15 22:16:44.514] [info] CMC::computeControls, t = 0.798
[2023-08-15 22:16:44.535] [info] CMC::computeControls, t = 0.799
[2023-08-15 22:16:44.563] [info] CMC::computeControls, t = 0.8
[2023-08-15 22:16:44.596] [info] CMC::computeControls, t = 0.801000
[2023-08-15 22:16:44.624] [info] CMC::computeControls, t = 0.802000
[2023-08-15 22:16:44.654] [info] CMC::computeControls, t = 0.803000
[2023-08-15 22:16:44.684] [info] CMC::computeControls, t = 0.804000
[2023-08-15 22:16:44.706] [info] CMC::computeControls, t = 0.805000
[2023-08-15 22:16:44.724] [info] CMC::computeControls, t = 0.806000
[2023-08-15 22:16:44.752] [info] CMC::computeControls, t = 0.807000
[2023-08-15 22:16:44.768] [info] CMC::computeControls, t = 0.808000
[2023-08-15 22:16:44.806] [info] CMC::computeControls, t = 0.809000
[2023-08-15 22:16:44.838] [info] CMC::computeControls, t = 0.81
[2023-08-15 22:16:44.877] [info] CMC::computeControls, t = 0.811
[2023-08-15 22:16:44.914] [info] CMC::computeControls, t = 0.812
[2023-08-15 22:16:44.941] [info] CMC::computeControls, t = 0.813
[2023-08-15 22:16:44.961] [info] CMC::computeControls, t = 0.814
[2023-08-15 22:16:44.993] [info] CMC::computeControls, t = 0.815
[2023-08-15 22:16:45.035] [info] CMC::computeControls, t = 0.816
[2023-08-15 22:16:45.068] [info] CMC::computeControls, t = 0.817
[2023-08-15 22:16:45.096] [info] CMC::computeControls, t = 0.818
[2023-08-15 22:16:45.135] [info] CMC::computeControls, t = 0.819
[2023-08-15 22:16:45.152] [info] CMC::computeControls, t = 0.82
[2023-08-15 22:16:45.180] [info] CMC::computeControls, t = 0.821
[2023-08-15 22:16:45.204] [info] CMC::computeControls, t = 0.822
[2023-08-15 22:16:45.228] [info] CMC::computeControls, t = 0.823
[2023-08-15 22:16:45.244] [info] CMC::computeControls, t = 0.824
[2023-08-15 22:16:45.265] [info] CMC::computeControls, t = 0.825
[2023-08-15 22:16:45.304] [info] CMC::computeControls, t = 0.826
[2023-08-15 22:16:45.336] [info] CMC::computeControls, t = 0.827
[2023-08-15 22:16:45.360] [info] CMC::computeControls, t = 0.828
[2023-08-15 22:16:45.382] [info] CMC::computeControls, t = 0.829
[2023-08-15 22:16:45.397] [info] CMC::computeControls, t = 0.83
[2023-08-15 22:16:45.418] [info] CMC::computeControls, t = 0.831
[2023-08-15 22:16:45.439] [info] CMC::computeControls, t = 0.832
[2023-08-15 22:16:45.460] [info] CMC::computeControls, t = 0.833
[2023-08-15 22:16:45.495] [info] CMC::computeControls, t = 0.834
[2023-08-15 22:16:45.511] [info] CMC::computeControls, t = 0.835
[2023-08-15 22:16:45.526] [info] CMC::computeControls, t = 0.836
[2023-08-15 22:16:45.560] [info] CMC::computeControls, t = 0.837
[2023-08-15 22:16:45.589] [info] CMC::computeControls, t = 0.838
[2023-08-15 22:16:45.613] [info] CMC::computeControls, t = 0.839
[2023-08-15 22:16:45.629] [info] CMC::computeControls, t = 0.84
[2023-08-15 22:16:45.647] [info] CMC::computeControls, t = 0.841
[2023-08-15 22:16:45.672] [info] CMC::computeControls, t = 0.842
[2023-08-15 22:16:45.728] [info] CMC::computeControls, t = 0.843
[2023-08-15 22:16:45.754] [info] CMC::computeControls, t = 0.844
[2023-08-15 22:16:45.774] [info] CMC::computeControls, t = 0.845
[2023-08-15 22:16:45.801] [info] CMC::computeControls, t = 0.846
[2023-08-15 22:16:45.823] [info] CMC::computeControls, t = 0.847
[2023-08-15 22:16:45.847] [info] CMC::computeControls, t = 0.848
[2023-08-15 22:16:45.872] [info] CMC::computeControls, t = 0.849
[2023-08-15 22:16:45.898] [info] CMC::computeControls, t = 0.85
[2023-08-15 22:16:45.950] [info] CMC::computeControls, t = 0.851
[2023-08-15 22:16:45.986] [info] CMC::computeControls, t = 0.852
[2023-08-15 22:16:46.019] [info] CMC::computeControls, t = 0.853
[2023-08-15 22:16:46.038] [info] CMC::computeControls, t = 0.854
[2023-08-15 22:16:46.054] [info] CMC::computeControls, t = 0.855
[2023-08-15 22:16:46.074] [info] CMC::computeControls, t = 0.856
[2023-08-15 22:16:46.092] [info] CMC::computeControls, t = 0.857
[2023-08-15 22:16:46.111] [info] CMC::computeControls, t = 0.858
[2023-08-15 22:16:46.127] [info] CMC::computeControls, t = 0.859
[2023-08-15 22:16:46.153] [info] CMC::computeControls, t = 0.86
[2023-08-15 22:16:46.170] [info] CMC::computeControls, t = 0.861
[2023-08-15 22:16:46.191] [info] CMC::computeControls, t = 0.862
[2023-08-15 22:16:46.219] [info] CMC::computeControls, t = 0.863
[2023-08-15 22:16:46.235] [info] CMC::computeControls, t = 0.864
[2023-08-15 22:16:46.263] [info] CMC::computeControls, t = 0.865
[2023-08-15 22:16:46.288] [info] CMC::computeControls, t = 0.866
[2023-08-15 22:16:46.308] [info] CMC::computeControls, t = 0.867
[2023-08-15 22:16:46.330] [info] CMC::computeControls, t = 0.868
[2023-08-15 22:16:46.354] [info] CMC::computeControls, t = 0.869
[2023-08-15 22:16:46.376] [info] CMC::computeControls, t = 0.87
[2023-08-15 22:16:46.414] [info] CMC::computeControls, t = 0.871
[2023-08-15 22:16:46.430] [info] CMC::computeControls, t = 0.872
[2023-08-15 22:16:46.449] [info] CMC::computeControls, t = 0.873
[2023-08-15 22:16:46.468] [info] CMC::computeControls, t = 0.874
[2023-08-15 22:16:46.493] [info] CMC::computeControls, t = 0.875
[2023-08-15 22:16:46.522] [info] CMC::computeControls, t = 0.876
[2023-08-15 22:16:46.538] [info] CMC::computeControls, t = 0.877
[2023-08-15 22:16:46.572] [info] CMC::computeControls, t = 0.878
[2023-08-15 22:16:46.603] [info] CMC::computeControls, t = 0.879
[2023-08-15 22:16:46.638] [info] CMC::computeControls, t = 0.88
[2023-08-15 22:16:46.668] [info] CMC::computeControls, t = 0.881
[2023-08-15 22:16:46.705] [info] CMC::computeControls, t = 0.882
[2023-08-15 22:16:46.743] [info] CMC::computeControls, t = 0.883
[2023-08-15 22:16:46.787] [info] CMC::computeControls, t = 0.884
[2023-08-15 22:16:46.827] [info] CMC::computeControls, t = 0.885
[2023-08-15 22:16:46.849] [info] CMC::computeControls, t = 0.886
[2023-08-15 22:16:46.865] [info] CMC::computeControls, t = 0.887
[2023-08-15 22:16:46.889] [info] CMC::computeControls, t = 0.888
[2023-08-15 22:16:46.925] [info] CMC::computeControls, t = 0.889
[2023-08-15 22:16:46.946] [info] CMC::computeControls, t = 0.89
[2023-08-15 22:16:46.980] [info] CMC::computeControls, t = 0.891
[2023-08-15 22:16:47.006] [info] CMC::computeControls, t = 0.892
[2023-08-15 22:16:47.023] [info] CMC::computeControls, t = 0.893
[2023-08-15 22:16:47.062] [info] CMC::computeControls, t = 0.894
[2023-08-15 22:16:47.089] [info] CMC::computeControls, t = 0.895
[2023-08-15 22:16:47.113] [info] CMC::computeControls, t = 0.896
[2023-08-15 22:16:47.129] [info] CMC::computeControls, t = 0.897
[2023-08-15 22:16:47.154] [info] CMC::computeControls, t = 0.898
[2023-08-15 22:16:47.172] [info] CMC::computeControls, t = 0.899
[2023-08-15 22:16:47.187] [info] CMC::computeControls, t = 0.9
[2023-08-15 22:16:47.215] [info] CMC::computeControls, t = 0.901000
[2023-08-15 22:16:47.239] [info] CMC::computeControls, t = 0.902000
[2023-08-15 22:16:47.258] [info] CMC::computeControls, t = 0.903000
[2023-08-15 22:16:47.283] [info] CMC::computeControls, t = 0.904000
[2023-08-15 22:16:47.318] [info] CMC::computeControls, t = 0.905000
[2023-08-15 22:16:47.349] [info] CMC::computeControls, t = 0.906000
[2023-08-15 22:16:47.378] [info] CMC::computeControls, t = 0.907000
[2023-08-15 22:16:47.413] [info] CMC::computeControls, t = 0.908000
[2023-08-15 22:16:47.444] [info] CMC::computeControls, t = 0.909000
[2023-08-15 22:16:47.466] [info] CMC::computeControls, t = 0.91
[2023-08-15 22:16:47.487] [info] CMC::computeControls, t = 0.911
[2023-08-15 22:16:47.511] [info] CMC::computeControls, t = 0.912
[2023-08-15 22:16:47.541] [info] CMC::computeControls, t = 0.913
[2023-08-15 22:16:47.559] [info] CMC::computeControls, t = 0.914
[2023-08-15 22:16:47.590] [info] CMC::computeControls, t = 0.915
[2023-08-15 22:16:47.617] [info] CMC::computeControls, t = 0.916
[2023-08-15 22:16:47.641] [info] CMC::computeControls, t = 0.917
[2023-08-15 22:16:47.658] [info] CMC::computeControls, t = 0.918
[2023-08-15 22:16:47.674] [info] CMC::computeControls, t = 0.919
[2023-08-15 22:16:47.709] [info] CMC::computeControls, t = 0.92
[2023-08-15 22:16:47.737] [info] CMC::computeControls, t = 0.921
[2023-08-15 22:16:47.758] [info] CMC::computeControls, t = 0.922
[2023-08-15 22:16:47.785] [info] CMC::computeControls, t = 0.923
[2023-08-15 22:16:47.807] [info] CMC::computeControls, t = 0.924
[2023-08-15 22:16:47.833] [info] CMC::computeControls, t = 0.925
[2023-08-15 22:16:47.857] [info] CMC::computeControls, t = 0.926
[2023-08-15 22:16:47.888] [info] CMC::computeControls, t = 0.927
[2023-08-15 22:16:47.924] [info] CMC::computeControls, t = 0.928
[2023-08-15 22:16:47.949] [info] CMC::computeControls, t = 0.929
[2023-08-15 22:16:47.965] [info] CMC::computeControls, t = 0.93
[2023-08-15 22:16:47.996] [info] CMC::computeControls, t = 0.931
[2023-08-15 22:16:48.016] [info] CMC::computeControls, t = 0.932
[2023-08-15 22:16:48.048] [info] CMC::computeControls, t = 0.933
[2023-08-15 22:16:48.072] [info] CMC::computeControls, t = 0.934
[2023-08-15 22:16:48.113] [info] CMC::computeControls, t = 0.935
[2023-08-15 22:16:48.129] [info] CMC::computeControls, t = 0.936
[2023-08-15 22:16:48.150] [info] CMC::computeControls, t = 0.937
[2023-08-15 22:16:48.172] [info] CMC::computeControls, t = 0.938
[2023-08-15 22:16:48.194] [info] CMC::computeControls, t = 0.939
[2023-08-15 22:16:48.215] [info] CMC::computeControls, t = 0.94
[2023-08-15 22:16:48.230] [info] CMC::computeControls, t = 0.941
[2023-08-15 22:16:48.264] [info] CMC::computeControls, t = 0.942
[2023-08-15 22:16:48.299] [info] CMC::computeControls, t = 0.943
[2023-08-15 22:16:48.326] [info] CMC::computeControls, t = 0.944
[2023-08-15 22:16:48.346] [info] CMC::computeControls, t = 0.945
[2023-08-15 22:16:48.377] [info] CMC::computeControls, t = 0.946
[2023-08-15 22:16:48.399] [info] CMC::computeControls, t = 0.947
[2023-08-15 22:16:48.423] [info] CMC::computeControls, t = 0.948
[2023-08-15 22:16:48.450] [info] CMC::computeControls, t = 0.949
[2023-08-15 22:16:48.482] [info] CMC::computeControls, t = 0.95
[2023-08-15 22:16:48.502] [info] CMC::computeControls, t = 0.951
[2023-08-15 22:16:48.520] [info] CMC::computeControls, t = 0.952
[2023-08-15 22:16:48.547] [info] CMC::computeControls, t = 0.953
[2023-08-15 22:16:48.563] [info] CMC::computeControls, t = 0.954
[2023-08-15 22:16:48.583] [info] CMC::computeControls, t = 0.955
[2023-08-15 22:16:48.618] [info] CMC::computeControls, t = 0.956
[2023-08-15 22:16:48.640] [info] CMC::computeControls, t = 0.957
[2023-08-15 22:16:48.663] [info] CMC::computeControls, t = 0.958
[2023-08-15 22:16:48.679] [info] CMC::computeControls, t = 0.959
[2023-08-15 22:16:48.704] [info] CMC::computeControls, t = 0.96
[2023-08-15 22:16:48.733] [info] CMC::computeControls, t = 0.961
[2023-08-15 22:16:48.757] [info] CMC::computeControls, t = 0.962
[2023-08-15 22:16:48.776] [info] CMC::computeControls, t = 0.963
[2023-08-15 22:16:48.807] [info] CMC::computeControls, t = 0.964
[2023-08-15 22:16:48.828] [info] CMC::computeControls, t = 0.965
[2023-08-15 22:16:48.852] [info] CMC::computeControls, t = 0.966
[2023-08-15 22:16:48.880] [info] CMC::computeControls, t = 0.967
[2023-08-15 22:16:48.896] [info] CMC::computeControls, t = 0.968
[2023-08-15 22:16:48.929] [info] CMC::computeControls, t = 0.969
[2023-08-15 22:16:48.947] [info] CMC::computeControls, t = 0.97
[2023-08-15 22:16:48.986] [info] CMC::computeControls, t = 0.971
[2023-08-15 22:16:49.015] [info] CMC::computeControls, t = 0.972
[2023-08-15 22:16:49.050] [info] CMC::computeControls, t = 0.973
[2023-08-15 22:16:49.078] [info] CMC::computeControls, t = 0.974
[2023-08-15 22:16:49.123] [info] CMC::computeControls, t = 0.975
[2023-08-15 22:16:49.141] [info] CMC::computeControls, t = 0.976
[2023-08-15 22:16:49.169] [info] CMC::computeControls, t = 0.977
[2023-08-15 22:16:49.208] [info] CMC::computeControls, t = 0.978
[2023-08-15 22:16:49.224] [info] CMC::computeControls, t = 0.979
[2023-08-15 22:16:49.245] [info] CMC::computeControls, t = 0.98
[2023-08-15 22:16:49.270] [info] CMC::computeControls, t = 0.981
[2023-08-15 22:16:49.309] [info] CMC::computeControls, t = 0.982
[2023-08-15 22:16:49.333] [info] CMC::computeControls, t = 0.983
[2023-08-15 22:16:49.360] [info] CMC::computeControls, t = 0.984
[2023-08-15 22:16:49.389] [info] CMC::computeControls, t = 0.985
[2023-08-15 22:16:49.412] [info] CMC::computeControls, t = 0.986
[2023-08-15 22:16:49.428] [info] CMC::computeControls, t = 0.987
[2023-08-15 22:16:49.448] [info] CMC::computeControls, t = 0.988
[2023-08-15 22:16:49.464] [info] CMC::computeControls, t = 0.989
[2023-08-15 22:16:49.494] [info] -------------------------------------------
[2023-08-15 22:16:49.494] [info] Finished tracking the specified kinematics:
[2023-08-15 22:16:49.494] [info] -------------------------------------------
[2023-08-15 22:16:49.494] [info]  -- Start time = Tue Aug 15 22:16:33 2023
[2023-08-15 22:16:49.494] [info]  -- Finish time = Tue Aug 15 22:16:49 2023
[2023-08-15 22:16:49.494] [info]  -- Elapsed time = 16.0 seconds.
[2023-08-15 22:16:49.494] [info] -------------------------------------------
[2023-08-15 22:16:49.494] [info] 
[2023-08-15 22:16:49.494] [info] Printing results of investigation subject08_run5_cycle1_iter2 to cycle1/
[2023-08-15 22:16:50.059] [info] 

************************************************************
*      Summary of Mass Adjustments to Reduce Residuals     *
************************************************************
* Body adjusted: torso
* Mass Center (COM) adjustment: dx =-0.0381544, dz =0.0442809
* New COM location: ~[0.016302,0.33222,-0.0196936]
************************************************************
* Recommended mass adjustments:                             
*  Total mass change: 0.0303689
*  pelvis: orig mass = 12.7509, new mass = 12.7557
*  femur_r: orig mass = 10.0706, new mass = 10.0744
*  tibia_r: orig mass = 4.01408, new mass = 4.01558
*  talus_r: orig mass = 0.108269, new mass = 0.108309
*  calcn_r: orig mass = 1.35337, new mass = 1.35388
*  toes_r: orig mass = 0.234511, new mass = 0.234599
*  femur_l: orig mass = 10.0706, new mass = 10.0744
*  tibia_l: orig mass = 4.01408, new mass = 4.01558
*  talus_l: orig mass = 0.108269, new mass = 0.108309
*  calcn_l: orig mass = 1.35337, new mass = 1.35388
*  toes_l: orig mass = 0.234511, new mass = 0.234599
*  torso: orig mass = 29.045, new mass = 29.0558
*  humerus_r: orig mass = 2.20057, new mass = 2.20139
*  ulna_r: orig mass = 0.657736, new mass = 0.657981
*  radius_r: orig mass = 0.657736, new mass = 0.657981
*  hand_r: orig mass = 0.495332, new mass = 0.495517
*  humerus_l: orig mass = 2.20057, new mass = 2.20139
*  ulna_l: orig mass = 0.657736, new mass = 0.657981
*  radius_l: orig mass = 0.657736, new mass = 0.657981
*  hand_l: orig mass = 0.495332, new mass = 0.495517
************************************************************
* Note: Edit the model to make recommended adjustments to  *
*       mass properties.                                   *
************************************************************

* Average residuals before adjusting torso COM:
*  FX=-4.5252 FY=-0.297817 FZ=6.19522
*  MX=-12.6127 MY=-3.30735 MZ=-10.8677
************************************************************
* Average residuals after adjusting torso COM:
*  FX=-4.47107 FY=0.447355 FZ=5.71619
*  MX=-1.11288 MY=-3.1526 MZ=0.78691
************************************************************


[2023-08-15 22:16:50.059] [info] 
************************************************************
*                   Final Average Residuals                *
************************************************************
* After torso COM and Kinematics adjustments:
*  FX=-0.837018 FY=0.103753 FZ=2.06644
*  MX=-2.96478 MY=-1.81313 MZ=0.0226956
************************************************************


