[2023-08-15 22:39:19.164] [info] Storage: read data file = ..\rra1\cycle2\subject19_run5_cycle2_iter1_Kinematics_q.sto (nr=707 nc=38)
[2023-08-15 22:39:19.185] [info] Storage: read data file = ..\rra1\cycle2\subject19_run5_cycle2_iter1_Kinematics_q.sto (nr=707 nc=38)
[2023-08-15 22:39:19.223] [info] AbstractTool subject19_run5_cycle2_iter2 loading model ..\rra1\cycle2\subject19_run5_cycle2_rraAdjusted_iter1.osim
[2023-08-15 22:39:19.291] [info] Loaded model subject19_scaled from file ..\rra1\cycle2\subject19_run5_cycle2_rraAdjusted_iter1.osim
[2023-08-15 22:39:19.332] [info] Adding force object set from ..\subject19_run5_RRA_Actuators.xml
[2023-08-15 22:39:19.338] [info] Running tool subject19_run5_cycle2_iter2.
[2023-08-15 22:39:19.361] [warning] ExternalLoads 'externalloads' has subcomponents with duplicate name 'externalforce'. The duplicate is being renamed to 'externalforce_0'.
[2023-08-15 22:39:19.382] [info] 	taskSet size = 29.
[2023-08-15 22:39:19.468] [info] ExternalForce::externalforce Data source being set to Run_500 01_newCOP3_v24.mot
[2023-08-15 22:39:19.468] [info] ExternalForce::externalforce_0 Data source being set to Run_500 01_newCOP3_v24.mot
[2023-08-15 22:39:19.474] [warning] A desired points file was not specified.
[2023-08-15 22:39:19.474] [info] Loading desired kinematics from file '..\rra1\cycle2\subject19_run5_cycle2_iter1_Kinematics_q.sto'...
[2023-08-15 22:39:19.475] [info] Storage: read data file = ..\rra1\cycle2\subject19_run5_cycle2_iter1_Kinematics_q.sto (nr=707 nc=38)
[2023-08-15 22:39:19.511] [info] Not filtering the desired kinematics.
[2023-08-15 22:39:19.512] [cout] [info] MODEL: subject19_scaled

numStates = 74
numCoordinates = 37
numSpeeds = 37
numActuators = 29
numBodies = 20
numConstraints = 0
numProbes = 0

ANALYSES (total: 0)

BODIES (total: 20)
body[0] = pelvis. mass: 10.3938
              moments of inertia:  ~[0.0853818,0.0853818,0.0419478]
              products of inertia: ~[0,0,0]
body[1] = femur_r. mass: 8.20893
              moments of inertia:  ~[0.134888,0.0353589,0.142242]
              products of inertia: ~[0,0,0]
body[2] = tibia_r. mass: 3.27205
              moments of inertia:  ~[0.0510904,0.00516987,0.0518]
              products of inertia: ~[0,0,0]
body[3] = talus_r. mass: 0.0882548
              moments of inertia:  ~[0.000972738,0.000972738,0.000972738]
              products of inertia: ~[0,0,0]
body[4] = calcn_r. mass: 1.10319
              moments of inertia:  ~[0.00136183,0.00379368,0.00398823]
              products of inertia: ~[0,0,0]
body[5] = toes_r. mass: 0.19116
              moments of inertia:  ~[9.72738e-05,0.000194548,0.000972738]
              products of inertia: ~[0,0,0]
body[6] = femur_l. mass: 8.20893
              moments of inertia:  ~[0.134888,0.0353589,0.142242]
              products of inertia: ~[0,0,0]
body[7] = tibia_l. mass: 3.27205
              moments of inertia:  ~[0.0507593,0.00450769,0.0507593]
              products of inertia: ~[0,0,0]
body[8] = talus_l. mass: 0.0882548
              moments of inertia:  ~[0.000972738,0.000972738,0.000972738]
              products of inertia: ~[0,0,0]
body[9] = calcn_l. mass: 1.10319
              moments of inertia:  ~[0.00136183,0.00379368,0.00398823]
              products of inertia: ~[0,0,0]
body[10] = toes_l. mass: 0.19116
              moments of inertia:  ~[9.72738e-05,0.000194548,0.000972738]
              products of inertia: ~[0,0,0]
body[11] = torso. mass: 23.6758
              moments of inertia:  ~[1.28954,0.660732,1.25185]
              products of inertia: ~[0,0,0]
body[12] = humerus_r. mass: 1.79378
              moments of inertia:  ~[0.00897901,0.00309748,0.0100786]
              products of inertia: ~[0,0,0]
body[13] = ulna_r. mass: 0.536148
              moments of inertia:  ~[0.00303153,0.000632506,0.00328842]
              products of inertia: ~[0,0,0]
body[14] = radius_r. mass: 0.536148
              moments of inertia:  ~[0.00303153,0.000632506,0.00328842]
              products of inertia: ~[0,0,0]
body[15] = hand_r. mass: 0.403766
              moments of inertia:  ~[0.000912938,0.00055984,0.00137145]
              products of inertia: ~[0,0,0]
body[16] = humerus_l. mass: 1.79378
              moments of inertia:  ~[0.00897901,0.00309748,0.0100786]
              products of inertia: ~[0,0,0]
body[17] = ulna_l. mass: 0.536148
              moments of inertia:  ~[0.00303153,0.000632506,0.00328842]
              products of inertia: ~[0,0,0]
body[18] = radius_l. mass: 0.536148
              moments of inertia:  ~[0.00303153,0.000632506,0.00328842]
              products of inertia: ~[0,0,0]
body[19] = hand_l. mass: 0.403766
              moments of inertia:  ~[0.000912938,0.00055984,0.00137145]
              products of inertia: ~[0,0,0]

JOINTS (total: 20)
joint[0] = ground_pelvis. parent: ground_offset, child: pelvis_offset
joint[1] = hip_r. parent: pelvis_offset, child: femur_r_offset
joint[2] = knee_r. parent: femur_r_offset, child: tibia_r_offset
joint[3] = ankle_r. parent: tibia_r_offset, child: talus_r_offset
joint[4] = subtalar_r. parent: talus_r_offset, child: calcn_r_offset
joint[5] = mtp_r. parent: calcn_r_offset, child: toes_r_offset
joint[6] = hip_l. parent: pelvis_offset, child: femur_l_offset
joint[7] = knee_l. parent: femur_l_offset, child: tibia_l_offset
joint[8] = ankle_l. parent: tibia_l_offset, child: talus_l_offset
joint[9] = subtalar_l. parent: talus_l_offset, child: calcn_l_offset
joint[10] = mtp_l. parent: calcn_l_offset, child: toes_l_offset
joint[11] = back. parent: pelvis_offset, child: torso_offset
joint[12] = acromial_r. parent: torso_offset, child: humerus_r_offset
joint[13] = elbow_r. parent: humerus_r_offset, child: ulna_r_offset
joint[14] = radioulnar_r. parent: ulna_r_offset, child: radius_r_offset
joint[15] = radius_hand_r. parent: radius_r_offset, child: hand_r_offset
joint[16] = acromial_l. parent: torso_offset, child: humerus_l_offset
joint[17] = elbow_l. parent: humerus_l_offset, child: ulna_l_offset
joint[18] = radioulnar_l. parent: ulna_l_offset, child: radius_l_offset
joint[19] = radius_hand_l. parent: radius_l_offset, child: hand_l_offset

ACTUATORS (total: 29)
actuator[0] = FX
actuator[1] = FY
actuator[2] = FZ
actuator[3] = MZ
actuator[4] = MX
actuator[5] = MY
actuator[6] = hip_flexion_r
actuator[7] = hip_adduction_r
actuator[8] = hip_rotation_r
actuator[9] = knee_angle_r
actuator[10] = ankle_angle_r
actuator[11] = hip_flexion_l
actuator[12] = hip_adduction_l
actuator[13] = hip_rotation_l
actuator[14] = knee_angle_l
actuator[15] = ankle_angle_l
actuator[16] = lumbar_extension
actuator[17] = lumbar_bending
actuator[18] = lumbar_rotation
actuator[19] = arm_flex_r
actuator[20] = arm_add_r
actuator[21] = arm_rot_r
actuator[22] = elbow_flex_r
actuator[23] = pro_sup_r
actuator[24] = arm_flex_l
actuator[25] = arm_add_l
actuator[26] = arm_rot_l
actuator[27] = elbow_flex_l
actuator[28] = pro_sup_l

STATES (total: 74)
y[0] = /jointset/ground_pelvis/pelvis_tilt/value
y[1] = /jointset/ground_pelvis/pelvis_tilt/speed
y[2] = /jointset/ground_pelvis/pelvis_list/value
y[3] = /jointset/ground_pelvis/pelvis_list/speed
y[4] = /jointset/ground_pelvis/pelvis_rotation/value
y[5] = /jointset/ground_pelvis/pelvis_rotation/speed
y[6] = /jointset/ground_pelvis/pelvis_tx/value
y[7] = /jointset/ground_pelvis/pelvis_tx/speed
y[8] = /jointset/ground_pelvis/pelvis_ty/value
y[9] = /jointset/ground_pelvis/pelvis_ty/speed
y[10] = /jointset/ground_pelvis/pelvis_tz/value
y[11] = /jointset/ground_pelvis/pelvis_tz/speed
y[12] = /jointset/hip_r/hip_flexion_r/value
y[13] = /jointset/hip_r/hip_flexion_r/speed
y[14] = /jointset/hip_r/hip_adduction_r/value
y[15] = /jointset/hip_r/hip_adduction_r/speed
y[16] = /jointset/hip_r/hip_rotation_r/value
y[17] = /jointset/hip_r/hip_rotation_r/speed
y[18] = /jointset/knee_r/knee_angle_r/value
y[19] = /jointset/knee_r/knee_angle_r/speed
y[20] = /jointset/ankle_r/ankle_angle_r/value
y[21] = /jointset/ankle_r/ankle_angle_r/speed
y[22] = /jointset/subtalar_r/subtalar_angle_r/value
y[23] = /jointset/subtalar_r/subtalar_angle_r/speed
y[24] = /jointset/mtp_r/mtp_angle_r/value
y[25] = /jointset/mtp_r/mtp_angle_r/speed
y[26] = /jointset/hip_l/hip_flexion_l/value
y[27] = /jointset/hip_l/hip_flexion_l/speed
y[28] = /jointset/hip_l/hip_adduction_l/value
y[29] = /jointset/hip_l/hip_adduction_l/speed
y[30] = /jointset/hip_l/hip_rotation_l/value
y[31] = /jointset/hip_l/hip_rotation_l/speed
y[32] = /jointset/knee_l/knee_angle_l/value
y[33] = /jointset/knee_l/knee_angle_l/speed
y[34] = /jointset/ankle_l/ankle_angle_l/value
y[35] = /jointset/ankle_l/ankle_angle_l/speed
y[36] = /jointset/subtalar_l/subtalar_angle_l/value
y[37] = /jointset/subtalar_l/subtalar_angle_l/speed
y[38] = /jointset/mtp_l/mtp_angle_l/value
y[39] = /jointset/mtp_l/mtp_angle_l/speed
y[40] = /jointset/back/lumbar_extension/value
y[41] = /jointset/back/lumbar_extension/speed
y[42] = /jointset/back/lumbar_bending/value
y[43] = /jointset/back/lumbar_bending/speed
y[44] = /jointset/back/lumbar_rotation/value
y[45] = /jointset/back/lumbar_rotation/speed
y[46] = /jointset/acromial_r/arm_flex_r/value
y[47] = /jointset/acromial_r/arm_flex_r/speed
y[48] = /jointset/acromial_r/arm_add_r/value
y[49] = /jointset/acromial_r/arm_add_r/speed
y[50] = /jointset/acromial_r/arm_rot_r/value
y[51] = /jointset/acromial_r/arm_rot_r/speed
y[52] = /jointset/elbow_r/elbow_flex_r/value
y[53] = /jointset/elbow_r/elbow_flex_r/speed
y[54] = /jointset/radioulnar_r/pro_sup_r/value
y[55] = /jointset/radioulnar_r/pro_sup_r/speed
y[56] = /jointset/radius_hand_r/wrist_flex_r/value
y[57] = /jointset/radius_hand_r/wrist_flex_r/speed
y[58] = /jointset/radius_hand_r/wrist_dev_r/value
y[59] = /jointset/radius_hand_r/wrist_dev_r/speed
y[60] = /jointset/acromial_l/arm_flex_l/value
y[61] = /jointset/acromial_l/arm_flex_l/speed
y[62] = /jointset/acromial_l/arm_add_l/value
y[63] = /jointset/acromial_l/arm_add_l/speed
y[64] = /jointset/acromial_l/arm_rot_l/value
y[65] = /jointset/acromial_l/arm_rot_l/speed
y[66] = /jointset/elbow_l/elbow_flex_l/value
y[67] = /jointset/elbow_l/elbow_flex_l/speed
y[68] = /jointset/radioulnar_l/pro_sup_l/value
y[69] = /jointset/radioulnar_l/pro_sup_l/speed
y[70] = /jointset/radius_hand_l/wrist_flex_l/value
y[71] = /jointset/radius_hand_l/wrist_flex_l/speed
y[72] = /jointset/radius_hand_l/wrist_dev_l/value
y[73] = /jointset/radius_hand_l/wrist_dev_l/speed

[2023-08-15 22:39:19.952] [warning] Coordinate.setValue:  coordinate subtalar_angle_r is locked. Unable to change its value.
[2023-08-15 22:39:19.952] [warning] Coordinate.setValue:  coordinate mtp_angle_r is locked. Unable to change its value.
[2023-08-15 22:39:19.952] [warning] Coordinate.setValue:  coordinate subtalar_angle_l is locked. Unable to change its value.
[2023-08-15 22:39:19.952] [warning] Coordinate.setValue:  coordinate mtp_angle_l is locked. Unable to change its value.
[2023-08-15 22:39:19.952] [warning] Coordinate.setValue:  coordinate wrist_flex_r is locked. Unable to change its value.
[2023-08-15 22:39:19.952] [warning] Coordinate.setValue:  coordinate wrist_dev_r is locked. Unable to change its value.
[2023-08-15 22:39:19.952] [warning] Coordinate.setValue:  coordinate wrist_flex_l is locked. Unable to change its value.
[2023-08-15 22:39:19.952] [warning] Coordinate.setValue:  coordinate wrist_dev_l is locked. Unable to change its value.
[2023-08-15 22:39:20.024] [info] Requested COM adjustment time range 0.84375 to 1.4823, clamped to nearest available data times: 0.84375 to 1.4823.
[2023-08-15 22:39:20.024] [info] Computing average residuals between 0.84375 and 1.4823...
[2023-08-15 22:39:20.109] [info] ExternalForce::externalforce Data source being set to Run_500 01_newCOP3_v24.mot
[2023-08-15 22:39:20.109] [info] ExternalForce::externalforce_0 Data source being set to Run_500 01_newCOP3_v24.mot
[2023-08-15 22:39:20.193] [info] ExternalForce::externalforce Data source being set to Run_500 01_newCOP3_v24.mot
[2023-08-15 22:39:20.193] [info] ExternalForce::externalforce_0 Data source being set to Run_500 01_newCOP3_v24.mot
[2023-08-15 22:39:24.345] [info] ExternalForce::externalforce Data source being set to Run_500 01_newCOP3_v24.mot
[2023-08-15 22:39:24.346] [info] ExternalForce::externalforce_0 Data source being set to Run_500 01_newCOP3_v24.mot
[2023-08-15 22:39:24.355] [info] Computing average residuals between 0.84375 and 1.4823...
[2023-08-15 22:39:24.457] [info] ExternalForce::externalforce Data source being set to Run_500 01_newCOP3_v24.mot
[2023-08-15 22:39:24.457] [info] ExternalForce::externalforce_0 Data source being set to Run_500 01_newCOP3_v24.mot
[2023-08-15 22:39:24.518] [info] ExternalForce::externalforce Data source being set to Run_500 01_newCOP3_v24.mot
[2023-08-15 22:39:24.518] [info] ExternalForce::externalforce_0 Data source being set to Run_500 01_newCOP3_v24.mot
[2023-08-15 22:39:28.700] [info] Constructing function set for tracking desired kinematics...
[2023-08-15 22:39:29.503] [warning] No Actuation analysis found in analysis set, adding one...
[2023-08-15 22:39:29.504] [warning] No Kinematics analysis found in analysis set, adding one...
[2023-08-15 22:39:29.507] [info] Using the generalized coordinates specified in '..\rra1\cycle2\subject19_run5_cycle2_iter1_Kinematics_q.sto' to set the initial configuration.
[2023-08-15 22:39:29.734] [info] Using IPOPT optimizer algorithm.
[2023-08-15 22:39:29.734] [info] Setting optimizer print level to 0.
[2023-08-15 22:39:29.734] [info] Setting optimizer convergence tolerance to 1.0e-05.
[2023-08-15 22:39:29.734] [info] Setting optimizer maximum iterations to 2000.
[2023-08-15 22:39:29.734] [info] Setting cmc controller to not use verbose printing.

[2023-08-15 22:39:29.734] [info] CMC::computeControls, t = 0.84375
[2023-08-15 22:39:30.555] [info] --------------------------------------------
[2023-08-15 22:39:30.555] [info] Using CMC to track the specified kinematics:
[2023-08-15 22:39:30.556] [info] --------------------------------------------
[2023-08-15 22:39:30.556] [info]  -- Integrating from 0.84375 to 1.4823
[2023-08-15 22:39:30.556] [info]  -- Start time = Tue Aug 15 22:39:30 2023
[2023-08-15 22:39:30.556] [info] --------------------------------------------
[2023-08-15 22:39:30.556] [info] 
[2023-08-15 22:39:30.560] [info] CMC::computeControls, t = 0.84375
[2023-08-15 22:39:30.592] [info] CMC::computeControls, t = 0.84475
[2023-08-15 22:39:30.592] [warning] Coordinate.setValue:  coordinate subtalar_angle_r is locked. Unable to change its value.
[2023-08-15 22:39:30.592] [warning] Coordinate.setValue:  coordinate mtp_angle_r is locked. Unable to change its value.
[2023-08-15 22:39:30.592] [warning] Coordinate.setValue:  coordinate subtalar_angle_l is locked. Unable to change its value.
[2023-08-15 22:39:30.592] [warning] Coordinate.setValue:  coordinate mtp_angle_l is locked. Unable to change its value.
[2023-08-15 22:39:30.593] [warning] Coordinate.setValue:  coordinate wrist_flex_r is locked. Unable to change its value.
[2023-08-15 22:39:30.593] [warning] Coordinate.setValue:  coordinate wrist_dev_r is locked. Unable to change its value.
[2023-08-15 22:39:30.593] [warning] Coordinate.setValue:  coordinate wrist_flex_l is locked. Unable to change its value.
[2023-08-15 22:39:30.593] [warning] Coordinate.setValue:  coordinate wrist_dev_l is locked. Unable to change its value.
[2023-08-15 22:39:30.610] [info] CMC::computeControls, t = 0.84575
[2023-08-15 22:39:30.626] [info] CMC::computeControls, t = 0.84675
[2023-08-15 22:39:30.642] [info] CMC::computeControls, t = 0.84775
[2023-08-15 22:39:30.668] [info] CMC::computeControls, t = 0.84875
[2023-08-15 22:39:30.692] [info] CMC::computeControls, t = 0.84975
[2023-08-15 22:39:30.708] [info] CMC::computeControls, t = 0.850750
[2023-08-15 22:39:30.731] [info] CMC::computeControls, t = 0.85175
[2023-08-15 22:39:30.749] [info] CMC::computeControls, t = 0.85275
[2023-08-15 22:39:30.777] [info] CMC::computeControls, t = 0.85375
[2023-08-15 22:39:30.793] [info] CMC::computeControls, t = 0.85475
[2023-08-15 22:39:30.808] [info] CMC::computeControls, t = 0.85575
[2023-08-15 22:39:30.826] [info] CMC::computeControls, t = 0.85675
[2023-08-15 22:39:30.855] [info] CMC::computeControls, t = 0.85775
[2023-08-15 22:39:30.870] [info] CMC::computeControls, t = 0.85875
[2023-08-15 22:39:30.886] [info] CMC::computeControls, t = 0.85975
[2023-08-15 22:39:30.915] [info] CMC::computeControls, t = 0.860750
[2023-08-15 22:39:30.949] [info] CMC::computeControls, t = 0.86175
[2023-08-15 22:39:30.970] [info] CMC::computeControls, t = 0.86275
[2023-08-15 22:39:30.991] [info] CMC::computeControls, t = 0.86375
[2023-08-15 22:39:31.017] [info] CMC::computeControls, t = 0.86475
[2023-08-15 22:39:31.050] [info] CMC::computeControls, t = 0.86575
[2023-08-15 22:39:31.078] [info] CMC::computeControls, t = 0.86675
[2023-08-15 22:39:31.098] [info] CMC::computeControls, t = 0.86775
[2023-08-15 22:39:31.125] [info] CMC::computeControls, t = 0.86875
[2023-08-15 22:39:31.140] [info] CMC::computeControls, t = 0.86975
[2023-08-15 22:39:31.171] [info] CMC::computeControls, t = 0.870750
[2023-08-15 22:39:31.188] [info] CMC::computeControls, t = 0.87175
[2023-08-15 22:39:31.207] [info] CMC::computeControls, t = 0.87275
[2023-08-15 22:39:31.235] [info] CMC::computeControls, t = 0.87375
[2023-08-15 22:39:31.254] [info] CMC::computeControls, t = 0.87475
[2023-08-15 22:39:31.270] [info] CMC::computeControls, t = 0.87575
[2023-08-15 22:39:31.297] [info] CMC::computeControls, t = 0.87675
[2023-08-15 22:39:31.323] [info] CMC::computeControls, t = 0.87775
[2023-08-15 22:39:31.360] [info] CMC::computeControls, t = 0.87875
[2023-08-15 22:39:31.381] [info] CMC::computeControls, t = 0.87975
[2023-08-15 22:39:31.404] [info] CMC::computeControls, t = 0.880750
[2023-08-15 22:39:31.426] [info] CMC::computeControls, t = 0.88175
[2023-08-15 22:39:31.454] [info] CMC::computeControls, t = 0.88275
[2023-08-15 22:39:31.476] [info] CMC::computeControls, t = 0.88375
[2023-08-15 22:39:31.504] [info] CMC::computeControls, t = 0.88475
[2023-08-15 22:39:31.529] [info] CMC::computeControls, t = 0.88575
[2023-08-15 22:39:31.560] [info] CMC::computeControls, t = 0.88675
[2023-08-15 22:39:31.579] [info] CMC::computeControls, t = 0.88775
[2023-08-15 22:39:31.601] [info] CMC::computeControls, t = 0.88875
[2023-08-15 22:39:31.637] [info] CMC::computeControls, t = 0.88975
[2023-08-15 22:39:31.671] [info] CMC::computeControls, t = 0.890750
[2023-08-15 22:39:31.692] [info] CMC::computeControls, t = 0.89175
[2023-08-15 22:39:31.771] [info] CMC::computeControls, t = 0.89275
[2023-08-15 22:39:31.791] [info] CMC::computeControls, t = 0.89375
[2023-08-15 22:39:31.807] [info] CMC::computeControls, t = 0.89475
[2023-08-15 22:39:31.824] [info] CMC::computeControls, t = 0.89575
[2023-08-15 22:39:31.845] [info] CMC::computeControls, t = 0.89675
[2023-08-15 22:39:31.872] [info] CMC::computeControls, t = 0.89775
[2023-08-15 22:39:31.895] [info] CMC::computeControls, t = 0.89875
[2023-08-15 22:39:31.914] [info] CMC::computeControls, t = 0.89975
[2023-08-15 22:39:31.931] [info] CMC::computeControls, t = 0.900750
[2023-08-15 22:39:31.954] [info] CMC::computeControls, t = 0.901750
[2023-08-15 22:39:31.990] [info] CMC::computeControls, t = 0.902750
[2023-08-15 22:39:32.016] [info] CMC::computeControls, t = 0.903750
[2023-08-15 22:39:32.045] [info] CMC::computeControls, t = 0.904750
[2023-08-15 22:39:32.077] [info] CMC::computeControls, t = 0.905750
[2023-08-15 22:39:32.101] [info] CMC::computeControls, t = 0.906750
[2023-08-15 22:39:32.121] [info] CMC::computeControls, t = 0.907750
[2023-08-15 22:39:32.139] [info] CMC::computeControls, t = 0.908750
[2023-08-15 22:39:32.165] [info] CMC::computeControls, t = 0.909750
[2023-08-15 22:39:32.183] [info] CMC::computeControls, t = 0.910750
[2023-08-15 22:39:32.204] [info] CMC::computeControls, t = 0.91175
[2023-08-15 22:39:32.227] [info] CMC::computeControls, t = 0.91275
[2023-08-15 22:39:32.244] [info] CMC::computeControls, t = 0.91375
[2023-08-15 22:39:32.260] [info] CMC::computeControls, t = 0.91475
[2023-08-15 22:39:32.286] [info] CMC::computeControls, t = 0.91575
[2023-08-15 22:39:32.303] [info] CMC::computeControls, t = 0.91675
[2023-08-15 22:39:32.321] [info] CMC::computeControls, t = 0.91775
[2023-08-15 22:39:32.342] [info] CMC::computeControls, t = 0.91875
[2023-08-15 22:39:32.359] [info] CMC::computeControls, t = 0.91975
[2023-08-15 22:39:32.376] [info] CMC::computeControls, t = 0.920750
[2023-08-15 22:39:32.394] [info] CMC::computeControls, t = 0.92175
[2023-08-15 22:39:32.418] [info] CMC::computeControls, t = 0.92275
[2023-08-15 22:39:32.446] [info] CMC::computeControls, t = 0.92375
[2023-08-15 22:39:32.469] [info] CMC::computeControls, t = 0.92475
[2023-08-15 22:39:32.499] [info] CMC::computeControls, t = 0.92575
[2023-08-15 22:39:32.532] [info] CMC::computeControls, t = 0.92675
[2023-08-15 22:39:32.563] [info] CMC::computeControls, t = 0.92775
[2023-08-15 22:39:32.587] [info] CMC::computeControls, t = 0.92875
[2023-08-15 22:39:32.607] [info] CMC::computeControls, t = 0.92975
[2023-08-15 22:39:32.638] [info] CMC::computeControls, t = 0.930750
[2023-08-15 22:39:32.664] [info] CMC::computeControls, t = 0.93175
[2023-08-15 22:39:32.700] [info] CMC::computeControls, t = 0.93275
[2023-08-15 22:39:32.716] [info] CMC::computeControls, t = 0.93375
[2023-08-15 22:39:32.731] [info] CMC::computeControls, t = 0.93475
[2023-08-15 22:39:32.758] [info] CMC::computeControls, t = 0.93575
[2023-08-15 22:39:32.785] [info] CMC::computeControls, t = 0.93675
[2023-08-15 22:39:32.808] [info] CMC::computeControls, t = 0.93775
[2023-08-15 22:39:32.823] [info] CMC::computeControls, t = 0.93875
[2023-08-15 22:39:32.853] [info] CMC::computeControls, t = 0.93975
[2023-08-15 22:39:32.879] [info] CMC::computeControls, t = 0.940750
[2023-08-15 22:39:32.926] [info] CMC::computeControls, t = 0.94175
[2023-08-15 22:39:32.953] [info] CMC::computeControls, t = 0.94275
[2023-08-15 22:39:32.970] [info] CMC::computeControls, t = 0.94375
[2023-08-15 22:39:32.985] [info] CMC::computeControls, t = 0.94475
[2023-08-15 22:39:33.014] [info] CMC::computeControls, t = 0.94575
[2023-08-15 22:39:33.043] [info] CMC::computeControls, t = 0.94675
[2023-08-15 22:39:33.086] [info] CMC::computeControls, t = 0.94775
[2023-08-15 22:39:33.118] [info] CMC::computeControls, t = 0.94875
[2023-08-15 22:39:33.134] [info] CMC::computeControls, t = 0.94975
[2023-08-15 22:39:33.167] [info] CMC::computeControls, t = 0.950750
[2023-08-15 22:39:33.209] [info] CMC::computeControls, t = 0.95175
[2023-08-15 22:39:33.236] [info] CMC::computeControls, t = 0.95275
[2023-08-15 22:39:33.260] [info] CMC::computeControls, t = 0.95375
[2023-08-15 22:39:33.293] [info] CMC::computeControls, t = 0.95475
[2023-08-15 22:39:33.314] [info] CMC::computeControls, t = 0.95575
[2023-08-15 22:39:33.344] [info] CMC::computeControls, t = 0.95675
[2023-08-15 22:39:33.361] [info] CMC::computeControls, t = 0.95775
[2023-08-15 22:39:33.383] [info] CMC::computeControls, t = 0.95875
[2023-08-15 22:39:33.399] [info] CMC::computeControls, t = 0.95975
[2023-08-15 22:39:33.428] [info] CMC::computeControls, t = 0.960750
[2023-08-15 22:39:33.447] [info] CMC::computeControls, t = 0.96175
[2023-08-15 22:39:33.471] [info] CMC::computeControls, t = 0.96275
[2023-08-15 22:39:33.491] [info] CMC::computeControls, t = 0.96375
[2023-08-15 22:39:33.523] [info] CMC::computeControls, t = 0.96475
[2023-08-15 22:39:33.550] [info] CMC::computeControls, t = 0.96575
[2023-08-15 22:39:33.568] [info] CMC::computeControls, t = 0.96675
[2023-08-15 22:39:33.584] [info] CMC::computeControls, t = 0.96775
[2023-08-15 22:39:33.609] [info] CMC::computeControls, t = 0.96875
[2023-08-15 22:39:33.631] [info] CMC::computeControls, t = 0.96975
[2023-08-15 22:39:33.647] [info] CMC::computeControls, t = 0.970750
[2023-08-15 22:39:33.663] [info] CMC::computeControls, t = 0.97175
[2023-08-15 22:39:33.698] [info] CMC::computeControls, t = 0.97275
[2023-08-15 22:39:33.720] [info] CMC::computeControls, t = 0.97375
[2023-08-15 22:39:33.739] [info] CMC::computeControls, t = 0.97475
[2023-08-15 22:39:33.756] [info] CMC::computeControls, t = 0.97575
[2023-08-15 22:39:33.782] [info] CMC::computeControls, t = 0.97675
[2023-08-15 22:39:33.806] [info] CMC::computeControls, t = 0.97775
[2023-08-15 22:39:33.821] [info] CMC::computeControls, t = 0.97875
[2023-08-15 22:39:33.836] [info] CMC::computeControls, t = 0.97975
[2023-08-15 22:39:33.861] [info] CMC::computeControls, t = 0.980750
[2023-08-15 22:39:33.877] [info] CMC::computeControls, t = 0.98175
[2023-08-15 22:39:33.904] [info] CMC::computeControls, t = 0.98275
[2023-08-15 22:39:33.925] [info] CMC::computeControls, t = 0.98375
[2023-08-15 22:39:33.962] [info] CMC::computeControls, t = 0.98475
[2023-08-15 22:39:33.981] [info] CMC::computeControls, t = 0.98575
[2023-08-15 22:39:34.003] [info] CMC::computeControls, t = 0.98675
[2023-08-15 22:39:34.019] [info] CMC::computeControls, t = 0.98775
[2023-08-15 22:39:34.034] [info] CMC::computeControls, t = 0.98875
[2023-08-15 22:39:34.052] [info] CMC::computeControls, t = 0.98975
[2023-08-15 22:39:34.081] [info] CMC::computeControls, t = 0.990750
[2023-08-15 22:39:34.109] [info] CMC::computeControls, t = 0.99175
[2023-08-15 22:39:34.140] [info] CMC::computeControls, t = 0.99275
[2023-08-15 22:39:34.155] [info] CMC::computeControls, t = 0.99375
[2023-08-15 22:39:34.179] [info] CMC::computeControls, t = 0.99475
[2023-08-15 22:39:34.207] [info] CMC::computeControls, t = 0.99575
[2023-08-15 22:39:34.232] [info] CMC::computeControls, t = 0.99675
[2023-08-15 22:39:34.251] [info] CMC::computeControls, t = 0.99775
[2023-08-15 22:39:34.284] [info] CMC::computeControls, t = 0.99875
[2023-08-15 22:39:34.306] [info] CMC::computeControls, t = 0.99975
[2023-08-15 22:39:34.334] [info] CMC::computeControls, t = 1.00075
[2023-08-15 22:39:34.369] [info] CMC::computeControls, t = 1.00175
[2023-08-15 22:39:34.402] [info] CMC::computeControls, t = 1.00275
[2023-08-15 22:39:34.427] [info] CMC::computeControls, t = 1.00375
[2023-08-15 22:39:34.452] [info] CMC::computeControls, t = 1.00475
[2023-08-15 22:39:34.475] [info] CMC::computeControls, t = 1.00575
[2023-08-15 22:39:34.500] [info] CMC::computeControls, t = 1.00675
[2023-08-15 22:39:34.518] [info] CMC::computeControls, t = 1.00775
[2023-08-15 22:39:34.550] [info] CMC::computeControls, t = 1.00875
[2023-08-15 22:39:34.573] [info] CMC::computeControls, t = 1.00975
[2023-08-15 22:39:34.599] [info] CMC::computeControls, t = 1.01075
[2023-08-15 22:39:34.624] [info] CMC::computeControls, t = 1.01175
[2023-08-15 22:39:34.653] [info] CMC::computeControls, t = 1.01275
[2023-08-15 22:39:34.679] [info] CMC::computeControls, t = 1.01375
[2023-08-15 22:39:34.699] [info] CMC::computeControls, t = 1.01475
[2023-08-15 22:39:34.716] [info] CMC::computeControls, t = 1.01575
[2023-08-15 22:39:34.731] [info] CMC::computeControls, t = 1.01675
[2023-08-15 22:39:34.748] [info] CMC::computeControls, t = 1.01775
[2023-08-15 22:39:34.779] [info] CMC::computeControls, t = 1.01875
[2023-08-15 22:39:34.797] [info] CMC::computeControls, t = 1.01975
[2023-08-15 22:39:34.814] [info] CMC::computeControls, t = 1.02075
[2023-08-15 22:39:34.831] [info] CMC::computeControls, t = 1.02175
[2023-08-15 22:39:34.855] [info] CMC::computeControls, t = 1.02275
[2023-08-15 22:39:34.871] [info] CMC::computeControls, t = 1.02375
[2023-08-15 22:39:34.896] [info] CMC::computeControls, t = 1.02475
[2023-08-15 22:39:34.933] [info] CMC::computeControls, t = 1.02575
[2023-08-15 22:39:34.951] [info] CMC::computeControls, t = 1.02675
[2023-08-15 22:39:34.986] [info] CMC::computeControls, t = 1.02775
[2023-08-15 22:39:35.026] [info] CMC::computeControls, t = 1.02875
[2023-08-15 22:39:35.065] [info] CMC::computeControls, t = 1.02975
[2023-08-15 22:39:35.081] [info] CMC::computeControls, t = 1.03075
[2023-08-15 22:39:35.096] [info] CMC::computeControls, t = 1.03175
[2023-08-15 22:39:35.131] [info] CMC::computeControls, t = 1.03275
[2023-08-15 22:39:35.158] [info] CMC::computeControls, t = 1.03375
[2023-08-15 22:39:35.182] [info] CMC::computeControls, t = 1.03475
[2023-08-15 22:39:35.216] [info] CMC::computeControls, t = 1.03575
[2023-08-15 22:39:35.240] [info] CMC::computeControls, t = 1.03675
[2023-08-15 22:39:35.259] [info] CMC::computeControls, t = 1.03775
[2023-08-15 22:39:35.285] [info] CMC::computeControls, t = 1.03875
[2023-08-15 22:39:35.302] [info] CMC::computeControls, t = 1.03975
[2023-08-15 22:39:35.317] [info] CMC::computeControls, t = 1.04075
[2023-08-15 22:39:35.340] [info] CMC::computeControls, t = 1.04175
[2023-08-15 22:39:35.366] [info] CMC::computeControls, t = 1.04275
[2023-08-15 22:39:35.393] [info] CMC::computeControls, t = 1.04375
[2023-08-15 22:39:35.427] [info] CMC::computeControls, t = 1.04475
[2023-08-15 22:39:35.452] [info] CMC::computeControls, t = 1.04575
[2023-08-15 22:39:35.479] [info] CMC::computeControls, t = 1.04675
[2023-08-15 22:39:35.525] [info] CMC::computeControls, t = 1.04775
[2023-08-15 22:39:35.556] [info] CMC::computeControls, t = 1.04875
[2023-08-15 22:39:35.591] [info] CMC::computeControls, t = 1.04975
[2023-08-15 22:39:35.616] [info] CMC::computeControls, t = 1.05075
[2023-08-15 22:39:35.639] [info] CMC::computeControls, t = 1.05175
[2023-08-15 22:39:35.655] [info] CMC::computeControls, t = 1.05275
[2023-08-15 22:39:35.670] [info] CMC::computeControls, t = 1.05375
[2023-08-15 22:39:35.697] [info] CMC::computeControls, t = 1.05475
[2023-08-15 22:39:35.730] [info] CMC::computeControls, t = 1.05575
[2023-08-15 22:39:35.746] [info] CMC::computeControls, t = 1.05675
[2023-08-15 22:39:35.778] [info] CMC::computeControls, t = 1.05775
[2023-08-15 22:39:35.814] [info] CMC::computeControls, t = 1.05875
[2023-08-15 22:39:35.843] [info] CMC::computeControls, t = 1.05975
[2023-08-15 22:39:35.868] [info] CMC::computeControls, t = 1.06075
[2023-08-15 22:39:35.886] [info] CMC::computeControls, t = 1.06175
[2023-08-15 22:39:35.919] [info] CMC::computeControls, t = 1.06275
[2023-08-15 22:39:35.937] [info] CMC::computeControls, t = 1.06375
[2023-08-15 22:39:35.975] [info] CMC::computeControls, t = 1.06475
[2023-08-15 22:39:36.003] [info] CMC::computeControls, t = 1.06575
[2023-08-15 22:39:36.041] [info] CMC::computeControls, t = 1.06675
[2023-08-15 22:39:36.060] [info] CMC::computeControls, t = 1.06775
[2023-08-15 22:39:36.088] [info] CMC::computeControls, t = 1.06875
[2023-08-15 22:39:36.104] [info] CMC::computeControls, t = 1.06975
[2023-08-15 22:39:36.139] [info] CMC::computeControls, t = 1.07075
[2023-08-15 22:39:36.154] [info] CMC::computeControls, t = 1.07175
[2023-08-15 22:39:36.170] [info] CMC::computeControls, t = 1.07275
[2023-08-15 22:39:36.187] [info] CMC::computeControls, t = 1.07375
[2023-08-15 22:39:36.207] [info] CMC::computeControls, t = 1.07475
[2023-08-15 22:39:36.233] [info] CMC::computeControls, t = 1.07575
[2023-08-15 22:39:36.260] [info] CMC::computeControls, t = 1.07675
[2023-08-15 22:39:36.290] [info] CMC::computeControls, t = 1.07775
[2023-08-15 22:39:36.309] [info] CMC::computeControls, t = 1.07875
[2023-08-15 22:39:36.327] [info] CMC::computeControls, t = 1.07975
[2023-08-15 22:39:36.342] [info] CMC::computeControls, t = 1.08075
[2023-08-15 22:39:36.359] [info] CMC::computeControls, t = 1.08175
[2023-08-15 22:39:36.382] [info] CMC::computeControls, t = 1.08275
[2023-08-15 22:39:36.398] [info] CMC::computeControls, t = 1.08375
[2023-08-15 22:39:36.413] [info] CMC::computeControls, t = 1.08475
[2023-08-15 22:39:36.435] [info] CMC::computeControls, t = 1.08575
[2023-08-15 22:39:36.450] [info] CMC::computeControls, t = 1.08675
[2023-08-15 22:39:36.466] [info] CMC::computeControls, t = 1.08775
[2023-08-15 22:39:36.503] [info] CMC::computeControls, t = 1.08875
[2023-08-15 22:39:36.528] [info] CMC::computeControls, t = 1.08975
[2023-08-15 22:39:36.545] [info] CMC::computeControls, t = 1.09075
[2023-08-15 22:39:36.561] [info] CMC::computeControls, t = 1.09175
[2023-08-15 22:39:36.589] [info] CMC::computeControls, t = 1.09275
[2023-08-15 22:39:36.618] [info] CMC::computeControls, t = 1.09375
[2023-08-15 22:39:36.635] [info] CMC::computeControls, t = 1.09475
[2023-08-15 22:39:36.661] [info] CMC::computeControls, t = 1.09575
[2023-08-15 22:39:36.688] [info] CMC::computeControls, t = 1.09675
[2023-08-15 22:39:36.713] [info] CMC::computeControls, t = 1.09775
[2023-08-15 22:39:36.737] [info] CMC::computeControls, t = 1.09875
[2023-08-15 22:39:36.767] [info] CMC::computeControls, t = 1.09975
[2023-08-15 22:39:36.789] [info] CMC::computeControls, t = 1.10075
[2023-08-15 22:39:36.815] [info] CMC::computeControls, t = 1.10175
[2023-08-15 22:39:36.843] [info] CMC::computeControls, t = 1.10275
[2023-08-15 22:39:36.859] [info] CMC::computeControls, t = 1.10375
[2023-08-15 22:39:36.879] [info] CMC::computeControls, t = 1.10475
[2023-08-15 22:39:36.913] [info] CMC::computeControls, t = 1.10575
[2023-08-15 22:39:36.934] [info] CMC::computeControls, t = 1.10675
[2023-08-15 22:39:36.949] [info] CMC::computeControls, t = 1.10775
[2023-08-15 22:39:36.969] [info] CMC::computeControls, t = 1.10875
[2023-08-15 22:39:36.994] [info] CMC::computeControls, t = 1.10975
[2023-08-15 22:39:37.010] [info] CMC::computeControls, t = 1.11075
[2023-08-15 22:39:37.031] [info] CMC::computeControls, t = 1.11175
[2023-08-15 22:39:37.056] [info] CMC::computeControls, t = 1.11275
[2023-08-15 22:39:37.080] [info] CMC::computeControls, t = 1.11375
[2023-08-15 22:39:37.106] [info] CMC::computeControls, t = 1.11475
[2023-08-15 22:39:37.124] [info] CMC::computeControls, t = 1.11575
[2023-08-15 22:39:37.143] [info] CMC::computeControls, t = 1.11675
[2023-08-15 22:39:37.178] [info] CMC::computeControls, t = 1.11775
[2023-08-15 22:39:37.195] [info] CMC::computeControls, t = 1.11875
[2023-08-15 22:39:37.210] [info] CMC::computeControls, t = 1.11975
[2023-08-15 22:39:37.239] [info] CMC::computeControls, t = 1.12075
[2023-08-15 22:39:37.254] [info] CMC::computeControls, t = 1.12175
[2023-08-15 22:39:37.274] [info] CMC::computeControls, t = 1.12275
[2023-08-15 22:39:37.295] [info] CMC::computeControls, t = 1.12375
[2023-08-15 22:39:37.314] [info] CMC::computeControls, t = 1.12475
[2023-08-15 22:39:37.336] [info] CMC::computeControls, t = 1.12575
[2023-08-15 22:39:37.355] [info] CMC::computeControls, t = 1.12675
[2023-08-15 22:39:37.380] [info] CMC::computeControls, t = 1.12775
[2023-08-15 22:39:37.415] [info] CMC::computeControls, t = 1.12875
[2023-08-15 22:39:37.453] [info] CMC::computeControls, t = 1.12975
[2023-08-15 22:39:37.479] [info] CMC::computeControls, t = 1.13075
[2023-08-15 22:39:37.508] [info] CMC::computeControls, t = 1.13175
[2023-08-15 22:39:37.534] [info] CMC::computeControls, t = 1.13275
[2023-08-15 22:39:37.562] [info] CMC::computeControls, t = 1.13375
[2023-08-15 22:39:37.589] [info] CMC::computeControls, t = 1.13475
[2023-08-15 22:39:37.621] [info] CMC::computeControls, t = 1.13575
[2023-08-15 22:39:37.656] [info] CMC::computeControls, t = 1.13675
[2023-08-15 22:39:37.689] [info] CMC::computeControls, t = 1.13775
[2023-08-15 22:39:37.714] [info] CMC::computeControls, t = 1.13875
[2023-08-15 22:39:37.734] [info] CMC::computeControls, t = 1.13975
[2023-08-15 22:39:37.763] [info] CMC::computeControls, t = 1.14075
[2023-08-15 22:39:37.780] [info] CMC::computeControls, t = 1.14175
[2023-08-15 22:39:37.796] [info] CMC::computeControls, t = 1.14275
[2023-08-15 22:39:37.825] [info] CMC::computeControls, t = 1.14375
[2023-08-15 22:39:37.844] [info] CMC::computeControls, t = 1.14475
[2023-08-15 22:39:37.861] [info] CMC::computeControls, t = 1.14575
[2023-08-15 22:39:37.885] [info] CMC::computeControls, t = 1.14675
[2023-08-15 22:39:37.917] [info] CMC::computeControls, t = 1.14775
[2023-08-15 22:39:37.937] [info] CMC::computeControls, t = 1.14875
[2023-08-15 22:39:37.958] [info] CMC::computeControls, t = 1.14975
[2023-08-15 22:39:37.994] [info] CMC::computeControls, t = 1.15075
[2023-08-15 22:39:38.012] [info] CMC::computeControls, t = 1.15175
[2023-08-15 22:39:38.030] [info] CMC::computeControls, t = 1.15275
[2023-08-15 22:39:38.054] [info] CMC::computeControls, t = 1.15375
[2023-08-15 22:39:38.073] [info] CMC::computeControls, t = 1.15475
[2023-08-15 22:39:38.093] [info] CMC::computeControls, t = 1.15575
[2023-08-15 22:39:38.118] [info] CMC::computeControls, t = 1.15675
[2023-08-15 22:39:38.136] [info] CMC::computeControls, t = 1.15775
[2023-08-15 22:39:38.151] [info] CMC::computeControls, t = 1.15875
[2023-08-15 22:39:38.182] [info] CMC::computeControls, t = 1.15975
[2023-08-15 22:39:38.206] [info] CMC::computeControls, t = 1.16075
[2023-08-15 22:39:38.225] [info] CMC::computeControls, t = 1.16175
[2023-08-15 22:39:38.247] [info] CMC::computeControls, t = 1.16275
[2023-08-15 22:39:38.281] [info] CMC::computeControls, t = 1.16375
[2023-08-15 22:39:38.305] [info] CMC::computeControls, t = 1.16475
[2023-08-15 22:39:38.324] [info] CMC::computeControls, t = 1.16575
[2023-08-15 22:39:38.339] [info] CMC::computeControls, t = 1.16675
[2023-08-15 22:39:38.366] [info] CMC::computeControls, t = 1.16775
[2023-08-15 22:39:38.402] [info] CMC::computeControls, t = 1.16875
[2023-08-15 22:39:38.418] [info] CMC::computeControls, t = 1.16975
[2023-08-15 22:39:38.438] [info] CMC::computeControls, t = 1.17075
[2023-08-15 22:39:38.454] [info] CMC::computeControls, t = 1.17175
[2023-08-15 22:39:38.484] [info] CMC::computeControls, t = 1.17275
[2023-08-15 22:39:38.501] [info] CMC::computeControls, t = 1.17375
[2023-08-15 22:39:38.521] [info] CMC::computeControls, t = 1.17475
[2023-08-15 22:39:38.550] [info] CMC::computeControls, t = 1.17575
[2023-08-15 22:39:38.589] [info] CMC::computeControls, t = 1.17675
[2023-08-15 22:39:38.611] [info] CMC::computeControls, t = 1.17775
[2023-08-15 22:39:38.639] [info] CMC::computeControls, t = 1.17875
[2023-08-15 22:39:38.669] [info] CMC::computeControls, t = 1.17975
[2023-08-15 22:39:38.686] [info] CMC::computeControls, t = 1.18075
[2023-08-15 22:39:38.719] [info] CMC::computeControls, t = 1.18175
[2023-08-15 22:39:38.753] [info] CMC::computeControls, t = 1.18275
[2023-08-15 22:39:38.772] [info] CMC::computeControls, t = 1.18375
[2023-08-15 22:39:38.794] [info] CMC::computeControls, t = 1.18475
[2023-08-15 22:39:38.828] [info] CMC::computeControls, t = 1.18575
[2023-08-15 22:39:38.866] [info] CMC::computeControls, t = 1.18675
[2023-08-15 22:39:38.890] [info] CMC::computeControls, t = 1.18775
[2023-08-15 22:39:38.921] [info] CMC::computeControls, t = 1.18875
[2023-08-15 22:39:38.937] [info] CMC::computeControls, t = 1.18975
[2023-08-15 22:39:38.968] [info] CMC::computeControls, t = 1.19075
[2023-08-15 22:39:39.005] [info] CMC::computeControls, t = 1.19175
[2023-08-15 22:39:39.043] [info] CMC::computeControls, t = 1.19275
[2023-08-15 22:39:39.070] [info] CMC::computeControls, t = 1.19375
[2023-08-15 22:39:39.102] [info] CMC::computeControls, t = 1.19475
[2023-08-15 22:39:39.133] [info] CMC::computeControls, t = 1.19575
[2023-08-15 22:39:39.148] [info] CMC::computeControls, t = 1.19675
[2023-08-15 22:39:39.171] [info] CMC::computeControls, t = 1.19775
[2023-08-15 22:39:39.197] [info] CMC::computeControls, t = 1.19875
[2023-08-15 22:39:39.223] [info] CMC::computeControls, t = 1.19975
[2023-08-15 22:39:39.248] [info] CMC::computeControls, t = 1.20075
[2023-08-15 22:39:39.279] [info] CMC::computeControls, t = 1.20175
[2023-08-15 22:39:39.305] [info] CMC::computeControls, t = 1.20275
[2023-08-15 22:39:39.321] [info] CMC::computeControls, t = 1.20375
[2023-08-15 22:39:39.343] [info] CMC::computeControls, t = 1.20475
[2023-08-15 22:39:39.369] [info] CMC::computeControls, t = 1.20575
[2023-08-15 22:39:39.386] [info] CMC::computeControls, t = 1.20675
[2023-08-15 22:39:39.416] [info] CMC::computeControls, t = 1.20775
[2023-08-15 22:39:39.453] [info] CMC::computeControls, t = 1.20875
[2023-08-15 22:39:39.491] [info] CMC::computeControls, t = 1.20975
[2023-08-15 22:39:39.521] [info] CMC::computeControls, t = 1.21075
[2023-08-15 22:39:39.555] [info] CMC::computeControls, t = 1.21175
[2023-08-15 22:39:39.588] [info] CMC::computeControls, t = 1.21275
[2023-08-15 22:39:39.615] [info] CMC::computeControls, t = 1.21375
[2023-08-15 22:39:39.633] [info] CMC::computeControls, t = 1.21475
[2023-08-15 22:39:39.648] [info] CMC::computeControls, t = 1.21575
[2023-08-15 22:39:39.664] [info] CMC::computeControls, t = 1.21675
[2023-08-15 22:39:39.680] [info] CMC::computeControls, t = 1.21775
[2023-08-15 22:39:39.706] [info] CMC::computeControls, t = 1.21875
[2023-08-15 22:39:39.728] [info] CMC::computeControls, t = 1.21975
[2023-08-15 22:39:39.755] [info] CMC::computeControls, t = 1.22075
[2023-08-15 22:39:39.783] [info] CMC::computeControls, t = 1.22175
[2023-08-15 22:39:39.801] [info] CMC::computeControls, t = 1.22275
[2023-08-15 22:39:39.838] [info] CMC::computeControls, t = 1.22375
[2023-08-15 22:39:39.866] [info] CMC::computeControls, t = 1.22475
[2023-08-15 22:39:39.891] [info] CMC::computeControls, t = 1.22575
[2023-08-15 22:39:39.913] [info] CMC::computeControls, t = 1.22675
[2023-08-15 22:39:39.933] [info] CMC::computeControls, t = 1.22775
[2023-08-15 22:39:39.954] [info] CMC::computeControls, t = 1.22875
[2023-08-15 22:39:39.970] [info] CMC::computeControls, t = 1.22975
[2023-08-15 22:39:40.005] [info] CMC::computeControls, t = 1.23075
[2023-08-15 22:39:40.021] [info] CMC::computeControls, t = 1.23175
[2023-08-15 22:39:40.044] [info] CMC::computeControls, t = 1.23275
[2023-08-15 22:39:40.062] [info] CMC::computeControls, t = 1.23375
[2023-08-15 22:39:40.087] [info] CMC::computeControls, t = 1.23475
[2023-08-15 22:39:40.115] [info] CMC::computeControls, t = 1.23575
[2023-08-15 22:39:40.137] [info] CMC::computeControls, t = 1.23675
[2023-08-15 22:39:40.164] [info] CMC::computeControls, t = 1.23775
[2023-08-15 22:39:40.192] [info] CMC::computeControls, t = 1.23875
[2023-08-15 22:39:40.228] [info] CMC::computeControls, t = 1.23975
[2023-08-15 22:39:40.264] [info] CMC::computeControls, t = 1.24075
[2023-08-15 22:39:40.297] [info] CMC::computeControls, t = 1.24175
[2023-08-15 22:39:40.316] [info] CMC::computeControls, t = 1.24275
[2023-08-15 22:39:40.342] [info] CMC::computeControls, t = 1.24375
[2023-08-15 22:39:40.365] [info] CMC::computeControls, t = 1.24475
[2023-08-15 22:39:40.395] [info] CMC::computeControls, t = 1.24575
[2023-08-15 22:39:40.425] [info] CMC::computeControls, t = 1.24675
[2023-08-15 22:39:40.457] [info] CMC::computeControls, t = 1.24775
[2023-08-15 22:39:40.480] [info] CMC::computeControls, t = 1.24875
[2023-08-15 22:39:40.515] [info] CMC::computeControls, t = 1.24975
[2023-08-15 22:39:40.544] [info] CMC::computeControls, t = 1.25075
[2023-08-15 22:39:40.565] [info] CMC::computeControls, t = 1.25175
[2023-08-15 22:39:40.583] [info] CMC::computeControls, t = 1.25275
[2023-08-15 22:39:40.610] [info] CMC::computeControls, t = 1.25375
[2023-08-15 22:39:40.641] [info] CMC::computeControls, t = 1.25475
[2023-08-15 22:39:40.662] [info] CMC::computeControls, t = 1.25575
[2023-08-15 22:39:40.678] [info] CMC::computeControls, t = 1.25675
[2023-08-15 22:39:40.711] [info] CMC::computeControls, t = 1.25775
[2023-08-15 22:39:40.734] [info] CMC::computeControls, t = 1.25875
[2023-08-15 22:39:40.778] [info] CMC::computeControls, t = 1.25975
[2023-08-15 22:39:40.820] [info] CMC::computeControls, t = 1.26075
[2023-08-15 22:39:40.854] [info] CMC::computeControls, t = 1.26175
[2023-08-15 22:39:40.891] [info] CMC::computeControls, t = 1.26275
[2023-08-15 22:39:40.923] [info] CMC::computeControls, t = 1.26375
[2023-08-15 22:39:40.958] [info] CMC::computeControls, t = 1.26475
[2023-08-15 22:39:40.985] [info] CMC::computeControls, t = 1.26575
[2023-08-15 22:39:41.012] [info] CMC::computeControls, t = 1.26675
[2023-08-15 22:39:41.033] [info] CMC::computeControls, t = 1.26775
[2023-08-15 22:39:41.061] [info] CMC::computeControls, t = 1.26875
[2023-08-15 22:39:41.085] [info] CMC::computeControls, t = 1.26975
[2023-08-15 22:39:41.118] [info] CMC::computeControls, t = 1.27075
[2023-08-15 22:39:41.154] [info] CMC::computeControls, t = 1.27175
[2023-08-15 22:39:41.190] [info] CMC::computeControls, t = 1.27275
[2023-08-15 22:39:41.213] [info] CMC::computeControls, t = 1.27375
[2023-08-15 22:39:41.237] [info] CMC::computeControls, t = 1.27475
[2023-08-15 22:39:41.275] [info] CMC::computeControls, t = 1.27575
[2023-08-15 22:39:41.309] [info] CMC::computeControls, t = 1.27675
[2023-08-15 22:39:41.337] [info] CMC::computeControls, t = 1.27775
[2023-08-15 22:39:41.366] [info] CMC::computeControls, t = 1.27875
[2023-08-15 22:39:41.401] [info] CMC::computeControls, t = 1.27975
[2023-08-15 22:39:41.427] [info] CMC::computeControls, t = 1.28075
[2023-08-15 22:39:41.443] [info] CMC::computeControls, t = 1.28175
[2023-08-15 22:39:41.467] [info] CMC::computeControls, t = 1.28275
[2023-08-15 22:39:41.482] [info] CMC::computeControls, t = 1.28375
[2023-08-15 22:39:41.507] [info] CMC::computeControls, t = 1.28475
[2023-08-15 22:39:41.525] [info] CMC::computeControls, t = 1.28575
[2023-08-15 22:39:41.550] [info] CMC::computeControls, t = 1.28675
[2023-08-15 22:39:41.578] [info] CMC::computeControls, t = 1.28775
[2023-08-15 22:39:41.603] [info] CMC::computeControls, t = 1.28875
[2023-08-15 22:39:41.627] [info] CMC::computeControls, t = 1.28975
[2023-08-15 22:39:41.643] [info] CMC::computeControls, t = 1.29075
[2023-08-15 22:39:41.658] [info] CMC::computeControls, t = 1.29175
[2023-08-15 22:39:41.673] [info] CMC::computeControls, t = 1.29275
[2023-08-15 22:39:41.693] [info] CMC::computeControls, t = 1.29375
[2023-08-15 22:39:41.724] [info] CMC::computeControls, t = 1.29475
[2023-08-15 22:39:41.753] [info] CMC::computeControls, t = 1.29575
[2023-08-15 22:39:41.769] [info] CMC::computeControls, t = 1.29675
[2023-08-15 22:39:41.795] [info] CMC::computeControls, t = 1.29775
[2023-08-15 22:39:41.824] [info] CMC::computeControls, t = 1.29875
[2023-08-15 22:39:41.847] [info] CMC::computeControls, t = 1.29975
[2023-08-15 22:39:41.866] [info] CMC::computeControls, t = 1.30075
[2023-08-15 22:39:41.890] [info] CMC::computeControls, t = 1.30175
[2023-08-15 22:39:41.921] [info] CMC::computeControls, t = 1.30275
[2023-08-15 22:39:41.942] [info] CMC::computeControls, t = 1.30375
[2023-08-15 22:39:41.957] [info] CMC::computeControls, t = 1.30475
[2023-08-15 22:39:41.973] [info] CMC::computeControls, t = 1.30575
[2023-08-15 22:39:41.993] [info] CMC::computeControls, t = 1.30675
[2023-08-15 22:39:42.014] [info] CMC::computeControls, t = 1.30775
[2023-08-15 22:39:42.032] [info] CMC::computeControls, t = 1.30875
[2023-08-15 22:39:42.049] [info] CMC::computeControls, t = 1.30975
[2023-08-15 22:39:42.067] [info] CMC::computeControls, t = 1.31075
[2023-08-15 22:39:42.088] [info] CMC::computeControls, t = 1.31175
[2023-08-15 22:39:42.104] [info] CMC::computeControls, t = 1.31275
[2023-08-15 22:39:42.132] [info] CMC::computeControls, t = 1.31375
[2023-08-15 22:39:42.159] [info] CMC::computeControls, t = 1.31475
[2023-08-15 22:39:42.227] [info] CMC::computeControls, t = 1.31575
[2023-08-15 22:39:42.273] [info] CMC::computeControls, t = 1.31675
[2023-08-15 22:39:42.303] [info] CMC::computeControls, t = 1.31775
[2023-08-15 22:39:42.322] [info] CMC::computeControls, t = 1.31875
[2023-08-15 22:39:42.342] [info] CMC::computeControls, t = 1.31975
[2023-08-15 22:39:42.372] [info] CMC::computeControls, t = 1.32075
[2023-08-15 22:39:42.400] [info] CMC::computeControls, t = 1.32175
[2023-08-15 22:39:42.417] [info] CMC::computeControls, t = 1.32275
[2023-08-15 22:39:42.447] [info] CMC::computeControls, t = 1.32375
[2023-08-15 22:39:42.466] [info] CMC::computeControls, t = 1.32475
[2023-08-15 22:39:42.502] [info] CMC::computeControls, t = 1.32575
[2023-08-15 22:39:42.523] [info] CMC::computeControls, t = 1.32675
[2023-08-15 22:39:42.539] [info] CMC::computeControls, t = 1.32775
[2023-08-15 22:39:42.554] [info] CMC::computeControls, t = 1.32875
[2023-08-15 22:39:42.579] [info] CMC::computeControls, t = 1.32975
[2023-08-15 22:39:42.604] [info] CMC::computeControls, t = 1.33075
[2023-08-15 22:39:42.636] [info] CMC::computeControls, t = 1.33175
[2023-08-15 22:39:42.671] [info] CMC::computeControls, t = 1.33275
[2023-08-15 22:39:42.698] [info] CMC::computeControls, t = 1.33375
[2023-08-15 22:39:42.725] [info] CMC::computeControls, t = 1.33475
[2023-08-15 22:39:42.757] [info] CMC::computeControls, t = 1.33575
[2023-08-15 22:39:42.790] [info] CMC::computeControls, t = 1.33675
[2023-08-15 22:39:42.813] [info] CMC::computeControls, t = 1.33775
[2023-08-15 22:39:42.832] [info] CMC::computeControls, t = 1.33875
[2023-08-15 22:39:42.851] [info] CMC::computeControls, t = 1.33975
[2023-08-15 22:39:42.869] [info] CMC::computeControls, t = 1.34075
[2023-08-15 22:39:42.903] [info] CMC::computeControls, t = 1.34175
[2023-08-15 22:39:42.920] [info] CMC::computeControls, t = 1.34275
[2023-08-15 22:39:42.947] [info] CMC::computeControls, t = 1.34375
[2023-08-15 22:39:42.984] [info] CMC::computeControls, t = 1.34475
[2023-08-15 22:39:43.017] [info] CMC::computeControls, t = 1.34575
[2023-08-15 22:39:43.043] [info] CMC::computeControls, t = 1.34675
[2023-08-15 22:39:43.073] [info] CMC::computeControls, t = 1.34775
[2023-08-15 22:39:43.089] [info] CMC::computeControls, t = 1.34875
[2023-08-15 22:39:43.105] [info] CMC::computeControls, t = 1.34975
[2023-08-15 22:39:43.120] [info] CMC::computeControls, t = 1.35075
[2023-08-15 22:39:43.153] [info] CMC::computeControls, t = 1.35175
[2023-08-15 22:39:43.177] [info] CMC::computeControls, t = 1.35275
[2023-08-15 22:39:43.193] [info] CMC::computeControls, t = 1.35375
[2023-08-15 22:39:43.225] [info] CMC::computeControls, t = 1.35475
[2023-08-15 22:39:43.250] [info] CMC::computeControls, t = 1.35575
[2023-08-15 22:39:43.268] [info] CMC::computeControls, t = 1.35675
[2023-08-15 22:39:43.306] [info] CMC::computeControls, t = 1.35775
[2023-08-15 22:39:43.341] [info] CMC::computeControls, t = 1.35875
[2023-08-15 22:39:43.366] [info] CMC::computeControls, t = 1.35975
[2023-08-15 22:39:43.394] [info] CMC::computeControls, t = 1.36075
[2023-08-15 22:39:43.429] [info] CMC::computeControls, t = 1.36175
[2023-08-15 22:39:43.447] [info] CMC::computeControls, t = 1.36275
[2023-08-15 22:39:43.464] [info] CMC::computeControls, t = 1.36375
[2023-08-15 22:39:43.488] [info] CMC::computeControls, t = 1.36475
[2023-08-15 22:39:43.512] [info] CMC::computeControls, t = 1.36575
[2023-08-15 22:39:43.531] [info] CMC::computeControls, t = 1.36675
[2023-08-15 22:39:43.557] [info] CMC::computeControls, t = 1.36775
[2023-08-15 22:39:43.584] [info] CMC::computeControls, t = 1.36875
[2023-08-15 22:39:43.619] [info] CMC::computeControls, t = 1.36975
[2023-08-15 22:39:43.646] [info] CMC::computeControls, t = 1.37075
[2023-08-15 22:39:43.687] [info] CMC::computeControls, t = 1.37175
[2023-08-15 22:39:43.721] [info] CMC::computeControls, t = 1.37275
[2023-08-15 22:39:43.749] [info] CMC::computeControls, t = 1.37375
[2023-08-15 22:39:43.770] [info] CMC::computeControls, t = 1.37475
[2023-08-15 22:39:43.785] [info] CMC::computeControls, t = 1.37575
[2023-08-15 22:39:43.807] [info] CMC::computeControls, t = 1.37675
[2023-08-15 22:39:43.832] [info] CMC::computeControls, t = 1.37775
[2023-08-15 22:39:43.864] [info] CMC::computeControls, t = 1.37875
[2023-08-15 22:39:43.889] [info] CMC::computeControls, t = 1.37975
[2023-08-15 22:39:43.919] [info] CMC::computeControls, t = 1.38075
[2023-08-15 22:39:43.954] [info] CMC::computeControls, t = 1.38175
[2023-08-15 22:39:43.986] [info] CMC::computeControls, t = 1.38275
[2023-08-15 22:39:44.013] [info] CMC::computeControls, t = 1.38375
[2023-08-15 22:39:44.041] [info] CMC::computeControls, t = 1.38475
[2023-08-15 22:39:44.064] [info] CMC::computeControls, t = 1.38575
[2023-08-15 22:39:44.102] [info] CMC::computeControls, t = 1.38675
[2023-08-15 22:39:44.130] [info] CMC::computeControls, t = 1.38775
[2023-08-15 22:39:44.154] [info] CMC::computeControls, t = 1.38875
[2023-08-15 22:39:44.192] [info] CMC::computeControls, t = 1.38975
[2023-08-15 22:39:44.218] [info] CMC::computeControls, t = 1.39075
[2023-08-15 22:39:44.252] [info] CMC::computeControls, t = 1.39175
[2023-08-15 22:39:44.286] [info] CMC::computeControls, t = 1.39275
[2023-08-15 22:39:44.310] [info] CMC::computeControls, t = 1.39375
[2023-08-15 22:39:44.343] [info] CMC::computeControls, t = 1.39475
[2023-08-15 22:39:44.369] [info] CMC::computeControls, t = 1.39575
[2023-08-15 22:39:44.409] [info] CMC::computeControls, t = 1.39675
[2023-08-15 22:39:44.436] [info] CMC::computeControls, t = 1.39775
[2023-08-15 22:39:44.482] [info] CMC::computeControls, t = 1.39875
[2023-08-15 22:39:44.511] [info] CMC::computeControls, t = 1.39975
[2023-08-15 22:39:44.547] [info] CMC::computeControls, t = 1.40075
[2023-08-15 22:39:44.566] [info] CMC::computeControls, t = 1.40175
[2023-08-15 22:39:44.583] [info] CMC::computeControls, t = 1.40275
[2023-08-15 22:39:44.612] [info] CMC::computeControls, t = 1.40375
[2023-08-15 22:39:44.645] [info] CMC::computeControls, t = 1.40475
[2023-08-15 22:39:44.687] [info] CMC::computeControls, t = 1.40575
[2023-08-15 22:39:44.717] [info] CMC::computeControls, t = 1.40675
[2023-08-15 22:39:44.759] [info] CMC::computeControls, t = 1.40775
[2023-08-15 22:39:44.801] [info] CMC::computeControls, t = 1.40875
[2023-08-15 22:39:44.843] [info] CMC::computeControls, t = 1.40975
[2023-08-15 22:39:44.875] [info] CMC::computeControls, t = 1.41075
[2023-08-15 22:39:44.909] [info] CMC::computeControls, t = 1.41175
[2023-08-15 22:39:44.937] [info] CMC::computeControls, t = 1.41275
[2023-08-15 22:39:44.958] [info] CMC::computeControls, t = 1.41375
[2023-08-15 22:39:44.982] [info] CMC::computeControls, t = 1.41475
[2023-08-15 22:39:45.008] [info] CMC::computeControls, t = 1.41575
[2023-08-15 22:39:45.042] [info] CMC::computeControls, t = 1.41675
[2023-08-15 22:39:45.068] [info] CMC::computeControls, t = 1.41775
[2023-08-15 22:39:45.092] [info] CMC::computeControls, t = 1.41875
[2023-08-15 22:39:45.115] [info] CMC::computeControls, t = 1.41975
[2023-08-15 22:39:45.139] [info] CMC::computeControls, t = 1.42075
[2023-08-15 22:39:45.165] [info] CMC::computeControls, t = 1.42175
[2023-08-15 22:39:45.190] [info] CMC::computeControls, t = 1.42275
[2023-08-15 22:39:45.207] [info] CMC::computeControls, t = 1.42375
[2023-08-15 22:39:45.232] [info] CMC::computeControls, t = 1.42475
[2023-08-15 22:39:45.250] [info] CMC::computeControls, t = 1.42575
[2023-08-15 22:39:45.279] [info] CMC::computeControls, t = 1.42675
[2023-08-15 22:39:45.306] [info] CMC::computeControls, t = 1.42775
[2023-08-15 22:39:45.334] [info] CMC::computeControls, t = 1.42875
[2023-08-15 22:39:45.363] [info] CMC::computeControls, t = 1.42975
[2023-08-15 22:39:45.390] [info] CMC::computeControls, t = 1.43075
[2023-08-15 22:39:45.411] [info] CMC::computeControls, t = 1.43175
[2023-08-15 22:39:45.452] [info] CMC::computeControls, t = 1.43275
[2023-08-15 22:39:45.488] [info] CMC::computeControls, t = 1.43375
[2023-08-15 22:39:45.519] [info] CMC::computeControls, t = 1.43475
[2023-08-15 22:39:45.545] [info] CMC::computeControls, t = 1.43575
[2023-08-15 22:39:45.573] [info] CMC::computeControls, t = 1.43675
[2023-08-15 22:39:45.590] [info] CMC::computeControls, t = 1.43775
[2023-08-15 22:39:45.615] [info] CMC::computeControls, t = 1.43875
[2023-08-15 22:39:45.640] [info] CMC::computeControls, t = 1.43975
[2023-08-15 22:39:45.660] [info] CMC::computeControls, t = 1.44075
[2023-08-15 22:39:45.683] [info] CMC::computeControls, t = 1.44175
[2023-08-15 22:39:45.718] [info] CMC::computeControls, t = 1.44275
[2023-08-15 22:39:45.734] [info] CMC::computeControls, t = 1.44375
[2023-08-15 22:39:45.758] [info] CMC::computeControls, t = 1.44475
[2023-08-15 22:39:45.793] [info] CMC::computeControls, t = 1.44575
[2023-08-15 22:39:45.819] [info] CMC::computeControls, t = 1.44675
[2023-08-15 22:39:45.839] [info] CMC::computeControls, t = 1.44775
[2023-08-15 22:39:45.860] [info] CMC::computeControls, t = 1.44875
[2023-08-15 22:39:45.884] [info] CMC::computeControls, t = 1.44975
[2023-08-15 22:39:45.911] [info] CMC::computeControls, t = 1.45075
[2023-08-15 22:39:45.943] [info] CMC::computeControls, t = 1.45175
[2023-08-15 22:39:45.962] [info] CMC::computeControls, t = 1.45275
[2023-08-15 22:39:45.988] [info] CMC::computeControls, t = 1.45375
[2023-08-15 22:39:46.012] [info] CMC::computeControls, t = 1.45475
[2023-08-15 22:39:46.040] [info] CMC::computeControls, t = 1.45575
[2023-08-15 22:39:46.073] [info] CMC::computeControls, t = 1.45675
[2023-08-15 22:39:46.113] [info] CMC::computeControls, t = 1.45775
[2023-08-15 22:39:46.150] [info] CMC::computeControls, t = 1.45875
[2023-08-15 22:39:46.180] [info] CMC::computeControls, t = 1.45975
[2023-08-15 22:39:46.199] [info] CMC::computeControls, t = 1.46075
[2023-08-15 22:39:46.221] [info] CMC::computeControls, t = 1.46175
[2023-08-15 22:39:46.262] [info] CMC::computeControls, t = 1.46275
[2023-08-15 22:39:46.289] [info] CMC::computeControls, t = 1.46375
[2023-08-15 22:39:46.317] [info] CMC::computeControls, t = 1.46475
[2023-08-15 22:39:46.333] [info] CMC::computeControls, t = 1.46575
[2023-08-15 22:39:46.373] [info] CMC::computeControls, t = 1.46675
[2023-08-15 22:39:46.413] [info] CMC::computeControls, t = 1.46775
[2023-08-15 22:39:46.448] [info] CMC::computeControls, t = 1.46875
[2023-08-15 22:39:46.482] [info] CMC::computeControls, t = 1.46975
[2023-08-15 22:39:46.516] [info] CMC::computeControls, t = 1.47075
[2023-08-15 22:39:46.554] [info] CMC::computeControls, t = 1.47175
[2023-08-15 22:39:46.594] [info] CMC::computeControls, t = 1.47275
[2023-08-15 22:39:46.628] [info] CMC::computeControls, t = 1.47375
[2023-08-15 22:39:46.656] [info] CMC::computeControls, t = 1.47475
[2023-08-15 22:39:46.685] [info] CMC::computeControls, t = 1.47575
[2023-08-15 22:39:46.718] [info] CMC::computeControls, t = 1.47675
[2023-08-15 22:39:46.752] [info] CMC::computeControls, t = 1.47775
[2023-08-15 22:39:46.785] [info] CMC::computeControls, t = 1.47875
[2023-08-15 22:39:46.802] [info] CMC::computeControls, t = 1.47975
[2023-08-15 22:39:46.836] [info] CMC::computeControls, t = 1.48075
[2023-08-15 22:39:46.872] [info] -------------------------------------------
[2023-08-15 22:39:46.872] [info] Finished tracking the specified kinematics:
[2023-08-15 22:39:46.873] [info] -------------------------------------------
[2023-08-15 22:39:46.873] [info]  -- Start time = Tue Aug 15 22:39:30 2023
[2023-08-15 22:39:46.873] [info]  -- Finish time = Tue Aug 15 22:39:46 2023
[2023-08-15 22:39:46.873] [info]  -- Elapsed time = 16.0 seconds.
[2023-08-15 22:39:46.873] [info] -------------------------------------------
[2023-08-15 22:39:46.873] [info] 
[2023-08-15 22:39:46.873] [info] Printing results of investigation subject19_run5_cycle2_iter2 to cycle2/
[2023-08-15 22:39:47.523] [info] 

************************************************************
*      Summary of Mass Adjustments to Reduce Residuals     *
************************************************************
* Body adjusted: torso
* Mass Center (COM) adjustment: dx =0.0518994, dz =-0.064183
* New COM location: ~[0.0179627,0.321471,0.0353816]
************************************************************
* Recommended mass adjustments:                             
*  Total mass change: -1.23261
*  pelvis: orig mass = 10.3938, new mass = 10.2007
*  femur_r: orig mass = 8.20893, new mass = 8.0564
*  tibia_r: orig mass = 3.27205, new mass = 3.21125
*  talus_r: orig mass = 0.0882548, new mass = 0.0866149
*  calcn_r: orig mass = 1.10319, new mass = 1.08269
*  toes_r: orig mass = 0.19116, new mass = 0.187608
*  femur_l: orig mass = 8.20893, new mass = 8.0564
*  tibia_l: orig mass = 3.27205, new mass = 3.21125
*  talus_l: orig mass = 0.0882548, new mass = 0.0866149
*  calcn_l: orig mass = 1.10319, new mass = 1.08269
*  toes_l: orig mass = 0.19116, new mass = 0.187608
*  torso: orig mass = 23.6758, new mass = 23.2359
*  humerus_r: orig mass = 1.79378, new mass = 1.76045
*  ulna_r: orig mass = 0.536148, new mass = 0.526186
*  radius_r: orig mass = 0.536148, new mass = 0.526186
*  hand_r: orig mass = 0.403766, new mass = 0.396264
*  humerus_l: orig mass = 1.79378, new mass = 1.76045
*  ulna_l: orig mass = 0.536148, new mass = 0.526186
*  radius_l: orig mass = 0.536148, new mass = 0.526186
*  hand_l: orig mass = 0.403766, new mass = 0.396264
************************************************************
* Note: Edit the model to make recommended adjustments to  *
*       mass properties.                                   *
************************************************************

* Average residuals before adjusting torso COM:
*  FX=0.0570949 FY=12.0878 FZ=-5.27103
*  MX=14.902 MY=3.69339 MZ=12.05
************************************************************
* Average residuals after adjusting torso COM:
*  FX=-0.967168 FY=12.8455 FZ=-6.23031
*  MX=-1.29018 MY=5.13961 MZ=2.83582
************************************************************


[2023-08-15 22:39:47.523] [info] 
************************************************************
*                   Final Average Residuals                *
************************************************************
* After torso COM and Kinematics adjustments:
*  FX=-2.74786 FY=7.13335 FZ=1.0126
*  MX=-5.05372 MY=-2.43055 MZ=-1.84808
************************************************************


