[2023-08-15 21:59:05.389] [info] Storage: read data file = ..\rra2\cycle1\subject01_run5_cycle1_iter2_Kinematics_q.sto (nr=634 nc=38)
[2023-08-15 21:59:05.407] [info] Storage: read data file = ..\rra2\cycle1\subject01_run5_cycle1_iter2_Kinematics_q.sto (nr=634 nc=38)
[2023-08-15 21:59:05.440] [info] AbstractTool subject01_run5_cycle1_iter3 loading model ..\rra2\cycle1\subject01_run5_cycle1_rraAdjusted_iter2.osim
[2023-08-15 21:59:05.471] [info] Loaded model subject01_scaled from file ..\rra2\cycle1\subject01_run5_cycle1_rraAdjusted_iter2.osim
[2023-08-15 21:59:05.498] [info] Adding force object set from ..\subject01_run5_RRA_Actuators.xml
[2023-08-15 21:59:05.504] [info] Running tool subject01_run5_cycle1_iter3.
[2023-08-15 21:59:05.515] [warning] ExternalLoads 'externalloads' has subcomponents with duplicate name 'externalforce'. The duplicate is being renamed to 'externalforce_0'.
[2023-08-15 21:59:05.525] [info] 	taskSet size = 29.
[2023-08-15 21:59:05.564] [info] ExternalForce::externalforce Data source being set to Run_500 02_newCOP3_v24.mot
[2023-08-15 21:59:05.564] [info] ExternalForce::externalforce_0 Data source being set to Run_500 02_newCOP3_v24.mot
[2023-08-15 21:59:05.567] [warning] A desired points file was not specified.
[2023-08-15 21:59:05.567] [info] Loading desired kinematics from file '..\rra2\cycle1\subject01_run5_cycle1_iter2_Kinematics_q.sto'...
[2023-08-15 21:59:05.567] [info] Storage: read data file = ..\rra2\cycle1\subject01_run5_cycle1_iter2_Kinematics_q.sto (nr=634 nc=38)
[2023-08-15 21:59:05.586] [info] Not filtering the desired kinematics.
[2023-08-15 21:59:05.587] [cout] [info] MODEL: subject01_scaled

numStates = 74
numCoordinates = 37
numSpeeds = 37
numActuators = 29
numBodies = 20
numConstraints = 0
numProbes = 0

ANALYSES (total: 0)

BODIES (total: 20)
body[0] = pelvis. mass: 11.4212
              moments of inertia:  ~[0.0967035,0.0967035,0.0562156]
              products of inertia: ~[0,0,0]
body[1] = femur_r. mass: 9.02045
              moments of inertia:  ~[0.170153,0.0446031,0.179429]
              products of inertia: ~[0,0,0]
body[2] = tibia_r. mass: 3.59551
              moments of inertia:  ~[0.0546712,0.0055322,0.0554305]
              products of inertia: ~[0,0,0]
body[3] = talus_r. mass: 0.0969795
              moments of inertia:  ~[0.00142711,0.00142711,0.00142711]
              products of inertia: ~[0,0,0]
body[4] = calcn_r. mass: 1.21225
              moments of inertia:  ~[0.00199795,0.00556571,0.00585113]
              products of inertia: ~[0,0,0]
body[5] = toes_r. mass: 0.210057
              moments of inertia:  ~[0.000142711,0.000285421,0.00142711]
              products of inertia: ~[0,0,0]
body[6] = femur_l. mass: 9.02045
              moments of inertia:  ~[0.170153,0.0446031,0.179429]
              products of inertia: ~[0,0,0]
body[7] = tibia_l. mass: 3.59551
              moments of inertia:  ~[0.0546712,0.0055322,0.0554305]
              products of inertia: ~[0,0,0]
body[8] = talus_l. mass: 0.0969795
              moments of inertia:  ~[0.00142711,0.00142711,0.00142711]
              products of inertia: ~[0,0,0]
body[9] = calcn_l. mass: 1.21225
              moments of inertia:  ~[0.00199795,0.00556571,0.00585113]
              products of inertia: ~[0,0,0]
body[10] = toes_l. mass: 0.210057
              moments of inertia:  ~[0.000142711,0.000285421,0.00142711]
              products of inertia: ~[0,0,0]
body[11] = torso. mass: 26.0163
              moments of inertia:  ~[1.50848,0.77291,1.46439]
              products of inertia: ~[0,0,0]
body[12] = humerus_r. mass: 1.9711
              moments of inertia:  ~[0.0141243,0.00487245,0.0158541]
              products of inertia: ~[0,0,0]
body[13] = ulna_r. mass: 0.58915
              moments of inertia:  ~[0.00354855,0.00074038,0.00384926]
              products of inertia: ~[0,0,0]
body[14] = radius_r. mass: 0.58915
              moments of inertia:  ~[0.00354855,0.00074038,0.00384926]
              products of inertia: ~[0,0,0]
body[15] = hand_r. mass: 0.443681
              moments of inertia:  ~[0.00106864,0.00065532,0.00160535]
              products of inertia: ~[0,0,0]
body[16] = humerus_l. mass: 1.9711
              moments of inertia:  ~[0.0143116,0.00493706,0.0160643]
              products of inertia: ~[0,0,0]
body[17] = ulna_l. mass: 0.58915
              moments of inertia:  ~[0.00354855,0.00074038,0.00384926]
              products of inertia: ~[0,0,0]
body[18] = radius_l. mass: 0.58915
              moments of inertia:  ~[0.00354855,0.00074038,0.00384926]
              products of inertia: ~[0,0,0]
body[19] = hand_l. mass: 0.443681
              moments of inertia:  ~[0.00106864,0.00065532,0.00160535]
              products of inertia: ~[0,0,0]

JOINTS (total: 20)
joint[0] = ground_pelvis. parent: ground_offset, child: pelvis_offset
joint[1] = hip_r. parent: pelvis_offset, child: femur_r_offset
joint[2] = knee_r. parent: femur_r_offset, child: tibia_r_offset
joint[3] = ankle_r. parent: tibia_r_offset, child: talus_r_offset
joint[4] = subtalar_r. parent: talus_r_offset, child: calcn_r_offset
joint[5] = mtp_r. parent: calcn_r_offset, child: toes_r_offset
joint[6] = hip_l. parent: pelvis_offset, child: femur_l_offset
joint[7] = knee_l. parent: femur_l_offset, child: tibia_l_offset
joint[8] = ankle_l. parent: tibia_l_offset, child: talus_l_offset
joint[9] = subtalar_l. parent: talus_l_offset, child: calcn_l_offset
joint[10] = mtp_l. parent: calcn_l_offset, child: toes_l_offset
joint[11] = back. parent: pelvis_offset, child: torso_offset
joint[12] = acromial_r. parent: torso_offset, child: humerus_r_offset
joint[13] = elbow_r. parent: humerus_r_offset, child: ulna_r_offset
joint[14] = radioulnar_r. parent: ulna_r_offset, child: radius_r_offset
joint[15] = radius_hand_r. parent: radius_r_offset, child: hand_r_offset
joint[16] = acromial_l. parent: torso_offset, child: humerus_l_offset
joint[17] = elbow_l. parent: humerus_l_offset, child: ulna_l_offset
joint[18] = radioulnar_l. parent: ulna_l_offset, child: radius_l_offset
joint[19] = radius_hand_l. parent: radius_l_offset, child: hand_l_offset

ACTUATORS (total: 29)
actuator[0] = FX
actuator[1] = FY
actuator[2] = FZ
actuator[3] = MZ
actuator[4] = MX
actuator[5] = MY
actuator[6] = hip_flexion_r
actuator[7] = hip_adduction_r
actuator[8] = hip_rotation_r
actuator[9] = knee_angle_r
actuator[10] = ankle_angle_r
actuator[11] = hip_flexion_l
actuator[12] = hip_adduction_l
actuator[13] = hip_rotation_l
actuator[14] = knee_angle_l
actuator[15] = ankle_angle_l
actuator[16] = lumbar_extension
actuator[17] = lumbar_bending
actuator[18] = lumbar_rotation
actuator[19] = arm_flex_r
actuator[20] = arm_add_r
actuator[21] = arm_rot_r
actuator[22] = elbow_flex_r
actuator[23] = pro_sup_r
actuator[24] = arm_flex_l
actuator[25] = arm_add_l
actuator[26] = arm_rot_l
actuator[27] = elbow_flex_l
actuator[28] = pro_sup_l

STATES (total: 74)
y[0] = /jointset/ground_pelvis/pelvis_tilt/value
y[1] = /jointset/ground_pelvis/pelvis_tilt/speed
y[2] = /jointset/ground_pelvis/pelvis_list/value
y[3] = /jointset/ground_pelvis/pelvis_list/speed
y[4] = /jointset/ground_pelvis/pelvis_rotation/value
y[5] = /jointset/ground_pelvis/pelvis_rotation/speed
y[6] = /jointset/ground_pelvis/pelvis_tx/value
y[7] = /jointset/ground_pelvis/pelvis_tx/speed
y[8] = /jointset/ground_pelvis/pelvis_ty/value
y[9] = /jointset/ground_pelvis/pelvis_ty/speed
y[10] = /jointset/ground_pelvis/pelvis_tz/value
y[11] = /jointset/ground_pelvis/pelvis_tz/speed
y[12] = /jointset/hip_r/hip_flexion_r/value
y[13] = /jointset/hip_r/hip_flexion_r/speed
y[14] = /jointset/hip_r/hip_adduction_r/value
y[15] = /jointset/hip_r/hip_adduction_r/speed
y[16] = /jointset/hip_r/hip_rotation_r/value
y[17] = /jointset/hip_r/hip_rotation_r/speed
y[18] = /jointset/knee_r/knee_angle_r/value
y[19] = /jointset/knee_r/knee_angle_r/speed
y[20] = /jointset/ankle_r/ankle_angle_r/value
y[21] = /jointset/ankle_r/ankle_angle_r/speed
y[22] = /jointset/subtalar_r/subtalar_angle_r/value
y[23] = /jointset/subtalar_r/subtalar_angle_r/speed
y[24] = /jointset/mtp_r/mtp_angle_r/value
y[25] = /jointset/mtp_r/mtp_angle_r/speed
y[26] = /jointset/hip_l/hip_flexion_l/value
y[27] = /jointset/hip_l/hip_flexion_l/speed
y[28] = /jointset/hip_l/hip_adduction_l/value
y[29] = /jointset/hip_l/hip_adduction_l/speed
y[30] = /jointset/hip_l/hip_rotation_l/value
y[31] = /jointset/hip_l/hip_rotation_l/speed
y[32] = /jointset/knee_l/knee_angle_l/value
y[33] = /jointset/knee_l/knee_angle_l/speed
y[34] = /jointset/ankle_l/ankle_angle_l/value
y[35] = /jointset/ankle_l/ankle_angle_l/speed
y[36] = /jointset/subtalar_l/subtalar_angle_l/value
y[37] = /jointset/subtalar_l/subtalar_angle_l/speed
y[38] = /jointset/mtp_l/mtp_angle_l/value
y[39] = /jointset/mtp_l/mtp_angle_l/speed
y[40] = /jointset/back/lumbar_extension/value
y[41] = /jointset/back/lumbar_extension/speed
y[42] = /jointset/back/lumbar_bending/value
y[43] = /jointset/back/lumbar_bending/speed
y[44] = /jointset/back/lumbar_rotation/value
y[45] = /jointset/back/lumbar_rotation/speed
y[46] = /jointset/acromial_r/arm_flex_r/value
y[47] = /jointset/acromial_r/arm_flex_r/speed
y[48] = /jointset/acromial_r/arm_add_r/value
y[49] = /jointset/acromial_r/arm_add_r/speed
y[50] = /jointset/acromial_r/arm_rot_r/value
y[51] = /jointset/acromial_r/arm_rot_r/speed
y[52] = /jointset/elbow_r/elbow_flex_r/value
y[53] = /jointset/elbow_r/elbow_flex_r/speed
y[54] = /jointset/radioulnar_r/pro_sup_r/value
y[55] = /jointset/radioulnar_r/pro_sup_r/speed
y[56] = /jointset/radius_hand_r/wrist_flex_r/value
y[57] = /jointset/radius_hand_r/wrist_flex_r/speed
y[58] = /jointset/radius_hand_r/wrist_dev_r/value
y[59] = /jointset/radius_hand_r/wrist_dev_r/speed
y[60] = /jointset/acromial_l/arm_flex_l/value
y[61] = /jointset/acromial_l/arm_flex_l/speed
y[62] = /jointset/acromial_l/arm_add_l/value
y[63] = /jointset/acromial_l/arm_add_l/speed
y[64] = /jointset/acromial_l/arm_rot_l/value
y[65] = /jointset/acromial_l/arm_rot_l/speed
y[66] = /jointset/elbow_l/elbow_flex_l/value
y[67] = /jointset/elbow_l/elbow_flex_l/speed
y[68] = /jointset/radioulnar_l/pro_sup_l/value
y[69] = /jointset/radioulnar_l/pro_sup_l/speed
y[70] = /jointset/radius_hand_l/wrist_flex_l/value
y[71] = /jointset/radius_hand_l/wrist_flex_l/speed
y[72] = /jointset/radius_hand_l/wrist_dev_l/value
y[73] = /jointset/radius_hand_l/wrist_dev_l/speed

[2023-08-15 21:59:05.720] [warning] Coordinate.setValue:  coordinate subtalar_angle_r is locked. Unable to change its value.
[2023-08-15 21:59:05.720] [warning] Coordinate.setValue:  coordinate mtp_angle_r is locked. Unable to change its value.
[2023-08-15 21:59:05.720] [warning] Coordinate.setValue:  coordinate subtalar_angle_l is locked. Unable to change its value.
[2023-08-15 21:59:05.720] [warning] Coordinate.setValue:  coordinate mtp_angle_l is locked. Unable to change its value.
[2023-08-15 21:59:05.720] [warning] Coordinate.setValue:  coordinate wrist_flex_r is locked. Unable to change its value.
[2023-08-15 21:59:05.720] [warning] Coordinate.setValue:  coordinate wrist_dev_r is locked. Unable to change its value.
[2023-08-15 21:59:05.720] [warning] Coordinate.setValue:  coordinate wrist_flex_l is locked. Unable to change its value.
[2023-08-15 21:59:05.720] [warning] Coordinate.setValue:  coordinate wrist_dev_l is locked. Unable to change its value.
[2023-08-15 21:59:05.769] [info] Requested COM adjustment time range 0.549 to 1.141, clamped to nearest available data times: 0.549 to 1.141.
[2023-08-15 21:59:05.769] [info] Computing average residuals between 0.549 and 1.141...
[2023-08-15 21:59:05.812] [info] ExternalForce::externalforce Data source being set to Run_500 02_newCOP3_v24.mot
[2023-08-15 21:59:05.812] [info] ExternalForce::externalforce_0 Data source being set to Run_500 02_newCOP3_v24.mot
[2023-08-15 21:59:05.846] [info] ExternalForce::externalforce Data source being set to Run_500 02_newCOP3_v24.mot
[2023-08-15 21:59:05.846] [info] ExternalForce::externalforce_0 Data source being set to Run_500 02_newCOP3_v24.mot
[2023-08-15 21:59:08.044] [info] ExternalForce::externalforce Data source being set to Run_500 02_newCOP3_v24.mot
[2023-08-15 21:59:08.045] [info] ExternalForce::externalforce_0 Data source being set to Run_500 02_newCOP3_v24.mot
[2023-08-15 21:59:08.047] [info] Computing average residuals between 0.549 and 1.141...
[2023-08-15 21:59:08.092] [info] ExternalForce::externalforce Data source being set to Run_500 02_newCOP3_v24.mot
[2023-08-15 21:59:08.092] [info] ExternalForce::externalforce_0 Data source being set to Run_500 02_newCOP3_v24.mot
[2023-08-15 21:59:08.126] [info] ExternalForce::externalforce Data source being set to Run_500 02_newCOP3_v24.mot
[2023-08-15 21:59:08.126] [info] ExternalForce::externalforce_0 Data source being set to Run_500 02_newCOP3_v24.mot
[2023-08-15 21:59:10.320] [info] Constructing function set for tracking desired kinematics...
[2023-08-15 21:59:10.636] [warning] No Actuation analysis found in analysis set, adding one...
[2023-08-15 21:59:10.636] [warning] No Kinematics analysis found in analysis set, adding one...
[2023-08-15 21:59:10.638] [info] Using the generalized coordinates specified in '..\rra2\cycle1\subject01_run5_cycle1_iter2_Kinematics_q.sto' to set the initial configuration.
[2023-08-15 21:59:10.713] [info] Using IPOPT optimizer algorithm.
[2023-08-15 21:59:10.713] [info] Setting optimizer print level to 0.
[2023-08-15 21:59:10.713] [info] Setting optimizer convergence tolerance to 1.0e-05.
[2023-08-15 21:59:10.713] [info] Setting optimizer maximum iterations to 2000.
[2023-08-15 21:59:10.713] [info] Setting cmc controller to not use verbose printing.

[2023-08-15 21:59:10.713] [info] CMC::computeControls, t = 0.549
[2023-08-15 21:59:11.156] [info] --------------------------------------------
[2023-08-15 21:59:11.156] [info] Using CMC to track the specified kinematics:
[2023-08-15 21:59:11.156] [info] --------------------------------------------
[2023-08-15 21:59:11.156] [info]  -- Integrating from 0.549 to 1.141
[2023-08-15 21:59:11.156] [info]  -- Start time = Tue Aug 15 21:59:11 2023
[2023-08-15 21:59:11.156] [info] --------------------------------------------
[2023-08-15 21:59:11.156] [info] 
[2023-08-15 21:59:11.161] [info] CMC::computeControls, t = 0.549
[2023-08-15 21:59:11.186] [info] CMC::computeControls, t = 0.55
[2023-08-15 21:59:11.187] [warning] Coordinate.setValue:  coordinate subtalar_angle_r is locked. Unable to change its value.
[2023-08-15 21:59:11.187] [warning] Coordinate.setValue:  coordinate mtp_angle_r is locked. Unable to change its value.
[2023-08-15 21:59:11.187] [warning] Coordinate.setValue:  coordinate subtalar_angle_l is locked. Unable to change its value.
[2023-08-15 21:59:11.187] [warning] Coordinate.setValue:  coordinate mtp_angle_l is locked. Unable to change its value.
[2023-08-15 21:59:11.187] [warning] Coordinate.setValue:  coordinate wrist_flex_r is locked. Unable to change its value.
[2023-08-15 21:59:11.187] [warning] Coordinate.setValue:  coordinate wrist_dev_r is locked. Unable to change its value.
[2023-08-15 21:59:11.187] [warning] Coordinate.setValue:  coordinate wrist_flex_l is locked. Unable to change its value.
[2023-08-15 21:59:11.187] [warning] Coordinate.setValue:  coordinate wrist_dev_l is locked. Unable to change its value.
[2023-08-15 21:59:11.209] [info] CMC::computeControls, t = 0.551
[2023-08-15 21:59:11.228] [info] CMC::computeControls, t = 0.552
[2023-08-15 21:59:11.247] [info] CMC::computeControls, t = 0.553
[2023-08-15 21:59:11.265] [info] CMC::computeControls, t = 0.554
[2023-08-15 21:59:11.283] [info] CMC::computeControls, t = 0.555
[2023-08-15 21:59:11.301] [info] CMC::computeControls, t = 0.556
[2023-08-15 21:59:11.319] [info] CMC::computeControls, t = 0.557
[2023-08-15 21:59:11.337] [info] CMC::computeControls, t = 0.558
[2023-08-15 21:59:11.356] [info] CMC::computeControls, t = 0.559
[2023-08-15 21:59:11.373] [info] CMC::computeControls, t = 0.56
[2023-08-15 21:59:11.391] [info] CMC::computeControls, t = 0.561
[2023-08-15 21:59:11.409] [info] CMC::computeControls, t = 0.562
[2023-08-15 21:59:11.432] [info] CMC::computeControls, t = 0.563
[2023-08-15 21:59:11.449] [info] CMC::computeControls, t = 0.564
[2023-08-15 21:59:11.466] [info] CMC::computeControls, t = 0.565
[2023-08-15 21:59:11.484] [info] CMC::computeControls, t = 0.566
[2023-08-15 21:59:11.502] [info] CMC::computeControls, t = 0.567
[2023-08-15 21:59:11.519] [info] CMC::computeControls, t = 0.568
[2023-08-15 21:59:11.537] [info] CMC::computeControls, t = 0.569
[2023-08-15 21:59:11.555] [info] CMC::computeControls, t = 0.57
[2023-08-15 21:59:11.572] [info] CMC::computeControls, t = 0.571
[2023-08-15 21:59:11.589] [info] CMC::computeControls, t = 0.572
[2023-08-15 21:59:11.607] [info] CMC::computeControls, t = 0.573
[2023-08-15 21:59:11.625] [info] CMC::computeControls, t = 0.574
[2023-08-15 21:59:11.643] [info] CMC::computeControls, t = 0.575
[2023-08-15 21:59:11.661] [info] CMC::computeControls, t = 0.576
[2023-08-15 21:59:11.679] [info] CMC::computeControls, t = 0.577
[2023-08-15 21:59:11.697] [info] CMC::computeControls, t = 0.578
[2023-08-15 21:59:11.716] [info] CMC::computeControls, t = 0.579
[2023-08-15 21:59:11.734] [info] CMC::computeControls, t = 0.58
[2023-08-15 21:59:11.752] [info] CMC::computeControls, t = 0.581
[2023-08-15 21:59:11.770] [info] CMC::computeControls, t = 0.582
[2023-08-15 21:59:11.788] [info] CMC::computeControls, t = 0.583
[2023-08-15 21:59:11.805] [info] CMC::computeControls, t = 0.584
[2023-08-15 21:59:11.823] [info] CMC::computeControls, t = 0.585
[2023-08-15 21:59:11.841] [info] CMC::computeControls, t = 0.586
[2023-08-15 21:59:11.859] [info] CMC::computeControls, t = 0.587
[2023-08-15 21:59:11.876] [info] CMC::computeControls, t = 0.588
[2023-08-15 21:59:11.893] [info] CMC::computeControls, t = 0.589
[2023-08-15 21:59:11.911] [info] CMC::computeControls, t = 0.59
[2023-08-15 21:59:11.928] [info] CMC::computeControls, t = 0.591
[2023-08-15 21:59:11.946] [info] CMC::computeControls, t = 0.592
[2023-08-15 21:59:11.964] [info] CMC::computeControls, t = 0.593
[2023-08-15 21:59:11.982] [info] CMC::computeControls, t = 0.594
[2023-08-15 21:59:12.000] [info] CMC::computeControls, t = 0.595
[2023-08-15 21:59:12.018] [info] CMC::computeControls, t = 0.596
[2023-08-15 21:59:12.039] [info] CMC::computeControls, t = 0.597
[2023-08-15 21:59:12.056] [info] CMC::computeControls, t = 0.598
[2023-08-15 21:59:12.073] [info] CMC::computeControls, t = 0.599
[2023-08-15 21:59:12.090] [info] CMC::computeControls, t = 0.6
[2023-08-15 21:59:12.107] [info] CMC::computeControls, t = 0.601000
[2023-08-15 21:59:12.129] [info] CMC::computeControls, t = 0.602000
[2023-08-15 21:59:12.146] [info] CMC::computeControls, t = 0.603000
[2023-08-15 21:59:12.164] [info] CMC::computeControls, t = 0.604000
[2023-08-15 21:59:12.182] [info] CMC::computeControls, t = 0.605000
[2023-08-15 21:59:12.199] [info] CMC::computeControls, t = 0.606000
[2023-08-15 21:59:12.216] [info] CMC::computeControls, t = 0.607000
[2023-08-15 21:59:12.233] [info] CMC::computeControls, t = 0.608000
[2023-08-15 21:59:12.250] [info] CMC::computeControls, t = 0.609000
[2023-08-15 21:59:12.267] [info] CMC::computeControls, t = 0.61
[2023-08-15 21:59:12.284] [info] CMC::computeControls, t = 0.611
[2023-08-15 21:59:12.301] [info] CMC::computeControls, t = 0.612
[2023-08-15 21:59:12.318] [info] CMC::computeControls, t = 0.613
[2023-08-15 21:59:12.335] [info] CMC::computeControls, t = 0.614
[2023-08-15 21:59:12.352] [info] CMC::computeControls, t = 0.615
[2023-08-15 21:59:12.369] [info] CMC::computeControls, t = 0.616
[2023-08-15 21:59:12.386] [info] CMC::computeControls, t = 0.617
[2023-08-15 21:59:12.403] [info] CMC::computeControls, t = 0.618
[2023-08-15 21:59:12.420] [info] CMC::computeControls, t = 0.619
[2023-08-15 21:59:12.436] [info] CMC::computeControls, t = 0.62
[2023-08-15 21:59:12.453] [info] CMC::computeControls, t = 0.621
[2023-08-15 21:59:12.470] [info] CMC::computeControls, t = 0.622
[2023-08-15 21:59:12.487] [info] CMC::computeControls, t = 0.623
[2023-08-15 21:59:12.504] [info] CMC::computeControls, t = 0.624
[2023-08-15 21:59:12.521] [info] CMC::computeControls, t = 0.625
[2023-08-15 21:59:12.539] [info] CMC::computeControls, t = 0.626
[2023-08-15 21:59:12.556] [info] CMC::computeControls, t = 0.627
[2023-08-15 21:59:12.573] [info] CMC::computeControls, t = 0.628
[2023-08-15 21:59:12.590] [info] CMC::computeControls, t = 0.629
[2023-08-15 21:59:12.607] [info] CMC::computeControls, t = 0.63
[2023-08-15 21:59:12.624] [info] CMC::computeControls, t = 0.631
[2023-08-15 21:59:12.642] [info] CMC::computeControls, t = 0.632
[2023-08-15 21:59:12.659] [info] CMC::computeControls, t = 0.633
[2023-08-15 21:59:12.677] [info] CMC::computeControls, t = 0.634
[2023-08-15 21:59:12.694] [info] CMC::computeControls, t = 0.635
[2023-08-15 21:59:12.711] [info] CMC::computeControls, t = 0.636
[2023-08-15 21:59:12.729] [info] CMC::computeControls, t = 0.637
[2023-08-15 21:59:12.746] [info] CMC::computeControls, t = 0.638
[2023-08-15 21:59:12.769] [info] CMC::computeControls, t = 0.639
[2023-08-15 21:59:12.786] [info] CMC::computeControls, t = 0.64
[2023-08-15 21:59:12.804] [info] CMC::computeControls, t = 0.641
[2023-08-15 21:59:12.822] [info] CMC::computeControls, t = 0.642
[2023-08-15 21:59:12.839] [info] CMC::computeControls, t = 0.643
[2023-08-15 21:59:12.856] [info] CMC::computeControls, t = 0.644
[2023-08-15 21:59:12.874] [info] CMC::computeControls, t = 0.645
[2023-08-15 21:59:12.891] [info] CMC::computeControls, t = 0.646
[2023-08-15 21:59:12.908] [info] CMC::computeControls, t = 0.647
[2023-08-15 21:59:12.926] [info] CMC::computeControls, t = 0.648
[2023-08-15 21:59:12.943] [info] CMC::computeControls, t = 0.649
[2023-08-15 21:59:12.960] [info] CMC::computeControls, t = 0.65
[2023-08-15 21:59:12.978] [info] CMC::computeControls, t = 0.651
[2023-08-15 21:59:12.995] [info] CMC::computeControls, t = 0.652
[2023-08-15 21:59:13.012] [info] CMC::computeControls, t = 0.653
[2023-08-15 21:59:13.030] [info] CMC::computeControls, t = 0.654
[2023-08-15 21:59:13.047] [info] CMC::computeControls, t = 0.655
[2023-08-15 21:59:13.063] [info] CMC::computeControls, t = 0.656
[2023-08-15 21:59:13.080] [info] CMC::computeControls, t = 0.657
[2023-08-15 21:59:13.096] [info] CMC::computeControls, t = 0.658
[2023-08-15 21:59:13.116] [info] CMC::computeControls, t = 0.659
[2023-08-15 21:59:13.132] [info] CMC::computeControls, t = 0.66
[2023-08-15 21:59:13.149] [info] CMC::computeControls, t = 0.661
[2023-08-15 21:59:13.165] [info] CMC::computeControls, t = 0.662
[2023-08-15 21:59:13.183] [info] CMC::computeControls, t = 0.663
[2023-08-15 21:59:13.200] [info] CMC::computeControls, t = 0.664
[2023-08-15 21:59:13.216] [info] CMC::computeControls, t = 0.665
[2023-08-15 21:59:13.233] [info] CMC::computeControls, t = 0.666
[2023-08-15 21:59:13.249] [info] CMC::computeControls, t = 0.667
[2023-08-15 21:59:13.266] [info] CMC::computeControls, t = 0.668
[2023-08-15 21:59:13.283] [info] CMC::computeControls, t = 0.669
[2023-08-15 21:59:13.300] [info] CMC::computeControls, t = 0.67
[2023-08-15 21:59:13.318] [info] CMC::computeControls, t = 0.671
[2023-08-15 21:59:13.335] [info] CMC::computeControls, t = 0.672
[2023-08-15 21:59:13.364] [info] CMC::computeControls, t = 0.673
[2023-08-15 21:59:13.381] [info] CMC::computeControls, t = 0.674
[2023-08-15 21:59:13.397] [info] CMC::computeControls, t = 0.675
[2023-08-15 21:59:13.414] [info] CMC::computeControls, t = 0.676
[2023-08-15 21:59:13.431] [info] CMC::computeControls, t = 0.677
[2023-08-15 21:59:13.447] [info] CMC::computeControls, t = 0.678
[2023-08-15 21:59:13.464] [info] CMC::computeControls, t = 0.679
[2023-08-15 21:59:13.481] [info] CMC::computeControls, t = 0.68
[2023-08-15 21:59:13.498] [info] CMC::computeControls, t = 0.681
[2023-08-15 21:59:13.515] [info] CMC::computeControls, t = 0.682
[2023-08-15 21:59:13.531] [info] CMC::computeControls, t = 0.683
[2023-08-15 21:59:13.552] [info] CMC::computeControls, t = 0.684
[2023-08-15 21:59:13.569] [info] CMC::computeControls, t = 0.685
[2023-08-15 21:59:13.586] [info] CMC::computeControls, t = 0.686
[2023-08-15 21:59:13.603] [info] CMC::computeControls, t = 0.687
[2023-08-15 21:59:13.620] [info] CMC::computeControls, t = 0.688
[2023-08-15 21:59:13.637] [info] CMC::computeControls, t = 0.689
[2023-08-15 21:59:13.654] [info] CMC::computeControls, t = 0.69
[2023-08-15 21:59:13.671] [info] CMC::computeControls, t = 0.691
[2023-08-15 21:59:13.688] [info] CMC::computeControls, t = 0.692
[2023-08-15 21:59:13.706] [info] CMC::computeControls, t = 0.693
[2023-08-15 21:59:13.723] [info] CMC::computeControls, t = 0.694
[2023-08-15 21:59:13.740] [info] CMC::computeControls, t = 0.695
[2023-08-15 21:59:13.757] [info] CMC::computeControls, t = 0.696
[2023-08-15 21:59:13.774] [info] CMC::computeControls, t = 0.697
[2023-08-15 21:59:13.791] [info] CMC::computeControls, t = 0.698
[2023-08-15 21:59:13.808] [info] CMC::computeControls, t = 0.699
[2023-08-15 21:59:13.825] [info] CMC::computeControls, t = 0.7
[2023-08-15 21:59:13.842] [info] CMC::computeControls, t = 0.701000
[2023-08-15 21:59:13.859] [info] CMC::computeControls, t = 0.702000
[2023-08-15 21:59:13.876] [info] CMC::computeControls, t = 0.703000
[2023-08-15 21:59:13.893] [info] CMC::computeControls, t = 0.704000
[2023-08-15 21:59:13.910] [info] CMC::computeControls, t = 0.705000
[2023-08-15 21:59:13.927] [info] CMC::computeControls, t = 0.706000
[2023-08-15 21:59:13.944] [info] CMC::computeControls, t = 0.707000
[2023-08-15 21:59:13.961] [info] CMC::computeControls, t = 0.708000
[2023-08-15 21:59:13.978] [info] CMC::computeControls, t = 0.709000
[2023-08-15 21:59:13.996] [info] CMC::computeControls, t = 0.71
[2023-08-15 21:59:14.013] [info] CMC::computeControls, t = 0.711
[2023-08-15 21:59:14.029] [info] CMC::computeControls, t = 0.712
[2023-08-15 21:59:14.045] [info] CMC::computeControls, t = 0.713
[2023-08-15 21:59:14.062] [info] CMC::computeControls, t = 0.714
[2023-08-15 21:59:14.078] [info] CMC::computeControls, t = 0.715
[2023-08-15 21:59:14.094] [info] CMC::computeControls, t = 0.716
[2023-08-15 21:59:14.111] [info] CMC::computeControls, t = 0.717
[2023-08-15 21:59:14.127] [info] CMC::computeControls, t = 0.718
[2023-08-15 21:59:14.143] [info] CMC::computeControls, t = 0.719
[2023-08-15 21:59:14.160] [info] CMC::computeControls, t = 0.72
[2023-08-15 21:59:14.176] [info] CMC::computeControls, t = 0.721
[2023-08-15 21:59:14.194] [info] CMC::computeControls, t = 0.722
[2023-08-15 21:59:14.211] [info] CMC::computeControls, t = 0.723
[2023-08-15 21:59:14.229] [info] CMC::computeControls, t = 0.724
[2023-08-15 21:59:14.246] [info] CMC::computeControls, t = 0.725
[2023-08-15 21:59:14.263] [info] CMC::computeControls, t = 0.726
[2023-08-15 21:59:14.279] [info] CMC::computeControls, t = 0.727
[2023-08-15 21:59:14.296] [info] CMC::computeControls, t = 0.728
[2023-08-15 21:59:14.313] [info] CMC::computeControls, t = 0.729
[2023-08-15 21:59:14.330] [info] CMC::computeControls, t = 0.73
[2023-08-15 21:59:14.346] [info] CMC::computeControls, t = 0.731
[2023-08-15 21:59:14.366] [info] CMC::computeControls, t = 0.732
[2023-08-15 21:59:14.383] [info] CMC::computeControls, t = 0.733
[2023-08-15 21:59:14.400] [info] CMC::computeControls, t = 0.734
[2023-08-15 21:59:14.416] [info] CMC::computeControls, t = 0.735
[2023-08-15 21:59:14.433] [info] CMC::computeControls, t = 0.736
[2023-08-15 21:59:14.450] [info] CMC::computeControls, t = 0.737
[2023-08-15 21:59:14.466] [info] CMC::computeControls, t = 0.738
[2023-08-15 21:59:14.483] [info] CMC::computeControls, t = 0.739
[2023-08-15 21:59:14.500] [info] CMC::computeControls, t = 0.74
[2023-08-15 21:59:14.516] [info] CMC::computeControls, t = 0.741
[2023-08-15 21:59:14.533] [info] CMC::computeControls, t = 0.742
[2023-08-15 21:59:14.550] [info] CMC::computeControls, t = 0.743
[2023-08-15 21:59:14.566] [info] CMC::computeControls, t = 0.744
[2023-08-15 21:59:14.583] [info] CMC::computeControls, t = 0.745
[2023-08-15 21:59:14.599] [info] CMC::computeControls, t = 0.746
[2023-08-15 21:59:14.616] [info] CMC::computeControls, t = 0.747
[2023-08-15 21:59:14.633] [info] CMC::computeControls, t = 0.748
[2023-08-15 21:59:14.650] [info] CMC::computeControls, t = 0.749
[2023-08-15 21:59:14.667] [info] CMC::computeControls, t = 0.75
[2023-08-15 21:59:14.684] [info] CMC::computeControls, t = 0.751
[2023-08-15 21:59:14.704] [info] CMC::computeControls, t = 0.752
[2023-08-15 21:59:14.721] [info] CMC::computeControls, t = 0.753
[2023-08-15 21:59:14.739] [info] CMC::computeControls, t = 0.754
[2023-08-15 21:59:14.756] [info] CMC::computeControls, t = 0.755
[2023-08-15 21:59:14.773] [info] CMC::computeControls, t = 0.756
[2023-08-15 21:59:14.790] [info] CMC::computeControls, t = 0.757
[2023-08-15 21:59:14.808] [info] CMC::computeControls, t = 0.758
[2023-08-15 21:59:14.825] [info] CMC::computeControls, t = 0.759
[2023-08-15 21:59:14.842] [info] CMC::computeControls, t = 0.76
[2023-08-15 21:59:14.859] [info] CMC::computeControls, t = 0.761
[2023-08-15 21:59:14.876] [info] CMC::computeControls, t = 0.762
[2023-08-15 21:59:14.893] [info] CMC::computeControls, t = 0.763
[2023-08-15 21:59:14.911] [info] CMC::computeControls, t = 0.764
[2023-08-15 21:59:14.928] [info] CMC::computeControls, t = 0.765
[2023-08-15 21:59:14.946] [info] CMC::computeControls, t = 0.766
[2023-08-15 21:59:14.963] [info] CMC::computeControls, t = 0.767
[2023-08-15 21:59:14.980] [info] CMC::computeControls, t = 0.768
[2023-08-15 21:59:14.998] [info] CMC::computeControls, t = 0.769
[2023-08-15 21:59:15.015] [info] CMC::computeControls, t = 0.77
[2023-08-15 21:59:15.031] [info] CMC::computeControls, t = 0.771
[2023-08-15 21:59:15.048] [info] CMC::computeControls, t = 0.772
[2023-08-15 21:59:15.065] [info] CMC::computeControls, t = 0.773
[2023-08-15 21:59:15.082] [info] CMC::computeControls, t = 0.774
[2023-08-15 21:59:15.098] [info] CMC::computeControls, t = 0.775
[2023-08-15 21:59:15.115] [info] CMC::computeControls, t = 0.776
[2023-08-15 21:59:15.131] [info] CMC::computeControls, t = 0.777
[2023-08-15 21:59:15.148] [info] CMC::computeControls, t = 0.778
[2023-08-15 21:59:15.165] [info] CMC::computeControls, t = 0.779
[2023-08-15 21:59:15.184] [info] CMC::computeControls, t = 0.78
[2023-08-15 21:59:15.203] [info] CMC::computeControls, t = 0.781
[2023-08-15 21:59:15.222] [info] CMC::computeControls, t = 0.782
[2023-08-15 21:59:15.243] [info] CMC::computeControls, t = 0.783
[2023-08-15 21:59:15.262] [info] CMC::computeControls, t = 0.784
[2023-08-15 21:59:15.280] [info] CMC::computeControls, t = 0.785
[2023-08-15 21:59:15.298] [info] CMC::computeControls, t = 0.786
[2023-08-15 21:59:15.316] [info] CMC::computeControls, t = 0.787
[2023-08-15 21:59:15.333] [info] CMC::computeControls, t = 0.788
[2023-08-15 21:59:15.350] [info] CMC::computeControls, t = 0.789
[2023-08-15 21:59:15.368] [info] CMC::computeControls, t = 0.79
[2023-08-15 21:59:15.385] [info] CMC::computeControls, t = 0.791
[2023-08-15 21:59:15.402] [info] CMC::computeControls, t = 0.792
[2023-08-15 21:59:15.419] [info] CMC::computeControls, t = 0.793
[2023-08-15 21:59:15.436] [info] CMC::computeControls, t = 0.794
[2023-08-15 21:59:15.453] [info] CMC::computeControls, t = 0.795
[2023-08-15 21:59:15.470] [info] CMC::computeControls, t = 0.796
[2023-08-15 21:59:15.487] [info] CMC::computeControls, t = 0.797
[2023-08-15 21:59:15.504] [info] CMC::computeControls, t = 0.798
[2023-08-15 21:59:15.521] [info] CMC::computeControls, t = 0.799
[2023-08-15 21:59:15.538] [info] CMC::computeControls, t = 0.8
[2023-08-15 21:59:15.556] [info] CMC::computeControls, t = 0.801000
[2023-08-15 21:59:15.573] [info] CMC::computeControls, t = 0.802000
[2023-08-15 21:59:15.590] [info] CMC::computeControls, t = 0.803000
[2023-08-15 21:59:15.607] [info] CMC::computeControls, t = 0.804000
[2023-08-15 21:59:15.624] [info] CMC::computeControls, t = 0.805000
[2023-08-15 21:59:15.641] [info] CMC::computeControls, t = 0.806000
[2023-08-15 21:59:15.659] [info] CMC::computeControls, t = 0.807000
[2023-08-15 21:59:15.679] [info] CMC::computeControls, t = 0.808000
[2023-08-15 21:59:15.695] [info] CMC::computeControls, t = 0.809000
[2023-08-15 21:59:15.713] [info] CMC::computeControls, t = 0.81
[2023-08-15 21:59:15.730] [info] CMC::computeControls, t = 0.811
[2023-08-15 21:59:15.747] [info] CMC::computeControls, t = 0.812
[2023-08-15 21:59:15.764] [info] CMC::computeControls, t = 0.813
[2023-08-15 21:59:15.783] [info] CMC::computeControls, t = 0.814
[2023-08-15 21:59:15.800] [info] CMC::computeControls, t = 0.815
[2023-08-15 21:59:15.818] [info] CMC::computeControls, t = 0.816
[2023-08-15 21:59:15.836] [info] CMC::computeControls, t = 0.817
[2023-08-15 21:59:15.853] [info] CMC::computeControls, t = 0.818
[2023-08-15 21:59:15.871] [info] CMC::computeControls, t = 0.819
[2023-08-15 21:59:15.889] [info] CMC::computeControls, t = 0.82
[2023-08-15 21:59:15.906] [info] CMC::computeControls, t = 0.821
[2023-08-15 21:59:15.924] [info] CMC::computeControls, t = 0.822
[2023-08-15 21:59:15.942] [info] CMC::computeControls, t = 0.823
[2023-08-15 21:59:15.959] [info] CMC::computeControls, t = 0.824
[2023-08-15 21:59:15.977] [info] CMC::computeControls, t = 0.825
[2023-08-15 21:59:15.996] [info] CMC::computeControls, t = 0.826
[2023-08-15 21:59:16.019] [info] CMC::computeControls, t = 0.827
[2023-08-15 21:59:16.036] [info] CMC::computeControls, t = 0.828
[2023-08-15 21:59:16.054] [info] CMC::computeControls, t = 0.829
[2023-08-15 21:59:16.072] [info] CMC::computeControls, t = 0.83
[2023-08-15 21:59:16.090] [info] CMC::computeControls, t = 0.831
[2023-08-15 21:59:16.108] [info] CMC::computeControls, t = 0.832
[2023-08-15 21:59:16.126] [info] CMC::computeControls, t = 0.833
[2023-08-15 21:59:16.144] [info] CMC::computeControls, t = 0.834
[2023-08-15 21:59:16.162] [info] CMC::computeControls, t = 0.835
[2023-08-15 21:59:16.182] [info] CMC::computeControls, t = 0.836
[2023-08-15 21:59:16.202] [info] CMC::computeControls, t = 0.837
[2023-08-15 21:59:16.222] [info] CMC::computeControls, t = 0.838
[2023-08-15 21:59:16.242] [info] CMC::computeControls, t = 0.839
[2023-08-15 21:59:16.264] [info] CMC::computeControls, t = 0.84
[2023-08-15 21:59:16.283] [info] CMC::computeControls, t = 0.841
[2023-08-15 21:59:16.301] [info] CMC::computeControls, t = 0.842
[2023-08-15 21:59:16.320] [info] CMC::computeControls, t = 0.843
[2023-08-15 21:59:16.338] [info] CMC::computeControls, t = 0.844
[2023-08-15 21:59:16.356] [info] CMC::computeControls, t = 0.845
[2023-08-15 21:59:16.373] [info] CMC::computeControls, t = 0.846
[2023-08-15 21:59:16.391] [info] CMC::computeControls, t = 0.847
[2023-08-15 21:59:16.408] [info] CMC::computeControls, t = 0.848
[2023-08-15 21:59:16.426] [info] CMC::computeControls, t = 0.849
[2023-08-15 21:59:16.446] [info] CMC::computeControls, t = 0.85
[2023-08-15 21:59:16.464] [info] CMC::computeControls, t = 0.851
[2023-08-15 21:59:16.482] [info] CMC::computeControls, t = 0.852
[2023-08-15 21:59:16.500] [info] CMC::computeControls, t = 0.853
[2023-08-15 21:59:16.518] [info] CMC::computeControls, t = 0.854
[2023-08-15 21:59:16.536] [info] CMC::computeControls, t = 0.855
[2023-08-15 21:59:16.554] [info] CMC::computeControls, t = 0.856
[2023-08-15 21:59:16.572] [info] CMC::computeControls, t = 0.857
[2023-08-15 21:59:16.590] [info] CMC::computeControls, t = 0.858
[2023-08-15 21:59:16.608] [info] CMC::computeControls, t = 0.859
[2023-08-15 21:59:16.626] [info] CMC::computeControls, t = 0.86
[2023-08-15 21:59:16.644] [info] CMC::computeControls, t = 0.861
[2023-08-15 21:59:16.662] [info] CMC::computeControls, t = 0.862
[2023-08-15 21:59:16.680] [info] CMC::computeControls, t = 0.863
[2023-08-15 21:59:16.698] [info] CMC::computeControls, t = 0.864
[2023-08-15 21:59:16.715] [info] CMC::computeControls, t = 0.865
[2023-08-15 21:59:16.734] [info] CMC::computeControls, t = 0.866
[2023-08-15 21:59:16.752] [info] CMC::computeControls, t = 0.867
[2023-08-15 21:59:16.772] [info] CMC::computeControls, t = 0.868
[2023-08-15 21:59:16.794] [info] CMC::computeControls, t = 0.869
[2023-08-15 21:59:16.814] [info] CMC::computeControls, t = 0.87
[2023-08-15 21:59:16.834] [info] CMC::computeControls, t = 0.871
[2023-08-15 21:59:16.854] [info] CMC::computeControls, t = 0.872
[2023-08-15 21:59:16.873] [info] CMC::computeControls, t = 0.873
[2023-08-15 21:59:16.891] [info] CMC::computeControls, t = 0.874
[2023-08-15 21:59:16.910] [info] CMC::computeControls, t = 0.875
[2023-08-15 21:59:16.929] [info] CMC::computeControls, t = 0.876
[2023-08-15 21:59:16.948] [info] CMC::computeControls, t = 0.877
[2023-08-15 21:59:16.967] [info] CMC::computeControls, t = 0.878
[2023-08-15 21:59:16.992] [info] CMC::computeControls, t = 0.879
[2023-08-15 21:59:17.011] [info] CMC::computeControls, t = 0.88
[2023-08-15 21:59:17.030] [info] CMC::computeControls, t = 0.881
[2023-08-15 21:59:17.049] [info] CMC::computeControls, t = 0.882
[2023-08-15 21:59:17.067] [info] CMC::computeControls, t = 0.883
[2023-08-15 21:59:17.090] [info] CMC::computeControls, t = 0.884
[2023-08-15 21:59:17.110] [info] CMC::computeControls, t = 0.885
[2023-08-15 21:59:17.131] [info] CMC::computeControls, t = 0.886
[2023-08-15 21:59:17.152] [info] CMC::computeControls, t = 0.887
[2023-08-15 21:59:17.172] [info] CMC::computeControls, t = 0.888
[2023-08-15 21:59:17.190] [info] CMC::computeControls, t = 0.889
[2023-08-15 21:59:17.210] [info] CMC::computeControls, t = 0.89
[2023-08-15 21:59:17.229] [info] CMC::computeControls, t = 0.891
[2023-08-15 21:59:17.249] [info] CMC::computeControls, t = 0.892
[2023-08-15 21:59:17.268] [info] CMC::computeControls, t = 0.893
[2023-08-15 21:59:17.287] [info] CMC::computeControls, t = 0.894
[2023-08-15 21:59:17.307] [info] CMC::computeControls, t = 0.895
[2023-08-15 21:59:17.326] [info] CMC::computeControls, t = 0.896
[2023-08-15 21:59:17.346] [info] CMC::computeControls, t = 0.897
[2023-08-15 21:59:17.366] [info] CMC::computeControls, t = 0.898
[2023-08-15 21:59:17.386] [info] CMC::computeControls, t = 0.899
[2023-08-15 21:59:17.406] [info] CMC::computeControls, t = 0.9
[2023-08-15 21:59:17.426] [info] CMC::computeControls, t = 0.901000
[2023-08-15 21:59:17.445] [info] CMC::computeControls, t = 0.902000
[2023-08-15 21:59:17.465] [info] CMC::computeControls, t = 0.903000
[2023-08-15 21:59:17.486] [info] CMC::computeControls, t = 0.904000
[2023-08-15 21:59:17.506] [info] CMC::computeControls, t = 0.905000
[2023-08-15 21:59:17.525] [info] CMC::computeControls, t = 0.906000
[2023-08-15 21:59:17.549] [info] CMC::computeControls, t = 0.907000
[2023-08-15 21:59:17.568] [info] CMC::computeControls, t = 0.908000
[2023-08-15 21:59:17.588] [info] CMC::computeControls, t = 0.909000
[2023-08-15 21:59:17.608] [info] CMC::computeControls, t = 0.91
[2023-08-15 21:59:17.628] [info] CMC::computeControls, t = 0.911
[2023-08-15 21:59:17.651] [info] CMC::computeControls, t = 0.912
[2023-08-15 21:59:17.672] [info] CMC::computeControls, t = 0.913
[2023-08-15 21:59:17.692] [info] CMC::computeControls, t = 0.914
[2023-08-15 21:59:17.712] [info] CMC::computeControls, t = 0.915
[2023-08-15 21:59:17.732] [info] CMC::computeControls, t = 0.916
[2023-08-15 21:59:17.752] [info] CMC::computeControls, t = 0.917
[2023-08-15 21:59:17.773] [info] CMC::computeControls, t = 0.918
[2023-08-15 21:59:17.794] [info] CMC::computeControls, t = 0.919
[2023-08-15 21:59:17.814] [info] CMC::computeControls, t = 0.92
[2023-08-15 21:59:17.834] [info] CMC::computeControls, t = 0.921
[2023-08-15 21:59:17.856] [info] CMC::computeControls, t = 0.922
[2023-08-15 21:59:17.876] [info] CMC::computeControls, t = 0.923
[2023-08-15 21:59:17.896] [info] CMC::computeControls, t = 0.924
[2023-08-15 21:59:17.916] [info] CMC::computeControls, t = 0.925
[2023-08-15 21:59:17.937] [info] CMC::computeControls, t = 0.926
[2023-08-15 21:59:17.958] [info] CMC::computeControls, t = 0.927
[2023-08-15 21:59:17.985] [info] CMC::computeControls, t = 0.928
[2023-08-15 21:59:18.008] [info] CMC::computeControls, t = 0.929
[2023-08-15 21:59:18.032] [info] CMC::computeControls, t = 0.93
[2023-08-15 21:59:18.055] [info] CMC::computeControls, t = 0.931
[2023-08-15 21:59:18.078] [info] CMC::computeControls, t = 0.932
[2023-08-15 21:59:18.102] [info] CMC::computeControls, t = 0.933
[2023-08-15 21:59:18.122] [info] CMC::computeControls, t = 0.934
[2023-08-15 21:59:18.143] [info] CMC::computeControls, t = 0.935
[2023-08-15 21:59:18.165] [info] CMC::computeControls, t = 0.936
[2023-08-15 21:59:18.188] [info] CMC::computeControls, t = 0.937
[2023-08-15 21:59:18.209] [info] CMC::computeControls, t = 0.938
[2023-08-15 21:59:18.230] [info] CMC::computeControls, t = 0.939
[2023-08-15 21:59:18.250] [info] CMC::computeControls, t = 0.94
[2023-08-15 21:59:18.270] [info] CMC::computeControls, t = 0.941
[2023-08-15 21:59:18.291] [info] CMC::computeControls, t = 0.942
[2023-08-15 21:59:18.311] [info] CMC::computeControls, t = 0.943
[2023-08-15 21:59:18.332] [info] CMC::computeControls, t = 0.944
[2023-08-15 21:59:18.352] [info] CMC::computeControls, t = 0.945
[2023-08-15 21:59:18.373] [info] CMC::computeControls, t = 0.946
[2023-08-15 21:59:18.393] [info] CMC::computeControls, t = 0.947
[2023-08-15 21:59:18.414] [info] CMC::computeControls, t = 0.948
[2023-08-15 21:59:18.434] [info] CMC::computeControls, t = 0.949
[2023-08-15 21:59:18.456] [info] CMC::computeControls, t = 0.95
[2023-08-15 21:59:18.477] [info] CMC::computeControls, t = 0.951
[2023-08-15 21:59:18.503] [info] CMC::computeControls, t = 0.952
[2023-08-15 21:59:18.524] [info] CMC::computeControls, t = 0.953
[2023-08-15 21:59:18.545] [info] CMC::computeControls, t = 0.954
[2023-08-15 21:59:18.565] [info] CMC::computeControls, t = 0.955
[2023-08-15 21:59:18.587] [info] CMC::computeControls, t = 0.956
[2023-08-15 21:59:18.608] [info] CMC::computeControls, t = 0.957
[2023-08-15 21:59:18.633] [info] CMC::computeControls, t = 0.958
[2023-08-15 21:59:18.654] [info] CMC::computeControls, t = 0.959
[2023-08-15 21:59:18.675] [info] CMC::computeControls, t = 0.96
[2023-08-15 21:59:18.695] [info] CMC::computeControls, t = 0.961
[2023-08-15 21:59:18.717] [info] CMC::computeControls, t = 0.962
[2023-08-15 21:59:18.741] [info] CMC::computeControls, t = 0.963
[2023-08-15 21:59:18.762] [info] CMC::computeControls, t = 0.964
[2023-08-15 21:59:18.786] [info] CMC::computeControls, t = 0.965
[2023-08-15 21:59:18.815] [info] CMC::computeControls, t = 0.966
[2023-08-15 21:59:18.836] [info] CMC::computeControls, t = 0.967
[2023-08-15 21:59:18.857] [info] CMC::computeControls, t = 0.968
[2023-08-15 21:59:18.879] [info] CMC::computeControls, t = 0.969
[2023-08-15 21:59:18.901] [info] CMC::computeControls, t = 0.97
[2023-08-15 21:59:18.922] [info] CMC::computeControls, t = 0.971
[2023-08-15 21:59:18.943] [info] CMC::computeControls, t = 0.972
[2023-08-15 21:59:18.963] [info] CMC::computeControls, t = 0.973
[2023-08-15 21:59:18.985] [info] CMC::computeControls, t = 0.974
[2023-08-15 21:59:19.011] [info] CMC::computeControls, t = 0.975
[2023-08-15 21:59:19.033] [info] CMC::computeControls, t = 0.976
[2023-08-15 21:59:19.055] [info] CMC::computeControls, t = 0.977
[2023-08-15 21:59:19.076] [info] CMC::computeControls, t = 0.978
[2023-08-15 21:59:19.098] [info] CMC::computeControls, t = 0.979
[2023-08-15 21:59:19.120] [info] CMC::computeControls, t = 0.98
[2023-08-15 21:59:19.141] [info] CMC::computeControls, t = 0.981
[2023-08-15 21:59:19.162] [info] CMC::computeControls, t = 0.982
[2023-08-15 21:59:19.183] [info] CMC::computeControls, t = 0.983
[2023-08-15 21:59:19.205] [info] CMC::computeControls, t = 0.984
[2023-08-15 21:59:19.228] [info] CMC::computeControls, t = 0.985
[2023-08-15 21:59:19.250] [info] CMC::computeControls, t = 0.986
[2023-08-15 21:59:19.271] [info] CMC::computeControls, t = 0.987
[2023-08-15 21:59:19.292] [info] CMC::computeControls, t = 0.988
[2023-08-15 21:59:19.314] [info] CMC::computeControls, t = 0.989
[2023-08-15 21:59:19.335] [info] CMC::computeControls, t = 0.99
[2023-08-15 21:59:19.356] [info] CMC::computeControls, t = 0.991
[2023-08-15 21:59:19.378] [info] CMC::computeControls, t = 0.992
[2023-08-15 21:59:19.399] [info] CMC::computeControls, t = 0.993
[2023-08-15 21:59:19.426] [info] CMC::computeControls, t = 0.994
[2023-08-15 21:59:19.449] [info] CMC::computeControls, t = 0.995
[2023-08-15 21:59:19.475] [info] CMC::computeControls, t = 0.996
[2023-08-15 21:59:19.499] [info] CMC::computeControls, t = 0.997
[2023-08-15 21:59:19.532] [info] CMC::computeControls, t = 0.998
[2023-08-15 21:59:19.568] [info] CMC::computeControls, t = 0.999
[2023-08-15 21:59:19.594] [info] CMC::computeControls, t = 1.0
[2023-08-15 21:59:19.617] [info] CMC::computeControls, t = 1.00100
[2023-08-15 21:59:19.647] [info] CMC::computeControls, t = 1.00200
[2023-08-15 21:59:19.669] [info] CMC::computeControls, t = 1.00300
[2023-08-15 21:59:19.693] [info] CMC::computeControls, t = 1.00400
[2023-08-15 21:59:19.717] [info] CMC::computeControls, t = 1.00500
[2023-08-15 21:59:19.740] [info] CMC::computeControls, t = 1.00600
[2023-08-15 21:59:19.765] [info] CMC::computeControls, t = 1.00700
[2023-08-15 21:59:19.790] [info] CMC::computeControls, t = 1.00800
[2023-08-15 21:59:19.813] [info] CMC::computeControls, t = 1.00900
[2023-08-15 21:59:19.836] [info] CMC::computeControls, t = 1.01
[2023-08-15 21:59:19.858] [info] CMC::computeControls, t = 1.011
[2023-08-15 21:59:19.879] [info] CMC::computeControls, t = 1.012
[2023-08-15 21:59:19.901] [info] CMC::computeControls, t = 1.013
[2023-08-15 21:59:19.922] [info] CMC::computeControls, t = 1.014
[2023-08-15 21:59:19.944] [info] CMC::computeControls, t = 1.015
[2023-08-15 21:59:19.966] [info] CMC::computeControls, t = 1.016
[2023-08-15 21:59:19.987] [info] CMC::computeControls, t = 1.017
[2023-08-15 21:59:20.009] [info] CMC::computeControls, t = 1.018
[2023-08-15 21:59:20.031] [info] CMC::computeControls, t = 1.019
[2023-08-15 21:59:20.052] [info] CMC::computeControls, t = 1.02
[2023-08-15 21:59:20.074] [info] CMC::computeControls, t = 1.021
[2023-08-15 21:59:20.095] [info] CMC::computeControls, t = 1.022
[2023-08-15 21:59:20.117] [info] CMC::computeControls, t = 1.023
[2023-08-15 21:59:20.138] [info] CMC::computeControls, t = 1.024
[2023-08-15 21:59:20.159] [info] CMC::computeControls, t = 1.025
[2023-08-15 21:59:20.182] [info] CMC::computeControls, t = 1.026
[2023-08-15 21:59:20.203] [info] CMC::computeControls, t = 1.027
[2023-08-15 21:59:20.224] [info] CMC::computeControls, t = 1.028
[2023-08-15 21:59:20.246] [info] CMC::computeControls, t = 1.029
[2023-08-15 21:59:20.267] [info] CMC::computeControls, t = 1.03
[2023-08-15 21:59:20.288] [info] CMC::computeControls, t = 1.031
[2023-08-15 21:59:20.310] [info] CMC::computeControls, t = 1.032
[2023-08-15 21:59:20.331] [info] CMC::computeControls, t = 1.033
[2023-08-15 21:59:20.353] [info] CMC::computeControls, t = 1.034
[2023-08-15 21:59:20.374] [info] CMC::computeControls, t = 1.035
[2023-08-15 21:59:20.395] [info] CMC::computeControls, t = 1.036
[2023-08-15 21:59:20.416] [info] CMC::computeControls, t = 1.037
[2023-08-15 21:59:20.437] [info] CMC::computeControls, t = 1.038
[2023-08-15 21:59:20.459] [info] CMC::computeControls, t = 1.039
[2023-08-15 21:59:20.481] [info] CMC::computeControls, t = 1.04
[2023-08-15 21:59:20.502] [info] CMC::computeControls, t = 1.041
[2023-08-15 21:59:20.523] [info] CMC::computeControls, t = 1.042
[2023-08-15 21:59:20.545] [info] CMC::computeControls, t = 1.043
[2023-08-15 21:59:20.566] [info] CMC::computeControls, t = 1.044
[2023-08-15 21:59:20.588] [info] CMC::computeControls, t = 1.045
[2023-08-15 21:59:20.612] [info] CMC::computeControls, t = 1.046
[2023-08-15 21:59:20.633] [info] CMC::computeControls, t = 1.047
[2023-08-15 21:59:20.653] [info] CMC::computeControls, t = 1.048
[2023-08-15 21:59:20.674] [info] CMC::computeControls, t = 1.049
[2023-08-15 21:59:20.694] [info] CMC::computeControls, t = 1.05
[2023-08-15 21:59:20.715] [info] CMC::computeControls, t = 1.051
[2023-08-15 21:59:20.735] [info] CMC::computeControls, t = 1.052
[2023-08-15 21:59:20.756] [info] CMC::computeControls, t = 1.053
[2023-08-15 21:59:20.776] [info] CMC::computeControls, t = 1.054
[2023-08-15 21:59:20.797] [info] CMC::computeControls, t = 1.055
[2023-08-15 21:59:20.821] [info] CMC::computeControls, t = 1.056
[2023-08-15 21:59:20.841] [info] CMC::computeControls, t = 1.057
[2023-08-15 21:59:20.862] [info] CMC::computeControls, t = 1.058
[2023-08-15 21:59:20.883] [info] CMC::computeControls, t = 1.059
[2023-08-15 21:59:20.903] [info] CMC::computeControls, t = 1.06
[2023-08-15 21:59:20.924] [info] CMC::computeControls, t = 1.061
[2023-08-15 21:59:20.945] [info] CMC::computeControls, t = 1.062
[2023-08-15 21:59:20.966] [info] CMC::computeControls, t = 1.063
[2023-08-15 21:59:20.987] [info] CMC::computeControls, t = 1.064
[2023-08-15 21:59:21.010] [info] CMC::computeControls, t = 1.065
[2023-08-15 21:59:21.031] [info] CMC::computeControls, t = 1.066
[2023-08-15 21:59:21.052] [info] CMC::computeControls, t = 1.067
[2023-08-15 21:59:21.073] [info] CMC::computeControls, t = 1.068
[2023-08-15 21:59:21.093] [info] CMC::computeControls, t = 1.069
[2023-08-15 21:59:21.114] [info] CMC::computeControls, t = 1.07
[2023-08-15 21:59:21.135] [info] CMC::computeControls, t = 1.071
[2023-08-15 21:59:21.155] [info] CMC::computeControls, t = 1.072
[2023-08-15 21:59:21.178] [info] CMC::computeControls, t = 1.073
[2023-08-15 21:59:21.200] [info] CMC::computeControls, t = 1.074
[2023-08-15 21:59:21.223] [info] CMC::computeControls, t = 1.075
[2023-08-15 21:59:21.246] [info] CMC::computeControls, t = 1.076
[2023-08-15 21:59:21.269] [info] CMC::computeControls, t = 1.077
[2023-08-15 21:59:21.290] [info] CMC::computeControls, t = 1.078
[2023-08-15 21:59:21.311] [info] CMC::computeControls, t = 1.079
[2023-08-15 21:59:21.331] [info] CMC::computeControls, t = 1.08
[2023-08-15 21:59:21.352] [info] CMC::computeControls, t = 1.081
[2023-08-15 21:59:21.372] [info] CMC::computeControls, t = 1.082
[2023-08-15 21:59:21.392] [info] CMC::computeControls, t = 1.083
[2023-08-15 21:59:21.412] [info] CMC::computeControls, t = 1.084
[2023-08-15 21:59:21.432] [info] CMC::computeControls, t = 1.085
[2023-08-15 21:59:21.452] [info] CMC::computeControls, t = 1.086
[2023-08-15 21:59:21.472] [info] CMC::computeControls, t = 1.087
[2023-08-15 21:59:21.492] [info] CMC::computeControls, t = 1.088
[2023-08-15 21:59:21.513] [info] CMC::computeControls, t = 1.089
[2023-08-15 21:59:21.533] [info] CMC::computeControls, t = 1.09
[2023-08-15 21:59:21.554] [info] CMC::computeControls, t = 1.091
[2023-08-15 21:59:21.574] [info] CMC::computeControls, t = 1.092
[2023-08-15 21:59:21.594] [info] CMC::computeControls, t = 1.093
[2023-08-15 21:59:21.614] [info] CMC::computeControls, t = 1.094
[2023-08-15 21:59:21.634] [info] CMC::computeControls, t = 1.095
[2023-08-15 21:59:21.654] [info] CMC::computeControls, t = 1.096
[2023-08-15 21:59:21.674] [info] CMC::computeControls, t = 1.097
[2023-08-15 21:59:21.694] [info] CMC::computeControls, t = 1.098
[2023-08-15 21:59:21.713] [info] CMC::computeControls, t = 1.099
[2023-08-15 21:59:21.733] [info] CMC::computeControls, t = 1.1
[2023-08-15 21:59:21.753] [info] CMC::computeControls, t = 1.10100
[2023-08-15 21:59:21.772] [info] CMC::computeControls, t = 1.10200
[2023-08-15 21:59:21.791] [info] CMC::computeControls, t = 1.10300
[2023-08-15 21:59:21.811] [info] CMC::computeControls, t = 1.10400
[2023-08-15 21:59:21.831] [info] CMC::computeControls, t = 1.10500
[2023-08-15 21:59:21.850] [info] CMC::computeControls, t = 1.10600
[2023-08-15 21:59:21.869] [info] CMC::computeControls, t = 1.10700
[2023-08-15 21:59:21.889] [info] CMC::computeControls, t = 1.10800
[2023-08-15 21:59:21.909] [info] CMC::computeControls, t = 1.10900
[2023-08-15 21:59:21.928] [info] CMC::computeControls, t = 1.11
[2023-08-15 21:59:21.948] [info] CMC::computeControls, t = 1.111
[2023-08-15 21:59:21.967] [info] CMC::computeControls, t = 1.112
[2023-08-15 21:59:21.987] [info] CMC::computeControls, t = 1.113
[2023-08-15 21:59:22.007] [info] CMC::computeControls, t = 1.114
[2023-08-15 21:59:22.026] [info] CMC::computeControls, t = 1.115
[2023-08-15 21:59:22.046] [info] CMC::computeControls, t = 1.116
[2023-08-15 21:59:22.066] [info] CMC::computeControls, t = 1.117
[2023-08-15 21:59:22.086] [info] CMC::computeControls, t = 1.118
[2023-08-15 21:59:22.107] [info] CMC::computeControls, t = 1.119
[2023-08-15 21:59:22.128] [info] CMC::computeControls, t = 1.12
[2023-08-15 21:59:22.149] [info] CMC::computeControls, t = 1.121
[2023-08-15 21:59:22.169] [info] CMC::computeControls, t = 1.122
[2023-08-15 21:59:22.188] [info] CMC::computeControls, t = 1.123
[2023-08-15 21:59:22.209] [info] CMC::computeControls, t = 1.124
[2023-08-15 21:59:22.228] [info] CMC::computeControls, t = 1.125
[2023-08-15 21:59:22.248] [info] CMC::computeControls, t = 1.126
[2023-08-15 21:59:22.268] [info] CMC::computeControls, t = 1.127
[2023-08-15 21:59:22.287] [info] CMC::computeControls, t = 1.128
[2023-08-15 21:59:22.306] [info] CMC::computeControls, t = 1.129
[2023-08-15 21:59:22.325] [info] CMC::computeControls, t = 1.13
[2023-08-15 21:59:22.344] [info] CMC::computeControls, t = 1.131
[2023-08-15 21:59:22.363] [info] CMC::computeControls, t = 1.132
[2023-08-15 21:59:22.382] [info] CMC::computeControls, t = 1.133
[2023-08-15 21:59:22.401] [info] CMC::computeControls, t = 1.134
[2023-08-15 21:59:22.420] [info] CMC::computeControls, t = 1.135
[2023-08-15 21:59:22.439] [info] CMC::computeControls, t = 1.136
[2023-08-15 21:59:22.458] [info] CMC::computeControls, t = 1.137
[2023-08-15 21:59:22.477] [info] CMC::computeControls, t = 1.138
[2023-08-15 21:59:22.496] [info] CMC::computeControls, t = 1.139
[2023-08-15 21:59:22.515] [info] CMC::computeControls, t = 1.14
[2023-08-15 21:59:22.535] [info] -------------------------------------------
[2023-08-15 21:59:22.535] [info] Finished tracking the specified kinematics:
[2023-08-15 21:59:22.535] [info] -------------------------------------------
[2023-08-15 21:59:22.535] [info]  -- Start time = Tue Aug 15 21:59:11 2023
[2023-08-15 21:59:22.535] [info]  -- Finish time = Tue Aug 15 21:59:22 2023
[2023-08-15 21:59:22.535] [info]  -- Elapsed time = 11.0 seconds.
[2023-08-15 21:59:22.535] [info] -------------------------------------------
[2023-08-15 21:59:22.535] [info] 
[2023-08-15 21:59:22.535] [info] Printing results of investigation subject01_run5_cycle1_iter3 to cycle1/
[2023-08-15 21:59:22.930] [info] 

************************************************************
*      Summary of Mass Adjustments to Reduce Residuals     *
************************************************************
* Body adjusted: torso
* Mass Center (COM) adjustment: dx =-0.0638556, dz =0.0167171
* New COM location: ~[0.0231668,0.32879,-0.0111839]
************************************************************
* Recommended mass adjustments:                             
*  Total mass change: 0.422764
*  pelvis: orig mass = 11.4212, new mass = 11.4874
*  femur_r: orig mass = 9.02045, new mass = 9.07277
*  tibia_r: orig mass = 3.59551, new mass = 3.61636
*  talus_r: orig mass = 0.0969795, new mass = 0.097542
*  calcn_r: orig mass = 1.21225, new mass = 1.21928
*  toes_r: orig mass = 0.210057, new mass = 0.211275
*  femur_l: orig mass = 9.02045, new mass = 9.07277
*  tibia_l: orig mass = 3.59551, new mass = 3.61636
*  talus_l: orig mass = 0.0969795, new mass = 0.097542
*  calcn_l: orig mass = 1.21225, new mass = 1.21928
*  toes_l: orig mass = 0.210057, new mass = 0.211275
*  torso: orig mass = 26.0163, new mass = 26.1672
*  humerus_r: orig mass = 1.9711, new mass = 1.98253
*  ulna_r: orig mass = 0.58915, new mass = 0.592567
*  radius_r: orig mass = 0.58915, new mass = 0.592567
*  hand_r: orig mass = 0.443681, new mass = 0.446254
*  humerus_l: orig mass = 1.9711, new mass = 1.98253
*  ulna_l: orig mass = 0.58915, new mass = 0.592567
*  radius_l: orig mass = 0.58915, new mass = 0.592567
*  hand_l: orig mass = 0.443681, new mass = 0.446254
************************************************************
* Note: Edit the model to make recommended adjustments to  *
*       mass properties.                                   *
************************************************************

* Average residuals before adjusting torso COM:
*  FX=7.12048 FY=-4.1459 FZ=2.77504
*  MX=-4.26509 MY=-6.93749 MZ=-16.2917
************************************************************
* Average residuals after adjusting torso COM:
*  FX=7.38893 FY=-4.63265 FZ=5.18621
*  MX=4.46535 MY=-9.56965 MZ=-1.58251
************************************************************


[2023-08-15 21:59:22.930] [info] 
************************************************************
*                   Final Average Residuals                *
************************************************************
* After torso COM and Kinematics adjustments:
*  FX=3.91273 FY=-4.98332 FZ=-1.56584
*  MX=-0.11799 MY=-2.08587 MZ=4.99108
************************************************************


