[2023-08-15 22:38:48.659] [info] Storage: read data file = ..\rra1\cycle1\subject19_run5_cycle1_iter1_Kinematics_q.sto (nr=729 nc=38)
[2023-08-15 22:38:48.700] [info] Storage: read data file = ..\rra1\cycle1\subject19_run5_cycle1_iter1_Kinematics_q.sto (nr=729 nc=38)
[2023-08-15 22:38:48.759] [info] AbstractTool subject19_run5_cycle1_iter2 loading model ..\rra1\cycle1\subject19_run5_cycle1_rraAdjusted_iter1.osim
[2023-08-15 22:38:48.813] [info] Loaded model subject19_scaled from file ..\rra1\cycle1\subject19_run5_cycle1_rraAdjusted_iter1.osim
[2023-08-15 22:38:48.855] [info] Adding force object set from ..\subject19_run5_RRA_Actuators.xml
[2023-08-15 22:38:48.861] [info] Running tool subject19_run5_cycle1_iter2.
[2023-08-15 22:38:48.882] [warning] ExternalLoads 'externalloads' has subcomponents with duplicate name 'externalforce'. The duplicate is being renamed to 'externalforce_0'.
[2023-08-15 22:38:48.894] [info] 	taskSet size = 29.
[2023-08-15 22:38:48.966] [info] ExternalForce::externalforce Data source being set to Run_500 01_newCOP3_v24.mot
[2023-08-15 22:38:48.966] [info] ExternalForce::externalforce_0 Data source being set to Run_500 01_newCOP3_v24.mot
[2023-08-15 22:38:48.971] [warning] A desired points file was not specified.
[2023-08-15 22:38:48.971] [info] Loading desired kinematics from file '..\rra1\cycle1\subject19_run5_cycle1_iter1_Kinematics_q.sto'...
[2023-08-15 22:38:48.971] [info] Storage: read data file = ..\rra1\cycle1\subject19_run5_cycle1_iter1_Kinematics_q.sto (nr=729 nc=38)
[2023-08-15 22:38:49.009] [info] Not filtering the desired kinematics.
[2023-08-15 22:38:49.010] [cout] [info] MODEL: subject19_scaled

numStates = 74
numCoordinates = 37
numSpeeds = 37
numActuators = 29
numBodies = 20
numConstraints = 0
numProbes = 0

ANALYSES (total: 0)

BODIES (total: 20)
body[0] = pelvis. mass: 10.4257
              moments of inertia:  ~[0.0853818,0.0853818,0.0419478]
              products of inertia: ~[0,0,0]
body[1] = femur_r. mass: 8.23413
              moments of inertia:  ~[0.134888,0.0353589,0.142242]
              products of inertia: ~[0,0,0]
body[2] = tibia_r. mass: 3.28209
              moments of inertia:  ~[0.0510904,0.00516987,0.0518]
              products of inertia: ~[0,0,0]
body[3] = talus_r. mass: 0.0885257
              moments of inertia:  ~[0.000972738,0.000972738,0.000972738]
              products of inertia: ~[0,0,0]
body[4] = calcn_r. mass: 1.10657
              moments of inertia:  ~[0.00136183,0.00379368,0.00398823]
              products of inertia: ~[0,0,0]
body[5] = toes_r. mass: 0.191747
              moments of inertia:  ~[9.72738e-05,0.000194548,0.000972738]
              products of inertia: ~[0,0,0]
body[6] = femur_l. mass: 8.23413
              moments of inertia:  ~[0.134888,0.0353589,0.142242]
              products of inertia: ~[0,0,0]
body[7] = tibia_l. mass: 3.28209
              moments of inertia:  ~[0.0507593,0.00450769,0.0507593]
              products of inertia: ~[0,0,0]
body[8] = talus_l. mass: 0.0885257
              moments of inertia:  ~[0.000972738,0.000972738,0.000972738]
              products of inertia: ~[0,0,0]
body[9] = calcn_l. mass: 1.10657
              moments of inertia:  ~[0.00136183,0.00379368,0.00398823]
              products of inertia: ~[0,0,0]
body[10] = toes_l. mass: 0.191747
              moments of inertia:  ~[9.72738e-05,0.000194548,0.000972738]
              products of inertia: ~[0,0,0]
body[11] = torso. mass: 23.7484
              moments of inertia:  ~[1.28954,0.660732,1.25185]
              products of inertia: ~[0,0,0]
body[12] = humerus_r. mass: 1.79929
              moments of inertia:  ~[0.00897901,0.00309748,0.0100786]
              products of inertia: ~[0,0,0]
body[13] = ulna_r. mass: 0.537794
              moments of inertia:  ~[0.00303153,0.000632506,0.00328842]
              products of inertia: ~[0,0,0]
body[14] = radius_r. mass: 0.537794
              moments of inertia:  ~[0.00303153,0.000632506,0.00328842]
              products of inertia: ~[0,0,0]
body[15] = hand_r. mass: 0.405005
              moments of inertia:  ~[0.000912938,0.00055984,0.00137145]
              products of inertia: ~[0,0,0]
body[16] = humerus_l. mass: 1.79929
              moments of inertia:  ~[0.00897901,0.00309748,0.0100786]
              products of inertia: ~[0,0,0]
body[17] = ulna_l. mass: 0.537794
              moments of inertia:  ~[0.00303153,0.000632506,0.00328842]
              products of inertia: ~[0,0,0]
body[18] = radius_l. mass: 0.537794
              moments of inertia:  ~[0.00303153,0.000632506,0.00328842]
              products of inertia: ~[0,0,0]
body[19] = hand_l. mass: 0.405005
              moments of inertia:  ~[0.000912938,0.00055984,0.00137145]
              products of inertia: ~[0,0,0]

JOINTS (total: 20)
joint[0] = ground_pelvis. parent: ground_offset, child: pelvis_offset
joint[1] = hip_r. parent: pelvis_offset, child: femur_r_offset
joint[2] = knee_r. parent: femur_r_offset, child: tibia_r_offset
joint[3] = ankle_r. parent: tibia_r_offset, child: talus_r_offset
joint[4] = subtalar_r. parent: talus_r_offset, child: calcn_r_offset
joint[5] = mtp_r. parent: calcn_r_offset, child: toes_r_offset
joint[6] = hip_l. parent: pelvis_offset, child: femur_l_offset
joint[7] = knee_l. parent: femur_l_offset, child: tibia_l_offset
joint[8] = ankle_l. parent: tibia_l_offset, child: talus_l_offset
joint[9] = subtalar_l. parent: talus_l_offset, child: calcn_l_offset
joint[10] = mtp_l. parent: calcn_l_offset, child: toes_l_offset
joint[11] = back. parent: pelvis_offset, child: torso_offset
joint[12] = acromial_r. parent: torso_offset, child: humerus_r_offset
joint[13] = elbow_r. parent: humerus_r_offset, child: ulna_r_offset
joint[14] = radioulnar_r. parent: ulna_r_offset, child: radius_r_offset
joint[15] = radius_hand_r. parent: radius_r_offset, child: hand_r_offset
joint[16] = acromial_l. parent: torso_offset, child: humerus_l_offset
joint[17] = elbow_l. parent: humerus_l_offset, child: ulna_l_offset
joint[18] = radioulnar_l. parent: ulna_l_offset, child: radius_l_offset
joint[19] = radius_hand_l. parent: radius_l_offset, child: hand_l_offset

ACTUATORS (total: 29)
actuator[0] = FX
actuator[1] = FY
actuator[2] = FZ
actuator[3] = MZ
actuator[4] = MX
actuator[5] = MY
actuator[6] = hip_flexion_r
actuator[7] = hip_adduction_r
actuator[8] = hip_rotation_r
actuator[9] = knee_angle_r
actuator[10] = ankle_angle_r
actuator[11] = hip_flexion_l
actuator[12] = hip_adduction_l
actuator[13] = hip_rotation_l
actuator[14] = knee_angle_l
actuator[15] = ankle_angle_l
actuator[16] = lumbar_extension
actuator[17] = lumbar_bending
actuator[18] = lumbar_rotation
actuator[19] = arm_flex_r
actuator[20] = arm_add_r
actuator[21] = arm_rot_r
actuator[22] = elbow_flex_r
actuator[23] = pro_sup_r
actuator[24] = arm_flex_l
actuator[25] = arm_add_l
actuator[26] = arm_rot_l
actuator[27] = elbow_flex_l
actuator[28] = pro_sup_l

STATES (total: 74)
y[0] = /jointset/ground_pelvis/pelvis_tilt/value
y[1] = /jointset/ground_pelvis/pelvis_tilt/speed
y[2] = /jointset/ground_pelvis/pelvis_list/value
y[3] = /jointset/ground_pelvis/pelvis_list/speed
y[4] = /jointset/ground_pelvis/pelvis_rotation/value
y[5] = /jointset/ground_pelvis/pelvis_rotation/speed
y[6] = /jointset/ground_pelvis/pelvis_tx/value
y[7] = /jointset/ground_pelvis/pelvis_tx/speed
y[8] = /jointset/ground_pelvis/pelvis_ty/value
y[9] = /jointset/ground_pelvis/pelvis_ty/speed
y[10] = /jointset/ground_pelvis/pelvis_tz/value
y[11] = /jointset/ground_pelvis/pelvis_tz/speed
y[12] = /jointset/hip_r/hip_flexion_r/value
y[13] = /jointset/hip_r/hip_flexion_r/speed
y[14] = /jointset/hip_r/hip_adduction_r/value
y[15] = /jointset/hip_r/hip_adduction_r/speed
y[16] = /jointset/hip_r/hip_rotation_r/value
y[17] = /jointset/hip_r/hip_rotation_r/speed
y[18] = /jointset/knee_r/knee_angle_r/value
y[19] = /jointset/knee_r/knee_angle_r/speed
y[20] = /jointset/ankle_r/ankle_angle_r/value
y[21] = /jointset/ankle_r/ankle_angle_r/speed
y[22] = /jointset/subtalar_r/subtalar_angle_r/value
y[23] = /jointset/subtalar_r/subtalar_angle_r/speed
y[24] = /jointset/mtp_r/mtp_angle_r/value
y[25] = /jointset/mtp_r/mtp_angle_r/speed
y[26] = /jointset/hip_l/hip_flexion_l/value
y[27] = /jointset/hip_l/hip_flexion_l/speed
y[28] = /jointset/hip_l/hip_adduction_l/value
y[29] = /jointset/hip_l/hip_adduction_l/speed
y[30] = /jointset/hip_l/hip_rotation_l/value
y[31] = /jointset/hip_l/hip_rotation_l/speed
y[32] = /jointset/knee_l/knee_angle_l/value
y[33] = /jointset/knee_l/knee_angle_l/speed
y[34] = /jointset/ankle_l/ankle_angle_l/value
y[35] = /jointset/ankle_l/ankle_angle_l/speed
y[36] = /jointset/subtalar_l/subtalar_angle_l/value
y[37] = /jointset/subtalar_l/subtalar_angle_l/speed
y[38] = /jointset/mtp_l/mtp_angle_l/value
y[39] = /jointset/mtp_l/mtp_angle_l/speed
y[40] = /jointset/back/lumbar_extension/value
y[41] = /jointset/back/lumbar_extension/speed
y[42] = /jointset/back/lumbar_bending/value
y[43] = /jointset/back/lumbar_bending/speed
y[44] = /jointset/back/lumbar_rotation/value
y[45] = /jointset/back/lumbar_rotation/speed
y[46] = /jointset/acromial_r/arm_flex_r/value
y[47] = /jointset/acromial_r/arm_flex_r/speed
y[48] = /jointset/acromial_r/arm_add_r/value
y[49] = /jointset/acromial_r/arm_add_r/speed
y[50] = /jointset/acromial_r/arm_rot_r/value
y[51] = /jointset/acromial_r/arm_rot_r/speed
y[52] = /jointset/elbow_r/elbow_flex_r/value
y[53] = /jointset/elbow_r/elbow_flex_r/speed
y[54] = /jointset/radioulnar_r/pro_sup_r/value
y[55] = /jointset/radioulnar_r/pro_sup_r/speed
y[56] = /jointset/radius_hand_r/wrist_flex_r/value
y[57] = /jointset/radius_hand_r/wrist_flex_r/speed
y[58] = /jointset/radius_hand_r/wrist_dev_r/value
y[59] = /jointset/radius_hand_r/wrist_dev_r/speed
y[60] = /jointset/acromial_l/arm_flex_l/value
y[61] = /jointset/acromial_l/arm_flex_l/speed
y[62] = /jointset/acromial_l/arm_add_l/value
y[63] = /jointset/acromial_l/arm_add_l/speed
y[64] = /jointset/acromial_l/arm_rot_l/value
y[65] = /jointset/acromial_l/arm_rot_l/speed
y[66] = /jointset/elbow_l/elbow_flex_l/value
y[67] = /jointset/elbow_l/elbow_flex_l/speed
y[68] = /jointset/radioulnar_l/pro_sup_l/value
y[69] = /jointset/radioulnar_l/pro_sup_l/speed
y[70] = /jointset/radius_hand_l/wrist_flex_l/value
y[71] = /jointset/radius_hand_l/wrist_flex_l/speed
y[72] = /jointset/radius_hand_l/wrist_dev_l/value
y[73] = /jointset/radius_hand_l/wrist_dev_l/speed

[2023-08-15 22:38:49.496] [warning] Coordinate.setValue:  coordinate subtalar_angle_r is locked. Unable to change its value.
[2023-08-15 22:38:49.497] [warning] Coordinate.setValue:  coordinate mtp_angle_r is locked. Unable to change its value.
[2023-08-15 22:38:49.497] [warning] Coordinate.setValue:  coordinate subtalar_angle_l is locked. Unable to change its value.
[2023-08-15 22:38:49.497] [warning] Coordinate.setValue:  coordinate mtp_angle_l is locked. Unable to change its value.
[2023-08-15 22:38:49.497] [warning] Coordinate.setValue:  coordinate wrist_flex_r is locked. Unable to change its value.
[2023-08-15 22:38:49.497] [warning] Coordinate.setValue:  coordinate wrist_dev_r is locked. Unable to change its value.
[2023-08-15 22:38:49.497] [warning] Coordinate.setValue:  coordinate wrist_flex_l is locked. Unable to change its value.
[2023-08-15 22:38:49.497] [warning] Coordinate.setValue:  coordinate wrist_dev_l is locked. Unable to change its value.
[2023-08-15 22:38:49.597] [info] Requested COM adjustment time range 0.18854 to 0.84275, clamped to nearest available data times: 0.18854 to 0.84275.
[2023-08-15 22:38:49.597] [info] Computing average residuals between 0.18854 and 0.84275...
[2023-08-15 22:38:49.686] [info] ExternalForce::externalforce Data source being set to Run_500 01_newCOP3_v24.mot
[2023-08-15 22:38:49.686] [info] ExternalForce::externalforce_0 Data source being set to Run_500 01_newCOP3_v24.mot
[2023-08-15 22:38:49.762] [info] ExternalForce::externalforce Data source being set to Run_500 01_newCOP3_v24.mot
[2023-08-15 22:38:49.762] [info] ExternalForce::externalforce_0 Data source being set to Run_500 01_newCOP3_v24.mot
[2023-08-15 22:38:54.004] [info] ExternalForce::externalforce Data source being set to Run_500 01_newCOP3_v24.mot
[2023-08-15 22:38:54.004] [info] ExternalForce::externalforce_0 Data source being set to Run_500 01_newCOP3_v24.mot
[2023-08-15 22:38:54.009] [info] Computing average residuals between 0.18854 and 0.84275...
[2023-08-15 22:38:54.080] [info] ExternalForce::externalforce Data source being set to Run_500 01_newCOP3_v24.mot
[2023-08-15 22:38:54.080] [info] ExternalForce::externalforce_0 Data source being set to Run_500 01_newCOP3_v24.mot
[2023-08-15 22:38:54.154] [info] ExternalForce::externalforce Data source being set to Run_500 01_newCOP3_v24.mot
[2023-08-15 22:38:54.154] [info] ExternalForce::externalforce_0 Data source being set to Run_500 01_newCOP3_v24.mot
[2023-08-15 22:38:58.489] [info] Constructing function set for tracking desired kinematics...
[2023-08-15 22:38:59.334] [warning] No Actuation analysis found in analysis set, adding one...
[2023-08-15 22:38:59.334] [warning] No Kinematics analysis found in analysis set, adding one...
[2023-08-15 22:38:59.337] [info] Using the generalized coordinates specified in '..\rra1\cycle1\subject19_run5_cycle1_iter1_Kinematics_q.sto' to set the initial configuration.
[2023-08-15 22:38:59.594] [info] Using IPOPT optimizer algorithm.
[2023-08-15 22:38:59.594] [info] Setting optimizer print level to 0.
[2023-08-15 22:38:59.594] [info] Setting optimizer convergence tolerance to 1.0e-05.
[2023-08-15 22:38:59.594] [info] Setting optimizer maximum iterations to 2000.
[2023-08-15 22:38:59.594] [info] Setting cmc controller to not use verbose printing.

[2023-08-15 22:38:59.595] [info] CMC::computeControls, t = 0.18854
[2023-08-15 22:39:00.552] [info] --------------------------------------------
[2023-08-15 22:39:00.552] [info] Using CMC to track the specified kinematics:
[2023-08-15 22:39:00.552] [info] --------------------------------------------
[2023-08-15 22:39:00.552] [info]  -- Integrating from 0.18854 to 0.84275
[2023-08-15 22:39:00.552] [info]  -- Start time = Tue Aug 15 22:39:00 2023
[2023-08-15 22:39:00.553] [info] --------------------------------------------
[2023-08-15 22:39:00.553] [info] 
[2023-08-15 22:39:00.560] [info] CMC::computeControls, t = 0.18854
[2023-08-15 22:39:00.613] [info] CMC::computeControls, t = 0.18954
[2023-08-15 22:39:00.613] [warning] Coordinate.setValue:  coordinate subtalar_angle_r is locked. Unable to change its value.
[2023-08-15 22:39:00.613] [warning] Coordinate.setValue:  coordinate mtp_angle_r is locked. Unable to change its value.
[2023-08-15 22:39:00.613] [warning] Coordinate.setValue:  coordinate subtalar_angle_l is locked. Unable to change its value.
[2023-08-15 22:39:00.613] [warning] Coordinate.setValue:  coordinate mtp_angle_l is locked. Unable to change its value.
[2023-08-15 22:39:00.614] [warning] Coordinate.setValue:  coordinate wrist_flex_r is locked. Unable to change its value.
[2023-08-15 22:39:00.614] [warning] Coordinate.setValue:  coordinate wrist_dev_r is locked. Unable to change its value.
[2023-08-15 22:39:00.614] [warning] Coordinate.setValue:  coordinate wrist_flex_l is locked. Unable to change its value.
[2023-08-15 22:39:00.614] [warning] Coordinate.setValue:  coordinate wrist_dev_l is locked. Unable to change its value.
[2023-08-15 22:39:00.642] [info] CMC::computeControls, t = 0.190540
[2023-08-15 22:39:00.659] [info] CMC::computeControls, t = 0.19154
[2023-08-15 22:39:00.680] [info] CMC::computeControls, t = 0.19254
[2023-08-15 22:39:00.698] [info] CMC::computeControls, t = 0.19354
[2023-08-15 22:39:00.724] [info] CMC::computeControls, t = 0.19454
[2023-08-15 22:39:00.740] [info] CMC::computeControls, t = 0.19554
[2023-08-15 22:39:00.761] [info] CMC::computeControls, t = 0.19654
[2023-08-15 22:39:00.786] [info] CMC::computeControls, t = 0.19754
[2023-08-15 22:39:00.803] [info] CMC::computeControls, t = 0.19854
[2023-08-15 22:39:00.825] [info] CMC::computeControls, t = 0.19954
[2023-08-15 22:39:00.850] [info] CMC::computeControls, t = 0.200540
[2023-08-15 22:39:00.877] [info] CMC::computeControls, t = 0.201540
[2023-08-15 22:39:00.896] [info] CMC::computeControls, t = 0.202540
[2023-08-15 22:39:00.918] [info] CMC::computeControls, t = 0.203540
[2023-08-15 22:39:00.949] [info] CMC::computeControls, t = 0.204540
[2023-08-15 22:39:00.977] [info] CMC::computeControls, t = 0.205540
[2023-08-15 22:39:01.002] [info] CMC::computeControls, t = 0.206540
[2023-08-15 22:39:01.025] [info] CMC::computeControls, t = 0.207540
[2023-08-15 22:39:01.054] [info] CMC::computeControls, t = 0.208540
[2023-08-15 22:39:01.079] [info] CMC::computeControls, t = 0.209540
[2023-08-15 22:39:01.096] [info] CMC::computeControls, t = 0.210540
[2023-08-15 22:39:01.112] [info] CMC::computeControls, t = 0.21154
[2023-08-15 22:39:01.139] [info] CMC::computeControls, t = 0.21254
[2023-08-15 22:39:01.161] [info] CMC::computeControls, t = 0.21354
[2023-08-15 22:39:01.184] [info] CMC::computeControls, t = 0.21454
[2023-08-15 22:39:01.212] [info] CMC::computeControls, t = 0.21554
[2023-08-15 22:39:01.227] [info] CMC::computeControls, t = 0.21654
[2023-08-15 22:39:01.242] [info] CMC::computeControls, t = 0.21754
[2023-08-15 22:39:01.258] [info] CMC::computeControls, t = 0.21854
[2023-08-15 22:39:01.279] [info] CMC::computeControls, t = 0.21954
[2023-08-15 22:39:01.307] [info] CMC::computeControls, t = 0.220540
[2023-08-15 22:39:01.335] [info] CMC::computeControls, t = 0.22154
[2023-08-15 22:39:01.369] [info] CMC::computeControls, t = 0.22254
[2023-08-15 22:39:01.385] [info] CMC::computeControls, t = 0.22354
[2023-08-15 22:39:01.400] [info] CMC::computeControls, t = 0.22454
[2023-08-15 22:39:01.428] [info] CMC::computeControls, t = 0.22554
[2023-08-15 22:39:01.443] [info] CMC::computeControls, t = 0.22654
[2023-08-15 22:39:01.468] [info] CMC::computeControls, t = 0.22754
[2023-08-15 22:39:01.489] [info] CMC::computeControls, t = 0.22854
[2023-08-15 22:39:01.514] [info] CMC::computeControls, t = 0.22954
[2023-08-15 22:39:01.532] [info] CMC::computeControls, t = 0.230540
[2023-08-15 22:39:01.553] [info] CMC::computeControls, t = 0.23154
[2023-08-15 22:39:01.576] [info] CMC::computeControls, t = 0.23254
[2023-08-15 22:39:01.598] [info] CMC::computeControls, t = 0.23354
[2023-08-15 22:39:01.623] [info] CMC::computeControls, t = 0.23454
[2023-08-15 22:39:01.641] [info] CMC::computeControls, t = 0.23554
[2023-08-15 22:39:01.662] [info] CMC::computeControls, t = 0.23654
[2023-08-15 22:39:01.686] [info] CMC::computeControls, t = 0.23754
[2023-08-15 22:39:01.709] [info] CMC::computeControls, t = 0.23854
[2023-08-15 22:39:01.729] [info] CMC::computeControls, t = 0.23954
[2023-08-15 22:39:01.759] [info] CMC::computeControls, t = 0.240540
[2023-08-15 22:39:01.777] [info] CMC::computeControls, t = 0.24154
[2023-08-15 22:39:01.793] [info] CMC::computeControls, t = 0.24254
[2023-08-15 22:39:01.819] [info] CMC::computeControls, t = 0.24354
[2023-08-15 22:39:01.839] [info] CMC::computeControls, t = 0.24454
[2023-08-15 22:39:01.863] [info] CMC::computeControls, t = 0.24554
[2023-08-15 22:39:01.897] [info] CMC::computeControls, t = 0.24654
[2023-08-15 22:39:01.930] [info] CMC::computeControls, t = 0.24754
[2023-08-15 22:39:01.976] [info] CMC::computeControls, t = 0.24854
[2023-08-15 22:39:02.003] [info] CMC::computeControls, t = 0.24954
[2023-08-15 22:39:02.023] [info] CMC::computeControls, t = 0.250540
[2023-08-15 22:39:02.057] [info] CMC::computeControls, t = 0.25154
[2023-08-15 22:39:02.075] [info] CMC::computeControls, t = 0.25254
[2023-08-15 22:39:02.109] [info] CMC::computeControls, t = 0.25354
[2023-08-15 22:39:02.124] [info] CMC::computeControls, t = 0.25454
[2023-08-15 22:39:02.152] [info] CMC::computeControls, t = 0.25554
[2023-08-15 22:39:02.172] [info] CMC::computeControls, t = 0.25654
[2023-08-15 22:39:02.190] [info] CMC::computeControls, t = 0.25754
[2023-08-15 22:39:02.214] [info] CMC::computeControls, t = 0.25854
[2023-08-15 22:39:02.236] [info] CMC::computeControls, t = 0.25954
[2023-08-15 22:39:02.251] [info] CMC::computeControls, t = 0.260540
[2023-08-15 22:39:02.275] [info] CMC::computeControls, t = 0.26154
[2023-08-15 22:39:02.299] [info] CMC::computeControls, t = 0.26254
[2023-08-15 22:39:02.315] [info] CMC::computeControls, t = 0.26354
[2023-08-15 22:39:02.340] [info] CMC::computeControls, t = 0.26454
[2023-08-15 22:39:02.358] [info] CMC::computeControls, t = 0.26554
[2023-08-15 22:39:02.377] [info] CMC::computeControls, t = 0.26654
[2023-08-15 22:39:02.402] [info] CMC::computeControls, t = 0.26754
[2023-08-15 22:39:02.425] [info] CMC::computeControls, t = 0.26854
[2023-08-15 22:39:02.452] [info] CMC::computeControls, t = 0.26954
[2023-08-15 22:39:02.483] [info] CMC::computeControls, t = 0.270540
[2023-08-15 22:39:02.499] [info] CMC::computeControls, t = 0.27154
[2023-08-15 22:39:02.515] [info] CMC::computeControls, t = 0.27254
[2023-08-15 22:39:02.540] [info] CMC::computeControls, t = 0.27354
[2023-08-15 22:39:02.556] [info] CMC::computeControls, t = 0.27454
[2023-08-15 22:39:02.574] [info] CMC::computeControls, t = 0.27554
[2023-08-15 22:39:02.589] [info] CMC::computeControls, t = 0.27654
[2023-08-15 22:39:02.614] [info] CMC::computeControls, t = 0.27754
[2023-08-15 22:39:02.630] [info] CMC::computeControls, t = 0.27854
[2023-08-15 22:39:02.657] [info] CMC::computeControls, t = 0.27954
[2023-08-15 22:39:02.685] [info] CMC::computeControls, t = 0.280540
[2023-08-15 22:39:02.715] [info] CMC::computeControls, t = 0.28154
[2023-08-15 22:39:02.748] [info] CMC::computeControls, t = 0.28254
[2023-08-15 22:39:02.763] [info] CMC::computeControls, t = 0.28354
[2023-08-15 22:39:02.792] [info] CMC::computeControls, t = 0.28454
[2023-08-15 22:39:02.813] [info] CMC::computeControls, t = 0.28554
[2023-08-15 22:39:02.841] [info] CMC::computeControls, t = 0.28654
[2023-08-15 22:39:02.867] [info] CMC::computeControls, t = 0.28754
[2023-08-15 22:39:02.898] [info] CMC::computeControls, t = 0.28854
[2023-08-15 22:39:02.916] [info] CMC::computeControls, t = 0.28954
[2023-08-15 22:39:02.938] [info] CMC::computeControls, t = 0.290540
[2023-08-15 22:39:02.959] [info] CMC::computeControls, t = 0.29154
[2023-08-15 22:39:02.991] [info] CMC::computeControls, t = 0.29254
[2023-08-15 22:39:03.014] [info] CMC::computeControls, t = 0.29354
[2023-08-15 22:39:03.052] [info] CMC::computeControls, t = 0.29454
[2023-08-15 22:39:03.086] [info] CMC::computeControls, t = 0.29554
[2023-08-15 22:39:03.127] [info] CMC::computeControls, t = 0.29654
[2023-08-15 22:39:03.167] [info] CMC::computeControls, t = 0.29754
[2023-08-15 22:39:03.191] [info] CMC::computeControls, t = 0.29854
[2023-08-15 22:39:03.213] [info] CMC::computeControls, t = 0.29954
[2023-08-15 22:39:03.255] [info] CMC::computeControls, t = 0.300540
[2023-08-15 22:39:03.289] [info] CMC::computeControls, t = 0.301540
[2023-08-15 22:39:03.325] [info] CMC::computeControls, t = 0.302540
[2023-08-15 22:39:03.359] [info] CMC::computeControls, t = 0.303540
[2023-08-15 22:39:03.387] [info] CMC::computeControls, t = 0.304540
[2023-08-15 22:39:03.409] [info] CMC::computeControls, t = 0.305540
[2023-08-15 22:39:03.435] [info] CMC::computeControls, t = 0.306540
[2023-08-15 22:39:03.451] [info] CMC::computeControls, t = 0.307540
[2023-08-15 22:39:03.477] [info] CMC::computeControls, t = 0.308540
[2023-08-15 22:39:03.497] [info] CMC::computeControls, t = 0.309540
[2023-08-15 22:39:03.512] [info] CMC::computeControls, t = 0.310540
[2023-08-15 22:39:03.546] [info] CMC::computeControls, t = 0.31154
[2023-08-15 22:39:03.581] [info] CMC::computeControls, t = 0.31254
[2023-08-15 22:39:03.608] [info] CMC::computeControls, t = 0.31354
[2023-08-15 22:39:03.638] [info] CMC::computeControls, t = 0.31454
[2023-08-15 22:39:03.674] [info] CMC::computeControls, t = 0.31554
[2023-08-15 22:39:03.706] [info] CMC::computeControls, t = 0.31654
[2023-08-15 22:39:03.728] [info] CMC::computeControls, t = 0.31754
[2023-08-15 22:39:03.758] [info] CMC::computeControls, t = 0.31854
[2023-08-15 22:39:03.786] [info] CMC::computeControls, t = 0.31954
[2023-08-15 22:39:03.813] [info] CMC::computeControls, t = 0.320540
[2023-08-15 22:39:03.832] [info] CMC::computeControls, t = 0.32154
[2023-08-15 22:39:03.856] [info] CMC::computeControls, t = 0.32254
[2023-08-15 22:39:03.884] [info] CMC::computeControls, t = 0.32354
[2023-08-15 22:39:03.906] [info] CMC::computeControls, t = 0.32454
[2023-08-15 22:39:03.926] [info] CMC::computeControls, t = 0.32554
[2023-08-15 22:39:03.941] [info] CMC::computeControls, t = 0.32654
[2023-08-15 22:39:03.959] [info] CMC::computeControls, t = 0.32754
[2023-08-15 22:39:03.980] [info] CMC::computeControls, t = 0.32854
[2023-08-15 22:39:04.004] [info] CMC::computeControls, t = 0.32954
[2023-08-15 22:39:04.032] [info] CMC::computeControls, t = 0.330540
[2023-08-15 22:39:04.064] [info] CMC::computeControls, t = 0.33154
[2023-08-15 22:39:04.085] [info] CMC::computeControls, t = 0.33254
[2023-08-15 22:39:04.115] [info] CMC::computeControls, t = 0.33354
[2023-08-15 22:39:04.153] [info] CMC::computeControls, t = 0.33454
[2023-08-15 22:39:04.169] [info] CMC::computeControls, t = 0.33554
[2023-08-15 22:39:04.207] [info] CMC::computeControls, t = 0.33654
[2023-08-15 22:39:04.238] [info] CMC::computeControls, t = 0.33754
[2023-08-15 22:39:04.263] [info] CMC::computeControls, t = 0.33854
[2023-08-15 22:39:04.299] [info] CMC::computeControls, t = 0.33954
[2023-08-15 22:39:04.317] [info] CMC::computeControls, t = 0.340540
[2023-08-15 22:39:04.334] [info] CMC::computeControls, t = 0.34154
[2023-08-15 22:39:04.361] [info] CMC::computeControls, t = 0.34254
[2023-08-15 22:39:04.377] [info] CMC::computeControls, t = 0.34354
[2023-08-15 22:39:04.392] [info] CMC::computeControls, t = 0.34454
[2023-08-15 22:39:04.407] [info] CMC::computeControls, t = 0.34554
[2023-08-15 22:39:04.439] [info] CMC::computeControls, t = 0.34654
[2023-08-15 22:39:04.458] [info] CMC::computeControls, t = 0.34754
[2023-08-15 22:39:04.493] [info] CMC::computeControls, t = 0.34854
[2023-08-15 22:39:04.524] [info] CMC::computeControls, t = 0.34954
[2023-08-15 22:39:04.540] [info] CMC::computeControls, t = 0.350540
[2023-08-15 22:39:04.567] [info] CMC::computeControls, t = 0.35154
[2023-08-15 22:39:04.590] [info] CMC::computeControls, t = 0.35254
[2023-08-15 22:39:04.606] [info] CMC::computeControls, t = 0.35354
[2023-08-15 22:39:04.625] [info] CMC::computeControls, t = 0.35454
[2023-08-15 22:39:04.650] [info] CMC::computeControls, t = 0.35554
[2023-08-15 22:39:04.665] [info] CMC::computeControls, t = 0.35654
[2023-08-15 22:39:04.684] [info] CMC::computeControls, t = 0.35754
[2023-08-15 22:39:04.701] [info] CMC::computeControls, t = 0.35854
[2023-08-15 22:39:04.752] [info] CMC::computeControls, t = 0.35954
[2023-08-15 22:39:04.789] [info] CMC::computeControls, t = 0.360540
[2023-08-15 22:39:04.815] [info] CMC::computeControls, t = 0.36154
[2023-08-15 22:39:04.831] [info] CMC::computeControls, t = 0.36254
[2023-08-15 22:39:04.850] [info] CMC::computeControls, t = 0.36354
[2023-08-15 22:39:04.874] [info] CMC::computeControls, t = 0.36454
[2023-08-15 22:39:04.889] [info] CMC::computeControls, t = 0.36554
[2023-08-15 22:39:04.925] [info] CMC::computeControls, t = 0.36654
[2023-08-15 22:39:04.950] [info] CMC::computeControls, t = 0.36754
[2023-08-15 22:39:04.966] [info] CMC::computeControls, t = 0.36854
[2023-08-15 22:39:04.995] [info] CMC::computeControls, t = 0.36954
[2023-08-15 22:39:05.010] [info] CMC::computeControls, t = 0.370540
[2023-08-15 22:39:05.026] [info] CMC::computeControls, t = 0.37154
[2023-08-15 22:39:05.055] [info] CMC::computeControls, t = 0.37254
[2023-08-15 22:39:05.071] [info] CMC::computeControls, t = 0.37354
[2023-08-15 22:39:05.086] [info] CMC::computeControls, t = 0.37454
[2023-08-15 22:39:05.102] [info] CMC::computeControls, t = 0.37554
[2023-08-15 22:39:05.126] [info] CMC::computeControls, t = 0.37654
[2023-08-15 22:39:05.145] [info] CMC::computeControls, t = 0.37754
[2023-08-15 22:39:05.171] [info] CMC::computeControls, t = 0.37854
[2023-08-15 22:39:05.188] [info] CMC::computeControls, t = 0.37954
[2023-08-15 22:39:05.205] [info] CMC::computeControls, t = 0.380540
[2023-08-15 22:39:05.228] [info] CMC::computeControls, t = 0.38154
[2023-08-15 22:39:05.246] [info] CMC::computeControls, t = 0.38254
[2023-08-15 22:39:05.262] [info] CMC::computeControls, t = 0.38354
[2023-08-15 22:39:05.296] [info] CMC::computeControls, t = 0.38454
[2023-08-15 22:39:05.315] [info] CMC::computeControls, t = 0.38554
[2023-08-15 22:39:05.335] [info] CMC::computeControls, t = 0.38654
[2023-08-15 22:39:05.354] [info] CMC::computeControls, t = 0.38754
[2023-08-15 22:39:05.380] [info] CMC::computeControls, t = 0.38854
[2023-08-15 22:39:05.406] [info] CMC::computeControls, t = 0.38954
[2023-08-15 22:39:05.435] [info] CMC::computeControls, t = 0.390540
[2023-08-15 22:39:05.462] [info] CMC::computeControls, t = 0.39154
[2023-08-15 22:39:05.487] [info] CMC::computeControls, t = 0.39254
[2023-08-15 22:39:05.525] [info] CMC::computeControls, t = 0.39354
[2023-08-15 22:39:05.551] [info] CMC::computeControls, t = 0.39454
[2023-08-15 22:39:05.582] [info] CMC::computeControls, t = 0.39554
[2023-08-15 22:39:05.621] [info] CMC::computeControls, t = 0.39654
[2023-08-15 22:39:05.657] [info] CMC::computeControls, t = 0.39754
[2023-08-15 22:39:05.683] [info] CMC::computeControls, t = 0.39854
[2023-08-15 22:39:05.705] [info] CMC::computeControls, t = 0.39954
[2023-08-15 22:39:05.740] [info] CMC::computeControls, t = 0.400540
[2023-08-15 22:39:05.772] [info] CMC::computeControls, t = 0.401540
[2023-08-15 22:39:05.807] [info] CMC::computeControls, t = 0.402540
[2023-08-15 22:39:05.844] [info] CMC::computeControls, t = 0.403540
[2023-08-15 22:39:05.881] [info] CMC::computeControls, t = 0.404540
[2023-08-15 22:39:05.901] [info] CMC::computeControls, t = 0.405540
[2023-08-15 22:39:05.920] [info] CMC::computeControls, t = 0.406540
[2023-08-15 22:39:05.950] [info] CMC::computeControls, t = 0.407540
[2023-08-15 22:39:05.965] [info] CMC::computeControls, t = 0.408540
[2023-08-15 22:39:05.986] [info] CMC::computeControls, t = 0.409540
[2023-08-15 22:39:06.004] [info] CMC::computeControls, t = 0.410540
[2023-08-15 22:39:06.019] [info] CMC::computeControls, t = 0.41154
[2023-08-15 22:39:06.041] [info] CMC::computeControls, t = 0.41254
[2023-08-15 22:39:06.059] [info] CMC::computeControls, t = 0.41354
[2023-08-15 22:39:06.078] [info] CMC::computeControls, t = 0.41454
[2023-08-15 22:39:06.108] [info] CMC::computeControls, t = 0.41554
[2023-08-15 22:39:06.135] [info] CMC::computeControls, t = 0.41654
[2023-08-15 22:39:06.156] [info] CMC::computeControls, t = 0.41754
[2023-08-15 22:39:06.176] [info] CMC::computeControls, t = 0.41854
[2023-08-15 22:39:06.206] [info] CMC::computeControls, t = 0.41954
[2023-08-15 22:39:06.240] [info] CMC::computeControls, t = 0.420540
[2023-08-15 22:39:06.277] [info] CMC::computeControls, t = 0.42154
[2023-08-15 22:39:06.301] [info] CMC::computeControls, t = 0.42254
[2023-08-15 22:39:06.317] [info] CMC::computeControls, t = 0.42354
[2023-08-15 22:39:06.345] [info] CMC::computeControls, t = 0.42454
[2023-08-15 22:39:06.387] [info] CMC::computeControls, t = 0.42554
[2023-08-15 22:39:06.409] [info] CMC::computeControls, t = 0.42654
[2023-08-15 22:39:06.425] [info] CMC::computeControls, t = 0.42754
[2023-08-15 22:39:06.441] [info] CMC::computeControls, t = 0.42854
[2023-08-15 22:39:06.477] [info] CMC::computeControls, t = 0.42954
[2023-08-15 22:39:06.512] [info] CMC::computeControls, t = 0.430540
[2023-08-15 22:39:06.541] [info] CMC::computeControls, t = 0.43154
[2023-08-15 22:39:06.565] [info] CMC::computeControls, t = 0.43254
[2023-08-15 22:39:06.596] [info] CMC::computeControls, t = 0.43354
[2023-08-15 22:39:06.622] [info] CMC::computeControls, t = 0.43454
[2023-08-15 22:39:06.638] [info] CMC::computeControls, t = 0.43554
[2023-08-15 22:39:06.658] [info] CMC::computeControls, t = 0.43654
[2023-08-15 22:39:06.685] [info] CMC::computeControls, t = 0.43754
[2023-08-15 22:39:06.706] [info] CMC::computeControls, t = 0.43854
[2023-08-15 22:39:06.732] [info] CMC::computeControls, t = 0.43954
[2023-08-15 22:39:06.754] [info] CMC::computeControls, t = 0.440540
[2023-08-15 22:39:06.787] [info] CMC::computeControls, t = 0.44154
[2023-08-15 22:39:06.818] [info] CMC::computeControls, t = 0.44254
[2023-08-15 22:39:06.833] [info] CMC::computeControls, t = 0.44354
[2023-08-15 22:39:06.853] [info] CMC::computeControls, t = 0.44454
[2023-08-15 22:39:06.870] [info] CMC::computeControls, t = 0.44554
[2023-08-15 22:39:06.895] [info] CMC::computeControls, t = 0.44654
[2023-08-15 22:39:06.921] [info] CMC::computeControls, t = 0.44754
[2023-08-15 22:39:06.952] [info] CMC::computeControls, t = 0.44854
[2023-08-15 22:39:06.986] [info] CMC::computeControls, t = 0.44954
[2023-08-15 22:39:07.020] [info] CMC::computeControls, t = 0.450540
[2023-08-15 22:39:07.047] [info] CMC::computeControls, t = 0.45154
[2023-08-15 22:39:07.076] [info] CMC::computeControls, t = 0.45254
[2023-08-15 22:39:07.119] [info] CMC::computeControls, t = 0.45354
[2023-08-15 22:39:07.151] [info] CMC::computeControls, t = 0.45454
[2023-08-15 22:39:07.174] [info] CMC::computeControls, t = 0.45554
[2023-08-15 22:39:07.190] [info] CMC::computeControls, t = 0.45654
[2023-08-15 22:39:07.221] [info] CMC::computeControls, t = 0.45754
[2023-08-15 22:39:07.244] [info] CMC::computeControls, t = 0.45854
[2023-08-15 22:39:07.267] [info] CMC::computeControls, t = 0.45954
[2023-08-15 22:39:07.293] [info] CMC::computeControls, t = 0.460540
[2023-08-15 22:39:07.309] [info] CMC::computeControls, t = 0.46154
[2023-08-15 22:39:07.325] [info] CMC::computeControls, t = 0.46254
[2023-08-15 22:39:07.351] [info] CMC::computeControls, t = 0.46354
[2023-08-15 22:39:07.377] [info] CMC::computeControls, t = 0.46454
[2023-08-15 22:39:07.403] [info] CMC::computeControls, t = 0.46554
[2023-08-15 22:39:07.419] [info] CMC::computeControls, t = 0.46654
[2023-08-15 22:39:07.443] [info] CMC::computeControls, t = 0.46754
[2023-08-15 22:39:07.458] [info] CMC::computeControls, t = 0.46854
[2023-08-15 22:39:07.494] [info] CMC::computeControls, t = 0.46954
[2023-08-15 22:39:07.533] [info] CMC::computeControls, t = 0.470540
[2023-08-15 22:39:07.555] [info] CMC::computeControls, t = 0.47154
[2023-08-15 22:39:07.571] [info] CMC::computeControls, t = 0.47254
[2023-08-15 22:39:07.587] [info] CMC::computeControls, t = 0.47354
[2023-08-15 22:39:07.606] [info] CMC::computeControls, t = 0.47454
[2023-08-15 22:39:07.628] [info] CMC::computeControls, t = 0.47554
[2023-08-15 22:39:07.660] [info] CMC::computeControls, t = 0.47654
[2023-08-15 22:39:07.694] [info] CMC::computeControls, t = 0.47754
[2023-08-15 22:39:07.725] [info] CMC::computeControls, t = 0.47854
[2023-08-15 22:39:07.750] [info] CMC::computeControls, t = 0.47954
[2023-08-15 22:39:07.786] [info] CMC::computeControls, t = 0.480540
[2023-08-15 22:39:07.812] [info] CMC::computeControls, t = 0.48154
[2023-08-15 22:39:07.844] [info] CMC::computeControls, t = 0.48254
[2023-08-15 22:39:07.872] [info] CMC::computeControls, t = 0.48354
[2023-08-15 22:39:07.900] [info] CMC::computeControls, t = 0.48454
[2023-08-15 22:39:07.931] [info] CMC::computeControls, t = 0.48554
[2023-08-15 22:39:07.960] [info] CMC::computeControls, t = 0.48654
[2023-08-15 22:39:07.976] [info] CMC::computeControls, t = 0.48754
[2023-08-15 22:39:08.000] [info] CMC::computeControls, t = 0.48854
[2023-08-15 22:39:08.015] [info] CMC::computeControls, t = 0.48954
[2023-08-15 22:39:08.030] [info] CMC::computeControls, t = 0.490540
[2023-08-15 22:39:08.058] [info] CMC::computeControls, t = 0.49154
[2023-08-15 22:39:08.088] [info] CMC::computeControls, t = 0.49254
[2023-08-15 22:39:08.118] [info] CMC::computeControls, t = 0.49354
[2023-08-15 22:39:08.153] [info] CMC::computeControls, t = 0.49454
[2023-08-15 22:39:08.191] [info] CMC::computeControls, t = 0.49554
[2023-08-15 22:39:08.235] [info] CMC::computeControls, t = 0.49654
[2023-08-15 22:39:08.251] [info] CMC::computeControls, t = 0.49754
[2023-08-15 22:39:08.277] [info] CMC::computeControls, t = 0.49854
[2023-08-15 22:39:08.298] [info] CMC::computeControls, t = 0.49954
[2023-08-15 22:39:08.323] [info] CMC::computeControls, t = 0.500540
[2023-08-15 22:39:08.361] [info] CMC::computeControls, t = 0.501540
[2023-08-15 22:39:08.394] [info] CMC::computeControls, t = 0.502540
[2023-08-15 22:39:08.410] [info] CMC::computeControls, t = 0.503540
[2023-08-15 22:39:08.436] [info] CMC::computeControls, t = 0.504540
[2023-08-15 22:39:08.458] [info] CMC::computeControls, t = 0.505540
[2023-08-15 22:39:08.479] [info] CMC::computeControls, t = 0.506540
[2023-08-15 22:39:08.501] [info] CMC::computeControls, t = 0.507540
[2023-08-15 22:39:08.520] [info] CMC::computeControls, t = 0.508540
[2023-08-15 22:39:08.553] [info] CMC::computeControls, t = 0.509540
[2023-08-15 22:39:08.584] [info] CMC::computeControls, t = 0.510540
[2023-08-15 22:39:08.603] [info] CMC::computeControls, t = 0.51154
[2023-08-15 22:39:08.623] [info] CMC::computeControls, t = 0.51254
[2023-08-15 22:39:08.662] [info] CMC::computeControls, t = 0.51354
[2023-08-15 22:39:08.690] [info] CMC::computeControls, t = 0.51454
[2023-08-15 22:39:08.719] [info] CMC::computeControls, t = 0.51554
[2023-08-15 22:39:08.753] [info] CMC::computeControls, t = 0.51654
[2023-08-15 22:39:08.776] [info] CMC::computeControls, t = 0.51754
[2023-08-15 22:39:08.810] [info] CMC::computeControls, t = 0.51854
[2023-08-15 22:39:08.849] [info] CMC::computeControls, t = 0.51954
[2023-08-15 22:39:08.880] [info] CMC::computeControls, t = 0.520540
[2023-08-15 22:39:08.909] [info] CMC::computeControls, t = 0.52154
[2023-08-15 22:39:08.945] [info] CMC::computeControls, t = 0.52254
[2023-08-15 22:39:08.978] [info] CMC::computeControls, t = 0.52354
[2023-08-15 22:39:09.005] [info] CMC::computeControls, t = 0.52454
[2023-08-15 22:39:09.038] [info] CMC::computeControls, t = 0.52554
[2023-08-15 22:39:09.076] [info] CMC::computeControls, t = 0.52654
[2023-08-15 22:39:09.104] [info] CMC::computeControls, t = 0.52754
[2023-08-15 22:39:09.130] [info] CMC::computeControls, t = 0.52854
[2023-08-15 22:39:09.148] [info] CMC::computeControls, t = 0.52954
[2023-08-15 22:39:09.164] [info] CMC::computeControls, t = 0.530540
[2023-08-15 22:39:09.179] [info] CMC::computeControls, t = 0.53154
[2023-08-15 22:39:09.202] [info] CMC::computeControls, t = 0.53254
[2023-08-15 22:39:09.234] [info] CMC::computeControls, t = 0.53354
[2023-08-15 22:39:09.272] [info] CMC::computeControls, t = 0.53454
[2023-08-15 22:39:09.293] [info] CMC::computeControls, t = 0.53554
[2023-08-15 22:39:09.317] [info] CMC::computeControls, t = 0.53654
[2023-08-15 22:39:09.355] [info] CMC::computeControls, t = 0.53754
[2023-08-15 22:39:09.384] [info] CMC::computeControls, t = 0.53854
[2023-08-15 22:39:09.405] [info] CMC::computeControls, t = 0.53954
[2023-08-15 22:39:09.430] [info] CMC::computeControls, t = 0.540540
[2023-08-15 22:39:09.456] [info] CMC::computeControls, t = 0.54154
[2023-08-15 22:39:09.481] [info] CMC::computeControls, t = 0.54254
[2023-08-15 22:39:09.512] [info] CMC::computeControls, t = 0.54354
[2023-08-15 22:39:09.539] [info] CMC::computeControls, t = 0.54454
[2023-08-15 22:39:09.568] [info] CMC::computeControls, t = 0.54554
[2023-08-15 22:39:09.593] [info] CMC::computeControls, t = 0.54654
[2023-08-15 22:39:09.617] [info] CMC::computeControls, t = 0.54754
[2023-08-15 22:39:09.640] [info] CMC::computeControls, t = 0.54854
[2023-08-15 22:39:09.670] [info] CMC::computeControls, t = 0.54954
[2023-08-15 22:39:09.685] [info] CMC::computeControls, t = 0.550540
[2023-08-15 22:39:09.702] [info] CMC::computeControls, t = 0.55154
[2023-08-15 22:39:09.730] [info] CMC::computeControls, t = 0.55254
[2023-08-15 22:39:09.753] [info] CMC::computeControls, t = 0.55354
[2023-08-15 22:39:09.790] [info] CMC::computeControls, t = 0.55454
[2023-08-15 22:39:09.809] [info] CMC::computeControls, t = 0.55554
[2023-08-15 22:39:09.839] [info] CMC::computeControls, t = 0.55654
[2023-08-15 22:39:09.861] [info] CMC::computeControls, t = 0.55754
[2023-08-15 22:39:09.897] [info] CMC::computeControls, t = 0.55854
[2023-08-15 22:39:09.924] [info] CMC::computeControls, t = 0.55954
[2023-08-15 22:39:09.944] [info] CMC::computeControls, t = 0.560540
[2023-08-15 22:39:09.982] [info] CMC::computeControls, t = 0.56154
[2023-08-15 22:39:10.019] [info] CMC::computeControls, t = 0.56254
[2023-08-15 22:39:10.056] [info] CMC::computeControls, t = 0.56354
[2023-08-15 22:39:10.082] [info] CMC::computeControls, t = 0.56454
[2023-08-15 22:39:10.115] [info] CMC::computeControls, t = 0.56554
[2023-08-15 22:39:10.153] [info] CMC::computeControls, t = 0.56654
[2023-08-15 22:39:10.175] [info] CMC::computeControls, t = 0.56754
[2023-08-15 22:39:10.196] [info] CMC::computeControls, t = 0.56854
[2023-08-15 22:39:10.223] [info] CMC::computeControls, t = 0.56954
[2023-08-15 22:39:10.239] [info] CMC::computeControls, t = 0.570540
[2023-08-15 22:39:10.271] [info] CMC::computeControls, t = 0.57154
[2023-08-15 22:39:10.293] [info] CMC::computeControls, t = 0.57254
[2023-08-15 22:39:10.322] [info] CMC::computeControls, t = 0.57354
[2023-08-15 22:39:10.346] [info] CMC::computeControls, t = 0.57454
[2023-08-15 22:39:10.361] [info] CMC::computeControls, t = 0.57554
[2023-08-15 22:39:10.385] [info] CMC::computeControls, t = 0.57654
[2023-08-15 22:39:10.406] [info] CMC::computeControls, t = 0.57754
[2023-08-15 22:39:10.425] [info] CMC::computeControls, t = 0.57854
[2023-08-15 22:39:10.441] [info] CMC::computeControls, t = 0.57954
[2023-08-15 22:39:10.459] [info] CMC::computeControls, t = 0.580540
[2023-08-15 22:39:10.498] [info] CMC::computeControls, t = 0.58154
[2023-08-15 22:39:10.524] [info] CMC::computeControls, t = 0.58254
[2023-08-15 22:39:10.540] [info] CMC::computeControls, t = 0.58354
[2023-08-15 22:39:10.558] [info] CMC::computeControls, t = 0.58454
[2023-08-15 22:39:10.573] [info] CMC::computeControls, t = 0.58554
[2023-08-15 22:39:10.589] [info] CMC::computeControls, t = 0.58654
[2023-08-15 22:39:10.604] [info] CMC::computeControls, t = 0.58754
[2023-08-15 22:39:10.632] [info] CMC::computeControls, t = 0.58854
[2023-08-15 22:39:10.650] [info] CMC::computeControls, t = 0.58954
[2023-08-15 22:39:10.665] [info] CMC::computeControls, t = 0.590540
[2023-08-15 22:39:10.691] [info] CMC::computeControls, t = 0.59154
[2023-08-15 22:39:10.707] [info] CMC::computeControls, t = 0.59254
[2023-08-15 22:39:10.732] [info] CMC::computeControls, t = 0.59354
[2023-08-15 22:39:10.777] [info] CMC::computeControls, t = 0.59454
[2023-08-15 22:39:10.809] [info] CMC::computeControls, t = 0.59554
[2023-08-15 22:39:10.834] [info] CMC::computeControls, t = 0.59654
[2023-08-15 22:39:10.857] [info] CMC::computeControls, t = 0.59754
[2023-08-15 22:39:10.893] [info] CMC::computeControls, t = 0.59854
[2023-08-15 22:39:10.916] [info] CMC::computeControls, t = 0.59954
[2023-08-15 22:39:10.942] [info] CMC::computeControls, t = 0.600540
[2023-08-15 22:39:10.965] [info] CMC::computeControls, t = 0.601540
[2023-08-15 22:39:10.997] [info] CMC::computeControls, t = 0.602540
[2023-08-15 22:39:11.023] [info] CMC::computeControls, t = 0.603540
[2023-08-15 22:39:11.042] [info] CMC::computeControls, t = 0.604540
[2023-08-15 22:39:11.072] [info] CMC::computeControls, t = 0.605540
[2023-08-15 22:39:11.103] [info] CMC::computeControls, t = 0.606540
[2023-08-15 22:39:11.127] [info] CMC::computeControls, t = 0.607540
[2023-08-15 22:39:11.156] [info] CMC::computeControls, t = 0.608540
[2023-08-15 22:39:11.185] [info] CMC::computeControls, t = 0.609540
[2023-08-15 22:39:11.208] [info] CMC::computeControls, t = 0.610540
[2023-08-15 22:39:11.237] [info] CMC::computeControls, t = 0.61154
[2023-08-15 22:39:11.257] [info] CMC::computeControls, t = 0.61254
[2023-08-15 22:39:11.282] [info] CMC::computeControls, t = 0.61354
[2023-08-15 22:39:11.308] [info] CMC::computeControls, t = 0.61454
[2023-08-15 22:39:11.331] [info] CMC::computeControls, t = 0.61554
[2023-08-15 22:39:11.361] [info] CMC::computeControls, t = 0.61654
[2023-08-15 22:39:11.383] [info] CMC::computeControls, t = 0.61754
[2023-08-15 22:39:11.411] [info] CMC::computeControls, t = 0.61854
[2023-08-15 22:39:11.442] [info] CMC::computeControls, t = 0.61954
[2023-08-15 22:39:11.464] [info] CMC::computeControls, t = 0.620540
[2023-08-15 22:39:11.481] [info] CMC::computeControls, t = 0.62154
[2023-08-15 22:39:11.501] [info] CMC::computeControls, t = 0.62254
[2023-08-15 22:39:11.525] [info] CMC::computeControls, t = 0.62354
[2023-08-15 22:39:11.561] [info] CMC::computeControls, t = 0.62454
[2023-08-15 22:39:11.584] [info] CMC::computeControls, t = 0.62554
[2023-08-15 22:39:11.603] [info] CMC::computeControls, t = 0.62654
[2023-08-15 22:39:11.629] [info] CMC::computeControls, t = 0.62754
[2023-08-15 22:39:11.651] [info] CMC::computeControls, t = 0.62854
[2023-08-15 22:39:11.667] [info] CMC::computeControls, t = 0.62954
[2023-08-15 22:39:11.695] [info] CMC::computeControls, t = 0.630540
[2023-08-15 22:39:11.733] [info] CMC::computeControls, t = 0.63154
[2023-08-15 22:39:11.759] [info] CMC::computeControls, t = 0.63254
[2023-08-15 22:39:11.781] [info] CMC::computeControls, t = 0.63354
[2023-08-15 22:39:11.800] [info] CMC::computeControls, t = 0.63454
[2023-08-15 22:39:11.824] [info] CMC::computeControls, t = 0.63554
[2023-08-15 22:39:11.845] [info] CMC::computeControls, t = 0.63654
[2023-08-15 22:39:11.870] [info] CMC::computeControls, t = 0.63754
[2023-08-15 22:39:11.899] [info] CMC::computeControls, t = 0.63854
[2023-08-15 22:39:11.915] [info] CMC::computeControls, t = 0.63954
[2023-08-15 22:39:11.945] [info] CMC::computeControls, t = 0.640540
[2023-08-15 22:39:11.961] [info] CMC::computeControls, t = 0.64154
[2023-08-15 22:39:11.988] [info] CMC::computeControls, t = 0.64254
[2023-08-15 22:39:12.012] [info] CMC::computeControls, t = 0.64354
[2023-08-15 22:39:12.029] [info] CMC::computeControls, t = 0.64454
[2023-08-15 22:39:12.045] [info] CMC::computeControls, t = 0.64554
[2023-08-15 22:39:12.063] [info] CMC::computeControls, t = 0.64654
[2023-08-15 22:39:12.085] [info] CMC::computeControls, t = 0.64754
[2023-08-15 22:39:12.103] [info] CMC::computeControls, t = 0.64854
[2023-08-15 22:39:12.136] [info] CMC::computeControls, t = 0.64954
[2023-08-15 22:39:12.169] [info] CMC::computeControls, t = 0.650540
[2023-08-15 22:39:12.187] [info] CMC::computeControls, t = 0.65154
[2023-08-15 22:39:12.203] [info] CMC::computeControls, t = 0.65254
[2023-08-15 22:39:12.224] [info] CMC::computeControls, t = 0.65354
[2023-08-15 22:39:12.257] [info] CMC::computeControls, t = 0.65454
[2023-08-15 22:39:12.294] [info] CMC::computeControls, t = 0.65554
[2023-08-15 22:39:12.320] [info] CMC::computeControls, t = 0.65654
[2023-08-15 22:39:12.357] [info] CMC::computeControls, t = 0.65754
[2023-08-15 22:39:12.380] [info] CMC::computeControls, t = 0.65854
[2023-08-15 22:39:12.396] [info] CMC::computeControls, t = 0.65954
[2023-08-15 22:39:12.422] [info] CMC::computeControls, t = 0.660540
[2023-08-15 22:39:12.441] [info] CMC::computeControls, t = 0.66154
[2023-08-15 22:39:12.462] [info] CMC::computeControls, t = 0.66254
[2023-08-15 22:39:12.486] [info] CMC::computeControls, t = 0.66354
[2023-08-15 22:39:12.522] [info] CMC::computeControls, t = 0.66454
[2023-08-15 22:39:12.541] [info] CMC::computeControls, t = 0.66554
[2023-08-15 22:39:12.562] [info] CMC::computeControls, t = 0.66654
[2023-08-15 22:39:12.586] [info] CMC::computeControls, t = 0.66754
[2023-08-15 22:39:12.610] [info] CMC::computeControls, t = 0.66854
[2023-08-15 22:39:12.647] [info] CMC::computeControls, t = 0.66954
[2023-08-15 22:39:12.669] [info] CMC::computeControls, t = 0.670540
[2023-08-15 22:39:12.686] [info] CMC::computeControls, t = 0.67154
[2023-08-15 22:39:12.711] [info] CMC::computeControls, t = 0.67254
[2023-08-15 22:39:12.744] [info] CMC::computeControls, t = 0.67354
[2023-08-15 22:39:12.759] [info] CMC::computeControls, t = 0.67454
[2023-08-15 22:39:12.793] [info] CMC::computeControls, t = 0.67554
[2023-08-15 22:39:12.826] [info] CMC::computeControls, t = 0.67654
[2023-08-15 22:39:12.854] [info] CMC::computeControls, t = 0.67754
[2023-08-15 22:39:12.885] [info] CMC::computeControls, t = 0.67854
[2023-08-15 22:39:12.922] [info] CMC::computeControls, t = 0.67954
[2023-08-15 22:39:12.958] [info] CMC::computeControls, t = 0.680540
[2023-08-15 22:39:12.980] [info] CMC::computeControls, t = 0.68154
[2023-08-15 22:39:13.002] [info] CMC::computeControls, t = 0.68254
[2023-08-15 22:39:13.040] [info] CMC::computeControls, t = 0.68354
[2023-08-15 22:39:13.062] [info] CMC::computeControls, t = 0.68454
[2023-08-15 22:39:13.093] [info] CMC::computeControls, t = 0.68554
[2023-08-15 22:39:13.120] [info] CMC::computeControls, t = 0.68654
[2023-08-15 22:39:13.153] [info] CMC::computeControls, t = 0.68754
[2023-08-15 22:39:13.175] [info] CMC::computeControls, t = 0.68854
[2023-08-15 22:39:13.193] [info] CMC::computeControls, t = 0.68954
[2023-08-15 22:39:13.227] [info] CMC::computeControls, t = 0.690540
[2023-08-15 22:39:13.265] [info] CMC::computeControls, t = 0.69154
[2023-08-15 22:39:13.285] [info] CMC::computeControls, t = 0.69254
[2023-08-15 22:39:13.316] [info] CMC::computeControls, t = 0.69354
[2023-08-15 22:39:13.343] [info] CMC::computeControls, t = 0.69454
[2023-08-15 22:39:13.377] [info] CMC::computeControls, t = 0.69554
[2023-08-15 22:39:13.405] [info] CMC::computeControls, t = 0.69654
[2023-08-15 22:39:13.422] [info] CMC::computeControls, t = 0.69754
[2023-08-15 22:39:13.445] [info] CMC::computeControls, t = 0.69854
[2023-08-15 22:39:13.466] [info] CMC::computeControls, t = 0.69954
[2023-08-15 22:39:13.485] [info] CMC::computeControls, t = 0.700540
[2023-08-15 22:39:13.517] [info] CMC::computeControls, t = 0.701540
[2023-08-15 22:39:13.551] [info] CMC::computeControls, t = 0.702540
[2023-08-15 22:39:13.577] [info] CMC::computeControls, t = 0.703540
[2023-08-15 22:39:13.599] [info] CMC::computeControls, t = 0.704540
[2023-08-15 22:39:13.614] [info] CMC::computeControls, t = 0.705540
[2023-08-15 22:39:13.630] [info] CMC::computeControls, t = 0.706540
[2023-08-15 22:39:13.651] [info] CMC::computeControls, t = 0.707540
[2023-08-15 22:39:13.667] [info] CMC::computeControls, t = 0.708540
[2023-08-15 22:39:13.686] [info] CMC::computeControls, t = 0.709540
[2023-08-15 22:39:13.702] [info] CMC::computeControls, t = 0.710540
[2023-08-15 22:39:13.733] [info] CMC::computeControls, t = 0.71154
[2023-08-15 22:39:13.763] [info] CMC::computeControls, t = 0.71254
[2023-08-15 22:39:13.790] [info] CMC::computeControls, t = 0.71354
[2023-08-15 22:39:13.815] [info] CMC::computeControls, t = 0.71454
[2023-08-15 22:39:13.836] [info] CMC::computeControls, t = 0.71554
[2023-08-15 22:39:13.860] [info] CMC::computeControls, t = 0.71654
[2023-08-15 22:39:13.885] [info] CMC::computeControls, t = 0.71754
[2023-08-15 22:39:13.906] [info] CMC::computeControls, t = 0.71854
[2023-08-15 22:39:13.926] [info] CMC::computeControls, t = 0.71954
[2023-08-15 22:39:13.961] [info] CMC::computeControls, t = 0.720540
[2023-08-15 22:39:14.002] [info] CMC::computeControls, t = 0.72154
[2023-08-15 22:39:14.025] [info] CMC::computeControls, t = 0.72254
[2023-08-15 22:39:14.050] [info] CMC::computeControls, t = 0.72354
[2023-08-15 22:39:14.078] [info] CMC::computeControls, t = 0.72454
[2023-08-15 22:39:14.096] [info] CMC::computeControls, t = 0.72554
[2023-08-15 22:39:14.116] [info] CMC::computeControls, t = 0.72654
[2023-08-15 22:39:14.145] [info] CMC::computeControls, t = 0.72754
[2023-08-15 22:39:14.181] [info] CMC::computeControls, t = 0.72854
[2023-08-15 22:39:14.202] [info] CMC::computeControls, t = 0.72954
[2023-08-15 22:39:14.242] [info] CMC::computeControls, t = 0.730540
[2023-08-15 22:39:14.259] [info] CMC::computeControls, t = 0.73154
[2023-08-15 22:39:14.286] [info] CMC::computeControls, t = 0.73254
[2023-08-15 22:39:14.304] [info] CMC::computeControls, t = 0.73354
[2023-08-15 22:39:14.343] [info] CMC::computeControls, t = 0.73454
[2023-08-15 22:39:14.371] [info] CMC::computeControls, t = 0.73554
[2023-08-15 22:39:14.401] [info] CMC::computeControls, t = 0.73654
[2023-08-15 22:39:14.421] [info] CMC::computeControls, t = 0.73754
[2023-08-15 22:39:14.453] [info] CMC::computeControls, t = 0.73854
[2023-08-15 22:39:14.479] [info] CMC::computeControls, t = 0.73954
[2023-08-15 22:39:14.510] [info] CMC::computeControls, t = 0.740540
[2023-08-15 22:39:14.540] [info] CMC::computeControls, t = 0.74154
[2023-08-15 22:39:14.567] [info] CMC::computeControls, t = 0.74254
[2023-08-15 22:39:14.595] [info] CMC::computeControls, t = 0.74354
[2023-08-15 22:39:14.610] [info] CMC::computeControls, t = 0.74454
[2023-08-15 22:39:14.643] [info] CMC::computeControls, t = 0.74554
[2023-08-15 22:39:14.660] [info] CMC::computeControls, t = 0.74654
[2023-08-15 22:39:14.684] [info] CMC::computeControls, t = 0.74754
[2023-08-15 22:39:14.701] [info] CMC::computeControls, t = 0.74854
[2023-08-15 22:39:14.738] [info] CMC::computeControls, t = 0.74954
[2023-08-15 22:39:14.762] [info] CMC::computeControls, t = 0.750540
[2023-08-15 22:39:14.777] [info] CMC::computeControls, t = 0.75154
[2023-08-15 22:39:14.804] [info] CMC::computeControls, t = 0.75254
[2023-08-15 22:39:14.831] [info] CMC::computeControls, t = 0.75354
[2023-08-15 22:39:14.854] [info] CMC::computeControls, t = 0.75454
[2023-08-15 22:39:14.889] [info] CMC::computeControls, t = 0.75554
[2023-08-15 22:39:14.919] [info] CMC::computeControls, t = 0.75654
[2023-08-15 22:39:14.945] [info] CMC::computeControls, t = 0.75754
[2023-08-15 22:39:14.963] [info] CMC::computeControls, t = 0.75854
[2023-08-15 22:39:14.985] [info] CMC::computeControls, t = 0.75954
[2023-08-15 22:39:15.010] [info] CMC::computeControls, t = 0.760540
[2023-08-15 22:39:15.031] [info] CMC::computeControls, t = 0.76154
[2023-08-15 22:39:15.050] [info] CMC::computeControls, t = 0.76254
[2023-08-15 22:39:15.077] [info] CMC::computeControls, t = 0.76354
[2023-08-15 22:39:15.097] [info] CMC::computeControls, t = 0.76454
[2023-08-15 22:39:15.118] [info] CMC::computeControls, t = 0.76554
[2023-08-15 22:39:15.139] [info] CMC::computeControls, t = 0.76654
[2023-08-15 22:39:15.160] [info] CMC::computeControls, t = 0.76754
[2023-08-15 22:39:15.185] [info] CMC::computeControls, t = 0.76854
[2023-08-15 22:39:15.222] [info] CMC::computeControls, t = 0.76954
[2023-08-15 22:39:15.246] [info] CMC::computeControls, t = 0.770540
[2023-08-15 22:39:15.279] [info] CMC::computeControls, t = 0.77154
[2023-08-15 22:39:15.308] [info] CMC::computeControls, t = 0.77254
[2023-08-15 22:39:15.325] [info] CMC::computeControls, t = 0.77354
[2023-08-15 22:39:15.356] [info] CMC::computeControls, t = 0.77454
[2023-08-15 22:39:15.380] [info] CMC::computeControls, t = 0.77554
[2023-08-15 22:39:15.395] [info] CMC::computeControls, t = 0.77654
[2023-08-15 22:39:15.422] [info] CMC::computeControls, t = 0.77754
[2023-08-15 22:39:15.452] [info] CMC::computeControls, t = 0.77854
[2023-08-15 22:39:15.475] [info] CMC::computeControls, t = 0.77954
[2023-08-15 22:39:15.495] [info] CMC::computeControls, t = 0.780540
[2023-08-15 22:39:15.511] [info] CMC::computeControls, t = 0.78154
[2023-08-15 22:39:15.539] [info] CMC::computeControls, t = 0.78254
[2023-08-15 22:39:15.566] [info] CMC::computeControls, t = 0.78354
[2023-08-15 22:39:15.589] [info] CMC::computeControls, t = 0.78454
[2023-08-15 22:39:15.607] [info] CMC::computeControls, t = 0.78554
[2023-08-15 22:39:15.635] [info] CMC::computeControls, t = 0.78654
[2023-08-15 22:39:15.657] [info] CMC::computeControls, t = 0.78754
[2023-08-15 22:39:15.679] [info] CMC::computeControls, t = 0.78854
[2023-08-15 22:39:15.702] [info] CMC::computeControls, t = 0.78954
[2023-08-15 22:39:15.721] [info] CMC::computeControls, t = 0.790540
[2023-08-15 22:39:15.743] [info] CMC::computeControls, t = 0.79154
[2023-08-15 22:39:15.775] [info] CMC::computeControls, t = 0.79254
[2023-08-15 22:39:15.806] [info] CMC::computeControls, t = 0.79354
[2023-08-15 22:39:15.844] [info] CMC::computeControls, t = 0.79454
[2023-08-15 22:39:15.885] [info] CMC::computeControls, t = 0.79554
[2023-08-15 22:39:15.910] [info] CMC::computeControls, t = 0.79654
[2023-08-15 22:39:15.942] [info] CMC::computeControls, t = 0.79754
[2023-08-15 22:39:15.967] [info] CMC::computeControls, t = 0.79854
[2023-08-15 22:39:15.991] [info] CMC::computeControls, t = 0.79954
[2023-08-15 22:39:16.018] [info] CMC::computeControls, t = 0.800540
[2023-08-15 22:39:16.046] [info] CMC::computeControls, t = 0.801540
[2023-08-15 22:39:16.066] [info] CMC::computeControls, t = 0.802540
[2023-08-15 22:39:16.091] [info] CMC::computeControls, t = 0.803540
[2023-08-15 22:39:16.116] [info] CMC::computeControls, t = 0.804540
[2023-08-15 22:39:16.132] [info] CMC::computeControls, t = 0.805540
[2023-08-15 22:39:16.165] [info] CMC::computeControls, t = 0.806540
[2023-08-15 22:39:16.185] [info] CMC::computeControls, t = 0.807540
[2023-08-15 22:39:16.216] [info] CMC::computeControls, t = 0.808540
[2023-08-15 22:39:16.242] [info] CMC::computeControls, t = 0.809540
[2023-08-15 22:39:16.260] [info] CMC::computeControls, t = 0.810540
[2023-08-15 22:39:16.294] [info] CMC::computeControls, t = 0.81154
[2023-08-15 22:39:16.318] [info] CMC::computeControls, t = 0.81254
[2023-08-15 22:39:16.349] [info] CMC::computeControls, t = 0.81354
[2023-08-15 22:39:16.378] [info] CMC::computeControls, t = 0.81454
[2023-08-15 22:39:16.394] [info] CMC::computeControls, t = 0.81554
[2023-08-15 22:39:16.410] [info] CMC::computeControls, t = 0.81654
[2023-08-15 22:39:16.438] [info] CMC::computeControls, t = 0.81754
[2023-08-15 22:39:16.472] [info] CMC::computeControls, t = 0.81854
[2023-08-15 22:39:16.505] [info] CMC::computeControls, t = 0.81954
[2023-08-15 22:39:16.538] [info] CMC::computeControls, t = 0.820540
[2023-08-15 22:39:16.572] [info] CMC::computeControls, t = 0.82154
[2023-08-15 22:39:16.606] [info] CMC::computeControls, t = 0.82254
[2023-08-15 22:39:16.646] [info] CMC::computeControls, t = 0.82354
[2023-08-15 22:39:16.685] [info] CMC::computeControls, t = 0.82454
[2023-08-15 22:39:16.709] [info] CMC::computeControls, t = 0.82554
[2023-08-15 22:39:16.725] [info] CMC::computeControls, t = 0.82654
[2023-08-15 22:39:16.744] [info] CMC::computeControls, t = 0.82754
[2023-08-15 22:39:16.771] [info] CMC::computeControls, t = 0.82854
[2023-08-15 22:39:16.792] [info] CMC::computeControls, t = 0.82954
[2023-08-15 22:39:16.814] [info] CMC::computeControls, t = 0.830540
[2023-08-15 22:39:16.831] [info] CMC::computeControls, t = 0.83154
[2023-08-15 22:39:16.858] [info] CMC::computeControls, t = 0.83254
[2023-08-15 22:39:16.876] [info] CMC::computeControls, t = 0.83354
[2023-08-15 22:39:16.896] [info] CMC::computeControls, t = 0.83454
[2023-08-15 22:39:16.921] [info] CMC::computeControls, t = 0.83554
[2023-08-15 22:39:16.956] [info] CMC::computeControls, t = 0.83654
[2023-08-15 22:39:16.981] [info] CMC::computeControls, t = 0.83754
[2023-08-15 22:39:17.011] [info] CMC::computeControls, t = 0.83854
[2023-08-15 22:39:17.032] [info] CMC::computeControls, t = 0.83954
[2023-08-15 22:39:17.074] [info] CMC::computeControls, t = 0.840540
[2023-08-15 22:39:17.099] [info] CMC::computeControls, t = 0.84154
[2023-08-15 22:39:17.116] [info] -------------------------------------------
[2023-08-15 22:39:17.116] [info] Finished tracking the specified kinematics:
[2023-08-15 22:39:17.116] [info] -------------------------------------------
[2023-08-15 22:39:17.116] [info]  -- Start time = Tue Aug 15 22:39:00 2023
[2023-08-15 22:39:17.116] [info]  -- Finish time = Tue Aug 15 22:39:17 2023
[2023-08-15 22:39:17.116] [info]  -- Elapsed time = 17.0 seconds.
[2023-08-15 22:39:17.116] [info] -------------------------------------------
[2023-08-15 22:39:17.117] [info] 
[2023-08-15 22:39:17.117] [info] Printing results of investigation subject19_run5_cycle1_iter2 to cycle1/
[2023-08-15 22:39:17.602] [info] 

************************************************************
*      Summary of Mass Adjustments to Reduce Residuals     *
************************************************************
* Body adjusted: torso
* Mass Center (COM) adjustment: dx =0.0646784, dz =-0.0587553
* New COM location: ~[0.00518364,0.321471,0.0306337]
************************************************************
* Recommended mass adjustments:                             
*  Total mass change: -1.29673
*  pelvis: orig mass = 10.4257, new mass = 10.2225
*  femur_r: orig mass = 8.23413, new mass = 8.07366
*  tibia_r: orig mass = 3.28209, new mass = 3.21813
*  talus_r: orig mass = 0.0885257, new mass = 0.0868005
*  calcn_r: orig mass = 1.10657, new mass = 1.08501
*  toes_r: orig mass = 0.191747, new mass = 0.18801
*  femur_l: orig mass = 8.23413, new mass = 8.07366
*  tibia_l: orig mass = 3.28209, new mass = 3.21813
*  talus_l: orig mass = 0.0885257, new mass = 0.0868005
*  calcn_l: orig mass = 1.10657, new mass = 1.08501
*  toes_l: orig mass = 0.191747, new mass = 0.18801
*  torso: orig mass = 23.7484, new mass = 23.2856
*  humerus_r: orig mass = 1.79929, new mass = 1.76423
*  ulna_r: orig mass = 0.537794, new mass = 0.527313
*  radius_r: orig mass = 0.537794, new mass = 0.527313
*  hand_r: orig mass = 0.405005, new mass = 0.397112
*  humerus_l: orig mass = 1.79929, new mass = 1.76423
*  ulna_l: orig mass = 0.537794, new mass = 0.527313
*  radius_l: orig mass = 0.537794, new mass = 0.527313
*  hand_l: orig mass = 0.405005, new mass = 0.397112
************************************************************
* Note: Edit the model to make recommended adjustments to  *
*       mass properties.                                   *
************************************************************

* Average residuals before adjusting torso COM:
*  FX=0.00194181 FY=12.7166 FZ=-4.50203
*  MX=13.6836 MY=3.49693 MZ=15.0631
************************************************************
* Average residuals after adjusting torso COM:
*  FX=-0.0536272 FY=13.2075 FZ=-4.99149
*  MX=-0.0371033 MY=4.20852 MZ=0.882924
************************************************************


[2023-08-15 22:39:17.602] [info] 
************************************************************
*                   Final Average Residuals                *
************************************************************
* After torso COM and Kinematics adjustments:
*  FX=-3.23115 FY=8.03327 FZ=1.637
*  MX=-6.31723 MY=-2.69533 MZ=-2.39663
************************************************************


