[2023-08-15 22:17:18.177] [info] Storage: read data file = ..\rra1\cycle3\subject08_run5_cycle3_iter1_Kinematics_q.sto (nr=685 nc=38)
[2023-08-15 22:17:18.219] [info] Storage: read data file = ..\rra1\cycle3\subject08_run5_cycle3_iter1_Kinematics_q.sto (nr=685 nc=38)
[2023-08-15 22:17:18.261] [info] AbstractTool subject08_run5_cycle3_iter2 loading model ..\rra1\cycle3\subject08_run5_cycle3_rraAdjusted_iter1.osim
[2023-08-15 22:17:18.316] [info] Loaded model subject08_scaled from file ..\rra1\cycle3\subject08_run5_cycle3_rraAdjusted_iter1.osim
[2023-08-15 22:17:18.366] [info] Adding force object set from ..\subject08_run5_RRA_Actuators.xml
[2023-08-15 22:17:18.373] [info] Running tool subject08_run5_cycle3_iter2.
[2023-08-15 22:17:18.388] [warning] ExternalLoads 'externalloads' has subcomponents with duplicate name 'externalforce'. The duplicate is being renamed to 'externalforce_0'.
[2023-08-15 22:17:18.402] [info] 	taskSet size = 29.
[2023-08-15 22:17:18.462] [info] ExternalForce::externalforce Data source being set to Run_500 03_newCOP3_v24.mot
[2023-08-15 22:17:18.462] [info] ExternalForce::externalforce_0 Data source being set to Run_500 03_newCOP3_v24.mot
[2023-08-15 22:17:18.466] [warning] A desired points file was not specified.
[2023-08-15 22:17:18.466] [info] Loading desired kinematics from file '..\rra1\cycle3\subject08_run5_cycle3_iter1_Kinematics_q.sto'...
[2023-08-15 22:17:18.466] [info] Storage: read data file = ..\rra1\cycle3\subject08_run5_cycle3_iter1_Kinematics_q.sto (nr=685 nc=38)
[2023-08-15 22:17:18.488] [info] Not filtering the desired kinematics.
[2023-08-15 22:17:18.489] [cout] [info] MODEL: subject08_scaled

numStates = 74
numCoordinates = 37
numSpeeds = 37
numActuators = 29
numBodies = 20
numConstraints = 0
numProbes = 0

ANALYSES (total: 0)

BODIES (total: 20)
body[0] = pelvis. mass: 12.7631
              moments of inertia:  ~[0.145167,0.145167,0.0726748]
              products of inertia: ~[0,0,0]
body[1] = femur_r. mass: 10.0802
              moments of inertia:  ~[0.167005,0.0437779,0.17611]
              products of inertia: ~[0,0,0]
body[2] = tibia_r. mass: 4.01794
              moments of inertia:  ~[0.0686582,0.0058898,0.0686582]
              products of inertia: ~[0,0,0]
body[3] = talus_r. mass: 0.108373
              moments of inertia:  ~[0.00126763,0.00126763,0.00126763]
              products of inertia: ~[0,0,0]
body[4] = calcn_r. mass: 1.35467
              moments of inertia:  ~[0.00177469,0.00494377,0.0051973]
              products of inertia: ~[0,0,0]
body[5] = toes_r. mass: 0.234736
              moments of inertia:  ~[0.000126763,0.000253527,0.00126763]
              products of inertia: ~[0,0,0]
body[6] = femur_l. mass: 10.0802
              moments of inertia:  ~[0.167005,0.0437779,0.17611]
              products of inertia: ~[0,0,0]
body[7] = tibia_l. mass: 4.01794
              moments of inertia:  ~[0.0686582,0.0058898,0.0686582]
              products of inertia: ~[0,0,0]
body[8] = talus_l. mass: 0.108373
              moments of inertia:  ~[0.00126763,0.00126763,0.00126763]
              products of inertia: ~[0,0,0]
body[9] = calcn_l. mass: 1.35467
              moments of inertia:  ~[0.00177469,0.00494377,0.0051973]
              products of inertia: ~[0,0,0]
body[10] = toes_l. mass: 0.234736
              moments of inertia:  ~[0.000126763,0.000253527,0.00126763]
              products of inertia: ~[0,0,0]
body[11] = torso. mass: 29.0729
              moments of inertia:  ~[1.74167,0.892391,1.69076]
              products of inertia: ~[0,0,0]
body[12] = humerus_r. mass: 2.20269
              moments of inertia:  ~[0.0142055,0.00490046,0.0159452]
              products of inertia: ~[0,0,0]
body[13] = ulna_r. mass: 0.658367
              moments of inertia:  ~[0.00362196,0.000755697,0.00392889]
              products of inertia: ~[0,0,0]
body[14] = radius_r. mass: 0.658367
              moments of inertia:  ~[0.00362196,0.000755697,0.00392889]
              products of inertia: ~[0,0,0]
body[15] = hand_r. mass: 0.495808
              moments of inertia:  ~[0.00109075,0.000668877,0.00163857]
              products of inertia: ~[0,0,0]
body[16] = humerus_l. mass: 2.20269
              moments of inertia:  ~[0.0142055,0.00490046,0.0159452]
              products of inertia: ~[0,0,0]
body[17] = ulna_l. mass: 0.658367
              moments of inertia:  ~[0.00362196,0.000755697,0.00392889]
              products of inertia: ~[0,0,0]
body[18] = radius_l. mass: 0.658367
              moments of inertia:  ~[0.00362196,0.000755697,0.00392889]
              products of inertia: ~[0,0,0]
body[19] = hand_l. mass: 0.495808
              moments of inertia:  ~[0.00109075,0.000668877,0.00163857]
              products of inertia: ~[0,0,0]

JOINTS (total: 20)
joint[0] = ground_pelvis. parent: ground_offset, child: pelvis_offset
joint[1] = hip_r. parent: pelvis_offset, child: femur_r_offset
joint[2] = knee_r. parent: femur_r_offset, child: tibia_r_offset
joint[3] = ankle_r. parent: tibia_r_offset, child: talus_r_offset
joint[4] = subtalar_r. parent: talus_r_offset, child: calcn_r_offset
joint[5] = mtp_r. parent: calcn_r_offset, child: toes_r_offset
joint[6] = hip_l. parent: pelvis_offset, child: femur_l_offset
joint[7] = knee_l. parent: femur_l_offset, child: tibia_l_offset
joint[8] = ankle_l. parent: tibia_l_offset, child: talus_l_offset
joint[9] = subtalar_l. parent: talus_l_offset, child: calcn_l_offset
joint[10] = mtp_l. parent: calcn_l_offset, child: toes_l_offset
joint[11] = back. parent: pelvis_offset, child: torso_offset
joint[12] = acromial_r. parent: torso_offset, child: humerus_r_offset
joint[13] = elbow_r. parent: humerus_r_offset, child: ulna_r_offset
joint[14] = radioulnar_r. parent: ulna_r_offset, child: radius_r_offset
joint[15] = radius_hand_r. parent: radius_r_offset, child: hand_r_offset
joint[16] = acromial_l. parent: torso_offset, child: humerus_l_offset
joint[17] = elbow_l. parent: humerus_l_offset, child: ulna_l_offset
joint[18] = radioulnar_l. parent: ulna_l_offset, child: radius_l_offset
joint[19] = radius_hand_l. parent: radius_l_offset, child: hand_l_offset

ACTUATORS (total: 29)
actuator[0] = FX
actuator[1] = FY
actuator[2] = FZ
actuator[3] = MZ
actuator[4] = MX
actuator[5] = MY
actuator[6] = hip_flexion_r
actuator[7] = hip_adduction_r
actuator[8] = hip_rotation_r
actuator[9] = knee_angle_r
actuator[10] = ankle_angle_r
actuator[11] = hip_flexion_l
actuator[12] = hip_adduction_l
actuator[13] = hip_rotation_l
actuator[14] = knee_angle_l
actuator[15] = ankle_angle_l
actuator[16] = lumbar_extension
actuator[17] = lumbar_bending
actuator[18] = lumbar_rotation
actuator[19] = arm_flex_r
actuator[20] = arm_add_r
actuator[21] = arm_rot_r
actuator[22] = elbow_flex_r
actuator[23] = pro_sup_r
actuator[24] = arm_flex_l
actuator[25] = arm_add_l
actuator[26] = arm_rot_l
actuator[27] = elbow_flex_l
actuator[28] = pro_sup_l

STATES (total: 74)
y[0] = /jointset/ground_pelvis/pelvis_tilt/value
y[1] = /jointset/ground_pelvis/pelvis_tilt/speed
y[2] = /jointset/ground_pelvis/pelvis_list/value
y[3] = /jointset/ground_pelvis/pelvis_list/speed
y[4] = /jointset/ground_pelvis/pelvis_rotation/value
y[5] = /jointset/ground_pelvis/pelvis_rotation/speed
y[6] = /jointset/ground_pelvis/pelvis_tx/value
y[7] = /jointset/ground_pelvis/pelvis_tx/speed
y[8] = /jointset/ground_pelvis/pelvis_ty/value
y[9] = /jointset/ground_pelvis/pelvis_ty/speed
y[10] = /jointset/ground_pelvis/pelvis_tz/value
y[11] = /jointset/ground_pelvis/pelvis_tz/speed
y[12] = /jointset/hip_r/hip_flexion_r/value
y[13] = /jointset/hip_r/hip_flexion_r/speed
y[14] = /jointset/hip_r/hip_adduction_r/value
y[15] = /jointset/hip_r/hip_adduction_r/speed
y[16] = /jointset/hip_r/hip_rotation_r/value
y[17] = /jointset/hip_r/hip_rotation_r/speed
y[18] = /jointset/knee_r/knee_angle_r/value
y[19] = /jointset/knee_r/knee_angle_r/speed
y[20] = /jointset/ankle_r/ankle_angle_r/value
y[21] = /jointset/ankle_r/ankle_angle_r/speed
y[22] = /jointset/subtalar_r/subtalar_angle_r/value
y[23] = /jointset/subtalar_r/subtalar_angle_r/speed
y[24] = /jointset/mtp_r/mtp_angle_r/value
y[25] = /jointset/mtp_r/mtp_angle_r/speed
y[26] = /jointset/hip_l/hip_flexion_l/value
y[27] = /jointset/hip_l/hip_flexion_l/speed
y[28] = /jointset/hip_l/hip_adduction_l/value
y[29] = /jointset/hip_l/hip_adduction_l/speed
y[30] = /jointset/hip_l/hip_rotation_l/value
y[31] = /jointset/hip_l/hip_rotation_l/speed
y[32] = /jointset/knee_l/knee_angle_l/value
y[33] = /jointset/knee_l/knee_angle_l/speed
y[34] = /jointset/ankle_l/ankle_angle_l/value
y[35] = /jointset/ankle_l/ankle_angle_l/speed
y[36] = /jointset/subtalar_l/subtalar_angle_l/value
y[37] = /jointset/subtalar_l/subtalar_angle_l/speed
y[38] = /jointset/mtp_l/mtp_angle_l/value
y[39] = /jointset/mtp_l/mtp_angle_l/speed
y[40] = /jointset/back/lumbar_extension/value
y[41] = /jointset/back/lumbar_extension/speed
y[42] = /jointset/back/lumbar_bending/value
y[43] = /jointset/back/lumbar_bending/speed
y[44] = /jointset/back/lumbar_rotation/value
y[45] = /jointset/back/lumbar_rotation/speed
y[46] = /jointset/acromial_r/arm_flex_r/value
y[47] = /jointset/acromial_r/arm_flex_r/speed
y[48] = /jointset/acromial_r/arm_add_r/value
y[49] = /jointset/acromial_r/arm_add_r/speed
y[50] = /jointset/acromial_r/arm_rot_r/value
y[51] = /jointset/acromial_r/arm_rot_r/speed
y[52] = /jointset/elbow_r/elbow_flex_r/value
y[53] = /jointset/elbow_r/elbow_flex_r/speed
y[54] = /jointset/radioulnar_r/pro_sup_r/value
y[55] = /jointset/radioulnar_r/pro_sup_r/speed
y[56] = /jointset/radius_hand_r/wrist_flex_r/value
y[57] = /jointset/radius_hand_r/wrist_flex_r/speed
y[58] = /jointset/radius_hand_r/wrist_dev_r/value
y[59] = /jointset/radius_hand_r/wrist_dev_r/speed
y[60] = /jointset/acromial_l/arm_flex_l/value
y[61] = /jointset/acromial_l/arm_flex_l/speed
y[62] = /jointset/acromial_l/arm_add_l/value
y[63] = /jointset/acromial_l/arm_add_l/speed
y[64] = /jointset/acromial_l/arm_rot_l/value
y[65] = /jointset/acromial_l/arm_rot_l/speed
y[66] = /jointset/elbow_l/elbow_flex_l/value
y[67] = /jointset/elbow_l/elbow_flex_l/speed
y[68] = /jointset/radioulnar_l/pro_sup_l/value
y[69] = /jointset/radioulnar_l/pro_sup_l/speed
y[70] = /jointset/radius_hand_l/wrist_flex_l/value
y[71] = /jointset/radius_hand_l/wrist_flex_l/speed
y[72] = /jointset/radius_hand_l/wrist_dev_l/value
y[73] = /jointset/radius_hand_l/wrist_dev_l/speed

[2023-08-15 22:17:18.657] [warning] Coordinate.setValue:  coordinate subtalar_angle_r is locked. Unable to change its value.
[2023-08-15 22:17:18.657] [warning] Coordinate.setValue:  coordinate mtp_angle_r is locked. Unable to change its value.
[2023-08-15 22:17:18.657] [warning] Coordinate.setValue:  coordinate subtalar_angle_l is locked. Unable to change its value.
[2023-08-15 22:17:18.657] [warning] Coordinate.setValue:  coordinate mtp_angle_l is locked. Unable to change its value.
[2023-08-15 22:17:18.657] [warning] Coordinate.setValue:  coordinate wrist_flex_r is locked. Unable to change its value.
[2023-08-15 22:17:18.657] [warning] Coordinate.setValue:  coordinate wrist_dev_r is locked. Unable to change its value.
[2023-08-15 22:17:18.657] [warning] Coordinate.setValue:  coordinate wrist_flex_l is locked. Unable to change its value.
[2023-08-15 22:17:18.657] [warning] Coordinate.setValue:  coordinate wrist_dev_l is locked. Unable to change its value.
[2023-08-15 22:17:18.723] [info] Requested COM adjustment time range 1.60400 to 2.227, clamped to nearest available data times: 1.60400 to 2.227.
[2023-08-15 22:17:18.723] [info] Computing average residuals between 1.60400 and 2.227...
[2023-08-15 22:17:18.794] [info] ExternalForce::externalforce Data source being set to Run_500 03_newCOP3_v24.mot
[2023-08-15 22:17:18.794] [info] ExternalForce::externalforce_0 Data source being set to Run_500 03_newCOP3_v24.mot
[2023-08-15 22:17:18.844] [info] ExternalForce::externalforce Data source being set to Run_500 03_newCOP3_v24.mot
[2023-08-15 22:17:18.844] [info] ExternalForce::externalforce_0 Data source being set to Run_500 03_newCOP3_v24.mot
[2023-08-15 22:17:22.728] [info] ExternalForce::externalforce Data source being set to Run_500 03_newCOP3_v24.mot
[2023-08-15 22:17:22.728] [info] ExternalForce::externalforce_0 Data source being set to Run_500 03_newCOP3_v24.mot
[2023-08-15 22:17:22.731] [info] Computing average residuals between 1.60400 and 2.227...
[2023-08-15 22:17:22.832] [info] ExternalForce::externalforce Data source being set to Run_500 03_newCOP3_v24.mot
[2023-08-15 22:17:22.832] [info] ExternalForce::externalforce_0 Data source being set to Run_500 03_newCOP3_v24.mot
[2023-08-15 22:17:22.916] [info] ExternalForce::externalforce Data source being set to Run_500 03_newCOP3_v24.mot
[2023-08-15 22:17:22.916] [info] ExternalForce::externalforce_0 Data source being set to Run_500 03_newCOP3_v24.mot
[2023-08-15 22:17:26.565] [info] Constructing function set for tracking desired kinematics...
[2023-08-15 22:17:27.019] [warning] No Actuation analysis found in analysis set, adding one...
[2023-08-15 22:17:27.019] [warning] No Kinematics analysis found in analysis set, adding one...
[2023-08-15 22:17:27.021] [info] Using the generalized coordinates specified in '..\rra1\cycle3\subject08_run5_cycle3_iter1_Kinematics_q.sto' to set the initial configuration.
[2023-08-15 22:17:27.115] [info] Using IPOPT optimizer algorithm.
[2023-08-15 22:17:27.115] [info] Setting optimizer print level to 0.
[2023-08-15 22:17:27.115] [info] Setting optimizer convergence tolerance to 1.0e-05.
[2023-08-15 22:17:27.115] [info] Setting optimizer maximum iterations to 2000.
[2023-08-15 22:17:27.115] [info] Setting cmc controller to not use verbose printing.

[2023-08-15 22:17:27.115] [info] CMC::computeControls, t = 1.60400
[2023-08-15 22:17:27.858] [info] --------------------------------------------
[2023-08-15 22:17:27.859] [info] Using CMC to track the specified kinematics:
[2023-08-15 22:17:27.859] [info] --------------------------------------------
[2023-08-15 22:17:27.859] [info]  -- Integrating from 1.60400 to 2.227
[2023-08-15 22:17:27.859] [info]  -- Start time = Tue Aug 15 22:17:27 2023
[2023-08-15 22:17:27.859] [info] --------------------------------------------
[2023-08-15 22:17:27.859] [info] 
[2023-08-15 22:17:27.865] [info] CMC::computeControls, t = 1.60400
[2023-08-15 22:17:27.913] [info] CMC::computeControls, t = 1.60500
[2023-08-15 22:17:27.914] [warning] Coordinate.setValue:  coordinate subtalar_angle_r is locked. Unable to change its value.
[2023-08-15 22:17:27.914] [warning] Coordinate.setValue:  coordinate mtp_angle_r is locked. Unable to change its value.
[2023-08-15 22:17:27.914] [warning] Coordinate.setValue:  coordinate subtalar_angle_l is locked. Unable to change its value.
[2023-08-15 22:17:27.914] [warning] Coordinate.setValue:  coordinate mtp_angle_l is locked. Unable to change its value.
[2023-08-15 22:17:27.914] [warning] Coordinate.setValue:  coordinate wrist_flex_r is locked. Unable to change its value.
[2023-08-15 22:17:27.914] [warning] Coordinate.setValue:  coordinate wrist_dev_r is locked. Unable to change its value.
[2023-08-15 22:17:27.915] [warning] Coordinate.setValue:  coordinate wrist_flex_l is locked. Unable to change its value.
[2023-08-15 22:17:27.915] [warning] Coordinate.setValue:  coordinate wrist_dev_l is locked. Unable to change its value.
[2023-08-15 22:17:27.959] [info] CMC::computeControls, t = 1.60600
[2023-08-15 22:17:27.998] [info] CMC::computeControls, t = 1.60700
[2023-08-15 22:17:28.035] [info] CMC::computeControls, t = 1.60800
[2023-08-15 22:17:28.059] [info] CMC::computeControls, t = 1.60900
[2023-08-15 22:17:28.081] [info] CMC::computeControls, t = 1.61
[2023-08-15 22:17:28.112] [info] CMC::computeControls, t = 1.611
[2023-08-15 22:17:28.127] [info] CMC::computeControls, t = 1.612
[2023-08-15 22:17:28.142] [info] CMC::computeControls, t = 1.613
[2023-08-15 22:17:28.170] [info] CMC::computeControls, t = 1.614
[2023-08-15 22:17:28.206] [info] CMC::computeControls, t = 1.615
[2023-08-15 22:17:28.247] [info] CMC::computeControls, t = 1.616
[2023-08-15 22:17:28.276] [info] CMC::computeControls, t = 1.617
[2023-08-15 22:17:28.300] [info] CMC::computeControls, t = 1.618
[2023-08-15 22:17:28.318] [info] CMC::computeControls, t = 1.619
[2023-08-15 22:17:28.344] [info] CMC::computeControls, t = 1.62
[2023-08-15 22:17:28.374] [info] CMC::computeControls, t = 1.621
[2023-08-15 22:17:28.404] [info] CMC::computeControls, t = 1.622
[2023-08-15 22:17:28.434] [info] CMC::computeControls, t = 1.623
[2023-08-15 22:17:28.456] [info] CMC::computeControls, t = 1.624
[2023-08-15 22:17:28.483] [info] CMC::computeControls, t = 1.625
[2023-08-15 22:17:28.508] [info] CMC::computeControls, t = 1.626
[2023-08-15 22:17:28.531] [info] CMC::computeControls, t = 1.627
[2023-08-15 22:17:28.550] [info] CMC::computeControls, t = 1.628
[2023-08-15 22:17:28.584] [info] CMC::computeControls, t = 1.629
[2023-08-15 22:17:28.611] [info] CMC::computeControls, t = 1.63
[2023-08-15 22:17:28.635] [info] CMC::computeControls, t = 1.631
[2023-08-15 22:17:28.655] [info] CMC::computeControls, t = 1.632
[2023-08-15 22:17:28.670] [info] CMC::computeControls, t = 1.633
[2023-08-15 22:17:28.692] [info] CMC::computeControls, t = 1.634
[2023-08-15 22:17:28.729] [info] CMC::computeControls, t = 1.635
[2023-08-15 22:17:28.748] [info] CMC::computeControls, t = 1.636
[2023-08-15 22:17:28.778] [info] CMC::computeControls, t = 1.637
[2023-08-15 22:17:28.802] [info] CMC::computeControls, t = 1.638
[2023-08-15 22:17:28.820] [info] CMC::computeControls, t = 1.639
[2023-08-15 22:17:28.835] [info] CMC::computeControls, t = 1.64
[2023-08-15 22:17:28.851] [info] CMC::computeControls, t = 1.641
[2023-08-15 22:17:28.866] [info] CMC::computeControls, t = 1.642
[2023-08-15 22:17:28.882] [info] CMC::computeControls, t = 1.643
[2023-08-15 22:17:28.902] [info] CMC::computeControls, t = 1.644
[2023-08-15 22:17:28.941] [info] CMC::computeControls, t = 1.645
[2023-08-15 22:17:28.962] [info] CMC::computeControls, t = 1.646
[2023-08-15 22:17:28.981] [info] CMC::computeControls, t = 1.647
[2023-08-15 22:17:29.019] [info] CMC::computeControls, t = 1.648
[2023-08-15 22:17:29.039] [info] CMC::computeControls, t = 1.649
[2023-08-15 22:17:29.059] [info] CMC::computeControls, t = 1.65
[2023-08-15 22:17:29.081] [info] CMC::computeControls, t = 1.651
[2023-08-15 22:17:29.100] [info] CMC::computeControls, t = 1.652
[2023-08-15 22:17:29.120] [info] CMC::computeControls, t = 1.653
[2023-08-15 22:17:29.139] [info] CMC::computeControls, t = 1.654
[2023-08-15 22:17:29.155] [info] CMC::computeControls, t = 1.655
[2023-08-15 22:17:29.170] [info] CMC::computeControls, t = 1.656
[2023-08-15 22:17:29.185] [info] CMC::computeControls, t = 1.657
[2023-08-15 22:17:29.200] [info] CMC::computeControls, t = 1.658
[2023-08-15 22:17:29.236] [info] CMC::computeControls, t = 1.659
[2023-08-15 22:17:29.256] [info] CMC::computeControls, t = 1.66
[2023-08-15 22:17:29.272] [info] CMC::computeControls, t = 1.661
[2023-08-15 22:17:29.288] [info] CMC::computeControls, t = 1.662
[2023-08-15 22:17:29.310] [info] CMC::computeControls, t = 1.663
[2023-08-15 22:17:29.332] [info] CMC::computeControls, t = 1.664
[2023-08-15 22:17:29.357] [info] CMC::computeControls, t = 1.665
[2023-08-15 22:17:29.388] [info] CMC::computeControls, t = 1.666
[2023-08-15 22:17:29.404] [info] CMC::computeControls, t = 1.667
[2023-08-15 22:17:29.431] [info] CMC::computeControls, t = 1.668
[2023-08-15 22:17:29.449] [info] CMC::computeControls, t = 1.669
[2023-08-15 22:17:29.465] [info] CMC::computeControls, t = 1.67
[2023-08-15 22:17:29.480] [info] CMC::computeControls, t = 1.671
[2023-08-15 22:17:29.508] [info] CMC::computeControls, t = 1.672
[2023-08-15 22:17:29.526] [info] CMC::computeControls, t = 1.673
[2023-08-15 22:17:29.555] [info] CMC::computeControls, t = 1.674
[2023-08-15 22:17:29.595] [info] CMC::computeControls, t = 1.675
[2023-08-15 22:17:29.636] [info] CMC::computeControls, t = 1.676
[2023-08-15 22:17:29.664] [info] CMC::computeControls, t = 1.677
[2023-08-15 22:17:29.692] [info] CMC::computeControls, t = 1.678
[2023-08-15 22:17:29.709] [info] CMC::computeControls, t = 1.679
[2023-08-15 22:17:29.727] [info] CMC::computeControls, t = 1.68
[2023-08-15 22:17:29.759] [info] CMC::computeControls, t = 1.681
[2023-08-15 22:17:29.793] [info] CMC::computeControls, t = 1.682
[2023-08-15 22:17:29.819] [info] CMC::computeControls, t = 1.683
[2023-08-15 22:17:29.849] [info] CMC::computeControls, t = 1.684
[2023-08-15 22:17:29.872] [info] CMC::computeControls, t = 1.685
[2023-08-15 22:17:29.888] [info] CMC::computeControls, t = 1.686
[2023-08-15 22:17:29.903] [info] CMC::computeControls, t = 1.687
[2023-08-15 22:17:29.929] [info] CMC::computeControls, t = 1.688
[2023-08-15 22:17:29.958] [info] CMC::computeControls, t = 1.689
[2023-08-15 22:17:29.984] [info] CMC::computeControls, t = 1.69
[2023-08-15 22:17:30.028] [info] CMC::computeControls, t = 1.691
[2023-08-15 22:17:30.057] [info] CMC::computeControls, t = 1.692
[2023-08-15 22:17:30.082] [info] CMC::computeControls, t = 1.693
[2023-08-15 22:17:30.122] [info] CMC::computeControls, t = 1.694
[2023-08-15 22:17:30.143] [info] CMC::computeControls, t = 1.695
[2023-08-15 22:17:30.166] [info] CMC::computeControls, t = 1.696
[2023-08-15 22:17:30.185] [info] CMC::computeControls, t = 1.697
[2023-08-15 22:17:30.200] [info] CMC::computeControls, t = 1.698
[2023-08-15 22:17:30.234] [info] CMC::computeControls, t = 1.699
[2023-08-15 22:17:30.250] [info] CMC::computeControls, t = 1.7
[2023-08-15 22:17:30.267] [info] CMC::computeControls, t = 1.70100
[2023-08-15 22:17:30.285] [info] CMC::computeControls, t = 1.70200
[2023-08-15 22:17:30.303] [info] CMC::computeControls, t = 1.70300
[2023-08-15 22:17:30.318] [info] CMC::computeControls, t = 1.70400
[2023-08-15 22:17:30.337] [info] CMC::computeControls, t = 1.70500
[2023-08-15 22:17:30.352] [info] CMC::computeControls, t = 1.70600
[2023-08-15 22:17:30.383] [info] CMC::computeControls, t = 1.70700
[2023-08-15 22:17:30.411] [info] CMC::computeControls, t = 1.70800
[2023-08-15 22:17:30.426] [info] CMC::computeControls, t = 1.70900
[2023-08-15 22:17:30.449] [info] CMC::computeControls, t = 1.71
[2023-08-15 22:17:30.479] [info] CMC::computeControls, t = 1.711
[2023-08-15 22:17:30.511] [info] CMC::computeControls, t = 1.712
[2023-08-15 22:17:30.554] [info] CMC::computeControls, t = 1.713
[2023-08-15 22:17:30.592] [info] CMC::computeControls, t = 1.714
[2023-08-15 22:17:30.617] [info] CMC::computeControls, t = 1.715
[2023-08-15 22:17:30.650] [info] CMC::computeControls, t = 1.716
[2023-08-15 22:17:30.684] [info] CMC::computeControls, t = 1.717
[2023-08-15 22:17:30.700] [info] CMC::computeControls, t = 1.718
[2023-08-15 22:17:30.716] [info] CMC::computeControls, t = 1.719
[2023-08-15 22:17:30.742] [info] CMC::computeControls, t = 1.72
[2023-08-15 22:17:30.770] [info] CMC::computeControls, t = 1.721
[2023-08-15 22:17:30.797] [info] CMC::computeControls, t = 1.722
[2023-08-15 22:17:30.812] [info] CMC::computeControls, t = 1.723
[2023-08-15 22:17:30.840] [info] CMC::computeControls, t = 1.724
[2023-08-15 22:17:30.875] [info] CMC::computeControls, t = 1.725
[2023-08-15 22:17:30.899] [info] CMC::computeControls, t = 1.726
[2023-08-15 22:17:30.930] [info] CMC::computeControls, t = 1.727
[2023-08-15 22:17:30.945] [info] CMC::computeControls, t = 1.728
[2023-08-15 22:17:30.961] [info] CMC::computeControls, t = 1.729
[2023-08-15 22:17:30.977] [info] CMC::computeControls, t = 1.73
[2023-08-15 22:17:30.991] [info] CMC::computeControls, t = 1.731
[2023-08-15 22:17:31.008] [info] CMC::computeControls, t = 1.732
[2023-08-15 22:17:31.023] [info] CMC::computeControls, t = 1.733
[2023-08-15 22:17:31.038] [info] CMC::computeControls, t = 1.734
[2023-08-15 22:17:31.060] [info] CMC::computeControls, t = 1.735
[2023-08-15 22:17:31.081] [info] CMC::computeControls, t = 1.736
[2023-08-15 22:17:31.110] [info] CMC::computeControls, t = 1.737
[2023-08-15 22:17:31.133] [info] CMC::computeControls, t = 1.738
[2023-08-15 22:17:31.150] [info] CMC::computeControls, t = 1.739
[2023-08-15 22:17:31.177] [info] CMC::computeControls, t = 1.74
[2023-08-15 22:17:31.203] [info] CMC::computeControls, t = 1.741
[2023-08-15 22:17:31.233] [info] CMC::computeControls, t = 1.742
[2023-08-15 22:17:31.257] [info] CMC::computeControls, t = 1.743
[2023-08-15 22:17:31.285] [info] CMC::computeControls, t = 1.744
[2023-08-15 22:17:31.300] [info] CMC::computeControls, t = 1.745
[2023-08-15 22:17:31.330] [info] CMC::computeControls, t = 1.746
[2023-08-15 22:17:31.350] [info] CMC::computeControls, t = 1.747
[2023-08-15 22:17:31.376] [info] CMC::computeControls, t = 1.748
[2023-08-15 22:17:31.402] [info] CMC::computeControls, t = 1.749
[2023-08-15 22:17:31.438] [info] CMC::computeControls, t = 1.75
[2023-08-15 22:17:31.461] [info] CMC::computeControls, t = 1.751
[2023-08-15 22:17:31.499] [info] CMC::computeControls, t = 1.752
[2023-08-15 22:17:31.526] [info] CMC::computeControls, t = 1.753
[2023-08-15 22:17:31.563] [info] CMC::computeControls, t = 1.754
[2023-08-15 22:17:31.588] [info] CMC::computeControls, t = 1.755
[2023-08-15 22:17:31.606] [info] CMC::computeControls, t = 1.756
[2023-08-15 22:17:31.662] [info] CMC::computeControls, t = 1.757
[2023-08-15 22:17:31.680] [info] CMC::computeControls, t = 1.758
[2023-08-15 22:17:31.705] [info] CMC::computeControls, t = 1.759
[2023-08-15 22:17:31.738] [info] CMC::computeControls, t = 1.76
[2023-08-15 22:17:31.763] [info] CMC::computeControls, t = 1.761
[2023-08-15 22:17:31.791] [info] CMC::computeControls, t = 1.762
[2023-08-15 22:17:31.812] [info] CMC::computeControls, t = 1.763
[2023-08-15 22:17:31.854] [info] CMC::computeControls, t = 1.764
[2023-08-15 22:17:31.877] [info] CMC::computeControls, t = 1.765
[2023-08-15 22:17:31.892] [info] CMC::computeControls, t = 1.766
[2023-08-15 22:17:31.918] [info] CMC::computeControls, t = 1.767
[2023-08-15 22:17:31.936] [info] CMC::computeControls, t = 1.768
[2023-08-15 22:17:31.960] [info] CMC::computeControls, t = 1.769
[2023-08-15 22:17:31.978] [info] CMC::computeControls, t = 1.77
[2023-08-15 22:17:32.009] [info] CMC::computeControls, t = 1.771
[2023-08-15 22:17:32.045] [info] CMC::computeControls, t = 1.772
[2023-08-15 22:17:32.076] [info] CMC::computeControls, t = 1.773
[2023-08-15 22:17:32.094] [info] CMC::computeControls, t = 1.774
[2023-08-15 22:17:32.119] [info] CMC::computeControls, t = 1.775
[2023-08-15 22:17:32.148] [info] CMC::computeControls, t = 1.776
[2023-08-15 22:17:32.172] [info] CMC::computeControls, t = 1.777
[2023-08-15 22:17:32.189] [info] CMC::computeControls, t = 1.778
[2023-08-15 22:17:32.204] [info] CMC::computeControls, t = 1.779
[2023-08-15 22:17:32.236] [info] CMC::computeControls, t = 1.78
[2023-08-15 22:17:32.262] [info] CMC::computeControls, t = 1.781
[2023-08-15 22:17:32.282] [info] CMC::computeControls, t = 1.782
[2023-08-15 22:17:32.306] [info] CMC::computeControls, t = 1.783
[2023-08-15 22:17:32.346] [info] CMC::computeControls, t = 1.784
[2023-08-15 22:17:32.376] [info] CMC::computeControls, t = 1.785
[2023-08-15 22:17:32.402] [info] CMC::computeControls, t = 1.786
[2023-08-15 22:17:32.435] [info] CMC::computeControls, t = 1.787
[2023-08-15 22:17:32.453] [info] CMC::computeControls, t = 1.788
[2023-08-15 22:17:32.481] [info] CMC::computeControls, t = 1.789
[2023-08-15 22:17:32.502] [info] CMC::computeControls, t = 1.79
[2023-08-15 22:17:32.518] [info] CMC::computeControls, t = 1.791
[2023-08-15 22:17:32.533] [info] CMC::computeControls, t = 1.792
[2023-08-15 22:17:32.558] [info] CMC::computeControls, t = 1.793
[2023-08-15 22:17:32.593] [info] CMC::computeControls, t = 1.794
[2023-08-15 22:17:32.629] [info] CMC::computeControls, t = 1.795
[2023-08-15 22:17:32.653] [info] CMC::computeControls, t = 1.796
[2023-08-15 22:17:32.670] [info] CMC::computeControls, t = 1.797
[2023-08-15 22:17:32.686] [info] CMC::computeControls, t = 1.798
[2023-08-15 22:17:32.705] [info] CMC::computeControls, t = 1.799
[2023-08-15 22:17:32.730] [info] CMC::computeControls, t = 1.8
[2023-08-15 22:17:32.754] [info] CMC::computeControls, t = 1.80100
[2023-08-15 22:17:32.770] [info] CMC::computeControls, t = 1.80200
[2023-08-15 22:17:32.796] [info] CMC::computeControls, t = 1.80300
[2023-08-15 22:17:32.811] [info] CMC::computeControls, t = 1.80400
[2023-08-15 22:17:32.834] [info] CMC::computeControls, t = 1.80500
[2023-08-15 22:17:32.854] [info] CMC::computeControls, t = 1.80600
[2023-08-15 22:17:32.870] [info] CMC::computeControls, t = 1.80700
[2023-08-15 22:17:32.888] [info] CMC::computeControls, t = 1.80800
[2023-08-15 22:17:32.916] [info] CMC::computeControls, t = 1.80900
[2023-08-15 22:17:32.942] [info] CMC::computeControls, t = 1.81
[2023-08-15 22:17:32.960] [info] CMC::computeControls, t = 1.811
[2023-08-15 22:17:32.975] [info] CMC::computeControls, t = 1.812
[2023-08-15 22:17:33.016] [info] CMC::computeControls, t = 1.813
[2023-08-15 22:17:33.047] [info] CMC::computeControls, t = 1.814
[2023-08-15 22:17:33.063] [info] CMC::computeControls, t = 1.815
[2023-08-15 22:17:33.080] [info] CMC::computeControls, t = 1.816
[2023-08-15 22:17:33.120] [info] CMC::computeControls, t = 1.817
[2023-08-15 22:17:33.140] [info] CMC::computeControls, t = 1.818
[2023-08-15 22:17:33.165] [info] CMC::computeControls, t = 1.819
[2023-08-15 22:17:33.184] [info] CMC::computeControls, t = 1.82
[2023-08-15 22:17:33.205] [info] CMC::computeControls, t = 1.821
[2023-08-15 22:17:33.222] [info] CMC::computeControls, t = 1.822
[2023-08-15 22:17:33.249] [info] CMC::computeControls, t = 1.823
[2023-08-15 22:17:33.278] [info] CMC::computeControls, t = 1.824
[2023-08-15 22:17:33.293] [info] CMC::computeControls, t = 1.825
[2023-08-15 22:17:33.320] [info] CMC::computeControls, t = 1.826
[2023-08-15 22:17:33.336] [info] CMC::computeControls, t = 1.827
[2023-08-15 22:17:33.374] [info] CMC::computeControls, t = 1.828
[2023-08-15 22:17:33.397] [info] CMC::computeControls, t = 1.829
[2023-08-15 22:17:33.428] [info] CMC::computeControls, t = 1.83
[2023-08-15 22:17:33.444] [info] CMC::computeControls, t = 1.831
[2023-08-15 22:17:33.475] [info] CMC::computeControls, t = 1.832
[2023-08-15 22:17:33.501] [info] CMC::computeControls, t = 1.833
[2023-08-15 22:17:33.527] [info] CMC::computeControls, t = 1.834
[2023-08-15 22:17:33.561] [info] CMC::computeControls, t = 1.835
[2023-08-15 22:17:33.577] [info] CMC::computeControls, t = 1.836
[2023-08-15 22:17:33.597] [info] CMC::computeControls, t = 1.837
[2023-08-15 22:17:33.618] [info] CMC::computeControls, t = 1.838
[2023-08-15 22:17:33.643] [info] CMC::computeControls, t = 1.839
[2023-08-15 22:17:33.673] [info] CMC::computeControls, t = 1.84
[2023-08-15 22:17:33.710] [info] CMC::computeControls, t = 1.841
[2023-08-15 22:17:33.736] [info] CMC::computeControls, t = 1.842
[2023-08-15 22:17:33.759] [info] CMC::computeControls, t = 1.843
[2023-08-15 22:17:33.782] [info] CMC::computeControls, t = 1.844
[2023-08-15 22:17:33.798] [info] CMC::computeControls, t = 1.845
[2023-08-15 22:17:33.822] [info] CMC::computeControls, t = 1.846
[2023-08-15 22:17:33.852] [info] CMC::computeControls, t = 1.847
[2023-08-15 22:17:33.878] [info] CMC::computeControls, t = 1.848
[2023-08-15 22:17:33.912] [info] CMC::computeControls, t = 1.849
[2023-08-15 22:17:33.937] [info] CMC::computeControls, t = 1.85
[2023-08-15 22:17:33.960] [info] CMC::computeControls, t = 1.851
[2023-08-15 22:17:33.991] [info] CMC::computeControls, t = 1.852
[2023-08-15 22:17:34.016] [info] CMC::computeControls, t = 1.853
[2023-08-15 22:17:34.032] [info] CMC::computeControls, t = 1.854
[2023-08-15 22:17:34.066] [info] CMC::computeControls, t = 1.855
[2023-08-15 22:17:34.087] [info] CMC::computeControls, t = 1.856
[2023-08-15 22:17:34.114] [info] CMC::computeControls, t = 1.857
[2023-08-15 22:17:34.132] [info] CMC::computeControls, t = 1.858
[2023-08-15 22:17:34.148] [info] CMC::computeControls, t = 1.859
[2023-08-15 22:17:34.166] [info] CMC::computeControls, t = 1.86
[2023-08-15 22:17:34.182] [info] CMC::computeControls, t = 1.861
[2023-08-15 22:17:34.199] [info] CMC::computeControls, t = 1.862
[2023-08-15 22:17:34.218] [info] CMC::computeControls, t = 1.863
[2023-08-15 22:17:34.257] [info] CMC::computeControls, t = 1.864
[2023-08-15 22:17:34.285] [info] CMC::computeControls, t = 1.865
[2023-08-15 22:17:34.311] [info] CMC::computeControls, t = 1.866
[2023-08-15 22:17:34.347] [info] CMC::computeControls, t = 1.867
[2023-08-15 22:17:34.381] [info] CMC::computeControls, t = 1.868
[2023-08-15 22:17:34.413] [info] CMC::computeControls, t = 1.869
[2023-08-15 22:17:34.435] [info] CMC::computeControls, t = 1.87
[2023-08-15 22:17:34.475] [info] CMC::computeControls, t = 1.871
[2023-08-15 22:17:34.513] [info] CMC::computeControls, t = 1.872
[2023-08-15 22:17:34.533] [info] CMC::computeControls, t = 1.873
[2023-08-15 22:17:34.565] [info] CMC::computeControls, t = 1.874
[2023-08-15 22:17:34.590] [info] CMC::computeControls, t = 1.875
[2023-08-15 22:17:34.613] [info] CMC::computeControls, t = 1.876
[2023-08-15 22:17:34.630] [info] CMC::computeControls, t = 1.877
[2023-08-15 22:17:34.655] [info] CMC::computeControls, t = 1.878
[2023-08-15 22:17:34.683] [info] CMC::computeControls, t = 1.879
[2023-08-15 22:17:34.699] [info] CMC::computeControls, t = 1.88
[2023-08-15 22:17:34.715] [info] CMC::computeControls, t = 1.881
[2023-08-15 22:17:34.737] [info] CMC::computeControls, t = 1.882
[2023-08-15 22:17:34.767] [info] CMC::computeControls, t = 1.883
[2023-08-15 22:17:34.787] [info] CMC::computeControls, t = 1.884
[2023-08-15 22:17:34.816] [info] CMC::computeControls, t = 1.885
[2023-08-15 22:17:34.832] [info] CMC::computeControls, t = 1.886
[2023-08-15 22:17:34.848] [info] CMC::computeControls, t = 1.887
[2023-08-15 22:17:34.874] [info] CMC::computeControls, t = 1.888
[2023-08-15 22:17:34.904] [info] CMC::computeControls, t = 1.889
[2023-08-15 22:17:34.930] [info] CMC::computeControls, t = 1.89
[2023-08-15 22:17:34.953] [info] CMC::computeControls, t = 1.891
[2023-08-15 22:17:34.972] [info] CMC::computeControls, t = 1.892
[2023-08-15 22:17:34.991] [info] CMC::computeControls, t = 1.893
[2023-08-15 22:17:35.007] [info] CMC::computeControls, t = 1.894
[2023-08-15 22:17:35.024] [info] CMC::computeControls, t = 1.895
[2023-08-15 22:17:35.060] [info] CMC::computeControls, t = 1.896
[2023-08-15 22:17:35.081] [info] CMC::computeControls, t = 1.897
[2023-08-15 22:17:35.105] [info] CMC::computeControls, t = 1.898
[2023-08-15 22:17:35.141] [info] CMC::computeControls, t = 1.899
[2023-08-15 22:17:35.157] [info] CMC::computeControls, t = 1.9
[2023-08-15 22:17:35.187] [info] CMC::computeControls, t = 1.90100
[2023-08-15 22:17:35.218] [info] CMC::computeControls, t = 1.90200
[2023-08-15 22:17:35.246] [info] CMC::computeControls, t = 1.90300
[2023-08-15 22:17:35.262] [info] CMC::computeControls, t = 1.90400
[2023-08-15 22:17:35.278] [info] CMC::computeControls, t = 1.90500
[2023-08-15 22:17:35.304] [info] CMC::computeControls, t = 1.90600
[2023-08-15 22:17:35.321] [info] CMC::computeControls, t = 1.90700
[2023-08-15 22:17:35.337] [info] CMC::computeControls, t = 1.90800
[2023-08-15 22:17:35.352] [info] CMC::computeControls, t = 1.90900
[2023-08-15 22:17:35.368] [info] CMC::computeControls, t = 1.91
[2023-08-15 22:17:35.383] [info] CMC::computeControls, t = 1.911
[2023-08-15 22:17:35.398] [info] CMC::computeControls, t = 1.912
[2023-08-15 22:17:35.421] [info] CMC::computeControls, t = 1.913
[2023-08-15 22:17:35.445] [info] CMC::computeControls, t = 1.914
[2023-08-15 22:17:35.466] [info] CMC::computeControls, t = 1.915
[2023-08-15 22:17:35.485] [info] CMC::computeControls, t = 1.916
[2023-08-15 22:17:35.520] [info] CMC::computeControls, t = 1.917
[2023-08-15 22:17:35.540] [info] CMC::computeControls, t = 1.918
[2023-08-15 22:17:35.577] [info] CMC::computeControls, t = 1.919
[2023-08-15 22:17:35.618] [info] CMC::computeControls, t = 1.92
[2023-08-15 22:17:35.642] [info] CMC::computeControls, t = 1.921
[2023-08-15 22:17:35.665] [info] CMC::computeControls, t = 1.922
[2023-08-15 22:17:35.692] [info] CMC::computeControls, t = 1.923
[2023-08-15 22:17:35.731] [info] CMC::computeControls, t = 1.924
[2023-08-15 22:17:35.764] [info] CMC::computeControls, t = 1.925
[2023-08-15 22:17:35.804] [info] CMC::computeControls, t = 1.926
[2023-08-15 22:17:35.841] [info] CMC::computeControls, t = 1.927
[2023-08-15 22:17:35.880] [info] CMC::computeControls, t = 1.928
[2023-08-15 22:17:35.910] [info] CMC::computeControls, t = 1.929
[2023-08-15 22:17:35.939] [info] CMC::computeControls, t = 1.93
[2023-08-15 22:17:35.977] [info] CMC::computeControls, t = 1.931
[2023-08-15 22:17:36.003] [info] CMC::computeControls, t = 1.932
[2023-08-15 22:17:36.040] [info] CMC::computeControls, t = 1.933
[2023-08-15 22:17:36.085] [info] CMC::computeControls, t = 1.934
[2023-08-15 22:17:36.115] [info] CMC::computeControls, t = 1.935
[2023-08-15 22:17:36.147] [info] CMC::computeControls, t = 1.936
[2023-08-15 22:17:36.170] [info] CMC::computeControls, t = 1.937
[2023-08-15 22:17:36.194] [info] CMC::computeControls, t = 1.938
[2023-08-15 22:17:36.219] [info] CMC::computeControls, t = 1.939
[2023-08-15 22:17:36.240] [info] CMC::computeControls, t = 1.94
[2023-08-15 22:17:36.278] [info] CMC::computeControls, t = 1.941
[2023-08-15 22:17:36.304] [info] CMC::computeControls, t = 1.942
[2023-08-15 22:17:36.324] [info] CMC::computeControls, t = 1.943
[2023-08-15 22:17:36.355] [info] CMC::computeControls, t = 1.944
[2023-08-15 22:17:36.381] [info] CMC::computeControls, t = 1.945
[2023-08-15 22:17:36.416] [info] CMC::computeControls, t = 1.946
[2023-08-15 22:17:36.452] [info] CMC::computeControls, t = 1.947
[2023-08-15 22:17:36.480] [info] CMC::computeControls, t = 1.948
[2023-08-15 22:17:36.508] [info] CMC::computeControls, t = 1.949
[2023-08-15 22:17:36.541] [info] CMC::computeControls, t = 1.95
[2023-08-15 22:17:36.580] [info] CMC::computeControls, t = 1.951
[2023-08-15 22:17:36.622] [info] CMC::computeControls, t = 1.952
[2023-08-15 22:17:36.642] [info] CMC::computeControls, t = 1.953
[2023-08-15 22:17:36.667] [info] CMC::computeControls, t = 1.954
[2023-08-15 22:17:36.690] [info] CMC::computeControls, t = 1.955
[2023-08-15 22:17:36.722] [info] CMC::computeControls, t = 1.956
[2023-08-15 22:17:36.747] [info] CMC::computeControls, t = 1.957
[2023-08-15 22:17:36.776] [info] CMC::computeControls, t = 1.958
[2023-08-15 22:17:36.813] [info] CMC::computeControls, t = 1.959
[2023-08-15 22:17:36.845] [info] CMC::computeControls, t = 1.96
[2023-08-15 22:17:36.874] [info] CMC::computeControls, t = 1.961
[2023-08-15 22:17:36.900] [info] CMC::computeControls, t = 1.962
[2023-08-15 22:17:36.941] [info] CMC::computeControls, t = 1.963
[2023-08-15 22:17:36.983] [info] CMC::computeControls, t = 1.964
[2023-08-15 22:17:37.020] [info] CMC::computeControls, t = 1.965
[2023-08-15 22:17:37.058] [info] CMC::computeControls, t = 1.966
[2023-08-15 22:17:37.092] [info] CMC::computeControls, t = 1.967
[2023-08-15 22:17:37.124] [info] CMC::computeControls, t = 1.968
[2023-08-15 22:17:37.149] [info] CMC::computeControls, t = 1.969
[2023-08-15 22:17:37.171] [info] CMC::computeControls, t = 1.97
[2023-08-15 22:17:37.186] [info] CMC::computeControls, t = 1.971
[2023-08-15 22:17:37.202] [info] CMC::computeControls, t = 1.972
[2023-08-15 22:17:37.239] [info] CMC::computeControls, t = 1.973
[2023-08-15 22:17:37.269] [info] CMC::computeControls, t = 1.974
[2023-08-15 22:17:37.288] [info] CMC::computeControls, t = 1.975
[2023-08-15 22:17:37.312] [info] CMC::computeControls, t = 1.976
[2023-08-15 22:17:37.327] [info] CMC::computeControls, t = 1.977
[2023-08-15 22:17:37.362] [info] CMC::computeControls, t = 1.978
[2023-08-15 22:17:37.401] [info] CMC::computeControls, t = 1.979
[2023-08-15 22:17:37.428] [info] CMC::computeControls, t = 1.98
[2023-08-15 22:17:37.466] [info] CMC::computeControls, t = 1.981
[2023-08-15 22:17:37.495] [info] CMC::computeControls, t = 1.982
[2023-08-15 22:17:37.516] [info] CMC::computeControls, t = 1.983
[2023-08-15 22:17:37.537] [info] CMC::computeControls, t = 1.984
[2023-08-15 22:17:37.567] [info] CMC::computeControls, t = 1.985
[2023-08-15 22:17:37.608] [info] CMC::computeControls, t = 1.986
[2023-08-15 22:17:37.629] [info] CMC::computeControls, t = 1.987
[2023-08-15 22:17:37.660] [info] CMC::computeControls, t = 1.988
[2023-08-15 22:17:37.680] [info] CMC::computeControls, t = 1.989
[2023-08-15 22:17:37.707] [info] CMC::computeControls, t = 1.99
[2023-08-15 22:17:37.729] [info] CMC::computeControls, t = 1.991
[2023-08-15 22:17:37.746] [info] CMC::computeControls, t = 1.992
[2023-08-15 22:17:37.782] [info] CMC::computeControls, t = 1.993
[2023-08-15 22:17:37.806] [info] CMC::computeControls, t = 1.994
[2023-08-15 22:17:37.831] [info] CMC::computeControls, t = 1.995
[2023-08-15 22:17:37.850] [info] CMC::computeControls, t = 1.996
[2023-08-15 22:17:37.886] [info] CMC::computeControls, t = 1.997
[2023-08-15 22:17:37.924] [info] CMC::computeControls, t = 1.998
[2023-08-15 22:17:37.961] [info] CMC::computeControls, t = 1.999
[2023-08-15 22:17:37.999] [info] CMC::computeControls, t = 2.0
[2023-08-15 22:17:38.019] [info] CMC::computeControls, t = 2.00100
[2023-08-15 22:17:38.048] [info] CMC::computeControls, t = 2.00200
[2023-08-15 22:17:38.074] [info] CMC::computeControls, t = 2.00300
[2023-08-15 22:17:38.101] [info] CMC::computeControls, t = 2.00400
[2023-08-15 22:17:38.123] [info] CMC::computeControls, t = 2.00500
[2023-08-15 22:17:38.145] [info] CMC::computeControls, t = 2.00600
[2023-08-15 22:17:38.172] [info] CMC::computeControls, t = 2.00700
[2023-08-15 22:17:38.198] [info] CMC::computeControls, t = 2.00800
[2023-08-15 22:17:38.215] [info] CMC::computeControls, t = 2.00900
[2023-08-15 22:17:38.236] [info] CMC::computeControls, t = 2.01
[2023-08-15 22:17:38.265] [info] CMC::computeControls, t = 2.011
[2023-08-15 22:17:38.294] [info] CMC::computeControls, t = 2.012
[2023-08-15 22:17:38.318] [info] CMC::computeControls, t = 2.013
[2023-08-15 22:17:38.352] [info] CMC::computeControls, t = 2.014
[2023-08-15 22:17:38.374] [info] CMC::computeControls, t = 2.015
[2023-08-15 22:17:38.404] [info] CMC::computeControls, t = 2.016
[2023-08-15 22:17:38.432] [info] CMC::computeControls, t = 2.017
[2023-08-15 22:17:38.452] [info] CMC::computeControls, t = 2.018
[2023-08-15 22:17:38.472] [info] CMC::computeControls, t = 2.019
[2023-08-15 22:17:38.487] [info] CMC::computeControls, t = 2.02
[2023-08-15 22:17:38.503] [info] CMC::computeControls, t = 2.021
[2023-08-15 22:17:38.530] [info] CMC::computeControls, t = 2.022
[2023-08-15 22:17:38.557] [info] CMC::computeControls, t = 2.023
[2023-08-15 22:17:38.573] [info] CMC::computeControls, t = 2.024
[2023-08-15 22:17:38.588] [info] CMC::computeControls, t = 2.025
[2023-08-15 22:17:38.604] [info] CMC::computeControls, t = 2.026
[2023-08-15 22:17:38.622] [info] CMC::computeControls, t = 2.027
[2023-08-15 22:17:38.639] [info] CMC::computeControls, t = 2.028
[2023-08-15 22:17:38.656] [info] CMC::computeControls, t = 2.029
[2023-08-15 22:17:38.672] [info] CMC::computeControls, t = 2.03
[2023-08-15 22:17:38.706] [info] CMC::computeControls, t = 2.031
[2023-08-15 22:17:38.738] [info] CMC::computeControls, t = 2.032
[2023-08-15 22:17:38.755] [info] CMC::computeControls, t = 2.033
[2023-08-15 22:17:38.770] [info] CMC::computeControls, t = 2.034
[2023-08-15 22:17:38.786] [info] CMC::computeControls, t = 2.035
[2023-08-15 22:17:38.801] [info] CMC::computeControls, t = 2.036
[2023-08-15 22:17:38.816] [info] CMC::computeControls, t = 2.037
[2023-08-15 22:17:38.832] [info] CMC::computeControls, t = 2.038
[2023-08-15 22:17:38.847] [info] CMC::computeControls, t = 2.039
[2023-08-15 22:17:38.875] [info] CMC::computeControls, t = 2.04
[2023-08-15 22:17:38.890] [info] CMC::computeControls, t = 2.041
[2023-08-15 22:17:38.916] [info] CMC::computeControls, t = 2.042
[2023-08-15 22:17:38.944] [info] CMC::computeControls, t = 2.043
[2023-08-15 22:17:38.970] [info] CMC::computeControls, t = 2.044
[2023-08-15 22:17:38.986] [info] CMC::computeControls, t = 2.045
[2023-08-15 22:17:39.018] [info] CMC::computeControls, t = 2.046
[2023-08-15 22:17:39.058] [info] CMC::computeControls, t = 2.047
[2023-08-15 22:17:39.073] [info] CMC::computeControls, t = 2.048
[2023-08-15 22:17:39.089] [info] CMC::computeControls, t = 2.049
[2023-08-15 22:17:39.128] [info] CMC::computeControls, t = 2.05
[2023-08-15 22:17:39.158] [info] CMC::computeControls, t = 2.051
[2023-08-15 22:17:39.188] [info] CMC::computeControls, t = 2.052
[2023-08-15 22:17:39.224] [info] CMC::computeControls, t = 2.053
[2023-08-15 22:17:39.249] [info] CMC::computeControls, t = 2.054
[2023-08-15 22:17:39.268] [info] CMC::computeControls, t = 2.055
[2023-08-15 22:17:39.309] [info] CMC::computeControls, t = 2.056
[2023-08-15 22:17:39.343] [info] CMC::computeControls, t = 2.057
[2023-08-15 22:17:39.377] [info] CMC::computeControls, t = 2.058
[2023-08-15 22:17:39.400] [info] CMC::computeControls, t = 2.059
[2023-08-15 22:17:39.433] [info] CMC::computeControls, t = 2.06
[2023-08-15 22:17:39.458] [info] CMC::computeControls, t = 2.061
[2023-08-15 22:17:39.494] [info] CMC::computeControls, t = 2.062
[2023-08-15 22:17:39.520] [info] CMC::computeControls, t = 2.063
[2023-08-15 22:17:39.551] [info] CMC::computeControls, t = 2.064
[2023-08-15 22:17:39.595] [info] CMC::computeControls, t = 2.065
[2023-08-15 22:17:39.630] [info] CMC::computeControls, t = 2.066
[2023-08-15 22:17:39.667] [info] CMC::computeControls, t = 2.067
[2023-08-15 22:17:39.694] [info] CMC::computeControls, t = 2.068
[2023-08-15 22:17:39.737] [info] CMC::computeControls, t = 2.069
[2023-08-15 22:17:39.758] [info] CMC::computeControls, t = 2.07
[2023-08-15 22:17:39.789] [info] CMC::computeControls, t = 2.071
[2023-08-15 22:17:39.816] [info] CMC::computeControls, t = 2.072
[2023-08-15 22:17:39.834] [info] CMC::computeControls, t = 2.073
[2023-08-15 22:17:39.852] [info] CMC::computeControls, t = 2.074
[2023-08-15 22:17:39.877] [info] CMC::computeControls, t = 2.075
[2023-08-15 22:17:39.944] [info] CMC::computeControls, t = 2.076
[2023-08-15 22:17:39.981] [info] CMC::computeControls, t = 2.077
[2023-08-15 22:17:40.017] [info] CMC::computeControls, t = 2.078
[2023-08-15 22:17:40.033] [info] CMC::computeControls, t = 2.079
[2023-08-15 22:17:40.048] [info] CMC::computeControls, t = 2.08
[2023-08-15 22:17:40.065] [info] CMC::computeControls, t = 2.081
[2023-08-15 22:17:40.089] [info] CMC::computeControls, t = 2.082
[2023-08-15 22:17:40.121] [info] CMC::computeControls, t = 2.083
[2023-08-15 22:17:40.154] [info] CMC::computeControls, t = 2.084
[2023-08-15 22:17:40.186] [info] CMC::computeControls, t = 2.085
[2023-08-15 22:17:40.214] [info] CMC::computeControls, t = 2.086
[2023-08-15 22:17:40.241] [info] CMC::computeControls, t = 2.087
[2023-08-15 22:17:40.265] [info] CMC::computeControls, t = 2.088
[2023-08-15 22:17:40.289] [info] CMC::computeControls, t = 2.089
[2023-08-15 22:17:40.310] [info] CMC::computeControls, t = 2.09
[2023-08-15 22:17:40.337] [info] CMC::computeControls, t = 2.091
[2023-08-15 22:17:40.361] [info] CMC::computeControls, t = 2.092
[2023-08-15 22:17:40.384] [info] CMC::computeControls, t = 2.093
[2023-08-15 22:17:40.412] [info] CMC::computeControls, t = 2.094
[2023-08-15 22:17:40.428] [info] CMC::computeControls, t = 2.095
[2023-08-15 22:17:40.463] [info] CMC::computeControls, t = 2.096
[2023-08-15 22:17:40.486] [info] CMC::computeControls, t = 2.097
[2023-08-15 22:17:40.501] [info] CMC::computeControls, t = 2.098
[2023-08-15 22:17:40.520] [info] CMC::computeControls, t = 2.099
[2023-08-15 22:17:40.541] [info] CMC::computeControls, t = 2.1
[2023-08-15 22:17:40.569] [info] CMC::computeControls, t = 2.10100
[2023-08-15 22:17:40.594] [info] CMC::computeControls, t = 2.10200
[2023-08-15 22:17:40.619] [info] CMC::computeControls, t = 2.10300
[2023-08-15 22:17:40.640] [info] CMC::computeControls, t = 2.10400
[2023-08-15 22:17:40.655] [info] CMC::computeControls, t = 2.10500
[2023-08-15 22:17:40.670] [info] CMC::computeControls, t = 2.10600
[2023-08-15 22:17:40.688] [info] CMC::computeControls, t = 2.10700
[2023-08-15 22:17:40.705] [info] CMC::computeControls, t = 2.10800
[2023-08-15 22:17:40.728] [info] CMC::computeControls, t = 2.10900
[2023-08-15 22:17:40.748] [info] CMC::computeControls, t = 2.11
[2023-08-15 22:17:40.767] [info] CMC::computeControls, t = 2.111
[2023-08-15 22:17:40.792] [info] CMC::computeControls, t = 2.112
[2023-08-15 22:17:40.824] [info] CMC::computeControls, t = 2.113
[2023-08-15 22:17:40.849] [info] CMC::computeControls, t = 2.114
[2023-08-15 22:17:40.885] [info] CMC::computeControls, t = 2.115
[2023-08-15 22:17:40.917] [info] CMC::computeControls, t = 2.116
[2023-08-15 22:17:40.940] [info] CMC::computeControls, t = 2.117
[2023-08-15 22:17:40.973] [info] CMC::computeControls, t = 2.118
[2023-08-15 22:17:40.992] [info] CMC::computeControls, t = 2.119
[2023-08-15 22:17:41.028] [info] CMC::computeControls, t = 2.12
[2023-08-15 22:17:41.053] [info] CMC::computeControls, t = 2.121
[2023-08-15 22:17:41.084] [info] CMC::computeControls, t = 2.122
[2023-08-15 22:17:41.114] [info] CMC::computeControls, t = 2.123
[2023-08-15 22:17:41.136] [info] CMC::computeControls, t = 2.124
[2023-08-15 22:17:41.162] [info] CMC::computeControls, t = 2.125
[2023-08-15 22:17:41.192] [info] CMC::computeControls, t = 2.126
[2023-08-15 22:17:41.218] [info] CMC::computeControls, t = 2.127
[2023-08-15 22:17:41.253] [info] CMC::computeControls, t = 2.128
[2023-08-15 22:17:41.285] [info] CMC::computeControls, t = 2.129
[2023-08-15 22:17:41.320] [info] CMC::computeControls, t = 2.13
[2023-08-15 22:17:41.338] [info] CMC::computeControls, t = 2.131
[2023-08-15 22:17:41.365] [info] CMC::computeControls, t = 2.132
[2023-08-15 22:17:41.391] [info] CMC::computeControls, t = 2.133
[2023-08-15 22:17:41.420] [info] CMC::computeControls, t = 2.134
[2023-08-15 22:17:41.448] [info] CMC::computeControls, t = 2.135
[2023-08-15 22:17:41.467] [info] CMC::computeControls, t = 2.136
[2023-08-15 22:17:41.489] [info] CMC::computeControls, t = 2.137
[2023-08-15 22:17:41.512] [info] CMC::computeControls, t = 2.138
[2023-08-15 22:17:41.554] [info] CMC::computeControls, t = 2.139
[2023-08-15 22:17:41.597] [info] CMC::computeControls, t = 2.14
[2023-08-15 22:17:41.627] [info] CMC::computeControls, t = 2.141
[2023-08-15 22:17:41.644] [info] CMC::computeControls, t = 2.142
[2023-08-15 22:17:41.673] [info] CMC::computeControls, t = 2.143
[2023-08-15 22:17:41.693] [info] CMC::computeControls, t = 2.144
[2023-08-15 22:17:41.710] [info] CMC::computeControls, t = 2.145
[2023-08-15 22:17:41.729] [info] CMC::computeControls, t = 2.146
[2023-08-15 22:17:41.759] [info] CMC::computeControls, t = 2.147
[2023-08-15 22:17:41.778] [info] CMC::computeControls, t = 2.148
[2023-08-15 22:17:41.803] [info] CMC::computeControls, t = 2.149
[2023-08-15 22:17:41.831] [info] CMC::computeControls, t = 2.15
[2023-08-15 22:17:41.847] [info] CMC::computeControls, t = 2.151
[2023-08-15 22:17:41.864] [info] CMC::computeControls, t = 2.152
[2023-08-15 22:17:41.887] [info] CMC::computeControls, t = 2.153
[2023-08-15 22:17:41.910] [info] CMC::computeControls, t = 2.154
[2023-08-15 22:17:41.949] [info] CMC::computeControls, t = 2.155
[2023-08-15 22:17:41.975] [info] CMC::computeControls, t = 2.156
[2023-08-15 22:17:42.013] [info] CMC::computeControls, t = 2.157
[2023-08-15 22:17:42.040] [info] CMC::computeControls, t = 2.158
[2023-08-15 22:17:42.069] [info] CMC::computeControls, t = 2.159
[2023-08-15 22:17:42.110] [info] CMC::computeControls, t = 2.16
[2023-08-15 22:17:42.150] [info] CMC::computeControls, t = 2.161
[2023-08-15 22:17:42.177] [info] CMC::computeControls, t = 2.162
[2023-08-15 22:17:42.195] [info] CMC::computeControls, t = 2.163
[2023-08-15 22:17:42.215] [info] CMC::computeControls, t = 2.164
[2023-08-15 22:17:42.230] [info] CMC::computeControls, t = 2.165
[2023-08-15 22:17:42.246] [info] CMC::computeControls, t = 2.166
[2023-08-15 22:17:42.270] [info] CMC::computeControls, t = 2.167
[2023-08-15 22:17:42.305] [info] CMC::computeControls, t = 2.168
[2023-08-15 22:17:42.322] [info] CMC::computeControls, t = 2.169
[2023-08-15 22:17:42.349] [info] CMC::computeControls, t = 2.17
[2023-08-15 22:17:42.369] [info] CMC::computeControls, t = 2.171
[2023-08-15 22:17:42.396] [info] CMC::computeControls, t = 2.172
[2023-08-15 22:17:42.412] [info] CMC::computeControls, t = 2.173
[2023-08-15 22:17:42.446] [info] CMC::computeControls, t = 2.174
[2023-08-15 22:17:42.472] [info] CMC::computeControls, t = 2.175
[2023-08-15 22:17:42.506] [info] CMC::computeControls, t = 2.176
[2023-08-15 22:17:42.537] [info] CMC::computeControls, t = 2.177
[2023-08-15 22:17:42.557] [info] CMC::computeControls, t = 2.178
[2023-08-15 22:17:42.581] [info] CMC::computeControls, t = 2.179
[2023-08-15 22:17:42.598] [info] CMC::computeControls, t = 2.18
[2023-08-15 22:17:42.628] [info] CMC::computeControls, t = 2.181
[2023-08-15 22:17:42.662] [info] CMC::computeControls, t = 2.182
[2023-08-15 22:17:42.692] [info] CMC::computeControls, t = 2.183
[2023-08-15 22:17:42.717] [info] CMC::computeControls, t = 2.184
[2023-08-15 22:17:42.746] [info] CMC::computeControls, t = 2.185
[2023-08-15 22:17:42.779] [info] CMC::computeControls, t = 2.186
[2023-08-15 22:17:42.805] [info] CMC::computeControls, t = 2.187
[2023-08-15 22:17:42.844] [info] CMC::computeControls, t = 2.188
[2023-08-15 22:17:42.871] [info] CMC::computeControls, t = 2.189
[2023-08-15 22:17:42.896] [info] CMC::computeControls, t = 2.19
[2023-08-15 22:17:42.916] [info] CMC::computeControls, t = 2.191
[2023-08-15 22:17:42.959] [info] CMC::computeControls, t = 2.192
[2023-08-15 22:17:42.985] [info] CMC::computeControls, t = 2.193
[2023-08-15 22:17:43.010] [info] CMC::computeControls, t = 2.194
[2023-08-15 22:17:43.039] [info] CMC::computeControls, t = 2.195
[2023-08-15 22:17:43.074] [info] CMC::computeControls, t = 2.196
[2023-08-15 22:17:43.106] [info] CMC::computeControls, t = 2.197
[2023-08-15 22:17:43.127] [info] CMC::computeControls, t = 2.198
[2023-08-15 22:17:43.143] [info] CMC::computeControls, t = 2.199
[2023-08-15 22:17:43.159] [info] CMC::computeControls, t = 2.2
[2023-08-15 22:17:43.185] [info] CMC::computeControls, t = 2.20100
[2023-08-15 22:17:43.212] [info] CMC::computeControls, t = 2.20200
[2023-08-15 22:17:43.244] [info] CMC::computeControls, t = 2.20300
[2023-08-15 22:17:43.270] [info] CMC::computeControls, t = 2.20400
[2023-08-15 22:17:43.304] [info] CMC::computeControls, t = 2.20500
[2023-08-15 22:17:43.326] [info] CMC::computeControls, t = 2.20600
[2023-08-15 22:17:43.346] [info] CMC::computeControls, t = 2.20700
[2023-08-15 22:17:43.379] [info] CMC::computeControls, t = 2.20800
[2023-08-15 22:17:43.412] [info] CMC::computeControls, t = 2.20900
[2023-08-15 22:17:43.450] [info] CMC::computeControls, t = 2.21
[2023-08-15 22:17:43.467] [info] CMC::computeControls, t = 2.211
[2023-08-15 22:17:43.492] [info] CMC::computeControls, t = 2.212
[2023-08-15 22:17:43.511] [info] CMC::computeControls, t = 2.213
[2023-08-15 22:17:43.530] [info] CMC::computeControls, t = 2.214
[2023-08-15 22:17:43.555] [info] CMC::computeControls, t = 2.215
[2023-08-15 22:17:43.579] [info] CMC::computeControls, t = 2.216
[2023-08-15 22:17:43.612] [info] CMC::computeControls, t = 2.217
[2023-08-15 22:17:43.652] [info] CMC::computeControls, t = 2.218
[2023-08-15 22:17:43.687] [info] CMC::computeControls, t = 2.219
[2023-08-15 22:17:43.706] [info] CMC::computeControls, t = 2.22
[2023-08-15 22:17:43.724] [info] CMC::computeControls, t = 2.221
[2023-08-15 22:17:43.743] [info] CMC::computeControls, t = 2.222
[2023-08-15 22:17:43.759] [info] CMC::computeControls, t = 2.223
[2023-08-15 22:17:43.784] [info] CMC::computeControls, t = 2.224
[2023-08-15 22:17:43.811] [info] CMC::computeControls, t = 2.225
[2023-08-15 22:17:43.836] [info] CMC::computeControls, t = 2.226
[2023-08-15 22:17:43.855] [info] -------------------------------------------
[2023-08-15 22:17:43.855] [info] Finished tracking the specified kinematics:
[2023-08-15 22:17:43.855] [info] -------------------------------------------
[2023-08-15 22:17:43.855] [info]  -- Start time = Tue Aug 15 22:17:27 2023
[2023-08-15 22:17:43.855] [info]  -- Finish time = Tue Aug 15 22:17:43 2023
[2023-08-15 22:17:43.855] [info]  -- Elapsed time = 16.0 seconds.
[2023-08-15 22:17:43.855] [info] -------------------------------------------
[2023-08-15 22:17:43.855] [info] 
[2023-08-15 22:17:43.855] [info] Printing results of investigation subject08_run5_cycle3_iter2 to cycle3/
[2023-08-15 22:17:44.491] [info] 

************************************************************
*      Summary of Mass Adjustments to Reduce Residuals     *
************************************************************
* Body adjusted: torso
* Mass Center (COM) adjustment: dx =-0.0462258, dz =0.0325931
* New COM location: ~[0.0351144,0.33222,-0.0310188]
************************************************************
* Recommended mass adjustments:                             
*  Total mass change: -0.154759
*  pelvis: orig mass = 12.7631, new mass = 12.7389
*  femur_r: orig mass = 10.0802, new mass = 10.061
*  tibia_r: orig mass = 4.01794, new mass = 4.01031
*  talus_r: orig mass = 0.108373, new mass = 0.108167
*  calcn_r: orig mass = 1.35467, new mass = 1.3521
*  toes_r: orig mass = 0.234736, new mass = 0.23429
*  femur_l: orig mass = 10.0802, new mass = 10.061
*  tibia_l: orig mass = 4.01794, new mass = 4.01031
*  talus_l: orig mass = 0.108373, new mass = 0.108167
*  calcn_l: orig mass = 1.35467, new mass = 1.3521
*  toes_l: orig mass = 0.234736, new mass = 0.23429
*  torso: orig mass = 29.0729, new mass = 29.0177
*  humerus_r: orig mass = 2.20269, new mass = 2.19851
*  ulna_r: orig mass = 0.658367, new mass = 0.657116
*  radius_r: orig mass = 0.658367, new mass = 0.657116
*  hand_r: orig mass = 0.495808, new mass = 0.494866
*  humerus_l: orig mass = 2.20269, new mass = 2.19851
*  ulna_l: orig mass = 0.658367, new mass = 0.657116
*  radius_l: orig mass = 0.658367, new mass = 0.657116
*  hand_l: orig mass = 0.495808, new mass = 0.494866
************************************************************
* Note: Edit the model to make recommended adjustments to  *
*       mass properties.                                   *
************************************************************

* Average residuals before adjusting torso COM:
*  FX=-6.0213 FY=1.51767 FZ=4.63342
*  MX=-9.29255 MY=-1.44057 MZ=-13.1793
************************************************************
* Average residuals after adjusting torso COM:
*  FX=-5.84842 FY=2.36358 FZ=5.99861
*  MX=1.34451 MY=-2.63368 MZ=0.273362
************************************************************


[2023-08-15 22:17:44.491] [info] 
************************************************************
*                   Final Average Residuals                *
************************************************************
* After torso COM and Kinematics adjustments:
*  FX=-2.07599 FY=0.78418 FZ=1.06664
*  MX=-0.893916 MY=-0.497479 MZ=-1.55255
************************************************************


