[2023-03-10 19:52:19.661] [info] AbstractTool subject02_run5_cycle2 loading model ..\..\model\subject02_adjusted_scaled.osim
[2023-03-10 19:52:19.709] [info] Loaded model subject02_scaled from file ..\..\model\subject02_adjusted_scaled.osim
[2023-03-10 19:52:19.748] [info] Adding force object set from subject02_run5_RRA_Actuators.xml
[2023-03-10 19:52:19.755] [info] Running tool subject02_run5_cycle2.
[2023-03-10 19:52:19.768] [warning] ExternalLoads 'externalloads' has subcomponents with duplicate name 'externalforce'. The duplicate is being renamed to 'externalforce_0'.
[2023-03-10 19:52:19.799] [info] 	taskSet size = 29.
[2023-03-10 19:52:19.885] [info] ExternalForce::externalforce Data source being set to Run_500 02_newCOP3_v24.mot
[2023-03-10 19:52:19.885] [info] ExternalForce::externalforce_0 Data source being set to Run_500 02_newCOP3_v24.mot
[2023-03-10 19:52:19.889] [warning] A desired points file was not specified.
[2023-03-10 19:52:19.889] [info] Loading desired kinematics from file '..\..\ik\Run_5.mot'...
[2023-03-10 19:52:19.890] [info] Old version storage/motion file encountered
[2023-03-10 19:52:19.890] [info] Storage: read data file = ..\..\ik\Run_5.mot (nr=450 nc=164)
[2023-03-10 19:52:19.890] [info] .. assuming rotations in Degrees..
[2023-03-10 19:52:19.971] [info] Low-pass filtering desired kinematics with a cutoff frequency of 15.0...
[2023-03-10 19:52:21.505] [cout] [info] MODEL: subject02_scaled

numStates = 74
numCoordinates = 37
numSpeeds = 37
numActuators = 29
numBodies = 20
numConstraints = 0
numProbes = 0

ANALYSES (total: 0)

BODIES (total: 20)
body[0] = pelvis. mass: 11.9824
              moments of inertia:  ~[0.115611,0.115611,0.0685758]
              products of inertia: ~[0,0,0]
body[1] = femur_r. mass: 9.46364
              moments of inertia:  ~[0.207019,0.0542672,0.218306]
              products of inertia: ~[0,0,0]
body[2] = tibia_r. mass: 3.77217
              moments of inertia:  ~[0.0585182,0.00469735,0.0585182]
              products of inertia: ~[0,0,0]
body[3] = talus_r. mass: 0.101744
              moments of inertia:  ~[0.00119979,0.00119979,0.00119979]
              products of inertia: ~[0,0,0]
body[4] = calcn_r. mass: 1.2718
              moments of inertia:  ~[0.00167971,0.0046792,0.00491916]
              products of inertia: ~[0,0,0]
body[5] = toes_r. mass: 0.220378
              moments of inertia:  ~[0.000119979,0.000239959,0.00119979]
              products of inertia: ~[0,0,0]
body[6] = femur_l. mass: 9.46364
              moments of inertia:  ~[0.207019,0.0542672,0.218306]
              products of inertia: ~[0,0,0]
body[7] = tibia_l. mass: 3.77217
              moments of inertia:  ~[0.0585182,0.00469735,0.0585182]
              products of inertia: ~[0,0,0]
body[8] = talus_l. mass: 0.101744
              moments of inertia:  ~[0.00119979,0.00119979,0.00119979]
              products of inertia: ~[0,0,0]
body[9] = calcn_l. mass: 1.2718
              moments of inertia:  ~[0.00167971,0.0046792,0.00491916]
              products of inertia: ~[0,0,0]
body[10] = toes_l. mass: 0.220378
              moments of inertia:  ~[0.000119979,0.000239959,0.00119979]
              products of inertia: ~[0,0,0]
body[11] = torso. mass: 27.2945
              moments of inertia:  ~[1.51131,0.774358,1.46713]
              products of inertia: ~[0,0,0]
body[12] = humerus_r. mass: 2.06795
              moments of inertia:  ~[0.0151604,0.00522986,0.017017]
              products of inertia: ~[0,0,0]
body[13] = ulna_r. mass: 0.618096
              moments of inertia:  ~[0.00393111,0.000820198,0.00426423]
              products of inertia: ~[0,0,0]
body[14] = radius_r. mass: 0.618096
              moments of inertia:  ~[0.00393111,0.000820198,0.00426423]
              products of inertia: ~[0,0,0]
body[15] = hand_r. mass: 0.46548
              moments of inertia:  ~[0.00118385,0.000725968,0.00177842]
              products of inertia: ~[0,0,0]
body[16] = humerus_l. mass: 2.06795
              moments of inertia:  ~[0.0151604,0.00522986,0.017017]
              products of inertia: ~[0,0,0]
body[17] = ulna_l. mass: 0.618096
              moments of inertia:  ~[0.00393111,0.000820198,0.00426423]
              products of inertia: ~[0,0,0]
body[18] = radius_l. mass: 0.618096
              moments of inertia:  ~[0.00393111,0.000820198,0.00426423]
              products of inertia: ~[0,0,0]
body[19] = hand_l. mass: 0.46548
              moments of inertia:  ~[0.00118385,0.000725968,0.00177842]
              products of inertia: ~[0,0,0]

JOINTS (total: 20)
joint[0] = ground_pelvis. parent: ground_offset, child: pelvis_offset
joint[1] = hip_r. parent: pelvis_offset, child: femur_r_offset
joint[2] = knee_r. parent: femur_r_offset, child: tibia_r_offset
joint[3] = ankle_r. parent: tibia_r_offset, child: talus_r_offset
joint[4] = subtalar_r. parent: talus_r_offset, child: calcn_r_offset
joint[5] = mtp_r. parent: calcn_r_offset, child: toes_r_offset
joint[6] = hip_l. parent: pelvis_offset, child: femur_l_offset
joint[7] = knee_l. parent: femur_l_offset, child: tibia_l_offset
joint[8] = ankle_l. parent: tibia_l_offset, child: talus_l_offset
joint[9] = subtalar_l. parent: talus_l_offset, child: calcn_l_offset
joint[10] = mtp_l. parent: calcn_l_offset, child: toes_l_offset
joint[11] = back. parent: pelvis_offset, child: torso_offset
joint[12] = acromial_r. parent: torso_offset, child: humerus_r_offset
joint[13] = elbow_r. parent: humerus_r_offset, child: ulna_r_offset
joint[14] = radioulnar_r. parent: ulna_r_offset, child: radius_r_offset
joint[15] = radius_hand_r. parent: radius_r_offset, child: hand_r_offset
joint[16] = acromial_l. parent: torso_offset, child: humerus_l_offset
joint[17] = elbow_l. parent: humerus_l_offset, child: ulna_l_offset
joint[18] = radioulnar_l. parent: ulna_l_offset, child: radius_l_offset
joint[19] = radius_hand_l. parent: radius_l_offset, child: hand_l_offset

ACTUATORS (total: 29)
actuator[0] = FX
actuator[1] = FY
actuator[2] = FZ
actuator[3] = MZ
actuator[4] = MX
actuator[5] = MY
actuator[6] = hip_flexion_r
actuator[7] = hip_adduction_r
actuator[8] = hip_rotation_r
actuator[9] = knee_angle_r
actuator[10] = ankle_angle_r
actuator[11] = hip_flexion_l
actuator[12] = hip_adduction_l
actuator[13] = hip_rotation_l
actuator[14] = knee_angle_l
actuator[15] = ankle_angle_l
actuator[16] = lumbar_extension
actuator[17] = lumbar_bending
actuator[18] = lumbar_rotation
actuator[19] = arm_flex_r
actuator[20] = arm_add_r
actuator[21] = arm_rot_r
actuator[22] = elbow_flex_r
actuator[23] = pro_sup_r
actuator[24] = arm_flex_l
actuator[25] = arm_add_l
actuator[26] = arm_rot_l
actuator[27] = elbow_flex_l
actuator[28] = pro_sup_l

STATES (total: 74)
y[0] = /jointset/ground_pelvis/pelvis_tilt/value
y[1] = /jointset/ground_pelvis/pelvis_tilt/speed
y[2] = /jointset/ground_pelvis/pelvis_list/value
y[3] = /jointset/ground_pelvis/pelvis_list/speed
y[4] = /jointset/ground_pelvis/pelvis_rotation/value
y[5] = /jointset/ground_pelvis/pelvis_rotation/speed
y[6] = /jointset/ground_pelvis/pelvis_tx/value
y[7] = /jointset/ground_pelvis/pelvis_tx/speed
y[8] = /jointset/ground_pelvis/pelvis_ty/value
y[9] = /jointset/ground_pelvis/pelvis_ty/speed
y[10] = /jointset/ground_pelvis/pelvis_tz/value
y[11] = /jointset/ground_pelvis/pelvis_tz/speed
y[12] = /jointset/hip_r/hip_flexion_r/value
y[13] = /jointset/hip_r/hip_flexion_r/speed
y[14] = /jointset/hip_r/hip_adduction_r/value
y[15] = /jointset/hip_r/hip_adduction_r/speed
y[16] = /jointset/hip_r/hip_rotation_r/value
y[17] = /jointset/hip_r/hip_rotation_r/speed
y[18] = /jointset/knee_r/knee_angle_r/value
y[19] = /jointset/knee_r/knee_angle_r/speed
y[20] = /jointset/ankle_r/ankle_angle_r/value
y[21] = /jointset/ankle_r/ankle_angle_r/speed
y[22] = /jointset/subtalar_r/subtalar_angle_r/value
y[23] = /jointset/subtalar_r/subtalar_angle_r/speed
y[24] = /jointset/mtp_r/mtp_angle_r/value
y[25] = /jointset/mtp_r/mtp_angle_r/speed
y[26] = /jointset/hip_l/hip_flexion_l/value
y[27] = /jointset/hip_l/hip_flexion_l/speed
y[28] = /jointset/hip_l/hip_adduction_l/value
y[29] = /jointset/hip_l/hip_adduction_l/speed
y[30] = /jointset/hip_l/hip_rotation_l/value
y[31] = /jointset/hip_l/hip_rotation_l/speed
y[32] = /jointset/knee_l/knee_angle_l/value
y[33] = /jointset/knee_l/knee_angle_l/speed
y[34] = /jointset/ankle_l/ankle_angle_l/value
y[35] = /jointset/ankle_l/ankle_angle_l/speed
y[36] = /jointset/subtalar_l/subtalar_angle_l/value
y[37] = /jointset/subtalar_l/subtalar_angle_l/speed
y[38] = /jointset/mtp_l/mtp_angle_l/value
y[39] = /jointset/mtp_l/mtp_angle_l/speed
y[40] = /jointset/back/lumbar_extension/value
y[41] = /jointset/back/lumbar_extension/speed
y[42] = /jointset/back/lumbar_bending/value
y[43] = /jointset/back/lumbar_bending/speed
y[44] = /jointset/back/lumbar_rotation/value
y[45] = /jointset/back/lumbar_rotation/speed
y[46] = /jointset/acromial_r/arm_flex_r/value
y[47] = /jointset/acromial_r/arm_flex_r/speed
y[48] = /jointset/acromial_r/arm_add_r/value
y[49] = /jointset/acromial_r/arm_add_r/speed
y[50] = /jointset/acromial_r/arm_rot_r/value
y[51] = /jointset/acromial_r/arm_rot_r/speed
y[52] = /jointset/elbow_r/elbow_flex_r/value
y[53] = /jointset/elbow_r/elbow_flex_r/speed
y[54] = /jointset/radioulnar_r/pro_sup_r/value
y[55] = /jointset/radioulnar_r/pro_sup_r/speed
y[56] = /jointset/radius_hand_r/wrist_flex_r/value
y[57] = /jointset/radius_hand_r/wrist_flex_r/speed
y[58] = /jointset/radius_hand_r/wrist_dev_r/value
y[59] = /jointset/radius_hand_r/wrist_dev_r/speed
y[60] = /jointset/acromial_l/arm_flex_l/value
y[61] = /jointset/acromial_l/arm_flex_l/speed
y[62] = /jointset/acromial_l/arm_add_l/value
y[63] = /jointset/acromial_l/arm_add_l/speed
y[64] = /jointset/acromial_l/arm_rot_l/value
y[65] = /jointset/acromial_l/arm_rot_l/speed
y[66] = /jointset/elbow_l/elbow_flex_l/value
y[67] = /jointset/elbow_l/elbow_flex_l/speed
y[68] = /jointset/radioulnar_l/pro_sup_l/value
y[69] = /jointset/radioulnar_l/pro_sup_l/speed
y[70] = /jointset/radius_hand_l/wrist_flex_l/value
y[71] = /jointset/radius_hand_l/wrist_flex_l/speed
y[72] = /jointset/radius_hand_l/wrist_dev_l/value
y[73] = /jointset/radius_hand_l/wrist_dev_l/speed

[2023-03-10 19:52:21.882] [info] Requested COM adjustment time range 0.81563 to 1.4615, clamped to nearest available data times: 0.808283 to 1.45826.
[2023-03-10 19:52:21.882] [info] Computing average residuals between 0.808283 and 1.45826...
[2023-03-10 19:52:21.984] [info] ExternalForce::externalforce Data source being set to Run_500 02_newCOP3_v24.mot
[2023-03-10 19:52:21.984] [info] ExternalForce::externalforce_0 Data source being set to Run_500 02_newCOP3_v24.mot
[2023-03-10 19:52:22.028] [info] ExternalForce::externalforce Data source being set to Run_500 02_newCOP3_v24.mot
[2023-03-10 19:52:22.028] [info] ExternalForce::externalforce_0 Data source being set to Run_500 02_newCOP3_v24.mot
[2023-03-10 19:52:23.194] [info] ExternalForce::externalforce Data source being set to Run_500 02_newCOP3_v24.mot
[2023-03-10 19:52:23.194] [info] ExternalForce::externalforce_0 Data source being set to Run_500 02_newCOP3_v24.mot
[2023-03-10 19:52:23.197] [info] Computing average residuals between 0.808283 and 1.45826...
[2023-03-10 19:52:23.267] [info] ExternalForce::externalforce Data source being set to Run_500 02_newCOP3_v24.mot
[2023-03-10 19:52:23.268] [info] ExternalForce::externalforce_0 Data source being set to Run_500 02_newCOP3_v24.mot
[2023-03-10 19:52:23.314] [info] ExternalForce::externalforce Data source being set to Run_500 02_newCOP3_v24.mot
[2023-03-10 19:52:23.314] [info] ExternalForce::externalforce_0 Data source being set to Run_500 02_newCOP3_v24.mot
[2023-03-10 19:52:24.354] [info] Constructing function set for tracking desired kinematics...
[2023-03-10 19:52:25.030] [warning] No Actuation analysis found in analysis set, adding one...
[2023-03-10 19:52:25.031] [warning] No Kinematics analysis found in analysis set, adding one...
[2023-03-10 19:52:25.033] [info] Using the generalized coordinates specified in '..\..\ik\Run_5.mot' to set the initial configuration.
[2023-03-10 19:52:25.196] [info] Using IPOPT optimizer algorithm.
[2023-03-10 19:52:25.196] [info] Setting optimizer print level to 0.
[2023-03-10 19:52:25.196] [info] Setting optimizer convergence tolerance to 1.0e-05.
[2023-03-10 19:52:25.197] [info] Setting optimizer maximum iterations to 2000.
[2023-03-10 19:52:25.197] [info] Setting cmc controller to not use verbose printing.

[2023-03-10 19:52:25.198] [info] CMC::computeControls, t = 0.81563
[2023-03-10 19:52:25.918] [info] --------------------------------------------
[2023-03-10 19:52:25.918] [info] Using CMC to track the specified kinematics:
[2023-03-10 19:52:25.918] [info] --------------------------------------------
[2023-03-10 19:52:25.918] [info]  -- Integrating from 0.81563 to 1.4615
[2023-03-10 19:52:25.919] [info]  -- Start time = Fri Mar 10 19:52:25 2023
[2023-03-10 19:52:25.919] [info] --------------------------------------------
[2023-03-10 19:52:25.919] [info] 
[2023-03-10 19:52:25.925] [info] CMC::computeControls, t = 0.81563
[2023-03-10 19:52:25.961] [info] CMC::computeControls, t = 0.81663
[2023-03-10 19:52:25.961] [warning] Coordinate.setValue:  coordinate subtalar_angle_r is locked. Unable to change its value.
[2023-03-10 19:52:25.961] [warning] Coordinate.setValue:  coordinate mtp_angle_r is locked. Unable to change its value.
[2023-03-10 19:52:25.961] [warning] Coordinate.setValue:  coordinate subtalar_angle_l is locked. Unable to change its value.
[2023-03-10 19:52:25.961] [warning] Coordinate.setValue:  coordinate mtp_angle_l is locked. Unable to change its value.
[2023-03-10 19:52:25.961] [warning] Coordinate.setValue:  coordinate wrist_flex_r is locked. Unable to change its value.
[2023-03-10 19:52:25.962] [warning] Coordinate.setValue:  coordinate wrist_dev_r is locked. Unable to change its value.
[2023-03-10 19:52:25.962] [warning] Coordinate.setValue:  coordinate wrist_flex_l is locked. Unable to change its value.
[2023-03-10 19:52:25.962] [warning] Coordinate.setValue:  coordinate wrist_dev_l is locked. Unable to change its value.
[2023-03-10 19:52:25.993] [info] CMC::computeControls, t = 0.81763
[2023-03-10 19:52:26.009] [info] CMC::computeControls, t = 0.81863
[2023-03-10 19:52:26.025] [info] CMC::computeControls, t = 0.81963
[2023-03-10 19:52:26.043] [info] CMC::computeControls, t = 0.820630
[2023-03-10 19:52:26.059] [info] CMC::computeControls, t = 0.82163
[2023-03-10 19:52:26.074] [info] CMC::computeControls, t = 0.82263
[2023-03-10 19:52:26.090] [info] CMC::computeControls, t = 0.82363
[2023-03-10 19:52:26.117] [info] CMC::computeControls, t = 0.82463
[2023-03-10 19:52:26.133] [info] CMC::computeControls, t = 0.82563
[2023-03-10 19:52:26.149] [info] CMC::computeControls, t = 0.82663
[2023-03-10 19:52:26.165] [info] CMC::computeControls, t = 0.82763
[2023-03-10 19:52:26.192] [info] CMC::computeControls, t = 0.82863
[2023-03-10 19:52:26.211] [info] CMC::computeControls, t = 0.82963
[2023-03-10 19:52:26.226] [info] CMC::computeControls, t = 0.830630
[2023-03-10 19:52:26.250] [info] CMC::computeControls, t = 0.83163
[2023-03-10 19:52:26.268] [info] CMC::computeControls, t = 0.83263
[2023-03-10 19:52:26.282] [info] CMC::computeControls, t = 0.83363
[2023-03-10 19:52:26.301] [info] CMC::computeControls, t = 0.83463
[2023-03-10 19:52:26.324] [info] CMC::computeControls, t = 0.83563
[2023-03-10 19:52:26.363] [info] CMC::computeControls, t = 0.83663
[2023-03-10 19:52:26.387] [info] CMC::computeControls, t = 0.83763
[2023-03-10 19:52:26.422] [info] CMC::computeControls, t = 0.83863
[2023-03-10 19:52:26.445] [info] CMC::computeControls, t = 0.83963
[2023-03-10 19:52:26.462] [info] CMC::computeControls, t = 0.840630
[2023-03-10 19:52:26.493] [info] CMC::computeControls, t = 0.84163
[2023-03-10 19:52:26.509] [info] CMC::computeControls, t = 0.84263
[2023-03-10 19:52:26.534] [info] CMC::computeControls, t = 0.84363
[2023-03-10 19:52:26.556] [info] CMC::computeControls, t = 0.84463
[2023-03-10 19:52:26.571] [info] CMC::computeControls, t = 0.84563
[2023-03-10 19:52:26.594] [info] CMC::computeControls, t = 0.84663
[2023-03-10 19:52:26.618] [info] CMC::computeControls, t = 0.84763
[2023-03-10 19:52:26.642] [info] CMC::computeControls, t = 0.84863
[2023-03-10 19:52:26.662] [info] CMC::computeControls, t = 0.84963
[2023-03-10 19:52:26.677] [info] CMC::computeControls, t = 0.850630
[2023-03-10 19:52:26.701] [info] CMC::computeControls, t = 0.85163
[2023-03-10 19:52:26.722] [info] CMC::computeControls, t = 0.85263
[2023-03-10 19:52:26.739] [info] CMC::computeControls, t = 0.85363
[2023-03-10 19:52:26.765] [info] CMC::computeControls, t = 0.85463
[2023-03-10 19:52:26.791] [info] CMC::computeControls, t = 0.85563
[2023-03-10 19:52:26.826] [info] CMC::computeControls, t = 0.85663
[2023-03-10 19:52:26.842] [info] CMC::computeControls, t = 0.85763
[2023-03-10 19:52:26.867] [info] CMC::computeControls, t = 0.85863
[2023-03-10 19:52:26.900] [info] CMC::computeControls, t = 0.85963
[2023-03-10 19:52:26.916] [info] CMC::computeControls, t = 0.860630
[2023-03-10 19:52:26.945] [info] CMC::computeControls, t = 0.86163
[2023-03-10 19:52:26.978] [info] CMC::computeControls, t = 0.86263
[2023-03-10 19:52:27.009] [info] CMC::computeControls, t = 0.86363
[2023-03-10 19:52:27.039] [info] CMC::computeControls, t = 0.86463
[2023-03-10 19:52:27.069] [info] CMC::computeControls, t = 0.86563
[2023-03-10 19:52:27.102] [info] CMC::computeControls, t = 0.86663
[2023-03-10 19:52:27.120] [info] CMC::computeControls, t = 0.86763
[2023-03-10 19:52:27.141] [info] CMC::computeControls, t = 0.86863
[2023-03-10 19:52:27.164] [info] CMC::computeControls, t = 0.86963
[2023-03-10 19:52:27.179] [info] CMC::computeControls, t = 0.870630
[2023-03-10 19:52:27.205] [info] CMC::computeControls, t = 0.87163
[2023-03-10 19:52:27.229] [info] CMC::computeControls, t = 0.87263
[2023-03-10 19:52:27.245] [info] CMC::computeControls, t = 0.87363
[2023-03-10 19:52:27.269] [info] CMC::computeControls, t = 0.87463
[2023-03-10 19:52:27.286] [info] CMC::computeControls, t = 0.87563
[2023-03-10 19:52:27.301] [info] CMC::computeControls, t = 0.87663
[2023-03-10 19:52:27.317] [info] CMC::computeControls, t = 0.87763
[2023-03-10 19:52:27.333] [info] CMC::computeControls, t = 0.87863
[2023-03-10 19:52:27.349] [info] CMC::computeControls, t = 0.87963
[2023-03-10 19:52:27.368] [info] CMC::computeControls, t = 0.880630
[2023-03-10 19:52:27.384] [info] CMC::computeControls, t = 0.88163
[2023-03-10 19:52:27.411] [info] CMC::computeControls, t = 0.88263
[2023-03-10 19:52:27.432] [info] CMC::computeControls, t = 0.88363
[2023-03-10 19:52:27.453] [info] CMC::computeControls, t = 0.88463
[2023-03-10 19:52:27.468] [info] CMC::computeControls, t = 0.88563
[2023-03-10 19:52:27.484] [info] CMC::computeControls, t = 0.88663
[2023-03-10 19:52:27.512] [info] CMC::computeControls, t = 0.88763
[2023-03-10 19:52:27.540] [info] CMC::computeControls, t = 0.88863
[2023-03-10 19:52:27.563] [info] CMC::computeControls, t = 0.88963
[2023-03-10 19:52:27.597] [info] CMC::computeControls, t = 0.890630
[2023-03-10 19:52:27.628] [info] CMC::computeControls, t = 0.89163
[2023-03-10 19:52:27.654] [info] CMC::computeControls, t = 0.89263
[2023-03-10 19:52:27.684] [info] CMC::computeControls, t = 0.89363
[2023-03-10 19:52:27.707] [info] CMC::computeControls, t = 0.89463
[2023-03-10 19:52:27.725] [info] CMC::computeControls, t = 0.89563
[2023-03-10 19:52:27.743] [info] CMC::computeControls, t = 0.89663
[2023-03-10 19:52:27.767] [info] CMC::computeControls, t = 0.89763
[2023-03-10 19:52:27.784] [info] CMC::computeControls, t = 0.89863
[2023-03-10 19:52:27.813] [info] CMC::computeControls, t = 0.89963
[2023-03-10 19:52:27.840] [info] CMC::computeControls, t = 0.900630
[2023-03-10 19:52:27.866] [info] CMC::computeControls, t = 0.901630
[2023-03-10 19:52:27.894] [info] CMC::computeControls, t = 0.902630
[2023-03-10 19:52:27.911] [info] CMC::computeControls, t = 0.903630
[2023-03-10 19:52:27.938] [info] CMC::computeControls, t = 0.904630
[2023-03-10 19:52:27.959] [info] CMC::computeControls, t = 0.905630
[2023-03-10 19:52:27.976] [info] CMC::computeControls, t = 0.906630
[2023-03-10 19:52:27.995] [info] CMC::computeControls, t = 0.907630
[2023-03-10 19:52:28.011] [info] CMC::computeControls, t = 0.908630
[2023-03-10 19:52:28.028] [info] CMC::computeControls, t = 0.909630
[2023-03-10 19:52:28.049] [info] CMC::computeControls, t = 0.910630
[2023-03-10 19:52:28.069] [info] CMC::computeControls, t = 0.91163
[2023-03-10 19:52:28.093] [info] CMC::computeControls, t = 0.91263
[2023-03-10 19:52:28.108] [info] CMC::computeControls, t = 0.91363
[2023-03-10 19:52:28.133] [info] CMC::computeControls, t = 0.91463
[2023-03-10 19:52:28.158] [info] CMC::computeControls, t = 0.91563
[2023-03-10 19:52:28.192] [info] CMC::computeControls, t = 0.91663
[2023-03-10 19:52:28.216] [info] CMC::computeControls, t = 0.91763
[2023-03-10 19:52:28.233] [info] CMC::computeControls, t = 0.91863
[2023-03-10 19:52:28.264] [info] CMC::computeControls, t = 0.91963
[2023-03-10 19:52:28.297] [info] CMC::computeControls, t = 0.920630
[2023-03-10 19:52:28.319] [info] CMC::computeControls, t = 0.92163
[2023-03-10 19:52:28.334] [info] CMC::computeControls, t = 0.92263
[2023-03-10 19:52:28.360] [info] CMC::computeControls, t = 0.92363
[2023-03-10 19:52:28.380] [info] CMC::computeControls, t = 0.92463
[2023-03-10 19:52:28.395] [info] CMC::computeControls, t = 0.92563
[2023-03-10 19:52:28.427] [info] CMC::computeControls, t = 0.92663
[2023-03-10 19:52:28.445] [info] CMC::computeControls, t = 0.92763
[2023-03-10 19:52:28.462] [info] CMC::computeControls, t = 0.92863
[2023-03-10 19:52:28.478] [info] CMC::computeControls, t = 0.92963
[2023-03-10 19:52:28.499] [info] CMC::computeControls, t = 0.930630
[2023-03-10 19:52:28.532] [info] CMC::computeControls, t = 0.93163
[2023-03-10 19:52:28.548] [info] CMC::computeControls, t = 0.93263
[2023-03-10 19:52:28.581] [info] CMC::computeControls, t = 0.93363
[2023-03-10 19:52:28.617] [info] CMC::computeControls, t = 0.93463
[2023-03-10 19:52:28.632] [info] CMC::computeControls, t = 0.93563
[2023-03-10 19:52:28.649] [info] CMC::computeControls, t = 0.93663
[2023-03-10 19:52:28.680] [info] CMC::computeControls, t = 0.93763
[2023-03-10 19:52:28.702] [info] CMC::computeControls, t = 0.93863
[2023-03-10 19:52:28.730] [info] CMC::computeControls, t = 0.93963
[2023-03-10 19:52:28.763] [info] CMC::computeControls, t = 0.940630
[2023-03-10 19:52:28.799] [info] CMC::computeControls, t = 0.94163
[2023-03-10 19:52:28.828] [info] CMC::computeControls, t = 0.94263
[2023-03-10 19:52:28.857] [info] CMC::computeControls, t = 0.94363
[2023-03-10 19:52:28.885] [info] CMC::computeControls, t = 0.94463
[2023-03-10 19:52:28.923] [info] CMC::computeControls, t = 0.94563
[2023-03-10 19:52:28.942] [info] CMC::computeControls, t = 0.94663
[2023-03-10 19:52:28.971] [info] CMC::computeControls, t = 0.94763
[2023-03-10 19:52:28.987] [info] CMC::computeControls, t = 0.94863
[2023-03-10 19:52:29.002] [info] CMC::computeControls, t = 0.94963
[2023-03-10 19:52:29.038] [info] CMC::computeControls, t = 0.950630
[2023-03-10 19:52:29.059] [info] CMC::computeControls, t = 0.95163
[2023-03-10 19:52:29.074] [info] CMC::computeControls, t = 0.95263
[2023-03-10 19:52:29.089] [info] CMC::computeControls, t = 0.95363
[2023-03-10 19:52:29.104] [info] CMC::computeControls, t = 0.95463
[2023-03-10 19:52:29.128] [info] CMC::computeControls, t = 0.95563
[2023-03-10 19:52:29.149] [info] CMC::computeControls, t = 0.95663
[2023-03-10 19:52:29.179] [info] CMC::computeControls, t = 0.95763
[2023-03-10 19:52:29.201] [info] CMC::computeControls, t = 0.95863
[2023-03-10 19:52:29.229] [info] CMC::computeControls, t = 0.95963
[2023-03-10 19:52:29.255] [info] CMC::computeControls, t = 0.960630
[2023-03-10 19:52:29.279] [info] CMC::computeControls, t = 0.96163
[2023-03-10 19:52:29.295] [info] CMC::computeControls, t = 0.96263
[2023-03-10 19:52:29.328] [info] CMC::computeControls, t = 0.96363
[2023-03-10 19:52:29.351] [info] CMC::computeControls, t = 0.96463
[2023-03-10 19:52:29.373] [info] CMC::computeControls, t = 0.96563
[2023-03-10 19:52:29.388] [info] CMC::computeControls, t = 0.96663
[2023-03-10 19:52:29.410] [info] CMC::computeControls, t = 0.96763
[2023-03-10 19:52:29.428] [info] CMC::computeControls, t = 0.96863
[2023-03-10 19:52:29.455] [info] CMC::computeControls, t = 0.96963
[2023-03-10 19:52:29.482] [info] CMC::computeControls, t = 0.970630
[2023-03-10 19:52:29.500] [info] CMC::computeControls, t = 0.97163
[2023-03-10 19:52:29.518] [info] CMC::computeControls, t = 0.97263
[2023-03-10 19:52:29.538] [info] CMC::computeControls, t = 0.97363
[2023-03-10 19:52:29.554] [info] CMC::computeControls, t = 0.97463
[2023-03-10 19:52:29.569] [info] CMC::computeControls, t = 0.97563
[2023-03-10 19:52:29.593] [info] CMC::computeControls, t = 0.97663
[2023-03-10 19:52:29.610] [info] CMC::computeControls, t = 0.97763
[2023-03-10 19:52:29.632] [info] CMC::computeControls, t = 0.97863
[2023-03-10 19:52:29.647] [info] CMC::computeControls, t = 0.97963
[2023-03-10 19:52:29.663] [info] CMC::computeControls, t = 0.980630
[2023-03-10 19:52:29.691] [info] CMC::computeControls, t = 0.98163
[2023-03-10 19:52:29.713] [info] CMC::computeControls, t = 0.98263
[2023-03-10 19:52:29.742] [info] CMC::computeControls, t = 0.98363
[2023-03-10 19:52:29.759] [info] CMC::computeControls, t = 0.98463
[2023-03-10 19:52:29.784] [info] CMC::computeControls, t = 0.98563
[2023-03-10 19:52:29.808] [info] CMC::computeControls, t = 0.98663
[2023-03-10 19:52:29.847] [info] CMC::computeControls, t = 0.98763
[2023-03-10 19:52:29.867] [info] CMC::computeControls, t = 0.98863
[2023-03-10 19:52:29.882] [info] CMC::computeControls, t = 0.98963
[2023-03-10 19:52:29.903] [info] CMC::computeControls, t = 0.990630
[2023-03-10 19:52:29.923] [info] CMC::computeControls, t = 0.99163
[2023-03-10 19:52:29.962] [info] CMC::computeControls, t = 0.99263
[2023-03-10 19:52:29.982] [info] CMC::computeControls, t = 0.99363
[2023-03-10 19:52:30.005] [info] CMC::computeControls, t = 0.99463
[2023-03-10 19:52:30.031] [info] CMC::computeControls, t = 0.99563
[2023-03-10 19:52:30.056] [info] CMC::computeControls, t = 0.99663
[2023-03-10 19:52:30.083] [info] CMC::computeControls, t = 0.99763
[2023-03-10 19:52:30.108] [info] CMC::computeControls, t = 0.99863
[2023-03-10 19:52:30.136] [info] CMC::computeControls, t = 0.99963
[2023-03-10 19:52:30.162] [info] CMC::computeControls, t = 1.00063
[2023-03-10 19:52:30.177] [info] CMC::computeControls, t = 1.00163
[2023-03-10 19:52:30.202] [info] CMC::computeControls, t = 1.00263
[2023-03-10 19:52:30.227] [info] CMC::computeControls, t = 1.00363
[2023-03-10 19:52:30.247] [info] CMC::computeControls, t = 1.00463
[2023-03-10 19:52:30.267] [info] CMC::computeControls, t = 1.00563
[2023-03-10 19:52:30.293] [info] CMC::computeControls, t = 1.00663
[2023-03-10 19:52:30.309] [info] CMC::computeControls, t = 1.00763
[2023-03-10 19:52:30.326] [info] CMC::computeControls, t = 1.00863
[2023-03-10 19:52:30.343] [info] CMC::computeControls, t = 1.00963
[2023-03-10 19:52:30.360] [info] CMC::computeControls, t = 1.01063
[2023-03-10 19:52:30.377] [info] CMC::computeControls, t = 1.01163
[2023-03-10 19:52:30.395] [info] CMC::computeControls, t = 1.01263
[2023-03-10 19:52:30.421] [info] CMC::computeControls, t = 1.01363
[2023-03-10 19:52:30.441] [info] CMC::computeControls, t = 1.01463
[2023-03-10 19:52:30.457] [info] CMC::computeControls, t = 1.01563
[2023-03-10 19:52:30.474] [info] CMC::computeControls, t = 1.01663
[2023-03-10 19:52:30.496] [info] CMC::computeControls, t = 1.01763
[2023-03-10 19:52:30.516] [info] CMC::computeControls, t = 1.01863
[2023-03-10 19:52:30.552] [info] CMC::computeControls, t = 1.01963
[2023-03-10 19:52:30.587] [info] CMC::computeControls, t = 1.02063
[2023-03-10 19:52:30.605] [info] CMC::computeControls, t = 1.02163
[2023-03-10 19:52:30.630] [info] CMC::computeControls, t = 1.02263
[2023-03-10 19:52:30.658] [info] CMC::computeControls, t = 1.02363
[2023-03-10 19:52:30.676] [info] CMC::computeControls, t = 1.02463
[2023-03-10 19:52:30.693] [info] CMC::computeControls, t = 1.02563
[2023-03-10 19:52:30.708] [info] CMC::computeControls, t = 1.02663
[2023-03-10 19:52:30.723] [info] CMC::computeControls, t = 1.02763
[2023-03-10 19:52:30.743] [info] CMC::computeControls, t = 1.02863
[2023-03-10 19:52:30.780] [info] CMC::computeControls, t = 1.02963
[2023-03-10 19:52:30.795] [info] CMC::computeControls, t = 1.03063
[2023-03-10 19:52:30.810] [info] CMC::computeControls, t = 1.03163
[2023-03-10 19:52:30.836] [info] CMC::computeControls, t = 1.03263
[2023-03-10 19:52:30.851] [info] CMC::computeControls, t = 1.03363
[2023-03-10 19:52:30.876] [info] CMC::computeControls, t = 1.03463
[2023-03-10 19:52:30.899] [info] CMC::computeControls, t = 1.03563
[2023-03-10 19:52:30.917] [info] CMC::computeControls, t = 1.03663
[2023-03-10 19:52:30.947] [info] CMC::computeControls, t = 1.03763
[2023-03-10 19:52:30.975] [info] CMC::computeControls, t = 1.03863
[2023-03-10 19:52:31.000] [info] CMC::computeControls, t = 1.03963
[2023-03-10 19:52:31.022] [info] CMC::computeControls, t = 1.04063
[2023-03-10 19:52:31.038] [info] CMC::computeControls, t = 1.04163
[2023-03-10 19:52:31.055] [info] CMC::computeControls, t = 1.04263
[2023-03-10 19:52:31.084] [info] CMC::computeControls, t = 1.04363
[2023-03-10 19:52:31.114] [info] CMC::computeControls, t = 1.04463
[2023-03-10 19:52:31.140] [info] CMC::computeControls, t = 1.04563
[2023-03-10 19:52:31.172] [info] CMC::computeControls, t = 1.04663
[2023-03-10 19:52:31.202] [info] CMC::computeControls, t = 1.04763
[2023-03-10 19:52:31.229] [info] CMC::computeControls, t = 1.04863
[2023-03-10 19:52:31.259] [info] CMC::computeControls, t = 1.04963
[2023-03-10 19:52:31.285] [info] CMC::computeControls, t = 1.05063
[2023-03-10 19:52:31.301] [info] CMC::computeControls, t = 1.05163
[2023-03-10 19:52:31.317] [info] CMC::computeControls, t = 1.05263
[2023-03-10 19:52:31.342] [info] CMC::computeControls, t = 1.05363
[2023-03-10 19:52:31.360] [info] CMC::computeControls, t = 1.05463
[2023-03-10 19:52:31.381] [info] CMC::computeControls, t = 1.05563
[2023-03-10 19:52:31.396] [info] CMC::computeControls, t = 1.05663
[2023-03-10 19:52:31.430] [info] CMC::computeControls, t = 1.05763
[2023-03-10 19:52:31.457] [info] CMC::computeControls, t = 1.05863
[2023-03-10 19:52:31.487] [info] CMC::computeControls, t = 1.05963
[2023-03-10 19:52:31.514] [info] CMC::computeControls, t = 1.06063
[2023-03-10 19:52:31.529] [info] CMC::computeControls, t = 1.06163
[2023-03-10 19:52:31.544] [info] CMC::computeControls, t = 1.06263
[2023-03-10 19:52:31.573] [info] CMC::computeControls, t = 1.06363
[2023-03-10 19:52:31.592] [info] CMC::computeControls, t = 1.06463
[2023-03-10 19:52:31.609] [info] CMC::computeControls, t = 1.06563
[2023-03-10 19:52:31.628] [info] CMC::computeControls, t = 1.06663
[2023-03-10 19:52:31.656] [info] CMC::computeControls, t = 1.06763
[2023-03-10 19:52:31.685] [info] CMC::computeControls, t = 1.06863
[2023-03-10 19:52:31.716] [info] CMC::computeControls, t = 1.06963
[2023-03-10 19:52:31.735] [info] CMC::computeControls, t = 1.07063
[2023-03-10 19:52:31.752] [info] CMC::computeControls, t = 1.07163
[2023-03-10 19:52:31.782] [info] CMC::computeControls, t = 1.07263
[2023-03-10 19:52:31.808] [info] CMC::computeControls, t = 1.07363
[2023-03-10 19:52:31.827] [info] CMC::computeControls, t = 1.07463
[2023-03-10 19:52:31.853] [info] CMC::computeControls, t = 1.07563
[2023-03-10 19:52:31.889] [info] CMC::computeControls, t = 1.07663
[2023-03-10 19:52:31.910] [info] CMC::computeControls, t = 1.07763
[2023-03-10 19:52:31.941] [info] CMC::computeControls, t = 1.07863
[2023-03-10 19:52:31.970] [info] CMC::computeControls, t = 1.07963
[2023-03-10 19:52:31.990] [info] CMC::computeControls, t = 1.08063
[2023-03-10 19:52:32.015] [info] CMC::computeControls, t = 1.08163
[2023-03-10 19:52:32.037] [info] CMC::computeControls, t = 1.08263
[2023-03-10 19:52:32.054] [info] CMC::computeControls, t = 1.08363
[2023-03-10 19:52:32.071] [info] CMC::computeControls, t = 1.08463
[2023-03-10 19:52:32.093] [info] CMC::computeControls, t = 1.08563
[2023-03-10 19:52:32.120] [info] CMC::computeControls, t = 1.08663
[2023-03-10 19:52:32.153] [info] CMC::computeControls, t = 1.08763
[2023-03-10 19:52:32.170] [info] CMC::computeControls, t = 1.08863
[2023-03-10 19:52:32.196] [info] CMC::computeControls, t = 1.08963
[2023-03-10 19:52:32.211] [info] CMC::computeControls, t = 1.09063
[2023-03-10 19:52:32.237] [info] CMC::computeControls, t = 1.09163
[2023-03-10 19:52:32.259] [info] CMC::computeControls, t = 1.09263
[2023-03-10 19:52:32.275] [info] CMC::computeControls, t = 1.09363
[2023-03-10 19:52:32.303] [info] CMC::computeControls, t = 1.09463
[2023-03-10 19:52:32.340] [info] CMC::computeControls, t = 1.09563
[2023-03-10 19:52:32.358] [info] CMC::computeControls, t = 1.09663
[2023-03-10 19:52:32.388] [info] CMC::computeControls, t = 1.09763
[2023-03-10 19:52:32.418] [info] CMC::computeControls, t = 1.09863
[2023-03-10 19:52:32.450] [info] CMC::computeControls, t = 1.09963
[2023-03-10 19:52:32.486] [info] CMC::computeControls, t = 1.10063
[2023-03-10 19:52:32.523] [info] CMC::computeControls, t = 1.10163
[2023-03-10 19:52:32.541] [info] CMC::computeControls, t = 1.10263
[2023-03-10 19:52:32.556] [info] CMC::computeControls, t = 1.10363
[2023-03-10 19:52:32.583] [info] CMC::computeControls, t = 1.10463
[2023-03-10 19:52:32.613] [info] CMC::computeControls, t = 1.10563
[2023-03-10 19:52:32.641] [info] CMC::computeControls, t = 1.10663
[2023-03-10 19:52:32.670] [info] CMC::computeControls, t = 1.10763
[2023-03-10 19:52:32.692] [info] CMC::computeControls, t = 1.10863
[2023-03-10 19:52:32.713] [info] CMC::computeControls, t = 1.10963
[2023-03-10 19:52:32.736] [info] CMC::computeControls, t = 1.11063
[2023-03-10 19:52:32.762] [info] CMC::computeControls, t = 1.11163
[2023-03-10 19:52:32.785] [info] CMC::computeControls, t = 1.11263
[2023-03-10 19:52:32.803] [info] CMC::computeControls, t = 1.11363
[2023-03-10 19:52:32.828] [info] CMC::computeControls, t = 1.11463
[2023-03-10 19:52:32.855] [info] CMC::computeControls, t = 1.11563
[2023-03-10 19:52:32.876] [info] CMC::computeControls, t = 1.11663
[2023-03-10 19:52:32.892] [info] CMC::computeControls, t = 1.11763
[2023-03-10 19:52:32.914] [info] CMC::computeControls, t = 1.11863
[2023-03-10 19:52:32.941] [info] CMC::computeControls, t = 1.11963
[2023-03-10 19:52:32.967] [info] CMC::computeControls, t = 1.12063
[2023-03-10 19:52:32.995] [info] CMC::computeControls, t = 1.12163
[2023-03-10 19:52:33.024] [info] CMC::computeControls, t = 1.12263
[2023-03-10 19:52:33.064] [info] CMC::computeControls, t = 1.12363
[2023-03-10 19:52:33.100] [info] CMC::computeControls, t = 1.12463
[2023-03-10 19:52:33.118] [info] CMC::computeControls, t = 1.12563
[2023-03-10 19:52:33.143] [info] CMC::computeControls, t = 1.12663
[2023-03-10 19:52:33.169] [info] CMC::computeControls, t = 1.12763
[2023-03-10 19:52:33.185] [info] CMC::computeControls, t = 1.12863
[2023-03-10 19:52:33.210] [info] CMC::computeControls, t = 1.12963
[2023-03-10 19:52:33.226] [info] CMC::computeControls, t = 1.13063
[2023-03-10 19:52:33.251] [info] CMC::computeControls, t = 1.13163
[2023-03-10 19:52:33.267] [info] CMC::computeControls, t = 1.13263
[2023-03-10 19:52:33.282] [info] CMC::computeControls, t = 1.13363
[2023-03-10 19:52:33.300] [info] CMC::computeControls, t = 1.13463
[2023-03-10 19:52:33.346] [info] CMC::computeControls, t = 1.13563
[2023-03-10 19:52:33.370] [info] CMC::computeControls, t = 1.13663
[2023-03-10 19:52:33.411] [info] CMC::computeControls, t = 1.13763
[2023-03-10 19:52:33.430] [info] CMC::computeControls, t = 1.13863
[2023-03-10 19:52:33.465] [info] CMC::computeControls, t = 1.13963
[2023-03-10 19:52:33.494] [info] CMC::computeControls, t = 1.14063
[2023-03-10 19:52:33.530] [info] CMC::computeControls, t = 1.14163
[2023-03-10 19:52:33.546] [info] CMC::computeControls, t = 1.14263
[2023-03-10 19:52:33.563] [info] CMC::computeControls, t = 1.14363
[2023-03-10 19:52:33.601] [info] CMC::computeControls, t = 1.14463
[2023-03-10 19:52:33.628] [info] CMC::computeControls, t = 1.14563
[2023-03-10 19:52:33.653] [info] CMC::computeControls, t = 1.14663
[2023-03-10 19:52:33.670] [info] CMC::computeControls, t = 1.14763
[2023-03-10 19:52:33.695] [info] CMC::computeControls, t = 1.14863
[2023-03-10 19:52:33.710] [info] CMC::computeControls, t = 1.14963
[2023-03-10 19:52:33.741] [info] CMC::computeControls, t = 1.15063
[2023-03-10 19:52:33.763] [info] CMC::computeControls, t = 1.15163
[2023-03-10 19:52:33.786] [info] CMC::computeControls, t = 1.15263
[2023-03-10 19:52:33.811] [info] CMC::computeControls, t = 1.15363
[2023-03-10 19:52:33.832] [info] CMC::computeControls, t = 1.15463
[2023-03-10 19:52:33.850] [info] CMC::computeControls, t = 1.15563
[2023-03-10 19:52:33.865] [info] CMC::computeControls, t = 1.15663
[2023-03-10 19:52:33.891] [info] CMC::computeControls, t = 1.15763
[2023-03-10 19:52:33.916] [info] CMC::computeControls, t = 1.15863
[2023-03-10 19:52:33.939] [info] CMC::computeControls, t = 1.15963
[2023-03-10 19:52:33.966] [info] CMC::computeControls, t = 1.16063
[2023-03-10 19:52:33.989] [info] CMC::computeControls, t = 1.16163
[2023-03-10 19:52:34.006] [info] CMC::computeControls, t = 1.16263
[2023-03-10 19:52:34.032] [info] CMC::computeControls, t = 1.16363
[2023-03-10 19:52:34.065] [info] CMC::computeControls, t = 1.16463
[2023-03-10 19:52:34.085] [info] CMC::computeControls, t = 1.16563
[2023-03-10 19:52:34.103] [info] CMC::computeControls, t = 1.16663
[2023-03-10 19:52:34.126] [info] CMC::computeControls, t = 1.16763
[2023-03-10 19:52:34.142] [info] CMC::computeControls, t = 1.16863
[2023-03-10 19:52:34.170] [info] CMC::computeControls, t = 1.16963
[2023-03-10 19:52:34.185] [info] CMC::computeControls, t = 1.17063
[2023-03-10 19:52:34.202] [info] CMC::computeControls, t = 1.17163
[2023-03-10 19:52:34.225] [info] CMC::computeControls, t = 1.17263
[2023-03-10 19:52:34.245] [info] CMC::computeControls, t = 1.17363
[2023-03-10 19:52:34.269] [info] CMC::computeControls, t = 1.17463
[2023-03-10 19:52:34.284] [info] CMC::computeControls, t = 1.17563
[2023-03-10 19:52:34.299] [info] CMC::computeControls, t = 1.17663
[2023-03-10 19:52:34.314] [info] CMC::computeControls, t = 1.17763
[2023-03-10 19:52:34.355] [info] CMC::computeControls, t = 1.17863
[2023-03-10 19:52:34.375] [info] CMC::computeControls, t = 1.17963
[2023-03-10 19:52:34.412] [info] CMC::computeControls, t = 1.18063
[2023-03-10 19:52:34.427] [info] CMC::computeControls, t = 1.18163
[2023-03-10 19:52:34.450] [info] CMC::computeControls, t = 1.18263
[2023-03-10 19:52:34.483] [info] CMC::computeControls, t = 1.18363
[2023-03-10 19:52:34.499] [info] CMC::computeControls, t = 1.18463
[2023-03-10 19:52:34.529] [info] CMC::computeControls, t = 1.18563
[2023-03-10 19:52:34.566] [info] CMC::computeControls, t = 1.18663
[2023-03-10 19:52:34.591] [info] CMC::computeControls, t = 1.18763
[2023-03-10 19:52:34.607] [info] CMC::computeControls, t = 1.18863
[2023-03-10 19:52:34.624] [info] CMC::computeControls, t = 1.18963
[2023-03-10 19:52:34.661] [info] CMC::computeControls, t = 1.19063
[2023-03-10 19:52:34.693] [info] CMC::computeControls, t = 1.19163
[2023-03-10 19:52:34.713] [info] CMC::computeControls, t = 1.19263
[2023-03-10 19:52:34.742] [info] CMC::computeControls, t = 1.19363
[2023-03-10 19:52:34.774] [info] CMC::computeControls, t = 1.19463
[2023-03-10 19:52:34.808] [info] CMC::computeControls, t = 1.19563
[2023-03-10 19:52:34.832] [info] CMC::computeControls, t = 1.19663
[2023-03-10 19:52:34.849] [info] CMC::computeControls, t = 1.19763
[2023-03-10 19:52:34.866] [info] CMC::computeControls, t = 1.19863
[2023-03-10 19:52:34.891] [info] CMC::computeControls, t = 1.19963
[2023-03-10 19:52:34.915] [info] CMC::computeControls, t = 1.20063
[2023-03-10 19:52:34.939] [info] CMC::computeControls, t = 1.20163
[2023-03-10 19:52:34.958] [info] CMC::computeControls, t = 1.20263
[2023-03-10 19:52:34.977] [info] CMC::computeControls, t = 1.20363
[2023-03-10 19:52:34.996] [info] CMC::computeControls, t = 1.20463
[2023-03-10 19:52:35.019] [info] CMC::computeControls, t = 1.20563
[2023-03-10 19:52:35.035] [info] CMC::computeControls, t = 1.20663
[2023-03-10 19:52:35.052] [info] CMC::computeControls, t = 1.20763
[2023-03-10 19:52:35.069] [info] CMC::computeControls, t = 1.20863
[2023-03-10 19:52:35.094] [info] CMC::computeControls, t = 1.20963
[2023-03-10 19:52:35.113] [info] CMC::computeControls, t = 1.21063
[2023-03-10 19:52:35.144] [info] CMC::computeControls, t = 1.21163
[2023-03-10 19:52:35.173] [info] CMC::computeControls, t = 1.21263
[2023-03-10 19:52:35.192] [info] CMC::computeControls, t = 1.21363
[2023-03-10 19:52:35.225] [info] CMC::computeControls, t = 1.21463
[2023-03-10 19:52:35.261] [info] CMC::computeControls, t = 1.21563
[2023-03-10 19:52:35.281] [info] CMC::computeControls, t = 1.21663
[2023-03-10 19:52:35.309] [info] CMC::computeControls, t = 1.21763
[2023-03-10 19:52:35.338] [info] CMC::computeControls, t = 1.21863
[2023-03-10 19:52:35.367] [info] CMC::computeControls, t = 1.21963
[2023-03-10 19:52:35.385] [info] CMC::computeControls, t = 1.22063
[2023-03-10 19:52:35.402] [info] CMC::computeControls, t = 1.22163
[2023-03-10 19:52:35.419] [info] CMC::computeControls, t = 1.22263
[2023-03-10 19:52:35.437] [info] CMC::computeControls, t = 1.22363
[2023-03-10 19:52:35.454] [info] CMC::computeControls, t = 1.22463
[2023-03-10 19:52:35.472] [info] CMC::computeControls, t = 1.22563
[2023-03-10 19:52:35.499] [info] CMC::computeControls, t = 1.22663
[2023-03-10 19:52:35.523] [info] CMC::computeControls, t = 1.22763
[2023-03-10 19:52:35.543] [info] CMC::computeControls, t = 1.22863
[2023-03-10 19:52:35.579] [info] CMC::computeControls, t = 1.22963
[2023-03-10 19:52:35.615] [info] CMC::computeControls, t = 1.23063
[2023-03-10 19:52:35.640] [info] CMC::computeControls, t = 1.23163
[2023-03-10 19:52:35.667] [info] CMC::computeControls, t = 1.23263
[2023-03-10 19:52:35.687] [info] CMC::computeControls, t = 1.23363
[2023-03-10 19:52:35.708] [info] CMC::computeControls, t = 1.23463
[2023-03-10 19:52:35.728] [info] CMC::computeControls, t = 1.23563
[2023-03-10 19:52:35.749] [info] CMC::computeControls, t = 1.23663
[2023-03-10 19:52:35.788] [info] CMC::computeControls, t = 1.23763
[2023-03-10 19:52:35.814] [info] CMC::computeControls, t = 1.23863
[2023-03-10 19:52:35.857] [info] CMC::computeControls, t = 1.23963
[2023-03-10 19:52:35.887] [info] CMC::computeControls, t = 1.24063
[2023-03-10 19:52:35.908] [info] CMC::computeControls, t = 1.24163
[2023-03-10 19:52:35.924] [info] CMC::computeControls, t = 1.24263
[2023-03-10 19:52:35.949] [info] CMC::computeControls, t = 1.24363
[2023-03-10 19:52:35.975] [info] CMC::computeControls, t = 1.24463
[2023-03-10 19:52:35.995] [info] CMC::computeControls, t = 1.24563
[2023-03-10 19:52:36.010] [info] CMC::computeControls, t = 1.24663
[2023-03-10 19:52:36.028] [info] CMC::computeControls, t = 1.24763
[2023-03-10 19:52:36.044] [info] CMC::computeControls, t = 1.24863
[2023-03-10 19:52:36.070] [info] CMC::computeControls, t = 1.24963
[2023-03-10 19:52:36.093] [info] CMC::computeControls, t = 1.25063
[2023-03-10 19:52:36.130] [info] CMC::computeControls, t = 1.25163
[2023-03-10 19:52:36.152] [info] CMC::computeControls, t = 1.25263
[2023-03-10 19:52:36.179] [info] CMC::computeControls, t = 1.25363
[2023-03-10 19:52:36.202] [info] CMC::computeControls, t = 1.25463
[2023-03-10 19:52:36.236] [info] CMC::computeControls, t = 1.25563
[2023-03-10 19:52:36.251] [info] CMC::computeControls, t = 1.25663
[2023-03-10 19:52:36.286] [info] CMC::computeControls, t = 1.25763
[2023-03-10 19:52:36.302] [info] CMC::computeControls, t = 1.25863
[2023-03-10 19:52:36.327] [info] CMC::computeControls, t = 1.25963
[2023-03-10 19:52:36.353] [info] CMC::computeControls, t = 1.26063
[2023-03-10 19:52:36.379] [info] CMC::computeControls, t = 1.26163
[2023-03-10 19:52:36.398] [info] CMC::computeControls, t = 1.26263
[2023-03-10 19:52:36.413] [info] CMC::computeControls, t = 1.26363
[2023-03-10 19:52:36.450] [info] CMC::computeControls, t = 1.26463
[2023-03-10 19:52:36.486] [info] CMC::computeControls, t = 1.26563
[2023-03-10 19:52:36.516] [info] CMC::computeControls, t = 1.26663
[2023-03-10 19:52:36.547] [info] CMC::computeControls, t = 1.26763
[2023-03-10 19:52:36.582] [info] CMC::computeControls, t = 1.26863
[2023-03-10 19:52:36.603] [info] CMC::computeControls, t = 1.26963
[2023-03-10 19:52:36.620] [info] CMC::computeControls, t = 1.27063
[2023-03-10 19:52:36.637] [info] CMC::computeControls, t = 1.27163
[2023-03-10 19:52:36.656] [info] CMC::computeControls, t = 1.27263
[2023-03-10 19:52:36.681] [info] CMC::computeControls, t = 1.27363
[2023-03-10 19:52:36.696] [info] CMC::computeControls, t = 1.27463
[2023-03-10 19:52:36.721] [info] CMC::computeControls, t = 1.27563
[2023-03-10 19:52:36.741] [info] CMC::computeControls, t = 1.27663
[2023-03-10 19:52:36.766] [info] CMC::computeControls, t = 1.27763
[2023-03-10 19:52:36.783] [info] CMC::computeControls, t = 1.27863
[2023-03-10 19:52:36.800] [info] CMC::computeControls, t = 1.27963
[2023-03-10 19:52:36.818] [info] CMC::computeControls, t = 1.28063
[2023-03-10 19:52:36.850] [info] CMC::computeControls, t = 1.28163
[2023-03-10 19:52:36.869] [info] CMC::computeControls, t = 1.28263
[2023-03-10 19:52:36.893] [info] CMC::computeControls, t = 1.28363
[2023-03-10 19:52:36.925] [info] CMC::computeControls, t = 1.28463
[2023-03-10 19:52:36.948] [info] CMC::computeControls, t = 1.28563
[2023-03-10 19:52:36.964] [info] CMC::computeControls, t = 1.28663
[2023-03-10 19:52:36.981] [info] CMC::computeControls, t = 1.28763
[2023-03-10 19:52:37.007] [info] CMC::computeControls, t = 1.28863
[2023-03-10 19:52:37.035] [info] CMC::computeControls, t = 1.28963
[2023-03-10 19:52:37.058] [info] CMC::computeControls, t = 1.29063
[2023-03-10 19:52:37.076] [info] CMC::computeControls, t = 1.29163
[2023-03-10 19:52:37.101] [info] CMC::computeControls, t = 1.29263
[2023-03-10 19:52:37.133] [info] CMC::computeControls, t = 1.29363
[2023-03-10 19:52:37.180] [info] CMC::computeControls, t = 1.29463
[2023-03-10 19:52:37.210] [info] CMC::computeControls, t = 1.29563
[2023-03-10 19:52:37.226] [info] CMC::computeControls, t = 1.29663
[2023-03-10 19:52:37.243] [info] CMC::computeControls, t = 1.29763
[2023-03-10 19:52:37.261] [info] CMC::computeControls, t = 1.29863
[2023-03-10 19:52:37.291] [info] CMC::computeControls, t = 1.29963
[2023-03-10 19:52:37.312] [info] CMC::computeControls, t = 1.30063
[2023-03-10 19:52:37.334] [info] CMC::computeControls, t = 1.30163
[2023-03-10 19:52:37.358] [info] CMC::computeControls, t = 1.30263
[2023-03-10 19:52:37.382] [info] CMC::computeControls, t = 1.30363
[2023-03-10 19:52:37.399] [info] CMC::computeControls, t = 1.30463
[2023-03-10 19:52:37.422] [info] CMC::computeControls, t = 1.30563
[2023-03-10 19:52:37.449] [info] CMC::computeControls, t = 1.30663
[2023-03-10 19:52:37.466] [info] CMC::computeControls, t = 1.30763
[2023-03-10 19:52:37.492] [info] CMC::computeControls, t = 1.30863
[2023-03-10 19:52:37.509] [info] CMC::computeControls, t = 1.30963
[2023-03-10 19:52:37.531] [info] CMC::computeControls, t = 1.31063
[2023-03-10 19:52:37.550] [info] CMC::computeControls, t = 1.31163
[2023-03-10 19:52:37.576] [info] CMC::computeControls, t = 1.31263
[2023-03-10 19:52:37.591] [info] CMC::computeControls, t = 1.31363
[2023-03-10 19:52:37.614] [info] CMC::computeControls, t = 1.31463
[2023-03-10 19:52:37.650] [info] CMC::computeControls, t = 1.31563
[2023-03-10 19:52:37.690] [info] CMC::computeControls, t = 1.31663
[2023-03-10 19:52:37.712] [info] CMC::computeControls, t = 1.31763
[2023-03-10 19:52:37.736] [info] CMC::computeControls, t = 1.31863
[2023-03-10 19:52:37.768] [info] CMC::computeControls, t = 1.31963
[2023-03-10 19:52:37.791] [info] CMC::computeControls, t = 1.32063
[2023-03-10 19:52:37.808] [info] CMC::computeControls, t = 1.32163
[2023-03-10 19:52:37.840] [info] CMC::computeControls, t = 1.32263
[2023-03-10 19:52:37.876] [info] CMC::computeControls, t = 1.32363
[2023-03-10 19:52:37.894] [info] CMC::computeControls, t = 1.32463
[2023-03-10 19:52:37.934] [info] CMC::computeControls, t = 1.32563
[2023-03-10 19:52:37.956] [info] CMC::computeControls, t = 1.32663
[2023-03-10 19:52:37.993] [info] CMC::computeControls, t = 1.32763
[2023-03-10 19:52:38.022] [info] CMC::computeControls, t = 1.32863
[2023-03-10 19:52:38.053] [info] CMC::computeControls, t = 1.32963
[2023-03-10 19:52:38.068] [info] CMC::computeControls, t = 1.33063
[2023-03-10 19:52:38.085] [info] CMC::computeControls, t = 1.33163
[2023-03-10 19:52:38.102] [info] CMC::computeControls, t = 1.33263
[2023-03-10 19:52:38.119] [info] CMC::computeControls, t = 1.33363
[2023-03-10 19:52:38.137] [info] CMC::computeControls, t = 1.33463
[2023-03-10 19:52:38.154] [info] CMC::computeControls, t = 1.33563
[2023-03-10 19:52:38.180] [info] CMC::computeControls, t = 1.33663
[2023-03-10 19:52:38.196] [info] CMC::computeControls, t = 1.33763
[2023-03-10 19:52:38.224] [info] CMC::computeControls, t = 1.33863
[2023-03-10 19:52:38.254] [info] CMC::computeControls, t = 1.33963
[2023-03-10 19:52:38.283] [info] CMC::computeControls, t = 1.34063
[2023-03-10 19:52:38.303] [info] CMC::computeControls, t = 1.34163
[2023-03-10 19:52:38.324] [info] CMC::computeControls, t = 1.34263
[2023-03-10 19:52:38.355] [info] CMC::computeControls, t = 1.34363
[2023-03-10 19:52:38.386] [info] CMC::computeControls, t = 1.34463
[2023-03-10 19:52:38.414] [info] CMC::computeControls, t = 1.34563
[2023-03-10 19:52:38.431] [info] CMC::computeControls, t = 1.34663
[2023-03-10 19:52:38.447] [info] CMC::computeControls, t = 1.34763
[2023-03-10 19:52:38.472] [info] CMC::computeControls, t = 1.34863
[2023-03-10 19:52:38.491] [info] CMC::computeControls, t = 1.34963
[2023-03-10 19:52:38.510] [info] CMC::computeControls, t = 1.35063
[2023-03-10 19:52:38.529] [info] CMC::computeControls, t = 1.35163
[2023-03-10 19:52:38.555] [info] CMC::computeControls, t = 1.35263
[2023-03-10 19:52:38.579] [info] CMC::computeControls, t = 1.35363
[2023-03-10 19:52:38.595] [info] CMC::computeControls, t = 1.35463
[2023-03-10 19:52:38.611] [info] CMC::computeControls, t = 1.35563
[2023-03-10 19:52:38.630] [info] CMC::computeControls, t = 1.35663
[2023-03-10 19:52:38.655] [info] CMC::computeControls, t = 1.35763
[2023-03-10 19:52:38.680] [info] CMC::computeControls, t = 1.35863
[2023-03-10 19:52:38.696] [info] CMC::computeControls, t = 1.35963
[2023-03-10 19:52:38.722] [info] CMC::computeControls, t = 1.36063
[2023-03-10 19:52:38.740] [info] CMC::computeControls, t = 1.36163
[2023-03-10 19:52:38.782] [info] CMC::computeControls, t = 1.36263
[2023-03-10 19:52:38.811] [info] CMC::computeControls, t = 1.36363
[2023-03-10 19:52:38.834] [info] CMC::computeControls, t = 1.36463
[2023-03-10 19:52:38.861] [info] CMC::computeControls, t = 1.36563
[2023-03-10 19:52:38.878] [info] CMC::computeControls, t = 1.36663
[2023-03-10 19:52:38.899] [info] CMC::computeControls, t = 1.36763
[2023-03-10 19:52:38.929] [info] CMC::computeControls, t = 1.36863
[2023-03-10 19:52:38.957] [info] CMC::computeControls, t = 1.36963
[2023-03-10 19:52:38.987] [info] CMC::computeControls, t = 1.37063
[2023-03-10 19:52:39.015] [info] CMC::computeControls, t = 1.37163
[2023-03-10 19:52:39.044] [info] CMC::computeControls, t = 1.37263
[2023-03-10 19:52:39.069] [info] CMC::computeControls, t = 1.37363
[2023-03-10 19:52:39.085] [info] CMC::computeControls, t = 1.37463
[2023-03-10 19:52:39.100] [info] CMC::computeControls, t = 1.37563
[2023-03-10 19:52:39.115] [info] CMC::computeControls, t = 1.37663
[2023-03-10 19:52:39.140] [info] CMC::computeControls, t = 1.37763
[2023-03-10 19:52:39.172] [info] CMC::computeControls, t = 1.37863
[2023-03-10 19:52:39.193] [info] CMC::computeControls, t = 1.37963
[2023-03-10 19:52:39.225] [info] CMC::computeControls, t = 1.38063
[2023-03-10 19:52:39.244] [info] CMC::computeControls, t = 1.38163
[2023-03-10 19:52:39.260] [info] CMC::computeControls, t = 1.38263
[2023-03-10 19:52:39.276] [info] CMC::computeControls, t = 1.38363
[2023-03-10 19:52:39.307] [info] CMC::computeControls, t = 1.38463
[2023-03-10 19:52:39.326] [info] CMC::computeControls, t = 1.38563
[2023-03-10 19:52:39.343] [info] CMC::computeControls, t = 1.38663
[2023-03-10 19:52:39.360] [info] CMC::computeControls, t = 1.38763
[2023-03-10 19:52:39.377] [info] CMC::computeControls, t = 1.38863
[2023-03-10 19:52:39.404] [info] CMC::computeControls, t = 1.38963
[2023-03-10 19:52:39.437] [info] CMC::computeControls, t = 1.39063
[2023-03-10 19:52:39.477] [info] CMC::computeControls, t = 1.39163
[2023-03-10 19:52:39.514] [info] CMC::computeControls, t = 1.39263
[2023-03-10 19:52:39.541] [info] CMC::computeControls, t = 1.39363
[2023-03-10 19:52:39.576] [info] CMC::computeControls, t = 1.39463
[2023-03-10 19:52:39.614] [info] CMC::computeControls, t = 1.39563
[2023-03-10 19:52:39.644] [info] CMC::computeControls, t = 1.39663
[2023-03-10 19:52:39.664] [info] CMC::computeControls, t = 1.39763
[2023-03-10 19:52:39.680] [info] CMC::computeControls, t = 1.39863
[2023-03-10 19:52:39.717] [info] CMC::computeControls, t = 1.39963
[2023-03-10 19:52:39.755] [info] CMC::computeControls, t = 1.40063
[2023-03-10 19:52:39.773] [info] CMC::computeControls, t = 1.40163
[2023-03-10 19:52:39.802] [info] CMC::computeControls, t = 1.40263
[2023-03-10 19:52:39.830] [info] CMC::computeControls, t = 1.40363
[2023-03-10 19:52:39.861] [info] CMC::computeControls, t = 1.40463
[2023-03-10 19:52:39.890] [info] CMC::computeControls, t = 1.40563
[2023-03-10 19:52:39.917] [info] CMC::computeControls, t = 1.40663
[2023-03-10 19:52:39.937] [info] CMC::computeControls, t = 1.40763
[2023-03-10 19:52:39.959] [info] CMC::computeControls, t = 1.40863
[2023-03-10 19:52:39.978] [info] CMC::computeControls, t = 1.40963
[2023-03-10 19:52:40.025] [info] CMC::computeControls, t = 1.41063
[2023-03-10 19:52:40.051] [info] CMC::computeControls, t = 1.41163
[2023-03-10 19:52:40.070] [info] CMC::computeControls, t = 1.41263
[2023-03-10 19:52:40.105] [info] CMC::computeControls, t = 1.41363
[2023-03-10 19:52:40.145] [info] CMC::computeControls, t = 1.41463
[2023-03-10 19:52:40.182] [info] CMC::computeControls, t = 1.41563
[2023-03-10 19:52:40.197] [info] CMC::computeControls, t = 1.41663
[2023-03-10 19:52:40.222] [info] CMC::computeControls, t = 1.41763
[2023-03-10 19:52:40.238] [info] CMC::computeControls, t = 1.41863
[2023-03-10 19:52:40.263] [info] CMC::computeControls, t = 1.41963
[2023-03-10 19:52:40.291] [info] CMC::computeControls, t = 1.42063
[2023-03-10 19:52:40.307] [info] CMC::computeControls, t = 1.42163
[2023-03-10 19:52:40.345] [info] CMC::computeControls, t = 1.42263
[2023-03-10 19:52:40.360] [info] CMC::computeControls, t = 1.42363
[2023-03-10 19:52:40.377] [info] CMC::computeControls, t = 1.42463
[2023-03-10 19:52:40.417] [info] CMC::computeControls, t = 1.42563
[2023-03-10 19:52:40.433] [info] CMC::computeControls, t = 1.42663
[2023-03-10 19:52:40.461] [info] CMC::computeControls, t = 1.42763
[2023-03-10 19:52:40.485] [info] CMC::computeControls, t = 1.42863
[2023-03-10 19:52:40.500] [info] CMC::computeControls, t = 1.42963
[2023-03-10 19:52:40.541] [info] CMC::computeControls, t = 1.43063
[2023-03-10 19:52:40.558] [info] CMC::computeControls, t = 1.43163
[2023-03-10 19:52:40.589] [info] CMC::computeControls, t = 1.43263
[2023-03-10 19:52:40.620] [info] CMC::computeControls, t = 1.43363
[2023-03-10 19:52:40.638] [info] CMC::computeControls, t = 1.43463
[2023-03-10 19:52:40.665] [info] CMC::computeControls, t = 1.43563
[2023-03-10 19:52:40.682] [info] CMC::computeControls, t = 1.43663
[2023-03-10 19:52:40.705] [info] CMC::computeControls, t = 1.43763
[2023-03-10 19:52:40.735] [info] CMC::computeControls, t = 1.43863
[2023-03-10 19:52:40.754] [info] CMC::computeControls, t = 1.43963
[2023-03-10 19:52:40.777] [info] CMC::computeControls, t = 1.44063
[2023-03-10 19:52:40.792] [info] CMC::computeControls, t = 1.44163
[2023-03-10 19:52:40.807] [info] CMC::computeControls, t = 1.44263
[2023-03-10 19:52:40.832] [info] CMC::computeControls, t = 1.44363
[2023-03-10 19:52:40.851] [info] CMC::computeControls, t = 1.44463
[2023-03-10 19:52:40.881] [info] CMC::computeControls, t = 1.44563
[2023-03-10 19:52:40.909] [info] CMC::computeControls, t = 1.44663
[2023-03-10 19:52:40.943] [info] CMC::computeControls, t = 1.44763
[2023-03-10 19:52:40.959] [info] CMC::computeControls, t = 1.44863
[2023-03-10 19:52:40.975] [info] CMC::computeControls, t = 1.44963
[2023-03-10 19:52:40.996] [info] CMC::computeControls, t = 1.45063
[2023-03-10 19:52:41.011] [info] CMC::computeControls, t = 1.45163
[2023-03-10 19:52:41.026] [info] CMC::computeControls, t = 1.45263
[2023-03-10 19:52:41.056] [info] CMC::computeControls, t = 1.45363
[2023-03-10 19:52:41.072] [info] CMC::computeControls, t = 1.45463
[2023-03-10 19:52:41.095] [info] CMC::computeControls, t = 1.45563
[2023-03-10 19:52:41.112] [info] CMC::computeControls, t = 1.45663
[2023-03-10 19:52:41.137] [info] CMC::computeControls, t = 1.45763
[2023-03-10 19:52:41.161] [info] CMC::computeControls, t = 1.45863
[2023-03-10 19:52:41.180] [info] CMC::computeControls, t = 1.45963
[2023-03-10 19:52:41.218] [info] -------------------------------------------
[2023-03-10 19:52:41.219] [info] Finished tracking the specified kinematics:
[2023-03-10 19:52:41.219] [info] -------------------------------------------
[2023-03-10 19:52:41.219] [info]  -- Start time = Fri Mar 10 19:52:25 2023
[2023-03-10 19:52:41.219] [info]  -- Finish time = Fri Mar 10 19:52:41 2023
[2023-03-10 19:52:41.219] [info]  -- Elapsed time = 16.0 seconds.
[2023-03-10 19:52:41.219] [info] -------------------------------------------
[2023-03-10 19:52:41.219] [info] 
[2023-03-10 19:52:41.219] [info] Printing results of investigation subject02_run5_cycle2 to cycle2/
[2023-03-10 19:52:41.796] [info] 

************************************************************
*      Summary of Mass Adjustments to Reduce Residuals     *
************************************************************
* Body adjusted: torso
* Mass Center (COM) adjustment: dx =-0.0798828, dz =0.013061
* New COM location: ~[0.0497721,0.32118,-0.013061]
************************************************************
* Recommended mass adjustments:                             
*  Total mass change: 1.33492
*  pelvis: orig mass = 11.9824, new mass = 12.1916
*  femur_r: orig mass = 9.46364, new mass = 9.62883
*  tibia_r: orig mass = 3.77217, new mass = 3.83801
*  talus_r: orig mass = 0.101744, new mass = 0.10352
*  calcn_r: orig mass = 1.2718, new mass = 1.294
*  toes_r: orig mass = 0.220378, new mass = 0.224225
*  femur_l: orig mass = 9.46364, new mass = 9.62883
*  tibia_l: orig mass = 3.77217, new mass = 3.83801
*  talus_l: orig mass = 0.101744, new mass = 0.10352
*  calcn_l: orig mass = 1.2718, new mass = 1.294
*  toes_l: orig mass = 0.220378, new mass = 0.224225
*  torso: orig mass = 27.2945, new mass = 27.771
*  humerus_r: orig mass = 2.06795, new mass = 2.10405
*  ulna_r: orig mass = 0.618096, new mass = 0.628886
*  radius_r: orig mass = 0.618096, new mass = 0.628886
*  hand_r: orig mass = 0.46548, new mass = 0.473605
*  humerus_l: orig mass = 2.06795, new mass = 2.10405
*  ulna_l: orig mass = 0.618096, new mass = 0.628886
*  radius_l: orig mass = 0.618096, new mass = 0.628886
*  hand_l: orig mass = 0.46548, new mass = 0.473605
************************************************************
* Note: Edit the model to make recommended adjustments to  *
*       mass properties.                                   *
************************************************************

* Average residuals before adjusting torso COM:
*  FX=-0.3786 FY=-13.0911 FZ=-4.67581
*  MX=-3.496 MY=2.38974 MZ=-21.3821
************************************************************
* Average residuals after adjusting torso COM:
*  FX=-0.282817 FY=-12.8511 FZ=-3.53253
*  MX=1.01354 MY=1.36085 MZ=-1.23316
************************************************************


[2023-03-10 19:52:41.796] [info] 
************************************************************
*                   Final Average Residuals                *
************************************************************
* After torso COM and Kinematics adjustments:
*  FX=3.08461 FY=-7.52898 FZ=-1.99086
*  MX=-1.58519 MY=-3.34249 MZ=5.42042
************************************************************


