[2023-03-10 23:16:37.375] [info] AbstractTool subject08_run5_cycle1 loading model ..\..\model\subject08_adjusted_scaled.osim
[2023-03-10 23:16:37.464] [info] Loaded model subject08_scaled from file ..\..\model\subject08_adjusted_scaled.osim
[2023-03-10 23:16:37.532] [info] Adding force object set from subject08_run5_RRA_Actuators.xml
[2023-03-10 23:16:37.556] [info] Running tool subject08_run5_cycle1.
[2023-03-10 23:16:37.590] [warning] ExternalLoads 'externalloads' has subcomponents with duplicate name 'externalforce'. The duplicate is being renamed to 'externalforce_0'.
[2023-03-10 23:16:37.624] [info] 	taskSet size = 29.
[2023-03-10 23:16:37.759] [info] ExternalForce::externalforce Data source being set to Run_500 03_newCOP3_v24.mot
[2023-03-10 23:16:37.759] [info] ExternalForce::externalforce_0 Data source being set to Run_500 03_newCOP3_v24.mot
[2023-03-10 23:16:37.769] [warning] A desired points file was not specified.
[2023-03-10 23:16:37.770] [info] Loading desired kinematics from file '..\..\ik\Run_5.mot'...
[2023-03-10 23:16:37.780] [info] Old version storage/motion file encountered
[2023-03-10 23:16:37.780] [info] Storage: read data file = ..\..\ik\Run_5.mot (nr=516 nc=164)
[2023-03-10 23:16:37.780] [info] .. assuming rotations in Degrees..
[2023-03-10 23:16:37.884] [info] Low-pass filtering desired kinematics with a cutoff frequency of 15.0...
[2023-03-10 23:16:38.217] [cout] [info] MODEL: subject08_scaled

numStates = 74
numCoordinates = 37
numSpeeds = 37
numActuators = 29
numBodies = 20
numConstraints = 0
numProbes = 0

ANALYSES (total: 0)

BODIES (total: 20)
body[0] = pelvis. mass: 12.9063
              moments of inertia:  ~[0.145167,0.145167,0.0726748]
              products of inertia: ~[0,0,0]
body[1] = femur_r. mass: 10.1933
              moments of inertia:  ~[0.167005,0.0437779,0.17611]
              products of inertia: ~[0,0,0]
body[2] = tibia_r. mass: 4.06302
              moments of inertia:  ~[0.0686582,0.0058898,0.0686582]
              products of inertia: ~[0,0,0]
body[3] = talus_r. mass: 0.109589
              moments of inertia:  ~[0.00126763,0.00126763,0.00126763]
              products of inertia: ~[0,0,0]
body[4] = calcn_r. mass: 1.36987
              moments of inertia:  ~[0.00177469,0.00494377,0.0051973]
              products of inertia: ~[0,0,0]
body[5] = toes_r. mass: 0.23737
              moments of inertia:  ~[0.000126763,0.000253527,0.00126763]
              products of inertia: ~[0,0,0]
body[6] = femur_l. mass: 10.1933
              moments of inertia:  ~[0.167005,0.0437779,0.17611]
              products of inertia: ~[0,0,0]
body[7] = tibia_l. mass: 4.06302
              moments of inertia:  ~[0.0686582,0.0058898,0.0686582]
              products of inertia: ~[0,0,0]
body[8] = talus_l. mass: 0.109589
              moments of inertia:  ~[0.00126763,0.00126763,0.00126763]
              products of inertia: ~[0,0,0]
body[9] = calcn_l. mass: 1.36987
              moments of inertia:  ~[0.00177469,0.00494377,0.0051973]
              products of inertia: ~[0,0,0]
body[10] = toes_l. mass: 0.23737
              moments of inertia:  ~[0.000126763,0.000253527,0.00126763]
              products of inertia: ~[0,0,0]
body[11] = torso. mass: 29.3991
              moments of inertia:  ~[1.74167,0.892391,1.69076]
              products of inertia: ~[0,0,0]
body[12] = humerus_r. mass: 2.2274
              moments of inertia:  ~[0.0142055,0.00490046,0.0159452]
              products of inertia: ~[0,0,0]
body[13] = ulna_r. mass: 0.665755
              moments of inertia:  ~[0.00362196,0.000755697,0.00392889]
              products of inertia: ~[0,0,0]
body[14] = radius_r. mass: 0.665755
              moments of inertia:  ~[0.00362196,0.000755697,0.00392889]
              products of inertia: ~[0,0,0]
body[15] = hand_r. mass: 0.501371
              moments of inertia:  ~[0.00109075,0.000668877,0.00163857]
              products of inertia: ~[0,0,0]
body[16] = humerus_l. mass: 2.2274
              moments of inertia:  ~[0.0142055,0.00490046,0.0159452]
              products of inertia: ~[0,0,0]
body[17] = ulna_l. mass: 0.665755
              moments of inertia:  ~[0.00362196,0.000755697,0.00392889]
              products of inertia: ~[0,0,0]
body[18] = radius_l. mass: 0.665755
              moments of inertia:  ~[0.00362196,0.000755697,0.00392889]
              products of inertia: ~[0,0,0]
body[19] = hand_l. mass: 0.501371
              moments of inertia:  ~[0.00109075,0.000668877,0.00163857]
              products of inertia: ~[0,0,0]

JOINTS (total: 20)
joint[0] = ground_pelvis. parent: ground_offset, child: pelvis_offset
joint[1] = hip_r. parent: pelvis_offset, child: femur_r_offset
joint[2] = knee_r. parent: femur_r_offset, child: tibia_r_offset
joint[3] = ankle_r. parent: tibia_r_offset, child: talus_r_offset
joint[4] = subtalar_r. parent: talus_r_offset, child: calcn_r_offset
joint[5] = mtp_r. parent: calcn_r_offset, child: toes_r_offset
joint[6] = hip_l. parent: pelvis_offset, child: femur_l_offset
joint[7] = knee_l. parent: femur_l_offset, child: tibia_l_offset
joint[8] = ankle_l. parent: tibia_l_offset, child: talus_l_offset
joint[9] = subtalar_l. parent: talus_l_offset, child: calcn_l_offset
joint[10] = mtp_l. parent: calcn_l_offset, child: toes_l_offset
joint[11] = back. parent: pelvis_offset, child: torso_offset
joint[12] = acromial_r. parent: torso_offset, child: humerus_r_offset
joint[13] = elbow_r. parent: humerus_r_offset, child: ulna_r_offset
joint[14] = radioulnar_r. parent: ulna_r_offset, child: radius_r_offset
joint[15] = radius_hand_r. parent: radius_r_offset, child: hand_r_offset
joint[16] = acromial_l. parent: torso_offset, child: humerus_l_offset
joint[17] = elbow_l. parent: humerus_l_offset, child: ulna_l_offset
joint[18] = radioulnar_l. parent: ulna_l_offset, child: radius_l_offset
joint[19] = radius_hand_l. parent: radius_l_offset, child: hand_l_offset

ACTUATORS (total: 29)
actuator[0] = FX
actuator[1] = FY
actuator[2] = FZ
actuator[3] = MZ
actuator[4] = MX
actuator[5] = MY
actuator[6] = hip_flexion_r
actuator[7] = hip_adduction_r
actuator[8] = hip_rotation_r
actuator[9] = knee_angle_r
actuator[10] = ankle_angle_r
actuator[11] = hip_flexion_l
actuator[12] = hip_adduction_l
actuator[13] = hip_rotation_l
actuator[14] = knee_angle_l
actuator[15] = ankle_angle_l
actuator[16] = lumbar_extension
actuator[17] = lumbar_bending
actuator[18] = lumbar_rotation
actuator[19] = arm_flex_r
actuator[20] = arm_add_r
actuator[21] = arm_rot_r
actuator[22] = elbow_flex_r
actuator[23] = pro_sup_r
actuator[24] = arm_flex_l
actuator[25] = arm_add_l
actuator[26] = arm_rot_l
actuator[27] = elbow_flex_l
actuator[28] = pro_sup_l

STATES (total: 74)
y[0] = /jointset/ground_pelvis/pelvis_tilt/value
y[1] = /jointset/ground_pelvis/pelvis_tilt/speed
y[2] = /jointset/ground_pelvis/pelvis_list/value
y[3] = /jointset/ground_pelvis/pelvis_list/speed
y[4] = /jointset/ground_pelvis/pelvis_rotation/value
y[5] = /jointset/ground_pelvis/pelvis_rotation/speed
y[6] = /jointset/ground_pelvis/pelvis_tx/value
y[7] = /jointset/ground_pelvis/pelvis_tx/speed
y[8] = /jointset/ground_pelvis/pelvis_ty/value
y[9] = /jointset/ground_pelvis/pelvis_ty/speed
y[10] = /jointset/ground_pelvis/pelvis_tz/value
y[11] = /jointset/ground_pelvis/pelvis_tz/speed
y[12] = /jointset/hip_r/hip_flexion_r/value
y[13] = /jointset/hip_r/hip_flexion_r/speed
y[14] = /jointset/hip_r/hip_adduction_r/value
y[15] = /jointset/hip_r/hip_adduction_r/speed
y[16] = /jointset/hip_r/hip_rotation_r/value
y[17] = /jointset/hip_r/hip_rotation_r/speed
y[18] = /jointset/knee_r/knee_angle_r/value
y[19] = /jointset/knee_r/knee_angle_r/speed
y[20] = /jointset/ankle_r/ankle_angle_r/value
y[21] = /jointset/ankle_r/ankle_angle_r/speed
y[22] = /jointset/subtalar_r/subtalar_angle_r/value
y[23] = /jointset/subtalar_r/subtalar_angle_r/speed
y[24] = /jointset/mtp_r/mtp_angle_r/value
y[25] = /jointset/mtp_r/mtp_angle_r/speed
y[26] = /jointset/hip_l/hip_flexion_l/value
y[27] = /jointset/hip_l/hip_flexion_l/speed
y[28] = /jointset/hip_l/hip_adduction_l/value
y[29] = /jointset/hip_l/hip_adduction_l/speed
y[30] = /jointset/hip_l/hip_rotation_l/value
y[31] = /jointset/hip_l/hip_rotation_l/speed
y[32] = /jointset/knee_l/knee_angle_l/value
y[33] = /jointset/knee_l/knee_angle_l/speed
y[34] = /jointset/ankle_l/ankle_angle_l/value
y[35] = /jointset/ankle_l/ankle_angle_l/speed
y[36] = /jointset/subtalar_l/subtalar_angle_l/value
y[37] = /jointset/subtalar_l/subtalar_angle_l/speed
y[38] = /jointset/mtp_l/mtp_angle_l/value
y[39] = /jointset/mtp_l/mtp_angle_l/speed
y[40] = /jointset/back/lumbar_extension/value
y[41] = /jointset/back/lumbar_extension/speed
y[42] = /jointset/back/lumbar_bending/value
y[43] = /jointset/back/lumbar_bending/speed
y[44] = /jointset/back/lumbar_rotation/value
y[45] = /jointset/back/lumbar_rotation/speed
y[46] = /jointset/acromial_r/arm_flex_r/value
y[47] = /jointset/acromial_r/arm_flex_r/speed
y[48] = /jointset/acromial_r/arm_add_r/value
y[49] = /jointset/acromial_r/arm_add_r/speed
y[50] = /jointset/acromial_r/arm_rot_r/value
y[51] = /jointset/acromial_r/arm_rot_r/speed
y[52] = /jointset/elbow_r/elbow_flex_r/value
y[53] = /jointset/elbow_r/elbow_flex_r/speed
y[54] = /jointset/radioulnar_r/pro_sup_r/value
y[55] = /jointset/radioulnar_r/pro_sup_r/speed
y[56] = /jointset/radius_hand_r/wrist_flex_r/value
y[57] = /jointset/radius_hand_r/wrist_flex_r/speed
y[58] = /jointset/radius_hand_r/wrist_dev_r/value
y[59] = /jointset/radius_hand_r/wrist_dev_r/speed
y[60] = /jointset/acromial_l/arm_flex_l/value
y[61] = /jointset/acromial_l/arm_flex_l/speed
y[62] = /jointset/acromial_l/arm_add_l/value
y[63] = /jointset/acromial_l/arm_add_l/speed
y[64] = /jointset/acromial_l/arm_rot_l/value
y[65] = /jointset/acromial_l/arm_rot_l/speed
y[66] = /jointset/elbow_l/elbow_flex_l/value
y[67] = /jointset/elbow_l/elbow_flex_l/speed
y[68] = /jointset/radioulnar_l/pro_sup_l/value
y[69] = /jointset/radioulnar_l/pro_sup_l/speed
y[70] = /jointset/radius_hand_l/wrist_flex_l/value
y[71] = /jointset/radius_hand_l/wrist_flex_l/speed
y[72] = /jointset/radius_hand_l/wrist_dev_l/value
y[73] = /jointset/radius_hand_l/wrist_dev_l/speed

[2023-03-10 23:16:38.737] [info] Requested COM adjustment time range 0.382 to 0.992, clamped to nearest available data times: 0.38 to 0.99.
[2023-03-10 23:16:38.738] [info] Computing average residuals between 0.38 and 0.99...
[2023-03-10 23:16:38.848] [info] ExternalForce::externalforce Data source being set to Run_500 03_newCOP3_v24.mot
[2023-03-10 23:16:38.848] [info] ExternalForce::externalforce_0 Data source being set to Run_500 03_newCOP3_v24.mot
[2023-03-10 23:16:38.941] [info] ExternalForce::externalforce Data source being set to Run_500 03_newCOP3_v24.mot
[2023-03-10 23:16:38.941] [info] ExternalForce::externalforce_0 Data source being set to Run_500 03_newCOP3_v24.mot
[2023-03-10 23:16:40.497] [info] ExternalForce::externalforce Data source being set to Run_500 03_newCOP3_v24.mot
[2023-03-10 23:16:40.497] [info] ExternalForce::externalforce_0 Data source being set to Run_500 03_newCOP3_v24.mot
[2023-03-10 23:16:40.510] [info] Computing average residuals between 0.38 and 0.99...
[2023-03-10 23:16:40.632] [info] ExternalForce::externalforce Data source being set to Run_500 03_newCOP3_v24.mot
[2023-03-10 23:16:40.632] [info] ExternalForce::externalforce_0 Data source being set to Run_500 03_newCOP3_v24.mot
[2023-03-10 23:16:40.703] [info] ExternalForce::externalforce Data source being set to Run_500 03_newCOP3_v24.mot
[2023-03-10 23:16:40.703] [info] ExternalForce::externalforce_0 Data source being set to Run_500 03_newCOP3_v24.mot
[2023-03-10 23:16:41.986] [info] Constructing function set for tracking desired kinematics...
[2023-03-10 23:16:42.745] [warning] No Actuation analysis found in analysis set, adding one...
[2023-03-10 23:16:42.746] [warning] No Kinematics analysis found in analysis set, adding one...
[2023-03-10 23:16:42.749] [info] Using the generalized coordinates specified in '..\..\ik\Run_5.mot' to set the initial configuration.
[2023-03-10 23:16:42.904] [info] Using IPOPT optimizer algorithm.
[2023-03-10 23:16:42.904] [info] Setting optimizer print level to 0.
[2023-03-10 23:16:42.904] [info] Setting optimizer convergence tolerance to 1.0e-05.
[2023-03-10 23:16:42.904] [info] Setting optimizer maximum iterations to 2000.
[2023-03-10 23:16:42.904] [info] Setting cmc controller to not use verbose printing.

[2023-03-10 23:16:42.905] [info] CMC::computeControls, t = 0.382
[2023-03-10 23:16:43.733] [info] --------------------------------------------
[2023-03-10 23:16:43.733] [info] Using CMC to track the specified kinematics:
[2023-03-10 23:16:43.733] [info] --------------------------------------------
[2023-03-10 23:16:43.733] [info]  -- Integrating from 0.382 to 0.992
[2023-03-10 23:16:43.733] [info]  -- Start time = Fri Mar 10 23:16:43 2023
[2023-03-10 23:16:43.733] [info] --------------------------------------------
[2023-03-10 23:16:43.733] [info] 
[2023-03-10 23:16:43.739] [info] CMC::computeControls, t = 0.382
[2023-03-10 23:16:43.772] [info] CMC::computeControls, t = 0.383
[2023-03-10 23:16:43.772] [warning] Coordinate.setValue:  coordinate subtalar_angle_r is locked. Unable to change its value.
[2023-03-10 23:16:43.772] [warning] Coordinate.setValue:  coordinate mtp_angle_r is locked. Unable to change its value.
[2023-03-10 23:16:43.772] [warning] Coordinate.setValue:  coordinate subtalar_angle_l is locked. Unable to change its value.
[2023-03-10 23:16:43.772] [warning] Coordinate.setValue:  coordinate mtp_angle_l is locked. Unable to change its value.
[2023-03-10 23:16:43.772] [warning] Coordinate.setValue:  coordinate wrist_flex_r is locked. Unable to change its value.
[2023-03-10 23:16:43.772] [warning] Coordinate.setValue:  coordinate wrist_dev_r is locked. Unable to change its value.
[2023-03-10 23:16:43.773] [warning] Coordinate.setValue:  coordinate wrist_flex_l is locked. Unable to change its value.
[2023-03-10 23:16:43.773] [warning] Coordinate.setValue:  coordinate wrist_dev_l is locked. Unable to change its value.
[2023-03-10 23:16:43.801] [info] CMC::computeControls, t = 0.384
[2023-03-10 23:16:43.823] [info] CMC::computeControls, t = 0.385
[2023-03-10 23:16:43.849] [info] CMC::computeControls, t = 0.386
[2023-03-10 23:16:43.887] [info] CMC::computeControls, t = 0.387
[2023-03-10 23:16:43.917] [info] CMC::computeControls, t = 0.388
[2023-03-10 23:16:43.942] [info] CMC::computeControls, t = 0.389
[2023-03-10 23:16:43.970] [info] CMC::computeControls, t = 0.39
[2023-03-10 23:16:44.006] [info] CMC::computeControls, t = 0.391
[2023-03-10 23:16:44.036] [info] CMC::computeControls, t = 0.392
[2023-03-10 23:16:44.071] [info] CMC::computeControls, t = 0.393
[2023-03-10 23:16:44.093] [info] CMC::computeControls, t = 0.394
[2023-03-10 23:16:44.122] [info] CMC::computeControls, t = 0.395
[2023-03-10 23:16:44.143] [info] CMC::computeControls, t = 0.396
[2023-03-10 23:16:44.186] [info] CMC::computeControls, t = 0.397
[2023-03-10 23:16:44.220] [info] CMC::computeControls, t = 0.398
[2023-03-10 23:16:44.242] [info] CMC::computeControls, t = 0.399
[2023-03-10 23:16:44.258] [info] CMC::computeControls, t = 0.4
[2023-03-10 23:16:44.279] [info] CMC::computeControls, t = 0.401000
[2023-03-10 23:16:44.296] [info] CMC::computeControls, t = 0.402000
[2023-03-10 23:16:44.324] [info] CMC::computeControls, t = 0.403000
[2023-03-10 23:16:44.348] [info] CMC::computeControls, t = 0.404000
[2023-03-10 23:16:44.374] [info] CMC::computeControls, t = 0.405000
[2023-03-10 23:16:44.400] [info] CMC::computeControls, t = 0.406000
[2023-03-10 23:16:44.415] [info] CMC::computeControls, t = 0.407000
[2023-03-10 23:16:44.431] [info] CMC::computeControls, t = 0.408000
[2023-03-10 23:16:44.452] [info] CMC::computeControls, t = 0.409000
[2023-03-10 23:16:44.482] [info] CMC::computeControls, t = 0.41
[2023-03-10 23:16:44.507] [info] CMC::computeControls, t = 0.411
[2023-03-10 23:16:44.525] [info] CMC::computeControls, t = 0.412
[2023-03-10 23:16:44.548] [info] CMC::computeControls, t = 0.413
[2023-03-10 23:16:44.593] [info] CMC::computeControls, t = 0.414
[2023-03-10 23:16:44.623] [info] CMC::computeControls, t = 0.415
[2023-03-10 23:16:44.638] [info] CMC::computeControls, t = 0.416
[2023-03-10 23:16:44.675] [info] CMC::computeControls, t = 0.417
[2023-03-10 23:16:44.691] [info] CMC::computeControls, t = 0.418
[2023-03-10 23:16:44.708] [info] CMC::computeControls, t = 0.419
[2023-03-10 23:16:44.734] [info] CMC::computeControls, t = 0.42
[2023-03-10 23:16:44.764] [info] CMC::computeControls, t = 0.421
[2023-03-10 23:16:44.791] [info] CMC::computeControls, t = 0.422
[2023-03-10 23:16:44.808] [info] CMC::computeControls, t = 0.423
[2023-03-10 23:16:44.841] [info] CMC::computeControls, t = 0.424
[2023-03-10 23:16:44.865] [info] CMC::computeControls, t = 0.425
[2023-03-10 23:16:44.888] [info] CMC::computeControls, t = 0.426
[2023-03-10 23:16:44.912] [info] CMC::computeControls, t = 0.427
[2023-03-10 23:16:44.935] [info] CMC::computeControls, t = 0.428
[2023-03-10 23:16:44.973] [info] CMC::computeControls, t = 0.429
[2023-03-10 23:16:44.995] [info] CMC::computeControls, t = 0.43
[2023-03-10 23:16:45.011] [info] CMC::computeControls, t = 0.431
[2023-03-10 23:16:45.044] [info] CMC::computeControls, t = 0.432
[2023-03-10 23:16:45.064] [info] CMC::computeControls, t = 0.433
[2023-03-10 23:16:45.098] [info] CMC::computeControls, t = 0.434
[2023-03-10 23:16:45.139] [info] CMC::computeControls, t = 0.435
[2023-03-10 23:16:45.175] [info] CMC::computeControls, t = 0.436
[2023-03-10 23:16:45.203] [info] CMC::computeControls, t = 0.437
[2023-03-10 23:16:45.235] [info] CMC::computeControls, t = 0.438
[2023-03-10 23:16:45.253] [info] CMC::computeControls, t = 0.439
[2023-03-10 23:16:45.271] [info] CMC::computeControls, t = 0.44
[2023-03-10 23:16:45.290] [info] CMC::computeControls, t = 0.441
[2023-03-10 23:16:45.316] [info] CMC::computeControls, t = 0.442
[2023-03-10 23:16:45.336] [info] CMC::computeControls, t = 0.443
[2023-03-10 23:16:45.370] [info] CMC::computeControls, t = 0.444
[2023-03-10 23:16:45.385] [info] CMC::computeControls, t = 0.445
[2023-03-10 23:16:45.412] [info] CMC::computeControls, t = 0.446
[2023-03-10 23:16:45.446] [info] CMC::computeControls, t = 0.447
[2023-03-10 23:16:45.469] [info] CMC::computeControls, t = 0.448
[2023-03-10 23:16:45.498] [info] CMC::computeControls, t = 0.449
[2023-03-10 23:16:45.525] [info] CMC::computeControls, t = 0.45
[2023-03-10 23:16:45.550] [info] CMC::computeControls, t = 0.451
[2023-03-10 23:16:45.580] [info] CMC::computeControls, t = 0.452
[2023-03-10 23:16:45.618] [info] CMC::computeControls, t = 0.453
[2023-03-10 23:16:45.637] [info] CMC::computeControls, t = 0.454
[2023-03-10 23:16:45.652] [info] CMC::computeControls, t = 0.455
[2023-03-10 23:16:45.682] [info] CMC::computeControls, t = 0.456
[2023-03-10 23:16:45.709] [info] CMC::computeControls, t = 0.457
[2023-03-10 23:16:45.764] [info] CMC::computeControls, t = 0.458
[2023-03-10 23:16:45.794] [info] CMC::computeControls, t = 0.459
[2023-03-10 23:16:45.833] [info] CMC::computeControls, t = 0.46
[2023-03-10 23:16:45.858] [info] CMC::computeControls, t = 0.461
[2023-03-10 23:16:45.879] [info] CMC::computeControls, t = 0.462
[2023-03-10 23:16:45.894] [info] CMC::computeControls, t = 0.463
[2023-03-10 23:16:45.917] [info] CMC::computeControls, t = 0.464
[2023-03-10 23:16:45.937] [info] CMC::computeControls, t = 0.465
[2023-03-10 23:16:45.965] [info] CMC::computeControls, t = 0.466
[2023-03-10 23:16:45.980] [info] CMC::computeControls, t = 0.467
[2023-03-10 23:16:45.997] [info] CMC::computeControls, t = 0.468
[2023-03-10 23:16:46.014] [info] CMC::computeControls, t = 0.469
[2023-03-10 23:16:46.032] [info] CMC::computeControls, t = 0.47
[2023-03-10 23:16:46.057] [info] CMC::computeControls, t = 0.471
[2023-03-10 23:16:46.104] [info] CMC::computeControls, t = 0.472
[2023-03-10 23:16:46.134] [info] CMC::computeControls, t = 0.473
[2023-03-10 23:16:46.162] [info] CMC::computeControls, t = 0.474
[2023-03-10 23:16:46.177] [info] CMC::computeControls, t = 0.475
[2023-03-10 23:16:46.193] [info] CMC::computeControls, t = 0.476
[2023-03-10 23:16:46.220] [info] CMC::computeControls, t = 0.477
[2023-03-10 23:16:46.243] [info] CMC::computeControls, t = 0.478
[2023-03-10 23:16:46.259] [info] CMC::computeControls, t = 0.479
[2023-03-10 23:16:46.284] [info] CMC::computeControls, t = 0.48
[2023-03-10 23:16:46.308] [info] CMC::computeControls, t = 0.481
[2023-03-10 23:16:46.324] [info] CMC::computeControls, t = 0.482
[2023-03-10 23:16:46.344] [info] CMC::computeControls, t = 0.483
[2023-03-10 23:16:46.363] [info] CMC::computeControls, t = 0.484
[2023-03-10 23:16:46.390] [info] CMC::computeControls, t = 0.485
[2023-03-10 23:16:46.406] [info] CMC::computeControls, t = 0.486
[2023-03-10 23:16:46.431] [info] CMC::computeControls, t = 0.487
[2023-03-10 23:16:46.470] [info] CMC::computeControls, t = 0.488
[2023-03-10 23:16:46.489] [info] CMC::computeControls, t = 0.489
[2023-03-10 23:16:46.504] [info] CMC::computeControls, t = 0.49
[2023-03-10 23:16:46.531] [info] CMC::computeControls, t = 0.491
[2023-03-10 23:16:46.546] [info] CMC::computeControls, t = 0.492
[2023-03-10 23:16:46.572] [info] CMC::computeControls, t = 0.493
[2023-03-10 23:16:46.613] [info] CMC::computeControls, t = 0.494
[2023-03-10 23:16:46.644] [info] CMC::computeControls, t = 0.495
[2023-03-10 23:16:46.675] [info] CMC::computeControls, t = 0.496
[2023-03-10 23:16:46.703] [info] CMC::computeControls, t = 0.497
[2023-03-10 23:16:46.730] [info] CMC::computeControls, t = 0.498
[2023-03-10 23:16:46.756] [info] CMC::computeControls, t = 0.499
[2023-03-10 23:16:46.775] [info] CMC::computeControls, t = 0.5
[2023-03-10 23:16:46.799] [info] CMC::computeControls, t = 0.501000
[2023-03-10 23:16:46.815] [info] CMC::computeControls, t = 0.502000
[2023-03-10 23:16:46.851] [info] CMC::computeControls, t = 0.503000
[2023-03-10 23:16:46.875] [info] CMC::computeControls, t = 0.504000
[2023-03-10 23:16:46.910] [info] CMC::computeControls, t = 0.505000
[2023-03-10 23:16:46.948] [info] CMC::computeControls, t = 0.506000
[2023-03-10 23:16:46.969] [info] CMC::computeControls, t = 0.507000
[2023-03-10 23:16:46.995] [info] CMC::computeControls, t = 0.508000
[2023-03-10 23:16:47.015] [info] CMC::computeControls, t = 0.509000
[2023-03-10 23:16:47.049] [info] CMC::computeControls, t = 0.51
[2023-03-10 23:16:47.069] [info] CMC::computeControls, t = 0.511
[2023-03-10 23:16:47.108] [info] CMC::computeControls, t = 0.512
[2023-03-10 23:16:47.138] [info] CMC::computeControls, t = 0.513
[2023-03-10 23:16:47.165] [info] CMC::computeControls, t = 0.514
[2023-03-10 23:16:47.195] [info] CMC::computeControls, t = 0.515
[2023-03-10 23:16:47.236] [info] CMC::computeControls, t = 0.516
[2023-03-10 23:16:47.252] [info] CMC::computeControls, t = 0.517
[2023-03-10 23:16:47.276] [info] CMC::computeControls, t = 0.518
[2023-03-10 23:16:47.291] [info] CMC::computeControls, t = 0.519
[2023-03-10 23:16:47.318] [info] CMC::computeControls, t = 0.52
[2023-03-10 23:16:47.340] [info] CMC::computeControls, t = 0.521
[2023-03-10 23:16:47.377] [info] CMC::computeControls, t = 0.522
[2023-03-10 23:16:47.392] [info] CMC::computeControls, t = 0.523
[2023-03-10 23:16:47.410] [info] CMC::computeControls, t = 0.524
[2023-03-10 23:16:47.436] [info] CMC::computeControls, t = 0.525
[2023-03-10 23:16:47.456] [info] CMC::computeControls, t = 0.526
[2023-03-10 23:16:47.494] [info] CMC::computeControls, t = 0.527
[2023-03-10 23:16:47.533] [info] CMC::computeControls, t = 0.528
[2023-03-10 23:16:47.570] [info] CMC::computeControls, t = 0.529
[2023-03-10 23:16:47.590] [info] CMC::computeControls, t = 0.53
[2023-03-10 23:16:47.630] [info] CMC::computeControls, t = 0.531
[2023-03-10 23:16:47.656] [info] CMC::computeControls, t = 0.532
[2023-03-10 23:16:47.676] [info] CMC::computeControls, t = 0.533
[2023-03-10 23:16:47.708] [info] CMC::computeControls, t = 0.534
[2023-03-10 23:16:47.742] [info] CMC::computeControls, t = 0.535
[2023-03-10 23:16:47.758] [info] CMC::computeControls, t = 0.536
[2023-03-10 23:16:47.783] [info] CMC::computeControls, t = 0.537
[2023-03-10 23:16:47.813] [info] CMC::computeControls, t = 0.538
[2023-03-10 23:16:47.837] [info] CMC::computeControls, t = 0.539
[2023-03-10 23:16:47.854] [info] CMC::computeControls, t = 0.54
[2023-03-10 23:16:47.900] [info] CMC::computeControls, t = 0.541
[2023-03-10 23:16:47.917] [info] CMC::computeControls, t = 0.542
[2023-03-10 23:16:47.932] [info] CMC::computeControls, t = 0.543
[2023-03-10 23:16:47.948] [info] CMC::computeControls, t = 0.544
[2023-03-10 23:16:47.970] [info] CMC::computeControls, t = 0.545
[2023-03-10 23:16:47.997] [info] CMC::computeControls, t = 0.546
[2023-03-10 23:16:48.021] [info] CMC::computeControls, t = 0.547
[2023-03-10 23:16:48.037] [info] CMC::computeControls, t = 0.548
[2023-03-10 23:16:48.053] [info] CMC::computeControls, t = 0.549
[2023-03-10 23:16:48.080] [info] CMC::computeControls, t = 0.55
[2023-03-10 23:16:48.109] [info] CMC::computeControls, t = 0.551
[2023-03-10 23:16:48.128] [info] CMC::computeControls, t = 0.552
[2023-03-10 23:16:48.144] [info] CMC::computeControls, t = 0.553
[2023-03-10 23:16:48.171] [info] CMC::computeControls, t = 0.554
[2023-03-10 23:16:48.197] [info] CMC::computeControls, t = 0.555
[2023-03-10 23:16:48.224] [info] CMC::computeControls, t = 0.556
[2023-03-10 23:16:48.261] [info] CMC::computeControls, t = 0.557
[2023-03-10 23:16:48.286] [info] CMC::computeControls, t = 0.558
[2023-03-10 23:16:48.311] [info] CMC::computeControls, t = 0.559
[2023-03-10 23:16:48.326] [info] CMC::computeControls, t = 0.56
[2023-03-10 23:16:48.341] [info] CMC::computeControls, t = 0.561
[2023-03-10 23:16:48.357] [info] CMC::computeControls, t = 0.562
[2023-03-10 23:16:48.372] [info] CMC::computeControls, t = 0.563
[2023-03-10 23:16:48.393] [info] CMC::computeControls, t = 0.564
[2023-03-10 23:16:48.427] [info] CMC::computeControls, t = 0.565
[2023-03-10 23:16:48.460] [info] CMC::computeControls, t = 0.566
[2023-03-10 23:16:48.496] [info] CMC::computeControls, t = 0.567
[2023-03-10 23:16:48.512] [info] CMC::computeControls, t = 0.568
[2023-03-10 23:16:48.528] [info] CMC::computeControls, t = 0.569
[2023-03-10 23:16:48.545] [info] CMC::computeControls, t = 0.57
[2023-03-10 23:16:48.573] [info] CMC::computeControls, t = 0.571
[2023-03-10 23:16:48.590] [info] CMC::computeControls, t = 0.572
[2023-03-10 23:16:48.607] [info] CMC::computeControls, t = 0.573
[2023-03-10 23:16:48.633] [info] CMC::computeControls, t = 0.574
[2023-03-10 23:16:48.652] [info] CMC::computeControls, t = 0.575
[2023-03-10 23:16:48.674] [info] CMC::computeControls, t = 0.576
[2023-03-10 23:16:48.695] [info] CMC::computeControls, t = 0.577
[2023-03-10 23:16:48.711] [info] CMC::computeControls, t = 0.578
[2023-03-10 23:16:48.739] [info] CMC::computeControls, t = 0.579
[2023-03-10 23:16:48.768] [info] CMC::computeControls, t = 0.58
[2023-03-10 23:16:48.806] [info] CMC::computeControls, t = 0.581
[2023-03-10 23:16:48.822] [info] CMC::computeControls, t = 0.582
[2023-03-10 23:16:48.837] [info] CMC::computeControls, t = 0.583
[2023-03-10 23:16:48.862] [info] CMC::computeControls, t = 0.584
[2023-03-10 23:16:48.880] [info] CMC::computeControls, t = 0.585
[2023-03-10 23:16:48.896] [info] CMC::computeControls, t = 0.586
[2023-03-10 23:16:48.913] [info] CMC::computeControls, t = 0.587
[2023-03-10 23:16:48.936] [info] CMC::computeControls, t = 0.588
[2023-03-10 23:16:48.958] [info] CMC::computeControls, t = 0.589
[2023-03-10 23:16:48.994] [info] CMC::computeControls, t = 0.59
[2023-03-10 23:16:49.018] [info] CMC::computeControls, t = 0.591
[2023-03-10 23:16:49.034] [info] CMC::computeControls, t = 0.592
[2023-03-10 23:16:49.055] [info] CMC::computeControls, t = 0.593
[2023-03-10 23:16:49.078] [info] CMC::computeControls, t = 0.594
[2023-03-10 23:16:49.101] [info] CMC::computeControls, t = 0.595
[2023-03-10 23:16:49.125] [info] CMC::computeControls, t = 0.596
[2023-03-10 23:16:49.141] [info] CMC::computeControls, t = 0.597
[2023-03-10 23:16:49.158] [info] CMC::computeControls, t = 0.598
[2023-03-10 23:16:49.187] [info] CMC::computeControls, t = 0.599
[2023-03-10 23:16:49.217] [info] CMC::computeControls, t = 0.6
[2023-03-10 23:16:49.241] [info] CMC::computeControls, t = 0.601000
[2023-03-10 23:16:49.266] [info] CMC::computeControls, t = 0.602000
[2023-03-10 23:16:49.285] [info] CMC::computeControls, t = 0.603000
[2023-03-10 23:16:49.304] [info] CMC::computeControls, t = 0.604000
[2023-03-10 23:16:49.324] [info] CMC::computeControls, t = 0.605000
[2023-03-10 23:16:49.356] [info] CMC::computeControls, t = 0.606000
[2023-03-10 23:16:49.378] [info] CMC::computeControls, t = 0.607000
[2023-03-10 23:16:49.411] [info] CMC::computeControls, t = 0.608000
[2023-03-10 23:16:49.436] [info] CMC::computeControls, t = 0.609000
[2023-03-10 23:16:49.452] [info] CMC::computeControls, t = 0.61
[2023-03-10 23:16:49.478] [info] CMC::computeControls, t = 0.611
[2023-03-10 23:16:49.506] [info] CMC::computeControls, t = 0.612
[2023-03-10 23:16:49.530] [info] CMC::computeControls, t = 0.613
[2023-03-10 23:16:49.546] [info] CMC::computeControls, t = 0.614
[2023-03-10 23:16:49.587] [info] CMC::computeControls, t = 0.615
[2023-03-10 23:16:49.606] [info] CMC::computeControls, t = 0.616
[2023-03-10 23:16:49.642] [info] CMC::computeControls, t = 0.617
[2023-03-10 23:16:49.665] [info] CMC::computeControls, t = 0.618
[2023-03-10 23:16:49.690] [info] CMC::computeControls, t = 0.619
[2023-03-10 23:16:49.706] [info] CMC::computeControls, t = 0.62
[2023-03-10 23:16:49.730] [info] CMC::computeControls, t = 0.621
[2023-03-10 23:16:49.747] [info] CMC::computeControls, t = 0.622
[2023-03-10 23:16:49.762] [info] CMC::computeControls, t = 0.623
[2023-03-10 23:16:49.780] [info] CMC::computeControls, t = 0.624
[2023-03-10 23:16:49.808] [info] CMC::computeControls, t = 0.625
[2023-03-10 23:16:49.823] [info] CMC::computeControls, t = 0.626
[2023-03-10 23:16:49.840] [info] CMC::computeControls, t = 0.627
[2023-03-10 23:16:49.859] [info] CMC::computeControls, t = 0.628
[2023-03-10 23:16:49.875] [info] CMC::computeControls, t = 0.629
[2023-03-10 23:16:49.890] [info] CMC::computeControls, t = 0.63
[2023-03-10 23:16:49.909] [info] CMC::computeControls, t = 0.631
[2023-03-10 23:16:49.925] [info] CMC::computeControls, t = 0.632
[2023-03-10 23:16:49.940] [info] CMC::computeControls, t = 0.633
[2023-03-10 23:16:49.955] [info] CMC::computeControls, t = 0.634
[2023-03-10 23:16:49.970] [info] CMC::computeControls, t = 0.635
[2023-03-10 23:16:49.986] [info] CMC::computeControls, t = 0.636
[2023-03-10 23:16:50.008] [info] CMC::computeControls, t = 0.637
[2023-03-10 23:16:50.026] [info] CMC::computeControls, t = 0.638
[2023-03-10 23:16:50.041] [info] CMC::computeControls, t = 0.639
[2023-03-10 23:16:50.059] [info] CMC::computeControls, t = 0.64
[2023-03-10 23:16:50.074] [info] CMC::computeControls, t = 0.641
[2023-03-10 23:16:50.090] [info] CMC::computeControls, t = 0.642
[2023-03-10 23:16:50.108] [info] CMC::computeControls, t = 0.643
[2023-03-10 23:16:50.145] [info] CMC::computeControls, t = 0.644
[2023-03-10 23:16:50.173] [info] CMC::computeControls, t = 0.645
[2023-03-10 23:16:50.203] [info] CMC::computeControls, t = 0.646
[2023-03-10 23:16:50.221] [info] CMC::computeControls, t = 0.647
[2023-03-10 23:16:50.247] [info] CMC::computeControls, t = 0.648
[2023-03-10 23:16:50.265] [info] CMC::computeControls, t = 0.649
[2023-03-10 23:16:50.285] [info] CMC::computeControls, t = 0.65
[2023-03-10 23:16:50.302] [info] CMC::computeControls, t = 0.651
[2023-03-10 23:16:50.328] [info] CMC::computeControls, t = 0.652
[2023-03-10 23:16:50.349] [info] CMC::computeControls, t = 0.653
[2023-03-10 23:16:50.370] [info] CMC::computeControls, t = 0.654
[2023-03-10 23:16:50.386] [info] CMC::computeControls, t = 0.655
[2023-03-10 23:16:50.423] [info] CMC::computeControls, t = 0.656
[2023-03-10 23:16:50.455] [info] CMC::computeControls, t = 0.657
[2023-03-10 23:16:50.478] [info] CMC::computeControls, t = 0.658
[2023-03-10 23:16:50.494] [info] CMC::computeControls, t = 0.659
[2023-03-10 23:16:50.510] [info] CMC::computeControls, t = 0.66
[2023-03-10 23:16:50.527] [info] CMC::computeControls, t = 0.661
[2023-03-10 23:16:50.544] [info] CMC::computeControls, t = 0.662
[2023-03-10 23:16:50.565] [info] CMC::computeControls, t = 0.663
[2023-03-10 23:16:50.604] [info] CMC::computeControls, t = 0.664
[2023-03-10 23:16:50.628] [info] CMC::computeControls, t = 0.665
[2023-03-10 23:16:50.658] [info] CMC::computeControls, t = 0.666
[2023-03-10 23:16:50.689] [info] CMC::computeControls, t = 0.667
[2023-03-10 23:16:50.705] [info] CMC::computeControls, t = 0.668
[2023-03-10 23:16:50.721] [info] CMC::computeControls, t = 0.669
[2023-03-10 23:16:50.748] [info] CMC::computeControls, t = 0.67
[2023-03-10 23:16:50.767] [info] CMC::computeControls, t = 0.671
[2023-03-10 23:16:50.792] [info] CMC::computeControls, t = 0.672
[2023-03-10 23:16:50.829] [info] CMC::computeControls, t = 0.673
[2023-03-10 23:16:50.855] [info] CMC::computeControls, t = 0.674
[2023-03-10 23:16:50.875] [info] CMC::computeControls, t = 0.675
[2023-03-10 23:16:50.899] [info] CMC::computeControls, t = 0.676
[2023-03-10 23:16:50.915] [info] CMC::computeControls, t = 0.677
[2023-03-10 23:16:50.941] [info] CMC::computeControls, t = 0.678
[2023-03-10 23:16:50.956] [info] CMC::computeControls, t = 0.679
[2023-03-10 23:16:50.973] [info] CMC::computeControls, t = 0.68
[2023-03-10 23:16:51.006] [info] CMC::computeControls, t = 0.681
[2023-03-10 23:16:51.035] [info] CMC::computeControls, t = 0.682
[2023-03-10 23:16:51.057] [info] CMC::computeControls, t = 0.683
[2023-03-10 23:16:51.076] [info] CMC::computeControls, t = 0.684
[2023-03-10 23:16:51.092] [info] CMC::computeControls, t = 0.685
[2023-03-10 23:16:51.109] [info] CMC::computeControls, t = 0.686
[2023-03-10 23:16:51.125] [info] CMC::computeControls, t = 0.687
[2023-03-10 23:16:51.145] [info] CMC::computeControls, t = 0.688
[2023-03-10 23:16:51.161] [info] CMC::computeControls, t = 0.689
[2023-03-10 23:16:51.195] [info] CMC::computeControls, t = 0.69
[2023-03-10 23:16:51.212] [info] CMC::computeControls, t = 0.691
[2023-03-10 23:16:51.229] [info] CMC::computeControls, t = 0.692
[2023-03-10 23:16:51.248] [info] CMC::computeControls, t = 0.693
[2023-03-10 23:16:51.275] [info] CMC::computeControls, t = 0.694
[2023-03-10 23:16:51.292] [info] CMC::computeControls, t = 0.695
[2023-03-10 23:16:51.315] [info] CMC::computeControls, t = 0.696
[2023-03-10 23:16:51.334] [info] CMC::computeControls, t = 0.697
[2023-03-10 23:16:51.358] [info] CMC::computeControls, t = 0.698
[2023-03-10 23:16:51.374] [info] CMC::computeControls, t = 0.699
[2023-03-10 23:16:51.394] [info] CMC::computeControls, t = 0.7
[2023-03-10 23:16:51.413] [info] CMC::computeControls, t = 0.701000
[2023-03-10 23:16:51.436] [info] CMC::computeControls, t = 0.702000
[2023-03-10 23:16:51.466] [info] CMC::computeControls, t = 0.703000
[2023-03-10 23:16:51.499] [info] CMC::computeControls, t = 0.704000
[2023-03-10 23:16:51.518] [info] CMC::computeControls, t = 0.705000
[2023-03-10 23:16:51.539] [info] CMC::computeControls, t = 0.706000
[2023-03-10 23:16:51.560] [info] CMC::computeControls, t = 0.707000
[2023-03-10 23:16:51.589] [info] CMC::computeControls, t = 0.708000
[2023-03-10 23:16:51.622] [info] CMC::computeControls, t = 0.709000
[2023-03-10 23:16:51.650] [info] CMC::computeControls, t = 0.71
[2023-03-10 23:16:51.667] [info] CMC::computeControls, t = 0.711
[2023-03-10 23:16:51.684] [info] CMC::computeControls, t = 0.712
[2023-03-10 23:16:51.711] [info] CMC::computeControls, t = 0.713
[2023-03-10 23:16:51.748] [info] CMC::computeControls, t = 0.714
[2023-03-10 23:16:51.780] [info] CMC::computeControls, t = 0.715
[2023-03-10 23:16:51.809] [info] CMC::computeControls, t = 0.716
[2023-03-10 23:16:51.838] [info] CMC::computeControls, t = 0.717
[2023-03-10 23:16:51.863] [info] CMC::computeControls, t = 0.718
[2023-03-10 23:16:51.890] [info] CMC::computeControls, t = 0.719
[2023-03-10 23:16:51.905] [info] CMC::computeControls, t = 0.72
[2023-03-10 23:16:51.939] [info] CMC::computeControls, t = 0.721
[2023-03-10 23:16:51.958] [info] CMC::computeControls, t = 0.722
[2023-03-10 23:16:51.992] [info] CMC::computeControls, t = 0.723
[2023-03-10 23:16:52.014] [info] CMC::computeControls, t = 0.724
[2023-03-10 23:16:52.053] [info] CMC::computeControls, t = 0.725
[2023-03-10 23:16:52.069] [info] CMC::computeControls, t = 0.726
[2023-03-10 23:16:52.093] [info] CMC::computeControls, t = 0.727
[2023-03-10 23:16:52.125] [info] CMC::computeControls, t = 0.728
[2023-03-10 23:16:52.153] [info] CMC::computeControls, t = 0.729
[2023-03-10 23:16:52.173] [info] CMC::computeControls, t = 0.73
[2023-03-10 23:16:52.201] [info] CMC::computeControls, t = 0.731
[2023-03-10 23:16:52.217] [info] CMC::computeControls, t = 0.732
[2023-03-10 23:16:52.242] [info] CMC::computeControls, t = 0.733
[2023-03-10 23:16:52.257] [info] CMC::computeControls, t = 0.734
[2023-03-10 23:16:52.285] [info] CMC::computeControls, t = 0.735
[2023-03-10 23:16:52.308] [info] CMC::computeControls, t = 0.736
[2023-03-10 23:16:52.348] [info] CMC::computeControls, t = 0.737
[2023-03-10 23:16:52.389] [info] CMC::computeControls, t = 0.738
[2023-03-10 23:16:52.412] [info] CMC::computeControls, t = 0.739
[2023-03-10 23:16:52.445] [info] CMC::computeControls, t = 0.74
[2023-03-10 23:16:52.461] [info] CMC::computeControls, t = 0.741
[2023-03-10 23:16:52.497] [info] CMC::computeControls, t = 0.742
[2023-03-10 23:16:52.515] [info] CMC::computeControls, t = 0.743
[2023-03-10 23:16:52.546] [info] CMC::computeControls, t = 0.744
[2023-03-10 23:16:52.571] [info] CMC::computeControls, t = 0.745
[2023-03-10 23:16:52.598] [info] CMC::computeControls, t = 0.746
[2023-03-10 23:16:52.619] [info] CMC::computeControls, t = 0.747
[2023-03-10 23:16:52.659] [info] CMC::computeControls, t = 0.748
[2023-03-10 23:16:52.686] [info] CMC::computeControls, t = 0.749
[2023-03-10 23:16:52.715] [info] CMC::computeControls, t = 0.75
[2023-03-10 23:16:52.758] [info] CMC::computeControls, t = 0.751
[2023-03-10 23:16:52.788] [info] CMC::computeControls, t = 0.752
[2023-03-10 23:16:52.817] [info] CMC::computeControls, t = 0.753
[2023-03-10 23:16:52.833] [info] CMC::computeControls, t = 0.754
[2023-03-10 23:16:52.859] [info] CMC::computeControls, t = 0.755
[2023-03-10 23:16:52.874] [info] CMC::computeControls, t = 0.756
[2023-03-10 23:16:52.900] [info] CMC::computeControls, t = 0.757
[2023-03-10 23:16:52.936] [info] CMC::computeControls, t = 0.758
[2023-03-10 23:16:52.961] [info] CMC::computeControls, t = 0.759
[2023-03-10 23:16:53.000] [info] CMC::computeControls, t = 0.76
[2023-03-10 23:16:53.021] [info] CMC::computeControls, t = 0.761
[2023-03-10 23:16:53.052] [info] CMC::computeControls, t = 0.762
[2023-03-10 23:16:53.079] [info] CMC::computeControls, t = 0.763
[2023-03-10 23:16:53.106] [info] CMC::computeControls, t = 0.764
[2023-03-10 23:16:53.128] [info] CMC::computeControls, t = 0.765
[2023-03-10 23:16:53.167] [info] CMC::computeControls, t = 0.766
[2023-03-10 23:16:53.192] [info] CMC::computeControls, t = 0.767
[2023-03-10 23:16:53.207] [info] CMC::computeControls, t = 0.768
[2023-03-10 23:16:53.229] [info] CMC::computeControls, t = 0.769
[2023-03-10 23:16:53.264] [info] CMC::computeControls, t = 0.77
[2023-03-10 23:16:53.289] [info] CMC::computeControls, t = 0.771
[2023-03-10 23:16:53.304] [info] CMC::computeControls, t = 0.772
[2023-03-10 23:16:53.327] [info] CMC::computeControls, t = 0.773
[2023-03-10 23:16:53.358] [info] CMC::computeControls, t = 0.774
[2023-03-10 23:16:53.374] [info] CMC::computeControls, t = 0.775
[2023-03-10 23:16:53.400] [info] CMC::computeControls, t = 0.776
[2023-03-10 23:16:53.417] [info] CMC::computeControls, t = 0.777
[2023-03-10 23:16:53.445] [info] CMC::computeControls, t = 0.778
[2023-03-10 23:16:53.464] [info] CMC::computeControls, t = 0.779
[2023-03-10 23:16:53.497] [info] CMC::computeControls, t = 0.78
[2023-03-10 23:16:53.516] [info] CMC::computeControls, t = 0.781
[2023-03-10 23:16:53.544] [info] CMC::computeControls, t = 0.782
[2023-03-10 23:16:53.559] [info] CMC::computeControls, t = 0.783
[2023-03-10 23:16:53.576] [info] CMC::computeControls, t = 0.784
[2023-03-10 23:16:53.606] [info] CMC::computeControls, t = 0.785
[2023-03-10 23:16:53.645] [info] CMC::computeControls, t = 0.786
[2023-03-10 23:16:53.661] [info] CMC::computeControls, t = 0.787
[2023-03-10 23:16:53.700] [info] CMC::computeControls, t = 0.788
[2023-03-10 23:16:53.739] [info] CMC::computeControls, t = 0.789
[2023-03-10 23:16:53.779] [info] CMC::computeControls, t = 0.79
[2023-03-10 23:16:53.807] [info] CMC::computeControls, t = 0.791
[2023-03-10 23:16:53.830] [info] CMC::computeControls, t = 0.792
[2023-03-10 23:16:53.860] [info] CMC::computeControls, t = 0.793
[2023-03-10 23:16:53.889] [info] CMC::computeControls, t = 0.794
[2023-03-10 23:16:53.920] [info] CMC::computeControls, t = 0.795
[2023-03-10 23:16:53.943] [info] CMC::computeControls, t = 0.796
[2023-03-10 23:16:53.961] [info] CMC::computeControls, t = 0.797
[2023-03-10 23:16:53.984] [info] CMC::computeControls, t = 0.798
[2023-03-10 23:16:54.000] [info] CMC::computeControls, t = 0.799
[2023-03-10 23:16:54.028] [info] CMC::computeControls, t = 0.8
[2023-03-10 23:16:54.043] [info] CMC::computeControls, t = 0.801000
[2023-03-10 23:16:54.068] [info] CMC::computeControls, t = 0.802000
[2023-03-10 23:16:54.085] [info] CMC::computeControls, t = 0.803000
[2023-03-10 23:16:54.101] [info] CMC::computeControls, t = 0.804000
[2023-03-10 23:16:54.122] [info] CMC::computeControls, t = 0.805000
[2023-03-10 23:16:54.139] [info] CMC::computeControls, t = 0.806000
[2023-03-10 23:16:54.155] [info] CMC::computeControls, t = 0.807000
[2023-03-10 23:16:54.181] [info] CMC::computeControls, t = 0.808000
[2023-03-10 23:16:54.202] [info] CMC::computeControls, t = 0.809000
[2023-03-10 23:16:54.227] [info] CMC::computeControls, t = 0.81
[2023-03-10 23:16:54.250] [info] CMC::computeControls, t = 0.811
[2023-03-10 23:16:54.267] [info] CMC::computeControls, t = 0.812
[2023-03-10 23:16:54.295] [info] CMC::computeControls, t = 0.813
[2023-03-10 23:16:54.316] [info] CMC::computeControls, t = 0.814
[2023-03-10 23:16:54.332] [info] CMC::computeControls, t = 0.815
[2023-03-10 23:16:54.350] [info] CMC::computeControls, t = 0.816
[2023-03-10 23:16:54.375] [info] CMC::computeControls, t = 0.817
[2023-03-10 23:16:54.390] [info] CMC::computeControls, t = 0.818
[2023-03-10 23:16:54.424] [info] CMC::computeControls, t = 0.819
[2023-03-10 23:16:54.445] [info] CMC::computeControls, t = 0.82
[2023-03-10 23:16:54.466] [info] CMC::computeControls, t = 0.821
[2023-03-10 23:16:54.482] [info] CMC::computeControls, t = 0.822
[2023-03-10 23:16:54.518] [info] CMC::computeControls, t = 0.823
[2023-03-10 23:16:54.556] [info] CMC::computeControls, t = 0.824
[2023-03-10 23:16:54.587] [info] CMC::computeControls, t = 0.825
[2023-03-10 23:16:54.616] [info] CMC::computeControls, t = 0.826
[2023-03-10 23:16:54.655] [info] CMC::computeControls, t = 0.827
[2023-03-10 23:16:54.685] [info] CMC::computeControls, t = 0.828
[2023-03-10 23:16:54.705] [info] CMC::computeControls, t = 0.829
[2023-03-10 23:16:54.721] [info] CMC::computeControls, t = 0.83
[2023-03-10 23:16:54.741] [info] CMC::computeControls, t = 0.831
[2023-03-10 23:16:54.763] [info] CMC::computeControls, t = 0.832
[2023-03-10 23:16:54.805] [info] CMC::computeControls, t = 0.833
[2023-03-10 23:16:54.824] [info] CMC::computeControls, t = 0.834
[2023-03-10 23:16:54.861] [info] CMC::computeControls, t = 0.835
[2023-03-10 23:16:54.877] [info] CMC::computeControls, t = 0.836
[2023-03-10 23:16:54.903] [info] CMC::computeControls, t = 0.837
[2023-03-10 23:16:54.922] [info] CMC::computeControls, t = 0.838
[2023-03-10 23:16:54.945] [info] CMC::computeControls, t = 0.839
[2023-03-10 23:16:54.964] [info] CMC::computeControls, t = 0.84
[2023-03-10 23:16:54.980] [info] CMC::computeControls, t = 0.841
[2023-03-10 23:16:54.998] [info] CMC::computeControls, t = 0.842
[2023-03-10 23:16:55.024] [info] CMC::computeControls, t = 0.843
[2023-03-10 23:16:55.039] [info] CMC::computeControls, t = 0.844
[2023-03-10 23:16:55.065] [info] CMC::computeControls, t = 0.845
[2023-03-10 23:16:55.090] [info] CMC::computeControls, t = 0.846
[2023-03-10 23:16:55.110] [info] CMC::computeControls, t = 0.847
[2023-03-10 23:16:55.135] [info] CMC::computeControls, t = 0.848
[2023-03-10 23:16:55.159] [info] CMC::computeControls, t = 0.849
[2023-03-10 23:16:55.178] [info] CMC::computeControls, t = 0.85
[2023-03-10 23:16:55.227] [info] CMC::computeControls, t = 0.851
[2023-03-10 23:16:55.251] [info] CMC::computeControls, t = 0.852
[2023-03-10 23:16:55.278] [info] CMC::computeControls, t = 0.853
[2023-03-10 23:16:55.314] [info] CMC::computeControls, t = 0.854
[2023-03-10 23:16:55.333] [info] CMC::computeControls, t = 0.855
[2023-03-10 23:16:55.349] [info] CMC::computeControls, t = 0.856
[2023-03-10 23:16:55.379] [info] CMC::computeControls, t = 0.857
[2023-03-10 23:16:55.407] [info] CMC::computeControls, t = 0.858
[2023-03-10 23:16:55.426] [info] CMC::computeControls, t = 0.859
[2023-03-10 23:16:55.442] [info] CMC::computeControls, t = 0.86
[2023-03-10 23:16:55.458] [info] CMC::computeControls, t = 0.861
[2023-03-10 23:16:55.475] [info] CMC::computeControls, t = 0.862
[2023-03-10 23:16:55.499] [info] CMC::computeControls, t = 0.863
[2023-03-10 23:16:55.515] [info] CMC::computeControls, t = 0.864
[2023-03-10 23:16:55.542] [info] CMC::computeControls, t = 0.865
[2023-03-10 23:16:55.566] [info] CMC::computeControls, t = 0.866
[2023-03-10 23:16:55.592] [info] CMC::computeControls, t = 0.867
[2023-03-10 23:16:55.617] [info] CMC::computeControls, t = 0.868
[2023-03-10 23:16:55.633] [info] CMC::computeControls, t = 0.869
[2023-03-10 23:16:55.656] [info] CMC::computeControls, t = 0.87
[2023-03-10 23:16:55.694] [info] CMC::computeControls, t = 0.871
[2023-03-10 23:16:55.711] [info] CMC::computeControls, t = 0.872
[2023-03-10 23:16:55.733] [info] CMC::computeControls, t = 0.873
[2023-03-10 23:16:55.785] [info] CMC::computeControls, t = 0.874
[2023-03-10 23:16:55.825] [info] CMC::computeControls, t = 0.875
[2023-03-10 23:16:55.844] [info] CMC::computeControls, t = 0.876
[2023-03-10 23:16:55.873] [info] CMC::computeControls, t = 0.877
[2023-03-10 23:16:55.908] [info] CMC::computeControls, t = 0.878
[2023-03-10 23:16:55.932] [info] CMC::computeControls, t = 0.879
[2023-03-10 23:16:55.963] [info] CMC::computeControls, t = 0.88
[2023-03-10 23:16:55.990] [info] CMC::computeControls, t = 0.881
[2023-03-10 23:16:56.005] [info] CMC::computeControls, t = 0.882
[2023-03-10 23:16:56.021] [info] CMC::computeControls, t = 0.883
[2023-03-10 23:16:56.045] [info] CMC::computeControls, t = 0.884
[2023-03-10 23:16:56.064] [info] CMC::computeControls, t = 0.885
[2023-03-10 23:16:56.104] [info] CMC::computeControls, t = 0.886
[2023-03-10 23:16:56.121] [info] CMC::computeControls, t = 0.887
[2023-03-10 23:16:56.137] [info] CMC::computeControls, t = 0.888
[2023-03-10 23:16:56.165] [info] CMC::computeControls, t = 0.889
[2023-03-10 23:16:56.189] [info] CMC::computeControls, t = 0.89
[2023-03-10 23:16:56.215] [info] CMC::computeControls, t = 0.891
[2023-03-10 23:16:56.235] [info] CMC::computeControls, t = 0.892
[2023-03-10 23:16:56.253] [info] CMC::computeControls, t = 0.893
[2023-03-10 23:16:56.275] [info] CMC::computeControls, t = 0.894
[2023-03-10 23:16:56.303] [info] CMC::computeControls, t = 0.895
[2023-03-10 23:16:56.327] [info] CMC::computeControls, t = 0.896
[2023-03-10 23:16:56.344] [info] CMC::computeControls, t = 0.897
[2023-03-10 23:16:56.368] [info] CMC::computeControls, t = 0.898
[2023-03-10 23:16:56.400] [info] CMC::computeControls, t = 0.899
[2023-03-10 23:16:56.416] [info] CMC::computeControls, t = 0.9
[2023-03-10 23:16:56.446] [info] CMC::computeControls, t = 0.901000
[2023-03-10 23:16:56.461] [info] CMC::computeControls, t = 0.902000
[2023-03-10 23:16:56.490] [info] CMC::computeControls, t = 0.903000
[2023-03-10 23:16:56.505] [info] CMC::computeControls, t = 0.904000
[2023-03-10 23:16:56.532] [info] CMC::computeControls, t = 0.905000
[2023-03-10 23:16:56.567] [info] CMC::computeControls, t = 0.906000
[2023-03-10 23:16:56.586] [info] CMC::computeControls, t = 0.907000
[2023-03-10 23:16:56.613] [info] CMC::computeControls, t = 0.908000
[2023-03-10 23:16:56.639] [info] CMC::computeControls, t = 0.909000
[2023-03-10 23:16:56.657] [info] CMC::computeControls, t = 0.91
[2023-03-10 23:16:56.677] [info] CMC::computeControls, t = 0.911
[2023-03-10 23:16:56.709] [info] CMC::computeControls, t = 0.912
[2023-03-10 23:16:56.736] [info] CMC::computeControls, t = 0.913
[2023-03-10 23:16:56.764] [info] CMC::computeControls, t = 0.914
[2023-03-10 23:16:56.791] [info] CMC::computeControls, t = 0.915
[2023-03-10 23:16:56.819] [info] CMC::computeControls, t = 0.916
[2023-03-10 23:16:56.847] [info] CMC::computeControls, t = 0.917
[2023-03-10 23:16:56.872] [info] CMC::computeControls, t = 0.918
[2023-03-10 23:16:56.887] [info] CMC::computeControls, t = 0.919
[2023-03-10 23:16:56.903] [info] CMC::computeControls, t = 0.92
[2023-03-10 23:16:56.922] [info] CMC::computeControls, t = 0.921
[2023-03-10 23:16:56.961] [info] CMC::computeControls, t = 0.922
[2023-03-10 23:16:56.984] [info] CMC::computeControls, t = 0.923
[2023-03-10 23:16:57.018] [info] CMC::computeControls, t = 0.924
[2023-03-10 23:16:57.038] [info] CMC::computeControls, t = 0.925
[2023-03-10 23:16:57.066] [info] CMC::computeControls, t = 0.926
[2023-03-10 23:16:57.084] [info] CMC::computeControls, t = 0.927
[2023-03-10 23:16:57.102] [info] CMC::computeControls, t = 0.928
[2023-03-10 23:16:57.123] [info] CMC::computeControls, t = 0.929
[2023-03-10 23:16:57.149] [info] CMC::computeControls, t = 0.93
[2023-03-10 23:16:57.164] [info] CMC::computeControls, t = 0.931
[2023-03-10 23:16:57.186] [info] CMC::computeControls, t = 0.932
[2023-03-10 23:16:57.213] [info] CMC::computeControls, t = 0.933
[2023-03-10 23:16:57.254] [info] CMC::computeControls, t = 0.934
[2023-03-10 23:16:57.274] [info] CMC::computeControls, t = 0.935
[2023-03-10 23:16:57.299] [info] CMC::computeControls, t = 0.936
[2023-03-10 23:16:57.316] [info] CMC::computeControls, t = 0.937
[2023-03-10 23:16:57.332] [info] CMC::computeControls, t = 0.938
[2023-03-10 23:16:57.358] [info] CMC::computeControls, t = 0.939
[2023-03-10 23:16:57.374] [info] CMC::computeControls, t = 0.94
[2023-03-10 23:16:57.400] [info] CMC::computeControls, t = 0.941
[2023-03-10 23:16:57.416] [info] CMC::computeControls, t = 0.942
[2023-03-10 23:16:57.433] [info] CMC::computeControls, t = 0.943
[2023-03-10 23:16:57.459] [info] CMC::computeControls, t = 0.944
[2023-03-10 23:16:57.481] [info] CMC::computeControls, t = 0.945
[2023-03-10 23:16:57.505] [info] CMC::computeControls, t = 0.946
[2023-03-10 23:16:57.521] [info] CMC::computeControls, t = 0.947
[2023-03-10 23:16:57.545] [info] CMC::computeControls, t = 0.948
[2023-03-10 23:16:57.570] [info] CMC::computeControls, t = 0.949
[2023-03-10 23:16:57.594] [info] CMC::computeControls, t = 0.95
[2023-03-10 23:16:57.612] [info] CMC::computeControls, t = 0.951
[2023-03-10 23:16:57.640] [info] CMC::computeControls, t = 0.952
[2023-03-10 23:16:57.660] [info] CMC::computeControls, t = 0.953
[2023-03-10 23:16:57.693] [info] CMC::computeControls, t = 0.954
[2023-03-10 23:16:57.710] [info] CMC::computeControls, t = 0.955
[2023-03-10 23:16:57.747] [info] CMC::computeControls, t = 0.956
[2023-03-10 23:16:57.781] [info] CMC::computeControls, t = 0.957
[2023-03-10 23:16:57.812] [info] CMC::computeControls, t = 0.958
[2023-03-10 23:16:57.828] [info] CMC::computeControls, t = 0.959
[2023-03-10 23:16:57.845] [info] CMC::computeControls, t = 0.96
[2023-03-10 23:16:57.870] [info] CMC::computeControls, t = 0.961
[2023-03-10 23:16:57.886] [info] CMC::computeControls, t = 0.962
[2023-03-10 23:16:57.904] [info] CMC::computeControls, t = 0.963
[2023-03-10 23:16:57.922] [info] CMC::computeControls, t = 0.964
[2023-03-10 23:16:57.939] [info] CMC::computeControls, t = 0.965
[2023-03-10 23:16:57.956] [info] CMC::computeControls, t = 0.966
[2023-03-10 23:16:57.974] [info] CMC::computeControls, t = 0.967
[2023-03-10 23:16:58.006] [info] CMC::computeControls, t = 0.968
[2023-03-10 23:16:58.022] [info] CMC::computeControls, t = 0.969
[2023-03-10 23:16:58.048] [info] CMC::computeControls, t = 0.97
[2023-03-10 23:16:58.077] [info] CMC::computeControls, t = 0.971
[2023-03-10 23:16:58.095] [info] CMC::computeControls, t = 0.972
[2023-03-10 23:16:58.131] [info] CMC::computeControls, t = 0.973
[2023-03-10 23:16:58.151] [info] CMC::computeControls, t = 0.974
[2023-03-10 23:16:58.168] [info] CMC::computeControls, t = 0.975
[2023-03-10 23:16:58.195] [info] CMC::computeControls, t = 0.976
[2023-03-10 23:16:58.212] [info] CMC::computeControls, t = 0.977
[2023-03-10 23:16:58.232] [info] CMC::computeControls, t = 0.978
[2023-03-10 23:16:58.252] [info] CMC::computeControls, t = 0.979
[2023-03-10 23:16:58.275] [info] CMC::computeControls, t = 0.98
[2023-03-10 23:16:58.301] [info] CMC::computeControls, t = 0.981
[2023-03-10 23:16:58.335] [info] CMC::computeControls, t = 0.982
[2023-03-10 23:16:58.351] [info] CMC::computeControls, t = 0.983
[2023-03-10 23:16:58.370] [info] CMC::computeControls, t = 0.984
[2023-03-10 23:16:58.394] [info] CMC::computeControls, t = 0.985
[2023-03-10 23:16:58.409] [info] CMC::computeControls, t = 0.986
[2023-03-10 23:16:58.435] [info] CMC::computeControls, t = 0.987
[2023-03-10 23:16:58.450] [info] CMC::computeControls, t = 0.988
[2023-03-10 23:16:58.466] [info] CMC::computeControls, t = 0.989
[2023-03-10 23:16:58.486] [info] CMC::computeControls, t = 0.99
[2023-03-10 23:16:58.531] [info] -------------------------------------------
[2023-03-10 23:16:58.531] [info] Finished tracking the specified kinematics:
[2023-03-10 23:16:58.532] [info] -------------------------------------------
[2023-03-10 23:16:58.532] [info]  -- Start time = Fri Mar 10 23:16:43 2023
[2023-03-10 23:16:58.532] [info]  -- Finish time = Fri Mar 10 23:16:58 2023
[2023-03-10 23:16:58.532] [info]  -- Elapsed time = 15.0 seconds.
[2023-03-10 23:16:58.532] [info] -------------------------------------------
[2023-03-10 23:16:58.532] [info] 
[2023-03-10 23:16:58.532] [info] Printing results of investigation subject08_run5_cycle1 to cycle1/
[2023-03-10 23:16:59.086] [info] 

************************************************************
*      Summary of Mass Adjustments to Reduce Residuals     *
************************************************************
* Body adjusted: torso
* Mass Center (COM) adjustment: dx =-0.0092932, dz =-0.0245873
* New COM location: ~[-0.0218524,0.33222,0.0245873]
************************************************************
* Recommended mass adjustments:                             
*  Total mass change: -0.992197
*  pelvis: orig mass = 12.9063, new mass = 12.7509
*  femur_r: orig mass = 10.1933, new mass = 10.0706
*  tibia_r: orig mass = 4.06302, new mass = 4.01408
*  talus_r: orig mass = 0.109589, new mass = 0.108269
*  calcn_r: orig mass = 1.36987, new mass = 1.35337
*  toes_r: orig mass = 0.23737, new mass = 0.234511
*  femur_l: orig mass = 10.1933, new mass = 10.0706
*  tibia_l: orig mass = 4.06302, new mass = 4.01408
*  talus_l: orig mass = 0.109589, new mass = 0.108269
*  calcn_l: orig mass = 1.36987, new mass = 1.35337
*  toes_l: orig mass = 0.23737, new mass = 0.234511
*  torso: orig mass = 29.3991, new mass = 29.045
*  humerus_r: orig mass = 2.2274, new mass = 2.20057
*  ulna_r: orig mass = 0.665755, new mass = 0.657736
*  radius_r: orig mass = 0.665755, new mass = 0.657736
*  hand_r: orig mass = 0.501371, new mass = 0.495332
*  humerus_l: orig mass = 2.2274, new mass = 2.20057
*  ulna_l: orig mass = 0.665755, new mass = 0.657736
*  radius_l: orig mass = 0.665755, new mass = 0.657736
*  hand_l: orig mass = 0.501371, new mass = 0.495332
************************************************************
* Note: Edit the model to make recommended adjustments to  *
*       mass properties.                                   *
************************************************************

* Average residuals before adjusting torso COM:
*  FX=-4.78851 FY=9.73013 FZ=2.16947
*  MX=7.08867 MY=-0.066857 MZ=-2.67929
************************************************************
* Average residuals after adjusting torso COM:
*  FX=-4.48038 FY=9.49574 FZ=2.24916
*  MX=-0.0104176 MY=-0.321634 MZ=-1.05639
************************************************************


[2023-03-10 23:16:59.086] [info] 
************************************************************
*                   Final Average Residuals                *
************************************************************
* After torso COM and Kinematics adjustments:
*  FX=-4.69198 FY=8.97356 FZ=6.40626
*  MX=-9.58177 MY=-3.42344 MZ=-3.73078
************************************************************


