[2023-08-15 22:45:43.083] [info] Storage: read data file = ..\rra2\cycle1\subject20_run5_cycle1_iter2_Kinematics_q.sto (nr=642 nc=38)
[2023-08-15 22:45:43.109] [info] Storage: read data file = ..\rra2\cycle1\subject20_run5_cycle1_iter2_Kinematics_q.sto (nr=642 nc=38)
[2023-08-15 22:45:43.155] [info] AbstractTool subject20_run5_cycle1_iter3 loading model ..\rra2\cycle1\subject20_run5_cycle1_rraAdjusted_iter2.osim
[2023-08-15 22:45:43.221] [info] Loaded model subject20_scaled from file ..\rra2\cycle1\subject20_run5_cycle1_rraAdjusted_iter2.osim
[2023-08-15 22:45:43.271] [info] Adding force object set from ..\subject20_run5_RRA_Actuators.xml
[2023-08-15 22:45:43.280] [info] Running tool subject20_run5_cycle1_iter3.
[2023-08-15 22:45:43.299] [warning] ExternalLoads 'externalloads' has subcomponents with duplicate name 'externalforce'. The duplicate is being renamed to 'externalforce_0'.
[2023-08-15 22:45:43.327] [info] 	taskSet size = 29.
[2023-08-15 22:45:43.413] [info] ExternalForce::externalforce Data source being set to Run_500 02_newCOP3_v24.mot
[2023-08-15 22:45:43.413] [info] ExternalForce::externalforce_0 Data source being set to Run_500 02_newCOP3_v24.mot
[2023-08-15 22:45:43.422] [warning] A desired points file was not specified.
[2023-08-15 22:45:43.422] [info] Loading desired kinematics from file '..\rra2\cycle1\subject20_run5_cycle1_iter2_Kinematics_q.sto'...
[2023-08-15 22:45:43.423] [info] Storage: read data file = ..\rra2\cycle1\subject20_run5_cycle1_iter2_Kinematics_q.sto (nr=642 nc=38)
[2023-08-15 22:45:43.459] [info] Not filtering the desired kinematics.
[2023-08-15 22:45:43.460] [cout] [info] MODEL: subject20_scaled

numStates = 74
numCoordinates = 37
numSpeeds = 37
numActuators = 29
numBodies = 20
numConstraints = 0
numProbes = 0

ANALYSES (total: 0)

BODIES (total: 20)
body[0] = pelvis. mass: 10.5943
              moments of inertia:  ~[0.0927914,0.07862,0.0522629]
              products of inertia: ~[0,0,0]
body[1] = femur_r. mass: 8.36733
              moments of inertia:  ~[0.12698,0.033286,0.133903]
              products of inertia: ~[0,0,0]
body[2] = tibia_r. mass: 3.33518
              moments of inertia:  ~[0.0484012,0.00424149,0.0484012]
              products of inertia: ~[0,0,0]
body[3] = talus_r. mass: 0.0899578
              moments of inertia:  ~[0.000997007,0.000997007,0.000997007]
              products of inertia: ~[0,0,0]
body[4] = calcn_r. mass: 1.12448
              moments of inertia:  ~[0.00139581,0.00388833,0.00408773]
              products of inertia: ~[0,0,0]
body[5] = toes_r. mass: 0.194848
              moments of inertia:  ~[9.97007e-05,0.000199401,0.000997007]
              products of inertia: ~[0,0,0]
body[6] = femur_l. mass: 8.36733
              moments of inertia:  ~[0.12698,0.033286,0.133903]
              products of inertia: ~[0,0,0]
body[7] = tibia_l. mass: 3.33518
              moments of inertia:  ~[0.0484012,0.00424149,0.0484012]
              products of inertia: ~[0,0,0]
body[8] = talus_l. mass: 0.0899578
              moments of inertia:  ~[0.000997007,0.000997007,0.000997007]
              products of inertia: ~[0,0,0]
body[9] = calcn_l. mass: 1.12448
              moments of inertia:  ~[0.00139581,0.00388833,0.00408773]
              products of inertia: ~[0,0,0]
body[10] = toes_l. mass: 0.194848
              moments of inertia:  ~[9.97007e-05,0.000199401,0.000997007]
              products of inertia: ~[0,0,0]
body[11] = torso. mass: 24.1326
              moments of inertia:  ~[1.22127,0.755953,1.22127]
              products of inertia: ~[0,0,0]
body[12] = humerus_r. mass: 1.82839
              moments of inertia:  ~[0.0109359,0.00377255,0.0122752]
              products of inertia: ~[0,0,0]
body[13] = ulna_r. mass: 0.546494
              moments of inertia:  ~[0.00253731,0.000529392,0.00275233]
              products of inertia: ~[0,0,0]
body[14] = radius_r. mass: 0.546494
              moments of inertia:  ~[0.00253731,0.000529392,0.00275233]
              products of inertia: ~[0,0,0]
body[15] = hand_r. mass: 0.411556
              moments of inertia:  ~[0.000764107,0.000468572,0.00114787]
              products of inertia: ~[0,0,0]
body[16] = humerus_l. mass: 1.82839
              moments of inertia:  ~[0.0109359,0.00377255,0.0122752]
              products of inertia: ~[0,0,0]
body[17] = ulna_l. mass: 0.546494
              moments of inertia:  ~[0.00253731,0.000529392,0.00275233]
              products of inertia: ~[0,0,0]
body[18] = radius_l. mass: 0.546494
              moments of inertia:  ~[0.00253731,0.000529392,0.00275233]
              products of inertia: ~[0,0,0]
body[19] = hand_l. mass: 0.411556
              moments of inertia:  ~[0.000764107,0.000468572,0.00114787]
              products of inertia: ~[0,0,0]

JOINTS (total: 20)
joint[0] = ground_pelvis. parent: ground_offset, child: pelvis_offset
joint[1] = hip_r. parent: pelvis_offset, child: femur_r_offset
joint[2] = knee_r. parent: femur_r_offset, child: tibia_r_offset
joint[3] = ankle_r. parent: tibia_r_offset, child: talus_r_offset
joint[4] = subtalar_r. parent: talus_r_offset, child: calcn_r_offset
joint[5] = mtp_r. parent: calcn_r_offset, child: toes_r_offset
joint[6] = hip_l. parent: pelvis_offset, child: femur_l_offset
joint[7] = knee_l. parent: femur_l_offset, child: tibia_l_offset
joint[8] = ankle_l. parent: tibia_l_offset, child: talus_l_offset
joint[9] = subtalar_l. parent: talus_l_offset, child: calcn_l_offset
joint[10] = mtp_l. parent: calcn_l_offset, child: toes_l_offset
joint[11] = back. parent: pelvis_offset, child: torso_offset
joint[12] = acromial_r. parent: torso_offset, child: humerus_r_offset
joint[13] = elbow_r. parent: humerus_r_offset, child: ulna_r_offset
joint[14] = radioulnar_r. parent: ulna_r_offset, child: radius_r_offset
joint[15] = radius_hand_r. parent: radius_r_offset, child: hand_r_offset
joint[16] = acromial_l. parent: torso_offset, child: humerus_l_offset
joint[17] = elbow_l. parent: humerus_l_offset, child: ulna_l_offset
joint[18] = radioulnar_l. parent: ulna_l_offset, child: radius_l_offset
joint[19] = radius_hand_l. parent: radius_l_offset, child: hand_l_offset

ACTUATORS (total: 29)
actuator[0] = FX
actuator[1] = FY
actuator[2] = FZ
actuator[3] = MZ
actuator[4] = MX
actuator[5] = MY
actuator[6] = hip_flexion_r
actuator[7] = hip_adduction_r
actuator[8] = hip_rotation_r
actuator[9] = knee_angle_r
actuator[10] = ankle_angle_r
actuator[11] = hip_flexion_l
actuator[12] = hip_adduction_l
actuator[13] = hip_rotation_l
actuator[14] = knee_angle_l
actuator[15] = ankle_angle_l
actuator[16] = lumbar_extension
actuator[17] = lumbar_bending
actuator[18] = lumbar_rotation
actuator[19] = arm_flex_r
actuator[20] = arm_add_r
actuator[21] = arm_rot_r
actuator[22] = elbow_flex_r
actuator[23] = pro_sup_r
actuator[24] = arm_flex_l
actuator[25] = arm_add_l
actuator[26] = arm_rot_l
actuator[27] = elbow_flex_l
actuator[28] = pro_sup_l

STATES (total: 74)
y[0] = /jointset/ground_pelvis/pelvis_tilt/value
y[1] = /jointset/ground_pelvis/pelvis_tilt/speed
y[2] = /jointset/ground_pelvis/pelvis_list/value
y[3] = /jointset/ground_pelvis/pelvis_list/speed
y[4] = /jointset/ground_pelvis/pelvis_rotation/value
y[5] = /jointset/ground_pelvis/pelvis_rotation/speed
y[6] = /jointset/ground_pelvis/pelvis_tx/value
y[7] = /jointset/ground_pelvis/pelvis_tx/speed
y[8] = /jointset/ground_pelvis/pelvis_ty/value
y[9] = /jointset/ground_pelvis/pelvis_ty/speed
y[10] = /jointset/ground_pelvis/pelvis_tz/value
y[11] = /jointset/ground_pelvis/pelvis_tz/speed
y[12] = /jointset/hip_r/hip_flexion_r/value
y[13] = /jointset/hip_r/hip_flexion_r/speed
y[14] = /jointset/hip_r/hip_adduction_r/value
y[15] = /jointset/hip_r/hip_adduction_r/speed
y[16] = /jointset/hip_r/hip_rotation_r/value
y[17] = /jointset/hip_r/hip_rotation_r/speed
y[18] = /jointset/knee_r/knee_angle_r/value
y[19] = /jointset/knee_r/knee_angle_r/speed
y[20] = /jointset/ankle_r/ankle_angle_r/value
y[21] = /jointset/ankle_r/ankle_angle_r/speed
y[22] = /jointset/subtalar_r/subtalar_angle_r/value
y[23] = /jointset/subtalar_r/subtalar_angle_r/speed
y[24] = /jointset/mtp_r/mtp_angle_r/value
y[25] = /jointset/mtp_r/mtp_angle_r/speed
y[26] = /jointset/hip_l/hip_flexion_l/value
y[27] = /jointset/hip_l/hip_flexion_l/speed
y[28] = /jointset/hip_l/hip_adduction_l/value
y[29] = /jointset/hip_l/hip_adduction_l/speed
y[30] = /jointset/hip_l/hip_rotation_l/value
y[31] = /jointset/hip_l/hip_rotation_l/speed
y[32] = /jointset/knee_l/knee_angle_l/value
y[33] = /jointset/knee_l/knee_angle_l/speed
y[34] = /jointset/ankle_l/ankle_angle_l/value
y[35] = /jointset/ankle_l/ankle_angle_l/speed
y[36] = /jointset/subtalar_l/subtalar_angle_l/value
y[37] = /jointset/subtalar_l/subtalar_angle_l/speed
y[38] = /jointset/mtp_l/mtp_angle_l/value
y[39] = /jointset/mtp_l/mtp_angle_l/speed
y[40] = /jointset/back/lumbar_extension/value
y[41] = /jointset/back/lumbar_extension/speed
y[42] = /jointset/back/lumbar_bending/value
y[43] = /jointset/back/lumbar_bending/speed
y[44] = /jointset/back/lumbar_rotation/value
y[45] = /jointset/back/lumbar_rotation/speed
y[46] = /jointset/acromial_r/arm_flex_r/value
y[47] = /jointset/acromial_r/arm_flex_r/speed
y[48] = /jointset/acromial_r/arm_add_r/value
y[49] = /jointset/acromial_r/arm_add_r/speed
y[50] = /jointset/acromial_r/arm_rot_r/value
y[51] = /jointset/acromial_r/arm_rot_r/speed
y[52] = /jointset/elbow_r/elbow_flex_r/value
y[53] = /jointset/elbow_r/elbow_flex_r/speed
y[54] = /jointset/radioulnar_r/pro_sup_r/value
y[55] = /jointset/radioulnar_r/pro_sup_r/speed
y[56] = /jointset/radius_hand_r/wrist_flex_r/value
y[57] = /jointset/radius_hand_r/wrist_flex_r/speed
y[58] = /jointset/radius_hand_r/wrist_dev_r/value
y[59] = /jointset/radius_hand_r/wrist_dev_r/speed
y[60] = /jointset/acromial_l/arm_flex_l/value
y[61] = /jointset/acromial_l/arm_flex_l/speed
y[62] = /jointset/acromial_l/arm_add_l/value
y[63] = /jointset/acromial_l/arm_add_l/speed
y[64] = /jointset/acromial_l/arm_rot_l/value
y[65] = /jointset/acromial_l/arm_rot_l/speed
y[66] = /jointset/elbow_l/elbow_flex_l/value
y[67] = /jointset/elbow_l/elbow_flex_l/speed
y[68] = /jointset/radioulnar_l/pro_sup_l/value
y[69] = /jointset/radioulnar_l/pro_sup_l/speed
y[70] = /jointset/radius_hand_l/wrist_flex_l/value
y[71] = /jointset/radius_hand_l/wrist_flex_l/speed
y[72] = /jointset/radius_hand_l/wrist_dev_l/value
y[73] = /jointset/radius_hand_l/wrist_dev_l/speed

[2023-08-15 22:45:43.897] [warning] Coordinate.setValue:  coordinate subtalar_angle_r is locked. Unable to change its value.
[2023-08-15 22:45:43.897] [warning] Coordinate.setValue:  coordinate mtp_angle_r is locked. Unable to change its value.
[2023-08-15 22:45:43.897] [warning] Coordinate.setValue:  coordinate subtalar_angle_l is locked. Unable to change its value.
[2023-08-15 22:45:43.897] [warning] Coordinate.setValue:  coordinate mtp_angle_l is locked. Unable to change its value.
[2023-08-15 22:45:43.897] [warning] Coordinate.setValue:  coordinate wrist_flex_r is locked. Unable to change its value.
[2023-08-15 22:45:43.897] [warning] Coordinate.setValue:  coordinate wrist_dev_r is locked. Unable to change its value.
[2023-08-15 22:45:43.897] [warning] Coordinate.setValue:  coordinate wrist_flex_l is locked. Unable to change its value.
[2023-08-15 22:45:43.897] [warning] Coordinate.setValue:  coordinate wrist_dev_l is locked. Unable to change its value.
[2023-08-15 22:45:43.997] [info] Requested COM adjustment time range 0.097917 to 0.68342, clamped to nearest available data times: 0.097917 to 0.68342.
[2023-08-15 22:45:43.998] [info] Computing average residuals between 0.097917 and 0.68342...
[2023-08-15 22:45:44.102] [info] ExternalForce::externalforce Data source being set to Run_500 02_newCOP3_v24.mot
[2023-08-15 22:45:44.102] [info] ExternalForce::externalforce_0 Data source being set to Run_500 02_newCOP3_v24.mot
[2023-08-15 22:45:44.181] [info] ExternalForce::externalforce Data source being set to Run_500 02_newCOP3_v24.mot
[2023-08-15 22:45:44.181] [info] ExternalForce::externalforce_0 Data source being set to Run_500 02_newCOP3_v24.mot
[2023-08-15 22:45:48.103] [info] ExternalForce::externalforce Data source being set to Run_500 02_newCOP3_v24.mot
[2023-08-15 22:45:48.103] [info] ExternalForce::externalforce_0 Data source being set to Run_500 02_newCOP3_v24.mot
[2023-08-15 22:45:48.114] [info] Computing average residuals between 0.097917 and 0.68342...
[2023-08-15 22:45:48.218] [info] ExternalForce::externalforce Data source being set to Run_500 02_newCOP3_v24.mot
[2023-08-15 22:45:48.218] [info] ExternalForce::externalforce_0 Data source being set to Run_500 02_newCOP3_v24.mot
[2023-08-15 22:45:48.314] [info] ExternalForce::externalforce Data source being set to Run_500 02_newCOP3_v24.mot
[2023-08-15 22:45:48.314] [info] ExternalForce::externalforce_0 Data source being set to Run_500 02_newCOP3_v24.mot
[2023-08-15 22:45:52.047] [info] Constructing function set for tracking desired kinematics...
[2023-08-15 22:45:52.810] [warning] No Actuation analysis found in analysis set, adding one...
[2023-08-15 22:45:52.810] [warning] No Kinematics analysis found in analysis set, adding one...
[2023-08-15 22:45:52.814] [info] Using the generalized coordinates specified in '..\rra2\cycle1\subject20_run5_cycle1_iter2_Kinematics_q.sto' to set the initial configuration.
[2023-08-15 22:45:52.967] [info] Using IPOPT optimizer algorithm.
[2023-08-15 22:45:52.967] [info] Setting optimizer print level to 0.
[2023-08-15 22:45:52.967] [info] Setting optimizer convergence tolerance to 1.0e-05.
[2023-08-15 22:45:52.967] [info] Setting optimizer maximum iterations to 2000.
[2023-08-15 22:45:52.967] [info] Setting cmc controller to not use verbose printing.

[2023-08-15 22:45:52.969] [info] CMC::computeControls, t = 0.097917
[2023-08-15 22:45:53.845] [info] --------------------------------------------
[2023-08-15 22:45:53.845] [info] Using CMC to track the specified kinematics:
[2023-08-15 22:45:53.845] [info] --------------------------------------------
[2023-08-15 22:45:53.845] [info]  -- Integrating from 0.097917 to 0.68342
[2023-08-15 22:45:53.845] [info]  -- Start time = Tue Aug 15 22:45:53 2023
[2023-08-15 22:45:53.845] [info] --------------------------------------------
[2023-08-15 22:45:53.845] [info] 
[2023-08-15 22:45:53.852] [info] CMC::computeControls, t = 0.097917
[2023-08-15 22:45:53.890] [info] CMC::computeControls, t = 0.098917
[2023-08-15 22:45:53.891] [warning] Coordinate.setValue:  coordinate subtalar_angle_r is locked. Unable to change its value.
[2023-08-15 22:45:53.891] [warning] Coordinate.setValue:  coordinate mtp_angle_r is locked. Unable to change its value.
[2023-08-15 22:45:53.891] [warning] Coordinate.setValue:  coordinate subtalar_angle_l is locked. Unable to change its value.
[2023-08-15 22:45:53.891] [warning] Coordinate.setValue:  coordinate mtp_angle_l is locked. Unable to change its value.
[2023-08-15 22:45:53.891] [warning] Coordinate.setValue:  coordinate wrist_flex_r is locked. Unable to change its value.
[2023-08-15 22:45:53.891] [warning] Coordinate.setValue:  coordinate wrist_dev_r is locked. Unable to change its value.
[2023-08-15 22:45:53.891] [warning] Coordinate.setValue:  coordinate wrist_flex_l is locked. Unable to change its value.
[2023-08-15 22:45:53.891] [warning] Coordinate.setValue:  coordinate wrist_dev_l is locked. Unable to change its value.
[2023-08-15 22:45:53.920] [info] CMC::computeControls, t = 0.099917
[2023-08-15 22:45:53.942] [info] CMC::computeControls, t = 0.100917
[2023-08-15 22:45:53.964] [info] CMC::computeControls, t = 0.101917
[2023-08-15 22:45:53.986] [info] CMC::computeControls, t = 0.102917
[2023-08-15 22:45:54.012] [info] CMC::computeControls, t = 0.103917
[2023-08-15 22:45:54.046] [info] CMC::computeControls, t = 0.104917
[2023-08-15 22:45:54.081] [info] CMC::computeControls, t = 0.105917
[2023-08-15 22:45:54.102] [info] CMC::computeControls, t = 0.106917
[2023-08-15 22:45:54.129] [info] CMC::computeControls, t = 0.107917
[2023-08-15 22:45:54.164] [info] CMC::computeControls, t = 0.108917
[2023-08-15 22:45:54.199] [info] CMC::computeControls, t = 0.109917
[2023-08-15 22:45:54.217] [info] CMC::computeControls, t = 0.110917
[2023-08-15 22:45:54.253] [info] CMC::computeControls, t = 0.111917
[2023-08-15 22:45:54.279] [info] CMC::computeControls, t = 0.112917
[2023-08-15 22:45:54.306] [info] CMC::computeControls, t = 0.113917
[2023-08-15 22:45:54.330] [info] CMC::computeControls, t = 0.114917
[2023-08-15 22:45:54.353] [info] CMC::computeControls, t = 0.115917
[2023-08-15 22:45:54.379] [info] CMC::computeControls, t = 0.116917
[2023-08-15 22:45:54.400] [info] CMC::computeControls, t = 0.117917
[2023-08-15 22:45:54.421] [info] CMC::computeControls, t = 0.118917
[2023-08-15 22:45:54.450] [info] CMC::computeControls, t = 0.119917
[2023-08-15 22:45:54.470] [info] CMC::computeControls, t = 0.120917
[2023-08-15 22:45:54.492] [info] CMC::computeControls, t = 0.121917
[2023-08-15 22:45:54.516] [info] CMC::computeControls, t = 0.122917
[2023-08-15 22:45:54.553] [info] CMC::computeControls, t = 0.123917
[2023-08-15 22:45:54.585] [info] CMC::computeControls, t = 0.124917
[2023-08-15 22:45:54.642] [info] CMC::computeControls, t = 0.125917
[2023-08-15 22:45:54.672] [info] CMC::computeControls, t = 0.126917
[2023-08-15 22:45:54.695] [info] CMC::computeControls, t = 0.127917
[2023-08-15 22:45:54.725] [info] CMC::computeControls, t = 0.128917
[2023-08-15 22:45:54.744] [info] CMC::computeControls, t = 0.129917
[2023-08-15 22:45:54.761] [info] CMC::computeControls, t = 0.130917
[2023-08-15 22:45:54.798] [info] CMC::computeControls, t = 0.131917
[2023-08-15 22:45:54.831] [info] CMC::computeControls, t = 0.132917
[2023-08-15 22:45:54.854] [info] CMC::computeControls, t = 0.133917
[2023-08-15 22:45:54.875] [info] CMC::computeControls, t = 0.134917
[2023-08-15 22:45:54.897] [info] CMC::computeControls, t = 0.135917
[2023-08-15 22:45:54.916] [info] CMC::computeControls, t = 0.136917
[2023-08-15 22:45:54.934] [info] CMC::computeControls, t = 0.137917
[2023-08-15 22:45:54.955] [info] CMC::computeControls, t = 0.138917
[2023-08-15 22:45:54.981] [info] CMC::computeControls, t = 0.139917
[2023-08-15 22:45:55.005] [info] CMC::computeControls, t = 0.140917
[2023-08-15 22:45:55.034] [info] CMC::computeControls, t = 0.141917
[2023-08-15 22:45:55.056] [info] CMC::computeControls, t = 0.142917
[2023-08-15 22:45:55.083] [info] CMC::computeControls, t = 0.143917
[2023-08-15 22:45:55.110] [info] CMC::computeControls, t = 0.144917
[2023-08-15 22:45:55.132] [info] CMC::computeControls, t = 0.145917
[2023-08-15 22:45:55.158] [info] CMC::computeControls, t = 0.146917
[2023-08-15 22:45:55.185] [info] CMC::computeControls, t = 0.147917
[2023-08-15 22:45:55.210] [info] CMC::computeControls, t = 0.148917
[2023-08-15 22:45:55.231] [info] CMC::computeControls, t = 0.149917
[2023-08-15 22:45:55.253] [info] CMC::computeControls, t = 0.150917
[2023-08-15 22:45:55.289] [info] CMC::computeControls, t = 0.151917
[2023-08-15 22:45:55.321] [info] CMC::computeControls, t = 0.152917
[2023-08-15 22:45:55.354] [info] CMC::computeControls, t = 0.153917
[2023-08-15 22:45:55.375] [info] CMC::computeControls, t = 0.154917
[2023-08-15 22:45:55.401] [info] CMC::computeControls, t = 0.155917
[2023-08-15 22:45:55.426] [info] CMC::computeControls, t = 0.156917
[2023-08-15 22:45:55.450] [info] CMC::computeControls, t = 0.157917
[2023-08-15 22:45:55.471] [info] CMC::computeControls, t = 0.158917
[2023-08-15 22:45:55.505] [info] CMC::computeControls, t = 0.159917
[2023-08-15 22:45:55.528] [info] CMC::computeControls, t = 0.160917
[2023-08-15 22:45:55.551] [info] CMC::computeControls, t = 0.161917
[2023-08-15 22:45:55.576] [info] CMC::computeControls, t = 0.162917
[2023-08-15 22:45:55.599] [info] CMC::computeControls, t = 0.163917
[2023-08-15 22:45:55.627] [info] CMC::computeControls, t = 0.164917
[2023-08-15 22:45:55.668] [info] CMC::computeControls, t = 0.165917
[2023-08-15 22:45:55.690] [info] CMC::computeControls, t = 0.166917
[2023-08-15 22:45:55.733] [info] CMC::computeControls, t = 0.167917
[2023-08-15 22:45:55.766] [info] CMC::computeControls, t = 0.168917
[2023-08-15 22:45:55.785] [info] CMC::computeControls, t = 0.169917
[2023-08-15 22:45:55.807] [info] CMC::computeControls, t = 0.170917
[2023-08-15 22:45:55.825] [info] CMC::computeControls, t = 0.171917
[2023-08-15 22:45:55.857] [info] CMC::computeControls, t = 0.172917
[2023-08-15 22:45:55.878] [info] CMC::computeControls, t = 0.173917
[2023-08-15 22:45:55.913] [info] CMC::computeControls, t = 0.174917
[2023-08-15 22:45:55.941] [info] CMC::computeControls, t = 0.175917
[2023-08-15 22:45:55.962] [info] CMC::computeControls, t = 0.176917
[2023-08-15 22:45:55.992] [info] CMC::computeControls, t = 0.177917
[2023-08-15 22:45:56.012] [info] CMC::computeControls, t = 0.178917
[2023-08-15 22:45:56.034] [info] CMC::computeControls, t = 0.179917
[2023-08-15 22:45:56.067] [info] CMC::computeControls, t = 0.180917
[2023-08-15 22:45:56.089] [info] CMC::computeControls, t = 0.181917
[2023-08-15 22:45:56.118] [info] CMC::computeControls, t = 0.182917
[2023-08-15 22:45:56.162] [info] CMC::computeControls, t = 0.183917
[2023-08-15 22:45:56.183] [info] CMC::computeControls, t = 0.184917
[2023-08-15 22:45:56.213] [info] CMC::computeControls, t = 0.185917
[2023-08-15 22:45:56.231] [info] CMC::computeControls, t = 0.186917
[2023-08-15 22:45:56.250] [info] CMC::computeControls, t = 0.187917
[2023-08-15 22:45:56.278] [info] CMC::computeControls, t = 0.188917
[2023-08-15 22:45:56.301] [info] CMC::computeControls, t = 0.189917
[2023-08-15 22:45:56.326] [info] CMC::computeControls, t = 0.190917
[2023-08-15 22:45:56.353] [info] CMC::computeControls, t = 0.191917
[2023-08-15 22:45:56.380] [info] CMC::computeControls, t = 0.192917
[2023-08-15 22:45:56.400] [info] CMC::computeControls, t = 0.193917
[2023-08-15 22:45:56.420] [info] CMC::computeControls, t = 0.194917
[2023-08-15 22:45:56.449] [info] CMC::computeControls, t = 0.195917
[2023-08-15 22:45:56.468] [info] CMC::computeControls, t = 0.196917
[2023-08-15 22:45:56.498] [info] CMC::computeControls, t = 0.197917
[2023-08-15 22:45:56.525] [info] CMC::computeControls, t = 0.198917
[2023-08-15 22:45:56.560] [info] CMC::computeControls, t = 0.199917
[2023-08-15 22:45:56.582] [info] CMC::computeControls, t = 0.200917
[2023-08-15 22:45:56.610] [info] CMC::computeControls, t = 0.201917
[2023-08-15 22:45:56.634] [info] CMC::computeControls, t = 0.202917
[2023-08-15 22:45:56.668] [info] CMC::computeControls, t = 0.203917
[2023-08-15 22:45:56.699] [info] CMC::computeControls, t = 0.204917
[2023-08-15 22:45:56.726] [info] CMC::computeControls, t = 0.205917
[2023-08-15 22:45:56.758] [info] CMC::computeControls, t = 0.206917
[2023-08-15 22:45:56.778] [info] CMC::computeControls, t = 0.207917
[2023-08-15 22:45:56.806] [info] CMC::computeControls, t = 0.208917
[2023-08-15 22:45:56.834] [info] CMC::computeControls, t = 0.209917
[2023-08-15 22:45:56.859] [info] CMC::computeControls, t = 0.210917
[2023-08-15 22:45:56.876] [info] CMC::computeControls, t = 0.211917
[2023-08-15 22:45:56.896] [info] CMC::computeControls, t = 0.212917
[2023-08-15 22:45:56.918] [info] CMC::computeControls, t = 0.213917
[2023-08-15 22:45:56.951] [info] CMC::computeControls, t = 0.214917
[2023-08-15 22:45:56.977] [info] CMC::computeControls, t = 0.215917
[2023-08-15 22:45:56.998] [info] CMC::computeControls, t = 0.216917
[2023-08-15 22:45:57.022] [info] CMC::computeControls, t = 0.217917
[2023-08-15 22:45:57.049] [info] CMC::computeControls, t = 0.218917
[2023-08-15 22:45:57.085] [info] CMC::computeControls, t = 0.219917
[2023-08-15 22:45:57.115] [info] CMC::computeControls, t = 0.220917
[2023-08-15 22:45:57.132] [info] CMC::computeControls, t = 0.221917
[2023-08-15 22:45:57.158] [info] CMC::computeControls, t = 0.222917
[2023-08-15 22:45:57.185] [info] CMC::computeControls, t = 0.223917
[2023-08-15 22:45:57.213] [info] CMC::computeControls, t = 0.224917
[2023-08-15 22:45:57.237] [info] CMC::computeControls, t = 0.225917
[2023-08-15 22:45:57.257] [info] CMC::computeControls, t = 0.226917
[2023-08-15 22:45:57.280] [info] CMC::computeControls, t = 0.227917
[2023-08-15 22:45:57.307] [info] CMC::computeControls, t = 0.228917
[2023-08-15 22:45:57.328] [info] CMC::computeControls, t = 0.229917
[2023-08-15 22:45:57.352] [info] CMC::computeControls, t = 0.230917
[2023-08-15 22:45:57.385] [info] CMC::computeControls, t = 0.231917
[2023-08-15 22:45:57.415] [info] CMC::computeControls, t = 0.232917
[2023-08-15 22:45:57.439] [info] CMC::computeControls, t = 0.233917
[2023-08-15 22:45:57.462] [info] CMC::computeControls, t = 0.234917
[2023-08-15 22:45:57.493] [info] CMC::computeControls, t = 0.235917
[2023-08-15 22:45:57.519] [info] CMC::computeControls, t = 0.236917
[2023-08-15 22:45:57.541] [info] CMC::computeControls, t = 0.237917
[2023-08-15 22:45:57.567] [info] CMC::computeControls, t = 0.238917
[2023-08-15 22:45:57.597] [info] CMC::computeControls, t = 0.239917
[2023-08-15 22:45:57.618] [info] CMC::computeControls, t = 0.240917
[2023-08-15 22:45:57.638] [info] CMC::computeControls, t = 0.241917
[2023-08-15 22:45:57.667] [info] CMC::computeControls, t = 0.242917
[2023-08-15 22:45:57.699] [info] CMC::computeControls, t = 0.243917
[2023-08-15 22:45:57.731] [info] CMC::computeControls, t = 0.244917
[2023-08-15 22:45:57.749] [info] CMC::computeControls, t = 0.245917
[2023-08-15 22:45:57.770] [info] CMC::computeControls, t = 0.246917
[2023-08-15 22:45:57.793] [info] CMC::computeControls, t = 0.247917
[2023-08-15 22:45:57.818] [info] CMC::computeControls, t = 0.248917
[2023-08-15 22:45:57.855] [info] CMC::computeControls, t = 0.249917
[2023-08-15 22:45:57.881] [info] CMC::computeControls, t = 0.250917
[2023-08-15 22:45:57.908] [info] CMC::computeControls, t = 0.251917
[2023-08-15 22:45:57.931] [info] CMC::computeControls, t = 0.252917
[2023-08-15 22:45:57.954] [info] CMC::computeControls, t = 0.253917
[2023-08-15 22:45:57.975] [info] CMC::computeControls, t = 0.254917
[2023-08-15 22:45:57.998] [info] CMC::computeControls, t = 0.255917
[2023-08-15 22:45:58.032] [info] CMC::computeControls, t = 0.256917
[2023-08-15 22:45:58.067] [info] CMC::computeControls, t = 0.257917
[2023-08-15 22:45:58.088] [info] CMC::computeControls, t = 0.258917
[2023-08-15 22:45:58.118] [info] CMC::computeControls, t = 0.259917
[2023-08-15 22:45:58.145] [info] CMC::computeControls, t = 0.260917
[2023-08-15 22:45:58.162] [info] CMC::computeControls, t = 0.261917
[2023-08-15 22:45:58.189] [info] CMC::computeControls, t = 0.262917
[2023-08-15 22:45:58.223] [info] CMC::computeControls, t = 0.263917
[2023-08-15 22:45:58.268] [info] CMC::computeControls, t = 0.264917
[2023-08-15 22:45:58.293] [info] CMC::computeControls, t = 0.265917
[2023-08-15 22:45:58.333] [info] CMC::computeControls, t = 0.266917
[2023-08-15 22:45:58.358] [info] CMC::computeControls, t = 0.267917
[2023-08-15 22:45:58.380] [info] CMC::computeControls, t = 0.268917
[2023-08-15 22:45:58.402] [info] CMC::computeControls, t = 0.269917
[2023-08-15 22:45:58.422] [info] CMC::computeControls, t = 0.270917
[2023-08-15 22:45:58.453] [info] CMC::computeControls, t = 0.271917
[2023-08-15 22:45:58.472] [info] CMC::computeControls, t = 0.272917
[2023-08-15 22:45:58.492] [info] CMC::computeControls, t = 0.273917
[2023-08-15 22:45:58.521] [info] CMC::computeControls, t = 0.274917
[2023-08-15 22:45:58.544] [info] CMC::computeControls, t = 0.275917
[2023-08-15 22:45:58.564] [info] CMC::computeControls, t = 0.276917
[2023-08-15 22:45:58.588] [info] CMC::computeControls, t = 0.277917
[2023-08-15 22:45:58.629] [info] CMC::computeControls, t = 0.278917
[2023-08-15 22:45:58.648] [info] CMC::computeControls, t = 0.279917
[2023-08-15 22:45:58.676] [info] CMC::computeControls, t = 0.280917
[2023-08-15 22:45:58.701] [info] CMC::computeControls, t = 0.281917
[2023-08-15 22:45:58.729] [info] CMC::computeControls, t = 0.282917
[2023-08-15 22:45:58.757] [info] CMC::computeControls, t = 0.283917
[2023-08-15 22:45:58.778] [info] CMC::computeControls, t = 0.284917
[2023-08-15 22:45:58.811] [info] CMC::computeControls, t = 0.285917
[2023-08-15 22:45:58.832] [info] CMC::computeControls, t = 0.286917
[2023-08-15 22:45:58.861] [info] CMC::computeControls, t = 0.287917
[2023-08-15 22:45:58.882] [info] CMC::computeControls, t = 0.288917
[2023-08-15 22:45:58.899] [info] CMC::computeControls, t = 0.289917
[2023-08-15 22:45:58.933] [info] CMC::computeControls, t = 0.290917
[2023-08-15 22:45:58.955] [info] CMC::computeControls, t = 0.291917
[2023-08-15 22:45:58.979] [info] CMC::computeControls, t = 0.292917
[2023-08-15 22:45:59.002] [info] CMC::computeControls, t = 0.293917
[2023-08-15 22:45:59.029] [info] CMC::computeControls, t = 0.294917
[2023-08-15 22:45:59.047] [info] CMC::computeControls, t = 0.295917
[2023-08-15 22:45:59.072] [info] CMC::computeControls, t = 0.296917
[2023-08-15 22:45:59.098] [info] CMC::computeControls, t = 0.297917
[2023-08-15 22:45:59.124] [info] CMC::computeControls, t = 0.298917
[2023-08-15 22:45:59.153] [info] CMC::computeControls, t = 0.299917
[2023-08-15 22:45:59.171] [info] CMC::computeControls, t = 0.300917
[2023-08-15 22:45:59.188] [info] CMC::computeControls, t = 0.301917
[2023-08-15 22:45:59.215] [info] CMC::computeControls, t = 0.302917
[2023-08-15 22:45:59.247] [info] CMC::computeControls, t = 0.303917
[2023-08-15 22:45:59.271] [info] CMC::computeControls, t = 0.304917
[2023-08-15 22:45:59.291] [info] CMC::computeControls, t = 0.305917
[2023-08-15 22:45:59.342] [info] CMC::computeControls, t = 0.306917
[2023-08-15 22:45:59.367] [info] CMC::computeControls, t = 0.307917
[2023-08-15 22:45:59.406] [info] CMC::computeControls, t = 0.308917
[2023-08-15 22:45:59.428] [info] CMC::computeControls, t = 0.309917
[2023-08-15 22:45:59.450] [info] CMC::computeControls, t = 0.310917
[2023-08-15 22:45:59.479] [info] CMC::computeControls, t = 0.311917
[2023-08-15 22:45:59.497] [info] CMC::computeControls, t = 0.312917
[2023-08-15 22:45:59.519] [info] CMC::computeControls, t = 0.313917
[2023-08-15 22:45:59.547] [info] CMC::computeControls, t = 0.314917
[2023-08-15 22:45:59.575] [info] CMC::computeControls, t = 0.315917
[2023-08-15 22:45:59.593] [info] CMC::computeControls, t = 0.316917
[2023-08-15 22:45:59.616] [info] CMC::computeControls, t = 0.317917
[2023-08-15 22:45:59.641] [info] CMC::computeControls, t = 0.318917
[2023-08-15 22:45:59.673] [info] CMC::computeControls, t = 0.319917
[2023-08-15 22:45:59.694] [info] CMC::computeControls, t = 0.320917
[2023-08-15 22:45:59.721] [info] CMC::computeControls, t = 0.321917
[2023-08-15 22:45:59.758] [info] CMC::computeControls, t = 0.322917
[2023-08-15 22:45:59.789] [info] CMC::computeControls, t = 0.323917
[2023-08-15 22:45:59.810] [info] CMC::computeControls, t = 0.324917
[2023-08-15 22:45:59.831] [info] CMC::computeControls, t = 0.325917
[2023-08-15 22:45:59.853] [info] CMC::computeControls, t = 0.326917
[2023-08-15 22:45:59.880] [info] CMC::computeControls, t = 0.327917
[2023-08-15 22:45:59.907] [info] CMC::computeControls, t = 0.328917
[2023-08-15 22:45:59.942] [info] CMC::computeControls, t = 0.329917
[2023-08-15 22:45:59.966] [info] CMC::computeControls, t = 0.330917
[2023-08-15 22:45:59.986] [info] CMC::computeControls, t = 0.331917
[2023-08-15 22:46:00.016] [info] CMC::computeControls, t = 0.332917
[2023-08-15 22:46:00.048] [info] CMC::computeControls, t = 0.333917
[2023-08-15 22:46:00.077] [info] CMC::computeControls, t = 0.334917
[2023-08-15 22:46:00.106] [info] CMC::computeControls, t = 0.335917
[2023-08-15 22:46:00.126] [info] CMC::computeControls, t = 0.336917
[2023-08-15 22:46:00.145] [info] CMC::computeControls, t = 0.337917
[2023-08-15 22:46:00.169] [info] CMC::computeControls, t = 0.338917
[2023-08-15 22:46:00.197] [info] CMC::computeControls, t = 0.339917
[2023-08-15 22:46:00.232] [info] CMC::computeControls, t = 0.340917
[2023-08-15 22:46:00.259] [info] CMC::computeControls, t = 0.341917
[2023-08-15 22:46:00.286] [info] CMC::computeControls, t = 0.342917
[2023-08-15 22:46:00.306] [info] CMC::computeControls, t = 0.343917
[2023-08-15 22:46:00.335] [info] CMC::computeControls, t = 0.344917
[2023-08-15 22:46:00.360] [info] CMC::computeControls, t = 0.345917
[2023-08-15 22:46:00.381] [info] CMC::computeControls, t = 0.346917
[2023-08-15 22:46:00.403] [info] CMC::computeControls, t = 0.347917
[2023-08-15 22:46:00.425] [info] CMC::computeControls, t = 0.348917
[2023-08-15 22:46:00.446] [info] CMC::computeControls, t = 0.349917
[2023-08-15 22:46:00.479] [info] CMC::computeControls, t = 0.350917
[2023-08-15 22:46:00.504] [info] CMC::computeControls, t = 0.351917
[2023-08-15 22:46:00.526] [info] CMC::computeControls, t = 0.352917
[2023-08-15 22:46:00.556] [info] CMC::computeControls, t = 0.353917
[2023-08-15 22:46:00.581] [info] CMC::computeControls, t = 0.354917
[2023-08-15 22:46:00.602] [info] CMC::computeControls, t = 0.355917
[2023-08-15 22:46:00.633] [info] CMC::computeControls, t = 0.356917
[2023-08-15 22:46:00.671] [info] CMC::computeControls, t = 0.357917
[2023-08-15 22:46:00.692] [info] CMC::computeControls, t = 0.358917
[2023-08-15 22:46:00.718] [info] CMC::computeControls, t = 0.359917
[2023-08-15 22:46:00.755] [info] CMC::computeControls, t = 0.360917
[2023-08-15 22:46:00.786] [info] CMC::computeControls, t = 0.361917
[2023-08-15 22:46:00.818] [info] CMC::computeControls, t = 0.362917
[2023-08-15 22:46:00.838] [info] CMC::computeControls, t = 0.363917
[2023-08-15 22:46:00.859] [info] CMC::computeControls, t = 0.364917
[2023-08-15 22:46:00.879] [info] CMC::computeControls, t = 0.365917
[2023-08-15 22:46:00.902] [info] CMC::computeControls, t = 0.366917
[2023-08-15 22:46:00.926] [info] CMC::computeControls, t = 0.367917
[2023-08-15 22:46:00.964] [info] CMC::computeControls, t = 0.368917
[2023-08-15 22:46:00.983] [info] CMC::computeControls, t = 0.369917
[2023-08-15 22:46:01.015] [info] CMC::computeControls, t = 0.370917
[2023-08-15 22:46:01.058] [info] CMC::computeControls, t = 0.371917
[2023-08-15 22:46:01.083] [info] CMC::computeControls, t = 0.372917
[2023-08-15 22:46:01.106] [info] CMC::computeControls, t = 0.373917
[2023-08-15 22:46:01.139] [info] CMC::computeControls, t = 0.374917
[2023-08-15 22:46:01.170] [info] CMC::computeControls, t = 0.375917
[2023-08-15 22:46:01.200] [info] CMC::computeControls, t = 0.376917
[2023-08-15 22:46:01.222] [info] CMC::computeControls, t = 0.377917
[2023-08-15 22:46:01.250] [info] CMC::computeControls, t = 0.378917
[2023-08-15 22:46:01.285] [info] CMC::computeControls, t = 0.379917
[2023-08-15 22:46:01.319] [info] CMC::computeControls, t = 0.380917
[2023-08-15 22:46:01.340] [info] CMC::computeControls, t = 0.381917
[2023-08-15 22:46:01.367] [info] CMC::computeControls, t = 0.382917
[2023-08-15 22:46:01.396] [info] CMC::computeControls, t = 0.383917
[2023-08-15 22:46:01.423] [info] CMC::computeControls, t = 0.384917
[2023-08-15 22:46:01.461] [info] CMC::computeControls, t = 0.385917
[2023-08-15 22:46:01.498] [info] CMC::computeControls, t = 0.386917
[2023-08-15 22:46:01.528] [info] CMC::computeControls, t = 0.387917
[2023-08-15 22:46:01.553] [info] CMC::computeControls, t = 0.388917
[2023-08-15 22:46:01.579] [info] CMC::computeControls, t = 0.389917
[2023-08-15 22:46:01.614] [info] CMC::computeControls, t = 0.390917
[2023-08-15 22:46:01.638] [info] CMC::computeControls, t = 0.391917
[2023-08-15 22:46:01.675] [info] CMC::computeControls, t = 0.392917
[2023-08-15 22:46:01.708] [info] CMC::computeControls, t = 0.393917
[2023-08-15 22:46:01.738] [info] CMC::computeControls, t = 0.394917
[2023-08-15 22:46:01.768] [info] CMC::computeControls, t = 0.395917
[2023-08-15 22:46:01.792] [info] CMC::computeControls, t = 0.396917
[2023-08-15 22:46:01.816] [info] CMC::computeControls, t = 0.397917
[2023-08-15 22:46:01.844] [info] CMC::computeControls, t = 0.398917
[2023-08-15 22:46:01.878] [info] CMC::computeControls, t = 0.399917
[2023-08-15 22:46:01.908] [info] CMC::computeControls, t = 0.400917
[2023-08-15 22:46:01.926] [info] CMC::computeControls, t = 0.401917
[2023-08-15 22:46:01.947] [info] CMC::computeControls, t = 0.402917
[2023-08-15 22:46:01.990] [info] CMC::computeControls, t = 0.403917
[2023-08-15 22:46:02.021] [info] CMC::computeControls, t = 0.404917
[2023-08-15 22:46:02.042] [info] CMC::computeControls, t = 0.405917
[2023-08-15 22:46:02.064] [info] CMC::computeControls, t = 0.406917
[2023-08-15 22:46:02.085] [info] CMC::computeControls, t = 0.407917
[2023-08-15 22:46:02.116] [info] CMC::computeControls, t = 0.408917
[2023-08-15 22:46:02.146] [info] CMC::computeControls, t = 0.409917
[2023-08-15 22:46:02.193] [info] CMC::computeControls, t = 0.410917
[2023-08-15 22:46:02.212] [info] CMC::computeControls, t = 0.411917
[2023-08-15 22:46:02.231] [info] CMC::computeControls, t = 0.412917
[2023-08-15 22:46:02.259] [info] CMC::computeControls, t = 0.413917
[2023-08-15 22:46:02.296] [info] CMC::computeControls, t = 0.414917
[2023-08-15 22:46:02.331] [info] CMC::computeControls, t = 0.415917
[2023-08-15 22:46:02.362] [info] CMC::computeControls, t = 0.416917
[2023-08-15 22:46:02.382] [info] CMC::computeControls, t = 0.417917
[2023-08-15 22:46:02.405] [info] CMC::computeControls, t = 0.418917
[2023-08-15 22:46:02.427] [info] CMC::computeControls, t = 0.419917
[2023-08-15 22:46:02.449] [info] CMC::computeControls, t = 0.420917
[2023-08-15 22:46:02.472] [info] CMC::computeControls, t = 0.421917
[2023-08-15 22:46:02.492] [info] CMC::computeControls, t = 0.422917
[2023-08-15 22:46:02.522] [info] CMC::computeControls, t = 0.423917
[2023-08-15 22:46:02.553] [info] CMC::computeControls, t = 0.424917
[2023-08-15 22:46:02.582] [info] CMC::computeControls, t = 0.425917
[2023-08-15 22:46:02.608] [info] CMC::computeControls, t = 0.426917
[2023-08-15 22:46:02.635] [info] CMC::computeControls, t = 0.427917
[2023-08-15 22:46:02.666] [info] CMC::computeControls, t = 0.428917
[2023-08-15 22:46:02.697] [info] CMC::computeControls, t = 0.429917
[2023-08-15 22:46:02.718] [info] CMC::computeControls, t = 0.430917
[2023-08-15 22:46:02.750] [info] CMC::computeControls, t = 0.431917
[2023-08-15 22:46:02.781] [info] CMC::computeControls, t = 0.432917
[2023-08-15 22:46:02.812] [info] CMC::computeControls, t = 0.433917
[2023-08-15 22:46:02.843] [info] CMC::computeControls, t = 0.434917
[2023-08-15 22:46:02.871] [info] CMC::computeControls, t = 0.435917
[2023-08-15 22:46:02.892] [info] CMC::computeControls, t = 0.436917
[2023-08-15 22:46:02.916] [info] CMC::computeControls, t = 0.437917
[2023-08-15 22:46:02.949] [info] CMC::computeControls, t = 0.438917
[2023-08-15 22:46:02.980] [info] CMC::computeControls, t = 0.439917
[2023-08-15 22:46:03.006] [info] CMC::computeControls, t = 0.440917
[2023-08-15 22:46:03.035] [info] CMC::computeControls, t = 0.441917
[2023-08-15 22:46:03.061] [info] CMC::computeControls, t = 0.442917
[2023-08-15 22:46:03.083] [info] CMC::computeControls, t = 0.443917
[2023-08-15 22:46:03.106] [info] CMC::computeControls, t = 0.444917
[2023-08-15 22:46:03.132] [info] CMC::computeControls, t = 0.445917
[2023-08-15 22:46:03.150] [info] CMC::computeControls, t = 0.446917
[2023-08-15 22:46:03.178] [info] CMC::computeControls, t = 0.447917
[2023-08-15 22:46:03.204] [info] CMC::computeControls, t = 0.448917
[2023-08-15 22:46:03.232] [info] CMC::computeControls, t = 0.449917
[2023-08-15 22:46:03.250] [info] CMC::computeControls, t = 0.450917
[2023-08-15 22:46:03.273] [info] CMC::computeControls, t = 0.451917
[2023-08-15 22:46:03.293] [info] CMC::computeControls, t = 0.452917
[2023-08-15 22:46:03.316] [info] CMC::computeControls, t = 0.453917
[2023-08-15 22:46:03.344] [info] CMC::computeControls, t = 0.454917
[2023-08-15 22:46:03.365] [info] CMC::computeControls, t = 0.455917
[2023-08-15 22:46:03.399] [info] CMC::computeControls, t = 0.456917
[2023-08-15 22:46:03.440] [info] CMC::computeControls, t = 0.457917
[2023-08-15 22:46:03.468] [info] CMC::computeControls, t = 0.458917
[2023-08-15 22:46:03.489] [info] CMC::computeControls, t = 0.459917
[2023-08-15 22:46:03.524] [info] CMC::computeControls, t = 0.460917
[2023-08-15 22:46:03.544] [info] CMC::computeControls, t = 0.461917
[2023-08-15 22:46:03.573] [info] CMC::computeControls, t = 0.462917
[2023-08-15 22:46:03.606] [info] CMC::computeControls, t = 0.463917
[2023-08-15 22:46:03.632] [info] CMC::computeControls, t = 0.464917
[2023-08-15 22:46:03.681] [info] CMC::computeControls, t = 0.465917
[2023-08-15 22:46:03.708] [info] CMC::computeControls, t = 0.466917
[2023-08-15 22:46:03.738] [info] CMC::computeControls, t = 0.467917
[2023-08-15 22:46:03.758] [info] CMC::computeControls, t = 0.468917
[2023-08-15 22:46:03.799] [info] CMC::computeControls, t = 0.469917
[2023-08-15 22:46:03.832] [info] CMC::computeControls, t = 0.470917
[2023-08-15 22:46:03.862] [info] CMC::computeControls, t = 0.471917
[2023-08-15 22:46:03.887] [info] CMC::computeControls, t = 0.472917
[2023-08-15 22:46:03.918] [info] CMC::computeControls, t = 0.473917
[2023-08-15 22:46:03.937] [info] CMC::computeControls, t = 0.474917
[2023-08-15 22:46:03.956] [info] CMC::computeControls, t = 0.475917
[2023-08-15 22:46:03.976] [info] CMC::computeControls, t = 0.476917
[2023-08-15 22:46:04.003] [info] CMC::computeControls, t = 0.477917
[2023-08-15 22:46:04.029] [info] CMC::computeControls, t = 0.478917
[2023-08-15 22:46:04.049] [info] CMC::computeControls, t = 0.479917
[2023-08-15 22:46:04.083] [info] CMC::computeControls, t = 0.480917
[2023-08-15 22:46:04.105] [info] CMC::computeControls, t = 0.481917
[2023-08-15 22:46:04.127] [info] CMC::computeControls, t = 0.482917
[2023-08-15 22:46:04.148] [info] CMC::computeControls, t = 0.483917
[2023-08-15 22:46:04.172] [info] CMC::computeControls, t = 0.484917
[2023-08-15 22:46:04.192] [info] CMC::computeControls, t = 0.485917
[2023-08-15 22:46:04.217] [info] CMC::computeControls, t = 0.486917
[2023-08-15 22:46:04.239] [info] CMC::computeControls, t = 0.487917
[2023-08-15 22:46:04.266] [info] CMC::computeControls, t = 0.488917
[2023-08-15 22:46:04.291] [info] CMC::computeControls, t = 0.489917
[2023-08-15 22:46:04.331] [info] CMC::computeControls, t = 0.490917
[2023-08-15 22:46:04.358] [info] CMC::computeControls, t = 0.491917
[2023-08-15 22:46:04.378] [info] CMC::computeControls, t = 0.492917
[2023-08-15 22:46:04.404] [info] CMC::computeControls, t = 0.493917
[2023-08-15 22:46:04.427] [info] CMC::computeControls, t = 0.494917
[2023-08-15 22:46:04.445] [info] CMC::computeControls, t = 0.495917
[2023-08-15 22:46:04.470] [info] CMC::computeControls, t = 0.496917
[2023-08-15 22:46:04.489] [info] CMC::computeControls, t = 0.497917
[2023-08-15 22:46:04.516] [info] CMC::computeControls, t = 0.498917
[2023-08-15 22:46:04.546] [info] CMC::computeControls, t = 0.499917
[2023-08-15 22:46:04.572] [info] CMC::computeControls, t = 0.500917
[2023-08-15 22:46:04.591] [info] CMC::computeControls, t = 0.501917
[2023-08-15 22:46:04.621] [info] CMC::computeControls, t = 0.502917
[2023-08-15 22:46:04.654] [info] CMC::computeControls, t = 0.503917
[2023-08-15 22:46:04.677] [info] CMC::computeControls, t = 0.504917
[2023-08-15 22:46:04.699] [info] CMC::computeControls, t = 0.505917
[2023-08-15 22:46:04.719] [info] CMC::computeControls, t = 0.506917
[2023-08-15 22:46:04.750] [info] CMC::computeControls, t = 0.507917
[2023-08-15 22:46:04.788] [info] CMC::computeControls, t = 0.508917
[2023-08-15 22:46:04.815] [info] CMC::computeControls, t = 0.509917
[2023-08-15 22:46:04.848] [info] CMC::computeControls, t = 0.510917
[2023-08-15 22:46:04.870] [info] CMC::computeControls, t = 0.511917
[2023-08-15 22:46:04.894] [info] CMC::computeControls, t = 0.512917
[2023-08-15 22:46:04.914] [info] CMC::computeControls, t = 0.513917
[2023-08-15 22:46:04.947] [info] CMC::computeControls, t = 0.514917
[2023-08-15 22:46:04.986] [info] CMC::computeControls, t = 0.515917
[2023-08-15 22:46:05.005] [info] CMC::computeControls, t = 0.516917
[2023-08-15 22:46:05.025] [info] CMC::computeControls, t = 0.517917
[2023-08-15 22:46:05.053] [info] CMC::computeControls, t = 0.518917
[2023-08-15 22:46:05.075] [info] CMC::computeControls, t = 0.519917
[2023-08-15 22:46:05.094] [info] CMC::computeControls, t = 0.520917
[2023-08-15 22:46:05.117] [info] CMC::computeControls, t = 0.521917
[2023-08-15 22:46:05.167] [info] CMC::computeControls, t = 0.522917
[2023-08-15 22:46:05.204] [info] CMC::computeControls, t = 0.523917
[2023-08-15 22:46:05.225] [info] CMC::computeControls, t = 0.524917
[2023-08-15 22:46:05.251] [info] CMC::computeControls, t = 0.525917
[2023-08-15 22:46:05.288] [info] CMC::computeControls, t = 0.526917
[2023-08-15 22:46:05.317] [info] CMC::computeControls, t = 0.527917
[2023-08-15 22:46:05.344] [info] CMC::computeControls, t = 0.528917
[2023-08-15 22:46:05.365] [info] CMC::computeControls, t = 0.529917
[2023-08-15 22:46:05.388] [info] CMC::computeControls, t = 0.530917
[2023-08-15 22:46:05.407] [info] CMC::computeControls, t = 0.531917
[2023-08-15 22:46:05.429] [info] CMC::computeControls, t = 0.532917
[2023-08-15 22:46:05.459] [info] CMC::computeControls, t = 0.533917
[2023-08-15 22:46:05.490] [info] CMC::computeControls, t = 0.534917
[2023-08-15 22:46:05.511] [info] CMC::computeControls, t = 0.535917
[2023-08-15 22:46:05.538] [info] CMC::computeControls, t = 0.536917
[2023-08-15 22:46:05.561] [info] CMC::computeControls, t = 0.537917
[2023-08-15 22:46:05.584] [info] CMC::computeControls, t = 0.538917
[2023-08-15 22:46:05.605] [info] CMC::computeControls, t = 0.539917
[2023-08-15 22:46:05.643] [info] CMC::computeControls, t = 0.540917
[2023-08-15 22:46:05.677] [info] CMC::computeControls, t = 0.541917
[2023-08-15 22:46:05.706] [info] CMC::computeControls, t = 0.542917
[2023-08-15 22:46:05.732] [info] CMC::computeControls, t = 0.543917
[2023-08-15 22:46:05.758] [info] CMC::computeControls, t = 0.544917
[2023-08-15 22:46:05.786] [info] CMC::computeControls, t = 0.545917
[2023-08-15 22:46:05.819] [info] CMC::computeControls, t = 0.546917
[2023-08-15 22:46:05.840] [info] CMC::computeControls, t = 0.547917
[2023-08-15 22:46:05.859] [info] CMC::computeControls, t = 0.548917
[2023-08-15 22:46:05.882] [info] CMC::computeControls, t = 0.549917
[2023-08-15 22:46:05.917] [info] CMC::computeControls, t = 0.550917
[2023-08-15 22:46:05.939] [info] CMC::computeControls, t = 0.551917
[2023-08-15 22:46:05.968] [info] CMC::computeControls, t = 0.552917
[2023-08-15 22:46:05.985] [info] CMC::computeControls, t = 0.553917
[2023-08-15 22:46:06.012] [info] CMC::computeControls, t = 0.554917
[2023-08-15 22:46:06.054] [info] CMC::computeControls, t = 0.555917
[2023-08-15 22:46:06.084] [info] CMC::computeControls, t = 0.556917
[2023-08-15 22:46:06.106] [info] CMC::computeControls, t = 0.557917
[2023-08-15 22:46:06.127] [info] CMC::computeControls, t = 0.558917
[2023-08-15 22:46:06.149] [info] CMC::computeControls, t = 0.559917
[2023-08-15 22:46:06.172] [info] CMC::computeControls, t = 0.560917
[2023-08-15 22:46:06.207] [info] CMC::computeControls, t = 0.561917
[2023-08-15 22:46:06.230] [info] CMC::computeControls, t = 0.562917
[2023-08-15 22:46:06.256] [info] CMC::computeControls, t = 0.563917
[2023-08-15 22:46:06.284] [info] CMC::computeControls, t = 0.564917
[2023-08-15 22:46:06.319] [info] CMC::computeControls, t = 0.565917
[2023-08-15 22:46:06.359] [info] CMC::computeControls, t = 0.566917
[2023-08-15 22:46:06.385] [info] CMC::computeControls, t = 0.567917
[2023-08-15 22:46:06.407] [info] CMC::computeControls, t = 0.568917
[2023-08-15 22:46:06.433] [info] CMC::computeControls, t = 0.569917
[2023-08-15 22:46:06.454] [info] CMC::computeControls, t = 0.570917
[2023-08-15 22:46:06.474] [info] CMC::computeControls, t = 0.571917
[2023-08-15 22:46:06.497] [info] CMC::computeControls, t = 0.572917
[2023-08-15 22:46:06.522] [info] CMC::computeControls, t = 0.573917
[2023-08-15 22:46:06.546] [info] CMC::computeControls, t = 0.574917
[2023-08-15 22:46:06.575] [info] CMC::computeControls, t = 0.575917
[2023-08-15 22:46:06.606] [info] CMC::computeControls, t = 0.576917
[2023-08-15 22:46:06.631] [info] CMC::computeControls, t = 0.577917
[2023-08-15 22:46:06.653] [info] CMC::computeControls, t = 0.578917
[2023-08-15 22:46:06.682] [info] CMC::computeControls, t = 0.579917
[2023-08-15 22:46:06.724] [info] CMC::computeControls, t = 0.580917
[2023-08-15 22:46:06.765] [info] CMC::computeControls, t = 0.581917
[2023-08-15 22:46:06.793] [info] CMC::computeControls, t = 0.582917
[2023-08-15 22:46:06.817] [info] CMC::computeControls, t = 0.583917
[2023-08-15 22:46:06.842] [info] CMC::computeControls, t = 0.584917
[2023-08-15 22:46:06.865] [info] CMC::computeControls, t = 0.585917
[2023-08-15 22:46:06.924] [info] CMC::computeControls, t = 0.586917
[2023-08-15 22:46:06.968] [info] CMC::computeControls, t = 0.587917
[2023-08-15 22:46:07.000] [info] CMC::computeControls, t = 0.588917
[2023-08-15 22:46:07.034] [info] CMC::computeControls, t = 0.589917
[2023-08-15 22:46:07.060] [info] CMC::computeControls, t = 0.590917
[2023-08-15 22:46:07.091] [info] CMC::computeControls, t = 0.591917
[2023-08-15 22:46:07.120] [info] CMC::computeControls, t = 0.592917
[2023-08-15 22:46:07.158] [info] CMC::computeControls, t = 0.593917
[2023-08-15 22:46:07.198] [info] CMC::computeControls, t = 0.594917
[2023-08-15 22:46:07.226] [info] CMC::computeControls, t = 0.595917
[2023-08-15 22:46:07.252] [info] CMC::computeControls, t = 0.596917
[2023-08-15 22:46:07.286] [info] CMC::computeControls, t = 0.597917
[2023-08-15 22:46:07.321] [info] CMC::computeControls, t = 0.598917
[2023-08-15 22:46:07.376] [info] CMC::computeControls, t = 0.599917
[2023-08-15 22:46:07.437] [info] CMC::computeControls, t = 0.600917
[2023-08-15 22:46:07.473] [info] CMC::computeControls, t = 0.601917
[2023-08-15 22:46:07.503] [info] CMC::computeControls, t = 0.602917
[2023-08-15 22:46:07.533] [info] CMC::computeControls, t = 0.603917
[2023-08-15 22:46:07.565] [info] CMC::computeControls, t = 0.604917
[2023-08-15 22:46:07.602] [info] CMC::computeControls, t = 0.605917
[2023-08-15 22:46:07.632] [info] CMC::computeControls, t = 0.606917
[2023-08-15 22:46:07.662] [info] CMC::computeControls, t = 0.607917
[2023-08-15 22:46:07.692] [info] CMC::computeControls, t = 0.608917
[2023-08-15 22:46:07.726] [info] CMC::computeControls, t = 0.609917
[2023-08-15 22:46:07.754] [info] CMC::computeControls, t = 0.610917
[2023-08-15 22:46:07.777] [info] CMC::computeControls, t = 0.611917
[2023-08-15 22:46:07.806] [info] CMC::computeControls, t = 0.612917
[2023-08-15 22:46:07.832] [info] CMC::computeControls, t = 0.613917
[2023-08-15 22:46:07.865] [info] CMC::computeControls, t = 0.614917
[2023-08-15 22:46:07.931] [info] CMC::computeControls, t = 0.615917
[2023-08-15 22:46:07.994] [info] CMC::computeControls, t = 0.616917
[2023-08-15 22:46:08.044] [info] CMC::computeControls, t = 0.617917
[2023-08-15 22:46:08.082] [info] CMC::computeControls, t = 0.618917
[2023-08-15 22:46:08.120] [info] CMC::computeControls, t = 0.619917
[2023-08-15 22:46:08.151] [info] CMC::computeControls, t = 0.620917
[2023-08-15 22:46:08.170] [info] CMC::computeControls, t = 0.621917
[2023-08-15 22:46:08.195] [info] CMC::computeControls, t = 0.622917
[2023-08-15 22:46:08.226] [info] CMC::computeControls, t = 0.623917
[2023-08-15 22:46:08.263] [info] CMC::computeControls, t = 0.624917
[2023-08-15 22:46:08.301] [info] CMC::computeControls, t = 0.625917
[2023-08-15 22:46:08.332] [info] CMC::computeControls, t = 0.626917
[2023-08-15 22:46:08.356] [info] CMC::computeControls, t = 0.627917
[2023-08-15 22:46:08.383] [info] CMC::computeControls, t = 0.628917
[2023-08-15 22:46:08.421] [info] CMC::computeControls, t = 0.629917
[2023-08-15 22:46:08.446] [info] CMC::computeControls, t = 0.630917
[2023-08-15 22:46:08.469] [info] CMC::computeControls, t = 0.631917
[2023-08-15 22:46:08.499] [info] CMC::computeControls, t = 0.632917
[2023-08-15 22:46:08.522] [info] CMC::computeControls, t = 0.633917
[2023-08-15 22:46:08.569] [info] CMC::computeControls, t = 0.634917
[2023-08-15 22:46:08.595] [info] CMC::computeControls, t = 0.635917
[2023-08-15 22:46:08.619] [info] CMC::computeControls, t = 0.636917
[2023-08-15 22:46:08.645] [info] CMC::computeControls, t = 0.637917
[2023-08-15 22:46:08.672] [info] CMC::computeControls, t = 0.638917
[2023-08-15 22:46:08.693] [info] CMC::computeControls, t = 0.639917
[2023-08-15 22:46:08.710] [info] CMC::computeControls, t = 0.640917
[2023-08-15 22:46:08.734] [info] CMC::computeControls, t = 0.641917
[2023-08-15 22:46:08.773] [info] CMC::computeControls, t = 0.642917
[2023-08-15 22:46:08.800] [info] CMC::computeControls, t = 0.643917
[2023-08-15 22:46:08.845] [info] CMC::computeControls, t = 0.644917
[2023-08-15 22:46:08.871] [info] CMC::computeControls, t = 0.645917
[2023-08-15 22:46:08.893] [info] CMC::computeControls, t = 0.646917
[2023-08-15 22:46:08.914] [info] CMC::computeControls, t = 0.647917
[2023-08-15 22:46:08.936] [info] CMC::computeControls, t = 0.648917
[2023-08-15 22:46:08.964] [info] CMC::computeControls, t = 0.649917
[2023-08-15 22:46:08.988] [info] CMC::computeControls, t = 0.650917
[2023-08-15 22:46:09.018] [info] CMC::computeControls, t = 0.651917
[2023-08-15 22:46:09.059] [info] CMC::computeControls, t = 0.652917
[2023-08-15 22:46:09.083] [info] CMC::computeControls, t = 0.653917
[2023-08-15 22:46:09.100] [info] CMC::computeControls, t = 0.654917
[2023-08-15 22:46:09.119] [info] CMC::computeControls, t = 0.655917
[2023-08-15 22:46:09.146] [info] CMC::computeControls, t = 0.656917
[2023-08-15 22:46:09.171] [info] CMC::computeControls, t = 0.657917
[2023-08-15 22:46:09.191] [info] CMC::computeControls, t = 0.658917
[2023-08-15 22:46:09.214] [info] CMC::computeControls, t = 0.659917
[2023-08-15 22:46:09.233] [info] CMC::computeControls, t = 0.660917
[2023-08-15 22:46:09.259] [info] CMC::computeControls, t = 0.661917
[2023-08-15 22:46:09.292] [info] CMC::computeControls, t = 0.662917
[2023-08-15 22:46:09.327] [info] CMC::computeControls, t = 0.663917
[2023-08-15 22:46:09.357] [info] CMC::computeControls, t = 0.664917
[2023-08-15 22:46:09.375] [info] CMC::computeControls, t = 0.665917
[2023-08-15 22:46:09.401] [info] CMC::computeControls, t = 0.666917
[2023-08-15 22:46:09.425] [info] CMC::computeControls, t = 0.667917
[2023-08-15 22:46:09.445] [info] CMC::computeControls, t = 0.668917
[2023-08-15 22:46:09.470] [info] CMC::computeControls, t = 0.669917
[2023-08-15 22:46:09.496] [info] CMC::computeControls, t = 0.670917
[2023-08-15 22:46:09.522] [info] CMC::computeControls, t = 0.671917
[2023-08-15 22:46:09.546] [info] CMC::computeControls, t = 0.672917
[2023-08-15 22:46:09.572] [info] CMC::computeControls, t = 0.673917
[2023-08-15 22:46:09.606] [info] CMC::computeControls, t = 0.674917
[2023-08-15 22:46:09.637] [info] CMC::computeControls, t = 0.675917
[2023-08-15 22:46:09.660] [info] CMC::computeControls, t = 0.676917
[2023-08-15 22:46:09.682] [info] CMC::computeControls, t = 0.677917
[2023-08-15 22:46:09.707] [info] CMC::computeControls, t = 0.678917
[2023-08-15 22:46:09.737] [info] CMC::computeControls, t = 0.679917
[2023-08-15 22:46:09.773] [info] CMC::computeControls, t = 0.680917
[2023-08-15 22:46:09.804] [info] CMC::computeControls, t = 0.681917
[2023-08-15 22:46:09.835] [info] -------------------------------------------
[2023-08-15 22:46:09.835] [info] Finished tracking the specified kinematics:
[2023-08-15 22:46:09.835] [info] -------------------------------------------
[2023-08-15 22:46:09.835] [info]  -- Start time = Tue Aug 15 22:45:53 2023
[2023-08-15 22:46:09.835] [info]  -- Finish time = Tue Aug 15 22:46:09 2023
[2023-08-15 22:46:09.835] [info]  -- Elapsed time = 16.0 seconds.
[2023-08-15 22:46:09.835] [info] -------------------------------------------
[2023-08-15 22:46:09.835] [info] 
[2023-08-15 22:46:09.835] [info] Printing results of investigation subject20_run5_cycle1_iter3 to cycle1/
[2023-08-15 22:46:10.367] [info] 

************************************************************
*      Summary of Mass Adjustments to Reduce Residuals     *
************************************************************
* Body adjusted: torso
* Mass Center (COM) adjustment: dx =-0.0299725, dz =0.0082845
* New COM location: ~[0.00214632,0.296813,-0.0339583]
************************************************************
* Recommended mass adjustments:                             
*  Total mass change: 1.0523
*  pelvis: orig mass = 10.5943, new mass = 10.7592
*  femur_r: orig mass = 8.36733, new mass = 8.49755
*  tibia_r: orig mass = 3.33518, new mass = 3.38708
*  talus_r: orig mass = 0.0899578, new mass = 0.0913578
*  calcn_r: orig mass = 1.12448, new mass = 1.14198
*  toes_r: orig mass = 0.194848, new mass = 0.19788
*  femur_l: orig mass = 8.36733, new mass = 8.49755
*  tibia_l: orig mass = 3.33518, new mass = 3.38708
*  talus_l: orig mass = 0.0899578, new mass = 0.0913578
*  calcn_l: orig mass = 1.12448, new mass = 1.14198
*  toes_l: orig mass = 0.194848, new mass = 0.19788
*  torso: orig mass = 24.1326, new mass = 24.5082
*  humerus_r: orig mass = 1.82839, new mass = 1.85684
*  ulna_r: orig mass = 0.546494, new mass = 0.554999
*  radius_r: orig mass = 0.546494, new mass = 0.554999
*  hand_r: orig mass = 0.411556, new mass = 0.417961
*  humerus_l: orig mass = 1.82839, new mass = 1.85684
*  ulna_l: orig mass = 0.546494, new mass = 0.554999
*  radius_l: orig mass = 0.546494, new mass = 0.554999
*  hand_l: orig mass = 0.411556, new mass = 0.417961
************************************************************
* Note: Edit the model to make recommended adjustments to  *
*       mass properties.                                   *
************************************************************

* Average residuals before adjusting torso COM:
*  FX=1.52309 FY=-10.3195 FZ=-0.958438
*  MX=-1.96061 MY=0.360181 MZ=-7.0933
************************************************************
* Average residuals after adjusting torso COM:
*  FX=1.55412 FY=-10.4157 FZ=-0.555669
*  MX=0.354848 MY=-0.125819 MZ=-0.529136
************************************************************


[2023-08-15 22:46:10.367] [info] 
************************************************************
*                   Final Average Residuals                *
************************************************************
* After torso COM and Kinematics adjustments:
*  FX=3.0778 FY=-4.84917 FZ=-1.01915
*  MX=0.278489 MY=-0.649014 MZ=3.59318
************************************************************


