[2023-03-10 23:17:00.684] [info] AbstractTool subject08_run5_cycle2 loading model ..\..\model\subject08_adjusted_scaled.osim
[2023-03-10 23:17:00.730] [info] Loaded model subject08_scaled from file ..\..\model\subject08_adjusted_scaled.osim
[2023-03-10 23:17:00.781] [info] Adding force object set from subject08_run5_RRA_Actuators.xml
[2023-03-10 23:17:00.786] [info] Running tool subject08_run5_cycle2.
[2023-03-10 23:17:00.799] [warning] ExternalLoads 'externalloads' has subcomponents with duplicate name 'externalforce'. The duplicate is being renamed to 'externalforce_0'.
[2023-03-10 23:17:00.833] [info] 	taskSet size = 29.
[2023-03-10 23:17:00.910] [info] ExternalForce::externalforce Data source being set to Run_500 03_newCOP3_v24.mot
[2023-03-10 23:17:00.911] [info] ExternalForce::externalforce_0 Data source being set to Run_500 03_newCOP3_v24.mot
[2023-03-10 23:17:00.924] [warning] A desired points file was not specified.
[2023-03-10 23:17:00.924] [info] Loading desired kinematics from file '..\..\ik\Run_5.mot'...
[2023-03-10 23:17:00.925] [info] Old version storage/motion file encountered
[2023-03-10 23:17:00.925] [info] Storage: read data file = ..\..\ik\Run_5.mot (nr=516 nc=164)
[2023-03-10 23:17:00.925] [info] .. assuming rotations in Degrees..
[2023-03-10 23:17:01.025] [info] Low-pass filtering desired kinematics with a cutoff frequency of 15.0...
[2023-03-10 23:17:01.262] [cout] [info] MODEL: subject08_scaled

numStates = 74
numCoordinates = 37
numSpeeds = 37
numActuators = 29
numBodies = 20
numConstraints = 0
numProbes = 0

ANALYSES (total: 0)

BODIES (total: 20)
body[0] = pelvis. mass: 12.9063
              moments of inertia:  ~[0.145167,0.145167,0.0726748]
              products of inertia: ~[0,0,0]
body[1] = femur_r. mass: 10.1933
              moments of inertia:  ~[0.167005,0.0437779,0.17611]
              products of inertia: ~[0,0,0]
body[2] = tibia_r. mass: 4.06302
              moments of inertia:  ~[0.0686582,0.0058898,0.0686582]
              products of inertia: ~[0,0,0]
body[3] = talus_r. mass: 0.109589
              moments of inertia:  ~[0.00126763,0.00126763,0.00126763]
              products of inertia: ~[0,0,0]
body[4] = calcn_r. mass: 1.36987
              moments of inertia:  ~[0.00177469,0.00494377,0.0051973]
              products of inertia: ~[0,0,0]
body[5] = toes_r. mass: 0.23737
              moments of inertia:  ~[0.000126763,0.000253527,0.00126763]
              products of inertia: ~[0,0,0]
body[6] = femur_l. mass: 10.1933
              moments of inertia:  ~[0.167005,0.0437779,0.17611]
              products of inertia: ~[0,0,0]
body[7] = tibia_l. mass: 4.06302
              moments of inertia:  ~[0.0686582,0.0058898,0.0686582]
              products of inertia: ~[0,0,0]
body[8] = talus_l. mass: 0.109589
              moments of inertia:  ~[0.00126763,0.00126763,0.00126763]
              products of inertia: ~[0,0,0]
body[9] = calcn_l. mass: 1.36987
              moments of inertia:  ~[0.00177469,0.00494377,0.0051973]
              products of inertia: ~[0,0,0]
body[10] = toes_l. mass: 0.23737
              moments of inertia:  ~[0.000126763,0.000253527,0.00126763]
              products of inertia: ~[0,0,0]
body[11] = torso. mass: 29.3991
              moments of inertia:  ~[1.74167,0.892391,1.69076]
              products of inertia: ~[0,0,0]
body[12] = humerus_r. mass: 2.2274
              moments of inertia:  ~[0.0142055,0.00490046,0.0159452]
              products of inertia: ~[0,0,0]
body[13] = ulna_r. mass: 0.665755
              moments of inertia:  ~[0.00362196,0.000755697,0.00392889]
              products of inertia: ~[0,0,0]
body[14] = radius_r. mass: 0.665755
              moments of inertia:  ~[0.00362196,0.000755697,0.00392889]
              products of inertia: ~[0,0,0]
body[15] = hand_r. mass: 0.501371
              moments of inertia:  ~[0.00109075,0.000668877,0.00163857]
              products of inertia: ~[0,0,0]
body[16] = humerus_l. mass: 2.2274
              moments of inertia:  ~[0.0142055,0.00490046,0.0159452]
              products of inertia: ~[0,0,0]
body[17] = ulna_l. mass: 0.665755
              moments of inertia:  ~[0.00362196,0.000755697,0.00392889]
              products of inertia: ~[0,0,0]
body[18] = radius_l. mass: 0.665755
              moments of inertia:  ~[0.00362196,0.000755697,0.00392889]
              products of inertia: ~[0,0,0]
body[19] = hand_l. mass: 0.501371
              moments of inertia:  ~[0.00109075,0.000668877,0.00163857]
              products of inertia: ~[0,0,0]

JOINTS (total: 20)
joint[0] = ground_pelvis. parent: ground_offset, child: pelvis_offset
joint[1] = hip_r. parent: pelvis_offset, child: femur_r_offset
joint[2] = knee_r. parent: femur_r_offset, child: tibia_r_offset
joint[3] = ankle_r. parent: tibia_r_offset, child: talus_r_offset
joint[4] = subtalar_r. parent: talus_r_offset, child: calcn_r_offset
joint[5] = mtp_r. parent: calcn_r_offset, child: toes_r_offset
joint[6] = hip_l. parent: pelvis_offset, child: femur_l_offset
joint[7] = knee_l. parent: femur_l_offset, child: tibia_l_offset
joint[8] = ankle_l. parent: tibia_l_offset, child: talus_l_offset
joint[9] = subtalar_l. parent: talus_l_offset, child: calcn_l_offset
joint[10] = mtp_l. parent: calcn_l_offset, child: toes_l_offset
joint[11] = back. parent: pelvis_offset, child: torso_offset
joint[12] = acromial_r. parent: torso_offset, child: humerus_r_offset
joint[13] = elbow_r. parent: humerus_r_offset, child: ulna_r_offset
joint[14] = radioulnar_r. parent: ulna_r_offset, child: radius_r_offset
joint[15] = radius_hand_r. parent: radius_r_offset, child: hand_r_offset
joint[16] = acromial_l. parent: torso_offset, child: humerus_l_offset
joint[17] = elbow_l. parent: humerus_l_offset, child: ulna_l_offset
joint[18] = radioulnar_l. parent: ulna_l_offset, child: radius_l_offset
joint[19] = radius_hand_l. parent: radius_l_offset, child: hand_l_offset

ACTUATORS (total: 29)
actuator[0] = FX
actuator[1] = FY
actuator[2] = FZ
actuator[3] = MZ
actuator[4] = MX
actuator[5] = MY
actuator[6] = hip_flexion_r
actuator[7] = hip_adduction_r
actuator[8] = hip_rotation_r
actuator[9] = knee_angle_r
actuator[10] = ankle_angle_r
actuator[11] = hip_flexion_l
actuator[12] = hip_adduction_l
actuator[13] = hip_rotation_l
actuator[14] = knee_angle_l
actuator[15] = ankle_angle_l
actuator[16] = lumbar_extension
actuator[17] = lumbar_bending
actuator[18] = lumbar_rotation
actuator[19] = arm_flex_r
actuator[20] = arm_add_r
actuator[21] = arm_rot_r
actuator[22] = elbow_flex_r
actuator[23] = pro_sup_r
actuator[24] = arm_flex_l
actuator[25] = arm_add_l
actuator[26] = arm_rot_l
actuator[27] = elbow_flex_l
actuator[28] = pro_sup_l

STATES (total: 74)
y[0] = /jointset/ground_pelvis/pelvis_tilt/value
y[1] = /jointset/ground_pelvis/pelvis_tilt/speed
y[2] = /jointset/ground_pelvis/pelvis_list/value
y[3] = /jointset/ground_pelvis/pelvis_list/speed
y[4] = /jointset/ground_pelvis/pelvis_rotation/value
y[5] = /jointset/ground_pelvis/pelvis_rotation/speed
y[6] = /jointset/ground_pelvis/pelvis_tx/value
y[7] = /jointset/ground_pelvis/pelvis_tx/speed
y[8] = /jointset/ground_pelvis/pelvis_ty/value
y[9] = /jointset/ground_pelvis/pelvis_ty/speed
y[10] = /jointset/ground_pelvis/pelvis_tz/value
y[11] = /jointset/ground_pelvis/pelvis_tz/speed
y[12] = /jointset/hip_r/hip_flexion_r/value
y[13] = /jointset/hip_r/hip_flexion_r/speed
y[14] = /jointset/hip_r/hip_adduction_r/value
y[15] = /jointset/hip_r/hip_adduction_r/speed
y[16] = /jointset/hip_r/hip_rotation_r/value
y[17] = /jointset/hip_r/hip_rotation_r/speed
y[18] = /jointset/knee_r/knee_angle_r/value
y[19] = /jointset/knee_r/knee_angle_r/speed
y[20] = /jointset/ankle_r/ankle_angle_r/value
y[21] = /jointset/ankle_r/ankle_angle_r/speed
y[22] = /jointset/subtalar_r/subtalar_angle_r/value
y[23] = /jointset/subtalar_r/subtalar_angle_r/speed
y[24] = /jointset/mtp_r/mtp_angle_r/value
y[25] = /jointset/mtp_r/mtp_angle_r/speed
y[26] = /jointset/hip_l/hip_flexion_l/value
y[27] = /jointset/hip_l/hip_flexion_l/speed
y[28] = /jointset/hip_l/hip_adduction_l/value
y[29] = /jointset/hip_l/hip_adduction_l/speed
y[30] = /jointset/hip_l/hip_rotation_l/value
y[31] = /jointset/hip_l/hip_rotation_l/speed
y[32] = /jointset/knee_l/knee_angle_l/value
y[33] = /jointset/knee_l/knee_angle_l/speed
y[34] = /jointset/ankle_l/ankle_angle_l/value
y[35] = /jointset/ankle_l/ankle_angle_l/speed
y[36] = /jointset/subtalar_l/subtalar_angle_l/value
y[37] = /jointset/subtalar_l/subtalar_angle_l/speed
y[38] = /jointset/mtp_l/mtp_angle_l/value
y[39] = /jointset/mtp_l/mtp_angle_l/speed
y[40] = /jointset/back/lumbar_extension/value
y[41] = /jointset/back/lumbar_extension/speed
y[42] = /jointset/back/lumbar_bending/value
y[43] = /jointset/back/lumbar_bending/speed
y[44] = /jointset/back/lumbar_rotation/value
y[45] = /jointset/back/lumbar_rotation/speed
y[46] = /jointset/acromial_r/arm_flex_r/value
y[47] = /jointset/acromial_r/arm_flex_r/speed
y[48] = /jointset/acromial_r/arm_add_r/value
y[49] = /jointset/acromial_r/arm_add_r/speed
y[50] = /jointset/acromial_r/arm_rot_r/value
y[51] = /jointset/acromial_r/arm_rot_r/speed
y[52] = /jointset/elbow_r/elbow_flex_r/value
y[53] = /jointset/elbow_r/elbow_flex_r/speed
y[54] = /jointset/radioulnar_r/pro_sup_r/value
y[55] = /jointset/radioulnar_r/pro_sup_r/speed
y[56] = /jointset/radius_hand_r/wrist_flex_r/value
y[57] = /jointset/radius_hand_r/wrist_flex_r/speed
y[58] = /jointset/radius_hand_r/wrist_dev_r/value
y[59] = /jointset/radius_hand_r/wrist_dev_r/speed
y[60] = /jointset/acromial_l/arm_flex_l/value
y[61] = /jointset/acromial_l/arm_flex_l/speed
y[62] = /jointset/acromial_l/arm_add_l/value
y[63] = /jointset/acromial_l/arm_add_l/speed
y[64] = /jointset/acromial_l/arm_rot_l/value
y[65] = /jointset/acromial_l/arm_rot_l/speed
y[66] = /jointset/elbow_l/elbow_flex_l/value
y[67] = /jointset/elbow_l/elbow_flex_l/speed
y[68] = /jointset/radioulnar_l/pro_sup_l/value
y[69] = /jointset/radioulnar_l/pro_sup_l/speed
y[70] = /jointset/radius_hand_l/wrist_flex_l/value
y[71] = /jointset/radius_hand_l/wrist_flex_l/speed
y[72] = /jointset/radius_hand_l/wrist_dev_l/value
y[73] = /jointset/radius_hand_l/wrist_dev_l/speed

[2023-03-10 23:17:01.637] [info] Requested COM adjustment time range 0.992 to 1.60400, clamped to nearest available data times: 0.99 to 1.6.
[2023-03-10 23:17:01.638] [info] Computing average residuals between 0.99 and 1.6...
[2023-03-10 23:17:01.731] [info] ExternalForce::externalforce Data source being set to Run_500 03_newCOP3_v24.mot
[2023-03-10 23:17:01.731] [info] ExternalForce::externalforce_0 Data source being set to Run_500 03_newCOP3_v24.mot
[2023-03-10 23:17:01.820] [info] ExternalForce::externalforce Data source being set to Run_500 03_newCOP3_v24.mot
[2023-03-10 23:17:01.821] [info] ExternalForce::externalforce_0 Data source being set to Run_500 03_newCOP3_v24.mot
[2023-03-10 23:17:03.227] [info] ExternalForce::externalforce Data source being set to Run_500 03_newCOP3_v24.mot
[2023-03-10 23:17:03.227] [info] ExternalForce::externalforce_0 Data source being set to Run_500 03_newCOP3_v24.mot
[2023-03-10 23:17:03.232] [info] Computing average residuals between 0.99 and 1.6...
[2023-03-10 23:17:03.354] [info] ExternalForce::externalforce Data source being set to Run_500 03_newCOP3_v24.mot
[2023-03-10 23:17:03.354] [info] ExternalForce::externalforce_0 Data source being set to Run_500 03_newCOP3_v24.mot
[2023-03-10 23:17:03.447] [info] ExternalForce::externalforce Data source being set to Run_500 03_newCOP3_v24.mot
[2023-03-10 23:17:03.448] [info] ExternalForce::externalforce_0 Data source being set to Run_500 03_newCOP3_v24.mot
[2023-03-10 23:17:04.638] [info] Constructing function set for tracking desired kinematics...
[2023-03-10 23:17:05.370] [warning] No Actuation analysis found in analysis set, adding one...
[2023-03-10 23:17:05.370] [warning] No Kinematics analysis found in analysis set, adding one...
[2023-03-10 23:17:05.373] [info] Using the generalized coordinates specified in '..\..\ik\Run_5.mot' to set the initial configuration.
[2023-03-10 23:17:05.509] [info] Using IPOPT optimizer algorithm.
[2023-03-10 23:17:05.509] [info] Setting optimizer print level to 0.
[2023-03-10 23:17:05.509] [info] Setting optimizer convergence tolerance to 1.0e-05.
[2023-03-10 23:17:05.509] [info] Setting optimizer maximum iterations to 2000.
[2023-03-10 23:17:05.510] [info] Setting cmc controller to not use verbose printing.

[2023-03-10 23:17:05.510] [info] CMC::computeControls, t = 0.992
[2023-03-10 23:17:06.403] [info] --------------------------------------------
[2023-03-10 23:17:06.403] [info] Using CMC to track the specified kinematics:
[2023-03-10 23:17:06.403] [info] --------------------------------------------
[2023-03-10 23:17:06.403] [info]  -- Integrating from 0.992 to 1.60400
[2023-03-10 23:17:06.403] [info]  -- Start time = Fri Mar 10 23:17:06 2023
[2023-03-10 23:17:06.403] [info] --------------------------------------------
[2023-03-10 23:17:06.403] [info] 
[2023-03-10 23:17:06.411] [info] CMC::computeControls, t = 0.992
[2023-03-10 23:17:06.447] [info] CMC::computeControls, t = 0.993
[2023-03-10 23:17:06.447] [warning] Coordinate.setValue:  coordinate subtalar_angle_r is locked. Unable to change its value.
[2023-03-10 23:17:06.447] [warning] Coordinate.setValue:  coordinate mtp_angle_r is locked. Unable to change its value.
[2023-03-10 23:17:06.447] [warning] Coordinate.setValue:  coordinate subtalar_angle_l is locked. Unable to change its value.
[2023-03-10 23:17:06.447] [warning] Coordinate.setValue:  coordinate mtp_angle_l is locked. Unable to change its value.
[2023-03-10 23:17:06.447] [warning] Coordinate.setValue:  coordinate wrist_flex_r is locked. Unable to change its value.
[2023-03-10 23:17:06.447] [warning] Coordinate.setValue:  coordinate wrist_dev_r is locked. Unable to change its value.
[2023-03-10 23:17:06.447] [warning] Coordinate.setValue:  coordinate wrist_flex_l is locked. Unable to change its value.
[2023-03-10 23:17:06.447] [warning] Coordinate.setValue:  coordinate wrist_dev_l is locked. Unable to change its value.
[2023-03-10 23:17:06.489] [info] CMC::computeControls, t = 0.994
[2023-03-10 23:17:06.521] [info] CMC::computeControls, t = 0.995
[2023-03-10 23:17:06.556] [info] CMC::computeControls, t = 0.996
[2023-03-10 23:17:06.573] [info] CMC::computeControls, t = 0.997
[2023-03-10 23:17:06.599] [info] CMC::computeControls, t = 0.998
[2023-03-10 23:17:06.622] [info] CMC::computeControls, t = 0.999
[2023-03-10 23:17:06.639] [info] CMC::computeControls, t = 1.0
[2023-03-10 23:17:06.667] [info] CMC::computeControls, t = 1.00100
[2023-03-10 23:17:06.682] [info] CMC::computeControls, t = 1.00200
[2023-03-10 23:17:06.716] [info] CMC::computeControls, t = 1.00300
[2023-03-10 23:17:06.733] [info] CMC::computeControls, t = 1.00400
[2023-03-10 23:17:06.773] [info] CMC::computeControls, t = 1.00500
[2023-03-10 23:17:06.788] [info] CMC::computeControls, t = 1.00600
[2023-03-10 23:17:06.804] [info] CMC::computeControls, t = 1.00700
[2023-03-10 23:17:06.831] [info] CMC::computeControls, t = 1.00800
[2023-03-10 23:17:06.855] [info] CMC::computeControls, t = 1.00900
[2023-03-10 23:17:06.878] [info] CMC::computeControls, t = 1.01
[2023-03-10 23:17:06.902] [info] CMC::computeControls, t = 1.011
[2023-03-10 23:17:06.927] [info] CMC::computeControls, t = 1.012
[2023-03-10 23:17:06.954] [info] CMC::computeControls, t = 1.013
[2023-03-10 23:17:06.969] [info] CMC::computeControls, t = 1.014
[2023-03-10 23:17:06.996] [info] CMC::computeControls, t = 1.015
[2023-03-10 23:17:07.026] [info] CMC::computeControls, t = 1.016
[2023-03-10 23:17:07.055] [info] CMC::computeControls, t = 1.017
[2023-03-10 23:17:07.086] [info] CMC::computeControls, t = 1.018
[2023-03-10 23:17:07.115] [info] CMC::computeControls, t = 1.019
[2023-03-10 23:17:07.144] [info] CMC::computeControls, t = 1.02
[2023-03-10 23:17:07.174] [info] CMC::computeControls, t = 1.021
[2023-03-10 23:17:07.189] [info] CMC::computeControls, t = 1.022
[2023-03-10 23:17:07.208] [info] CMC::computeControls, t = 1.023
[2023-03-10 23:17:07.227] [info] CMC::computeControls, t = 1.024
[2023-03-10 23:17:07.246] [info] CMC::computeControls, t = 1.025
[2023-03-10 23:17:07.278] [info] CMC::computeControls, t = 1.026
[2023-03-10 23:17:07.293] [info] CMC::computeControls, t = 1.027
[2023-03-10 23:17:07.316] [info] CMC::computeControls, t = 1.028
[2023-03-10 23:17:07.333] [info] CMC::computeControls, t = 1.029
[2023-03-10 23:17:07.349] [info] CMC::computeControls, t = 1.03
[2023-03-10 23:17:07.363] [info] CMC::computeControls, t = 1.031
[2023-03-10 23:17:07.403] [info] CMC::computeControls, t = 1.032
[2023-03-10 23:17:07.439] [info] CMC::computeControls, t = 1.033
[2023-03-10 23:17:07.457] [info] CMC::computeControls, t = 1.034
[2023-03-10 23:17:07.472] [info] CMC::computeControls, t = 1.035
[2023-03-10 23:17:07.491] [info] CMC::computeControls, t = 1.036
[2023-03-10 23:17:07.511] [info] CMC::computeControls, t = 1.037
[2023-03-10 23:17:07.538] [info] CMC::computeControls, t = 1.038
[2023-03-10 23:17:07.555] [info] CMC::computeControls, t = 1.039
[2023-03-10 23:17:07.578] [info] CMC::computeControls, t = 1.04
[2023-03-10 23:17:07.606] [info] CMC::computeControls, t = 1.041
[2023-03-10 23:17:07.633] [info] CMC::computeControls, t = 1.042
[2023-03-10 23:17:07.655] [info] CMC::computeControls, t = 1.043
[2023-03-10 23:17:07.684] [info] CMC::computeControls, t = 1.044
[2023-03-10 23:17:07.712] [info] CMC::computeControls, t = 1.045
[2023-03-10 23:17:07.734] [info] CMC::computeControls, t = 1.046
[2023-03-10 23:17:07.765] [info] CMC::computeControls, t = 1.047
[2023-03-10 23:17:07.785] [info] CMC::computeControls, t = 1.048
[2023-03-10 23:17:07.819] [info] CMC::computeControls, t = 1.049
[2023-03-10 23:17:07.847] [info] CMC::computeControls, t = 1.05
[2023-03-10 23:17:07.863] [info] CMC::computeControls, t = 1.051
[2023-03-10 23:17:07.878] [info] CMC::computeControls, t = 1.052
[2023-03-10 23:17:07.893] [info] CMC::computeControls, t = 1.053
[2023-03-10 23:17:07.908] [info] CMC::computeControls, t = 1.054
[2023-03-10 23:17:07.923] [info] CMC::computeControls, t = 1.055
[2023-03-10 23:17:07.941] [info] CMC::computeControls, t = 1.056
[2023-03-10 23:17:07.979] [info] CMC::computeControls, t = 1.057
[2023-03-10 23:17:07.996] [info] CMC::computeControls, t = 1.058
[2023-03-10 23:17:08.021] [info] CMC::computeControls, t = 1.059
[2023-03-10 23:17:08.043] [info] CMC::computeControls, t = 1.06
[2023-03-10 23:17:08.058] [info] CMC::computeControls, t = 1.061
[2023-03-10 23:17:08.083] [info] CMC::computeControls, t = 1.062
[2023-03-10 23:17:08.099] [info] CMC::computeControls, t = 1.063
[2023-03-10 23:17:08.115] [info] CMC::computeControls, t = 1.064
[2023-03-10 23:17:08.137] [info] CMC::computeControls, t = 1.065
[2023-03-10 23:17:08.166] [info] CMC::computeControls, t = 1.066
[2023-03-10 23:17:08.197] [info] CMC::computeControls, t = 1.067
[2023-03-10 23:17:08.226] [info] CMC::computeControls, t = 1.068
[2023-03-10 23:17:08.258] [info] CMC::computeControls, t = 1.069
[2023-03-10 23:17:08.289] [info] CMC::computeControls, t = 1.07
[2023-03-10 23:17:08.311] [info] CMC::computeControls, t = 1.071
[2023-03-10 23:17:08.347] [info] CMC::computeControls, t = 1.072
[2023-03-10 23:17:08.381] [info] CMC::computeControls, t = 1.073
[2023-03-10 23:17:08.397] [info] CMC::computeControls, t = 1.074
[2023-03-10 23:17:08.413] [info] CMC::computeControls, t = 1.075
[2023-03-10 23:17:08.430] [info] CMC::computeControls, t = 1.076
[2023-03-10 23:17:08.447] [info] CMC::computeControls, t = 1.077
[2023-03-10 23:17:08.474] [info] CMC::computeControls, t = 1.078
[2023-03-10 23:17:08.489] [info] CMC::computeControls, t = 1.079
[2023-03-10 23:17:08.513] [info] CMC::computeControls, t = 1.08
[2023-03-10 23:17:08.547] [info] CMC::computeControls, t = 1.081
[2023-03-10 23:17:08.568] [info] CMC::computeControls, t = 1.082
[2023-03-10 23:17:08.606] [info] CMC::computeControls, t = 1.083
[2023-03-10 23:17:08.622] [info] CMC::computeControls, t = 1.084
[2023-03-10 23:17:08.657] [info] CMC::computeControls, t = 1.085
[2023-03-10 23:17:08.679] [info] CMC::computeControls, t = 1.086
[2023-03-10 23:17:08.716] [info] CMC::computeControls, t = 1.087
[2023-03-10 23:17:08.752] [info] CMC::computeControls, t = 1.088
[2023-03-10 23:17:08.788] [info] CMC::computeControls, t = 1.089
[2023-03-10 23:17:08.819] [info] CMC::computeControls, t = 1.09
[2023-03-10 23:17:08.839] [info] CMC::computeControls, t = 1.091
[2023-03-10 23:17:08.854] [info] CMC::computeControls, t = 1.092
[2023-03-10 23:17:08.890] [info] CMC::computeControls, t = 1.093
[2023-03-10 23:17:08.909] [info] CMC::computeControls, t = 1.094
[2023-03-10 23:17:08.939] [info] CMC::computeControls, t = 1.095
[2023-03-10 23:17:08.969] [info] CMC::computeControls, t = 1.096
[2023-03-10 23:17:08.988] [info] CMC::computeControls, t = 1.097
[2023-03-10 23:17:09.004] [info] CMC::computeControls, t = 1.098
[2023-03-10 23:17:09.028] [info] CMC::computeControls, t = 1.099
[2023-03-10 23:17:09.043] [info] CMC::computeControls, t = 1.1
[2023-03-10 23:17:09.070] [info] CMC::computeControls, t = 1.10100
[2023-03-10 23:17:09.094] [info] CMC::computeControls, t = 1.10200
[2023-03-10 23:17:09.118] [info] CMC::computeControls, t = 1.10300
[2023-03-10 23:17:09.137] [info] CMC::computeControls, t = 1.10400
[2023-03-10 23:17:09.161] [info] CMC::computeControls, t = 1.10500
[2023-03-10 23:17:09.177] [info] CMC::computeControls, t = 1.10600
[2023-03-10 23:17:09.192] [info] CMC::computeControls, t = 1.10700
[2023-03-10 23:17:09.217] [info] CMC::computeControls, t = 1.10800
[2023-03-10 23:17:09.233] [info] CMC::computeControls, t = 1.10900
[2023-03-10 23:17:09.257] [info] CMC::computeControls, t = 1.11
[2023-03-10 23:17:09.282] [info] CMC::computeControls, t = 1.111
[2023-03-10 23:17:09.313] [info] CMC::computeControls, t = 1.112
[2023-03-10 23:17:09.333] [info] CMC::computeControls, t = 1.113
[2023-03-10 23:17:09.348] [info] CMC::computeControls, t = 1.114
[2023-03-10 23:17:09.389] [info] CMC::computeControls, t = 1.115
[2023-03-10 23:17:09.418] [info] CMC::computeControls, t = 1.116
[2023-03-10 23:17:09.448] [info] CMC::computeControls, t = 1.117
[2023-03-10 23:17:09.493] [info] CMC::computeControls, t = 1.118
[2023-03-10 23:17:09.530] [info] CMC::computeControls, t = 1.119
[2023-03-10 23:17:09.558] [info] CMC::computeControls, t = 1.12
[2023-03-10 23:17:09.580] [info] CMC::computeControls, t = 1.121
[2023-03-10 23:17:09.596] [info] CMC::computeControls, t = 1.122
[2023-03-10 23:17:09.624] [info] CMC::computeControls, t = 1.123
[2023-03-10 23:17:09.652] [info] CMC::computeControls, t = 1.124
[2023-03-10 23:17:09.683] [info] CMC::computeControls, t = 1.125
[2023-03-10 23:17:09.706] [info] CMC::computeControls, t = 1.126
[2023-03-10 23:17:09.750] [info] CMC::computeControls, t = 1.127
[2023-03-10 23:17:09.778] [info] CMC::computeControls, t = 1.128
[2023-03-10 23:17:09.793] [info] CMC::computeControls, t = 1.129
[2023-03-10 23:17:09.809] [info] CMC::computeControls, t = 1.13
[2023-03-10 23:17:09.839] [info] CMC::computeControls, t = 1.131
[2023-03-10 23:17:09.863] [info] CMC::computeControls, t = 1.132
[2023-03-10 23:17:09.881] [info] CMC::computeControls, t = 1.133
[2023-03-10 23:17:09.898] [info] CMC::computeControls, t = 1.134
[2023-03-10 23:17:09.924] [info] CMC::computeControls, t = 1.135
[2023-03-10 23:17:09.967] [info] CMC::computeControls, t = 1.136
[2023-03-10 23:17:09.995] [info] CMC::computeControls, t = 1.137
[2023-03-10 23:17:10.026] [info] CMC::computeControls, t = 1.138
[2023-03-10 23:17:10.059] [info] CMC::computeControls, t = 1.139
[2023-03-10 23:17:10.096] [info] CMC::computeControls, t = 1.14
[2023-03-10 23:17:10.124] [info] CMC::computeControls, t = 1.141
[2023-03-10 23:17:10.153] [info] CMC::computeControls, t = 1.142
[2023-03-10 23:17:10.170] [info] CMC::computeControls, t = 1.143
[2023-03-10 23:17:10.201] [info] CMC::computeControls, t = 1.144
[2023-03-10 23:17:10.231] [info] CMC::computeControls, t = 1.145
[2023-03-10 23:17:10.263] [info] CMC::computeControls, t = 1.146
[2023-03-10 23:17:10.291] [info] CMC::computeControls, t = 1.147
[2023-03-10 23:17:10.318] [info] CMC::computeControls, t = 1.148
[2023-03-10 23:17:10.334] [info] CMC::computeControls, t = 1.149
[2023-03-10 23:17:10.358] [info] CMC::computeControls, t = 1.15
[2023-03-10 23:17:10.377] [info] CMC::computeControls, t = 1.151
[2023-03-10 23:17:10.415] [info] CMC::computeControls, t = 1.152
[2023-03-10 23:17:10.438] [info] CMC::computeControls, t = 1.153
[2023-03-10 23:17:10.463] [info] CMC::computeControls, t = 1.154
[2023-03-10 23:17:10.479] [info] CMC::computeControls, t = 1.155
[2023-03-10 23:17:10.505] [info] CMC::computeControls, t = 1.156
[2023-03-10 23:17:10.521] [info] CMC::computeControls, t = 1.157
[2023-03-10 23:17:10.539] [info] CMC::computeControls, t = 1.158
[2023-03-10 23:17:10.569] [info] CMC::computeControls, t = 1.159
[2023-03-10 23:17:10.596] [info] CMC::computeControls, t = 1.16
[2023-03-10 23:17:10.626] [info] CMC::computeControls, t = 1.161
[2023-03-10 23:17:10.656] [info] CMC::computeControls, t = 1.162
[2023-03-10 23:17:10.686] [info] CMC::computeControls, t = 1.163
[2023-03-10 23:17:10.716] [info] CMC::computeControls, t = 1.164
[2023-03-10 23:17:10.745] [info] CMC::computeControls, t = 1.165
[2023-03-10 23:17:10.764] [info] CMC::computeControls, t = 1.166
[2023-03-10 23:17:10.783] [info] CMC::computeControls, t = 1.167
[2023-03-10 23:17:10.803] [info] CMC::computeControls, t = 1.168
[2023-03-10 23:17:10.846] [info] CMC::computeControls, t = 1.169
[2023-03-10 23:17:10.884] [info] CMC::computeControls, t = 1.17
[2023-03-10 23:17:10.924] [info] CMC::computeControls, t = 1.171
[2023-03-10 23:17:10.960] [info] CMC::computeControls, t = 1.172
[2023-03-10 23:17:10.976] [info] CMC::computeControls, t = 1.173
[2023-03-10 23:17:11.002] [info] CMC::computeControls, t = 1.174
[2023-03-10 23:17:11.025] [info] CMC::computeControls, t = 1.175
[2023-03-10 23:17:11.040] [info] CMC::computeControls, t = 1.176
[2023-03-10 23:17:11.068] [info] CMC::computeControls, t = 1.177
[2023-03-10 23:17:11.083] [info] CMC::computeControls, t = 1.178
[2023-03-10 23:17:11.115] [info] CMC::computeControls, t = 1.179
[2023-03-10 23:17:11.140] [info] CMC::computeControls, t = 1.18
[2023-03-10 23:17:11.175] [info] CMC::computeControls, t = 1.181
[2023-03-10 23:17:11.210] [info] CMC::computeControls, t = 1.182
[2023-03-10 23:17:11.239] [info] CMC::computeControls, t = 1.183
[2023-03-10 23:17:11.269] [info] CMC::computeControls, t = 1.184
[2023-03-10 23:17:11.298] [info] CMC::computeControls, t = 1.185
[2023-03-10 23:17:11.319] [info] CMC::computeControls, t = 1.186
[2023-03-10 23:17:11.342] [info] CMC::computeControls, t = 1.187
[2023-03-10 23:17:11.369] [info] CMC::computeControls, t = 1.188
[2023-03-10 23:17:11.387] [info] CMC::computeControls, t = 1.189
[2023-03-10 23:17:11.412] [info] CMC::computeControls, t = 1.19
[2023-03-10 23:17:11.428] [info] CMC::computeControls, t = 1.191
[2023-03-10 23:17:11.448] [info] CMC::computeControls, t = 1.192
[2023-03-10 23:17:11.477] [info] CMC::computeControls, t = 1.193
[2023-03-10 23:17:11.513] [info] CMC::computeControls, t = 1.194
[2023-03-10 23:17:11.542] [info] CMC::computeControls, t = 1.195
[2023-03-10 23:17:11.563] [info] CMC::computeControls, t = 1.196
[2023-03-10 23:17:11.592] [info] CMC::computeControls, t = 1.197
[2023-03-10 23:17:11.607] [info] CMC::computeControls, t = 1.198
[2023-03-10 23:17:11.632] [info] CMC::computeControls, t = 1.199
[2023-03-10 23:17:11.651] [info] CMC::computeControls, t = 1.2
[2023-03-10 23:17:11.675] [info] CMC::computeControls, t = 1.20100
[2023-03-10 23:17:11.697] [info] CMC::computeControls, t = 1.20200
[2023-03-10 23:17:11.731] [info] CMC::computeControls, t = 1.20300
[2023-03-10 23:17:11.769] [info] CMC::computeControls, t = 1.20400
[2023-03-10 23:17:11.811] [info] CMC::computeControls, t = 1.20500
[2023-03-10 23:17:11.846] [info] CMC::computeControls, t = 1.20600
[2023-03-10 23:17:11.873] [info] CMC::computeControls, t = 1.20700
[2023-03-10 23:17:11.922] [info] CMC::computeControls, t = 1.20800
[2023-03-10 23:17:11.969] [info] CMC::computeControls, t = 1.20900
[2023-03-10 23:17:12.006] [info] CMC::computeControls, t = 1.21
[2023-03-10 23:17:12.053] [info] CMC::computeControls, t = 1.211
[2023-03-10 23:17:12.100] [info] CMC::computeControls, t = 1.212
[2023-03-10 23:17:12.128] [info] CMC::computeControls, t = 1.213
[2023-03-10 23:17:12.156] [info] CMC::computeControls, t = 1.214
[2023-03-10 23:17:12.176] [info] CMC::computeControls, t = 1.215
[2023-03-10 23:17:12.201] [info] CMC::computeControls, t = 1.216
[2023-03-10 23:17:12.233] [info] CMC::computeControls, t = 1.217
[2023-03-10 23:17:12.271] [info] CMC::computeControls, t = 1.218
[2023-03-10 23:17:12.294] [info] CMC::computeControls, t = 1.219
[2023-03-10 23:17:12.309] [info] CMC::computeControls, t = 1.22
[2023-03-10 23:17:12.339] [info] CMC::computeControls, t = 1.221
[2023-03-10 23:17:12.375] [info] CMC::computeControls, t = 1.222
[2023-03-10 23:17:12.403] [info] CMC::computeControls, t = 1.223
[2023-03-10 23:17:12.435] [info] CMC::computeControls, t = 1.224
[2023-03-10 23:17:12.469] [info] CMC::computeControls, t = 1.225
[2023-03-10 23:17:12.489] [info] CMC::computeControls, t = 1.226
[2023-03-10 23:17:12.506] [info] CMC::computeControls, t = 1.227
[2023-03-10 23:17:12.532] [info] CMC::computeControls, t = 1.228
[2023-03-10 23:17:12.548] [info] CMC::computeControls, t = 1.229
[2023-03-10 23:17:12.565] [info] CMC::computeControls, t = 1.23
[2023-03-10 23:17:12.589] [info] CMC::computeControls, t = 1.231
[2023-03-10 23:17:12.605] [info] CMC::computeControls, t = 1.232
[2023-03-10 23:17:12.620] [info] CMC::computeControls, t = 1.233
[2023-03-10 23:17:12.635] [info] CMC::computeControls, t = 1.234
[2023-03-10 23:17:12.663] [info] CMC::computeControls, t = 1.235
[2023-03-10 23:17:12.688] [info] CMC::computeControls, t = 1.236
[2023-03-10 23:17:12.721] [info] CMC::computeControls, t = 1.237
[2023-03-10 23:17:12.737] [info] CMC::computeControls, t = 1.238
[2023-03-10 23:17:12.759] [info] CMC::computeControls, t = 1.239
[2023-03-10 23:17:12.796] [info] CMC::computeControls, t = 1.24
[2023-03-10 23:17:12.815] [info] CMC::computeControls, t = 1.241
[2023-03-10 23:17:12.839] [info] CMC::computeControls, t = 1.242
[2023-03-10 23:17:12.857] [info] CMC::computeControls, t = 1.243
[2023-03-10 23:17:12.876] [info] CMC::computeControls, t = 1.244
[2023-03-10 23:17:12.899] [info] CMC::computeControls, t = 1.245
[2023-03-10 23:17:12.924] [info] CMC::computeControls, t = 1.246
[2023-03-10 23:17:12.954] [info] CMC::computeControls, t = 1.247
[2023-03-10 23:17:12.977] [info] CMC::computeControls, t = 1.248
[2023-03-10 23:17:13.006] [info] CMC::computeControls, t = 1.249
[2023-03-10 23:17:13.041] [info] CMC::computeControls, t = 1.25
[2023-03-10 23:17:13.072] [info] CMC::computeControls, t = 1.251
[2023-03-10 23:17:13.112] [info] CMC::computeControls, t = 1.252
[2023-03-10 23:17:13.136] [info] CMC::computeControls, t = 1.253
[2023-03-10 23:17:13.175] [info] CMC::computeControls, t = 1.254
[2023-03-10 23:17:13.211] [info] CMC::computeControls, t = 1.255
[2023-03-10 23:17:13.238] [info] CMC::computeControls, t = 1.256
[2023-03-10 23:17:13.265] [info] CMC::computeControls, t = 1.257
[2023-03-10 23:17:13.283] [info] CMC::computeControls, t = 1.258
[2023-03-10 23:17:13.301] [info] CMC::computeControls, t = 1.259
[2023-03-10 23:17:13.319] [info] CMC::computeControls, t = 1.26
[2023-03-10 23:17:13.337] [info] CMC::computeControls, t = 1.261
[2023-03-10 23:17:13.355] [info] CMC::computeControls, t = 1.262
[2023-03-10 23:17:13.373] [info] CMC::computeControls, t = 1.263
[2023-03-10 23:17:13.392] [info] CMC::computeControls, t = 1.264
[2023-03-10 23:17:13.410] [info] CMC::computeControls, t = 1.265
[2023-03-10 23:17:13.436] [info] CMC::computeControls, t = 1.266
[2023-03-10 23:17:13.457] [info] CMC::computeControls, t = 1.267
[2023-03-10 23:17:13.484] [info] CMC::computeControls, t = 1.268
[2023-03-10 23:17:13.512] [info] CMC::computeControls, t = 1.269
[2023-03-10 23:17:13.539] [info] CMC::computeControls, t = 1.27
[2023-03-10 23:17:13.558] [info] CMC::computeControls, t = 1.271
[2023-03-10 23:17:13.586] [info] CMC::computeControls, t = 1.272
[2023-03-10 23:17:13.615] [info] CMC::computeControls, t = 1.273
[2023-03-10 23:17:13.648] [info] CMC::computeControls, t = 1.274
[2023-03-10 23:17:13.689] [info] CMC::computeControls, t = 1.275
[2023-03-10 23:17:13.722] [info] CMC::computeControls, t = 1.276
[2023-03-10 23:17:13.751] [info] CMC::computeControls, t = 1.277
[2023-03-10 23:17:13.778] [info] CMC::computeControls, t = 1.278
[2023-03-10 23:17:13.809] [info] CMC::computeControls, t = 1.279
[2023-03-10 23:17:13.837] [info] CMC::computeControls, t = 1.28
[2023-03-10 23:17:13.876] [info] CMC::computeControls, t = 1.281
[2023-03-10 23:17:13.907] [info] CMC::computeControls, t = 1.282
[2023-03-10 23:17:13.937] [info] CMC::computeControls, t = 1.283
[2023-03-10 23:17:13.971] [info] CMC::computeControls, t = 1.284
[2023-03-10 23:17:14.029] [info] CMC::computeControls, t = 1.285
[2023-03-10 23:17:14.066] [info] CMC::computeControls, t = 1.286
[2023-03-10 23:17:14.096] [info] CMC::computeControls, t = 1.287
[2023-03-10 23:17:14.124] [info] CMC::computeControls, t = 1.288
[2023-03-10 23:17:14.156] [info] CMC::computeControls, t = 1.289
[2023-03-10 23:17:14.184] [info] CMC::computeControls, t = 1.29
[2023-03-10 23:17:14.211] [info] CMC::computeControls, t = 1.291
[2023-03-10 23:17:14.229] [info] CMC::computeControls, t = 1.292
[2023-03-10 23:17:14.256] [info] CMC::computeControls, t = 1.293
[2023-03-10 23:17:14.320] [info] CMC::computeControls, t = 1.294
[2023-03-10 23:17:14.353] [info] CMC::computeControls, t = 1.295
[2023-03-10 23:17:14.396] [info] CMC::computeControls, t = 1.296
[2023-03-10 23:17:14.438] [info] CMC::computeControls, t = 1.297
[2023-03-10 23:17:14.468] [info] CMC::computeControls, t = 1.298
[2023-03-10 23:17:14.498] [info] CMC::computeControls, t = 1.299
[2023-03-10 23:17:14.516] [info] CMC::computeControls, t = 1.3
[2023-03-10 23:17:14.543] [info] CMC::computeControls, t = 1.30100
[2023-03-10 23:17:14.561] [info] CMC::computeControls, t = 1.30200
[2023-03-10 23:17:14.578] [info] CMC::computeControls, t = 1.30300
[2023-03-10 23:17:14.605] [info] CMC::computeControls, t = 1.30400
[2023-03-10 23:17:14.623] [info] CMC::computeControls, t = 1.30500
[2023-03-10 23:17:14.641] [info] CMC::computeControls, t = 1.30600
[2023-03-10 23:17:14.669] [info] CMC::computeControls, t = 1.30700
[2023-03-10 23:17:14.686] [info] CMC::computeControls, t = 1.30800
[2023-03-10 23:17:14.704] [info] CMC::computeControls, t = 1.30900
[2023-03-10 23:17:14.734] [info] CMC::computeControls, t = 1.31
[2023-03-10 23:17:14.764] [info] CMC::computeControls, t = 1.311
[2023-03-10 23:17:14.796] [info] CMC::computeControls, t = 1.312
[2023-03-10 23:17:14.825] [info] CMC::computeControls, t = 1.313
[2023-03-10 23:17:14.853] [info] CMC::computeControls, t = 1.314
[2023-03-10 23:17:14.887] [info] CMC::computeControls, t = 1.315
[2023-03-10 23:17:14.927] [info] CMC::computeControls, t = 1.316
[2023-03-10 23:17:14.950] [info] CMC::computeControls, t = 1.317
[2023-03-10 23:17:14.973] [info] CMC::computeControls, t = 1.318
[2023-03-10 23:17:14.999] [info] CMC::computeControls, t = 1.319
[2023-03-10 23:17:15.023] [info] CMC::computeControls, t = 1.32
[2023-03-10 23:17:15.041] [info] CMC::computeControls, t = 1.321
[2023-03-10 23:17:15.059] [info] CMC::computeControls, t = 1.322
[2023-03-10 23:17:15.081] [info] CMC::computeControls, t = 1.323
[2023-03-10 23:17:15.110] [info] CMC::computeControls, t = 1.324
[2023-03-10 23:17:15.144] [info] CMC::computeControls, t = 1.325
[2023-03-10 23:17:15.177] [info] CMC::computeControls, t = 1.326
[2023-03-10 23:17:15.204] [info] CMC::computeControls, t = 1.327
[2023-03-10 23:17:15.236] [info] CMC::computeControls, t = 1.328
[2023-03-10 23:17:15.269] [info] CMC::computeControls, t = 1.329
[2023-03-10 23:17:15.300] [info] CMC::computeControls, t = 1.33
[2023-03-10 23:17:15.338] [info] CMC::computeControls, t = 1.331
[2023-03-10 23:17:15.362] [info] CMC::computeControls, t = 1.332
[2023-03-10 23:17:15.384] [info] CMC::computeControls, t = 1.333
[2023-03-10 23:17:15.411] [info] CMC::computeControls, t = 1.334
[2023-03-10 23:17:15.455] [info] CMC::computeControls, t = 1.335
[2023-03-10 23:17:15.492] [info] CMC::computeControls, t = 1.336
[2023-03-10 23:17:15.514] [info] CMC::computeControls, t = 1.337
[2023-03-10 23:17:15.531] [info] CMC::computeControls, t = 1.338
[2023-03-10 23:17:15.550] [info] CMC::computeControls, t = 1.339
[2023-03-10 23:17:15.579] [info] CMC::computeControls, t = 1.34
[2023-03-10 23:17:15.595] [info] CMC::computeControls, t = 1.341
[2023-03-10 23:17:15.613] [info] CMC::computeControls, t = 1.342
[2023-03-10 23:17:15.637] [info] CMC::computeControls, t = 1.343
[2023-03-10 23:17:15.653] [info] CMC::computeControls, t = 1.344
[2023-03-10 23:17:15.683] [info] CMC::computeControls, t = 1.345
[2023-03-10 23:17:15.713] [info] CMC::computeControls, t = 1.346
[2023-03-10 23:17:15.742] [info] CMC::computeControls, t = 1.347
[2023-03-10 23:17:15.760] [info] CMC::computeControls, t = 1.348
[2023-03-10 23:17:15.789] [info] CMC::computeControls, t = 1.349
[2023-03-10 23:17:15.822] [info] CMC::computeControls, t = 1.35
[2023-03-10 23:17:15.855] [info] CMC::computeControls, t = 1.351
[2023-03-10 23:17:15.881] [info] CMC::computeControls, t = 1.352
[2023-03-10 23:17:15.897] [info] CMC::computeControls, t = 1.353
[2023-03-10 23:17:15.925] [info] CMC::computeControls, t = 1.354
[2023-03-10 23:17:15.953] [info] CMC::computeControls, t = 1.355
[2023-03-10 23:17:15.976] [info] CMC::computeControls, t = 1.356
[2023-03-10 23:17:16.012] [info] CMC::computeControls, t = 1.357
[2023-03-10 23:17:16.056] [info] CMC::computeControls, t = 1.358
[2023-03-10 23:17:16.092] [info] CMC::computeControls, t = 1.359
[2023-03-10 23:17:16.119] [info] CMC::computeControls, t = 1.36
[2023-03-10 23:17:16.135] [info] CMC::computeControls, t = 1.361
[2023-03-10 23:17:16.174] [info] CMC::computeControls, t = 1.362
[2023-03-10 23:17:16.214] [info] CMC::computeControls, t = 1.363
[2023-03-10 23:17:16.251] [info] CMC::computeControls, t = 1.364
[2023-03-10 23:17:16.266] [info] CMC::computeControls, t = 1.365
[2023-03-10 23:17:16.284] [info] CMC::computeControls, t = 1.366
[2023-03-10 23:17:16.310] [info] CMC::computeControls, t = 1.367
[2023-03-10 23:17:16.329] [info] CMC::computeControls, t = 1.368
[2023-03-10 23:17:16.351] [info] CMC::computeControls, t = 1.369
[2023-03-10 23:17:16.368] [info] CMC::computeControls, t = 1.37
[2023-03-10 23:17:16.393] [info] CMC::computeControls, t = 1.371
[2023-03-10 23:17:16.418] [info] CMC::computeControls, t = 1.372
[2023-03-10 23:17:16.433] [info] CMC::computeControls, t = 1.373
[2023-03-10 23:17:16.455] [info] CMC::computeControls, t = 1.374
[2023-03-10 23:17:16.485] [info] CMC::computeControls, t = 1.375
[2023-03-10 23:17:16.513] [info] CMC::computeControls, t = 1.376
[2023-03-10 23:17:16.551] [info] CMC::computeControls, t = 1.377
[2023-03-10 23:17:16.579] [info] CMC::computeControls, t = 1.378
[2023-03-10 23:17:16.596] [info] CMC::computeControls, t = 1.379
[2023-03-10 23:17:16.619] [info] CMC::computeControls, t = 1.38
[2023-03-10 23:17:16.645] [info] CMC::computeControls, t = 1.381
[2023-03-10 23:17:16.681] [info] CMC::computeControls, t = 1.382
[2023-03-10 23:17:16.700] [info] CMC::computeControls, t = 1.383
[2023-03-10 23:17:16.718] [info] CMC::computeControls, t = 1.384
[2023-03-10 23:17:16.739] [info] CMC::computeControls, t = 1.385
[2023-03-10 23:17:16.755] [info] CMC::computeControls, t = 1.386
[2023-03-10 23:17:16.777] [info] CMC::computeControls, t = 1.387
[2023-03-10 23:17:16.809] [info] CMC::computeControls, t = 1.388
[2023-03-10 23:17:16.825] [info] CMC::computeControls, t = 1.389
[2023-03-10 23:17:16.840] [info] CMC::computeControls, t = 1.39
[2023-03-10 23:17:16.856] [info] CMC::computeControls, t = 1.391
[2023-03-10 23:17:16.871] [info] CMC::computeControls, t = 1.392
[2023-03-10 23:17:16.897] [info] CMC::computeControls, t = 1.393
[2023-03-10 23:17:16.937] [info] CMC::computeControls, t = 1.394
[2023-03-10 23:17:16.955] [info] CMC::computeControls, t = 1.395
[2023-03-10 23:17:16.990] [info] CMC::computeControls, t = 1.396
[2023-03-10 23:17:17.006] [info] CMC::computeControls, t = 1.397
[2023-03-10 23:17:17.030] [info] CMC::computeControls, t = 1.398
[2023-03-10 23:17:17.049] [info] CMC::computeControls, t = 1.399
[2023-03-10 23:17:17.089] [info] CMC::computeControls, t = 1.4
[2023-03-10 23:17:17.126] [info] CMC::computeControls, t = 1.40100
[2023-03-10 23:17:17.169] [info] CMC::computeControls, t = 1.40200
[2023-03-10 23:17:17.198] [info] CMC::computeControls, t = 1.40300
[2023-03-10 23:17:17.218] [info] CMC::computeControls, t = 1.40400
[2023-03-10 23:17:17.255] [info] CMC::computeControls, t = 1.40500
[2023-03-10 23:17:17.277] [info] CMC::computeControls, t = 1.40600
[2023-03-10 23:17:17.309] [info] CMC::computeControls, t = 1.40700
[2023-03-10 23:17:17.328] [info] CMC::computeControls, t = 1.40800
[2023-03-10 23:17:17.353] [info] CMC::computeControls, t = 1.40900
[2023-03-10 23:17:17.378] [info] CMC::computeControls, t = 1.41
[2023-03-10 23:17:17.404] [info] CMC::computeControls, t = 1.411
[2023-03-10 23:17:17.421] [info] CMC::computeControls, t = 1.412
[2023-03-10 23:17:17.441] [info] CMC::computeControls, t = 1.413
[2023-03-10 23:17:17.467] [info] CMC::computeControls, t = 1.414
[2023-03-10 23:17:17.489] [info] CMC::computeControls, t = 1.415
[2023-03-10 23:17:17.513] [info] CMC::computeControls, t = 1.416
[2023-03-10 23:17:17.531] [info] CMC::computeControls, t = 1.417
[2023-03-10 23:17:17.570] [info] CMC::computeControls, t = 1.418
[2023-03-10 23:17:17.587] [info] CMC::computeControls, t = 1.419
[2023-03-10 23:17:17.611] [info] CMC::computeControls, t = 1.42
[2023-03-10 23:17:17.639] [info] CMC::computeControls, t = 1.421
[2023-03-10 23:17:17.655] [info] CMC::computeControls, t = 1.422
[2023-03-10 23:17:17.675] [info] CMC::computeControls, t = 1.423
[2023-03-10 23:17:17.705] [info] CMC::computeControls, t = 1.424
[2023-03-10 23:17:17.732] [info] CMC::computeControls, t = 1.425
[2023-03-10 23:17:17.758] [info] CMC::computeControls, t = 1.426
[2023-03-10 23:17:17.797] [info] CMC::computeControls, t = 1.427
[2023-03-10 23:17:17.828] [info] CMC::computeControls, t = 1.428
[2023-03-10 23:17:17.862] [info] CMC::computeControls, t = 1.429
[2023-03-10 23:17:17.889] [info] CMC::computeControls, t = 1.43
[2023-03-10 23:17:17.906] [info] CMC::computeControls, t = 1.431
[2023-03-10 23:17:17.934] [info] CMC::computeControls, t = 1.432
[2023-03-10 23:17:17.962] [info] CMC::computeControls, t = 1.433
[2023-03-10 23:17:17.980] [info] CMC::computeControls, t = 1.434
[2023-03-10 23:17:18.004] [info] CMC::computeControls, t = 1.435
[2023-03-10 23:17:18.033] [info] CMC::computeControls, t = 1.436
[2023-03-10 23:17:18.058] [info] CMC::computeControls, t = 1.437
[2023-03-10 23:17:18.078] [info] CMC::computeControls, t = 1.438
[2023-03-10 23:17:18.103] [info] CMC::computeControls, t = 1.439
[2023-03-10 23:17:18.130] [info] CMC::computeControls, t = 1.44
[2023-03-10 23:17:18.159] [info] CMC::computeControls, t = 1.441
[2023-03-10 23:17:18.185] [info] CMC::computeControls, t = 1.442
[2023-03-10 23:17:18.207] [info] CMC::computeControls, t = 1.443
[2023-03-10 23:17:18.225] [info] CMC::computeControls, t = 1.444
[2023-03-10 23:17:18.246] [info] CMC::computeControls, t = 1.445
[2023-03-10 23:17:18.264] [info] CMC::computeControls, t = 1.446
[2023-03-10 23:17:18.297] [info] CMC::computeControls, t = 1.447
[2023-03-10 23:17:18.327] [info] CMC::computeControls, t = 1.448
[2023-03-10 23:17:18.361] [info] CMC::computeControls, t = 1.449
[2023-03-10 23:17:18.399] [info] CMC::computeControls, t = 1.45
[2023-03-10 23:17:18.417] [info] CMC::computeControls, t = 1.451
[2023-03-10 23:17:18.448] [info] CMC::computeControls, t = 1.452
[2023-03-10 23:17:18.467] [info] CMC::computeControls, t = 1.453
[2023-03-10 23:17:18.495] [info] CMC::computeControls, t = 1.454
[2023-03-10 23:17:18.518] [info] CMC::computeControls, t = 1.455
[2023-03-10 23:17:18.544] [info] CMC::computeControls, t = 1.456
[2023-03-10 23:17:18.559] [info] CMC::computeControls, t = 1.457
[2023-03-10 23:17:18.576] [info] CMC::computeControls, t = 1.458
[2023-03-10 23:17:18.593] [info] CMC::computeControls, t = 1.459
[2023-03-10 23:17:18.622] [info] CMC::computeControls, t = 1.46
[2023-03-10 23:17:18.647] [info] CMC::computeControls, t = 1.461
[2023-03-10 23:17:18.670] [info] CMC::computeControls, t = 1.462
[2023-03-10 23:17:18.690] [info] CMC::computeControls, t = 1.463
[2023-03-10 23:17:18.706] [info] CMC::computeControls, t = 1.464
[2023-03-10 23:17:18.723] [info] CMC::computeControls, t = 1.465
[2023-03-10 23:17:18.754] [info] CMC::computeControls, t = 1.466
[2023-03-10 23:17:18.798] [info] CMC::computeControls, t = 1.467
[2023-03-10 23:17:18.815] [info] CMC::computeControls, t = 1.468
[2023-03-10 23:17:18.853] [info] CMC::computeControls, t = 1.469
[2023-03-10 23:17:18.875] [info] CMC::computeControls, t = 1.47
[2023-03-10 23:17:18.911] [info] CMC::computeControls, t = 1.471
[2023-03-10 23:17:18.951] [info] CMC::computeControls, t = 1.472
[2023-03-10 23:17:18.980] [info] CMC::computeControls, t = 1.473
[2023-03-10 23:17:18.996] [info] CMC::computeControls, t = 1.474
[2023-03-10 23:17:19.019] [info] CMC::computeControls, t = 1.475
[2023-03-10 23:17:19.048] [info] CMC::computeControls, t = 1.476
[2023-03-10 23:17:19.080] [info] CMC::computeControls, t = 1.477
[2023-03-10 23:17:19.096] [info] CMC::computeControls, t = 1.478
[2023-03-10 23:17:19.124] [info] CMC::computeControls, t = 1.479
[2023-03-10 23:17:19.139] [info] CMC::computeControls, t = 1.48
[2023-03-10 23:17:19.154] [info] CMC::computeControls, t = 1.481
[2023-03-10 23:17:19.169] [info] CMC::computeControls, t = 1.482
[2023-03-10 23:17:19.199] [info] CMC::computeControls, t = 1.483
[2023-03-10 23:17:19.223] [info] CMC::computeControls, t = 1.484
[2023-03-10 23:17:19.246] [info] CMC::computeControls, t = 1.485
[2023-03-10 23:17:19.262] [info] CMC::computeControls, t = 1.486
[2023-03-10 23:17:19.287] [info] CMC::computeControls, t = 1.487
[2023-03-10 23:17:19.303] [info] CMC::computeControls, t = 1.488
[2023-03-10 23:17:19.324] [info] CMC::computeControls, t = 1.489
[2023-03-10 23:17:19.360] [info] CMC::computeControls, t = 1.49
[2023-03-10 23:17:19.387] [info] CMC::computeControls, t = 1.491
[2023-03-10 23:17:19.413] [info] CMC::computeControls, t = 1.492
[2023-03-10 23:17:19.430] [info] CMC::computeControls, t = 1.493
[2023-03-10 23:17:19.458] [info] CMC::computeControls, t = 1.494
[2023-03-10 23:17:19.518] [info] CMC::computeControls, t = 1.495
[2023-03-10 23:17:19.540] [info] CMC::computeControls, t = 1.496
[2023-03-10 23:17:19.570] [info] CMC::computeControls, t = 1.497
[2023-03-10 23:17:19.595] [info] CMC::computeControls, t = 1.498
[2023-03-10 23:17:19.612] [info] CMC::computeControls, t = 1.499
[2023-03-10 23:17:19.641] [info] CMC::computeControls, t = 1.5
[2023-03-10 23:17:19.665] [info] CMC::computeControls, t = 1.50100
[2023-03-10 23:17:19.698] [info] CMC::computeControls, t = 1.50200
[2023-03-10 23:17:19.717] [info] CMC::computeControls, t = 1.50300
[2023-03-10 23:17:19.739] [info] CMC::computeControls, t = 1.50400
[2023-03-10 23:17:19.762] [info] CMC::computeControls, t = 1.50500
[2023-03-10 23:17:19.788] [info] CMC::computeControls, t = 1.50600
[2023-03-10 23:17:19.818] [info] CMC::computeControls, t = 1.50700
[2023-03-10 23:17:19.841] [info] CMC::computeControls, t = 1.50800
[2023-03-10 23:17:19.859] [info] CMC::computeControls, t = 1.50900
[2023-03-10 23:17:19.882] [info] CMC::computeControls, t = 1.51
[2023-03-10 23:17:19.922] [info] CMC::computeControls, t = 1.511
[2023-03-10 23:17:19.947] [info] CMC::computeControls, t = 1.512
[2023-03-10 23:17:19.983] [info] CMC::computeControls, t = 1.513
[2023-03-10 23:17:20.021] [info] CMC::computeControls, t = 1.514
[2023-03-10 23:17:20.052] [info] CMC::computeControls, t = 1.515
[2023-03-10 23:17:20.085] [info] CMC::computeControls, t = 1.516
[2023-03-10 23:17:20.113] [info] CMC::computeControls, t = 1.517
[2023-03-10 23:17:20.136] [info] CMC::computeControls, t = 1.518
[2023-03-10 23:17:20.154] [info] CMC::computeControls, t = 1.519
[2023-03-10 23:17:20.182] [info] CMC::computeControls, t = 1.52
[2023-03-10 23:17:20.214] [info] CMC::computeControls, t = 1.521
[2023-03-10 23:17:20.253] [info] CMC::computeControls, t = 1.522
[2023-03-10 23:17:20.278] [info] CMC::computeControls, t = 1.523
[2023-03-10 23:17:20.298] [info] CMC::computeControls, t = 1.524
[2023-03-10 23:17:20.316] [info] CMC::computeControls, t = 1.525
[2023-03-10 23:17:20.340] [info] CMC::computeControls, t = 1.526
[2023-03-10 23:17:20.375] [info] CMC::computeControls, t = 1.527
[2023-03-10 23:17:20.401] [info] CMC::computeControls, t = 1.528
[2023-03-10 23:17:20.417] [info] CMC::computeControls, t = 1.529
[2023-03-10 23:17:20.443] [info] CMC::computeControls, t = 1.53
[2023-03-10 23:17:20.459] [info] CMC::computeControls, t = 1.531
[2023-03-10 23:17:20.492] [info] CMC::computeControls, t = 1.532
[2023-03-10 23:17:20.516] [info] CMC::computeControls, t = 1.533
[2023-03-10 23:17:20.539] [info] CMC::computeControls, t = 1.534
[2023-03-10 23:17:20.557] [info] CMC::computeControls, t = 1.535
[2023-03-10 23:17:20.580] [info] CMC::computeControls, t = 1.536
[2023-03-10 23:17:20.605] [info] CMC::computeControls, t = 1.537
[2023-03-10 23:17:20.640] [info] CMC::computeControls, t = 1.538
[2023-03-10 23:17:20.681] [info] CMC::computeControls, t = 1.539
[2023-03-10 23:17:20.715] [info] CMC::computeControls, t = 1.54
[2023-03-10 23:17:20.742] [info] CMC::computeControls, t = 1.541
[2023-03-10 23:17:20.776] [info] CMC::computeControls, t = 1.542
[2023-03-10 23:17:20.805] [info] CMC::computeControls, t = 1.543
[2023-03-10 23:17:20.835] [info] CMC::computeControls, t = 1.544
[2023-03-10 23:17:20.872] [info] CMC::computeControls, t = 1.545
[2023-03-10 23:17:20.888] [info] CMC::computeControls, t = 1.546
[2023-03-10 23:17:20.914] [info] CMC::computeControls, t = 1.547
[2023-03-10 23:17:20.941] [info] CMC::computeControls, t = 1.548
[2023-03-10 23:17:20.957] [info] CMC::computeControls, t = 1.549
[2023-03-10 23:17:20.982] [info] CMC::computeControls, t = 1.55
[2023-03-10 23:17:21.005] [info] CMC::computeControls, t = 1.551
[2023-03-10 23:17:21.022] [info] CMC::computeControls, t = 1.552
[2023-03-10 23:17:21.049] [info] CMC::computeControls, t = 1.553
[2023-03-10 23:17:21.076] [info] CMC::computeControls, t = 1.554
[2023-03-10 23:17:21.093] [info] CMC::computeControls, t = 1.555
[2023-03-10 23:17:21.110] [info] CMC::computeControls, t = 1.556
[2023-03-10 23:17:21.145] [info] CMC::computeControls, t = 1.557
[2023-03-10 23:17:21.169] [info] CMC::computeControls, t = 1.558
[2023-03-10 23:17:21.192] [info] CMC::computeControls, t = 1.559
[2023-03-10 23:17:21.227] [info] CMC::computeControls, t = 1.56
[2023-03-10 23:17:21.251] [info] CMC::computeControls, t = 1.561
[2023-03-10 23:17:21.277] [info] CMC::computeControls, t = 1.562
[2023-03-10 23:17:21.310] [info] CMC::computeControls, t = 1.563
[2023-03-10 23:17:21.343] [info] CMC::computeControls, t = 1.564
[2023-03-10 23:17:21.373] [info] CMC::computeControls, t = 1.565
[2023-03-10 23:17:21.405] [info] CMC::computeControls, t = 1.566
[2023-03-10 23:17:21.433] [info] CMC::computeControls, t = 1.567
[2023-03-10 23:17:21.460] [info] CMC::computeControls, t = 1.568
[2023-03-10 23:17:21.476] [info] CMC::computeControls, t = 1.569
[2023-03-10 23:17:21.492] [info] CMC::computeControls, t = 1.57
[2023-03-10 23:17:21.512] [info] CMC::computeControls, t = 1.571
[2023-03-10 23:17:21.528] [info] CMC::computeControls, t = 1.572
[2023-03-10 23:17:21.554] [info] CMC::computeControls, t = 1.573
[2023-03-10 23:17:21.571] [info] CMC::computeControls, t = 1.574
[2023-03-10 23:17:21.599] [info] CMC::computeControls, t = 1.575
[2023-03-10 23:17:21.626] [info] CMC::computeControls, t = 1.576
[2023-03-10 23:17:21.657] [info] CMC::computeControls, t = 1.577
[2023-03-10 23:17:21.681] [info] CMC::computeControls, t = 1.578
[2023-03-10 23:17:21.710] [info] CMC::computeControls, t = 1.579
[2023-03-10 23:17:21.731] [info] CMC::computeControls, t = 1.58
[2023-03-10 23:17:21.763] [info] CMC::computeControls, t = 1.581
[2023-03-10 23:17:21.787] [info] CMC::computeControls, t = 1.582
[2023-03-10 23:17:21.803] [info] CMC::computeControls, t = 1.583
[2023-03-10 23:17:21.818] [info] CMC::computeControls, t = 1.584
[2023-03-10 23:17:21.849] [info] CMC::computeControls, t = 1.585
[2023-03-10 23:17:21.877] [info] CMC::computeControls, t = 1.586
[2023-03-10 23:17:21.917] [info] CMC::computeControls, t = 1.587
[2023-03-10 23:17:21.967] [info] CMC::computeControls, t = 1.588
[2023-03-10 23:17:22.001] [info] CMC::computeControls, t = 1.589
[2023-03-10 23:17:22.030] [info] CMC::computeControls, t = 1.59
[2023-03-10 23:17:22.069] [info] CMC::computeControls, t = 1.591
[2023-03-10 23:17:22.088] [info] CMC::computeControls, t = 1.592
[2023-03-10 23:17:22.104] [info] CMC::computeControls, t = 1.593
[2023-03-10 23:17:22.132] [info] CMC::computeControls, t = 1.594
[2023-03-10 23:17:22.154] [info] CMC::computeControls, t = 1.595
[2023-03-10 23:17:22.172] [info] CMC::computeControls, t = 1.596
[2023-03-10 23:17:22.198] [info] CMC::computeControls, t = 1.597
[2023-03-10 23:17:22.231] [info] CMC::computeControls, t = 1.598
[2023-03-10 23:17:22.246] [info] CMC::computeControls, t = 1.599
[2023-03-10 23:17:22.264] [info] CMC::computeControls, t = 1.6
[2023-03-10 23:17:22.291] [info] CMC::computeControls, t = 1.60100
[2023-03-10 23:17:22.314] [info] CMC::computeControls, t = 1.60200
[2023-03-10 23:17:22.337] [info] CMC::computeControls, t = 1.60300
[2023-03-10 23:17:22.354] [info] -------------------------------------------
[2023-03-10 23:17:22.354] [info] Finished tracking the specified kinematics:
[2023-03-10 23:17:22.354] [info] -------------------------------------------
[2023-03-10 23:17:22.354] [info]  -- Start time = Fri Mar 10 23:17:06 2023
[2023-03-10 23:17:22.355] [info]  -- Finish time = Fri Mar 10 23:17:22 2023
[2023-03-10 23:17:22.355] [info]  -- Elapsed time = 16.0 seconds.
[2023-03-10 23:17:22.355] [info] -------------------------------------------
[2023-03-10 23:17:22.355] [info] 
[2023-03-10 23:17:22.355] [info] Printing results of investigation subject08_run5_cycle2 to cycle2/
[2023-03-10 23:17:22.849] [info] 

************************************************************
*      Summary of Mass Adjustments to Reduce Residuals     *
************************************************************
* Body adjusted: torso
* Mass Center (COM) adjustment: dx =-0.0333846, dz =0.00565518
* New COM location: ~[0.00223896,0.33222,-0.00565518]
************************************************************
* Recommended mass adjustments:                             
*  Total mass change: -0.571574
*  pelvis: orig mass = 12.9063, new mass = 12.8168
*  femur_r: orig mass = 10.1933, new mass = 10.1226
*  tibia_r: orig mass = 4.06302, new mass = 4.03483
*  talus_r: orig mass = 0.109589, new mass = 0.108829
*  calcn_r: orig mass = 1.36987, new mass = 1.36036
*  toes_r: orig mass = 0.23737, new mass = 0.235723
*  femur_l: orig mass = 10.1933, new mass = 10.1226
*  tibia_l: orig mass = 4.06302, new mass = 4.03483
*  talus_l: orig mass = 0.109589, new mass = 0.108829
*  calcn_l: orig mass = 1.36987, new mass = 1.36036
*  toes_l: orig mass = 0.23737, new mass = 0.235723
*  torso: orig mass = 29.3991, new mass = 29.1951
*  humerus_r: orig mass = 2.2274, new mass = 2.21195
*  ulna_r: orig mass = 0.665755, new mass = 0.661136
*  radius_r: orig mass = 0.665755, new mass = 0.661136
*  hand_r: orig mass = 0.501371, new mass = 0.497892
*  humerus_l: orig mass = 2.2274, new mass = 2.21195
*  ulna_l: orig mass = 0.665755, new mass = 0.661136
*  radius_l: orig mass = 0.665755, new mass = 0.661136
*  hand_l: orig mass = 0.501371, new mass = 0.497892
************************************************************
* Note: Edit the model to make recommended adjustments to  *
*       mass properties.                                   *
************************************************************

* Average residuals before adjusting torso COM:
*  FX=-1.43166 FY=5.60522 FZ=-4.03866
*  MX=-1.63042 MY=3.59115 MZ=-9.625
************************************************************
* Average residuals after adjusting torso COM:
*  FX=-1.30416 FY=5.61319 FZ=-4.85008
*  MX=-2.25133 MY=4.19529 MZ=-0.545065
************************************************************


[2023-03-10 23:17:22.849] [info] 
************************************************************
*                   Final Average Residuals                *
************************************************************
* After torso COM and Kinematics adjustments:
*  FX=-4.18611 FY=7.86949 FZ=4.6749
*  MX=-7.07951 MY=-1.86928 MZ=-4.20135
************************************************************


