[2023-03-11 01:02:09.056] [info] AbstractTool subject11_run5_cycle2 loading model ..\..\model\subject11_adjusted_scaled.osim
[2023-03-11 01:02:09.124] [info] Loaded model subject11_scaled from file ..\..\model\subject11_adjusted_scaled.osim
[2023-03-11 01:02:09.179] [info] Adding force object set from subject11_run5_RRA_Actuators.xml
[2023-03-11 01:02:09.186] [info] Running tool subject11_run5_cycle2.
[2023-03-11 01:02:09.222] [warning] ExternalLoads 'externalloads' has subcomponents with duplicate name 'externalforce'. The duplicate is being renamed to 'externalforce_0'.
[2023-03-11 01:02:09.259] [info] 	taskSet size = 29.
[2023-03-11 01:02:09.354] [info] ExternalForce::externalforce Data source being set to Run_500 02_newCOP3_v24.mot
[2023-03-11 01:02:09.354] [info] ExternalForce::externalforce_0 Data source being set to Run_500 02_newCOP3_v24.mot
[2023-03-11 01:02:09.369] [warning] A desired points file was not specified.
[2023-03-11 01:02:09.369] [info] Loading desired kinematics from file '..\..\ik\Run_5.mot'...
[2023-03-11 01:02:09.369] [info] Old version storage/motion file encountered
[2023-03-11 01:02:09.369] [info] Storage: read data file = ..\..\ik\Run_5.mot (nr=499 nc=164)
[2023-03-11 01:02:09.369] [info] .. assuming rotations in Degrees..
[2023-03-11 01:02:09.424] [info] Low-pass filtering desired kinematics with a cutoff frequency of 15.0...
[2023-03-11 01:02:09.611] [cout] [info] MODEL: subject11_scaled

numStates = 74
numCoordinates = 37
numSpeeds = 37
numActuators = 29
numBodies = 20
numConstraints = 0
numProbes = 0

ANALYSES (total: 0)

BODIES (total: 20)
body[0] = pelvis. mass: 10.8666
              moments of inertia:  ~[0.102664,0.102664,0.0553689]
              products of inertia: ~[0,0,0]
body[1] = femur_r. mass: 8.58239
              moments of inertia:  ~[0.146581,0.0384242,0.154572]
              products of inertia: ~[0,0,0]
body[2] = tibia_r. mass: 3.42091
              moments of inertia:  ~[0.0517688,0.00523851,0.0524878]
              products of inertia: ~[0,0,0]
body[3] = talus_r. mass: 0.0922699
              moments of inertia:  ~[0.00101755,0.00101755,0.00101755]
              products of inertia: ~[0,0,0]
body[4] = calcn_r. mass: 1.15337
              moments of inertia:  ~[0.00142456,0.00396843,0.00417194]
              products of inertia: ~[0,0,0]
body[5] = toes_r. mass: 0.199857
              moments of inertia:  ~[0.000101755,0.000203509,0.00101755]
              products of inertia: ~[0,0,0]
body[6] = femur_l. mass: 8.58239
              moments of inertia:  ~[0.146581,0.0384242,0.154572]
              products of inertia: ~[0,0,0]
body[7] = tibia_l. mass: 3.42091
              moments of inertia:  ~[0.0515932,0.00488727,0.0515932]
              products of inertia: ~[0,0,0]
body[8] = talus_l. mass: 0.0922699
              moments of inertia:  ~[0.00101755,0.00101755,0.00101755]
              products of inertia: ~[0,0,0]
body[9] = calcn_l. mass: 1.15337
              moments of inertia:  ~[0.00142456,0.00396843,0.00417194]
              products of inertia: ~[0,0,0]
body[10] = toes_l. mass: 0.199857
              moments of inertia:  ~[0.000101755,0.000203509,0.00101755]
              products of inertia: ~[0,0,0]
body[11] = torso. mass: 24.7529
              moments of inertia:  ~[1.3655,0.69965,1.32558]
              products of inertia: ~[0,0,0]
body[12] = humerus_r. mass: 1.87538
              moments of inertia:  ~[0.0119378,0.00411816,0.0133998]
              products of inertia: ~[0,0,0]
body[13] = ulna_r. mass: 0.560539
              moments of inertia:  ~[0.00286409,0.000597571,0.00310679]
              products of inertia: ~[0,0,0]
body[14] = radius_r. mass: 0.560539
              moments of inertia:  ~[0.00286409,0.000597571,0.00310679]
              products of inertia: ~[0,0,0]
body[15] = hand_r. mass: 0.422135
              moments of inertia:  ~[0.000862513,0.000528918,0.0012957]
              products of inertia: ~[0,0,0]
body[16] = humerus_l. mass: 1.87538
              moments of inertia:  ~[0.0119378,0.00411816,0.0133998]
              products of inertia: ~[0,0,0]
body[17] = ulna_l. mass: 0.560539
              moments of inertia:  ~[0.00286409,0.000597571,0.00310679]
              products of inertia: ~[0,0,0]
body[18] = radius_l. mass: 0.560539
              moments of inertia:  ~[0.00286409,0.000597571,0.00310679]
              products of inertia: ~[0,0,0]
body[19] = hand_l. mass: 0.422135
              moments of inertia:  ~[0.000862513,0.000528918,0.0012957]
              products of inertia: ~[0,0,0]

JOINTS (total: 20)
joint[0] = ground_pelvis. parent: ground_offset, child: pelvis_offset
joint[1] = hip_r. parent: pelvis_offset, child: femur_r_offset
joint[2] = knee_r. parent: femur_r_offset, child: tibia_r_offset
joint[3] = ankle_r. parent: tibia_r_offset, child: talus_r_offset
joint[4] = subtalar_r. parent: talus_r_offset, child: calcn_r_offset
joint[5] = mtp_r. parent: calcn_r_offset, child: toes_r_offset
joint[6] = hip_l. parent: pelvis_offset, child: femur_l_offset
joint[7] = knee_l. parent: femur_l_offset, child: tibia_l_offset
joint[8] = ankle_l. parent: tibia_l_offset, child: talus_l_offset
joint[9] = subtalar_l. parent: talus_l_offset, child: calcn_l_offset
joint[10] = mtp_l. parent: calcn_l_offset, child: toes_l_offset
joint[11] = back. parent: pelvis_offset, child: torso_offset
joint[12] = acromial_r. parent: torso_offset, child: humerus_r_offset
joint[13] = elbow_r. parent: humerus_r_offset, child: ulna_r_offset
joint[14] = radioulnar_r. parent: ulna_r_offset, child: radius_r_offset
joint[15] = radius_hand_r. parent: radius_r_offset, child: hand_r_offset
joint[16] = acromial_l. parent: torso_offset, child: humerus_l_offset
joint[17] = elbow_l. parent: humerus_l_offset, child: ulna_l_offset
joint[18] = radioulnar_l. parent: ulna_l_offset, child: radius_l_offset
joint[19] = radius_hand_l. parent: radius_l_offset, child: hand_l_offset

ACTUATORS (total: 29)
actuator[0] = FX
actuator[1] = FY
actuator[2] = FZ
actuator[3] = MZ
actuator[4] = MX
actuator[5] = MY
actuator[6] = hip_flexion_r
actuator[7] = hip_adduction_r
actuator[8] = hip_rotation_r
actuator[9] = knee_angle_r
actuator[10] = ankle_angle_r
actuator[11] = hip_flexion_l
actuator[12] = hip_adduction_l
actuator[13] = hip_rotation_l
actuator[14] = knee_angle_l
actuator[15] = ankle_angle_l
actuator[16] = lumbar_extension
actuator[17] = lumbar_bending
actuator[18] = lumbar_rotation
actuator[19] = arm_flex_r
actuator[20] = arm_add_r
actuator[21] = arm_rot_r
actuator[22] = elbow_flex_r
actuator[23] = pro_sup_r
actuator[24] = arm_flex_l
actuator[25] = arm_add_l
actuator[26] = arm_rot_l
actuator[27] = elbow_flex_l
actuator[28] = pro_sup_l

STATES (total: 74)
y[0] = /jointset/ground_pelvis/pelvis_tilt/value
y[1] = /jointset/ground_pelvis/pelvis_tilt/speed
y[2] = /jointset/ground_pelvis/pelvis_list/value
y[3] = /jointset/ground_pelvis/pelvis_list/speed
y[4] = /jointset/ground_pelvis/pelvis_rotation/value
y[5] = /jointset/ground_pelvis/pelvis_rotation/speed
y[6] = /jointset/ground_pelvis/pelvis_tx/value
y[7] = /jointset/ground_pelvis/pelvis_tx/speed
y[8] = /jointset/ground_pelvis/pelvis_ty/value
y[9] = /jointset/ground_pelvis/pelvis_ty/speed
y[10] = /jointset/ground_pelvis/pelvis_tz/value
y[11] = /jointset/ground_pelvis/pelvis_tz/speed
y[12] = /jointset/hip_r/hip_flexion_r/value
y[13] = /jointset/hip_r/hip_flexion_r/speed
y[14] = /jointset/hip_r/hip_adduction_r/value
y[15] = /jointset/hip_r/hip_adduction_r/speed
y[16] = /jointset/hip_r/hip_rotation_r/value
y[17] = /jointset/hip_r/hip_rotation_r/speed
y[18] = /jointset/knee_r/knee_angle_r/value
y[19] = /jointset/knee_r/knee_angle_r/speed
y[20] = /jointset/ankle_r/ankle_angle_r/value
y[21] = /jointset/ankle_r/ankle_angle_r/speed
y[22] = /jointset/subtalar_r/subtalar_angle_r/value
y[23] = /jointset/subtalar_r/subtalar_angle_r/speed
y[24] = /jointset/mtp_r/mtp_angle_r/value
y[25] = /jointset/mtp_r/mtp_angle_r/speed
y[26] = /jointset/hip_l/hip_flexion_l/value
y[27] = /jointset/hip_l/hip_flexion_l/speed
y[28] = /jointset/hip_l/hip_adduction_l/value
y[29] = /jointset/hip_l/hip_adduction_l/speed
y[30] = /jointset/hip_l/hip_rotation_l/value
y[31] = /jointset/hip_l/hip_rotation_l/speed
y[32] = /jointset/knee_l/knee_angle_l/value
y[33] = /jointset/knee_l/knee_angle_l/speed
y[34] = /jointset/ankle_l/ankle_angle_l/value
y[35] = /jointset/ankle_l/ankle_angle_l/speed
y[36] = /jointset/subtalar_l/subtalar_angle_l/value
y[37] = /jointset/subtalar_l/subtalar_angle_l/speed
y[38] = /jointset/mtp_l/mtp_angle_l/value
y[39] = /jointset/mtp_l/mtp_angle_l/speed
y[40] = /jointset/back/lumbar_extension/value
y[41] = /jointset/back/lumbar_extension/speed
y[42] = /jointset/back/lumbar_bending/value
y[43] = /jointset/back/lumbar_bending/speed
y[44] = /jointset/back/lumbar_rotation/value
y[45] = /jointset/back/lumbar_rotation/speed
y[46] = /jointset/acromial_r/arm_flex_r/value
y[47] = /jointset/acromial_r/arm_flex_r/speed
y[48] = /jointset/acromial_r/arm_add_r/value
y[49] = /jointset/acromial_r/arm_add_r/speed
y[50] = /jointset/acromial_r/arm_rot_r/value
y[51] = /jointset/acromial_r/arm_rot_r/speed
y[52] = /jointset/elbow_r/elbow_flex_r/value
y[53] = /jointset/elbow_r/elbow_flex_r/speed
y[54] = /jointset/radioulnar_r/pro_sup_r/value
y[55] = /jointset/radioulnar_r/pro_sup_r/speed
y[56] = /jointset/radius_hand_r/wrist_flex_r/value
y[57] = /jointset/radius_hand_r/wrist_flex_r/speed
y[58] = /jointset/radius_hand_r/wrist_dev_r/value
y[59] = /jointset/radius_hand_r/wrist_dev_r/speed
y[60] = /jointset/acromial_l/arm_flex_l/value
y[61] = /jointset/acromial_l/arm_flex_l/speed
y[62] = /jointset/acromial_l/arm_add_l/value
y[63] = /jointset/acromial_l/arm_add_l/speed
y[64] = /jointset/acromial_l/arm_rot_l/value
y[65] = /jointset/acromial_l/arm_rot_l/speed
y[66] = /jointset/elbow_l/elbow_flex_l/value
y[67] = /jointset/elbow_l/elbow_flex_l/speed
y[68] = /jointset/radioulnar_l/pro_sup_l/value
y[69] = /jointset/radioulnar_l/pro_sup_l/speed
y[70] = /jointset/radius_hand_l/wrist_flex_l/value
y[71] = /jointset/radius_hand_l/wrist_flex_l/speed
y[72] = /jointset/radius_hand_l/wrist_dev_l/value
y[73] = /jointset/radius_hand_l/wrist_dev_l/speed

[2023-03-11 01:02:10.053] [info] Requested COM adjustment time range 0.691 to 1.248, clamped to nearest available data times: 0.69 to 1.24.
[2023-03-11 01:02:10.053] [info] Computing average residuals between 0.69 and 1.24...
[2023-03-11 01:02:10.122] [info] ExternalForce::externalforce Data source being set to Run_500 02_newCOP3_v24.mot
[2023-03-11 01:02:10.122] [info] ExternalForce::externalforce_0 Data source being set to Run_500 02_newCOP3_v24.mot
[2023-03-11 01:02:10.211] [info] ExternalForce::externalforce Data source being set to Run_500 02_newCOP3_v24.mot
[2023-03-11 01:02:10.211] [info] ExternalForce::externalforce_0 Data source being set to Run_500 02_newCOP3_v24.mot
[2023-03-11 01:02:11.350] [info] ExternalForce::externalforce Data source being set to Run_500 02_newCOP3_v24.mot
[2023-03-11 01:02:11.350] [info] ExternalForce::externalforce_0 Data source being set to Run_500 02_newCOP3_v24.mot
[2023-03-11 01:02:11.356] [info] Computing average residuals between 0.69 and 1.24...
[2023-03-11 01:02:11.426] [info] ExternalForce::externalforce Data source being set to Run_500 02_newCOP3_v24.mot
[2023-03-11 01:02:11.426] [info] ExternalForce::externalforce_0 Data source being set to Run_500 02_newCOP3_v24.mot
[2023-03-11 01:02:11.510] [info] ExternalForce::externalforce Data source being set to Run_500 02_newCOP3_v24.mot
[2023-03-11 01:02:11.510] [info] ExternalForce::externalforce_0 Data source being set to Run_500 02_newCOP3_v24.mot
[2023-03-11 01:02:12.646] [info] Constructing function set for tracking desired kinematics...
[2023-03-11 01:02:13.284] [warning] No Actuation analysis found in analysis set, adding one...
[2023-03-11 01:02:13.285] [warning] No Kinematics analysis found in analysis set, adding one...
[2023-03-11 01:02:13.287] [info] Using the generalized coordinates specified in '..\..\ik\Run_5.mot' to set the initial configuration.
[2023-03-11 01:02:13.482] [info] Using IPOPT optimizer algorithm.
[2023-03-11 01:02:13.482] [info] Setting optimizer print level to 0.
[2023-03-11 01:02:13.482] [info] Setting optimizer convergence tolerance to 1.0e-05.
[2023-03-11 01:02:13.483] [info] Setting optimizer maximum iterations to 2000.
[2023-03-11 01:02:13.483] [info] Setting cmc controller to not use verbose printing.

[2023-03-11 01:02:13.483] [info] CMC::computeControls, t = 0.691
[2023-03-11 01:02:14.433] [info] --------------------------------------------
[2023-03-11 01:02:14.433] [info] Using CMC to track the specified kinematics:
[2023-03-11 01:02:14.433] [info] --------------------------------------------
[2023-03-11 01:02:14.433] [info]  -- Integrating from 0.691 to 1.248
[2023-03-11 01:02:14.433] [info]  -- Start time = Sat Mar 11 01:02:14 2023
[2023-03-11 01:02:14.433] [info] --------------------------------------------
[2023-03-11 01:02:14.433] [info] 
[2023-03-11 01:02:14.437] [info] CMC::computeControls, t = 0.691
[2023-03-11 01:02:14.468] [info] CMC::computeControls, t = 0.692
[2023-03-11 01:02:14.469] [warning] Coordinate.setValue:  coordinate subtalar_angle_r is locked. Unable to change its value.
[2023-03-11 01:02:14.469] [warning] Coordinate.setValue:  coordinate mtp_angle_r is locked. Unable to change its value.
[2023-03-11 01:02:14.469] [warning] Coordinate.setValue:  coordinate subtalar_angle_l is locked. Unable to change its value.
[2023-03-11 01:02:14.469] [warning] Coordinate.setValue:  coordinate mtp_angle_l is locked. Unable to change its value.
[2023-03-11 01:02:14.469] [warning] Coordinate.setValue:  coordinate wrist_flex_r is locked. Unable to change its value.
[2023-03-11 01:02:14.469] [warning] Coordinate.setValue:  coordinate wrist_dev_r is locked. Unable to change its value.
[2023-03-11 01:02:14.469] [warning] Coordinate.setValue:  coordinate wrist_flex_l is locked. Unable to change its value.
[2023-03-11 01:02:14.469] [warning] Coordinate.setValue:  coordinate wrist_dev_l is locked. Unable to change its value.
[2023-03-11 01:02:14.499] [info] CMC::computeControls, t = 0.693
[2023-03-11 01:02:14.537] [info] CMC::computeControls, t = 0.694
[2023-03-11 01:02:14.584] [info] CMC::computeControls, t = 0.695
[2023-03-11 01:02:14.645] [info] CMC::computeControls, t = 0.696
[2023-03-11 01:02:14.694] [info] CMC::computeControls, t = 0.697
[2023-03-11 01:02:14.738] [info] CMC::computeControls, t = 0.698
[2023-03-11 01:02:14.776] [info] CMC::computeControls, t = 0.699
[2023-03-11 01:02:14.822] [info] CMC::computeControls, t = 0.7
[2023-03-11 01:02:14.857] [info] CMC::computeControls, t = 0.701000
[2023-03-11 01:02:14.880] [info] CMC::computeControls, t = 0.702000
[2023-03-11 01:02:14.907] [info] CMC::computeControls, t = 0.703000
[2023-03-11 01:02:14.950] [info] CMC::computeControls, t = 0.704000
[2023-03-11 01:02:15.000] [info] CMC::computeControls, t = 0.705000
[2023-03-11 01:02:15.027] [info] CMC::computeControls, t = 0.706000
[2023-03-11 01:02:15.053] [info] CMC::computeControls, t = 0.707000
[2023-03-11 01:02:15.069] [info] CMC::computeControls, t = 0.708000
[2023-03-11 01:02:15.094] [info] CMC::computeControls, t = 0.709000
[2023-03-11 01:02:15.129] [info] CMC::computeControls, t = 0.71
[2023-03-11 01:02:15.166] [info] CMC::computeControls, t = 0.711
[2023-03-11 01:02:15.210] [info] CMC::computeControls, t = 0.712
[2023-03-11 01:02:15.237] [info] CMC::computeControls, t = 0.713
[2023-03-11 01:02:15.260] [info] CMC::computeControls, t = 0.714
[2023-03-11 01:02:15.282] [info] CMC::computeControls, t = 0.715
[2023-03-11 01:02:15.298] [info] CMC::computeControls, t = 0.716
[2023-03-11 01:02:15.337] [info] CMC::computeControls, t = 0.717
[2023-03-11 01:02:15.357] [info] CMC::computeControls, t = 0.718
[2023-03-11 01:02:15.393] [info] CMC::computeControls, t = 0.719
[2023-03-11 01:02:15.431] [info] CMC::computeControls, t = 0.72
[2023-03-11 01:02:15.448] [info] CMC::computeControls, t = 0.721
[2023-03-11 01:02:15.479] [info] CMC::computeControls, t = 0.722
[2023-03-11 01:02:15.508] [info] CMC::computeControls, t = 0.723
[2023-03-11 01:02:15.547] [info] CMC::computeControls, t = 0.724
[2023-03-11 01:02:15.569] [info] CMC::computeControls, t = 0.725
[2023-03-11 01:02:15.599] [info] CMC::computeControls, t = 0.726
[2023-03-11 01:02:15.620] [info] CMC::computeControls, t = 0.727
[2023-03-11 01:02:15.644] [info] CMC::computeControls, t = 0.728
[2023-03-11 01:02:15.660] [info] CMC::computeControls, t = 0.729
[2023-03-11 01:02:15.677] [info] CMC::computeControls, t = 0.73
[2023-03-11 01:02:15.693] [info] CMC::computeControls, t = 0.731
[2023-03-11 01:02:15.719] [info] CMC::computeControls, t = 0.732
[2023-03-11 01:02:15.749] [info] CMC::computeControls, t = 0.733
[2023-03-11 01:02:15.773] [info] CMC::computeControls, t = 0.734
[2023-03-11 01:02:15.796] [info] CMC::computeControls, t = 0.735
[2023-03-11 01:02:15.820] [info] CMC::computeControls, t = 0.736
[2023-03-11 01:02:15.845] [info] CMC::computeControls, t = 0.737
[2023-03-11 01:02:15.873] [info] CMC::computeControls, t = 0.738
[2023-03-11 01:02:15.888] [info] CMC::computeControls, t = 0.739
[2023-03-11 01:02:15.907] [info] CMC::computeControls, t = 0.74
[2023-03-11 01:02:15.928] [info] CMC::computeControls, t = 0.741
[2023-03-11 01:02:15.953] [info] CMC::computeControls, t = 0.742
[2023-03-11 01:02:15.969] [info] CMC::computeControls, t = 0.743
[2023-03-11 01:02:15.987] [info] CMC::computeControls, t = 0.744
[2023-03-11 01:02:16.009] [info] CMC::computeControls, t = 0.745
[2023-03-11 01:02:16.029] [info] CMC::computeControls, t = 0.746
[2023-03-11 01:02:16.046] [info] CMC::computeControls, t = 0.747
[2023-03-11 01:02:16.073] [info] CMC::computeControls, t = 0.748
[2023-03-11 01:02:16.098] [info] CMC::computeControls, t = 0.749
[2023-03-11 01:02:16.113] [info] CMC::computeControls, t = 0.75
[2023-03-11 01:02:16.140] [info] CMC::computeControls, t = 0.751
[2023-03-11 01:02:16.165] [info] CMC::computeControls, t = 0.752
[2023-03-11 01:02:16.185] [info] CMC::computeControls, t = 0.753
[2023-03-11 01:02:16.221] [info] CMC::computeControls, t = 0.754
[2023-03-11 01:02:16.238] [info] CMC::computeControls, t = 0.755
[2023-03-11 01:02:16.266] [info] CMC::computeControls, t = 0.756
[2023-03-11 01:02:16.292] [info] CMC::computeControls, t = 0.757
[2023-03-11 01:02:16.313] [info] CMC::computeControls, t = 0.758
[2023-03-11 01:02:16.343] [info] CMC::computeControls, t = 0.759
[2023-03-11 01:02:16.372] [info] CMC::computeControls, t = 0.76
[2023-03-11 01:02:16.410] [info] CMC::computeControls, t = 0.761
[2023-03-11 01:02:16.446] [info] CMC::computeControls, t = 0.762
[2023-03-11 01:02:16.467] [info] CMC::computeControls, t = 0.763
[2023-03-11 01:02:16.485] [info] CMC::computeControls, t = 0.764
[2023-03-11 01:02:16.501] [info] CMC::computeControls, t = 0.765
[2023-03-11 01:02:16.521] [info] CMC::computeControls, t = 0.766
[2023-03-11 01:02:16.543] [info] CMC::computeControls, t = 0.767
[2023-03-11 01:02:16.568] [info] CMC::computeControls, t = 0.768
[2023-03-11 01:02:16.593] [info] CMC::computeControls, t = 0.769
[2023-03-11 01:02:16.614] [info] CMC::computeControls, t = 0.77
[2023-03-11 01:02:16.630] [info] CMC::computeControls, t = 0.771
[2023-03-11 01:02:16.648] [info] CMC::computeControls, t = 0.772
[2023-03-11 01:02:16.671] [info] CMC::computeControls, t = 0.773
[2023-03-11 01:02:16.696] [info] CMC::computeControls, t = 0.774
[2023-03-11 01:02:16.712] [info] CMC::computeControls, t = 0.775
[2023-03-11 01:02:16.737] [info] CMC::computeControls, t = 0.776
[2023-03-11 01:02:16.753] [info] CMC::computeControls, t = 0.777
[2023-03-11 01:02:16.787] [info] CMC::computeControls, t = 0.778
[2023-03-11 01:02:16.818] [info] CMC::computeControls, t = 0.779
[2023-03-11 01:02:16.860] [info] CMC::computeControls, t = 0.78
[2023-03-11 01:02:16.887] [info] CMC::computeControls, t = 0.781
[2023-03-11 01:02:16.925] [info] CMC::computeControls, t = 0.782
[2023-03-11 01:02:16.949] [info] CMC::computeControls, t = 0.783
[2023-03-11 01:02:16.973] [info] CMC::computeControls, t = 0.784
[2023-03-11 01:02:16.998] [info] CMC::computeControls, t = 0.785
[2023-03-11 01:02:17.014] [info] CMC::computeControls, t = 0.786
[2023-03-11 01:02:17.046] [info] CMC::computeControls, t = 0.787
[2023-03-11 01:02:17.061] [info] CMC::computeControls, t = 0.788
[2023-03-11 01:02:17.096] [info] CMC::computeControls, t = 0.789
[2023-03-11 01:02:17.121] [info] CMC::computeControls, t = 0.79
[2023-03-11 01:02:17.150] [info] CMC::computeControls, t = 0.791
[2023-03-11 01:02:17.189] [info] CMC::computeControls, t = 0.792
[2023-03-11 01:02:17.224] [info] CMC::computeControls, t = 0.793
[2023-03-11 01:02:17.239] [info] CMC::computeControls, t = 0.794
[2023-03-11 01:02:17.265] [info] CMC::computeControls, t = 0.795
[2023-03-11 01:02:17.292] [info] CMC::computeControls, t = 0.796
[2023-03-11 01:02:17.321] [info] CMC::computeControls, t = 0.797
[2023-03-11 01:02:17.337] [info] CMC::computeControls, t = 0.798
[2023-03-11 01:02:17.361] [info] CMC::computeControls, t = 0.799
[2023-03-11 01:02:17.376] [info] CMC::computeControls, t = 0.8
[2023-03-11 01:02:17.394] [info] CMC::computeControls, t = 0.801000
[2023-03-11 01:02:17.417] [info] CMC::computeControls, t = 0.802000
[2023-03-11 01:02:17.443] [info] CMC::computeControls, t = 0.803000
[2023-03-11 01:02:17.470] [info] CMC::computeControls, t = 0.804000
[2023-03-11 01:02:17.503] [info] CMC::computeControls, t = 0.805000
[2023-03-11 01:02:17.538] [info] CMC::computeControls, t = 0.806000
[2023-03-11 01:02:17.566] [info] CMC::computeControls, t = 0.807000
[2023-03-11 01:02:17.596] [info] CMC::computeControls, t = 0.808000
[2023-03-11 01:02:17.627] [info] CMC::computeControls, t = 0.809000
[2023-03-11 01:02:17.651] [info] CMC::computeControls, t = 0.81
[2023-03-11 01:02:17.667] [info] CMC::computeControls, t = 0.811
[2023-03-11 01:02:17.684] [info] CMC::computeControls, t = 0.812
[2023-03-11 01:02:17.703] [info] CMC::computeControls, t = 0.813
[2023-03-11 01:02:17.722] [info] CMC::computeControls, t = 0.814
[2023-03-11 01:02:17.739] [info] CMC::computeControls, t = 0.815
[2023-03-11 01:02:17.765] [info] CMC::computeControls, t = 0.816
[2023-03-11 01:02:17.794] [info] CMC::computeControls, t = 0.817
[2023-03-11 01:02:17.835] [info] CMC::computeControls, t = 0.818
[2023-03-11 01:02:17.880] [info] CMC::computeControls, t = 0.819
[2023-03-11 01:02:17.919] [info] CMC::computeControls, t = 0.82
[2023-03-11 01:02:17.953] [info] CMC::computeControls, t = 0.821
[2023-03-11 01:02:17.980] [info] CMC::computeControls, t = 0.822
[2023-03-11 01:02:18.006] [info] CMC::computeControls, t = 0.823
[2023-03-11 01:02:18.036] [info] CMC::computeControls, t = 0.824
[2023-03-11 01:02:18.084] [info] CMC::computeControls, t = 0.825
[2023-03-11 01:02:18.125] [info] CMC::computeControls, t = 0.826
[2023-03-11 01:02:18.158] [info] CMC::computeControls, t = 0.827
[2023-03-11 01:02:18.187] [info] CMC::computeControls, t = 0.828
[2023-03-11 01:02:18.215] [info] CMC::computeControls, t = 0.829
[2023-03-11 01:02:18.239] [info] CMC::computeControls, t = 0.83
[2023-03-11 01:02:18.265] [info] CMC::computeControls, t = 0.831
[2023-03-11 01:02:18.281] [info] CMC::computeControls, t = 0.832
[2023-03-11 01:02:18.298] [info] CMC::computeControls, t = 0.833
[2023-03-11 01:02:18.315] [info] CMC::computeControls, t = 0.834
[2023-03-11 01:02:18.334] [info] CMC::computeControls, t = 0.835
[2023-03-11 01:02:18.353] [info] CMC::computeControls, t = 0.836
[2023-03-11 01:02:18.369] [info] CMC::computeControls, t = 0.837
[2023-03-11 01:02:18.396] [info] CMC::computeControls, t = 0.838
[2023-03-11 01:02:18.412] [info] CMC::computeControls, t = 0.839
[2023-03-11 01:02:18.439] [info] CMC::computeControls, t = 0.84
[2023-03-11 01:02:18.462] [info] CMC::computeControls, t = 0.841
[2023-03-11 01:02:18.480] [info] CMC::computeControls, t = 0.842
[2023-03-11 01:02:18.503] [info] CMC::computeControls, t = 0.843
[2023-03-11 01:02:18.520] [info] CMC::computeControls, t = 0.844
[2023-03-11 01:02:18.537] [info] CMC::computeControls, t = 0.845
[2023-03-11 01:02:18.553] [info] CMC::computeControls, t = 0.846
[2023-03-11 01:02:18.570] [info] CMC::computeControls, t = 0.847
[2023-03-11 01:02:18.594] [info] CMC::computeControls, t = 0.848
[2023-03-11 01:02:18.611] [info] CMC::computeControls, t = 0.849
[2023-03-11 01:02:18.631] [info] CMC::computeControls, t = 0.85
[2023-03-11 01:02:18.664] [info] CMC::computeControls, t = 0.851
[2023-03-11 01:02:18.692] [info] CMC::computeControls, t = 0.852
[2023-03-11 01:02:18.719] [info] CMC::computeControls, t = 0.853
[2023-03-11 01:02:18.745] [info] CMC::computeControls, t = 0.854
[2023-03-11 01:02:18.766] [info] CMC::computeControls, t = 0.855
[2023-03-11 01:02:18.803] [info] CMC::computeControls, t = 0.856
[2023-03-11 01:02:18.840] [info] CMC::computeControls, t = 0.857
[2023-03-11 01:02:18.877] [info] CMC::computeControls, t = 0.858
[2023-03-11 01:02:18.916] [info] CMC::computeControls, t = 0.859
[2023-03-11 01:02:18.954] [info] CMC::computeControls, t = 0.86
[2023-03-11 01:02:18.980] [info] CMC::computeControls, t = 0.861
[2023-03-11 01:02:19.005] [info] CMC::computeControls, t = 0.862
[2023-03-11 01:02:19.028] [info] CMC::computeControls, t = 0.863
[2023-03-11 01:02:19.046] [info] CMC::computeControls, t = 0.864
[2023-03-11 01:02:19.061] [info] CMC::computeControls, t = 0.865
[2023-03-11 01:02:19.079] [info] CMC::computeControls, t = 0.866
[2023-03-11 01:02:19.106] [info] CMC::computeControls, t = 0.867
[2023-03-11 01:02:19.131] [info] CMC::computeControls, t = 0.868
[2023-03-11 01:02:19.154] [info] CMC::computeControls, t = 0.869
[2023-03-11 01:02:19.190] [info] CMC::computeControls, t = 0.87
[2023-03-11 01:02:19.225] [info] CMC::computeControls, t = 0.871
[2023-03-11 01:02:19.250] [info] CMC::computeControls, t = 0.872
[2023-03-11 01:02:19.267] [info] CMC::computeControls, t = 0.873
[2023-03-11 01:02:19.291] [info] CMC::computeControls, t = 0.874
[2023-03-11 01:02:19.326] [info] CMC::computeControls, t = 0.875
[2023-03-11 01:02:19.368] [info] CMC::computeControls, t = 0.876
[2023-03-11 01:02:19.399] [info] CMC::computeControls, t = 0.877
[2023-03-11 01:02:19.429] [info] CMC::computeControls, t = 0.878
[2023-03-11 01:02:19.451] [info] CMC::computeControls, t = 0.879
[2023-03-11 01:02:19.475] [info] CMC::computeControls, t = 0.88
[2023-03-11 01:02:19.499] [info] CMC::computeControls, t = 0.881
[2023-03-11 01:02:19.515] [info] CMC::computeControls, t = 0.882
[2023-03-11 01:02:19.540] [info] CMC::computeControls, t = 0.883
[2023-03-11 01:02:19.569] [info] CMC::computeControls, t = 0.884
[2023-03-11 01:02:19.598] [info] CMC::computeControls, t = 0.885
[2023-03-11 01:02:19.614] [info] CMC::computeControls, t = 0.886
[2023-03-11 01:02:19.646] [info] CMC::computeControls, t = 0.887
[2023-03-11 01:02:19.686] [info] CMC::computeControls, t = 0.888
[2023-03-11 01:02:19.719] [info] CMC::computeControls, t = 0.889
[2023-03-11 01:02:19.736] [info] CMC::computeControls, t = 0.89
[2023-03-11 01:02:19.757] [info] CMC::computeControls, t = 0.891
[2023-03-11 01:02:19.788] [info] CMC::computeControls, t = 0.892
[2023-03-11 01:02:19.830] [info] CMC::computeControls, t = 0.893
[2023-03-11 01:02:19.861] [info] CMC::computeControls, t = 0.894
[2023-03-11 01:02:19.890] [info] CMC::computeControls, t = 0.895
[2023-03-11 01:02:19.907] [info] CMC::computeControls, t = 0.896
[2023-03-11 01:02:19.924] [info] CMC::computeControls, t = 0.897
[2023-03-11 01:02:19.946] [info] CMC::computeControls, t = 0.898
[2023-03-11 01:02:19.977] [info] CMC::computeControls, t = 0.899
[2023-03-11 01:02:20.000] [info] CMC::computeControls, t = 0.9
[2023-03-11 01:02:20.018] [info] CMC::computeControls, t = 0.901000
[2023-03-11 01:02:20.045] [info] CMC::computeControls, t = 0.902000
[2023-03-11 01:02:20.072] [info] CMC::computeControls, t = 0.903000
[2023-03-11 01:02:20.109] [info] CMC::computeControls, t = 0.904000
[2023-03-11 01:02:20.135] [info] CMC::computeControls, t = 0.905000
[2023-03-11 01:02:20.154] [info] CMC::computeControls, t = 0.906000
[2023-03-11 01:02:20.174] [info] CMC::computeControls, t = 0.907000
[2023-03-11 01:02:20.212] [info] CMC::computeControls, t = 0.908000
[2023-03-11 01:02:20.237] [info] CMC::computeControls, t = 0.909000
[2023-03-11 01:02:20.264] [info] CMC::computeControls, t = 0.91
[2023-03-11 01:02:20.298] [info] CMC::computeControls, t = 0.911
[2023-03-11 01:02:20.313] [info] CMC::computeControls, t = 0.912
[2023-03-11 01:02:20.343] [info] CMC::computeControls, t = 0.913
[2023-03-11 01:02:20.376] [info] CMC::computeControls, t = 0.914
[2023-03-11 01:02:20.392] [info] CMC::computeControls, t = 0.915
[2023-03-11 01:02:20.408] [info] CMC::computeControls, t = 0.916
[2023-03-11 01:02:20.440] [info] CMC::computeControls, t = 0.917
[2023-03-11 01:02:20.466] [info] CMC::computeControls, t = 0.918
[2023-03-11 01:02:20.496] [info] CMC::computeControls, t = 0.919
[2023-03-11 01:02:20.527] [info] CMC::computeControls, t = 0.92
[2023-03-11 01:02:20.561] [info] CMC::computeControls, t = 0.921
[2023-03-11 01:02:20.590] [info] CMC::computeControls, t = 0.922
[2023-03-11 01:02:20.619] [info] CMC::computeControls, t = 0.923
[2023-03-11 01:02:20.637] [info] CMC::computeControls, t = 0.924
[2023-03-11 01:02:20.654] [info] CMC::computeControls, t = 0.925
[2023-03-11 01:02:20.671] [info] CMC::computeControls, t = 0.926
[2023-03-11 01:02:20.696] [info] CMC::computeControls, t = 0.927
[2023-03-11 01:02:20.716] [info] CMC::computeControls, t = 0.928
[2023-03-11 01:02:20.744] [info] CMC::computeControls, t = 0.929
[2023-03-11 01:02:20.769] [info] CMC::computeControls, t = 0.93
[2023-03-11 01:02:20.786] [info] CMC::computeControls, t = 0.931
[2023-03-11 01:02:20.807] [info] CMC::computeControls, t = 0.932
[2023-03-11 01:02:20.838] [info] CMC::computeControls, t = 0.933
[2023-03-11 01:02:20.866] [info] CMC::computeControls, t = 0.934
[2023-03-11 01:02:20.901] [info] CMC::computeControls, t = 0.935
[2023-03-11 01:02:20.931] [info] CMC::computeControls, t = 0.936
[2023-03-11 01:02:20.967] [info] CMC::computeControls, t = 0.937
[2023-03-11 01:02:20.994] [info] CMC::computeControls, t = 0.938
[2023-03-11 01:02:21.019] [info] CMC::computeControls, t = 0.939
[2023-03-11 01:02:21.037] [info] CMC::computeControls, t = 0.94
[2023-03-11 01:02:21.059] [info] CMC::computeControls, t = 0.941
[2023-03-11 01:02:21.092] [info] CMC::computeControls, t = 0.942
[2023-03-11 01:02:21.121] [info] CMC::computeControls, t = 0.943
[2023-03-11 01:02:21.180] [info] CMC::computeControls, t = 0.944
[2023-03-11 01:02:21.219] [info] CMC::computeControls, t = 0.945
[2023-03-11 01:02:21.255] [info] CMC::computeControls, t = 0.946
[2023-03-11 01:02:21.271] [info] CMC::computeControls, t = 0.947
[2023-03-11 01:02:21.286] [info] CMC::computeControls, t = 0.948
[2023-03-11 01:02:21.311] [info] CMC::computeControls, t = 0.949
[2023-03-11 01:02:21.333] [info] CMC::computeControls, t = 0.95
[2023-03-11 01:02:21.365] [info] CMC::computeControls, t = 0.951
[2023-03-11 01:02:21.391] [info] CMC::computeControls, t = 0.952
[2023-03-11 01:02:21.407] [info] CMC::computeControls, t = 0.953
[2023-03-11 01:02:21.423] [info] CMC::computeControls, t = 0.954
[2023-03-11 01:02:21.446] [info] CMC::computeControls, t = 0.955
[2023-03-11 01:02:21.496] [info] CMC::computeControls, t = 0.956
[2023-03-11 01:02:21.517] [info] CMC::computeControls, t = 0.957
[2023-03-11 01:02:21.539] [info] CMC::computeControls, t = 0.958
[2023-03-11 01:02:21.570] [info] CMC::computeControls, t = 0.959
[2023-03-11 01:02:21.597] [info] CMC::computeControls, t = 0.96
[2023-03-11 01:02:21.637] [info] CMC::computeControls, t = 0.961
[2023-03-11 01:02:21.659] [info] CMC::computeControls, t = 0.962
[2023-03-11 01:02:21.681] [info] CMC::computeControls, t = 0.963
[2023-03-11 01:02:21.701] [info] CMC::computeControls, t = 0.964
[2023-03-11 01:02:21.735] [info] CMC::computeControls, t = 0.965
[2023-03-11 01:02:21.759] [info] CMC::computeControls, t = 0.966
[2023-03-11 01:02:21.794] [info] CMC::computeControls, t = 0.967
[2023-03-11 01:02:21.827] [info] CMC::computeControls, t = 0.968
[2023-03-11 01:02:21.851] [info] CMC::computeControls, t = 0.969
[2023-03-11 01:02:21.875] [info] CMC::computeControls, t = 0.97
[2023-03-11 01:02:21.898] [info] CMC::computeControls, t = 0.971
[2023-03-11 01:02:21.919] [info] CMC::computeControls, t = 0.972
[2023-03-11 01:02:21.957] [info] CMC::computeControls, t = 0.973
[2023-03-11 01:02:21.974] [info] CMC::computeControls, t = 0.974
[2023-03-11 01:02:21.995] [info] CMC::computeControls, t = 0.975
[2023-03-11 01:02:22.046] [info] CMC::computeControls, t = 0.976
[2023-03-11 01:02:22.085] [info] CMC::computeControls, t = 0.977
[2023-03-11 01:02:22.101] [info] CMC::computeControls, t = 0.978
[2023-03-11 01:02:22.119] [info] CMC::computeControls, t = 0.979
[2023-03-11 01:02:22.144] [info] CMC::computeControls, t = 0.98
[2023-03-11 01:02:22.178] [info] CMC::computeControls, t = 0.981
[2023-03-11 01:02:22.220] [info] CMC::computeControls, t = 0.982
[2023-03-11 01:02:22.248] [info] CMC::computeControls, t = 0.983
[2023-03-11 01:02:22.289] [info] CMC::computeControls, t = 0.984
[2023-03-11 01:02:22.314] [info] CMC::computeControls, t = 0.985
[2023-03-11 01:02:22.351] [info] CMC::computeControls, t = 0.986
[2023-03-11 01:02:22.372] [info] CMC::computeControls, t = 0.987
[2023-03-11 01:02:22.403] [info] CMC::computeControls, t = 0.988
[2023-03-11 01:02:22.423] [info] CMC::computeControls, t = 0.989
[2023-03-11 01:02:22.438] [info] CMC::computeControls, t = 0.99
[2023-03-11 01:02:22.471] [info] CMC::computeControls, t = 0.991
[2023-03-11 01:02:22.487] [info] CMC::computeControls, t = 0.992
[2023-03-11 01:02:22.523] [info] CMC::computeControls, t = 0.993
[2023-03-11 01:02:22.545] [info] CMC::computeControls, t = 0.994
[2023-03-11 01:02:22.568] [info] CMC::computeControls, t = 0.995
[2023-03-11 01:02:22.599] [info] CMC::computeControls, t = 0.996
[2023-03-11 01:02:22.618] [info] CMC::computeControls, t = 0.997
[2023-03-11 01:02:22.639] [info] CMC::computeControls, t = 0.998
[2023-03-11 01:02:22.665] [info] CMC::computeControls, t = 0.999
[2023-03-11 01:02:22.690] [info] CMC::computeControls, t = 1.0
[2023-03-11 01:02:22.713] [info] CMC::computeControls, t = 1.00100
[2023-03-11 01:02:22.732] [info] CMC::computeControls, t = 1.00200
[2023-03-11 01:02:22.758] [info] CMC::computeControls, t = 1.00300
[2023-03-11 01:02:22.781] [info] CMC::computeControls, t = 1.00400
[2023-03-11 01:02:22.800] [info] CMC::computeControls, t = 1.00500
[2023-03-11 01:02:22.818] [info] CMC::computeControls, t = 1.00600
[2023-03-11 01:02:22.839] [info] CMC::computeControls, t = 1.00700
[2023-03-11 01:02:22.855] [info] CMC::computeControls, t = 1.00800
[2023-03-11 01:02:22.883] [info] CMC::computeControls, t = 1.00900
[2023-03-11 01:02:22.917] [info] CMC::computeControls, t = 1.01
[2023-03-11 01:02:22.948] [info] CMC::computeControls, t = 1.011
[2023-03-11 01:02:22.979] [info] CMC::computeControls, t = 1.012
[2023-03-11 01:02:23.004] [info] CMC::computeControls, t = 1.013
[2023-03-11 01:02:23.028] [info] CMC::computeControls, t = 1.014
[2023-03-11 01:02:23.051] [info] CMC::computeControls, t = 1.015
[2023-03-11 01:02:23.095] [info] CMC::computeControls, t = 1.016
[2023-03-11 01:02:23.131] [info] CMC::computeControls, t = 1.017
[2023-03-11 01:02:23.170] [info] CMC::computeControls, t = 1.018
[2023-03-11 01:02:23.203] [info] CMC::computeControls, t = 1.019
[2023-03-11 01:02:23.222] [info] CMC::computeControls, t = 1.02
[2023-03-11 01:02:23.245] [info] CMC::computeControls, t = 1.021
[2023-03-11 01:02:23.280] [info] CMC::computeControls, t = 1.022
[2023-03-11 01:02:23.301] [info] CMC::computeControls, t = 1.023
[2023-03-11 01:02:23.337] [info] CMC::computeControls, t = 1.024
[2023-03-11 01:02:23.376] [info] CMC::computeControls, t = 1.025
[2023-03-11 01:02:23.414] [info] CMC::computeControls, t = 1.026
[2023-03-11 01:02:23.439] [info] CMC::computeControls, t = 1.027
[2023-03-11 01:02:23.469] [info] CMC::computeControls, t = 1.028
[2023-03-11 01:02:23.488] [info] CMC::computeControls, t = 1.029
[2023-03-11 01:02:23.504] [info] CMC::computeControls, t = 1.03
[2023-03-11 01:02:23.526] [info] CMC::computeControls, t = 1.031
[2023-03-11 01:02:23.543] [info] CMC::computeControls, t = 1.032
[2023-03-11 01:02:23.568] [info] CMC::computeControls, t = 1.033
[2023-03-11 01:02:23.594] [info] CMC::computeControls, t = 1.034
[2023-03-11 01:02:23.618] [info] CMC::computeControls, t = 1.035
[2023-03-11 01:02:23.648] [info] CMC::computeControls, t = 1.036
[2023-03-11 01:02:23.674] [info] CMC::computeControls, t = 1.037
[2023-03-11 01:02:23.700] [info] CMC::computeControls, t = 1.038
[2023-03-11 01:02:23.718] [info] CMC::computeControls, t = 1.039
[2023-03-11 01:02:23.756] [info] CMC::computeControls, t = 1.04
[2023-03-11 01:02:23.786] [info] CMC::computeControls, t = 1.041
[2023-03-11 01:02:23.812] [info] CMC::computeControls, t = 1.042
[2023-03-11 01:02:23.828] [info] CMC::computeControls, t = 1.043
[2023-03-11 01:02:23.844] [info] CMC::computeControls, t = 1.044
[2023-03-11 01:02:23.870] [info] CMC::computeControls, t = 1.045
[2023-03-11 01:02:23.889] [info] CMC::computeControls, t = 1.046
[2023-03-11 01:02:23.930] [info] CMC::computeControls, t = 1.047
[2023-03-11 01:02:23.965] [info] CMC::computeControls, t = 1.048
[2023-03-11 01:02:23.986] [info] CMC::computeControls, t = 1.049
[2023-03-11 01:02:24.021] [info] CMC::computeControls, t = 1.05
[2023-03-11 01:02:24.038] [info] CMC::computeControls, t = 1.051
[2023-03-11 01:02:24.090] [info] CMC::computeControls, t = 1.052
[2023-03-11 01:02:24.110] [info] CMC::computeControls, t = 1.053
[2023-03-11 01:02:24.132] [info] CMC::computeControls, t = 1.054
[2023-03-11 01:02:24.153] [info] CMC::computeControls, t = 1.055
[2023-03-11 01:02:24.174] [info] CMC::computeControls, t = 1.056
[2023-03-11 01:02:24.201] [info] CMC::computeControls, t = 1.057
[2023-03-11 01:02:24.216] [info] CMC::computeControls, t = 1.058
[2023-03-11 01:02:24.236] [info] CMC::computeControls, t = 1.059
[2023-03-11 01:02:24.254] [info] CMC::computeControls, t = 1.06
[2023-03-11 01:02:24.281] [info] CMC::computeControls, t = 1.061
[2023-03-11 01:02:24.315] [info] CMC::computeControls, t = 1.062
[2023-03-11 01:02:24.351] [info] CMC::computeControls, t = 1.063
[2023-03-11 01:02:24.375] [info] CMC::computeControls, t = 1.064
[2023-03-11 01:02:24.414] [info] CMC::computeControls, t = 1.065
[2023-03-11 01:02:24.437] [info] CMC::computeControls, t = 1.066
[2023-03-11 01:02:24.470] [info] CMC::computeControls, t = 1.067
[2023-03-11 01:02:24.492] [info] CMC::computeControls, t = 1.068
[2023-03-11 01:02:24.514] [info] CMC::computeControls, t = 1.069
[2023-03-11 01:02:24.533] [info] CMC::computeControls, t = 1.07
[2023-03-11 01:02:24.558] [info] CMC::computeControls, t = 1.071
[2023-03-11 01:02:24.583] [info] CMC::computeControls, t = 1.072
[2023-03-11 01:02:24.606] [info] CMC::computeControls, t = 1.073
[2023-03-11 01:02:24.629] [info] CMC::computeControls, t = 1.074
[2023-03-11 01:02:24.656] [info] CMC::computeControls, t = 1.075
[2023-03-11 01:02:24.683] [info] CMC::computeControls, t = 1.076
[2023-03-11 01:02:24.715] [info] CMC::computeControls, t = 1.077
[2023-03-11 01:02:24.743] [info] CMC::computeControls, t = 1.078
[2023-03-11 01:02:24.772] [info] CMC::computeControls, t = 1.079
[2023-03-11 01:02:24.792] [info] CMC::computeControls, t = 1.08
[2023-03-11 01:02:24.831] [info] CMC::computeControls, t = 1.081
[2023-03-11 01:02:24.850] [info] CMC::computeControls, t = 1.082
[2023-03-11 01:02:24.889] [info] CMC::computeControls, t = 1.083
[2023-03-11 01:02:24.907] [info] CMC::computeControls, t = 1.084
[2023-03-11 01:02:24.923] [info] CMC::computeControls, t = 1.085
[2023-03-11 01:02:24.943] [info] CMC::computeControls, t = 1.086
[2023-03-11 01:02:24.975] [info] CMC::computeControls, t = 1.087
[2023-03-11 01:02:24.990] [info] CMC::computeControls, t = 1.088
[2023-03-11 01:02:25.015] [info] CMC::computeControls, t = 1.089
[2023-03-11 01:02:25.032] [info] CMC::computeControls, t = 1.09
[2023-03-11 01:02:25.068] [info] CMC::computeControls, t = 1.091
[2023-03-11 01:02:25.100] [info] CMC::computeControls, t = 1.092
[2023-03-11 01:02:25.125] [info] CMC::computeControls, t = 1.093
[2023-03-11 01:02:25.150] [info] CMC::computeControls, t = 1.094
[2023-03-11 01:02:25.167] [info] CMC::computeControls, t = 1.095
[2023-03-11 01:02:25.191] [info] CMC::computeControls, t = 1.096
[2023-03-11 01:02:25.217] [info] CMC::computeControls, t = 1.097
[2023-03-11 01:02:25.233] [info] CMC::computeControls, t = 1.098
[2023-03-11 01:02:25.263] [info] CMC::computeControls, t = 1.099
[2023-03-11 01:02:25.292] [info] CMC::computeControls, t = 1.1
[2023-03-11 01:02:25.328] [info] CMC::computeControls, t = 1.10100
[2023-03-11 01:02:25.348] [info] CMC::computeControls, t = 1.10200
[2023-03-11 01:02:25.373] [info] CMC::computeControls, t = 1.10300
[2023-03-11 01:02:25.397] [info] CMC::computeControls, t = 1.10400
[2023-03-11 01:02:25.414] [info] CMC::computeControls, t = 1.10500
[2023-03-11 01:02:25.433] [info] CMC::computeControls, t = 1.10600
[2023-03-11 01:02:25.462] [info] CMC::computeControls, t = 1.10700
[2023-03-11 01:02:25.489] [info] CMC::computeControls, t = 1.10800
[2023-03-11 01:02:25.504] [info] CMC::computeControls, t = 1.10900
[2023-03-11 01:02:25.533] [info] CMC::computeControls, t = 1.11
[2023-03-11 01:02:25.585] [info] CMC::computeControls, t = 1.111
[2023-03-11 01:02:25.607] [info] CMC::computeControls, t = 1.112
[2023-03-11 01:02:25.626] [info] CMC::computeControls, t = 1.113
[2023-03-11 01:02:25.662] [info] CMC::computeControls, t = 1.114
[2023-03-11 01:02:25.685] [info] CMC::computeControls, t = 1.115
[2023-03-11 01:02:25.706] [info] CMC::computeControls, t = 1.116
[2023-03-11 01:02:25.724] [info] CMC::computeControls, t = 1.117
[2023-03-11 01:02:25.741] [info] CMC::computeControls, t = 1.118
[2023-03-11 01:02:25.774] [info] CMC::computeControls, t = 1.119
[2023-03-11 01:02:25.823] [info] CMC::computeControls, t = 1.12
[2023-03-11 01:02:25.856] [info] CMC::computeControls, t = 1.121
[2023-03-11 01:02:25.879] [info] CMC::computeControls, t = 1.122
[2023-03-11 01:02:25.903] [info] CMC::computeControls, t = 1.123
[2023-03-11 01:02:25.928] [info] CMC::computeControls, t = 1.124
[2023-03-11 01:02:25.944] [info] CMC::computeControls, t = 1.125
[2023-03-11 01:02:25.959] [info] CMC::computeControls, t = 1.126
[2023-03-11 01:02:25.979] [info] CMC::computeControls, t = 1.127
[2023-03-11 01:02:25.996] [info] CMC::computeControls, t = 1.128
[2023-03-11 01:02:26.019] [info] CMC::computeControls, t = 1.129
[2023-03-11 01:02:26.055] [info] CMC::computeControls, t = 1.13
[2023-03-11 01:02:26.087] [info] CMC::computeControls, t = 1.131
[2023-03-11 01:02:26.104] [info] CMC::computeControls, t = 1.132
[2023-03-11 01:02:26.121] [info] CMC::computeControls, t = 1.133
[2023-03-11 01:02:26.147] [info] CMC::computeControls, t = 1.134
[2023-03-11 01:02:26.177] [info] CMC::computeControls, t = 1.135
[2023-03-11 01:02:26.199] [info] CMC::computeControls, t = 1.136
[2023-03-11 01:02:26.219] [info] CMC::computeControls, t = 1.137
[2023-03-11 01:02:26.244] [info] CMC::computeControls, t = 1.138
[2023-03-11 01:02:26.270] [info] CMC::computeControls, t = 1.139
[2023-03-11 01:02:26.294] [info] CMC::computeControls, t = 1.14
[2023-03-11 01:02:26.320] [info] CMC::computeControls, t = 1.141
[2023-03-11 01:02:26.336] [info] CMC::computeControls, t = 1.142
[2023-03-11 01:02:26.353] [info] CMC::computeControls, t = 1.143
[2023-03-11 01:02:26.385] [info] CMC::computeControls, t = 1.144
[2023-03-11 01:02:26.403] [info] CMC::computeControls, t = 1.145
[2023-03-11 01:02:26.420] [info] CMC::computeControls, t = 1.146
[2023-03-11 01:02:26.449] [info] CMC::computeControls, t = 1.147
[2023-03-11 01:02:26.479] [info] CMC::computeControls, t = 1.148
[2023-03-11 01:02:26.511] [info] CMC::computeControls, t = 1.149
[2023-03-11 01:02:26.537] [info] CMC::computeControls, t = 1.15
[2023-03-11 01:02:26.556] [info] CMC::computeControls, t = 1.151
[2023-03-11 01:02:26.583] [info] CMC::computeControls, t = 1.152
[2023-03-11 01:02:26.607] [info] CMC::computeControls, t = 1.153
[2023-03-11 01:02:26.634] [info] CMC::computeControls, t = 1.154
[2023-03-11 01:02:26.666] [info] CMC::computeControls, t = 1.155
[2023-03-11 01:02:26.682] [info] CMC::computeControls, t = 1.156
[2023-03-11 01:02:26.700] [info] CMC::computeControls, t = 1.157
[2023-03-11 01:02:26.727] [info] CMC::computeControls, t = 1.158
[2023-03-11 01:02:26.745] [info] CMC::computeControls, t = 1.159
[2023-03-11 01:02:26.764] [info] CMC::computeControls, t = 1.16
[2023-03-11 01:02:26.780] [info] CMC::computeControls, t = 1.161
[2023-03-11 01:02:26.796] [info] CMC::computeControls, t = 1.162
[2023-03-11 01:02:26.825] [info] CMC::computeControls, t = 1.163
[2023-03-11 01:02:26.841] [info] CMC::computeControls, t = 1.164
[2023-03-11 01:02:26.868] [info] CMC::computeControls, t = 1.165
[2023-03-11 01:02:26.883] [info] CMC::computeControls, t = 1.166
[2023-03-11 01:02:26.908] [info] CMC::computeControls, t = 1.167
[2023-03-11 01:02:26.925] [info] CMC::computeControls, t = 1.168
[2023-03-11 01:02:26.948] [info] CMC::computeControls, t = 1.169
[2023-03-11 01:02:26.980] [info] CMC::computeControls, t = 1.17
[2023-03-11 01:02:27.012] [info] CMC::computeControls, t = 1.171
[2023-03-11 01:02:27.050] [info] CMC::computeControls, t = 1.172
[2023-03-11 01:02:27.095] [info] CMC::computeControls, t = 1.173
[2023-03-11 01:02:27.126] [info] CMC::computeControls, t = 1.174
[2023-03-11 01:02:27.153] [info] CMC::computeControls, t = 1.175
[2023-03-11 01:02:27.185] [info] CMC::computeControls, t = 1.176
[2023-03-11 01:02:27.215] [info] CMC::computeControls, t = 1.177
[2023-03-11 01:02:27.231] [info] CMC::computeControls, t = 1.178
[2023-03-11 01:02:27.265] [info] CMC::computeControls, t = 1.179
[2023-03-11 01:02:27.286] [info] CMC::computeControls, t = 1.18
[2023-03-11 01:02:27.308] [info] CMC::computeControls, t = 1.181
[2023-03-11 01:02:27.342] [info] CMC::computeControls, t = 1.182
[2023-03-11 01:02:27.380] [info] CMC::computeControls, t = 1.183
[2023-03-11 01:02:27.401] [info] CMC::computeControls, t = 1.184
[2023-03-11 01:02:27.432] [info] CMC::computeControls, t = 1.185
[2023-03-11 01:02:27.458] [info] CMC::computeControls, t = 1.186
[2023-03-11 01:02:27.480] [info] CMC::computeControls, t = 1.187
[2023-03-11 01:02:27.496] [info] CMC::computeControls, t = 1.188
[2023-03-11 01:02:27.534] [info] CMC::computeControls, t = 1.189
[2023-03-11 01:02:27.565] [info] CMC::computeControls, t = 1.19
[2023-03-11 01:02:27.603] [info] CMC::computeControls, t = 1.191
[2023-03-11 01:02:27.638] [info] CMC::computeControls, t = 1.192
[2023-03-11 01:02:27.663] [info] CMC::computeControls, t = 1.193
[2023-03-11 01:02:27.679] [info] CMC::computeControls, t = 1.194
[2023-03-11 01:02:27.704] [info] CMC::computeControls, t = 1.195
[2023-03-11 01:02:27.722] [info] CMC::computeControls, t = 1.196
[2023-03-11 01:02:27.747] [info] CMC::computeControls, t = 1.197
[2023-03-11 01:02:27.770] [info] CMC::computeControls, t = 1.198
[2023-03-11 01:02:27.785] [info] CMC::computeControls, t = 1.199
[2023-03-11 01:02:27.804] [info] CMC::computeControls, t = 1.2
[2023-03-11 01:02:27.829] [info] CMC::computeControls, t = 1.20100
[2023-03-11 01:02:27.861] [info] CMC::computeControls, t = 1.20200
[2023-03-11 01:02:27.889] [info] CMC::computeControls, t = 1.20300
[2023-03-11 01:02:27.910] [info] CMC::computeControls, t = 1.20400
[2023-03-11 01:02:27.928] [info] CMC::computeControls, t = 1.20500
[2023-03-11 01:02:27.947] [info] CMC::computeControls, t = 1.20600
[2023-03-11 01:02:27.965] [info] CMC::computeControls, t = 1.20700
[2023-03-11 01:02:27.995] [info] CMC::computeControls, t = 1.20800
[2023-03-11 01:02:28.019] [info] CMC::computeControls, t = 1.20900
[2023-03-11 01:02:28.046] [info] CMC::computeControls, t = 1.21
[2023-03-11 01:02:28.074] [info] CMC::computeControls, t = 1.211
[2023-03-11 01:02:28.098] [info] CMC::computeControls, t = 1.212
[2023-03-11 01:02:28.114] [info] CMC::computeControls, t = 1.213
[2023-03-11 01:02:28.148] [info] CMC::computeControls, t = 1.214
[2023-03-11 01:02:28.171] [info] CMC::computeControls, t = 1.215
[2023-03-11 01:02:28.200] [info] CMC::computeControls, t = 1.216
[2023-03-11 01:02:28.231] [info] CMC::computeControls, t = 1.217
[2023-03-11 01:02:28.272] [info] CMC::computeControls, t = 1.218
[2023-03-11 01:02:28.296] [info] CMC::computeControls, t = 1.219
[2023-03-11 01:02:28.317] [info] CMC::computeControls, t = 1.22
[2023-03-11 01:02:28.355] [info] CMC::computeControls, t = 1.221
[2023-03-11 01:02:28.385] [info] CMC::computeControls, t = 1.222
[2023-03-11 01:02:28.407] [info] CMC::computeControls, t = 1.223
[2023-03-11 01:02:28.427] [info] CMC::computeControls, t = 1.224
[2023-03-11 01:02:28.446] [info] CMC::computeControls, t = 1.225
[2023-03-11 01:02:28.474] [info] CMC::computeControls, t = 1.226
[2023-03-11 01:02:28.501] [info] CMC::computeControls, t = 1.227
[2023-03-11 01:02:28.518] [info] CMC::computeControls, t = 1.228
[2023-03-11 01:02:28.536] [info] CMC::computeControls, t = 1.229
[2023-03-11 01:02:28.574] [info] CMC::computeControls, t = 1.23
[2023-03-11 01:02:28.614] [info] CMC::computeControls, t = 1.231
[2023-03-11 01:02:28.641] [info] CMC::computeControls, t = 1.232
[2023-03-11 01:02:28.674] [info] CMC::computeControls, t = 1.233
[2023-03-11 01:02:28.701] [info] CMC::computeControls, t = 1.234
[2023-03-11 01:02:28.748] [info] CMC::computeControls, t = 1.235
[2023-03-11 01:02:28.775] [info] CMC::computeControls, t = 1.236
[2023-03-11 01:02:28.802] [info] CMC::computeControls, t = 1.237
[2023-03-11 01:02:28.823] [info] CMC::computeControls, t = 1.238
[2023-03-11 01:02:28.839] [info] CMC::computeControls, t = 1.239
[2023-03-11 01:02:28.854] [info] CMC::computeControls, t = 1.24
[2023-03-11 01:02:28.875] [info] CMC::computeControls, t = 1.241
[2023-03-11 01:02:28.905] [info] CMC::computeControls, t = 1.242
[2023-03-11 01:02:28.935] [info] CMC::computeControls, t = 1.243
[2023-03-11 01:02:28.967] [info] CMC::computeControls, t = 1.244
[2023-03-11 01:02:28.988] [info] CMC::computeControls, t = 1.245
[2023-03-11 01:02:29.007] [info] CMC::computeControls, t = 1.246
[2023-03-11 01:02:29.042] [info] CMC::computeControls, t = 1.247
[2023-03-11 01:02:29.072] [info] -------------------------------------------
[2023-03-11 01:02:29.072] [info] Finished tracking the specified kinematics:
[2023-03-11 01:02:29.072] [info] -------------------------------------------
[2023-03-11 01:02:29.072] [info]  -- Start time = Sat Mar 11 01:02:14 2023
[2023-03-11 01:02:29.072] [info]  -- Finish time = Sat Mar 11 01:02:29 2023
[2023-03-11 01:02:29.072] [info]  -- Elapsed time = 15.0 seconds.
[2023-03-11 01:02:29.072] [info] -------------------------------------------
[2023-03-11 01:02:29.072] [info] 
[2023-03-11 01:02:29.072] [info] Printing results of investigation subject11_run5_cycle2 to cycle2/
[2023-03-11 01:02:29.668] [info] 

************************************************************
*      Summary of Mass Adjustments to Reduce Residuals     *
************************************************************
* Body adjusted: torso
* Mass Center (COM) adjustment: dx =-0.0818887, dz =-0.00365696
* New COM location: ~[0.0518338,0.320585,0.00365696]
************************************************************
* Recommended mass adjustments:                             
*  Total mass change: 1.66638
*  pelvis: orig mass = 10.8666, new mass = 11.1277
*  femur_r: orig mass = 8.58239, new mass = 8.7886
*  tibia_r: orig mass = 3.42091, new mass = 3.5031
*  talus_r: orig mass = 0.0922699, new mass = 0.0944868
*  calcn_r: orig mass = 1.15337, new mass = 1.18109
*  toes_r: orig mass = 0.199857, new mass = 0.204658
*  femur_l: orig mass = 8.58239, new mass = 8.7886
*  tibia_l: orig mass = 3.42091, new mass = 3.5031
*  talus_l: orig mass = 0.0922699, new mass = 0.0944868
*  calcn_l: orig mass = 1.15337, new mass = 1.18109
*  toes_l: orig mass = 0.199857, new mass = 0.204658
*  torso: orig mass = 24.7529, new mass = 25.3476
*  humerus_r: orig mass = 1.87538, new mass = 1.92044
*  ulna_r: orig mass = 0.560539, new mass = 0.574008
*  radius_r: orig mass = 0.560539, new mass = 0.574008
*  hand_r: orig mass = 0.422135, new mass = 0.432277
*  humerus_l: orig mass = 1.87538, new mass = 1.92044
*  ulna_l: orig mass = 0.560539, new mass = 0.574008
*  radius_l: orig mass = 0.560539, new mass = 0.574008
*  hand_l: orig mass = 0.422135, new mass = 0.432277
************************************************************
* Note: Edit the model to make recommended adjustments to  *
*       mass properties.                                   *
************************************************************

* Average residuals before adjusting torso COM:
*  FX=-4.982 FY=-16.3416 FZ=-1.53917
*  MX=0.887701 MY=2.66209 MZ=-19.8779
************************************************************
* Average residuals after adjusting torso COM:
*  FX=-4.74718 FY=-16.2139 FZ=-0.611508
*  MX=0.200553 MY=2.1417 MZ=-1.3107
************************************************************


[2023-03-11 01:02:29.677] [info] 
************************************************************
*                   Final Average Residuals                *
************************************************************
* After torso COM and Kinematics adjustments:
*  FX=7.90416 FY=-6.2978 FZ=-0.593865
*  MX=-1.13728 MY=-1.93481 MZ=10.4797
************************************************************


