[2023-08-15 22:05:04.475] [info] AbstractTool subject03_run5_cycle1_iter1 loading model ..\..\..\model\subject03_adjusted_scaled.osim
[2023-08-15 22:05:04.513] [info] Loaded model subject03_scaled from file ..\..\..\model\subject03_adjusted_scaled.osim
[2023-08-15 22:05:04.549] [info] Adding force object set from ..\subject03_run5_RRA_Actuators.xml
[2023-08-15 22:05:04.565] [info] Running tool subject03_run5_cycle1_iter1.
[2023-08-15 22:05:04.576] [warning] ExternalLoads 'externalloads' has subcomponents with duplicate name 'externalforce'. The duplicate is being renamed to 'externalforce_0'.
[2023-08-15 22:05:04.606] [info] 	taskSet size = 29.
[2023-08-15 22:05:04.670] [info] ExternalForce::externalforce Data source being set to Run_500 03_newCOP3_v24.mot
[2023-08-15 22:05:04.670] [info] ExternalForce::externalforce_0 Data source being set to Run_500 03_newCOP3_v24.mot
[2023-08-15 22:05:04.673] [warning] A desired points file was not specified.
[2023-08-15 22:05:04.673] [info] Loading desired kinematics from file '..\..\..\ik\Run_5.mot'...
[2023-08-15 22:05:04.673] [info] Old version storage/motion file encountered
[2023-08-15 22:05:04.673] [info] Storage: read data file = ..\..\..\ik\Run_5.mot (nr=364 nc=173)
[2023-08-15 22:05:04.673] [info] .. assuming rotations in Degrees..
[2023-08-15 22:05:04.707] [info] Low-pass filtering desired kinematics with a cutoff frequency of 15.0...
[2023-08-15 22:05:04.831] [cout] [info] MODEL: subject03_scaled

numStates = 74
numCoordinates = 37
numSpeeds = 37
numActuators = 29
numBodies = 20
numConstraints = 0
numProbes = 0

ANALYSES (total: 0)

BODIES (total: 20)
body[0] = pelvis. mass: 10.028
              moments of inertia:  ~[0.106728,0.106728,0.0523826]
              products of inertia: ~[0,0,0]
body[1] = femur_r. mass: 7.92005
              moments of inertia:  ~[0.139404,0.0365429,0.147004]
              products of inertia: ~[0,0,0]
body[2] = tibia_r. mass: 3.1569
              moments of inertia:  ~[0.0484375,0.0041671,0.0484375]
              products of inertia: ~[0,0,0]
body[3] = talus_r. mass: 0.085149
              moments of inertia:  ~[0.000953409,0.000953409,0.000953409]
              products of inertia: ~[0,0,0]
body[4] = calcn_r. mass: 1.06436
              moments of inertia:  ~[0.00133477,0.00371829,0.00390898]
              products of inertia: ~[0,0,0]
body[5] = toes_r. mass: 0.184433
              moments of inertia:  ~[9.53409e-05,0.000190682,0.000953409]
              products of inertia: ~[0,0,0]
body[6] = femur_l. mass: 7.92005
              moments of inertia:  ~[0.139404,0.0365429,0.147004]
              products of inertia: ~[0,0,0]
body[7] = tibia_l. mass: 3.1569
              moments of inertia:  ~[0.0484375,0.0041671,0.0484375]
              products of inertia: ~[0,0,0]
body[8] = talus_l. mass: 0.085149
              moments of inertia:  ~[0.000953409,0.000953409,0.000953409]
              products of inertia: ~[0,0,0]
body[9] = calcn_l. mass: 1.06436
              moments of inertia:  ~[0.00133477,0.00371829,0.00390898]
              products of inertia: ~[0,0,0]
body[10] = toes_l. mass: 0.184433
              moments of inertia:  ~[9.53409e-05,0.000190682,0.000953409]
              products of inertia: ~[0,0,0]
body[11] = torso. mass: 22.8426
              moments of inertia:  ~[1.34416,0.688715,1.30487]
              products of inertia: ~[0,0,0]
body[12] = humerus_r. mass: 1.73065
              moments of inertia:  ~[0.0130498,0.00450178,0.014648]
              products of inertia: ~[0,0,0]
body[13] = ulna_r. mass: 0.51728
              moments of inertia:  ~[0.00303753,0.000633759,0.00329493]
              products of inertia: ~[0,0,0]
body[14] = radius_r. mass: 0.51728
              moments of inertia:  ~[0.00303753,0.000633759,0.00329493]
              products of inertia: ~[0,0,0]
body[15] = hand_r. mass: 0.389557
              moments of inertia:  ~[0.000914746,0.000560949,0.00137417]
              products of inertia: ~[0,0,0]
body[16] = humerus_l. mass: 1.73065
              moments of inertia:  ~[0.0130498,0.00450178,0.014648]
              products of inertia: ~[0,0,0]
body[17] = ulna_l. mass: 0.51728
              moments of inertia:  ~[0.00303753,0.000633759,0.00329493]
              products of inertia: ~[0,0,0]
body[18] = radius_l. mass: 0.51728
              moments of inertia:  ~[0.00303753,0.000633759,0.00329493]
              products of inertia: ~[0,0,0]
body[19] = hand_l. mass: 0.389557
              moments of inertia:  ~[0.000914746,0.000560949,0.00137417]
              products of inertia: ~[0,0,0]

JOINTS (total: 20)
joint[0] = ground_pelvis. parent: ground_offset, child: pelvis_offset
joint[1] = hip_r. parent: pelvis_offset, child: femur_r_offset
joint[2] = knee_r. parent: femur_r_offset, child: tibia_r_offset
joint[3] = ankle_r. parent: tibia_r_offset, child: talus_r_offset
joint[4] = subtalar_r. parent: talus_r_offset, child: calcn_r_offset
joint[5] = mtp_r. parent: calcn_r_offset, child: toes_r_offset
joint[6] = hip_l. parent: pelvis_offset, child: femur_l_offset
joint[7] = knee_l. parent: femur_l_offset, child: tibia_l_offset
joint[8] = ankle_l. parent: tibia_l_offset, child: talus_l_offset
joint[9] = subtalar_l. parent: talus_l_offset, child: calcn_l_offset
joint[10] = mtp_l. parent: calcn_l_offset, child: toes_l_offset
joint[11] = back. parent: pelvis_offset, child: torso_offset
joint[12] = acromial_r. parent: torso_offset, child: humerus_r_offset
joint[13] = elbow_r. parent: humerus_r_offset, child: ulna_r_offset
joint[14] = radioulnar_r. parent: ulna_r_offset, child: radius_r_offset
joint[15] = radius_hand_r. parent: radius_r_offset, child: hand_r_offset
joint[16] = acromial_l. parent: torso_offset, child: humerus_l_offset
joint[17] = elbow_l. parent: humerus_l_offset, child: ulna_l_offset
joint[18] = radioulnar_l. parent: ulna_l_offset, child: radius_l_offset
joint[19] = radius_hand_l. parent: radius_l_offset, child: hand_l_offset

ACTUATORS (total: 29)
actuator[0] = FX
actuator[1] = FY
actuator[2] = FZ
actuator[3] = MZ
actuator[4] = MX
actuator[5] = MY
actuator[6] = hip_flexion_r
actuator[7] = hip_adduction_r
actuator[8] = hip_rotation_r
actuator[9] = knee_angle_r
actuator[10] = ankle_angle_r
actuator[11] = hip_flexion_l
actuator[12] = hip_adduction_l
actuator[13] = hip_rotation_l
actuator[14] = knee_angle_l
actuator[15] = ankle_angle_l
actuator[16] = lumbar_extension
actuator[17] = lumbar_bending
actuator[18] = lumbar_rotation
actuator[19] = arm_flex_r
actuator[20] = arm_add_r
actuator[21] = arm_rot_r
actuator[22] = elbow_flex_r
actuator[23] = pro_sup_r
actuator[24] = arm_flex_l
actuator[25] = arm_add_l
actuator[26] = arm_rot_l
actuator[27] = elbow_flex_l
actuator[28] = pro_sup_l

STATES (total: 74)
y[0] = /jointset/ground_pelvis/pelvis_tilt/value
y[1] = /jointset/ground_pelvis/pelvis_tilt/speed
y[2] = /jointset/ground_pelvis/pelvis_list/value
y[3] = /jointset/ground_pelvis/pelvis_list/speed
y[4] = /jointset/ground_pelvis/pelvis_rotation/value
y[5] = /jointset/ground_pelvis/pelvis_rotation/speed
y[6] = /jointset/ground_pelvis/pelvis_tx/value
y[7] = /jointset/ground_pelvis/pelvis_tx/speed
y[8] = /jointset/ground_pelvis/pelvis_ty/value
y[9] = /jointset/ground_pelvis/pelvis_ty/speed
y[10] = /jointset/ground_pelvis/pelvis_tz/value
y[11] = /jointset/ground_pelvis/pelvis_tz/speed
y[12] = /jointset/hip_r/hip_flexion_r/value
y[13] = /jointset/hip_r/hip_flexion_r/speed
y[14] = /jointset/hip_r/hip_adduction_r/value
y[15] = /jointset/hip_r/hip_adduction_r/speed
y[16] = /jointset/hip_r/hip_rotation_r/value
y[17] = /jointset/hip_r/hip_rotation_r/speed
y[18] = /jointset/knee_r/knee_angle_r/value
y[19] = /jointset/knee_r/knee_angle_r/speed
y[20] = /jointset/ankle_r/ankle_angle_r/value
y[21] = /jointset/ankle_r/ankle_angle_r/speed
y[22] = /jointset/subtalar_r/subtalar_angle_r/value
y[23] = /jointset/subtalar_r/subtalar_angle_r/speed
y[24] = /jointset/mtp_r/mtp_angle_r/value
y[25] = /jointset/mtp_r/mtp_angle_r/speed
y[26] = /jointset/hip_l/hip_flexion_l/value
y[27] = /jointset/hip_l/hip_flexion_l/speed
y[28] = /jointset/hip_l/hip_adduction_l/value
y[29] = /jointset/hip_l/hip_adduction_l/speed
y[30] = /jointset/hip_l/hip_rotation_l/value
y[31] = /jointset/hip_l/hip_rotation_l/speed
y[32] = /jointset/knee_l/knee_angle_l/value
y[33] = /jointset/knee_l/knee_angle_l/speed
y[34] = /jointset/ankle_l/ankle_angle_l/value
y[35] = /jointset/ankle_l/ankle_angle_l/speed
y[36] = /jointset/subtalar_l/subtalar_angle_l/value
y[37] = /jointset/subtalar_l/subtalar_angle_l/speed
y[38] = /jointset/mtp_l/mtp_angle_l/value
y[39] = /jointset/mtp_l/mtp_angle_l/speed
y[40] = /jointset/back/lumbar_extension/value
y[41] = /jointset/back/lumbar_extension/speed
y[42] = /jointset/back/lumbar_bending/value
y[43] = /jointset/back/lumbar_bending/speed
y[44] = /jointset/back/lumbar_rotation/value
y[45] = /jointset/back/lumbar_rotation/speed
y[46] = /jointset/acromial_r/arm_flex_r/value
y[47] = /jointset/acromial_r/arm_flex_r/speed
y[48] = /jointset/acromial_r/arm_add_r/value
y[49] = /jointset/acromial_r/arm_add_r/speed
y[50] = /jointset/acromial_r/arm_rot_r/value
y[51] = /jointset/acromial_r/arm_rot_r/speed
y[52] = /jointset/elbow_r/elbow_flex_r/value
y[53] = /jointset/elbow_r/elbow_flex_r/speed
y[54] = /jointset/radioulnar_r/pro_sup_r/value
y[55] = /jointset/radioulnar_r/pro_sup_r/speed
y[56] = /jointset/radius_hand_r/wrist_flex_r/value
y[57] = /jointset/radius_hand_r/wrist_flex_r/speed
y[58] = /jointset/radius_hand_r/wrist_dev_r/value
y[59] = /jointset/radius_hand_r/wrist_dev_r/speed
y[60] = /jointset/acromial_l/arm_flex_l/value
y[61] = /jointset/acromial_l/arm_flex_l/speed
y[62] = /jointset/acromial_l/arm_add_l/value
y[63] = /jointset/acromial_l/arm_add_l/speed
y[64] = /jointset/acromial_l/arm_rot_l/value
y[65] = /jointset/acromial_l/arm_rot_l/speed
y[66] = /jointset/elbow_l/elbow_flex_l/value
y[67] = /jointset/elbow_l/elbow_flex_l/speed
y[68] = /jointset/radioulnar_l/pro_sup_l/value
y[69] = /jointset/radioulnar_l/pro_sup_l/speed
y[70] = /jointset/radius_hand_l/wrist_flex_l/value
y[71] = /jointset/radius_hand_l/wrist_flex_l/speed
y[72] = /jointset/radius_hand_l/wrist_dev_l/value
y[73] = /jointset/radius_hand_l/wrist_dev_l/speed

[2023-08-15 22:05:05.041] [info] Requested COM adjustment time range 0.3255 to 0.913, clamped to nearest available data times: 0.32 to 0.91.
[2023-08-15 22:05:05.041] [info] Computing average residuals between 0.32 and 0.91...
[2023-08-15 22:05:05.110] [info] ExternalForce::externalforce Data source being set to Run_500 03_newCOP3_v24.mot
[2023-08-15 22:05:05.110] [info] ExternalForce::externalforce_0 Data source being set to Run_500 03_newCOP3_v24.mot
[2023-08-15 22:05:05.165] [info] ExternalForce::externalforce Data source being set to Run_500 03_newCOP3_v24.mot
[2023-08-15 22:05:05.165] [info] ExternalForce::externalforce_0 Data source being set to Run_500 03_newCOP3_v24.mot
[2023-08-15 22:05:06.075] [info] ExternalForce::externalforce Data source being set to Run_500 03_newCOP3_v24.mot
[2023-08-15 22:05:06.076] [info] ExternalForce::externalforce_0 Data source being set to Run_500 03_newCOP3_v24.mot
[2023-08-15 22:05:06.079] [info] Computing average residuals between 0.32 and 0.91...
[2023-08-15 22:05:06.146] [info] ExternalForce::externalforce Data source being set to Run_500 03_newCOP3_v24.mot
[2023-08-15 22:05:06.146] [info] ExternalForce::externalforce_0 Data source being set to Run_500 03_newCOP3_v24.mot
[2023-08-15 22:05:06.204] [info] ExternalForce::externalforce Data source being set to Run_500 03_newCOP3_v24.mot
[2023-08-15 22:05:06.204] [info] ExternalForce::externalforce_0 Data source being set to Run_500 03_newCOP3_v24.mot
[2023-08-15 22:05:07.085] [info] Constructing function set for tracking desired kinematics...
[2023-08-15 22:05:07.451] [warning] No Actuation analysis found in analysis set, adding one...
[2023-08-15 22:05:07.451] [warning] No Kinematics analysis found in analysis set, adding one...
[2023-08-15 22:05:07.453] [info] Using the generalized coordinates specified in '..\..\..\ik\Run_5.mot' to set the initial configuration.
[2023-08-15 22:05:07.540] [info] Using IPOPT optimizer algorithm.
[2023-08-15 22:05:07.540] [info] Setting optimizer print level to 0.
[2023-08-15 22:05:07.540] [info] Setting optimizer convergence tolerance to 1.0e-05.
[2023-08-15 22:05:07.540] [info] Setting optimizer maximum iterations to 2000.
[2023-08-15 22:05:07.540] [info] Setting cmc controller to not use verbose printing.

[2023-08-15 22:05:07.541] [info] CMC::computeControls, t = 0.3255
[2023-08-15 22:05:08.245] [info] --------------------------------------------
[2023-08-15 22:05:08.245] [info] Using CMC to track the specified kinematics:
[2023-08-15 22:05:08.245] [info] --------------------------------------------
[2023-08-15 22:05:08.245] [info]  -- Integrating from 0.3255 to 0.913
[2023-08-15 22:05:08.245] [info]  -- Start time = Tue Aug 15 22:05:08 2023
[2023-08-15 22:05:08.246] [info] --------------------------------------------
[2023-08-15 22:05:08.246] [info] 
[2023-08-15 22:05:08.249] [info] CMC::computeControls, t = 0.3255
[2023-08-15 22:05:08.275] [info] CMC::computeControls, t = 0.3265
[2023-08-15 22:05:08.275] [warning] Coordinate.setValue:  coordinate subtalar_angle_r is locked. Unable to change its value.
[2023-08-15 22:05:08.275] [warning] Coordinate.setValue:  coordinate mtp_angle_r is locked. Unable to change its value.
[2023-08-15 22:05:08.275] [warning] Coordinate.setValue:  coordinate subtalar_angle_l is locked. Unable to change its value.
[2023-08-15 22:05:08.275] [warning] Coordinate.setValue:  coordinate mtp_angle_l is locked. Unable to change its value.
[2023-08-15 22:05:08.275] [warning] Coordinate.setValue:  coordinate wrist_flex_r is locked. Unable to change its value.
[2023-08-15 22:05:08.275] [warning] Coordinate.setValue:  coordinate wrist_dev_r is locked. Unable to change its value.
[2023-08-15 22:05:08.275] [warning] Coordinate.setValue:  coordinate wrist_flex_l is locked. Unable to change its value.
[2023-08-15 22:05:08.275] [warning] Coordinate.setValue:  coordinate wrist_dev_l is locked. Unable to change its value.
[2023-08-15 22:05:08.295] [info] CMC::computeControls, t = 0.3275
[2023-08-15 22:05:08.312] [info] CMC::computeControls, t = 0.3285
[2023-08-15 22:05:08.330] [info] CMC::computeControls, t = 0.3295
[2023-08-15 22:05:08.346] [info] CMC::computeControls, t = 0.330500
[2023-08-15 22:05:08.364] [info] CMC::computeControls, t = 0.3315
[2023-08-15 22:05:08.380] [info] CMC::computeControls, t = 0.3325
[2023-08-15 22:05:08.397] [info] CMC::computeControls, t = 0.3335
[2023-08-15 22:05:08.415] [info] CMC::computeControls, t = 0.3345
[2023-08-15 22:05:08.431] [info] CMC::computeControls, t = 0.3355
[2023-08-15 22:05:08.448] [info] CMC::computeControls, t = 0.3365
[2023-08-15 22:05:08.465] [info] CMC::computeControls, t = 0.3375
[2023-08-15 22:05:08.481] [info] CMC::computeControls, t = 0.3385
[2023-08-15 22:05:08.498] [info] CMC::computeControls, t = 0.3395
[2023-08-15 22:05:08.514] [info] CMC::computeControls, t = 0.340500
[2023-08-15 22:05:08.531] [info] CMC::computeControls, t = 0.3415
[2023-08-15 22:05:08.548] [info] CMC::computeControls, t = 0.3425
[2023-08-15 22:05:08.564] [info] CMC::computeControls, t = 0.3435
[2023-08-15 22:05:08.581] [info] CMC::computeControls, t = 0.3445
[2023-08-15 22:05:08.597] [info] CMC::computeControls, t = 0.3455
[2023-08-15 22:05:08.614] [info] CMC::computeControls, t = 0.3465
[2023-08-15 22:05:08.630] [info] CMC::computeControls, t = 0.3475
[2023-08-15 22:05:08.650] [info] CMC::computeControls, t = 0.3485
[2023-08-15 22:05:08.667] [info] CMC::computeControls, t = 0.3495
[2023-08-15 22:05:08.683] [info] CMC::computeControls, t = 0.350500
[2023-08-15 22:05:08.700] [info] CMC::computeControls, t = 0.3515
[2023-08-15 22:05:08.717] [info] CMC::computeControls, t = 0.3525
[2023-08-15 22:05:08.735] [info] CMC::computeControls, t = 0.3535
[2023-08-15 22:05:08.751] [info] CMC::computeControls, t = 0.3545
[2023-08-15 22:05:08.768] [info] CMC::computeControls, t = 0.3555
[2023-08-15 22:05:08.784] [info] CMC::computeControls, t = 0.3565
[2023-08-15 22:05:08.800] [info] CMC::computeControls, t = 0.3575
[2023-08-15 22:05:08.817] [info] CMC::computeControls, t = 0.3585
[2023-08-15 22:05:08.833] [info] CMC::computeControls, t = 0.3595
[2023-08-15 22:05:08.850] [info] CMC::computeControls, t = 0.360500
[2023-08-15 22:05:08.866] [info] CMC::computeControls, t = 0.3615
[2023-08-15 22:05:08.883] [info] CMC::computeControls, t = 0.3625
[2023-08-15 22:05:08.899] [info] CMC::computeControls, t = 0.3635
[2023-08-15 22:05:08.916] [info] CMC::computeControls, t = 0.3645
[2023-08-15 22:05:08.932] [info] CMC::computeControls, t = 0.3655
[2023-08-15 22:05:08.949] [info] CMC::computeControls, t = 0.3665
[2023-08-15 22:05:08.965] [info] CMC::computeControls, t = 0.3675
[2023-08-15 22:05:08.982] [info] CMC::computeControls, t = 0.3685
[2023-08-15 22:05:08.998] [info] CMC::computeControls, t = 0.3695
[2023-08-15 22:05:09.015] [info] CMC::computeControls, t = 0.370500
[2023-08-15 22:05:09.031] [info] CMC::computeControls, t = 0.3715
[2023-08-15 22:05:09.048] [info] CMC::computeControls, t = 0.3725
[2023-08-15 22:05:09.064] [info] CMC::computeControls, t = 0.3735
[2023-08-15 22:05:09.082] [info] CMC::computeControls, t = 0.3745
[2023-08-15 22:05:09.098] [info] CMC::computeControls, t = 0.3755
[2023-08-15 22:05:09.114] [info] CMC::computeControls, t = 0.3765
[2023-08-15 22:05:09.130] [info] CMC::computeControls, t = 0.3775
[2023-08-15 22:05:09.146] [info] CMC::computeControls, t = 0.3785
[2023-08-15 22:05:09.161] [info] CMC::computeControls, t = 0.3795
[2023-08-15 22:05:09.177] [info] CMC::computeControls, t = 0.380500
[2023-08-15 22:05:09.192] [info] CMC::computeControls, t = 0.3815
[2023-08-15 22:05:09.208] [info] CMC::computeControls, t = 0.3825
[2023-08-15 22:05:09.224] [info] CMC::computeControls, t = 0.3835
[2023-08-15 22:05:09.240] [info] CMC::computeControls, t = 0.3845
[2023-08-15 22:05:09.256] [info] CMC::computeControls, t = 0.3855
[2023-08-15 22:05:09.272] [info] CMC::computeControls, t = 0.3865
[2023-08-15 22:05:09.288] [info] CMC::computeControls, t = 0.3875
[2023-08-15 22:05:09.304] [info] CMC::computeControls, t = 0.3885
[2023-08-15 22:05:09.320] [info] CMC::computeControls, t = 0.3895
[2023-08-15 22:05:09.336] [info] CMC::computeControls, t = 0.390500
[2023-08-15 22:05:09.352] [info] CMC::computeControls, t = 0.3915
[2023-08-15 22:05:09.368] [info] CMC::computeControls, t = 0.3925
[2023-08-15 22:05:09.384] [info] CMC::computeControls, t = 0.3935
[2023-08-15 22:05:09.401] [info] CMC::computeControls, t = 0.3945
[2023-08-15 22:05:09.417] [info] CMC::computeControls, t = 0.3955
[2023-08-15 22:05:09.433] [info] CMC::computeControls, t = 0.3965
[2023-08-15 22:05:09.449] [info] CMC::computeControls, t = 0.3975
[2023-08-15 22:05:09.465] [info] CMC::computeControls, t = 0.3985
[2023-08-15 22:05:09.481] [info] CMC::computeControls, t = 0.3995
[2023-08-15 22:05:09.497] [info] CMC::computeControls, t = 0.400500
[2023-08-15 22:05:09.513] [info] CMC::computeControls, t = 0.401500
[2023-08-15 22:05:09.530] [info] CMC::computeControls, t = 0.402500
[2023-08-15 22:05:09.549] [info] CMC::computeControls, t = 0.403500
[2023-08-15 22:05:09.565] [info] CMC::computeControls, t = 0.404500
[2023-08-15 22:05:09.581] [info] CMC::computeControls, t = 0.405500
[2023-08-15 22:05:09.596] [info] CMC::computeControls, t = 0.406500
[2023-08-15 22:05:09.612] [info] CMC::computeControls, t = 0.407500
[2023-08-15 22:05:09.628] [info] CMC::computeControls, t = 0.408500
[2023-08-15 22:05:09.644] [info] CMC::computeControls, t = 0.409500
[2023-08-15 22:05:09.660] [info] CMC::computeControls, t = 0.410500
[2023-08-15 22:05:09.675] [info] CMC::computeControls, t = 0.4115
[2023-08-15 22:05:09.691] [info] CMC::computeControls, t = 0.4125
[2023-08-15 22:05:09.707] [info] CMC::computeControls, t = 0.4135
[2023-08-15 22:05:09.723] [info] CMC::computeControls, t = 0.4145
[2023-08-15 22:05:09.739] [info] CMC::computeControls, t = 0.4155
[2023-08-15 22:05:09.757] [info] CMC::computeControls, t = 0.4165
[2023-08-15 22:05:09.774] [info] CMC::computeControls, t = 0.4175
[2023-08-15 22:05:09.789] [info] CMC::computeControls, t = 0.4185
[2023-08-15 22:05:09.805] [info] CMC::computeControls, t = 0.4195
[2023-08-15 22:05:09.821] [info] CMC::computeControls, t = 0.420500
[2023-08-15 22:05:09.837] [info] CMC::computeControls, t = 0.4215
[2023-08-15 22:05:09.853] [info] CMC::computeControls, t = 0.4225
[2023-08-15 22:05:09.869] [info] CMC::computeControls, t = 0.4235
[2023-08-15 22:05:09.885] [info] CMC::computeControls, t = 0.4245
[2023-08-15 22:05:09.901] [info] CMC::computeControls, t = 0.4255
[2023-08-15 22:05:09.917] [info] CMC::computeControls, t = 0.4265
[2023-08-15 22:05:09.933] [info] CMC::computeControls, t = 0.4275
[2023-08-15 22:05:09.949] [info] CMC::computeControls, t = 0.4285
[2023-08-15 22:05:09.965] [info] CMC::computeControls, t = 0.4295
[2023-08-15 22:05:09.980] [info] CMC::computeControls, t = 0.430500
[2023-08-15 22:05:09.996] [info] CMC::computeControls, t = 0.4315
[2023-08-15 22:05:10.015] [info] CMC::computeControls, t = 0.4325
[2023-08-15 22:05:10.031] [info] CMC::computeControls, t = 0.4335
[2023-08-15 22:05:10.047] [info] CMC::computeControls, t = 0.4345
[2023-08-15 22:05:10.063] [info] CMC::computeControls, t = 0.4355
[2023-08-15 22:05:10.079] [info] CMC::computeControls, t = 0.4365
[2023-08-15 22:05:10.095] [info] CMC::computeControls, t = 0.4375
[2023-08-15 22:05:10.111] [info] CMC::computeControls, t = 0.4385
[2023-08-15 22:05:10.127] [info] CMC::computeControls, t = 0.4395
[2023-08-15 22:05:10.143] [info] CMC::computeControls, t = 0.440500
[2023-08-15 22:05:10.158] [info] CMC::computeControls, t = 0.4415
[2023-08-15 22:05:10.174] [info] CMC::computeControls, t = 0.4425
[2023-08-15 22:05:10.189] [info] CMC::computeControls, t = 0.4435
[2023-08-15 22:05:10.205] [info] CMC::computeControls, t = 0.4445
[2023-08-15 22:05:10.220] [info] CMC::computeControls, t = 0.4455
[2023-08-15 22:05:10.236] [info] CMC::computeControls, t = 0.4465
[2023-08-15 22:05:10.251] [info] CMC::computeControls, t = 0.4475
[2023-08-15 22:05:10.267] [info] CMC::computeControls, t = 0.4485
[2023-08-15 22:05:10.283] [info] CMC::computeControls, t = 0.4495
[2023-08-15 22:05:10.299] [info] CMC::computeControls, t = 0.450500
[2023-08-15 22:05:10.314] [info] CMC::computeControls, t = 0.4515
[2023-08-15 22:05:10.330] [info] CMC::computeControls, t = 0.4525
[2023-08-15 22:05:10.345] [info] CMC::computeControls, t = 0.4535
[2023-08-15 22:05:10.361] [info] CMC::computeControls, t = 0.4545
[2023-08-15 22:05:10.376] [info] CMC::computeControls, t = 0.4555
[2023-08-15 22:05:10.392] [info] CMC::computeControls, t = 0.4565
[2023-08-15 22:05:10.408] [info] CMC::computeControls, t = 0.4575
[2023-08-15 22:05:10.423] [info] CMC::computeControls, t = 0.4585
[2023-08-15 22:05:10.439] [info] CMC::computeControls, t = 0.4595
[2023-08-15 22:05:10.454] [info] CMC::computeControls, t = 0.460500
[2023-08-15 22:05:10.473] [info] CMC::computeControls, t = 0.4615
[2023-08-15 22:05:10.489] [info] CMC::computeControls, t = 0.4625
[2023-08-15 22:05:10.505] [info] CMC::computeControls, t = 0.4635
[2023-08-15 22:05:10.520] [info] CMC::computeControls, t = 0.4645
[2023-08-15 22:05:10.536] [info] CMC::computeControls, t = 0.4655
[2023-08-15 22:05:10.552] [info] CMC::computeControls, t = 0.4665
[2023-08-15 22:05:10.573] [info] CMC::computeControls, t = 0.4675
[2023-08-15 22:05:10.589] [info] CMC::computeControls, t = 0.4685
[2023-08-15 22:05:10.604] [info] CMC::computeControls, t = 0.4695
[2023-08-15 22:05:10.620] [info] CMC::computeControls, t = 0.470500
[2023-08-15 22:05:10.636] [info] CMC::computeControls, t = 0.4715
[2023-08-15 22:05:10.652] [info] CMC::computeControls, t = 0.4725
[2023-08-15 22:05:10.667] [info] CMC::computeControls, t = 0.4735
[2023-08-15 22:05:10.683] [info] CMC::computeControls, t = 0.4745
[2023-08-15 22:05:10.699] [info] CMC::computeControls, t = 0.4755
[2023-08-15 22:05:10.714] [info] CMC::computeControls, t = 0.4765
[2023-08-15 22:05:10.730] [info] CMC::computeControls, t = 0.4775
[2023-08-15 22:05:10.746] [info] CMC::computeControls, t = 0.4785
[2023-08-15 22:05:10.763] [info] CMC::computeControls, t = 0.4795
[2023-08-15 22:05:10.779] [info] CMC::computeControls, t = 0.480500
[2023-08-15 22:05:10.796] [info] CMC::computeControls, t = 0.4815
[2023-08-15 22:05:10.813] [info] CMC::computeControls, t = 0.4825
[2023-08-15 22:05:10.829] [info] CMC::computeControls, t = 0.4835
[2023-08-15 22:05:10.846] [info] CMC::computeControls, t = 0.4845
[2023-08-15 22:05:10.862] [info] CMC::computeControls, t = 0.4855
[2023-08-15 22:05:10.879] [info] CMC::computeControls, t = 0.4865
[2023-08-15 22:05:10.895] [info] CMC::computeControls, t = 0.4875
[2023-08-15 22:05:10.914] [info] CMC::computeControls, t = 0.4885
[2023-08-15 22:05:10.930] [info] CMC::computeControls, t = 0.4895
[2023-08-15 22:05:10.949] [info] CMC::computeControls, t = 0.490500
[2023-08-15 22:05:10.966] [info] CMC::computeControls, t = 0.4915
[2023-08-15 22:05:10.982] [info] CMC::computeControls, t = 0.4925
[2023-08-15 22:05:10.999] [info] CMC::computeControls, t = 0.4935
[2023-08-15 22:05:11.015] [info] CMC::computeControls, t = 0.4945
[2023-08-15 22:05:11.033] [info] CMC::computeControls, t = 0.4955
[2023-08-15 22:05:11.050] [info] CMC::computeControls, t = 0.4965
[2023-08-15 22:05:11.067] [info] CMC::computeControls, t = 0.4975
[2023-08-15 22:05:11.084] [info] CMC::computeControls, t = 0.4985
[2023-08-15 22:05:11.100] [info] CMC::computeControls, t = 0.4995
[2023-08-15 22:05:11.118] [info] CMC::computeControls, t = 0.500500
[2023-08-15 22:05:11.136] [info] CMC::computeControls, t = 0.501500
[2023-08-15 22:05:11.153] [info] CMC::computeControls, t = 0.502500
[2023-08-15 22:05:11.170] [info] CMC::computeControls, t = 0.503500
[2023-08-15 22:05:11.187] [info] CMC::computeControls, t = 0.504500
[2023-08-15 22:05:11.204] [info] CMC::computeControls, t = 0.505500
[2023-08-15 22:05:11.221] [info] CMC::computeControls, t = 0.506500
[2023-08-15 22:05:11.238] [info] CMC::computeControls, t = 0.507500
[2023-08-15 22:05:11.254] [info] CMC::computeControls, t = 0.508500
[2023-08-15 22:05:11.272] [info] CMC::computeControls, t = 0.509500
[2023-08-15 22:05:11.289] [info] CMC::computeControls, t = 0.510500
[2023-08-15 22:05:11.306] [info] CMC::computeControls, t = 0.5115
[2023-08-15 22:05:11.322] [info] CMC::computeControls, t = 0.5125
[2023-08-15 22:05:11.340] [info] CMC::computeControls, t = 0.5135
[2023-08-15 22:05:11.357] [info] CMC::computeControls, t = 0.5145
[2023-08-15 22:05:11.374] [info] CMC::computeControls, t = 0.5155
[2023-08-15 22:05:11.391] [info] CMC::computeControls, t = 0.5165
[2023-08-15 22:05:11.409] [info] CMC::computeControls, t = 0.5175
[2023-08-15 22:05:11.426] [info] CMC::computeControls, t = 0.5185
[2023-08-15 22:05:11.445] [info] CMC::computeControls, t = 0.5195
[2023-08-15 22:05:11.461] [info] CMC::computeControls, t = 0.520500
[2023-08-15 22:05:11.478] [info] CMC::computeControls, t = 0.5215
[2023-08-15 22:05:11.495] [info] CMC::computeControls, t = 0.5225
[2023-08-15 22:05:11.511] [info] CMC::computeControls, t = 0.5235
[2023-08-15 22:05:11.528] [info] CMC::computeControls, t = 0.5245
[2023-08-15 22:05:11.544] [info] CMC::computeControls, t = 0.5255
[2023-08-15 22:05:11.560] [info] CMC::computeControls, t = 0.5265
[2023-08-15 22:05:11.576] [info] CMC::computeControls, t = 0.5275
[2023-08-15 22:05:11.592] [info] CMC::computeControls, t = 0.5285
[2023-08-15 22:05:11.609] [info] CMC::computeControls, t = 0.5295
[2023-08-15 22:05:11.625] [info] CMC::computeControls, t = 0.530500
[2023-08-15 22:05:11.642] [info] CMC::computeControls, t = 0.5315
[2023-08-15 22:05:11.658] [info] CMC::computeControls, t = 0.5325
[2023-08-15 22:05:11.674] [info] CMC::computeControls, t = 0.5335
[2023-08-15 22:05:11.691] [info] CMC::computeControls, t = 0.5345
[2023-08-15 22:05:11.707] [info] CMC::computeControls, t = 0.5355
[2023-08-15 22:05:11.723] [info] CMC::computeControls, t = 0.5365
[2023-08-15 22:05:11.740] [info] CMC::computeControls, t = 0.5375
[2023-08-15 22:05:11.756] [info] CMC::computeControls, t = 0.5385
[2023-08-15 22:05:11.772] [info] CMC::computeControls, t = 0.5395
[2023-08-15 22:05:11.789] [info] CMC::computeControls, t = 0.540500
[2023-08-15 22:05:11.806] [info] CMC::computeControls, t = 0.5415
[2023-08-15 22:05:11.828] [info] CMC::computeControls, t = 0.5425
[2023-08-15 22:05:11.851] [info] CMC::computeControls, t = 0.5435
[2023-08-15 22:05:11.870] [info] CMC::computeControls, t = 0.5445
[2023-08-15 22:05:11.888] [info] CMC::computeControls, t = 0.5455
[2023-08-15 22:05:11.905] [info] CMC::computeControls, t = 0.5465
[2023-08-15 22:05:11.921] [info] CMC::computeControls, t = 0.5475
[2023-08-15 22:05:11.941] [info] CMC::computeControls, t = 0.5485
[2023-08-15 22:05:11.958] [info] CMC::computeControls, t = 0.5495
[2023-08-15 22:05:11.974] [info] CMC::computeControls, t = 0.550500
[2023-08-15 22:05:11.990] [info] CMC::computeControls, t = 0.5515
[2023-08-15 22:05:12.007] [info] CMC::computeControls, t = 0.5525
[2023-08-15 22:05:12.023] [info] CMC::computeControls, t = 0.5535
[2023-08-15 22:05:12.040] [info] CMC::computeControls, t = 0.5545
[2023-08-15 22:05:12.057] [info] CMC::computeControls, t = 0.5555
[2023-08-15 22:05:12.073] [info] CMC::computeControls, t = 0.5565
[2023-08-15 22:05:12.090] [info] CMC::computeControls, t = 0.5575
[2023-08-15 22:05:12.106] [info] CMC::computeControls, t = 0.5585
[2023-08-15 22:05:12.123] [info] CMC::computeControls, t = 0.5595
[2023-08-15 22:05:12.139] [info] CMC::computeControls, t = 0.560500
[2023-08-15 22:05:12.156] [info] CMC::computeControls, t = 0.5615
[2023-08-15 22:05:12.173] [info] CMC::computeControls, t = 0.5625
[2023-08-15 22:05:12.189] [info] CMC::computeControls, t = 0.5635
[2023-08-15 22:05:12.205] [info] CMC::computeControls, t = 0.5645
[2023-08-15 22:05:12.222] [info] CMC::computeControls, t = 0.5655
[2023-08-15 22:05:12.238] [info] CMC::computeControls, t = 0.5665
[2023-08-15 22:05:12.254] [info] CMC::computeControls, t = 0.5675
[2023-08-15 22:05:12.271] [info] CMC::computeControls, t = 0.5685
[2023-08-15 22:05:12.287] [info] CMC::computeControls, t = 0.5695
[2023-08-15 22:05:12.309] [info] CMC::computeControls, t = 0.570500
[2023-08-15 22:05:12.325] [info] CMC::computeControls, t = 0.5715
[2023-08-15 22:05:12.341] [info] CMC::computeControls, t = 0.5725
[2023-08-15 22:05:12.358] [info] CMC::computeControls, t = 0.5735
[2023-08-15 22:05:12.375] [info] CMC::computeControls, t = 0.5745
[2023-08-15 22:05:12.392] [info] CMC::computeControls, t = 0.5755
[2023-08-15 22:05:12.408] [info] CMC::computeControls, t = 0.5765
[2023-08-15 22:05:12.427] [info] CMC::computeControls, t = 0.5775
[2023-08-15 22:05:12.443] [info] CMC::computeControls, t = 0.5785
[2023-08-15 22:05:12.460] [info] CMC::computeControls, t = 0.5795
[2023-08-15 22:05:12.476] [info] CMC::computeControls, t = 0.580500
[2023-08-15 22:05:12.497] [info] CMC::computeControls, t = 0.5815
[2023-08-15 22:05:12.513] [info] CMC::computeControls, t = 0.5825
[2023-08-15 22:05:12.530] [info] CMC::computeControls, t = 0.5835
[2023-08-15 22:05:12.547] [info] CMC::computeControls, t = 0.5845
[2023-08-15 22:05:12.563] [info] CMC::computeControls, t = 0.5855
[2023-08-15 22:05:12.579] [info] CMC::computeControls, t = 0.5865
[2023-08-15 22:05:12.596] [info] CMC::computeControls, t = 0.5875
[2023-08-15 22:05:12.612] [info] CMC::computeControls, t = 0.5885
[2023-08-15 22:05:12.629] [info] CMC::computeControls, t = 0.5895
[2023-08-15 22:05:12.645] [info] CMC::computeControls, t = 0.590500
[2023-08-15 22:05:12.661] [info] CMC::computeControls, t = 0.5915
[2023-08-15 22:05:12.678] [info] CMC::computeControls, t = 0.5925
[2023-08-15 22:05:12.694] [info] CMC::computeControls, t = 0.5935
[2023-08-15 22:05:12.710] [info] CMC::computeControls, t = 0.5945
[2023-08-15 22:05:12.727] [info] CMC::computeControls, t = 0.5955
[2023-08-15 22:05:12.743] [info] CMC::computeControls, t = 0.5965
[2023-08-15 22:05:12.760] [info] CMC::computeControls, t = 0.5975
[2023-08-15 22:05:12.776] [info] CMC::computeControls, t = 0.5985
[2023-08-15 22:05:12.793] [info] CMC::computeControls, t = 0.5995
[2023-08-15 22:05:12.809] [info] CMC::computeControls, t = 0.600500
[2023-08-15 22:05:12.825] [info] CMC::computeControls, t = 0.601500
[2023-08-15 22:05:12.841] [info] CMC::computeControls, t = 0.602500
[2023-08-15 22:05:12.859] [info] CMC::computeControls, t = 0.603500
[2023-08-15 22:05:12.876] [info] CMC::computeControls, t = 0.604500
[2023-08-15 22:05:12.893] [info] CMC::computeControls, t = 0.605500
[2023-08-15 22:05:12.911] [info] CMC::computeControls, t = 0.606500
[2023-08-15 22:05:12.928] [info] CMC::computeControls, t = 0.607500
[2023-08-15 22:05:12.944] [info] CMC::computeControls, t = 0.608500
[2023-08-15 22:05:12.961] [info] CMC::computeControls, t = 0.609500
[2023-08-15 22:05:12.978] [info] CMC::computeControls, t = 0.610500
[2023-08-15 22:05:12.999] [info] CMC::computeControls, t = 0.6115
[2023-08-15 22:05:13.022] [info] CMC::computeControls, t = 0.6125
[2023-08-15 22:05:13.042] [info] CMC::computeControls, t = 0.6135
[2023-08-15 22:05:13.061] [info] CMC::computeControls, t = 0.6145
[2023-08-15 22:05:13.078] [info] CMC::computeControls, t = 0.6155
[2023-08-15 22:05:13.096] [info] CMC::computeControls, t = 0.6165
[2023-08-15 22:05:13.112] [info] CMC::computeControls, t = 0.6175
[2023-08-15 22:05:13.129] [info] CMC::computeControls, t = 0.6185
[2023-08-15 22:05:13.145] [info] CMC::computeControls, t = 0.6195
[2023-08-15 22:05:13.162] [info] CMC::computeControls, t = 0.620500
[2023-08-15 22:05:13.178] [info] CMC::computeControls, t = 0.6215
[2023-08-15 22:05:13.194] [info] CMC::computeControls, t = 0.6225
[2023-08-15 22:05:13.212] [info] CMC::computeControls, t = 0.6235
[2023-08-15 22:05:13.228] [info] CMC::computeControls, t = 0.6245
[2023-08-15 22:05:13.244] [info] CMC::computeControls, t = 0.6255
[2023-08-15 22:05:13.261] [info] CMC::computeControls, t = 0.6265
[2023-08-15 22:05:13.277] [info] CMC::computeControls, t = 0.6275
[2023-08-15 22:05:13.293] [info] CMC::computeControls, t = 0.6285
[2023-08-15 22:05:13.310] [info] CMC::computeControls, t = 0.6295
[2023-08-15 22:05:13.326] [info] CMC::computeControls, t = 0.630500
[2023-08-15 22:05:13.343] [info] CMC::computeControls, t = 0.6315
[2023-08-15 22:05:13.359] [info] CMC::computeControls, t = 0.6325
[2023-08-15 22:05:13.376] [info] CMC::computeControls, t = 0.6335
[2023-08-15 22:05:13.392] [info] CMC::computeControls, t = 0.6345
[2023-08-15 22:05:13.411] [info] CMC::computeControls, t = 0.6355
[2023-08-15 22:05:13.428] [info] CMC::computeControls, t = 0.6365
[2023-08-15 22:05:13.444] [info] CMC::computeControls, t = 0.6375
[2023-08-15 22:05:13.461] [info] CMC::computeControls, t = 0.6385
[2023-08-15 22:05:13.478] [info] CMC::computeControls, t = 0.6395
[2023-08-15 22:05:13.495] [info] CMC::computeControls, t = 0.640500
[2023-08-15 22:05:13.511] [info] CMC::computeControls, t = 0.6415
[2023-08-15 22:05:13.528] [info] CMC::computeControls, t = 0.6425
[2023-08-15 22:05:13.545] [info] CMC::computeControls, t = 0.6435
[2023-08-15 22:05:13.561] [info] CMC::computeControls, t = 0.6445
[2023-08-15 22:05:13.578] [info] CMC::computeControls, t = 0.6455
[2023-08-15 22:05:13.594] [info] CMC::computeControls, t = 0.6465
[2023-08-15 22:05:13.611] [info] CMC::computeControls, t = 0.6475
[2023-08-15 22:05:13.627] [info] CMC::computeControls, t = 0.6485
[2023-08-15 22:05:13.644] [info] CMC::computeControls, t = 0.6495
[2023-08-15 22:05:13.660] [info] CMC::computeControls, t = 0.650500
[2023-08-15 22:05:13.679] [info] CMC::computeControls, t = 0.6515
[2023-08-15 22:05:13.696] [info] CMC::computeControls, t = 0.6525
[2023-08-15 22:05:13.712] [info] CMC::computeControls, t = 0.6535
[2023-08-15 22:05:13.728] [info] CMC::computeControls, t = 0.6545
[2023-08-15 22:05:13.745] [info] CMC::computeControls, t = 0.6555
[2023-08-15 22:05:13.761] [info] CMC::computeControls, t = 0.6565
[2023-08-15 22:05:13.777] [info] CMC::computeControls, t = 0.6575
[2023-08-15 22:05:13.794] [info] CMC::computeControls, t = 0.6585
[2023-08-15 22:05:13.810] [info] CMC::computeControls, t = 0.6595
[2023-08-15 22:05:13.827] [info] CMC::computeControls, t = 0.660500
[2023-08-15 22:05:13.843] [info] CMC::computeControls, t = 0.6615
[2023-08-15 22:05:13.862] [info] CMC::computeControls, t = 0.6625
[2023-08-15 22:05:13.879] [info] CMC::computeControls, t = 0.6635
[2023-08-15 22:05:13.898] [info] CMC::computeControls, t = 0.6645
[2023-08-15 22:05:13.915] [info] CMC::computeControls, t = 0.6655
[2023-08-15 22:05:13.933] [info] CMC::computeControls, t = 0.6665
[2023-08-15 22:05:13.950] [info] CMC::computeControls, t = 0.6675
[2023-08-15 22:05:13.966] [info] CMC::computeControls, t = 0.6685
[2023-08-15 22:05:13.987] [info] CMC::computeControls, t = 0.6695
[2023-08-15 22:05:14.004] [info] CMC::computeControls, t = 0.670500
[2023-08-15 22:05:14.021] [info] CMC::computeControls, t = 0.6715
[2023-08-15 22:05:14.038] [info] CMC::computeControls, t = 0.6725
[2023-08-15 22:05:14.055] [info] CMC::computeControls, t = 0.6735
[2023-08-15 22:05:14.071] [info] CMC::computeControls, t = 0.6745
[2023-08-15 22:05:14.088] [info] CMC::computeControls, t = 0.6755
[2023-08-15 22:05:14.105] [info] CMC::computeControls, t = 0.6765
[2023-08-15 22:05:14.122] [info] CMC::computeControls, t = 0.6775
[2023-08-15 22:05:14.139] [info] CMC::computeControls, t = 0.6785
[2023-08-15 22:05:14.156] [info] CMC::computeControls, t = 0.6795
[2023-08-15 22:05:14.174] [info] CMC::computeControls, t = 0.680500
[2023-08-15 22:05:14.191] [info] CMC::computeControls, t = 0.6815
[2023-08-15 22:05:14.208] [info] CMC::computeControls, t = 0.6825
[2023-08-15 22:05:14.225] [info] CMC::computeControls, t = 0.6835
[2023-08-15 22:05:14.241] [info] CMC::computeControls, t = 0.6845
[2023-08-15 22:05:14.258] [info] CMC::computeControls, t = 0.6855
[2023-08-15 22:05:14.275] [info] CMC::computeControls, t = 0.6865
[2023-08-15 22:05:14.296] [info] CMC::computeControls, t = 0.6875
[2023-08-15 22:05:14.313] [info] CMC::computeControls, t = 0.6885
[2023-08-15 22:05:14.330] [info] CMC::computeControls, t = 0.6895
[2023-08-15 22:05:14.347] [info] CMC::computeControls, t = 0.690500
[2023-08-15 22:05:14.363] [info] CMC::computeControls, t = 0.6915
[2023-08-15 22:05:14.380] [info] CMC::computeControls, t = 0.6925
[2023-08-15 22:05:14.400] [info] CMC::computeControls, t = 0.6935
[2023-08-15 22:05:14.417] [info] CMC::computeControls, t = 0.6945
[2023-08-15 22:05:14.434] [info] CMC::computeControls, t = 0.6955
[2023-08-15 22:05:14.451] [info] CMC::computeControls, t = 0.6965
[2023-08-15 22:05:14.467] [info] CMC::computeControls, t = 0.6975
[2023-08-15 22:05:14.484] [info] CMC::computeControls, t = 0.6985
[2023-08-15 22:05:14.501] [info] CMC::computeControls, t = 0.6995
[2023-08-15 22:05:14.518] [info] CMC::computeControls, t = 0.700500
[2023-08-15 22:05:14.536] [info] CMC::computeControls, t = 0.701500
[2023-08-15 22:05:14.553] [info] CMC::computeControls, t = 0.702500
[2023-08-15 22:05:14.570] [info] CMC::computeControls, t = 0.703500
[2023-08-15 22:05:14.587] [info] CMC::computeControls, t = 0.704500
[2023-08-15 22:05:14.603] [info] CMC::computeControls, t = 0.705500
[2023-08-15 22:05:14.620] [info] CMC::computeControls, t = 0.706500
[2023-08-15 22:05:14.636] [info] CMC::computeControls, t = 0.707500
[2023-08-15 22:05:14.652] [info] CMC::computeControls, t = 0.708500
[2023-08-15 22:05:14.669] [info] CMC::computeControls, t = 0.709500
[2023-08-15 22:05:14.685] [info] CMC::computeControls, t = 0.710500
[2023-08-15 22:05:14.701] [info] CMC::computeControls, t = 0.7115
[2023-08-15 22:05:14.716] [info] CMC::computeControls, t = 0.7125
[2023-08-15 22:05:14.732] [info] CMC::computeControls, t = 0.7135
[2023-08-15 22:05:14.749] [info] CMC::computeControls, t = 0.7145
[2023-08-15 22:05:14.767] [info] CMC::computeControls, t = 0.7155
[2023-08-15 22:05:14.785] [info] CMC::computeControls, t = 0.7165
[2023-08-15 22:05:14.802] [info] CMC::computeControls, t = 0.7175
[2023-08-15 22:05:14.818] [info] CMC::computeControls, t = 0.7185
[2023-08-15 22:05:14.834] [info] CMC::computeControls, t = 0.7195
[2023-08-15 22:05:14.851] [info] CMC::computeControls, t = 0.720500
[2023-08-15 22:05:14.868] [info] CMC::computeControls, t = 0.7215
[2023-08-15 22:05:14.887] [info] CMC::computeControls, t = 0.7225
[2023-08-15 22:05:14.903] [info] CMC::computeControls, t = 0.7235
[2023-08-15 22:05:14.920] [info] CMC::computeControls, t = 0.7245
[2023-08-15 22:05:14.938] [info] CMC::computeControls, t = 0.7255
[2023-08-15 22:05:14.955] [info] CMC::computeControls, t = 0.7265
[2023-08-15 22:05:14.971] [info] CMC::computeControls, t = 0.7275
[2023-08-15 22:05:14.992] [info] CMC::computeControls, t = 0.7285
[2023-08-15 22:05:15.008] [info] CMC::computeControls, t = 0.7295
[2023-08-15 22:05:15.025] [info] CMC::computeControls, t = 0.730500
[2023-08-15 22:05:15.042] [info] CMC::computeControls, t = 0.7315
[2023-08-15 22:05:15.059] [info] CMC::computeControls, t = 0.7325
[2023-08-15 22:05:15.076] [info] CMC::computeControls, t = 0.7335
[2023-08-15 22:05:15.092] [info] CMC::computeControls, t = 0.7345
[2023-08-15 22:05:15.109] [info] CMC::computeControls, t = 0.7355
[2023-08-15 22:05:15.126] [info] CMC::computeControls, t = 0.7365
[2023-08-15 22:05:15.142] [info] CMC::computeControls, t = 0.7375
[2023-08-15 22:05:15.163] [info] CMC::computeControls, t = 0.7385
[2023-08-15 22:05:15.180] [info] CMC::computeControls, t = 0.7395
[2023-08-15 22:05:15.196] [info] CMC::computeControls, t = 0.740500
[2023-08-15 22:05:15.213] [info] CMC::computeControls, t = 0.7415
[2023-08-15 22:05:15.229] [info] CMC::computeControls, t = 0.7425
[2023-08-15 22:05:15.246] [info] CMC::computeControls, t = 0.7435
[2023-08-15 22:05:15.263] [info] CMC::computeControls, t = 0.7445
[2023-08-15 22:05:15.279] [info] CMC::computeControls, t = 0.7455
[2023-08-15 22:05:15.296] [info] CMC::computeControls, t = 0.7465
[2023-08-15 22:05:15.312] [info] CMC::computeControls, t = 0.7475
[2023-08-15 22:05:15.329] [info] CMC::computeControls, t = 0.7485
[2023-08-15 22:05:15.345] [info] CMC::computeControls, t = 0.7495
[2023-08-15 22:05:15.362] [info] CMC::computeControls, t = 0.750500
[2023-08-15 22:05:15.381] [info] CMC::computeControls, t = 0.7515
[2023-08-15 22:05:15.397] [info] CMC::computeControls, t = 0.7525
[2023-08-15 22:05:15.414] [info] CMC::computeControls, t = 0.7535
[2023-08-15 22:05:15.430] [info] CMC::computeControls, t = 0.7545
[2023-08-15 22:05:15.447] [info] CMC::computeControls, t = 0.7555
[2023-08-15 22:05:15.464] [info] CMC::computeControls, t = 0.7565
[2023-08-15 22:05:15.480] [info] CMC::computeControls, t = 0.7575
[2023-08-15 22:05:15.497] [info] CMC::computeControls, t = 0.7585
[2023-08-15 22:05:15.514] [info] CMC::computeControls, t = 0.7595
[2023-08-15 22:05:15.531] [info] CMC::computeControls, t = 0.760500
[2023-08-15 22:05:15.547] [info] CMC::computeControls, t = 0.7615
[2023-08-15 22:05:15.564] [info] CMC::computeControls, t = 0.7625
[2023-08-15 22:05:15.580] [info] CMC::computeControls, t = 0.7635
[2023-08-15 22:05:15.597] [info] CMC::computeControls, t = 0.7645
[2023-08-15 22:05:15.613] [info] CMC::computeControls, t = 0.7655
[2023-08-15 22:05:15.630] [info] CMC::computeControls, t = 0.7665
[2023-08-15 22:05:15.647] [info] CMC::computeControls, t = 0.7675
[2023-08-15 22:05:15.663] [info] CMC::computeControls, t = 0.7685
[2023-08-15 22:05:15.680] [info] CMC::computeControls, t = 0.7695
[2023-08-15 22:05:15.696] [info] CMC::computeControls, t = 0.770500
[2023-08-15 22:05:15.712] [info] CMC::computeControls, t = 0.7715
[2023-08-15 22:05:15.729] [info] CMC::computeControls, t = 0.7725
[2023-08-15 22:05:15.745] [info] CMC::computeControls, t = 0.7735
[2023-08-15 22:05:15.761] [info] CMC::computeControls, t = 0.7745
[2023-08-15 22:05:15.777] [info] CMC::computeControls, t = 0.7755
[2023-08-15 22:05:15.794] [info] CMC::computeControls, t = 0.7765
[2023-08-15 22:05:15.815] [info] CMC::computeControls, t = 0.7775
[2023-08-15 22:05:15.831] [info] CMC::computeControls, t = 0.7785
[2023-08-15 22:05:15.848] [info] CMC::computeControls, t = 0.7795
[2023-08-15 22:05:15.867] [info] CMC::computeControls, t = 0.780500
[2023-08-15 22:05:15.884] [info] CMC::computeControls, t = 0.7815
[2023-08-15 22:05:15.901] [info] CMC::computeControls, t = 0.7825
[2023-08-15 22:05:15.918] [info] CMC::computeControls, t = 0.7835
[2023-08-15 22:05:15.934] [info] CMC::computeControls, t = 0.7845
[2023-08-15 22:05:15.951] [info] CMC::computeControls, t = 0.7855
[2023-08-15 22:05:15.968] [info] CMC::computeControls, t = 0.7865
[2023-08-15 22:05:15.985] [info] CMC::computeControls, t = 0.7875
[2023-08-15 22:05:16.002] [info] CMC::computeControls, t = 0.7885
[2023-08-15 22:05:16.018] [info] CMC::computeControls, t = 0.7895
[2023-08-15 22:05:16.036] [info] CMC::computeControls, t = 0.790500
[2023-08-15 22:05:16.053] [info] CMC::computeControls, t = 0.7915
[2023-08-15 22:05:16.070] [info] CMC::computeControls, t = 0.7925
[2023-08-15 22:05:16.086] [info] CMC::computeControls, t = 0.7935
[2023-08-15 22:05:16.102] [info] CMC::computeControls, t = 0.7945
[2023-08-15 22:05:16.124] [info] CMC::computeControls, t = 0.7955
[2023-08-15 22:05:16.141] [info] CMC::computeControls, t = 0.7965
[2023-08-15 22:05:16.158] [info] CMC::computeControls, t = 0.7975
[2023-08-15 22:05:16.174] [info] CMC::computeControls, t = 0.7985
[2023-08-15 22:05:16.190] [info] CMC::computeControls, t = 0.7995
[2023-08-15 22:05:16.206] [info] CMC::computeControls, t = 0.800500
[2023-08-15 22:05:16.222] [info] CMC::computeControls, t = 0.801500
[2023-08-15 22:05:16.238] [info] CMC::computeControls, t = 0.802500
[2023-08-15 22:05:16.254] [info] CMC::computeControls, t = 0.803500
[2023-08-15 22:05:16.270] [info] CMC::computeControls, t = 0.804500
[2023-08-15 22:05:16.287] [info] CMC::computeControls, t = 0.805500
[2023-08-15 22:05:16.303] [info] CMC::computeControls, t = 0.806500
[2023-08-15 22:05:16.319] [info] CMC::computeControls, t = 0.807500
[2023-08-15 22:05:16.335] [info] CMC::computeControls, t = 0.808500
[2023-08-15 22:05:16.354] [info] CMC::computeControls, t = 0.809500
[2023-08-15 22:05:16.370] [info] CMC::computeControls, t = 0.810500
[2023-08-15 22:05:16.386] [info] CMC::computeControls, t = 0.8115
[2023-08-15 22:05:16.402] [info] CMC::computeControls, t = 0.8125
[2023-08-15 22:05:16.421] [info] CMC::computeControls, t = 0.8135
[2023-08-15 22:05:16.438] [info] CMC::computeControls, t = 0.8145
[2023-08-15 22:05:16.454] [info] CMC::computeControls, t = 0.8155
[2023-08-15 22:05:16.472] [info] CMC::computeControls, t = 0.8165
[2023-08-15 22:05:16.488] [info] CMC::computeControls, t = 0.8175
[2023-08-15 22:05:16.505] [info] CMC::computeControls, t = 0.8185
[2023-08-15 22:05:16.521] [info] CMC::computeControls, t = 0.8195
[2023-08-15 22:05:16.541] [info] CMC::computeControls, t = 0.820500
[2023-08-15 22:05:16.557] [info] CMC::computeControls, t = 0.8215
[2023-08-15 22:05:16.574] [info] CMC::computeControls, t = 0.8225
[2023-08-15 22:05:16.591] [info] CMC::computeControls, t = 0.8235
[2023-08-15 22:05:16.607] [info] CMC::computeControls, t = 0.8245
[2023-08-15 22:05:16.627] [info] CMC::computeControls, t = 0.8255
[2023-08-15 22:05:16.649] [info] CMC::computeControls, t = 0.8265
[2023-08-15 22:05:16.673] [info] CMC::computeControls, t = 0.8275
[2023-08-15 22:05:16.693] [info] CMC::computeControls, t = 0.8285
[2023-08-15 22:05:16.711] [info] CMC::computeControls, t = 0.8295
[2023-08-15 22:05:16.729] [info] CMC::computeControls, t = 0.830500
[2023-08-15 22:05:16.746] [info] CMC::computeControls, t = 0.8315
[2023-08-15 22:05:16.764] [info] CMC::computeControls, t = 0.8325
[2023-08-15 22:05:16.786] [info] CMC::computeControls, t = 0.8335
[2023-08-15 22:05:16.804] [info] CMC::computeControls, t = 0.8345
[2023-08-15 22:05:16.822] [info] CMC::computeControls, t = 0.8355
[2023-08-15 22:05:16.840] [info] CMC::computeControls, t = 0.8365
[2023-08-15 22:05:16.857] [info] CMC::computeControls, t = 0.8375
[2023-08-15 22:05:16.877] [info] CMC::computeControls, t = 0.8385
[2023-08-15 22:05:16.895] [info] CMC::computeControls, t = 0.8395
[2023-08-15 22:05:16.912] [info] CMC::computeControls, t = 0.840500
[2023-08-15 22:05:16.929] [info] CMC::computeControls, t = 0.8415
[2023-08-15 22:05:16.947] [info] CMC::computeControls, t = 0.8425
[2023-08-15 22:05:16.966] [info] CMC::computeControls, t = 0.8435
[2023-08-15 22:05:16.985] [info] CMC::computeControls, t = 0.8445
[2023-08-15 22:05:17.003] [info] CMC::computeControls, t = 0.8455
[2023-08-15 22:05:17.020] [info] CMC::computeControls, t = 0.8465
[2023-08-15 22:05:17.039] [info] CMC::computeControls, t = 0.8475
[2023-08-15 22:05:17.061] [info] CMC::computeControls, t = 0.8485
[2023-08-15 22:05:17.079] [info] CMC::computeControls, t = 0.8495
[2023-08-15 22:05:17.099] [info] CMC::computeControls, t = 0.850500
[2023-08-15 22:05:17.119] [info] CMC::computeControls, t = 0.8515
[2023-08-15 22:05:17.137] [info] CMC::computeControls, t = 0.8525
[2023-08-15 22:05:17.154] [info] CMC::computeControls, t = 0.8535
[2023-08-15 22:05:17.171] [info] CMC::computeControls, t = 0.8545
[2023-08-15 22:05:17.189] [info] CMC::computeControls, t = 0.8555
[2023-08-15 22:05:17.207] [info] CMC::computeControls, t = 0.8565
[2023-08-15 22:05:17.224] [info] CMC::computeControls, t = 0.8575
[2023-08-15 22:05:17.241] [info] CMC::computeControls, t = 0.8585
[2023-08-15 22:05:17.258] [info] CMC::computeControls, t = 0.8595
[2023-08-15 22:05:17.275] [info] CMC::computeControls, t = 0.860500
[2023-08-15 22:05:17.293] [info] CMC::computeControls, t = 0.8615
[2023-08-15 22:05:17.310] [info] CMC::computeControls, t = 0.8625
[2023-08-15 22:05:17.327] [info] CMC::computeControls, t = 0.8635
[2023-08-15 22:05:17.345] [info] CMC::computeControls, t = 0.8645
[2023-08-15 22:05:17.362] [info] CMC::computeControls, t = 0.8655
[2023-08-15 22:05:17.379] [info] CMC::computeControls, t = 0.8665
[2023-08-15 22:05:17.399] [info] CMC::computeControls, t = 0.8675
[2023-08-15 22:05:17.417] [info] CMC::computeControls, t = 0.8685
[2023-08-15 22:05:17.434] [info] CMC::computeControls, t = 0.8695
[2023-08-15 22:05:17.452] [info] CMC::computeControls, t = 0.870500
[2023-08-15 22:05:17.470] [info] CMC::computeControls, t = 0.8715
[2023-08-15 22:05:17.488] [info] CMC::computeControls, t = 0.8725
[2023-08-15 22:05:17.506] [info] CMC::computeControls, t = 0.8735
[2023-08-15 22:05:17.523] [info] CMC::computeControls, t = 0.8745
[2023-08-15 22:05:17.542] [info] CMC::computeControls, t = 0.8755
[2023-08-15 22:05:17.560] [info] CMC::computeControls, t = 0.8765
[2023-08-15 22:05:17.578] [info] CMC::computeControls, t = 0.8775
[2023-08-15 22:05:17.598] [info] CMC::computeControls, t = 0.8785
[2023-08-15 22:05:17.616] [info] CMC::computeControls, t = 0.8795
[2023-08-15 22:05:17.633] [info] CMC::computeControls, t = 0.880500
[2023-08-15 22:05:17.651] [info] CMC::computeControls, t = 0.8815
[2023-08-15 22:05:17.671] [info] CMC::computeControls, t = 0.8825
[2023-08-15 22:05:17.691] [info] CMC::computeControls, t = 0.8835
[2023-08-15 22:05:17.710] [info] CMC::computeControls, t = 0.8845
[2023-08-15 22:05:17.729] [info] CMC::computeControls, t = 0.8855
[2023-08-15 22:05:17.749] [info] CMC::computeControls, t = 0.8865
[2023-08-15 22:05:17.767] [info] CMC::computeControls, t = 0.8875
[2023-08-15 22:05:17.785] [info] CMC::computeControls, t = 0.8885
[2023-08-15 22:05:17.804] [info] CMC::computeControls, t = 0.8895
[2023-08-15 22:05:17.822] [info] CMC::computeControls, t = 0.890500
[2023-08-15 22:05:17.841] [info] CMC::computeControls, t = 0.8915
[2023-08-15 22:05:17.860] [info] CMC::computeControls, t = 0.8925
[2023-08-15 22:05:17.879] [info] CMC::computeControls, t = 0.8935
[2023-08-15 22:05:17.897] [info] CMC::computeControls, t = 0.8945
[2023-08-15 22:05:17.915] [info] CMC::computeControls, t = 0.8955
[2023-08-15 22:05:17.938] [info] CMC::computeControls, t = 0.8965
[2023-08-15 22:05:17.957] [info] CMC::computeControls, t = 0.8975
[2023-08-15 22:05:17.978] [info] CMC::computeControls, t = 0.8985
[2023-08-15 22:05:17.998] [info] CMC::computeControls, t = 0.8995
[2023-08-15 22:05:18.018] [info] CMC::computeControls, t = 0.900500
[2023-08-15 22:05:18.036] [info] CMC::computeControls, t = 0.901500
[2023-08-15 22:05:18.060] [info] CMC::computeControls, t = 0.902500
[2023-08-15 22:05:18.079] [info] CMC::computeControls, t = 0.903500
[2023-08-15 22:05:18.099] [info] CMC::computeControls, t = 0.904500
[2023-08-15 22:05:18.118] [info] CMC::computeControls, t = 0.905500
[2023-08-15 22:05:18.136] [info] CMC::computeControls, t = 0.906500
[2023-08-15 22:05:18.155] [info] CMC::computeControls, t = 0.907500
[2023-08-15 22:05:18.173] [info] CMC::computeControls, t = 0.908500
[2023-08-15 22:05:18.192] [info] CMC::computeControls, t = 0.909500
[2023-08-15 22:05:18.210] [info] CMC::computeControls, t = 0.910500
[2023-08-15 22:05:18.235] [info] CMC::computeControls, t = 0.9115
[2023-08-15 22:05:18.259] [info] -------------------------------------------
[2023-08-15 22:05:18.259] [info] Finished tracking the specified kinematics:
[2023-08-15 22:05:18.259] [info] -------------------------------------------
[2023-08-15 22:05:18.259] [info]  -- Start time = Tue Aug 15 22:05:08 2023
[2023-08-15 22:05:18.259] [info]  -- Finish time = Tue Aug 15 22:05:18 2023
[2023-08-15 22:05:18.259] [info]  -- Elapsed time = 10.0 seconds.
[2023-08-15 22:05:18.259] [info] -------------------------------------------
[2023-08-15 22:05:18.259] [info] 
[2023-08-15 22:05:18.259] [info] Printing results of investigation subject03_run5_cycle1_iter1 to cycle1/
[2023-08-15 22:05:18.653] [info] 

************************************************************
*      Summary of Mass Adjustments to Reduce Residuals     *
************************************************************
* Body adjusted: torso
* Mass Center (COM) adjustment: dx =-0.0943523, dz =0.0281987
* New COM location: ~[0.0633114,0.331103,-0.0281987]
************************************************************
* Recommended mass adjustments:                             
*  Total mass change: 1.60708
*  pelvis: orig mass = 10.028, new mass = 10.2798
*  femur_r: orig mass = 7.92005, new mass = 8.11892
*  tibia_r: orig mass = 3.1569, new mass = 3.23617
*  talus_r: orig mass = 0.085149, new mass = 0.087287
*  calcn_r: orig mass = 1.06436, new mass = 1.09109
*  toes_r: orig mass = 0.184433, new mass = 0.189064
*  femur_l: orig mass = 7.92005, new mass = 8.11892
*  tibia_l: orig mass = 3.1569, new mass = 3.23617
*  talus_l: orig mass = 0.085149, new mass = 0.087287
*  calcn_l: orig mass = 1.06436, new mass = 1.09109
*  toes_l: orig mass = 0.184433, new mass = 0.189064
*  torso: orig mass = 22.8426, new mass = 23.4161
*  humerus_r: orig mass = 1.73065, new mass = 1.77411
*  ulna_r: orig mass = 0.51728, new mass = 0.530269
*  radius_r: orig mass = 0.51728, new mass = 0.530269
*  hand_r: orig mass = 0.389557, new mass = 0.399338
*  humerus_l: orig mass = 1.73065, new mass = 1.77411
*  ulna_l: orig mass = 0.51728, new mass = 0.530269
*  radius_l: orig mass = 0.51728, new mass = 0.530269
*  hand_l: orig mass = 0.389557, new mass = 0.399338
************************************************************
* Note: Edit the model to make recommended adjustments to  *
*       mass properties.                                   *
************************************************************

* Average residuals before adjusting torso COM:
*  FX=-1.35824 FY=-15.76 FZ=-0.719438
*  MX=-6.31677 MY=1.62979 MZ=-21.1358
************************************************************
* Average residuals after adjusting torso COM:
*  FX=-2.02716 FY=-13.8817 FZ=-4.50456
*  MX=-3.92265 MY=5.41167 MZ=1.9625
************************************************************


[2023-08-15 22:05:18.653] [info] 
************************************************************
*                   Final Average Residuals                *
************************************************************
* After torso COM and Kinematics adjustments:
*  FX=4.95524 FY=-6.61 FZ=-0.564304
*  MX=-0.884365 MY=-1.3355 MZ=5.94054
************************************************************


