[2023-08-15 22:05:52.159] [info] Storage: read data file = ..\rra1\cycle1\subject03_run5_cycle1_iter1_Kinematics_q.sto (nr=649 nc=38)
[2023-08-15 22:05:52.178] [info] Storage: read data file = ..\rra1\cycle1\subject03_run5_cycle1_iter1_Kinematics_q.sto (nr=649 nc=38)
[2023-08-15 22:05:52.213] [info] AbstractTool subject03_run5_cycle1_iter2 loading model ..\rra1\cycle1\subject03_run5_cycle1_rraAdjusted_iter1.osim
[2023-08-15 22:05:52.247] [info] Loaded model subject03_scaled from file ..\rra1\cycle1\subject03_run5_cycle1_rraAdjusted_iter1.osim
[2023-08-15 22:05:52.276] [info] Adding force object set from ..\subject03_run5_RRA_Actuators.xml
[2023-08-15 22:05:52.282] [info] Running tool subject03_run5_cycle1_iter2.
[2023-08-15 22:05:52.293] [warning] ExternalLoads 'externalloads' has subcomponents with duplicate name 'externalforce'. The duplicate is being renamed to 'externalforce_0'.
[2023-08-15 22:05:52.305] [info] 	taskSet size = 29.
[2023-08-15 22:05:52.363] [info] ExternalForce::externalforce Data source being set to Run_500 03_newCOP3_v24.mot
[2023-08-15 22:05:52.363] [info] ExternalForce::externalforce_0 Data source being set to Run_500 03_newCOP3_v24.mot
[2023-08-15 22:05:52.367] [warning] A desired points file was not specified.
[2023-08-15 22:05:52.367] [info] Loading desired kinematics from file '..\rra1\cycle1\subject03_run5_cycle1_iter1_Kinematics_q.sto'...
[2023-08-15 22:05:52.367] [info] Storage: read data file = ..\rra1\cycle1\subject03_run5_cycle1_iter1_Kinematics_q.sto (nr=649 nc=38)
[2023-08-15 22:05:52.394] [info] Not filtering the desired kinematics.
[2023-08-15 22:05:52.394] [cout] [info] MODEL: subject03_scaled

numStates = 74
numCoordinates = 37
numSpeeds = 37
numActuators = 29
numBodies = 20
numConstraints = 0
numProbes = 0

ANALYSES (total: 0)

BODIES (total: 20)
body[0] = pelvis. mass: 10.2798
              moments of inertia:  ~[0.106728,0.106728,0.0523826]
              products of inertia: ~[0,0,0]
body[1] = femur_r. mass: 8.11892
              moments of inertia:  ~[0.139404,0.0365429,0.147004]
              products of inertia: ~[0,0,0]
body[2] = tibia_r. mass: 3.23617
              moments of inertia:  ~[0.0484375,0.0041671,0.0484375]
              products of inertia: ~[0,0,0]
body[3] = talus_r. mass: 0.087287
              moments of inertia:  ~[0.000953409,0.000953409,0.000953409]
              products of inertia: ~[0,0,0]
body[4] = calcn_r. mass: 1.09109
              moments of inertia:  ~[0.00133477,0.00371829,0.00390898]
              products of inertia: ~[0,0,0]
body[5] = toes_r. mass: 0.189064
              moments of inertia:  ~[9.53409e-05,0.000190682,0.000953409]
              products of inertia: ~[0,0,0]
body[6] = femur_l. mass: 8.11892
              moments of inertia:  ~[0.139404,0.0365429,0.147004]
              products of inertia: ~[0,0,0]
body[7] = tibia_l. mass: 3.23617
              moments of inertia:  ~[0.0484375,0.0041671,0.0484375]
              products of inertia: ~[0,0,0]
body[8] = talus_l. mass: 0.087287
              moments of inertia:  ~[0.000953409,0.000953409,0.000953409]
              products of inertia: ~[0,0,0]
body[9] = calcn_l. mass: 1.09109
              moments of inertia:  ~[0.00133477,0.00371829,0.00390898]
              products of inertia: ~[0,0,0]
body[10] = toes_l. mass: 0.189064
              moments of inertia:  ~[9.53409e-05,0.000190682,0.000953409]
              products of inertia: ~[0,0,0]
body[11] = torso. mass: 23.4161
              moments of inertia:  ~[1.34416,0.688715,1.30487]
              products of inertia: ~[0,0,0]
body[12] = humerus_r. mass: 1.77411
              moments of inertia:  ~[0.0130498,0.00450178,0.014648]
              products of inertia: ~[0,0,0]
body[13] = ulna_r. mass: 0.530269
              moments of inertia:  ~[0.00303753,0.000633759,0.00329493]
              products of inertia: ~[0,0,0]
body[14] = radius_r. mass: 0.530269
              moments of inertia:  ~[0.00303753,0.000633759,0.00329493]
              products of inertia: ~[0,0,0]
body[15] = hand_r. mass: 0.399338
              moments of inertia:  ~[0.000914746,0.000560949,0.00137417]
              products of inertia: ~[0,0,0]
body[16] = humerus_l. mass: 1.77411
              moments of inertia:  ~[0.0130498,0.00450178,0.014648]
              products of inertia: ~[0,0,0]
body[17] = ulna_l. mass: 0.530269
              moments of inertia:  ~[0.00303753,0.000633759,0.00329493]
              products of inertia: ~[0,0,0]
body[18] = radius_l. mass: 0.530269
              moments of inertia:  ~[0.00303753,0.000633759,0.00329493]
              products of inertia: ~[0,0,0]
body[19] = hand_l. mass: 0.399338
              moments of inertia:  ~[0.000914746,0.000560949,0.00137417]
              products of inertia: ~[0,0,0]

JOINTS (total: 20)
joint[0] = ground_pelvis. parent: ground_offset, child: pelvis_offset
joint[1] = hip_r. parent: pelvis_offset, child: femur_r_offset
joint[2] = knee_r. parent: femur_r_offset, child: tibia_r_offset
joint[3] = ankle_r. parent: tibia_r_offset, child: talus_r_offset
joint[4] = subtalar_r. parent: talus_r_offset, child: calcn_r_offset
joint[5] = mtp_r. parent: calcn_r_offset, child: toes_r_offset
joint[6] = hip_l. parent: pelvis_offset, child: femur_l_offset
joint[7] = knee_l. parent: femur_l_offset, child: tibia_l_offset
joint[8] = ankle_l. parent: tibia_l_offset, child: talus_l_offset
joint[9] = subtalar_l. parent: talus_l_offset, child: calcn_l_offset
joint[10] = mtp_l. parent: calcn_l_offset, child: toes_l_offset
joint[11] = back. parent: pelvis_offset, child: torso_offset
joint[12] = acromial_r. parent: torso_offset, child: humerus_r_offset
joint[13] = elbow_r. parent: humerus_r_offset, child: ulna_r_offset
joint[14] = radioulnar_r. parent: ulna_r_offset, child: radius_r_offset
joint[15] = radius_hand_r. parent: radius_r_offset, child: hand_r_offset
joint[16] = acromial_l. parent: torso_offset, child: humerus_l_offset
joint[17] = elbow_l. parent: humerus_l_offset, child: ulna_l_offset
joint[18] = radioulnar_l. parent: ulna_l_offset, child: radius_l_offset
joint[19] = radius_hand_l. parent: radius_l_offset, child: hand_l_offset

ACTUATORS (total: 29)
actuator[0] = FX
actuator[1] = FY
actuator[2] = FZ
actuator[3] = MZ
actuator[4] = MX
actuator[5] = MY
actuator[6] = hip_flexion_r
actuator[7] = hip_adduction_r
actuator[8] = hip_rotation_r
actuator[9] = knee_angle_r
actuator[10] = ankle_angle_r
actuator[11] = hip_flexion_l
actuator[12] = hip_adduction_l
actuator[13] = hip_rotation_l
actuator[14] = knee_angle_l
actuator[15] = ankle_angle_l
actuator[16] = lumbar_extension
actuator[17] = lumbar_bending
actuator[18] = lumbar_rotation
actuator[19] = arm_flex_r
actuator[20] = arm_add_r
actuator[21] = arm_rot_r
actuator[22] = elbow_flex_r
actuator[23] = pro_sup_r
actuator[24] = arm_flex_l
actuator[25] = arm_add_l
actuator[26] = arm_rot_l
actuator[27] = elbow_flex_l
actuator[28] = pro_sup_l

STATES (total: 74)
y[0] = /jointset/ground_pelvis/pelvis_tilt/value
y[1] = /jointset/ground_pelvis/pelvis_tilt/speed
y[2] = /jointset/ground_pelvis/pelvis_list/value
y[3] = /jointset/ground_pelvis/pelvis_list/speed
y[4] = /jointset/ground_pelvis/pelvis_rotation/value
y[5] = /jointset/ground_pelvis/pelvis_rotation/speed
y[6] = /jointset/ground_pelvis/pelvis_tx/value
y[7] = /jointset/ground_pelvis/pelvis_tx/speed
y[8] = /jointset/ground_pelvis/pelvis_ty/value
y[9] = /jointset/ground_pelvis/pelvis_ty/speed
y[10] = /jointset/ground_pelvis/pelvis_tz/value
y[11] = /jointset/ground_pelvis/pelvis_tz/speed
y[12] = /jointset/hip_r/hip_flexion_r/value
y[13] = /jointset/hip_r/hip_flexion_r/speed
y[14] = /jointset/hip_r/hip_adduction_r/value
y[15] = /jointset/hip_r/hip_adduction_r/speed
y[16] = /jointset/hip_r/hip_rotation_r/value
y[17] = /jointset/hip_r/hip_rotation_r/speed
y[18] = /jointset/knee_r/knee_angle_r/value
y[19] = /jointset/knee_r/knee_angle_r/speed
y[20] = /jointset/ankle_r/ankle_angle_r/value
y[21] = /jointset/ankle_r/ankle_angle_r/speed
y[22] = /jointset/subtalar_r/subtalar_angle_r/value
y[23] = /jointset/subtalar_r/subtalar_angle_r/speed
y[24] = /jointset/mtp_r/mtp_angle_r/value
y[25] = /jointset/mtp_r/mtp_angle_r/speed
y[26] = /jointset/hip_l/hip_flexion_l/value
y[27] = /jointset/hip_l/hip_flexion_l/speed
y[28] = /jointset/hip_l/hip_adduction_l/value
y[29] = /jointset/hip_l/hip_adduction_l/speed
y[30] = /jointset/hip_l/hip_rotation_l/value
y[31] = /jointset/hip_l/hip_rotation_l/speed
y[32] = /jointset/knee_l/knee_angle_l/value
y[33] = /jointset/knee_l/knee_angle_l/speed
y[34] = /jointset/ankle_l/ankle_angle_l/value
y[35] = /jointset/ankle_l/ankle_angle_l/speed
y[36] = /jointset/subtalar_l/subtalar_angle_l/value
y[37] = /jointset/subtalar_l/subtalar_angle_l/speed
y[38] = /jointset/mtp_l/mtp_angle_l/value
y[39] = /jointset/mtp_l/mtp_angle_l/speed
y[40] = /jointset/back/lumbar_extension/value
y[41] = /jointset/back/lumbar_extension/speed
y[42] = /jointset/back/lumbar_bending/value
y[43] = /jointset/back/lumbar_bending/speed
y[44] = /jointset/back/lumbar_rotation/value
y[45] = /jointset/back/lumbar_rotation/speed
y[46] = /jointset/acromial_r/arm_flex_r/value
y[47] = /jointset/acromial_r/arm_flex_r/speed
y[48] = /jointset/acromial_r/arm_add_r/value
y[49] = /jointset/acromial_r/arm_add_r/speed
y[50] = /jointset/acromial_r/arm_rot_r/value
y[51] = /jointset/acromial_r/arm_rot_r/speed
y[52] = /jointset/elbow_r/elbow_flex_r/value
y[53] = /jointset/elbow_r/elbow_flex_r/speed
y[54] = /jointset/radioulnar_r/pro_sup_r/value
y[55] = /jointset/radioulnar_r/pro_sup_r/speed
y[56] = /jointset/radius_hand_r/wrist_flex_r/value
y[57] = /jointset/radius_hand_r/wrist_flex_r/speed
y[58] = /jointset/radius_hand_r/wrist_dev_r/value
y[59] = /jointset/radius_hand_r/wrist_dev_r/speed
y[60] = /jointset/acromial_l/arm_flex_l/value
y[61] = /jointset/acromial_l/arm_flex_l/speed
y[62] = /jointset/acromial_l/arm_add_l/value
y[63] = /jointset/acromial_l/arm_add_l/speed
y[64] = /jointset/acromial_l/arm_rot_l/value
y[65] = /jointset/acromial_l/arm_rot_l/speed
y[66] = /jointset/elbow_l/elbow_flex_l/value
y[67] = /jointset/elbow_l/elbow_flex_l/speed
y[68] = /jointset/radioulnar_l/pro_sup_l/value
y[69] = /jointset/radioulnar_l/pro_sup_l/speed
y[70] = /jointset/radius_hand_l/wrist_flex_l/value
y[71] = /jointset/radius_hand_l/wrist_flex_l/speed
y[72] = /jointset/radius_hand_l/wrist_dev_l/value
y[73] = /jointset/radius_hand_l/wrist_dev_l/speed

[2023-08-15 22:05:52.652] [warning] Coordinate.setValue:  coordinate subtalar_angle_r is locked. Unable to change its value.
[2023-08-15 22:05:52.652] [warning] Coordinate.setValue:  coordinate mtp_angle_r is locked. Unable to change its value.
[2023-08-15 22:05:52.652] [warning] Coordinate.setValue:  coordinate subtalar_angle_l is locked. Unable to change its value.
[2023-08-15 22:05:52.652] [warning] Coordinate.setValue:  coordinate mtp_angle_l is locked. Unable to change its value.
[2023-08-15 22:05:52.652] [warning] Coordinate.setValue:  coordinate wrist_flex_r is locked. Unable to change its value.
[2023-08-15 22:05:52.652] [warning] Coordinate.setValue:  coordinate wrist_dev_r is locked. Unable to change its value.
[2023-08-15 22:05:52.652] [warning] Coordinate.setValue:  coordinate wrist_flex_l is locked. Unable to change its value.
[2023-08-15 22:05:52.652] [warning] Coordinate.setValue:  coordinate wrist_dev_l is locked. Unable to change its value.
[2023-08-15 22:05:52.703] [info] Requested COM adjustment time range 0.3255 to 0.912, clamped to nearest available data times: 0.3255 to 0.912.
[2023-08-15 22:05:52.704] [info] Computing average residuals between 0.3255 and 0.912...
[2023-08-15 22:05:52.767] [info] ExternalForce::externalforce Data source being set to Run_500 03_newCOP3_v24.mot
[2023-08-15 22:05:52.768] [info] ExternalForce::externalforce_0 Data source being set to Run_500 03_newCOP3_v24.mot
[2023-08-15 22:05:52.825] [info] ExternalForce::externalforce Data source being set to Run_500 03_newCOP3_v24.mot
[2023-08-15 22:05:52.825] [info] ExternalForce::externalforce_0 Data source being set to Run_500 03_newCOP3_v24.mot
[2023-08-15 22:05:55.554] [info] ExternalForce::externalforce Data source being set to Run_500 03_newCOP3_v24.mot
[2023-08-15 22:05:55.554] [info] ExternalForce::externalforce_0 Data source being set to Run_500 03_newCOP3_v24.mot
[2023-08-15 22:05:55.558] [info] Computing average residuals between 0.3255 and 0.912...
[2023-08-15 22:05:55.628] [info] ExternalForce::externalforce Data source being set to Run_500 03_newCOP3_v24.mot
[2023-08-15 22:05:55.628] [info] ExternalForce::externalforce_0 Data source being set to Run_500 03_newCOP3_v24.mot
[2023-08-15 22:05:55.689] [info] ExternalForce::externalforce Data source being set to Run_500 03_newCOP3_v24.mot
[2023-08-15 22:05:55.689] [info] ExternalForce::externalforce_0 Data source being set to Run_500 03_newCOP3_v24.mot
[2023-08-15 22:05:58.736] [info] Constructing function set for tracking desired kinematics...
[2023-08-15 22:05:59.282] [warning] No Actuation analysis found in analysis set, adding one...
[2023-08-15 22:05:59.282] [warning] No Kinematics analysis found in analysis set, adding one...
[2023-08-15 22:05:59.284] [info] Using the generalized coordinates specified in '..\rra1\cycle1\subject03_run5_cycle1_iter1_Kinematics_q.sto' to set the initial configuration.
[2023-08-15 22:05:59.405] [info] Using IPOPT optimizer algorithm.
[2023-08-15 22:05:59.405] [info] Setting optimizer print level to 0.
[2023-08-15 22:05:59.405] [info] Setting optimizer convergence tolerance to 1.0e-05.
[2023-08-15 22:05:59.405] [info] Setting optimizer maximum iterations to 2000.
[2023-08-15 22:05:59.405] [info] Setting cmc controller to not use verbose printing.

[2023-08-15 22:05:59.406] [info] CMC::computeControls, t = 0.3255
[2023-08-15 22:06:00.156] [info] --------------------------------------------
[2023-08-15 22:06:00.156] [info] Using CMC to track the specified kinematics:
[2023-08-15 22:06:00.156] [info] --------------------------------------------
[2023-08-15 22:06:00.156] [info]  -- Integrating from 0.3255 to 0.912
[2023-08-15 22:06:00.156] [info]  -- Start time = Tue Aug 15 22:06:00 2023
[2023-08-15 22:06:00.156] [info] --------------------------------------------
[2023-08-15 22:06:00.156] [info] 
[2023-08-15 22:06:00.173] [info] CMC::computeControls, t = 0.3255
[2023-08-15 22:06:00.199] [info] CMC::computeControls, t = 0.3265
[2023-08-15 22:06:00.199] [warning] Coordinate.setValue:  coordinate subtalar_angle_r is locked. Unable to change its value.
[2023-08-15 22:06:00.199] [warning] Coordinate.setValue:  coordinate mtp_angle_r is locked. Unable to change its value.
[2023-08-15 22:06:00.199] [warning] Coordinate.setValue:  coordinate subtalar_angle_l is locked. Unable to change its value.
[2023-08-15 22:06:00.199] [warning] Coordinate.setValue:  coordinate mtp_angle_l is locked. Unable to change its value.
[2023-08-15 22:06:00.199] [warning] Coordinate.setValue:  coordinate wrist_flex_r is locked. Unable to change its value.
[2023-08-15 22:06:00.199] [warning] Coordinate.setValue:  coordinate wrist_dev_r is locked. Unable to change its value.
[2023-08-15 22:06:00.199] [warning] Coordinate.setValue:  coordinate wrist_flex_l is locked. Unable to change its value.
[2023-08-15 22:06:00.199] [warning] Coordinate.setValue:  coordinate wrist_dev_l is locked. Unable to change its value.
[2023-08-15 22:06:00.216] [info] CMC::computeControls, t = 0.3275
[2023-08-15 22:06:00.234] [info] CMC::computeControls, t = 0.3285
[2023-08-15 22:06:00.250] [info] CMC::computeControls, t = 0.3295
[2023-08-15 22:06:00.265] [info] CMC::computeControls, t = 0.330500
[2023-08-15 22:06:00.280] [info] CMC::computeControls, t = 0.3315
[2023-08-15 22:06:00.298] [info] CMC::computeControls, t = 0.3325
[2023-08-15 22:06:00.313] [info] CMC::computeControls, t = 0.3335
[2023-08-15 22:06:00.327] [info] CMC::computeControls, t = 0.3345
[2023-08-15 22:06:00.342] [info] CMC::computeControls, t = 0.3355
[2023-08-15 22:06:00.357] [info] CMC::computeControls, t = 0.3365
[2023-08-15 22:06:00.372] [info] CMC::computeControls, t = 0.3375
[2023-08-15 22:06:00.388] [info] CMC::computeControls, t = 0.3385
[2023-08-15 22:06:00.403] [info] CMC::computeControls, t = 0.3395
[2023-08-15 22:06:00.418] [info] CMC::computeControls, t = 0.340500
[2023-08-15 22:06:00.433] [info] CMC::computeControls, t = 0.3415
[2023-08-15 22:06:00.448] [info] CMC::computeControls, t = 0.3425
[2023-08-15 22:06:00.463] [info] CMC::computeControls, t = 0.3435
[2023-08-15 22:06:00.478] [info] CMC::computeControls, t = 0.3445
[2023-08-15 22:06:00.494] [info] CMC::computeControls, t = 0.3455
[2023-08-15 22:06:00.509] [info] CMC::computeControls, t = 0.3465
[2023-08-15 22:06:00.524] [info] CMC::computeControls, t = 0.3475
[2023-08-15 22:06:00.541] [info] CMC::computeControls, t = 0.3485
[2023-08-15 22:06:00.557] [info] CMC::computeControls, t = 0.3495
[2023-08-15 22:06:00.573] [info] CMC::computeControls, t = 0.350500
[2023-08-15 22:06:00.589] [info] CMC::computeControls, t = 0.3515
[2023-08-15 22:06:00.605] [info] CMC::computeControls, t = 0.3525
[2023-08-15 22:06:00.620] [info] CMC::computeControls, t = 0.3535
[2023-08-15 22:06:00.636] [info] CMC::computeControls, t = 0.3545
[2023-08-15 22:06:00.652] [info] CMC::computeControls, t = 0.3555
[2023-08-15 22:06:00.668] [info] CMC::computeControls, t = 0.3565
[2023-08-15 22:06:00.686] [info] CMC::computeControls, t = 0.3575
[2023-08-15 22:06:00.702] [info] CMC::computeControls, t = 0.3585
[2023-08-15 22:06:00.718] [info] CMC::computeControls, t = 0.3595
[2023-08-15 22:06:00.733] [info] CMC::computeControls, t = 0.360500
[2023-08-15 22:06:00.749] [info] CMC::computeControls, t = 0.3615
[2023-08-15 22:06:00.765] [info] CMC::computeControls, t = 0.3625
[2023-08-15 22:06:00.780] [info] CMC::computeControls, t = 0.3635
[2023-08-15 22:06:00.795] [info] CMC::computeControls, t = 0.3645
[2023-08-15 22:06:00.811] [info] CMC::computeControls, t = 0.3655
[2023-08-15 22:06:00.826] [info] CMC::computeControls, t = 0.3665
[2023-08-15 22:06:00.841] [info] CMC::computeControls, t = 0.3675
[2023-08-15 22:06:00.856] [info] CMC::computeControls, t = 0.3685
[2023-08-15 22:06:00.870] [info] CMC::computeControls, t = 0.3695
[2023-08-15 22:06:00.885] [info] CMC::computeControls, t = 0.370500
[2023-08-15 22:06:00.900] [info] CMC::computeControls, t = 0.3715
[2023-08-15 22:06:00.915] [info] CMC::computeControls, t = 0.3725
[2023-08-15 22:06:00.930] [info] CMC::computeControls, t = 0.3735
[2023-08-15 22:06:00.945] [info] CMC::computeControls, t = 0.3745
[2023-08-15 22:06:00.960] [info] CMC::computeControls, t = 0.3755
[2023-08-15 22:06:00.976] [info] CMC::computeControls, t = 0.3765
[2023-08-15 22:06:00.991] [info] CMC::computeControls, t = 0.3775
[2023-08-15 22:06:01.007] [info] CMC::computeControls, t = 0.3785
[2023-08-15 22:06:01.023] [info] CMC::computeControls, t = 0.3795
[2023-08-15 22:06:01.039] [info] CMC::computeControls, t = 0.380500
[2023-08-15 22:06:01.054] [info] CMC::computeControls, t = 0.3815
[2023-08-15 22:06:01.070] [info] CMC::computeControls, t = 0.3825
[2023-08-15 22:06:01.085] [info] CMC::computeControls, t = 0.3835
[2023-08-15 22:06:01.100] [info] CMC::computeControls, t = 0.3845
[2023-08-15 22:06:01.121] [info] CMC::computeControls, t = 0.3855
[2023-08-15 22:06:01.139] [info] CMC::computeControls, t = 0.3865
[2023-08-15 22:06:01.154] [info] CMC::computeControls, t = 0.3875
[2023-08-15 22:06:01.169] [info] CMC::computeControls, t = 0.3885
[2023-08-15 22:06:01.184] [info] CMC::computeControls, t = 0.3895
[2023-08-15 22:06:01.200] [info] CMC::computeControls, t = 0.390500
[2023-08-15 22:06:01.215] [info] CMC::computeControls, t = 0.3915
[2023-08-15 22:06:01.230] [info] CMC::computeControls, t = 0.3925
[2023-08-15 22:06:01.245] [info] CMC::computeControls, t = 0.3935
[2023-08-15 22:06:01.259] [info] CMC::computeControls, t = 0.3945
[2023-08-15 22:06:01.274] [info] CMC::computeControls, t = 0.3955
[2023-08-15 22:06:01.289] [info] CMC::computeControls, t = 0.3965
[2023-08-15 22:06:01.304] [info] CMC::computeControls, t = 0.3975
[2023-08-15 22:06:01.319] [info] CMC::computeControls, t = 0.3985
[2023-08-15 22:06:01.334] [info] CMC::computeControls, t = 0.3995
[2023-08-15 22:06:01.350] [info] CMC::computeControls, t = 0.400500
[2023-08-15 22:06:01.364] [info] CMC::computeControls, t = 0.401500
[2023-08-15 22:06:01.379] [info] CMC::computeControls, t = 0.402500
[2023-08-15 22:06:01.395] [info] CMC::computeControls, t = 0.403500
[2023-08-15 22:06:01.410] [info] CMC::computeControls, t = 0.404500
[2023-08-15 22:06:01.425] [info] CMC::computeControls, t = 0.405500
[2023-08-15 22:06:01.439] [info] CMC::computeControls, t = 0.406500
[2023-08-15 22:06:01.454] [info] CMC::computeControls, t = 0.407500
[2023-08-15 22:06:01.469] [info] CMC::computeControls, t = 0.408500
[2023-08-15 22:06:01.484] [info] CMC::computeControls, t = 0.409500
[2023-08-15 22:06:01.499] [info] CMC::computeControls, t = 0.410500
[2023-08-15 22:06:01.515] [info] CMC::computeControls, t = 0.4115
[2023-08-15 22:06:01.530] [info] CMC::computeControls, t = 0.4125
[2023-08-15 22:06:01.545] [info] CMC::computeControls, t = 0.4135
[2023-08-15 22:06:01.561] [info] CMC::computeControls, t = 0.4145
[2023-08-15 22:06:01.578] [info] CMC::computeControls, t = 0.4155
[2023-08-15 22:06:01.593] [info] CMC::computeControls, t = 0.4165
[2023-08-15 22:06:01.608] [info] CMC::computeControls, t = 0.4175
[2023-08-15 22:06:01.623] [info] CMC::computeControls, t = 0.4185
[2023-08-15 22:06:01.637] [info] CMC::computeControls, t = 0.4195
[2023-08-15 22:06:01.653] [info] CMC::computeControls, t = 0.420500
[2023-08-15 22:06:01.668] [info] CMC::computeControls, t = 0.4215
[2023-08-15 22:06:01.683] [info] CMC::computeControls, t = 0.4225
[2023-08-15 22:06:01.698] [info] CMC::computeControls, t = 0.4235
[2023-08-15 22:06:01.713] [info] CMC::computeControls, t = 0.4245
[2023-08-15 22:06:01.728] [info] CMC::computeControls, t = 0.4255
[2023-08-15 22:06:01.769] [info] CMC::computeControls, t = 0.4265
[2023-08-15 22:06:01.784] [info] CMC::computeControls, t = 0.4275
[2023-08-15 22:06:01.798] [info] CMC::computeControls, t = 0.4285
[2023-08-15 22:06:01.813] [info] CMC::computeControls, t = 0.4295
[2023-08-15 22:06:01.828] [info] CMC::computeControls, t = 0.430500
[2023-08-15 22:06:01.844] [info] CMC::computeControls, t = 0.4315
[2023-08-15 22:06:01.859] [info] CMC::computeControls, t = 0.4325
[2023-08-15 22:06:01.874] [info] CMC::computeControls, t = 0.4335
[2023-08-15 22:06:01.889] [info] CMC::computeControls, t = 0.4345
[2023-08-15 22:06:01.904] [info] CMC::computeControls, t = 0.4355
[2023-08-15 22:06:01.918] [info] CMC::computeControls, t = 0.4365
[2023-08-15 22:06:01.933] [info] CMC::computeControls, t = 0.4375
[2023-08-15 22:06:01.948] [info] CMC::computeControls, t = 0.4385
[2023-08-15 22:06:01.963] [info] CMC::computeControls, t = 0.4395
[2023-08-15 22:06:01.978] [info] CMC::computeControls, t = 0.440500
[2023-08-15 22:06:01.993] [info] CMC::computeControls, t = 0.4415
[2023-08-15 22:06:02.008] [info] CMC::computeControls, t = 0.4425
[2023-08-15 22:06:02.025] [info] CMC::computeControls, t = 0.4435
[2023-08-15 22:06:02.044] [info] CMC::computeControls, t = 0.4445
[2023-08-15 22:06:02.060] [info] CMC::computeControls, t = 0.4455
[2023-08-15 22:06:02.075] [info] CMC::computeControls, t = 0.4465
[2023-08-15 22:06:02.090] [info] CMC::computeControls, t = 0.4475
[2023-08-15 22:06:02.105] [info] CMC::computeControls, t = 0.4485
[2023-08-15 22:06:02.120] [info] CMC::computeControls, t = 0.4495
[2023-08-15 22:06:02.135] [info] CMC::computeControls, t = 0.450500
[2023-08-15 22:06:02.150] [info] CMC::computeControls, t = 0.4515
[2023-08-15 22:06:02.165] [info] CMC::computeControls, t = 0.4525
[2023-08-15 22:06:02.180] [info] CMC::computeControls, t = 0.4535
[2023-08-15 22:06:02.195] [info] CMC::computeControls, t = 0.4545
[2023-08-15 22:06:02.213] [info] CMC::computeControls, t = 0.4555
[2023-08-15 22:06:02.228] [info] CMC::computeControls, t = 0.4565
[2023-08-15 22:06:02.243] [info] CMC::computeControls, t = 0.4575
[2023-08-15 22:06:02.257] [info] CMC::computeControls, t = 0.4585
[2023-08-15 22:06:02.273] [info] CMC::computeControls, t = 0.4595
[2023-08-15 22:06:02.287] [info] CMC::computeControls, t = 0.460500
[2023-08-15 22:06:02.303] [info] CMC::computeControls, t = 0.4615
[2023-08-15 22:06:02.318] [info] CMC::computeControls, t = 0.4625
[2023-08-15 22:06:02.332] [info] CMC::computeControls, t = 0.4635
[2023-08-15 22:06:02.348] [info] CMC::computeControls, t = 0.4645
[2023-08-15 22:06:02.363] [info] CMC::computeControls, t = 0.4655
[2023-08-15 22:06:02.378] [info] CMC::computeControls, t = 0.4665
[2023-08-15 22:06:02.394] [info] CMC::computeControls, t = 0.4675
[2023-08-15 22:06:02.409] [info] CMC::computeControls, t = 0.4685
[2023-08-15 22:06:02.424] [info] CMC::computeControls, t = 0.4695
[2023-08-15 22:06:02.439] [info] CMC::computeControls, t = 0.470500
[2023-08-15 22:06:02.454] [info] CMC::computeControls, t = 0.4715
[2023-08-15 22:06:02.470] [info] CMC::computeControls, t = 0.4725
[2023-08-15 22:06:02.487] [info] CMC::computeControls, t = 0.4735
[2023-08-15 22:06:02.503] [info] CMC::computeControls, t = 0.4745
[2023-08-15 22:06:02.518] [info] CMC::computeControls, t = 0.4755
[2023-08-15 22:06:02.533] [info] CMC::computeControls, t = 0.4765
[2023-08-15 22:06:02.549] [info] CMC::computeControls, t = 0.4775
[2023-08-15 22:06:02.565] [info] CMC::computeControls, t = 0.4785
[2023-08-15 22:06:02.580] [info] CMC::computeControls, t = 0.4795
[2023-08-15 22:06:02.596] [info] CMC::computeControls, t = 0.480500
[2023-08-15 22:06:02.612] [info] CMC::computeControls, t = 0.4815
[2023-08-15 22:06:02.627] [info] CMC::computeControls, t = 0.4825
[2023-08-15 22:06:02.642] [info] CMC::computeControls, t = 0.4835
[2023-08-15 22:06:02.658] [info] CMC::computeControls, t = 0.4845
[2023-08-15 22:06:02.673] [info] CMC::computeControls, t = 0.4855
[2023-08-15 22:06:02.688] [info] CMC::computeControls, t = 0.4865
[2023-08-15 22:06:02.704] [info] CMC::computeControls, t = 0.4875
[2023-08-15 22:06:02.719] [info] CMC::computeControls, t = 0.4885
[2023-08-15 22:06:02.734] [info] CMC::computeControls, t = 0.4895
[2023-08-15 22:06:02.750] [info] CMC::computeControls, t = 0.490500
[2023-08-15 22:06:02.765] [info] CMC::computeControls, t = 0.4915
[2023-08-15 22:06:02.781] [info] CMC::computeControls, t = 0.4925
[2023-08-15 22:06:02.796] [info] CMC::computeControls, t = 0.4935
[2023-08-15 22:06:02.812] [info] CMC::computeControls, t = 0.4945
[2023-08-15 22:06:02.828] [info] CMC::computeControls, t = 0.4955
[2023-08-15 22:06:02.843] [info] CMC::computeControls, t = 0.4965
[2023-08-15 22:06:02.859] [info] CMC::computeControls, t = 0.4975
[2023-08-15 22:06:02.874] [info] CMC::computeControls, t = 0.4985
[2023-08-15 22:06:02.890] [info] CMC::computeControls, t = 0.4995
[2023-08-15 22:06:02.905] [info] CMC::computeControls, t = 0.500500
[2023-08-15 22:06:02.921] [info] CMC::computeControls, t = 0.501500
[2023-08-15 22:06:02.939] [info] CMC::computeControls, t = 0.502500
[2023-08-15 22:06:02.954] [info] CMC::computeControls, t = 0.503500
[2023-08-15 22:06:02.969] [info] CMC::computeControls, t = 0.504500
[2023-08-15 22:06:02.985] [info] CMC::computeControls, t = 0.505500
[2023-08-15 22:06:03.000] [info] CMC::computeControls, t = 0.506500
[2023-08-15 22:06:03.015] [info] CMC::computeControls, t = 0.507500
[2023-08-15 22:06:03.031] [info] CMC::computeControls, t = 0.508500
[2023-08-15 22:06:03.047] [info] CMC::computeControls, t = 0.509500
[2023-08-15 22:06:03.065] [info] CMC::computeControls, t = 0.510500
[2023-08-15 22:06:03.081] [info] CMC::computeControls, t = 0.5115
[2023-08-15 22:06:03.097] [info] CMC::computeControls, t = 0.5125
[2023-08-15 22:06:03.113] [info] CMC::computeControls, t = 0.5135
[2023-08-15 22:06:03.128] [info] CMC::computeControls, t = 0.5145
[2023-08-15 22:06:03.144] [info] CMC::computeControls, t = 0.5155
[2023-08-15 22:06:03.160] [info] CMC::computeControls, t = 0.5165
[2023-08-15 22:06:03.176] [info] CMC::computeControls, t = 0.5175
[2023-08-15 22:06:03.191] [info] CMC::computeControls, t = 0.5185
[2023-08-15 22:06:03.207] [info] CMC::computeControls, t = 0.5195
[2023-08-15 22:06:03.222] [info] CMC::computeControls, t = 0.520500
[2023-08-15 22:06:03.238] [info] CMC::computeControls, t = 0.5215
[2023-08-15 22:06:03.254] [info] CMC::computeControls, t = 0.5225
[2023-08-15 22:06:03.269] [info] CMC::computeControls, t = 0.5235
[2023-08-15 22:06:03.285] [info] CMC::computeControls, t = 0.5245
[2023-08-15 22:06:03.300] [info] CMC::computeControls, t = 0.5255
[2023-08-15 22:06:03.316] [info] CMC::computeControls, t = 0.5265
[2023-08-15 22:06:03.331] [info] CMC::computeControls, t = 0.5275
[2023-08-15 22:06:03.347] [info] CMC::computeControls, t = 0.5285
[2023-08-15 22:06:03.362] [info] CMC::computeControls, t = 0.5295
[2023-08-15 22:06:03.378] [info] CMC::computeControls, t = 0.530500
[2023-08-15 22:06:03.399] [info] CMC::computeControls, t = 0.5315
[2023-08-15 22:06:03.415] [info] CMC::computeControls, t = 0.5325
[2023-08-15 22:06:03.431] [info] CMC::computeControls, t = 0.5335
[2023-08-15 22:06:03.447] [info] CMC::computeControls, t = 0.5345
[2023-08-15 22:06:03.462] [info] CMC::computeControls, t = 0.5355
[2023-08-15 22:06:03.478] [info] CMC::computeControls, t = 0.5365
[2023-08-15 22:06:03.493] [info] CMC::computeControls, t = 0.5375
[2023-08-15 22:06:03.509] [info] CMC::computeControls, t = 0.5385
[2023-08-15 22:06:03.525] [info] CMC::computeControls, t = 0.5395
[2023-08-15 22:06:03.541] [info] CMC::computeControls, t = 0.540500
[2023-08-15 22:06:03.558] [info] CMC::computeControls, t = 0.5415
[2023-08-15 22:06:03.579] [info] CMC::computeControls, t = 0.5425
[2023-08-15 22:06:03.601] [info] CMC::computeControls, t = 0.5435
[2023-08-15 22:06:03.618] [info] CMC::computeControls, t = 0.5445
[2023-08-15 22:06:03.635] [info] CMC::computeControls, t = 0.5455
[2023-08-15 22:06:03.654] [info] CMC::computeControls, t = 0.5465
[2023-08-15 22:06:03.673] [info] CMC::computeControls, t = 0.5475
[2023-08-15 22:06:03.693] [info] CMC::computeControls, t = 0.5485
[2023-08-15 22:06:03.711] [info] CMC::computeControls, t = 0.5495
[2023-08-15 22:06:03.728] [info] CMC::computeControls, t = 0.550500
[2023-08-15 22:06:03.746] [info] CMC::computeControls, t = 0.5515
[2023-08-15 22:06:03.763] [info] CMC::computeControls, t = 0.5525
[2023-08-15 22:06:03.784] [info] CMC::computeControls, t = 0.5535
[2023-08-15 22:06:03.801] [info] CMC::computeControls, t = 0.5545
[2023-08-15 22:06:03.818] [info] CMC::computeControls, t = 0.5555
[2023-08-15 22:06:03.835] [info] CMC::computeControls, t = 0.5565
[2023-08-15 22:06:03.855] [info] CMC::computeControls, t = 0.5575
[2023-08-15 22:06:03.873] [info] CMC::computeControls, t = 0.5585
[2023-08-15 22:06:03.902] [info] CMC::computeControls, t = 0.5595
[2023-08-15 22:06:03.922] [info] CMC::computeControls, t = 0.560500
[2023-08-15 22:06:03.939] [info] CMC::computeControls, t = 0.5615
[2023-08-15 22:06:03.956] [info] CMC::computeControls, t = 0.5625
[2023-08-15 22:06:03.973] [info] CMC::computeControls, t = 0.5635
[2023-08-15 22:06:03.990] [info] CMC::computeControls, t = 0.5645
[2023-08-15 22:06:04.007] [info] CMC::computeControls, t = 0.5655
[2023-08-15 22:06:04.024] [info] CMC::computeControls, t = 0.5665
[2023-08-15 22:06:04.045] [info] CMC::computeControls, t = 0.5675
[2023-08-15 22:06:04.065] [info] CMC::computeControls, t = 0.5685
[2023-08-15 22:06:04.083] [info] CMC::computeControls, t = 0.5695
[2023-08-15 22:06:04.101] [info] CMC::computeControls, t = 0.570500
[2023-08-15 22:06:04.118] [info] CMC::computeControls, t = 0.5715
[2023-08-15 22:06:04.134] [info] CMC::computeControls, t = 0.5725
[2023-08-15 22:06:04.151] [info] CMC::computeControls, t = 0.5735
[2023-08-15 22:06:04.167] [info] CMC::computeControls, t = 0.5745
[2023-08-15 22:06:04.184] [info] CMC::computeControls, t = 0.5755
[2023-08-15 22:06:04.202] [info] CMC::computeControls, t = 0.5765
[2023-08-15 22:06:04.218] [info] CMC::computeControls, t = 0.5775
[2023-08-15 22:06:04.234] [info] CMC::computeControls, t = 0.5785
[2023-08-15 22:06:04.250] [info] CMC::computeControls, t = 0.5795
[2023-08-15 22:06:04.267] [info] CMC::computeControls, t = 0.580500
[2023-08-15 22:06:04.283] [info] CMC::computeControls, t = 0.5815
[2023-08-15 22:06:04.299] [info] CMC::computeControls, t = 0.5825
[2023-08-15 22:06:04.316] [info] CMC::computeControls, t = 0.5835
[2023-08-15 22:06:04.332] [info] CMC::computeControls, t = 0.5845
[2023-08-15 22:06:04.348] [info] CMC::computeControls, t = 0.5855
[2023-08-15 22:06:04.364] [info] CMC::computeControls, t = 0.5865
[2023-08-15 22:06:04.381] [info] CMC::computeControls, t = 0.5875
[2023-08-15 22:06:04.397] [info] CMC::computeControls, t = 0.5885
[2023-08-15 22:06:04.416] [info] CMC::computeControls, t = 0.5895
[2023-08-15 22:06:04.433] [info] CMC::computeControls, t = 0.590500
[2023-08-15 22:06:04.449] [info] CMC::computeControls, t = 0.5915
[2023-08-15 22:06:04.465] [info] CMC::computeControls, t = 0.5925
[2023-08-15 22:06:04.481] [info] CMC::computeControls, t = 0.5935
[2023-08-15 22:06:04.498] [info] CMC::computeControls, t = 0.5945
[2023-08-15 22:06:04.514] [info] CMC::computeControls, t = 0.5955
[2023-08-15 22:06:04.531] [info] CMC::computeControls, t = 0.5965
[2023-08-15 22:06:04.547] [info] CMC::computeControls, t = 0.5975
[2023-08-15 22:06:04.564] [info] CMC::computeControls, t = 0.5985
[2023-08-15 22:06:04.580] [info] CMC::computeControls, t = 0.5995
[2023-08-15 22:06:04.597] [info] CMC::computeControls, t = 0.600500
[2023-08-15 22:06:04.613] [info] CMC::computeControls, t = 0.601500
[2023-08-15 22:06:04.630] [info] CMC::computeControls, t = 0.602500
[2023-08-15 22:06:04.646] [info] CMC::computeControls, t = 0.603500
[2023-08-15 22:06:04.663] [info] CMC::computeControls, t = 0.604500
[2023-08-15 22:06:04.679] [info] CMC::computeControls, t = 0.605500
[2023-08-15 22:06:04.695] [info] CMC::computeControls, t = 0.606500
[2023-08-15 22:06:04.713] [info] CMC::computeControls, t = 0.607500
[2023-08-15 22:06:04.729] [info] CMC::computeControls, t = 0.608500
[2023-08-15 22:06:04.746] [info] CMC::computeControls, t = 0.609500
[2023-08-15 22:06:04.762] [info] CMC::computeControls, t = 0.610500
[2023-08-15 22:06:04.782] [info] CMC::computeControls, t = 0.6115
[2023-08-15 22:06:04.806] [info] CMC::computeControls, t = 0.6125
[2023-08-15 22:06:04.826] [info] CMC::computeControls, t = 0.6135
[2023-08-15 22:06:04.844] [info] CMC::computeControls, t = 0.6145
[2023-08-15 22:06:04.864] [info] CMC::computeControls, t = 0.6155
[2023-08-15 22:06:04.881] [info] CMC::computeControls, t = 0.6165
[2023-08-15 22:06:04.898] [info] CMC::computeControls, t = 0.6175
[2023-08-15 22:06:04.920] [info] CMC::computeControls, t = 0.6185
[2023-08-15 22:06:04.937] [info] CMC::computeControls, t = 0.6195
[2023-08-15 22:06:04.953] [info] CMC::computeControls, t = 0.620500
[2023-08-15 22:06:04.969] [info] CMC::computeControls, t = 0.6215
[2023-08-15 22:06:04.986] [info] CMC::computeControls, t = 0.6225
[2023-08-15 22:06:05.002] [info] CMC::computeControls, t = 0.6235
[2023-08-15 22:06:05.019] [info] CMC::computeControls, t = 0.6245
[2023-08-15 22:06:05.037] [info] CMC::computeControls, t = 0.6255
[2023-08-15 22:06:05.054] [info] CMC::computeControls, t = 0.6265
[2023-08-15 22:06:05.070] [info] CMC::computeControls, t = 0.6275
[2023-08-15 22:06:05.087] [info] CMC::computeControls, t = 0.6285
[2023-08-15 22:06:05.104] [info] CMC::computeControls, t = 0.6295
[2023-08-15 22:06:05.121] [info] CMC::computeControls, t = 0.630500
[2023-08-15 22:06:05.138] [info] CMC::computeControls, t = 0.6315
[2023-08-15 22:06:05.154] [info] CMC::computeControls, t = 0.6325
[2023-08-15 22:06:05.171] [info] CMC::computeControls, t = 0.6335
[2023-08-15 22:06:05.187] [info] CMC::computeControls, t = 0.6345
[2023-08-15 22:06:05.204] [info] CMC::computeControls, t = 0.6355
[2023-08-15 22:06:05.220] [info] CMC::computeControls, t = 0.6365
[2023-08-15 22:06:05.236] [info] CMC::computeControls, t = 0.6375
[2023-08-15 22:06:05.253] [info] CMC::computeControls, t = 0.6385
[2023-08-15 22:06:05.269] [info] CMC::computeControls, t = 0.6395
[2023-08-15 22:06:05.285] [info] CMC::computeControls, t = 0.640500
[2023-08-15 22:06:05.302] [info] CMC::computeControls, t = 0.6415
[2023-08-15 22:06:05.318] [info] CMC::computeControls, t = 0.6425
[2023-08-15 22:06:05.335] [info] CMC::computeControls, t = 0.6435
[2023-08-15 22:06:05.351] [info] CMC::computeControls, t = 0.6445
[2023-08-15 22:06:05.368] [info] CMC::computeControls, t = 0.6455
[2023-08-15 22:06:05.384] [info] CMC::computeControls, t = 0.6465
[2023-08-15 22:06:05.403] [info] CMC::computeControls, t = 0.6475
[2023-08-15 22:06:05.419] [info] CMC::computeControls, t = 0.6485
[2023-08-15 22:06:05.436] [info] CMC::computeControls, t = 0.6495
[2023-08-15 22:06:05.453] [info] CMC::computeControls, t = 0.650500
[2023-08-15 22:06:05.470] [info] CMC::computeControls, t = 0.6515
[2023-08-15 22:06:05.486] [info] CMC::computeControls, t = 0.6525
[2023-08-15 22:06:05.503] [info] CMC::computeControls, t = 0.6535
[2023-08-15 22:06:05.519] [info] CMC::computeControls, t = 0.6545
[2023-08-15 22:06:05.535] [info] CMC::computeControls, t = 0.6555
[2023-08-15 22:06:05.552] [info] CMC::computeControls, t = 0.6565
[2023-08-15 22:06:05.568] [info] CMC::computeControls, t = 0.6575
[2023-08-15 22:06:05.584] [info] CMC::computeControls, t = 0.6585
[2023-08-15 22:06:05.600] [info] CMC::computeControls, t = 0.6595
[2023-08-15 22:06:05.617] [info] CMC::computeControls, t = 0.660500
[2023-08-15 22:06:05.633] [info] CMC::computeControls, t = 0.6615
[2023-08-15 22:06:05.650] [info] CMC::computeControls, t = 0.6625
[2023-08-15 22:06:05.667] [info] CMC::computeControls, t = 0.6635
[2023-08-15 22:06:05.683] [info] CMC::computeControls, t = 0.6645
[2023-08-15 22:06:05.700] [info] CMC::computeControls, t = 0.6655
[2023-08-15 22:06:05.716] [info] CMC::computeControls, t = 0.6665
[2023-08-15 22:06:05.733] [info] CMC::computeControls, t = 0.6675
[2023-08-15 22:06:05.754] [info] CMC::computeControls, t = 0.6685
[2023-08-15 22:06:05.770] [info] CMC::computeControls, t = 0.6695
[2023-08-15 22:06:05.787] [info] CMC::computeControls, t = 0.670500
[2023-08-15 22:06:05.803] [info] CMC::computeControls, t = 0.6715
[2023-08-15 22:06:05.820] [info] CMC::computeControls, t = 0.6725
[2023-08-15 22:06:05.836] [info] CMC::computeControls, t = 0.6735
[2023-08-15 22:06:05.853] [info] CMC::computeControls, t = 0.6745
[2023-08-15 22:06:05.869] [info] CMC::computeControls, t = 0.6755
[2023-08-15 22:06:05.888] [info] CMC::computeControls, t = 0.6765
[2023-08-15 22:06:05.904] [info] CMC::computeControls, t = 0.6775
[2023-08-15 22:06:05.921] [info] CMC::computeControls, t = 0.6785
[2023-08-15 22:06:05.937] [info] CMC::computeControls, t = 0.6795
[2023-08-15 22:06:05.953] [info] CMC::computeControls, t = 0.680500
[2023-08-15 22:06:05.970] [info] CMC::computeControls, t = 0.6815
[2023-08-15 22:06:05.987] [info] CMC::computeControls, t = 0.6825
[2023-08-15 22:06:06.003] [info] CMC::computeControls, t = 0.6835
[2023-08-15 22:06:06.020] [info] CMC::computeControls, t = 0.6845
[2023-08-15 22:06:06.036] [info] CMC::computeControls, t = 0.6855
[2023-08-15 22:06:06.053] [info] CMC::computeControls, t = 0.6865
[2023-08-15 22:06:06.070] [info] CMC::computeControls, t = 0.6875
[2023-08-15 22:06:06.087] [info] CMC::computeControls, t = 0.6885
[2023-08-15 22:06:06.103] [info] CMC::computeControls, t = 0.6895
[2023-08-15 22:06:06.120] [info] CMC::computeControls, t = 0.690500
[2023-08-15 22:06:06.137] [info] CMC::computeControls, t = 0.6915
[2023-08-15 22:06:06.154] [info] CMC::computeControls, t = 0.6925
[2023-08-15 22:06:06.171] [info] CMC::computeControls, t = 0.6935
[2023-08-15 22:06:06.189] [info] CMC::computeControls, t = 0.6945
[2023-08-15 22:06:06.208] [info] CMC::computeControls, t = 0.6955
[2023-08-15 22:06:06.225] [info] CMC::computeControls, t = 0.6965
[2023-08-15 22:06:06.242] [info] CMC::computeControls, t = 0.6975
[2023-08-15 22:06:06.258] [info] CMC::computeControls, t = 0.6985
[2023-08-15 22:06:06.275] [info] CMC::computeControls, t = 0.6995
[2023-08-15 22:06:06.292] [info] CMC::computeControls, t = 0.700500
[2023-08-15 22:06:06.309] [info] CMC::computeControls, t = 0.701500
[2023-08-15 22:06:06.326] [info] CMC::computeControls, t = 0.702500
[2023-08-15 22:06:06.342] [info] CMC::computeControls, t = 0.703500
[2023-08-15 22:06:06.359] [info] CMC::computeControls, t = 0.704500
[2023-08-15 22:06:06.379] [info] CMC::computeControls, t = 0.705500
[2023-08-15 22:06:06.395] [info] CMC::computeControls, t = 0.706500
[2023-08-15 22:06:06.413] [info] CMC::computeControls, t = 0.707500
[2023-08-15 22:06:06.430] [info] CMC::computeControls, t = 0.708500
[2023-08-15 22:06:06.447] [info] CMC::computeControls, t = 0.709500
[2023-08-15 22:06:06.464] [info] CMC::computeControls, t = 0.710500
[2023-08-15 22:06:06.481] [info] CMC::computeControls, t = 0.7115
[2023-08-15 22:06:06.498] [info] CMC::computeControls, t = 0.7125
[2023-08-15 22:06:06.515] [info] CMC::computeControls, t = 0.7135
[2023-08-15 22:06:06.531] [info] CMC::computeControls, t = 0.7145
[2023-08-15 22:06:06.548] [info] CMC::computeControls, t = 0.7155
[2023-08-15 22:06:06.565] [info] CMC::computeControls, t = 0.7165
[2023-08-15 22:06:06.582] [info] CMC::computeControls, t = 0.7175
[2023-08-15 22:06:06.598] [info] CMC::computeControls, t = 0.7185
[2023-08-15 22:06:06.615] [info] CMC::computeControls, t = 0.7195
[2023-08-15 22:06:06.632] [info] CMC::computeControls, t = 0.720500
[2023-08-15 22:06:06.648] [info] CMC::computeControls, t = 0.7215
[2023-08-15 22:06:06.666] [info] CMC::computeControls, t = 0.7225
[2023-08-15 22:06:06.683] [info] CMC::computeControls, t = 0.7235
[2023-08-15 22:06:06.700] [info] CMC::computeControls, t = 0.7245
[2023-08-15 22:06:06.716] [info] CMC::computeControls, t = 0.7255
[2023-08-15 22:06:06.733] [info] CMC::computeControls, t = 0.7265
[2023-08-15 22:06:06.750] [info] CMC::computeControls, t = 0.7275
[2023-08-15 22:06:06.766] [info] CMC::computeControls, t = 0.7285
[2023-08-15 22:06:06.783] [info] CMC::computeControls, t = 0.7295
[2023-08-15 22:06:06.800] [info] CMC::computeControls, t = 0.730500
[2023-08-15 22:06:06.817] [info] CMC::computeControls, t = 0.7315
[2023-08-15 22:06:06.834] [info] CMC::computeControls, t = 0.7325
[2023-08-15 22:06:06.850] [info] CMC::computeControls, t = 0.7335
[2023-08-15 22:06:06.870] [info] CMC::computeControls, t = 0.7345
[2023-08-15 22:06:06.886] [info] CMC::computeControls, t = 0.7355
[2023-08-15 22:06:06.904] [info] CMC::computeControls, t = 0.7365
[2023-08-15 22:06:06.920] [info] CMC::computeControls, t = 0.7375
[2023-08-15 22:06:06.937] [info] CMC::computeControls, t = 0.7385
[2023-08-15 22:06:06.953] [info] CMC::computeControls, t = 0.7395
[2023-08-15 22:06:06.970] [info] CMC::computeControls, t = 0.740500
[2023-08-15 22:06:06.987] [info] CMC::computeControls, t = 0.7415
[2023-08-15 22:06:07.004] [info] CMC::computeControls, t = 0.7425
[2023-08-15 22:06:07.021] [info] CMC::computeControls, t = 0.7435
[2023-08-15 22:06:07.038] [info] CMC::computeControls, t = 0.7445
[2023-08-15 22:06:07.055] [info] CMC::computeControls, t = 0.7455
[2023-08-15 22:06:07.072] [info] CMC::computeControls, t = 0.7465
[2023-08-15 22:06:07.089] [info] CMC::computeControls, t = 0.7475
[2023-08-15 22:06:07.105] [info] CMC::computeControls, t = 0.7485
[2023-08-15 22:06:07.122] [info] CMC::computeControls, t = 0.7495
[2023-08-15 22:06:07.138] [info] CMC::computeControls, t = 0.750500
[2023-08-15 22:06:07.155] [info] CMC::computeControls, t = 0.7515
[2023-08-15 22:06:07.172] [info] CMC::computeControls, t = 0.7525
[2023-08-15 22:06:07.189] [info] CMC::computeControls, t = 0.7535
[2023-08-15 22:06:07.205] [info] CMC::computeControls, t = 0.7545
[2023-08-15 22:06:07.222] [info] CMC::computeControls, t = 0.7555
[2023-08-15 22:06:07.238] [info] CMC::computeControls, t = 0.7565
[2023-08-15 22:06:07.256] [info] CMC::computeControls, t = 0.7575
[2023-08-15 22:06:07.273] [info] CMC::computeControls, t = 0.7585
[2023-08-15 22:06:07.289] [info] CMC::computeControls, t = 0.7595
[2023-08-15 22:06:07.305] [info] CMC::computeControls, t = 0.760500
[2023-08-15 22:06:07.322] [info] CMC::computeControls, t = 0.7615
[2023-08-15 22:06:07.338] [info] CMC::computeControls, t = 0.7625
[2023-08-15 22:06:07.357] [info] CMC::computeControls, t = 0.7635
[2023-08-15 22:06:07.374] [info] CMC::computeControls, t = 0.7645
[2023-08-15 22:06:07.390] [info] CMC::computeControls, t = 0.7655
[2023-08-15 22:06:07.407] [info] CMC::computeControls, t = 0.7665
[2023-08-15 22:06:07.423] [info] CMC::computeControls, t = 0.7675
[2023-08-15 22:06:07.440] [info] CMC::computeControls, t = 0.7685
[2023-08-15 22:06:07.456] [info] CMC::computeControls, t = 0.7695
[2023-08-15 22:06:07.472] [info] CMC::computeControls, t = 0.770500
[2023-08-15 22:06:07.489] [info] CMC::computeControls, t = 0.7715
[2023-08-15 22:06:07.505] [info] CMC::computeControls, t = 0.7725
[2023-08-15 22:06:07.522] [info] CMC::computeControls, t = 0.7735
[2023-08-15 22:06:07.538] [info] CMC::computeControls, t = 0.7745
[2023-08-15 22:06:07.555] [info] CMC::computeControls, t = 0.7755
[2023-08-15 22:06:07.571] [info] CMC::computeControls, t = 0.7765
[2023-08-15 22:06:07.588] [info] CMC::computeControls, t = 0.7775
[2023-08-15 22:06:07.604] [info] CMC::computeControls, t = 0.7785
[2023-08-15 22:06:07.621] [info] CMC::computeControls, t = 0.7795
[2023-08-15 22:06:07.637] [info] CMC::computeControls, t = 0.780500
[2023-08-15 22:06:07.654] [info] CMC::computeControls, t = 0.7815
[2023-08-15 22:06:07.671] [info] CMC::computeControls, t = 0.7825
[2023-08-15 22:06:07.689] [info] CMC::computeControls, t = 0.7835
[2023-08-15 22:06:07.705] [info] CMC::computeControls, t = 0.7845
[2023-08-15 22:06:07.722] [info] CMC::computeControls, t = 0.7855
[2023-08-15 22:06:07.739] [info] CMC::computeControls, t = 0.7865
[2023-08-15 22:06:07.756] [info] CMC::computeControls, t = 0.7875
[2023-08-15 22:06:07.772] [info] CMC::computeControls, t = 0.7885
[2023-08-15 22:06:07.789] [info] CMC::computeControls, t = 0.7895
[2023-08-15 22:06:07.805] [info] CMC::computeControls, t = 0.790500
[2023-08-15 22:06:07.822] [info] CMC::computeControls, t = 0.7915
[2023-08-15 22:06:07.841] [info] CMC::computeControls, t = 0.7925
[2023-08-15 22:06:07.857] [info] CMC::computeControls, t = 0.7935
[2023-08-15 22:06:07.874] [info] CMC::computeControls, t = 0.7945
[2023-08-15 22:06:07.890] [info] CMC::computeControls, t = 0.7955
[2023-08-15 22:06:07.906] [info] CMC::computeControls, t = 0.7965
[2023-08-15 22:06:07.923] [info] CMC::computeControls, t = 0.7975
[2023-08-15 22:06:07.944] [info] CMC::computeControls, t = 0.7985
[2023-08-15 22:06:07.961] [info] CMC::computeControls, t = 0.7995
[2023-08-15 22:06:07.978] [info] CMC::computeControls, t = 0.800500
[2023-08-15 22:06:07.995] [info] CMC::computeControls, t = 0.801500
[2023-08-15 22:06:08.012] [info] CMC::computeControls, t = 0.802500
[2023-08-15 22:06:08.030] [info] CMC::computeControls, t = 0.803500
[2023-08-15 22:06:08.047] [info] CMC::computeControls, t = 0.804500
[2023-08-15 22:06:08.063] [info] CMC::computeControls, t = 0.805500
[2023-08-15 22:06:08.080] [info] CMC::computeControls, t = 0.806500
[2023-08-15 22:06:08.097] [info] CMC::computeControls, t = 0.807500
[2023-08-15 22:06:08.114] [info] CMC::computeControls, t = 0.808500
[2023-08-15 22:06:08.130] [info] CMC::computeControls, t = 0.809500
[2023-08-15 22:06:08.147] [info] CMC::computeControls, t = 0.810500
[2023-08-15 22:06:08.163] [info] CMC::computeControls, t = 0.8115
[2023-08-15 22:06:08.190] [info] CMC::computeControls, t = 0.8125
[2023-08-15 22:06:08.207] [info] CMC::computeControls, t = 0.8135
[2023-08-15 22:06:08.223] [info] CMC::computeControls, t = 0.8145
[2023-08-15 22:06:08.240] [info] CMC::computeControls, t = 0.8155
[2023-08-15 22:06:08.256] [info] CMC::computeControls, t = 0.8165
[2023-08-15 22:06:08.273] [info] CMC::computeControls, t = 0.8175
[2023-08-15 22:06:08.290] [info] CMC::computeControls, t = 0.8185
[2023-08-15 22:06:08.307] [info] CMC::computeControls, t = 0.8195
[2023-08-15 22:06:08.323] [info] CMC::computeControls, t = 0.820500
[2023-08-15 22:06:08.342] [info] CMC::computeControls, t = 0.8215
[2023-08-15 22:06:08.359] [info] CMC::computeControls, t = 0.8225
[2023-08-15 22:06:08.376] [info] CMC::computeControls, t = 0.8235
[2023-08-15 22:06:08.392] [info] CMC::computeControls, t = 0.8245
[2023-08-15 22:06:08.411] [info] CMC::computeControls, t = 0.8255
[2023-08-15 22:06:08.432] [info] CMC::computeControls, t = 0.8265
[2023-08-15 22:06:08.456] [info] CMC::computeControls, t = 0.8275
[2023-08-15 22:06:08.476] [info] CMC::computeControls, t = 0.8285
[2023-08-15 22:06:08.494] [info] CMC::computeControls, t = 0.8295
[2023-08-15 22:06:08.512] [info] CMC::computeControls, t = 0.830500
[2023-08-15 22:06:08.530] [info] CMC::computeControls, t = 0.8315
[2023-08-15 22:06:08.547] [info] CMC::computeControls, t = 0.8325
[2023-08-15 22:06:08.563] [info] CMC::computeControls, t = 0.8335
[2023-08-15 22:06:08.580] [info] CMC::computeControls, t = 0.8345
[2023-08-15 22:06:08.596] [info] CMC::computeControls, t = 0.8355
[2023-08-15 22:06:08.613] [info] CMC::computeControls, t = 0.8365
[2023-08-15 22:06:08.629] [info] CMC::computeControls, t = 0.8375
[2023-08-15 22:06:08.646] [info] CMC::computeControls, t = 0.8385
[2023-08-15 22:06:08.662] [info] CMC::computeControls, t = 0.8395
[2023-08-15 22:06:08.679] [info] CMC::computeControls, t = 0.840500
[2023-08-15 22:06:08.695] [info] CMC::computeControls, t = 0.8415
[2023-08-15 22:06:08.712] [info] CMC::computeControls, t = 0.8425
[2023-08-15 22:06:08.729] [info] CMC::computeControls, t = 0.8435
[2023-08-15 22:06:08.746] [info] CMC::computeControls, t = 0.8445
[2023-08-15 22:06:08.763] [info] CMC::computeControls, t = 0.8455
[2023-08-15 22:06:08.779] [info] CMC::computeControls, t = 0.8465
[2023-08-15 22:06:08.796] [info] CMC::computeControls, t = 0.8475
[2023-08-15 22:06:08.812] [info] CMC::computeControls, t = 0.8485
[2023-08-15 22:06:08.829] [info] CMC::computeControls, t = 0.8495
[2023-08-15 22:06:08.849] [info] CMC::computeControls, t = 0.850500
[2023-08-15 22:06:08.865] [info] CMC::computeControls, t = 0.8515
[2023-08-15 22:06:08.882] [info] CMC::computeControls, t = 0.8525
[2023-08-15 22:06:08.898] [info] CMC::computeControls, t = 0.8535
[2023-08-15 22:06:08.915] [info] CMC::computeControls, t = 0.8545
[2023-08-15 22:06:08.931] [info] CMC::computeControls, t = 0.8555
[2023-08-15 22:06:08.948] [info] CMC::computeControls, t = 0.8565
[2023-08-15 22:06:08.965] [info] CMC::computeControls, t = 0.8575
[2023-08-15 22:06:08.981] [info] CMC::computeControls, t = 0.8585
[2023-08-15 22:06:09.002] [info] CMC::computeControls, t = 0.8595
[2023-08-15 22:06:09.019] [info] CMC::computeControls, t = 0.860500
[2023-08-15 22:06:09.035] [info] CMC::computeControls, t = 0.8615
[2023-08-15 22:06:09.054] [info] CMC::computeControls, t = 0.8625
[2023-08-15 22:06:09.071] [info] CMC::computeControls, t = 0.8635
[2023-08-15 22:06:09.088] [info] CMC::computeControls, t = 0.8645
[2023-08-15 22:06:09.105] [info] CMC::computeControls, t = 0.8655
[2023-08-15 22:06:09.121] [info] CMC::computeControls, t = 0.8665
[2023-08-15 22:06:09.138] [info] CMC::computeControls, t = 0.8675
[2023-08-15 22:06:09.155] [info] CMC::computeControls, t = 0.8685
[2023-08-15 22:06:09.171] [info] CMC::computeControls, t = 0.8695
[2023-08-15 22:06:09.188] [info] CMC::computeControls, t = 0.870500
[2023-08-15 22:06:09.206] [info] CMC::computeControls, t = 0.8715
[2023-08-15 22:06:09.222] [info] CMC::computeControls, t = 0.8725
[2023-08-15 22:06:09.239] [info] CMC::computeControls, t = 0.8735
[2023-08-15 22:06:09.255] [info] CMC::computeControls, t = 0.8745
[2023-08-15 22:06:09.272] [info] CMC::computeControls, t = 0.8755
[2023-08-15 22:06:09.288] [info] CMC::computeControls, t = 0.8765
[2023-08-15 22:06:09.305] [info] CMC::computeControls, t = 0.8775
[2023-08-15 22:06:09.321] [info] CMC::computeControls, t = 0.8785
[2023-08-15 22:06:09.341] [info] CMC::computeControls, t = 0.8795
[2023-08-15 22:06:09.362] [info] CMC::computeControls, t = 0.880500
[2023-08-15 22:06:09.379] [info] CMC::computeControls, t = 0.8815
[2023-08-15 22:06:09.396] [info] CMC::computeControls, t = 0.8825
[2023-08-15 22:06:09.412] [info] CMC::computeControls, t = 0.8835
[2023-08-15 22:06:09.429] [info] CMC::computeControls, t = 0.8845
[2023-08-15 22:06:09.445] [info] CMC::computeControls, t = 0.8855
[2023-08-15 22:06:09.462] [info] CMC::computeControls, t = 0.8865
[2023-08-15 22:06:09.478] [info] CMC::computeControls, t = 0.8875
[2023-08-15 22:06:09.495] [info] CMC::computeControls, t = 0.8885
[2023-08-15 22:06:09.511] [info] CMC::computeControls, t = 0.8895
[2023-08-15 22:06:09.528] [info] CMC::computeControls, t = 0.890500
[2023-08-15 22:06:09.544] [info] CMC::computeControls, t = 0.8915
[2023-08-15 22:06:09.561] [info] CMC::computeControls, t = 0.8925
[2023-08-15 22:06:09.578] [info] CMC::computeControls, t = 0.8935
[2023-08-15 22:06:09.595] [info] CMC::computeControls, t = 0.8945
[2023-08-15 22:06:09.611] [info] CMC::computeControls, t = 0.8955
[2023-08-15 22:06:09.628] [info] CMC::computeControls, t = 0.8965
[2023-08-15 22:06:09.645] [info] CMC::computeControls, t = 0.8975
[2023-08-15 22:06:09.661] [info] CMC::computeControls, t = 0.8985
[2023-08-15 22:06:09.678] [info] CMC::computeControls, t = 0.8995
[2023-08-15 22:06:09.695] [info] CMC::computeControls, t = 0.900500
[2023-08-15 22:06:09.712] [info] CMC::computeControls, t = 0.901500
[2023-08-15 22:06:09.728] [info] CMC::computeControls, t = 0.902500
[2023-08-15 22:06:09.745] [info] CMC::computeControls, t = 0.903500
[2023-08-15 22:06:09.762] [info] CMC::computeControls, t = 0.904500
[2023-08-15 22:06:09.780] [info] CMC::computeControls, t = 0.905500
[2023-08-15 22:06:09.796] [info] CMC::computeControls, t = 0.906500
[2023-08-15 22:06:09.813] [info] CMC::computeControls, t = 0.907500
[2023-08-15 22:06:09.832] [info] CMC::computeControls, t = 0.908500
[2023-08-15 22:06:09.848] [info] CMC::computeControls, t = 0.909500
[2023-08-15 22:06:09.866] [info] CMC::computeControls, t = 0.910500
[2023-08-15 22:06:09.882] [info] -------------------------------------------
[2023-08-15 22:06:09.883] [info] Finished tracking the specified kinematics:
[2023-08-15 22:06:09.883] [info] -------------------------------------------
[2023-08-15 22:06:09.883] [info]  -- Start time = Tue Aug 15 22:06:00 2023
[2023-08-15 22:06:09.883] [info]  -- Finish time = Tue Aug 15 22:06:09 2023
[2023-08-15 22:06:09.883] [info]  -- Elapsed time = 9.0 seconds.
[2023-08-15 22:06:09.883] [info] -------------------------------------------
[2023-08-15 22:06:09.883] [info] 
[2023-08-15 22:06:09.883] [info] Printing results of investigation subject03_run5_cycle1_iter2 to cycle1/
[2023-08-15 22:06:10.230] [info] 

************************************************************
*      Summary of Mass Adjustments to Reduce Residuals     *
************************************************************
* Body adjusted: torso
* Mass Center (COM) adjustment: dx =0.0929232, dz =-0.0235589
* New COM location: ~[-0.0296118,0.331103,-0.00463978]
************************************************************
* Recommended mass adjustments:                             
*  Total mass change: -0.992935
*  pelvis: orig mass = 10.2798, new mass = 10.1242
*  femur_r: orig mass = 8.11892, new mass = 7.99605
*  tibia_r: orig mass = 3.23617, new mass = 3.18719
*  talus_r: orig mass = 0.087287, new mass = 0.085966
*  calcn_r: orig mass = 1.09109, new mass = 1.07458
*  toes_r: orig mass = 0.189064, new mass = 0.186203
*  femur_l: orig mass = 8.11892, new mass = 7.99605
*  tibia_l: orig mass = 3.23617, new mass = 3.18719
*  talus_l: orig mass = 0.087287, new mass = 0.085966
*  calcn_l: orig mass = 1.09109, new mass = 1.07458
*  toes_l: orig mass = 0.189064, new mass = 0.186203
*  torso: orig mass = 23.4161, new mass = 23.0617
*  humerus_r: orig mass = 1.77411, new mass = 1.74726
*  ulna_r: orig mass = 0.530269, new mass = 0.522244
*  radius_r: orig mass = 0.530269, new mass = 0.522244
*  hand_r: orig mass = 0.399338, new mass = 0.393294
*  humerus_l: orig mass = 1.77411, new mass = 1.74726
*  ulna_l: orig mass = 0.530269, new mass = 0.522244
*  radius_l: orig mass = 0.530269, new mass = 0.522244
*  hand_l: orig mass = 0.399338, new mass = 0.393294
************************************************************
* Note: Edit the model to make recommended adjustments to  *
*       mass properties.                                   *
************************************************************

* Average residuals before adjusting torso COM:
*  FX=5.25214 FY=9.73736 FZ=-0.122144
*  MX=5.40992 MY=-1.85675 MZ=21.3383
************************************************************
* Average residuals after adjusting torso COM:
*  FX=5.72162 FY=7.68987 FZ=3.03654
*  MX=2.87063 MY=-4.85386 MZ=-2.27165
************************************************************


[2023-08-15 22:06:10.230] [info] 
************************************************************
*                   Final Average Residuals                *
************************************************************
* After torso COM and Kinematics adjustments:
*  FX=-1.80676 FY=3.93776 FZ=-0.129262
*  MX=0.700046 MY=0.571556 MZ=-2.4884
************************************************************


