[2023-08-17 10:43:45.902] [info] Loaded model subject01_scaled from file ..\..\data\HamnerDelp2013\subject01\model\subject01_adjusted_scaled.osim
[2023-08-17 10:47:51.237] [info] Loaded model subject02_scaled from file ..\..\data\HamnerDelp2013\subject02\model\subject02_adjusted_scaled.osim
[2023-08-17 10:50:03.862] [info] Loaded model subject01_scaled from file ..\..\data\HamnerDelp2013\subject01\model\subject01_adjusted_scaled.osim
[2023-08-17 10:50:08.301] [info] Loaded model subject02_scaled from file ..\..\data\HamnerDelp2013\subject02\model\subject02_adjusted_scaled.osim
[2023-08-17 10:50:12.414] [info] Loaded model subject03_scaled from file ..\..\data\HamnerDelp2013\subject03\model\subject03_adjusted_scaled.osim
[2023-08-17 10:50:17.175] [info] Loaded model subject04_scaled from file ..\..\data\HamnerDelp2013\subject04\model\subject04_adjusted_scaled.osim
[2023-08-17 10:50:21.543] [info] Loaded model subject08_scaled from file ..\..\data\HamnerDelp2013\subject08\model\subject08_adjusted_scaled.osim
[2023-08-17 10:50:26.065] [info] Loaded model subject10_scaled from file ..\..\data\HamnerDelp2013\subject10\model\subject10_adjusted_scaled.osim
[2023-08-17 10:50:30.668] [info] Loaded model subject11_scaled from file ..\..\data\HamnerDelp2013\subject11\model\subject11_adjusted_scaled.osim
[2023-08-17 10:50:35.006] [info] Loaded model subject17_scaled from file ..\..\data\HamnerDelp2013\subject17\model\subject17_adjusted_scaled.osim
[2023-08-17 10:50:39.885] [info] Loaded model subject19_scaled from file ..\..\data\HamnerDelp2013\subject19\model\subject19_adjusted_scaled.osim
[2023-08-17 10:50:44.812] [info] Loaded model subject20_scaled from file ..\..\data\HamnerDelp2013\subject20\model\subject20_adjusted_scaled.osim
[2023-08-17 13:10:02.640] [info] Loaded model subject01_scaled from file ..\..\data\HamnerDelp2013\subject01\model\subject01_adjusted_scaled.osim
[2023-08-17 13:10:56.102] [info] Loaded model subject01_scaled from file ..\..\data\HamnerDelp2013\subject01\model\subject01_adjusted_scaled.osim
[2023-08-17 13:10:56.247] [info] Loaded model subject02_scaled from file ..\..\data\HamnerDelp2013\subject02\model\subject02_adjusted_scaled.osim
[2023-08-17 13:10:56.440] [info] Loaded model subject03_scaled from file ..\..\data\HamnerDelp2013\subject03\model\subject03_adjusted_scaled.osim
[2023-08-17 13:10:56.657] [info] Loaded model subject04_scaled from file ..\..\data\HamnerDelp2013\subject04\model\subject04_adjusted_scaled.osim
[2023-08-17 13:10:56.850] [info] Loaded model subject08_scaled from file ..\..\data\HamnerDelp2013\subject08\model\subject08_adjusted_scaled.osim
[2023-08-17 13:10:57.067] [info] Loaded model subject10_scaled from file ..\..\data\HamnerDelp2013\subject10\model\subject10_adjusted_scaled.osim
[2023-08-17 13:10:57.260] [info] Loaded model subject11_scaled from file ..\..\data\HamnerDelp2013\subject11\model\subject11_adjusted_scaled.osim
[2023-08-17 13:10:57.474] [info] Loaded model subject17_scaled from file ..\..\data\HamnerDelp2013\subject17\model\subject17_adjusted_scaled.osim
[2023-08-17 13:10:57.691] [info] Loaded model subject19_scaled from file ..\..\data\HamnerDelp2013\subject19\model\subject19_adjusted_scaled.osim
[2023-08-17 13:10:57.892] [info] Loaded model subject20_scaled from file ..\..\data\HamnerDelp2013\subject20\model\subject20_adjusted_scaled.osim
[2023-08-22 11:15:18.198] [info] Loaded model subject01_scaled from file ..\..\data\HamnerDelp2013\subject01\model\subject01_adjusted_scaled.osim
[2023-08-22 11:15:19.100] [info] Loaded model subject02_scaled from file ..\..\data\HamnerDelp2013\subject02\model\subject02_adjusted_scaled.osim
[2023-08-22 11:15:19.270] [info] Loaded model subject03_scaled from file ..\..\data\HamnerDelp2013\subject03\model\subject03_adjusted_scaled.osim
[2023-08-22 11:15:19.458] [info] Loaded model subject04_scaled from file ..\..\data\HamnerDelp2013\subject04\model\subject04_adjusted_scaled.osim
[2023-08-22 11:15:19.627] [info] Loaded model subject08_scaled from file ..\..\data\HamnerDelp2013\subject08\model\subject08_adjusted_scaled.osim
[2023-08-22 11:15:19.811] [info] Loaded model subject10_scaled from file ..\..\data\HamnerDelp2013\subject10\model\subject10_adjusted_scaled.osim
[2023-08-22 11:15:20.014] [info] Loaded model subject11_scaled from file ..\..\data\HamnerDelp2013\subject11\model\subject11_adjusted_scaled.osim
[2023-08-22 11:15:20.205] [info] Loaded model subject17_scaled from file ..\..\data\HamnerDelp2013\subject17\model\subject17_adjusted_scaled.osim
[2023-08-22 11:15:20.390] [info] Loaded model subject19_scaled from file ..\..\data\HamnerDelp2013\subject19\model\subject19_adjusted_scaled.osim
[2023-08-22 11:15:20.603] [info] Loaded model subject20_scaled from file ..\..\data\HamnerDelp2013\subject20\model\subject20_adjusted_scaled.osim
[2023-08-23 15:31:01.158] [info] Loaded model subject01_scaled from file ..\..\data\HamnerDelp2013\subject01\model\subject01_adjusted_scaled.osim
[2023-08-23 15:31:01.856] [info] Loaded model subject02_scaled from file ..\..\data\HamnerDelp2013\subject02\model\subject02_adjusted_scaled.osim
[2023-08-23 15:31:02.045] [info] Loaded model subject03_scaled from file ..\..\data\HamnerDelp2013\subject03\model\subject03_adjusted_scaled.osim
[2023-08-23 15:31:02.236] [info] Loaded model subject04_scaled from file ..\..\data\HamnerDelp2013\subject04\model\subject04_adjusted_scaled.osim
[2023-08-23 15:31:02.393] [info] Loaded model subject08_scaled from file ..\..\data\HamnerDelp2013\subject08\model\subject08_adjusted_scaled.osim
[2023-08-23 15:31:02.552] [info] Loaded model subject10_scaled from file ..\..\data\HamnerDelp2013\subject10\model\subject10_adjusted_scaled.osim
[2023-08-23 15:31:02.698] [info] Loaded model subject11_scaled from file ..\..\data\HamnerDelp2013\subject11\model\subject11_adjusted_scaled.osim
[2023-08-23 15:31:02.864] [info] Loaded model subject17_scaled from file ..\..\data\HamnerDelp2013\subject17\model\subject17_adjusted_scaled.osim
[2023-08-23 15:31:03.040] [info] Loaded model subject19_scaled from file ..\..\data\HamnerDelp2013\subject19\model\subject19_adjusted_scaled.osim
[2023-08-23 15:31:03.216] [info] Loaded model subject20_scaled from file ..\..\data\HamnerDelp2013\subject20\model\subject20_adjusted_scaled.osim
[2023-08-23 15:35:49.685] [info] Loaded model subject01_scaled from file ..\..\data\HamnerDelp2013\subject01\model\subject01_adjusted_scaled.osim
[2023-08-23 15:35:50.199] [info] Loaded model subject01_scaled from file ..\..\data\HamnerDelp2013\subject01\model\subject01_adjusted_scaled.osim
[2023-08-23 15:35:50.245] [info] Loaded model subject01_scaled from file ..\..\data\HamnerDelp2013\subject01\model\subject01_adjusted_scaled.osim
[2023-08-23 15:35:50.292] [info] Loaded model subject01_scaled from file ..\..\data\HamnerDelp2013\subject01\model\subject01_adjusted_scaled.osim
[2023-08-23 15:41:44.933] [info] Loaded model subject01_scaled from file ..\..\data\HamnerDelp2013\subject01\model\subject01_adjusted_scaled.osim
[2023-08-23 15:41:44.986] [info] Loaded model subject01_scaled from file ..\..\data\HamnerDelp2013\subject01\model\subject01_adjusted_scaled.osim
[2023-08-23 15:41:45.036] [info] Loaded model subject01_scaled from file ..\..\data\HamnerDelp2013\subject01\model\subject01_adjusted_scaled.osim
[2023-08-23 15:41:45.087] [info] Loaded model subject01_scaled from file ..\..\data\HamnerDelp2013\subject01\model\subject01_adjusted_scaled.osim
[2023-08-23 15:41:45.137] [info] Loaded model subject01_scaled from file ..\..\data\HamnerDelp2013\subject01\model\subject01_adjusted_scaled.osim
[2023-08-23 15:43:34.940] [info] Loaded model subject01_scaled from file ..\..\data\HamnerDelp2013\subject01\model\subject01_adjusted_scaled.osim
[2023-08-23 15:43:34.988] [info] Loaded model subject01_scaled from file ..\..\data\HamnerDelp2013\subject01\model\subject01_adjusted_scaled.osim
[2023-08-23 15:43:35.038] [info] Loaded model subject01_scaled from file ..\..\data\HamnerDelp2013\subject01\model\subject01_adjusted_scaled.osim
[2023-08-23 15:43:35.088] [info] Loaded model subject01_scaled from file ..\..\data\HamnerDelp2013\subject01\model\subject01_adjusted_scaled.osim
[2023-08-23 15:43:35.137] [info] Loaded model subject01_scaled from file ..\..\data\HamnerDelp2013\subject01\model\subject01_adjusted_scaled.osim
[2023-08-23 15:43:35.409] [info] Loaded model subject02_scaled from file ..\..\data\HamnerDelp2013\subject02\model\subject02_adjusted_scaled.osim
[2023-08-23 15:43:35.457] [info] Loaded model subject02_scaled from file ..\..\data\HamnerDelp2013\subject02\model\subject02_adjusted_scaled.osim
[2023-08-23 15:43:35.504] [info] Loaded model subject02_scaled from file ..\..\data\HamnerDelp2013\subject02\model\subject02_adjusted_scaled.osim
[2023-08-23 15:43:35.555] [info] Loaded model subject02_scaled from file ..\..\data\HamnerDelp2013\subject02\model\subject02_adjusted_scaled.osim
[2023-08-23 15:43:35.604] [info] Loaded model subject02_scaled from file ..\..\data\HamnerDelp2013\subject02\model\subject02_adjusted_scaled.osim
[2023-08-23 15:43:35.884] [info] Loaded model subject03_scaled from file ..\..\data\HamnerDelp2013\subject03\model\subject03_adjusted_scaled.osim
[2023-08-23 15:43:35.933] [info] Loaded model subject03_scaled from file ..\..\data\HamnerDelp2013\subject03\model\subject03_adjusted_scaled.osim
[2023-08-23 15:43:35.983] [info] Loaded model subject03_scaled from file ..\..\data\HamnerDelp2013\subject03\model\subject03_adjusted_scaled.osim
[2023-08-23 15:43:36.038] [info] Loaded model subject03_scaled from file ..\..\data\HamnerDelp2013\subject03\model\subject03_adjusted_scaled.osim
[2023-08-23 15:43:36.087] [info] Loaded model subject03_scaled from file ..\..\data\HamnerDelp2013\subject03\model\subject03_adjusted_scaled.osim
[2023-08-23 15:43:36.353] [info] Loaded model subject04_scaled from file ..\..\data\HamnerDelp2013\subject04\model\subject04_adjusted_scaled.osim
[2023-08-23 15:43:36.410] [info] Loaded model subject04_scaled from file ..\..\data\HamnerDelp2013\subject04\model\subject04_adjusted_scaled.osim
[2023-08-23 15:43:36.457] [info] Loaded model subject04_scaled from file ..\..\data\HamnerDelp2013\subject04\model\subject04_adjusted_scaled.osim
[2023-08-23 15:43:36.506] [info] Loaded model subject04_scaled from file ..\..\data\HamnerDelp2013\subject04\model\subject04_adjusted_scaled.osim
[2023-08-23 15:43:36.557] [info] Loaded model subject04_scaled from file ..\..\data\HamnerDelp2013\subject04\model\subject04_adjusted_scaled.osim
[2023-08-23 15:43:36.844] [info] Loaded model subject08_scaled from file ..\..\data\HamnerDelp2013\subject08\model\subject08_adjusted_scaled.osim
[2023-08-23 15:43:36.892] [info] Loaded model subject08_scaled from file ..\..\data\HamnerDelp2013\subject08\model\subject08_adjusted_scaled.osim
[2023-08-23 15:43:36.941] [info] Loaded model subject08_scaled from file ..\..\data\HamnerDelp2013\subject08\model\subject08_adjusted_scaled.osim
[2023-08-23 15:43:36.988] [info] Loaded model subject08_scaled from file ..\..\data\HamnerDelp2013\subject08\model\subject08_adjusted_scaled.osim
[2023-08-23 15:43:37.036] [info] Loaded model subject08_scaled from file ..\..\data\HamnerDelp2013\subject08\model\subject08_adjusted_scaled.osim
[2023-08-23 15:43:37.311] [info] Loaded model subject10_scaled from file ..\..\data\HamnerDelp2013\subject10\model\subject10_adjusted_scaled.osim
[2023-08-23 15:43:37.358] [info] Loaded model subject10_scaled from file ..\..\data\HamnerDelp2013\subject10\model\subject10_adjusted_scaled.osim
[2023-08-23 15:43:37.405] [info] Loaded model subject10_scaled from file ..\..\data\HamnerDelp2013\subject10\model\subject10_adjusted_scaled.osim
[2023-08-23 15:43:37.454] [info] Loaded model subject10_scaled from file ..\..\data\HamnerDelp2013\subject10\model\subject10_adjusted_scaled.osim
[2023-08-23 15:43:37.501] [info] Loaded model subject10_scaled from file ..\..\data\HamnerDelp2013\subject10\model\subject10_adjusted_scaled.osim
[2023-08-23 15:43:37.794] [info] Loaded model subject11_scaled from file ..\..\data\HamnerDelp2013\subject11\model\subject11_adjusted_scaled.osim
[2023-08-23 15:43:37.839] [info] Loaded model subject11_scaled from file ..\..\data\HamnerDelp2013\subject11\model\subject11_adjusted_scaled.osim
[2023-08-23 15:43:37.888] [info] Loaded model subject11_scaled from file ..\..\data\HamnerDelp2013\subject11\model\subject11_adjusted_scaled.osim
[2023-08-23 15:43:37.935] [info] Loaded model subject11_scaled from file ..\..\data\HamnerDelp2013\subject11\model\subject11_adjusted_scaled.osim
[2023-08-23 15:43:37.982] [info] Loaded model subject11_scaled from file ..\..\data\HamnerDelp2013\subject11\model\subject11_adjusted_scaled.osim
[2023-08-23 15:43:38.250] [info] Loaded model subject17_scaled from file ..\..\data\HamnerDelp2013\subject17\model\subject17_adjusted_scaled.osim
[2023-08-23 15:43:38.302] [info] Loaded model subject17_scaled from file ..\..\data\HamnerDelp2013\subject17\model\subject17_adjusted_scaled.osim
[2023-08-23 15:43:38.348] [info] Loaded model subject17_scaled from file ..\..\data\HamnerDelp2013\subject17\model\subject17_adjusted_scaled.osim
[2023-08-23 15:43:38.404] [info] Loaded model subject17_scaled from file ..\..\data\HamnerDelp2013\subject17\model\subject17_adjusted_scaled.osim
[2023-08-23 15:43:38.453] [info] Loaded model subject17_scaled from file ..\..\data\HamnerDelp2013\subject17\model\subject17_adjusted_scaled.osim
[2023-08-23 15:43:38.724] [info] Loaded model subject19_scaled from file ..\..\data\HamnerDelp2013\subject19\model\subject19_adjusted_scaled.osim
[2023-08-23 15:43:38.770] [info] Loaded model subject19_scaled from file ..\..\data\HamnerDelp2013\subject19\model\subject19_adjusted_scaled.osim
[2023-08-23 15:43:38.819] [info] Loaded model subject19_scaled from file ..\..\data\HamnerDelp2013\subject19\model\subject19_adjusted_scaled.osim
[2023-08-23 15:43:38.868] [info] Loaded model subject19_scaled from file ..\..\data\HamnerDelp2013\subject19\model\subject19_adjusted_scaled.osim
[2023-08-23 15:43:38.916] [info] Loaded model subject19_scaled from file ..\..\data\HamnerDelp2013\subject19\model\subject19_adjusted_scaled.osim
[2023-08-23 15:43:39.195] [info] Loaded model subject20_scaled from file ..\..\data\HamnerDelp2013\subject20\model\subject20_adjusted_scaled.osim
[2023-08-23 15:43:39.247] [info] Loaded model subject20_scaled from file ..\..\data\HamnerDelp2013\subject20\model\subject20_adjusted_scaled.osim
[2023-08-23 15:43:39.296] [info] Loaded model subject20_scaled from file ..\..\data\HamnerDelp2013\subject20\model\subject20_adjusted_scaled.osim
[2023-08-23 15:43:39.349] [info] Loaded model subject20_scaled from file ..\..\data\HamnerDelp2013\subject20\model\subject20_adjusted_scaled.osim
[2023-08-23 15:43:39.405] [info] Loaded model subject20_scaled from file ..\..\data\HamnerDelp2013\subject20\model\subject20_adjusted_scaled.osim
[2023-08-23 15:45:01.373] [info] Updating Model file from 20001 to latest format...
[2023-08-23 15:45:01.373] [warning] Model name '3D Gait Model with Simple Arms' contains whitespace.
[2023-08-23 15:45:01.373] [warning] It was renamed to '3DGaitModelwithSimpleArms'.
[2023-08-23 15:45:01.420] [info] Loaded model 3DGaitModelwithSimpleArms from file ..\..\data\HamnerDelp2013\subject01\model\genericModel.osim
[2023-08-23 15:45:01.452] [info] Updating Model file from 20001 to latest format...
[2023-08-23 15:45:01.453] [warning] Model name '3D Gait Model with Simple Arms' contains whitespace.
[2023-08-23 15:45:01.453] [warning] It was renamed to '3DGaitModelwithSimpleArms'.
[2023-08-23 15:45:01.500] [info] Loaded model 3DGaitModelwithSimpleArms from file ..\..\data\HamnerDelp2013\subject01\model\genericModel.osim
[2023-08-23 15:45:01.532] [info] Updating Model file from 20001 to latest format...
[2023-08-23 15:45:01.533] [warning] Model name '3D Gait Model with Simple Arms' contains whitespace.
[2023-08-23 15:45:01.533] [warning] It was renamed to '3DGaitModelwithSimpleArms'.
[2023-08-23 15:45:01.582] [info] Loaded model 3DGaitModelwithSimpleArms from file ..\..\data\HamnerDelp2013\subject01\model\genericModel.osim
[2023-08-23 15:45:01.616] [info] Updating Model file from 20001 to latest format...
[2023-08-23 15:45:01.617] [warning] Model name '3D Gait Model with Simple Arms' contains whitespace.
[2023-08-23 15:45:01.617] [warning] It was renamed to '3DGaitModelwithSimpleArms'.
[2023-08-23 15:45:01.668] [info] Loaded model 3DGaitModelwithSimpleArms from file ..\..\data\HamnerDelp2013\subject01\model\genericModel.osim
[2023-08-23 15:45:01.701] [info] Updating Model file from 20001 to latest format...
[2023-08-23 15:45:01.702] [warning] Model name '3D Gait Model with Simple Arms' contains whitespace.
[2023-08-23 15:45:01.702] [warning] It was renamed to '3DGaitModelwithSimpleArms'.
[2023-08-23 15:45:01.751] [info] Loaded model 3DGaitModelwithSimpleArms from file ..\..\data\HamnerDelp2013\subject01\model\genericModel.osim
[2023-08-23 15:55:46.302] [info] Loaded model generic_Moco from file ..\..\results\HamnerDelpDataset\outputs\generic_mocoModel.osim
[2023-11-20 16:04:11.385] [info] Loaded model subject01_scaled from file ..\..\data\HamnerDelp2013\subject01\model\subject01_adjusted_scaled.osim
[2023-11-21 11:36:02.915] [info] Loaded model subject01_scaled from file ..\..\data\HamnerDelp2013\subject01\model\subject01_adjusted_scaled.osim
[2023-11-21 11:36:03.680] [info] Loaded model subject02_scaled from file ..\..\data\HamnerDelp2013\subject02\model\subject02_adjusted_scaled.osim
[2023-11-21 11:36:03.845] [info] Loaded model subject03_scaled from file ..\..\data\HamnerDelp2013\subject03\model\subject03_adjusted_scaled.osim
[2023-11-21 11:36:04.059] [info] Loaded model subject04_scaled from file ..\..\data\HamnerDelp2013\subject04\model\subject04_adjusted_scaled.osim
[2023-11-21 11:36:04.237] [info] Loaded model subject08_scaled from file ..\..\data\HamnerDelp2013\subject08\model\subject08_adjusted_scaled.osim
[2023-11-21 11:36:04.400] [info] Loaded model subject10_scaled from file ..\..\data\HamnerDelp2013\subject10\model\subject10_adjusted_scaled.osim
[2023-11-21 11:36:04.563] [info] Loaded model subject11_scaled from file ..\..\data\HamnerDelp2013\subject11\model\subject11_adjusted_scaled.osim
[2023-11-21 11:36:04.716] [info] Loaded model subject17_scaled from file ..\..\data\HamnerDelp2013\subject17\model\subject17_adjusted_scaled.osim
[2023-11-21 11:36:04.862] [info] Loaded model subject19_scaled from file ..\..\data\HamnerDelp2013\subject19\model\subject19_adjusted_scaled.osim
[2023-11-21 11:36:05.038] [info] Loaded model subject20_scaled from file ..\..\data\HamnerDelp2013\subject20\model\subject20_adjusted_scaled.osim
[2023-11-21 11:53:57.751] [info] Loaded model subject01_scaled from file ..\..\data\HamnerDelp2013\subject01\model\subject01_adjusted_scaled.osim
[2023-11-21 11:53:58.480] [info] Loaded model subject02_scaled from file ..\..\data\HamnerDelp2013\subject02\model\subject02_adjusted_scaled.osim
[2023-11-21 11:53:58.631] [info] Loaded model subject03_scaled from file ..\..\data\HamnerDelp2013\subject03\model\subject03_adjusted_scaled.osim
[2023-11-21 11:53:58.784] [info] Loaded model subject04_scaled from file ..\..\data\HamnerDelp2013\subject04\model\subject04_adjusted_scaled.osim
[2023-11-21 11:53:58.931] [info] Loaded model subject08_scaled from file ..\..\data\HamnerDelp2013\subject08\model\subject08_adjusted_scaled.osim
[2023-11-21 11:53:59.071] [info] Loaded model subject10_scaled from file ..\..\data\HamnerDelp2013\subject10\model\subject10_adjusted_scaled.osim
[2023-11-21 11:53:59.225] [info] Loaded model subject11_scaled from file ..\..\data\HamnerDelp2013\subject11\model\subject11_adjusted_scaled.osim
[2023-11-21 11:53:59.362] [info] Loaded model subject17_scaled from file ..\..\data\HamnerDelp2013\subject17\model\subject17_adjusted_scaled.osim
[2023-11-21 11:53:59.522] [info] Loaded model subject19_scaled from file ..\..\data\HamnerDelp2013\subject19\model\subject19_adjusted_scaled.osim
[2023-11-21 11:53:59.677] [info] Loaded model subject20_scaled from file ..\..\data\HamnerDelp2013\subject20\model\subject20_adjusted_scaled.osim
[2023-11-21 13:53:46.894] [info] Loaded model subject01_scaled from file ..\..\data\HamnerDelp2013\subject01\model\subject01_adjusted_scaled.osim
[2023-11-21 13:53:47.756] [info] Loaded model subject02_scaled from file ..\..\data\HamnerDelp2013\subject02\model\subject02_adjusted_scaled.osim
[2023-11-21 13:53:47.917] [info] Loaded model subject03_scaled from file ..\..\data\HamnerDelp2013\subject03\model\subject03_adjusted_scaled.osim
[2023-11-21 13:53:48.075] [info] Loaded model subject04_scaled from file ..\..\data\HamnerDelp2013\subject04\model\subject04_adjusted_scaled.osim
[2023-11-21 13:53:48.227] [info] Loaded model subject08_scaled from file ..\..\data\HamnerDelp2013\subject08\model\subject08_adjusted_scaled.osim
[2023-11-21 13:53:48.385] [info] Loaded model subject10_scaled from file ..\..\data\HamnerDelp2013\subject10\model\subject10_adjusted_scaled.osim
[2023-11-21 13:53:48.525] [info] Loaded model subject11_scaled from file ..\..\data\HamnerDelp2013\subject11\model\subject11_adjusted_scaled.osim
[2023-11-21 13:53:48.684] [info] Loaded model subject17_scaled from file ..\..\data\HamnerDelp2013\subject17\model\subject17_adjusted_scaled.osim
[2023-11-21 13:53:48.837] [info] Loaded model subject19_scaled from file ..\..\data\HamnerDelp2013\subject19\model\subject19_adjusted_scaled.osim
[2023-11-21 13:53:48.991] [info] Loaded model subject20_scaled from file ..\..\data\HamnerDelp2013\subject20\model\subject20_adjusted_scaled.osim
[2023-11-21 14:46:09.632] [info] Loaded model subject01_scaled from file ..\..\data\HamnerDelp2013\subject01\model\subject01_adjusted_scaled.osim
[2023-11-21 14:46:10.557] [info] Loaded model subject02_scaled from file ..\..\data\HamnerDelp2013\subject02\model\subject02_adjusted_scaled.osim
[2023-11-21 14:46:10.708] [info] Loaded model subject03_scaled from file ..\..\data\HamnerDelp2013\subject03\model\subject03_adjusted_scaled.osim
[2023-11-21 14:46:10.874] [info] Loaded model subject04_scaled from file ..\..\data\HamnerDelp2013\subject04\model\subject04_adjusted_scaled.osim
[2023-11-21 14:46:11.019] [info] Loaded model subject08_scaled from file ..\..\data\HamnerDelp2013\subject08\model\subject08_adjusted_scaled.osim
[2023-11-21 14:46:11.173] [info] Loaded model subject10_scaled from file ..\..\data\HamnerDelp2013\subject10\model\subject10_adjusted_scaled.osim
[2023-11-21 14:46:11.313] [info] Loaded model subject11_scaled from file ..\..\data\HamnerDelp2013\subject11\model\subject11_adjusted_scaled.osim
[2023-11-21 14:46:11.492] [info] Loaded model subject17_scaled from file ..\..\data\HamnerDelp2013\subject17\model\subject17_adjusted_scaled.osim
[2023-11-21 14:46:11.658] [info] Loaded model subject19_scaled from file ..\..\data\HamnerDelp2013\subject19\model\subject19_adjusted_scaled.osim
[2023-11-21 14:46:11.814] [info] Loaded model subject20_scaled from file ..\..\data\HamnerDelp2013\subject20\model\subject20_adjusted_scaled.osim
[2023-11-21 15:06:24.978] [info] Loaded model subject01_scaled from file ..\..\data\HamnerDelp2013\subject01\model\subject01_adjusted_scaled.osim
[2023-11-21 15:12:37.701] [info] Loaded model subject01_scaled from file ..\..\data\HamnerDelp2013\subject01\model\subject01_adjusted_scaled.osim
[2023-11-21 15:12:42.953] [info] Loaded model subject02_scaled from file ..\..\data\HamnerDelp2013\subject02\model\subject02_adjusted_scaled.osim
[2023-11-21 15:12:47.539] [info] Loaded model subject03_scaled from file ..\..\data\HamnerDelp2013\subject03\model\subject03_adjusted_scaled.osim
[2023-11-21 15:12:52.072] [info] Loaded model subject04_scaled from file ..\..\data\HamnerDelp2013\subject04\model\subject04_adjusted_scaled.osim
[2023-11-21 15:12:56.121] [info] Loaded model subject08_scaled from file ..\..\data\HamnerDelp2013\subject08\model\subject08_adjusted_scaled.osim
[2023-11-21 15:13:00.363] [info] Loaded model subject10_scaled from file ..\..\data\HamnerDelp2013\subject10\model\subject10_adjusted_scaled.osim
[2023-11-21 15:13:04.819] [info] Loaded model subject11_scaled from file ..\..\data\HamnerDelp2013\subject11\model\subject11_adjusted_scaled.osim
[2023-11-21 15:13:09.312] [info] Loaded model subject17_scaled from file ..\..\data\HamnerDelp2013\subject17\model\subject17_adjusted_scaled.osim
[2023-11-21 15:13:13.502] [info] Loaded model subject19_scaled from file ..\..\data\HamnerDelp2013\subject19\model\subject19_adjusted_scaled.osim
[2023-11-21 15:13:17.744] [info] Loaded model subject20_scaled from file ..\..\data\HamnerDelp2013\subject20\model\subject20_adjusted_scaled.osim
[2023-11-21 15:13:48.534] [info] Loaded model subject01_scaled from file ..\..\data\HamnerDelp2013\subject01\model\subject01_adjusted_scaled.osim
[2023-11-21 15:13:48.642] [info] Loaded model subject02_scaled from file ..\..\data\HamnerDelp2013\subject02\model\subject02_adjusted_scaled.osim
[2023-11-21 15:13:48.783] [info] Loaded model subject03_scaled from file ..\..\data\HamnerDelp2013\subject03\model\subject03_adjusted_scaled.osim
[2023-11-21 15:13:48.937] [info] Loaded model subject04_scaled from file ..\..\data\HamnerDelp2013\subject04\model\subject04_adjusted_scaled.osim
[2023-11-21 15:13:49.063] [info] Loaded model subject08_scaled from file ..\..\data\HamnerDelp2013\subject08\model\subject08_adjusted_scaled.osim
[2023-11-21 15:13:49.195] [info] Loaded model subject10_scaled from file ..\..\data\HamnerDelp2013\subject10\model\subject10_adjusted_scaled.osim
[2023-11-21 15:13:49.313] [info] Loaded model subject11_scaled from file ..\..\data\HamnerDelp2013\subject11\model\subject11_adjusted_scaled.osim
[2023-11-21 15:13:49.434] [info] Loaded model subject17_scaled from file ..\..\data\HamnerDelp2013\subject17\model\subject17_adjusted_scaled.osim
[2023-11-21 15:13:49.558] [info] Loaded model subject19_scaled from file ..\..\data\HamnerDelp2013\subject19\model\subject19_adjusted_scaled.osim
[2023-11-21 15:13:49.689] [info] Loaded model subject20_scaled from file ..\..\data\HamnerDelp2013\subject20\model\subject20_adjusted_scaled.osim
[2023-11-21 15:13:55.181] [info] Loaded model subject01_scaled from file ..\..\data\HamnerDelp2013\subject01\model\subject01_adjusted_scaled.osim
[2023-11-21 15:13:55.235] [info] Loaded model subject01_scaled from file ..\..\data\HamnerDelp2013\subject01\model\subject01_adjusted_scaled.osim
[2023-11-21 15:13:55.299] [info] Loaded model subject01_scaled from file ..\..\data\HamnerDelp2013\subject01\model\subject01_adjusted_scaled.osim
[2023-11-21 15:13:55.351] [info] Loaded model subject01_scaled from file ..\..\data\HamnerDelp2013\subject01\model\subject01_adjusted_scaled.osim
[2023-11-21 15:13:55.402] [info] Loaded model subject01_scaled from file ..\..\data\HamnerDelp2013\subject01\model\subject01_adjusted_scaled.osim
[2023-11-21 15:13:55.704] [info] Loaded model subject02_scaled from file ..\..\data\HamnerDelp2013\subject02\model\subject02_adjusted_scaled.osim
[2023-11-21 15:13:55.759] [info] Loaded model subject02_scaled from file ..\..\data\HamnerDelp2013\subject02\model\subject02_adjusted_scaled.osim
[2023-11-21 15:13:55.822] [info] Loaded model subject02_scaled from file ..\..\data\HamnerDelp2013\subject02\model\subject02_adjusted_scaled.osim
[2023-11-21 15:13:55.877] [info] Loaded model subject02_scaled from file ..\..\data\HamnerDelp2013\subject02\model\subject02_adjusted_scaled.osim
[2023-11-21 15:13:55.931] [info] Loaded model subject02_scaled from file ..\..\data\HamnerDelp2013\subject02\model\subject02_adjusted_scaled.osim
[2023-11-21 15:13:56.164] [info] Loaded model subject03_scaled from file ..\..\data\HamnerDelp2013\subject03\model\subject03_adjusted_scaled.osim
[2023-11-21 15:13:56.212] [info] Loaded model subject03_scaled from file ..\..\data\HamnerDelp2013\subject03\model\subject03_adjusted_scaled.osim
[2023-11-21 15:13:56.263] [info] Loaded model subject03_scaled from file ..\..\data\HamnerDelp2013\subject03\model\subject03_adjusted_scaled.osim
[2023-11-21 15:13:56.312] [info] Loaded model subject03_scaled from file ..\..\data\HamnerDelp2013\subject03\model\subject03_adjusted_scaled.osim
[2023-11-21 15:13:56.362] [info] Loaded model subject03_scaled from file ..\..\data\HamnerDelp2013\subject03\model\subject03_adjusted_scaled.osim
[2023-11-21 15:13:56.604] [info] Loaded model subject04_scaled from file ..\..\data\HamnerDelp2013\subject04\model\subject04_adjusted_scaled.osim
[2023-11-21 15:13:56.653] [info] Loaded model subject04_scaled from file ..\..\data\HamnerDelp2013\subject04\model\subject04_adjusted_scaled.osim
[2023-11-21 15:13:56.701] [info] Loaded model subject04_scaled from file ..\..\data\HamnerDelp2013\subject04\model\subject04_adjusted_scaled.osim
[2023-11-21 15:13:56.754] [info] Loaded model subject04_scaled from file ..\..\data\HamnerDelp2013\subject04\model\subject04_adjusted_scaled.osim
[2023-11-21 15:13:56.806] [info] Loaded model subject04_scaled from file ..\..\data\HamnerDelp2013\subject04\model\subject04_adjusted_scaled.osim
[2023-11-21 15:13:57.039] [info] Loaded model subject08_scaled from file ..\..\data\HamnerDelp2013\subject08\model\subject08_adjusted_scaled.osim
[2023-11-21 15:13:57.089] [info] Loaded model subject08_scaled from file ..\..\data\HamnerDelp2013\subject08\model\subject08_adjusted_scaled.osim
[2023-11-21 15:13:57.138] [info] Loaded model subject08_scaled from file ..\..\data\HamnerDelp2013\subject08\model\subject08_adjusted_scaled.osim
[2023-11-21 15:13:57.189] [info] Loaded model subject08_scaled from file ..\..\data\HamnerDelp2013\subject08\model\subject08_adjusted_scaled.osim
[2023-11-21 15:13:57.240] [info] Loaded model subject08_scaled from file ..\..\data\HamnerDelp2013\subject08\model\subject08_adjusted_scaled.osim
[2023-11-21 15:13:57.467] [info] Loaded model subject10_scaled from file ..\..\data\HamnerDelp2013\subject10\model\subject10_adjusted_scaled.osim
[2023-11-21 15:13:57.512] [info] Loaded model subject10_scaled from file ..\..\data\HamnerDelp2013\subject10\model\subject10_adjusted_scaled.osim
[2023-11-21 15:13:57.560] [info] Loaded model subject10_scaled from file ..\..\data\HamnerDelp2013\subject10\model\subject10_adjusted_scaled.osim
[2023-11-21 15:13:57.610] [info] Loaded model subject10_scaled from file ..\..\data\HamnerDelp2013\subject10\model\subject10_adjusted_scaled.osim
[2023-11-21 15:13:57.662] [info] Loaded model subject10_scaled from file ..\..\data\HamnerDelp2013\subject10\model\subject10_adjusted_scaled.osim
[2023-11-21 15:13:57.898] [info] Loaded model subject11_scaled from file ..\..\data\HamnerDelp2013\subject11\model\subject11_adjusted_scaled.osim
[2023-11-21 15:13:57.947] [info] Loaded model subject11_scaled from file ..\..\data\HamnerDelp2013\subject11\model\subject11_adjusted_scaled.osim
[2023-11-21 15:13:57.997] [info] Loaded model subject11_scaled from file ..\..\data\HamnerDelp2013\subject11\model\subject11_adjusted_scaled.osim
[2023-11-21 15:13:58.048] [info] Loaded model subject11_scaled from file ..\..\data\HamnerDelp2013\subject11\model\subject11_adjusted_scaled.osim
[2023-11-21 15:13:58.098] [info] Loaded model subject11_scaled from file ..\..\data\HamnerDelp2013\subject11\model\subject11_adjusted_scaled.osim
[2023-11-21 15:13:58.333] [info] Loaded model subject17_scaled from file ..\..\data\HamnerDelp2013\subject17\model\subject17_adjusted_scaled.osim
[2023-11-21 15:13:58.379] [info] Loaded model subject17_scaled from file ..\..\data\HamnerDelp2013\subject17\model\subject17_adjusted_scaled.osim
[2023-11-21 15:13:58.426] [info] Loaded model subject17_scaled from file ..\..\data\HamnerDelp2013\subject17\model\subject17_adjusted_scaled.osim
[2023-11-21 15:13:58.475] [info] Loaded model subject17_scaled from file ..\..\data\HamnerDelp2013\subject17\model\subject17_adjusted_scaled.osim
[2023-11-21 15:13:58.525] [info] Loaded model subject17_scaled from file ..\..\data\HamnerDelp2013\subject17\model\subject17_adjusted_scaled.osim
[2023-11-21 15:13:58.753] [info] Loaded model subject19_scaled from file ..\..\data\HamnerDelp2013\subject19\model\subject19_adjusted_scaled.osim
[2023-11-21 15:13:58.802] [info] Loaded model subject19_scaled from file ..\..\data\HamnerDelp2013\subject19\model\subject19_adjusted_scaled.osim
[2023-11-21 15:13:58.851] [info] Loaded model subject19_scaled from file ..\..\data\HamnerDelp2013\subject19\model\subject19_adjusted_scaled.osim
[2023-11-21 15:13:58.901] [info] Loaded model subject19_scaled from file ..\..\data\HamnerDelp2013\subject19\model\subject19_adjusted_scaled.osim
[2023-11-21 15:13:58.954] [info] Loaded model subject19_scaled from file ..\..\data\HamnerDelp2013\subject19\model\subject19_adjusted_scaled.osim
[2023-11-21 15:13:59.188] [info] Loaded model subject20_scaled from file ..\..\data\HamnerDelp2013\subject20\model\subject20_adjusted_scaled.osim
[2023-11-21 15:13:59.236] [info] Loaded model subject20_scaled from file ..\..\data\HamnerDelp2013\subject20\model\subject20_adjusted_scaled.osim
[2023-11-21 15:13:59.289] [info] Loaded model subject20_scaled from file ..\..\data\HamnerDelp2013\subject20\model\subject20_adjusted_scaled.osim
[2023-11-21 15:13:59.341] [info] Loaded model subject20_scaled from file ..\..\data\HamnerDelp2013\subject20\model\subject20_adjusted_scaled.osim
[2023-11-21 15:13:59.394] [info] Loaded model subject20_scaled from file ..\..\data\HamnerDelp2013\subject20\model\subject20_adjusted_scaled.osim
[2023-11-21 15:13:59.575] [info] Updating Model file from 20001 to latest format...
[2023-11-21 15:13:59.576] [warning] Model name '3D Gait Model with Simple Arms' contains whitespace.
[2023-11-21 15:13:59.576] [warning] It was renamed to '3DGaitModelwithSimpleArms'.
[2023-11-21 15:13:59.623] [info] Loaded model 3DGaitModelwithSimpleArms from file ..\..\data\HamnerDelp2013\subject01\model\genericModel.osim
[2023-11-21 15:13:59.652] [info] Updating Model file from 20001 to latest format...
[2023-11-21 15:13:59.653] [warning] Model name '3D Gait Model with Simple Arms' contains whitespace.
[2023-11-21 15:13:59.653] [warning] It was renamed to '3DGaitModelwithSimpleArms'.
[2023-11-21 15:13:59.701] [info] Loaded model 3DGaitModelwithSimpleArms from file ..\..\data\HamnerDelp2013\subject01\model\genericModel.osim
[2023-11-21 15:13:59.731] [info] Updating Model file from 20001 to latest format...
[2023-11-21 15:13:59.731] [warning] Model name '3D Gait Model with Simple Arms' contains whitespace.
[2023-11-21 15:13:59.731] [warning] It was renamed to '3DGaitModelwithSimpleArms'.
[2023-11-21 15:13:59.781] [info] Loaded model 3DGaitModelwithSimpleArms from file ..\..\data\HamnerDelp2013\subject01\model\genericModel.osim
[2023-11-21 15:13:59.813] [info] Updating Model file from 20001 to latest format...
[2023-11-21 15:13:59.813] [warning] Model name '3D Gait Model with Simple Arms' contains whitespace.
[2023-11-21 15:13:59.813] [warning] It was renamed to '3DGaitModelwithSimpleArms'.
[2023-11-21 15:13:59.872] [info] Loaded model 3DGaitModelwithSimpleArms from file ..\..\data\HamnerDelp2013\subject01\model\genericModel.osim
[2023-11-21 15:13:59.903] [info] Updating Model file from 20001 to latest format...
[2023-11-21 15:13:59.903] [warning] Model name '3D Gait Model with Simple Arms' contains whitespace.
[2023-11-21 15:13:59.903] [warning] It was renamed to '3DGaitModelwithSimpleArms'.
[2023-11-21 15:13:59.958] [info] Loaded model 3DGaitModelwithSimpleArms from file ..\..\data\HamnerDelp2013\subject01\model\genericModel.osim
