[2023-08-15 22:13:03.091] [info] Storage: read data file = ..\rra2\cycle2\subject04_run5_cycle2_iter2_Kinematics_q.sto (nr=672 nc=38)
[2023-08-15 22:13:03.131] [info] Storage: read data file = ..\rra2\cycle2\subject04_run5_cycle2_iter2_Kinematics_q.sto (nr=672 nc=38)
[2023-08-15 22:13:03.197] [info] AbstractTool subject04_run5_cycle2_iter3 loading model ..\rra2\cycle2\subject04_run5_cycle2_rraAdjusted_iter2.osim
[2023-08-15 22:13:03.266] [info] Loaded model subject04_scaled from file ..\rra2\cycle2\subject04_run5_cycle2_rraAdjusted_iter2.osim
[2023-08-15 22:13:03.295] [info] Adding force object set from ..\subject04_run5_RRA_Actuators.xml
[2023-08-15 22:13:03.313] [info] Running tool subject04_run5_cycle2_iter3.
[2023-08-15 22:13:03.336] [warning] ExternalLoads 'externalloads' has subcomponents with duplicate name 'externalforce'. The duplicate is being renamed to 'externalforce_0'.
[2023-08-15 22:13:03.357] [info] 	taskSet size = 29.
[2023-08-15 22:13:03.493] [info] ExternalForce::externalforce Data source being set to Run_500 04_newCOP3_v24.mot
[2023-08-15 22:13:03.493] [info] ExternalForce::externalforce_0 Data source being set to Run_500 04_newCOP3_v24.mot
[2023-08-15 22:13:03.499] [warning] A desired points file was not specified.
[2023-08-15 22:13:03.499] [info] Loading desired kinematics from file '..\rra2\cycle2\subject04_run5_cycle2_iter2_Kinematics_q.sto'...
[2023-08-15 22:13:03.499] [info] Storage: read data file = ..\rra2\cycle2\subject04_run5_cycle2_iter2_Kinematics_q.sto (nr=672 nc=38)
[2023-08-15 22:13:03.519] [info] Not filtering the desired kinematics.
[2023-08-15 22:13:03.520] [cout] [info] MODEL: subject04_scaled

numStates = 74
numCoordinates = 37
numSpeeds = 37
numActuators = 29
numBodies = 20
numConstraints = 0
numProbes = 0

ANALYSES (total: 0)

BODIES (total: 20)
body[0] = pelvis. mass: 12.673
              moments of inertia:  ~[0.136614,0.136614,0.0719522]
              products of inertia: ~[0,0,0]
body[1] = femur_r. mass: 10.009
              moments of inertia:  ~[0.163733,0.0429204,0.17266]
              products of inertia: ~[0,0,0]
body[2] = tibia_r. mass: 3.98956
              moments of inertia:  ~[0.0559152,0.00548772,0.0559152]
              products of inertia: ~[0,0,0]
body[3] = talus_r. mass: 0.107608
              moments of inertia:  ~[0.00128643,0.00128643,0.00128643]
              products of inertia: ~[0,0,0]
body[4] = calcn_r. mass: 1.3451
              moments of inertia:  ~[0.00180101,0.00501709,0.00527437]
              products of inertia: ~[0,0,0]
body[5] = toes_r. mass: 0.233079
              moments of inertia:  ~[0.000128643,0.000257286,0.00128643]
              products of inertia: ~[0,0,0]
body[6] = femur_l. mass: 10.009
              moments of inertia:  ~[0.163733,0.0429204,0.17266]
              products of inertia: ~[0,0,0]
body[7] = tibia_l. mass: 3.98956
              moments of inertia:  ~[0.0559152,0.00548772,0.0559152]
              products of inertia: ~[0,0,0]
body[8] = talus_l. mass: 0.107608
              moments of inertia:  ~[0.00128643,0.00128643,0.00128643]
              products of inertia: ~[0,0,0]
body[9] = calcn_l. mass: 1.3451
              moments of inertia:  ~[0.00180101,0.00501709,0.00527437]
              products of inertia: ~[0,0,0]
body[10] = toes_l. mass: 0.233079
              moments of inertia:  ~[0.000128643,0.000257286,0.00128643]
              products of inertia: ~[0,0,0]
body[11] = torso. mass: 28.8676
              moments of inertia:  ~[1.85026,0.948032,1.79618]
              products of inertia: ~[0,0,0]
body[12] = humerus_r. mass: 2.18713
              moments of inertia:  ~[0.0130105,0.00448823,0.0146039]
              products of inertia: ~[0,0,0]
body[13] = ulna_r. mass: 0.653718
              moments of inertia:  ~[0.00363471,0.000758357,0.00394272]
              products of inertia: ~[0,0,0]
body[14] = radius_r. mass: 0.653718
              moments of inertia:  ~[0.00363471,0.000758357,0.00394272]
              products of inertia: ~[0,0,0]
body[15] = hand_r. mass: 0.492306
              moments of inertia:  ~[0.00109459,0.000671231,0.00164433]
              products of inertia: ~[0,0,0]
body[16] = humerus_l. mass: 2.18713
              moments of inertia:  ~[0.0130105,0.00448823,0.0146039]
              products of inertia: ~[0,0,0]
body[17] = ulna_l. mass: 0.653718
              moments of inertia:  ~[0.00363471,0.000758357,0.00394272]
              products of inertia: ~[0,0,0]
body[18] = radius_l. mass: 0.653718
              moments of inertia:  ~[0.00363471,0.000758357,0.00394272]
              products of inertia: ~[0,0,0]
body[19] = hand_l. mass: 0.492306
              moments of inertia:  ~[0.00109459,0.000671231,0.00164433]
              products of inertia: ~[0,0,0]

JOINTS (total: 20)
joint[0] = ground_pelvis. parent: ground_offset, child: pelvis_offset
joint[1] = hip_r. parent: pelvis_offset, child: femur_r_offset
joint[2] = knee_r. parent: femur_r_offset, child: tibia_r_offset
joint[3] = ankle_r. parent: tibia_r_offset, child: talus_r_offset
joint[4] = subtalar_r. parent: talus_r_offset, child: calcn_r_offset
joint[5] = mtp_r. parent: calcn_r_offset, child: toes_r_offset
joint[6] = hip_l. parent: pelvis_offset, child: femur_l_offset
joint[7] = knee_l. parent: femur_l_offset, child: tibia_l_offset
joint[8] = ankle_l. parent: tibia_l_offset, child: talus_l_offset
joint[9] = subtalar_l. parent: talus_l_offset, child: calcn_l_offset
joint[10] = mtp_l. parent: calcn_l_offset, child: toes_l_offset
joint[11] = back. parent: pelvis_offset, child: torso_offset
joint[12] = acromial_r. parent: torso_offset, child: humerus_r_offset
joint[13] = elbow_r. parent: humerus_r_offset, child: ulna_r_offset
joint[14] = radioulnar_r. parent: ulna_r_offset, child: radius_r_offset
joint[15] = radius_hand_r. parent: radius_r_offset, child: hand_r_offset
joint[16] = acromial_l. parent: torso_offset, child: humerus_l_offset
joint[17] = elbow_l. parent: humerus_l_offset, child: ulna_l_offset
joint[18] = radioulnar_l. parent: ulna_l_offset, child: radius_l_offset
joint[19] = radius_hand_l. parent: radius_l_offset, child: hand_l_offset

ACTUATORS (total: 29)
actuator[0] = FX
actuator[1] = FY
actuator[2] = FZ
actuator[3] = MZ
actuator[4] = MX
actuator[5] = MY
actuator[6] = hip_flexion_r
actuator[7] = hip_adduction_r
actuator[8] = hip_rotation_r
actuator[9] = knee_angle_r
actuator[10] = ankle_angle_r
actuator[11] = hip_flexion_l
actuator[12] = hip_adduction_l
actuator[13] = hip_rotation_l
actuator[14] = knee_angle_l
actuator[15] = ankle_angle_l
actuator[16] = lumbar_extension
actuator[17] = lumbar_bending
actuator[18] = lumbar_rotation
actuator[19] = arm_flex_r
actuator[20] = arm_add_r
actuator[21] = arm_rot_r
actuator[22] = elbow_flex_r
actuator[23] = pro_sup_r
actuator[24] = arm_flex_l
actuator[25] = arm_add_l
actuator[26] = arm_rot_l
actuator[27] = elbow_flex_l
actuator[28] = pro_sup_l

STATES (total: 74)
y[0] = /jointset/ground_pelvis/pelvis_tilt/value
y[1] = /jointset/ground_pelvis/pelvis_tilt/speed
y[2] = /jointset/ground_pelvis/pelvis_list/value
y[3] = /jointset/ground_pelvis/pelvis_list/speed
y[4] = /jointset/ground_pelvis/pelvis_rotation/value
y[5] = /jointset/ground_pelvis/pelvis_rotation/speed
y[6] = /jointset/ground_pelvis/pelvis_tx/value
y[7] = /jointset/ground_pelvis/pelvis_tx/speed
y[8] = /jointset/ground_pelvis/pelvis_ty/value
y[9] = /jointset/ground_pelvis/pelvis_ty/speed
y[10] = /jointset/ground_pelvis/pelvis_tz/value
y[11] = /jointset/ground_pelvis/pelvis_tz/speed
y[12] = /jointset/hip_r/hip_flexion_r/value
y[13] = /jointset/hip_r/hip_flexion_r/speed
y[14] = /jointset/hip_r/hip_adduction_r/value
y[15] = /jointset/hip_r/hip_adduction_r/speed
y[16] = /jointset/hip_r/hip_rotation_r/value
y[17] = /jointset/hip_r/hip_rotation_r/speed
y[18] = /jointset/knee_r/knee_angle_r/value
y[19] = /jointset/knee_r/knee_angle_r/speed
y[20] = /jointset/ankle_r/ankle_angle_r/value
y[21] = /jointset/ankle_r/ankle_angle_r/speed
y[22] = /jointset/subtalar_r/subtalar_angle_r/value
y[23] = /jointset/subtalar_r/subtalar_angle_r/speed
y[24] = /jointset/mtp_r/mtp_angle_r/value
y[25] = /jointset/mtp_r/mtp_angle_r/speed
y[26] = /jointset/hip_l/hip_flexion_l/value
y[27] = /jointset/hip_l/hip_flexion_l/speed
y[28] = /jointset/hip_l/hip_adduction_l/value
y[29] = /jointset/hip_l/hip_adduction_l/speed
y[30] = /jointset/hip_l/hip_rotation_l/value
y[31] = /jointset/hip_l/hip_rotation_l/speed
y[32] = /jointset/knee_l/knee_angle_l/value
y[33] = /jointset/knee_l/knee_angle_l/speed
y[34] = /jointset/ankle_l/ankle_angle_l/value
y[35] = /jointset/ankle_l/ankle_angle_l/speed
y[36] = /jointset/subtalar_l/subtalar_angle_l/value
y[37] = /jointset/subtalar_l/subtalar_angle_l/speed
y[38] = /jointset/mtp_l/mtp_angle_l/value
y[39] = /jointset/mtp_l/mtp_angle_l/speed
y[40] = /jointset/back/lumbar_extension/value
y[41] = /jointset/back/lumbar_extension/speed
y[42] = /jointset/back/lumbar_bending/value
y[43] = /jointset/back/lumbar_bending/speed
y[44] = /jointset/back/lumbar_rotation/value
y[45] = /jointset/back/lumbar_rotation/speed
y[46] = /jointset/acromial_r/arm_flex_r/value
y[47] = /jointset/acromial_r/arm_flex_r/speed
y[48] = /jointset/acromial_r/arm_add_r/value
y[49] = /jointset/acromial_r/arm_add_r/speed
y[50] = /jointset/acromial_r/arm_rot_r/value
y[51] = /jointset/acromial_r/arm_rot_r/speed
y[52] = /jointset/elbow_r/elbow_flex_r/value
y[53] = /jointset/elbow_r/elbow_flex_r/speed
y[54] = /jointset/radioulnar_r/pro_sup_r/value
y[55] = /jointset/radioulnar_r/pro_sup_r/speed
y[56] = /jointset/radius_hand_r/wrist_flex_r/value
y[57] = /jointset/radius_hand_r/wrist_flex_r/speed
y[58] = /jointset/radius_hand_r/wrist_dev_r/value
y[59] = /jointset/radius_hand_r/wrist_dev_r/speed
y[60] = /jointset/acromial_l/arm_flex_l/value
y[61] = /jointset/acromial_l/arm_flex_l/speed
y[62] = /jointset/acromial_l/arm_add_l/value
y[63] = /jointset/acromial_l/arm_add_l/speed
y[64] = /jointset/acromial_l/arm_rot_l/value
y[65] = /jointset/acromial_l/arm_rot_l/speed
y[66] = /jointset/elbow_l/elbow_flex_l/value
y[67] = /jointset/elbow_l/elbow_flex_l/speed
y[68] = /jointset/radioulnar_l/pro_sup_l/value
y[69] = /jointset/radioulnar_l/pro_sup_l/speed
y[70] = /jointset/radius_hand_l/wrist_flex_l/value
y[71] = /jointset/radius_hand_l/wrist_flex_l/speed
y[72] = /jointset/radius_hand_l/wrist_dev_l/value
y[73] = /jointset/radius_hand_l/wrist_dev_l/speed

[2023-08-15 22:13:03.939] [warning] Coordinate.setValue:  coordinate subtalar_angle_r is locked. Unable to change its value.
[2023-08-15 22:13:03.939] [warning] Coordinate.setValue:  coordinate mtp_angle_r is locked. Unable to change its value.
[2023-08-15 22:13:03.939] [warning] Coordinate.setValue:  coordinate subtalar_angle_l is locked. Unable to change its value.
[2023-08-15 22:13:03.939] [warning] Coordinate.setValue:  coordinate mtp_angle_l is locked. Unable to change its value.
[2023-08-15 22:13:03.939] [warning] Coordinate.setValue:  coordinate wrist_flex_r is locked. Unable to change its value.
[2023-08-15 22:13:03.939] [warning] Coordinate.setValue:  coordinate wrist_dev_r is locked. Unable to change its value.
[2023-08-15 22:13:03.939] [warning] Coordinate.setValue:  coordinate wrist_flex_l is locked. Unable to change its value.
[2023-08-15 22:13:03.939] [warning] Coordinate.setValue:  coordinate wrist_dev_l is locked. Unable to change its value.
[2023-08-15 22:13:04.016] [info] Requested COM adjustment time range 0.879 to 1.4975, clamped to nearest available data times: 0.879 to 1.4975.
[2023-08-15 22:13:04.017] [info] Computing average residuals between 0.879 and 1.4975...
[2023-08-15 22:13:04.165] [info] ExternalForce::externalforce Data source being set to Run_500 04_newCOP3_v24.mot
[2023-08-15 22:13:04.165] [info] ExternalForce::externalforce_0 Data source being set to Run_500 04_newCOP3_v24.mot
[2023-08-15 22:13:04.291] [info] ExternalForce::externalforce Data source being set to Run_500 04_newCOP3_v24.mot
[2023-08-15 22:13:04.291] [info] ExternalForce::externalforce_0 Data source being set to Run_500 04_newCOP3_v24.mot
[2023-08-15 22:13:08.897] [info] ExternalForce::externalforce Data source being set to Run_500 04_newCOP3_v24.mot
[2023-08-15 22:13:08.897] [info] ExternalForce::externalforce_0 Data source being set to Run_500 04_newCOP3_v24.mot
[2023-08-15 22:13:08.903] [info] Computing average residuals between 0.879 and 1.4975...
[2023-08-15 22:13:09.052] [info] ExternalForce::externalforce Data source being set to Run_500 04_newCOP3_v24.mot
[2023-08-15 22:13:09.052] [info] ExternalForce::externalforce_0 Data source being set to Run_500 04_newCOP3_v24.mot
[2023-08-15 22:13:09.179] [info] ExternalForce::externalforce Data source being set to Run_500 04_newCOP3_v24.mot
[2023-08-15 22:13:09.179] [info] ExternalForce::externalforce_0 Data source being set to Run_500 04_newCOP3_v24.mot
[2023-08-15 22:13:13.821] [info] Constructing function set for tracking desired kinematics...
[2023-08-15 22:13:14.632] [warning] No Actuation analysis found in analysis set, adding one...
[2023-08-15 22:13:14.633] [warning] No Kinematics analysis found in analysis set, adding one...
[2023-08-15 22:13:14.636] [info] Using the generalized coordinates specified in '..\rra2\cycle2\subject04_run5_cycle2_iter2_Kinematics_q.sto' to set the initial configuration.
[2023-08-15 22:13:14.797] [info] Using IPOPT optimizer algorithm.
[2023-08-15 22:13:14.797] [info] Setting optimizer print level to 0.
[2023-08-15 22:13:14.798] [info] Setting optimizer convergence tolerance to 1.0e-05.
[2023-08-15 22:13:14.798] [info] Setting optimizer maximum iterations to 2000.
[2023-08-15 22:13:14.798] [info] Setting cmc controller to not use verbose printing.

[2023-08-15 22:13:14.799] [info] CMC::computeControls, t = 0.879
[2023-08-15 22:13:16.374] [info] --------------------------------------------
[2023-08-15 22:13:16.374] [info] Using CMC to track the specified kinematics:
[2023-08-15 22:13:16.374] [info] --------------------------------------------
[2023-08-15 22:13:16.374] [info]  -- Integrating from 0.879 to 1.4975
[2023-08-15 22:13:16.374] [info]  -- Start time = Tue Aug 15 22:13:16 2023
[2023-08-15 22:13:16.374] [info] --------------------------------------------
[2023-08-15 22:13:16.374] [info] 
[2023-08-15 22:13:16.379] [info] CMC::computeControls, t = 0.879
[2023-08-15 22:13:16.428] [info] CMC::computeControls, t = 0.88
[2023-08-15 22:13:16.428] [warning] Coordinate.setValue:  coordinate subtalar_angle_r is locked. Unable to change its value.
[2023-08-15 22:13:16.428] [warning] Coordinate.setValue:  coordinate mtp_angle_r is locked. Unable to change its value.
[2023-08-15 22:13:16.428] [warning] Coordinate.setValue:  coordinate subtalar_angle_l is locked. Unable to change its value.
[2023-08-15 22:13:16.428] [warning] Coordinate.setValue:  coordinate mtp_angle_l is locked. Unable to change its value.
[2023-08-15 22:13:16.428] [warning] Coordinate.setValue:  coordinate wrist_flex_r is locked. Unable to change its value.
[2023-08-15 22:13:16.428] [warning] Coordinate.setValue:  coordinate wrist_dev_r is locked. Unable to change its value.
[2023-08-15 22:13:16.428] [warning] Coordinate.setValue:  coordinate wrist_flex_l is locked. Unable to change its value.
[2023-08-15 22:13:16.428] [warning] Coordinate.setValue:  coordinate wrist_dev_l is locked. Unable to change its value.
[2023-08-15 22:13:16.451] [info] CMC::computeControls, t = 0.881
[2023-08-15 22:13:16.474] [info] CMC::computeControls, t = 0.882
[2023-08-15 22:13:16.498] [info] CMC::computeControls, t = 0.883
[2023-08-15 22:13:16.524] [info] CMC::computeControls, t = 0.884
[2023-08-15 22:13:16.551] [info] CMC::computeControls, t = 0.885
[2023-08-15 22:13:16.579] [info] CMC::computeControls, t = 0.886
[2023-08-15 22:13:16.605] [info] CMC::computeControls, t = 0.887
[2023-08-15 22:13:16.629] [info] CMC::computeControls, t = 0.888
[2023-08-15 22:13:16.655] [info] CMC::computeControls, t = 0.889
[2023-08-15 22:13:16.688] [info] CMC::computeControls, t = 0.89
[2023-08-15 22:13:16.703] [info] CMC::computeControls, t = 0.891
[2023-08-15 22:13:16.739] [info] CMC::computeControls, t = 0.892
[2023-08-15 22:13:16.766] [info] CMC::computeControls, t = 0.893
[2023-08-15 22:13:16.782] [info] CMC::computeControls, t = 0.894
[2023-08-15 22:13:16.809] [info] CMC::computeControls, t = 0.895
[2023-08-15 22:13:16.832] [info] CMC::computeControls, t = 0.896
[2023-08-15 22:13:16.850] [info] CMC::computeControls, t = 0.897
[2023-08-15 22:13:16.870] [info] CMC::computeControls, t = 0.898
[2023-08-15 22:13:16.899] [info] CMC::computeControls, t = 0.899
[2023-08-15 22:13:16.921] [info] CMC::computeControls, t = 0.9
[2023-08-15 22:13:16.950] [info] CMC::computeControls, t = 0.901000
[2023-08-15 22:13:16.977] [info] CMC::computeControls, t = 0.902000
[2023-08-15 22:13:16.997] [info] CMC::computeControls, t = 0.903000
[2023-08-15 22:13:17.026] [info] CMC::computeControls, t = 0.904000
[2023-08-15 22:13:17.052] [info] CMC::computeControls, t = 0.905000
[2023-08-15 22:13:17.072] [info] CMC::computeControls, t = 0.906000
[2023-08-15 22:13:17.097] [info] CMC::computeControls, t = 0.907000
[2023-08-15 22:13:17.116] [info] CMC::computeControls, t = 0.908000
[2023-08-15 22:13:17.133] [info] CMC::computeControls, t = 0.909000
[2023-08-15 22:13:17.150] [info] CMC::computeControls, t = 0.91
[2023-08-15 22:13:17.176] [info] CMC::computeControls, t = 0.911
[2023-08-15 22:13:17.199] [info] CMC::computeControls, t = 0.912
[2023-08-15 22:13:17.215] [info] CMC::computeControls, t = 0.913
[2023-08-15 22:13:17.234] [info] CMC::computeControls, t = 0.914
[2023-08-15 22:13:17.253] [info] CMC::computeControls, t = 0.915
[2023-08-15 22:13:17.269] [info] CMC::computeControls, t = 0.916
[2023-08-15 22:13:17.292] [info] CMC::computeControls, t = 0.917
[2023-08-15 22:13:17.308] [info] CMC::computeControls, t = 0.918
[2023-08-15 22:13:17.325] [info] CMC::computeControls, t = 0.919
[2023-08-15 22:13:17.342] [info] CMC::computeControls, t = 0.92
[2023-08-15 22:13:17.359] [info] CMC::computeControls, t = 0.921
[2023-08-15 22:13:17.375] [info] CMC::computeControls, t = 0.922
[2023-08-15 22:13:17.391] [info] CMC::computeControls, t = 0.923
[2023-08-15 22:13:17.417] [info] CMC::computeControls, t = 0.924
[2023-08-15 22:13:17.439] [info] CMC::computeControls, t = 0.925
[2023-08-15 22:13:17.455] [info] CMC::computeControls, t = 0.926
[2023-08-15 22:13:17.472] [info] CMC::computeControls, t = 0.927
[2023-08-15 22:13:17.495] [info] CMC::computeControls, t = 0.928
[2023-08-15 22:13:17.521] [info] CMC::computeControls, t = 0.929
[2023-08-15 22:13:17.543] [info] CMC::computeControls, t = 0.93
[2023-08-15 22:13:17.568] [info] CMC::computeControls, t = 0.931
[2023-08-15 22:13:17.586] [info] CMC::computeControls, t = 0.932
[2023-08-15 22:13:17.606] [info] CMC::computeControls, t = 0.933
[2023-08-15 22:13:17.624] [info] CMC::computeControls, t = 0.934
[2023-08-15 22:13:17.646] [info] CMC::computeControls, t = 0.935
[2023-08-15 22:13:17.670] [info] CMC::computeControls, t = 0.936
[2023-08-15 22:13:17.687] [info] CMC::computeControls, t = 0.937
[2023-08-15 22:13:17.704] [info] CMC::computeControls, t = 0.938
[2023-08-15 22:13:17.720] [info] CMC::computeControls, t = 0.939
[2023-08-15 22:13:17.743] [info] CMC::computeControls, t = 0.94
[2023-08-15 22:13:17.766] [info] CMC::computeControls, t = 0.941
[2023-08-15 22:13:17.791] [info] CMC::computeControls, t = 0.942
[2023-08-15 22:13:17.825] [info] CMC::computeControls, t = 0.943
[2023-08-15 22:13:17.849] [info] CMC::computeControls, t = 0.944
[2023-08-15 22:13:17.866] [info] CMC::computeControls, t = 0.945
[2023-08-15 22:13:17.888] [info] CMC::computeControls, t = 0.946
[2023-08-15 22:13:17.911] [info] CMC::computeControls, t = 0.947
[2023-08-15 22:13:17.939] [info] CMC::computeControls, t = 0.948
[2023-08-15 22:13:17.965] [info] CMC::computeControls, t = 0.949
[2023-08-15 22:13:17.993] [info] CMC::computeControls, t = 0.95
[2023-08-15 22:13:18.014] [info] CMC::computeControls, t = 0.951
[2023-08-15 22:13:18.036] [info] CMC::computeControls, t = 0.952
[2023-08-15 22:13:18.052] [info] CMC::computeControls, t = 0.953
[2023-08-15 22:13:18.074] [info] CMC::computeControls, t = 0.954
[2023-08-15 22:13:18.093] [info] CMC::computeControls, t = 0.955
[2023-08-15 22:13:18.109] [info] CMC::computeControls, t = 0.956
[2023-08-15 22:13:18.138] [info] CMC::computeControls, t = 0.957
[2023-08-15 22:13:18.158] [info] CMC::computeControls, t = 0.958
[2023-08-15 22:13:18.183] [info] CMC::computeControls, t = 0.959
[2023-08-15 22:13:18.208] [info] CMC::computeControls, t = 0.96
[2023-08-15 22:13:18.226] [info] CMC::computeControls, t = 0.961
[2023-08-15 22:13:18.249] [info] CMC::computeControls, t = 0.962
[2023-08-15 22:13:18.273] [info] CMC::computeControls, t = 0.963
[2023-08-15 22:13:18.295] [info] CMC::computeControls, t = 0.964
[2023-08-15 22:13:18.312] [info] CMC::computeControls, t = 0.965
[2023-08-15 22:13:18.331] [info] CMC::computeControls, t = 0.966
[2023-08-15 22:13:18.364] [info] CMC::computeControls, t = 0.967
[2023-08-15 22:13:18.384] [info] CMC::computeControls, t = 0.968
[2023-08-15 22:13:18.407] [info] CMC::computeControls, t = 0.969
[2023-08-15 22:13:18.434] [info] CMC::computeControls, t = 0.97
[2023-08-15 22:13:18.451] [info] CMC::computeControls, t = 0.971
[2023-08-15 22:13:18.467] [info] CMC::computeControls, t = 0.972
[2023-08-15 22:13:18.497] [info] CMC::computeControls, t = 0.973
[2023-08-15 22:13:18.515] [info] CMC::computeControls, t = 0.974
[2023-08-15 22:13:18.532] [info] CMC::computeControls, t = 0.975
[2023-08-15 22:13:18.552] [info] CMC::computeControls, t = 0.976
[2023-08-15 22:13:18.569] [info] CMC::computeControls, t = 0.977
[2023-08-15 22:13:18.596] [info] CMC::computeControls, t = 0.978
[2023-08-15 22:13:18.619] [info] CMC::computeControls, t = 0.979
[2023-08-15 22:13:18.638] [info] CMC::computeControls, t = 0.98
[2023-08-15 22:13:18.663] [info] CMC::computeControls, t = 0.981
[2023-08-15 22:13:18.680] [info] CMC::computeControls, t = 0.982
[2023-08-15 22:13:18.704] [info] CMC::computeControls, t = 0.983
[2023-08-15 22:13:18.722] [info] CMC::computeControls, t = 0.984
[2023-08-15 22:13:18.743] [info] CMC::computeControls, t = 0.985
[2023-08-15 22:13:18.763] [info] CMC::computeControls, t = 0.986
[2023-08-15 22:13:18.780] [info] CMC::computeControls, t = 0.987
[2023-08-15 22:13:18.805] [info] CMC::computeControls, t = 0.988
[2023-08-15 22:13:18.822] [info] CMC::computeControls, t = 0.989
[2023-08-15 22:13:18.847] [info] CMC::computeControls, t = 0.99
[2023-08-15 22:13:18.864] [info] CMC::computeControls, t = 0.991
[2023-08-15 22:13:18.888] [info] CMC::computeControls, t = 0.992
[2023-08-15 22:13:18.904] [info] CMC::computeControls, t = 0.993
[2023-08-15 22:13:18.921] [info] CMC::computeControls, t = 0.994
[2023-08-15 22:13:18.939] [info] CMC::computeControls, t = 0.995
[2023-08-15 22:13:18.965] [info] CMC::computeControls, t = 0.996
[2023-08-15 22:13:18.997] [info] CMC::computeControls, t = 0.997
[2023-08-15 22:13:19.030] [info] CMC::computeControls, t = 0.998
[2023-08-15 22:13:19.056] [info] CMC::computeControls, t = 0.999
[2023-08-15 22:13:19.078] [info] CMC::computeControls, t = 1.0
[2023-08-15 22:13:19.115] [info] CMC::computeControls, t = 1.00100
[2023-08-15 22:13:19.137] [info] CMC::computeControls, t = 1.00200
[2023-08-15 22:13:19.166] [info] CMC::computeControls, t = 1.00300
[2023-08-15 22:13:19.203] [info] CMC::computeControls, t = 1.00400
[2023-08-15 22:13:19.224] [info] CMC::computeControls, t = 1.00500
[2023-08-15 22:13:19.249] [info] CMC::computeControls, t = 1.00600
[2023-08-15 22:13:19.269] [info] CMC::computeControls, t = 1.00700
[2023-08-15 22:13:19.297] [info] CMC::computeControls, t = 1.00800
[2023-08-15 22:13:19.325] [info] CMC::computeControls, t = 1.00900
[2023-08-15 22:13:19.345] [info] CMC::computeControls, t = 1.01
[2023-08-15 22:13:19.370] [info] CMC::computeControls, t = 1.011
[2023-08-15 22:13:19.396] [info] CMC::computeControls, t = 1.012
[2023-08-15 22:13:19.422] [info] CMC::computeControls, t = 1.013
[2023-08-15 22:13:19.446] [info] CMC::computeControls, t = 1.014
[2023-08-15 22:13:19.478] [info] CMC::computeControls, t = 1.015
[2023-08-15 22:13:19.494] [info] CMC::computeControls, t = 1.016
[2023-08-15 22:13:19.525] [info] CMC::computeControls, t = 1.017
[2023-08-15 22:13:19.545] [info] CMC::computeControls, t = 1.018
[2023-08-15 22:13:19.561] [info] CMC::computeControls, t = 1.019
[2023-08-15 22:13:19.580] [info] CMC::computeControls, t = 1.02
[2023-08-15 22:13:19.599] [info] CMC::computeControls, t = 1.021
[2023-08-15 22:13:19.619] [info] CMC::computeControls, t = 1.022
[2023-08-15 22:13:19.654] [info] CMC::computeControls, t = 1.023
[2023-08-15 22:13:19.685] [info] CMC::computeControls, t = 1.024
[2023-08-15 22:13:19.722] [info] CMC::computeControls, t = 1.025
[2023-08-15 22:13:19.748] [info] CMC::computeControls, t = 1.026
[2023-08-15 22:13:19.769] [info] CMC::computeControls, t = 1.027
[2023-08-15 22:13:19.795] [info] CMC::computeControls, t = 1.028
[2023-08-15 22:13:19.814] [info] CMC::computeControls, t = 1.029
[2023-08-15 22:13:19.840] [info] CMC::computeControls, t = 1.03
[2023-08-15 22:13:19.868] [info] CMC::computeControls, t = 1.031
[2023-08-15 22:13:19.891] [info] CMC::computeControls, t = 1.032
[2023-08-15 22:13:19.917] [info] CMC::computeControls, t = 1.033
[2023-08-15 22:13:19.933] [info] CMC::computeControls, t = 1.034
[2023-08-15 22:13:19.951] [info] CMC::computeControls, t = 1.035
[2023-08-15 22:13:19.979] [info] CMC::computeControls, t = 1.036
[2023-08-15 22:13:19.996] [info] CMC::computeControls, t = 1.037
[2023-08-15 22:13:20.022] [info] CMC::computeControls, t = 1.038
[2023-08-15 22:13:20.053] [info] CMC::computeControls, t = 1.039
[2023-08-15 22:13:20.075] [info] CMC::computeControls, t = 1.04
[2023-08-15 22:13:20.102] [info] CMC::computeControls, t = 1.041
[2023-08-15 22:13:20.120] [info] CMC::computeControls, t = 1.042
[2023-08-15 22:13:20.136] [info] CMC::computeControls, t = 1.043
[2023-08-15 22:13:20.151] [info] CMC::computeControls, t = 1.044
[2023-08-15 22:13:20.168] [info] CMC::computeControls, t = 1.045
[2023-08-15 22:13:20.184] [info] CMC::computeControls, t = 1.046
[2023-08-15 22:13:20.201] [info] CMC::computeControls, t = 1.047
[2023-08-15 22:13:20.216] [info] CMC::computeControls, t = 1.048
[2023-08-15 22:13:20.242] [info] CMC::computeControls, t = 1.049
[2023-08-15 22:13:20.264] [info] CMC::computeControls, t = 1.05
[2023-08-15 22:13:20.280] [info] CMC::computeControls, t = 1.051
[2023-08-15 22:13:20.308] [info] CMC::computeControls, t = 1.052
[2023-08-15 22:13:20.331] [info] CMC::computeControls, t = 1.053
[2023-08-15 22:13:20.346] [info] CMC::computeControls, t = 1.054
[2023-08-15 22:13:20.364] [info] CMC::computeControls, t = 1.055
[2023-08-15 22:13:20.382] [info] CMC::computeControls, t = 1.056
[2023-08-15 22:13:20.413] [info] CMC::computeControls, t = 1.057
[2023-08-15 22:13:20.428] [info] CMC::computeControls, t = 1.058
[2023-08-15 22:13:20.443] [info] CMC::computeControls, t = 1.059
[2023-08-15 22:13:20.464] [info] CMC::computeControls, t = 1.06
[2023-08-15 22:13:20.486] [info] CMC::computeControls, t = 1.061
[2023-08-15 22:13:20.506] [info] CMC::computeControls, t = 1.062
[2023-08-15 22:13:20.527] [info] CMC::computeControls, t = 1.063
[2023-08-15 22:13:20.552] [info] CMC::computeControls, t = 1.064
[2023-08-15 22:13:20.567] [info] CMC::computeControls, t = 1.065
[2023-08-15 22:13:20.596] [info] CMC::computeControls, t = 1.066
[2023-08-15 22:13:20.637] [info] CMC::computeControls, t = 1.067
[2023-08-15 22:13:20.661] [info] CMC::computeControls, t = 1.068
[2023-08-15 22:13:20.687] [info] CMC::computeControls, t = 1.069
[2023-08-15 22:13:20.709] [info] CMC::computeControls, t = 1.07
[2023-08-15 22:13:20.743] [info] CMC::computeControls, t = 1.071
[2023-08-15 22:13:20.769] [info] CMC::computeControls, t = 1.072
[2023-08-15 22:13:20.792] [info] CMC::computeControls, t = 1.073
[2023-08-15 22:13:20.828] [info] CMC::computeControls, t = 1.074
[2023-08-15 22:13:20.857] [info] CMC::computeControls, t = 1.075
[2023-08-15 22:13:20.884] [info] CMC::computeControls, t = 1.076
[2023-08-15 22:13:20.919] [info] CMC::computeControls, t = 1.077
[2023-08-15 22:13:20.961] [info] CMC::computeControls, t = 1.078
[2023-08-15 22:13:20.984] [info] CMC::computeControls, t = 1.079
[2023-08-15 22:13:21.022] [info] CMC::computeControls, t = 1.08
[2023-08-15 22:13:21.061] [info] CMC::computeControls, t = 1.081
[2023-08-15 22:13:21.079] [info] CMC::computeControls, t = 1.082
[2023-08-15 22:13:21.097] [info] CMC::computeControls, t = 1.083
[2023-08-15 22:13:21.125] [info] CMC::computeControls, t = 1.084
[2023-08-15 22:13:21.153] [info] CMC::computeControls, t = 1.085
[2023-08-15 22:13:21.184] [info] CMC::computeControls, t = 1.086
[2023-08-15 22:13:21.220] [info] CMC::computeControls, t = 1.087
[2023-08-15 22:13:21.238] [info] CMC::computeControls, t = 1.088
[2023-08-15 22:13:21.275] [info] CMC::computeControls, t = 1.089
[2023-08-15 22:13:21.311] [info] CMC::computeControls, t = 1.09
[2023-08-15 22:13:21.346] [info] CMC::computeControls, t = 1.091
[2023-08-15 22:13:21.381] [info] CMC::computeControls, t = 1.092
[2023-08-15 22:13:21.399] [info] CMC::computeControls, t = 1.093
[2023-08-15 22:13:21.424] [info] CMC::computeControls, t = 1.094
[2023-08-15 22:13:21.440] [info] CMC::computeControls, t = 1.095
[2023-08-15 22:13:21.468] [info] CMC::computeControls, t = 1.096
[2023-08-15 22:13:21.508] [info] CMC::computeControls, t = 1.097
[2023-08-15 22:13:21.530] [info] CMC::computeControls, t = 1.098
[2023-08-15 22:13:21.545] [info] CMC::computeControls, t = 1.099
[2023-08-15 22:13:21.562] [info] CMC::computeControls, t = 1.1
[2023-08-15 22:13:21.585] [info] CMC::computeControls, t = 1.10100
[2023-08-15 22:13:21.608] [info] CMC::computeControls, t = 1.10200
[2023-08-15 22:13:21.624] [info] CMC::computeControls, t = 1.10300
[2023-08-15 22:13:21.657] [info] CMC::computeControls, t = 1.10400
[2023-08-15 22:13:21.687] [info] CMC::computeControls, t = 1.10500
[2023-08-15 22:13:21.716] [info] CMC::computeControls, t = 1.10600
[2023-08-15 22:13:21.732] [info] CMC::computeControls, t = 1.10700
[2023-08-15 22:13:21.751] [info] CMC::computeControls, t = 1.10800
[2023-08-15 22:13:21.773] [info] CMC::computeControls, t = 1.10900
[2023-08-15 22:13:21.795] [info] CMC::computeControls, t = 1.11
[2023-08-15 22:13:21.819] [info] CMC::computeControls, t = 1.111
[2023-08-15 22:13:21.837] [info] CMC::computeControls, t = 1.112
[2023-08-15 22:13:21.858] [info] CMC::computeControls, t = 1.113
[2023-08-15 22:13:21.876] [info] CMC::computeControls, t = 1.114
[2023-08-15 22:13:21.915] [info] CMC::computeControls, t = 1.115
[2023-08-15 22:13:21.930] [info] CMC::computeControls, t = 1.116
[2023-08-15 22:13:21.956] [info] CMC::computeControls, t = 1.117
[2023-08-15 22:13:21.977] [info] CMC::computeControls, t = 1.118
[2023-08-15 22:13:21.997] [info] CMC::computeControls, t = 1.119
[2023-08-15 22:13:22.017] [info] CMC::computeControls, t = 1.12
[2023-08-15 22:13:22.033] [info] CMC::computeControls, t = 1.121
[2023-08-15 22:13:22.058] [info] CMC::computeControls, t = 1.122
[2023-08-15 22:13:22.097] [info] CMC::computeControls, t = 1.123
[2023-08-15 22:13:22.128] [info] CMC::computeControls, t = 1.124
[2023-08-15 22:13:22.146] [info] CMC::computeControls, t = 1.125
[2023-08-15 22:13:22.162] [info] CMC::computeControls, t = 1.126
[2023-08-15 22:13:22.189] [info] CMC::computeControls, t = 1.127
[2023-08-15 22:13:22.207] [info] CMC::computeControls, t = 1.128
[2023-08-15 22:13:22.226] [info] CMC::computeControls, t = 1.129
[2023-08-15 22:13:22.241] [info] CMC::computeControls, t = 1.13
[2023-08-15 22:13:22.257] [info] CMC::computeControls, t = 1.131
[2023-08-15 22:13:22.272] [info] CMC::computeControls, t = 1.132
[2023-08-15 22:13:22.297] [info] CMC::computeControls, t = 1.133
[2023-08-15 22:13:22.316] [info] CMC::computeControls, t = 1.134
[2023-08-15 22:13:22.339] [info] CMC::computeControls, t = 1.135
[2023-08-15 22:13:22.356] [info] CMC::computeControls, t = 1.136
[2023-08-15 22:13:22.381] [info] CMC::computeControls, t = 1.137
[2023-08-15 22:13:22.405] [info] CMC::computeControls, t = 1.138
[2023-08-15 22:13:22.432] [info] CMC::computeControls, t = 1.139
[2023-08-15 22:13:22.468] [info] CMC::computeControls, t = 1.14
[2023-08-15 22:13:22.495] [info] CMC::computeControls, t = 1.141
[2023-08-15 22:13:22.526] [info] CMC::computeControls, t = 1.142
[2023-08-15 22:13:22.558] [info] CMC::computeControls, t = 1.143
[2023-08-15 22:13:22.584] [info] CMC::computeControls, t = 1.144
[2023-08-15 22:13:22.612] [info] CMC::computeControls, t = 1.145
[2023-08-15 22:13:22.649] [info] CMC::computeControls, t = 1.146
[2023-08-15 22:13:22.689] [info] CMC::computeControls, t = 1.147
[2023-08-15 22:13:22.721] [info] CMC::computeControls, t = 1.148
[2023-08-15 22:13:22.749] [info] CMC::computeControls, t = 1.149
[2023-08-15 22:13:22.772] [info] CMC::computeControls, t = 1.15
[2023-08-15 22:13:22.799] [info] CMC::computeControls, t = 1.151
[2023-08-15 22:13:22.815] [info] CMC::computeControls, t = 1.152
[2023-08-15 22:13:22.842] [info] CMC::computeControls, t = 1.153
[2023-08-15 22:13:22.864] [info] CMC::computeControls, t = 1.154
[2023-08-15 22:13:22.892] [info] CMC::computeControls, t = 1.155
[2023-08-15 22:13:22.913] [info] CMC::computeControls, t = 1.156
[2023-08-15 22:13:22.942] [info] CMC::computeControls, t = 1.157
[2023-08-15 22:13:22.965] [info] CMC::computeControls, t = 1.158
[2023-08-15 22:13:22.994] [info] CMC::computeControls, t = 1.159
[2023-08-15 22:13:23.013] [info] CMC::computeControls, t = 1.16
[2023-08-15 22:13:23.029] [info] CMC::computeControls, t = 1.161
[2023-08-15 22:13:23.059] [info] CMC::computeControls, t = 1.162
[2023-08-15 22:13:23.092] [info] CMC::computeControls, t = 1.163
[2023-08-15 22:13:23.118] [info] CMC::computeControls, t = 1.164
[2023-08-15 22:13:23.138] [info] CMC::computeControls, t = 1.165
[2023-08-15 22:13:23.156] [info] CMC::computeControls, t = 1.166
[2023-08-15 22:13:23.180] [info] CMC::computeControls, t = 1.167
[2023-08-15 22:13:23.213] [info] CMC::computeControls, t = 1.168
[2023-08-15 22:13:23.243] [info] CMC::computeControls, t = 1.169
[2023-08-15 22:13:23.284] [info] CMC::computeControls, t = 1.17
[2023-08-15 22:13:23.314] [info] CMC::computeControls, t = 1.171
[2023-08-15 22:13:23.350] [info] CMC::computeControls, t = 1.172
[2023-08-15 22:13:23.372] [info] CMC::computeControls, t = 1.173
[2023-08-15 22:13:23.389] [info] CMC::computeControls, t = 1.174
[2023-08-15 22:13:23.417] [info] CMC::computeControls, t = 1.175
[2023-08-15 22:13:23.443] [info] CMC::computeControls, t = 1.176
[2023-08-15 22:13:23.464] [info] CMC::computeControls, t = 1.177
[2023-08-15 22:13:23.485] [info] CMC::computeControls, t = 1.178
[2023-08-15 22:13:23.508] [info] CMC::computeControls, t = 1.179
[2023-08-15 22:13:23.527] [info] CMC::computeControls, t = 1.18
[2023-08-15 22:13:23.551] [info] CMC::computeControls, t = 1.181
[2023-08-15 22:13:23.585] [info] CMC::computeControls, t = 1.182
[2023-08-15 22:13:23.605] [info] CMC::computeControls, t = 1.183
[2023-08-15 22:13:23.627] [info] CMC::computeControls, t = 1.184
[2023-08-15 22:13:23.649] [info] CMC::computeControls, t = 1.185
[2023-08-15 22:13:23.664] [info] CMC::computeControls, t = 1.186
[2023-08-15 22:13:23.696] [info] CMC::computeControls, t = 1.187
[2023-08-15 22:13:23.735] [info] CMC::computeControls, t = 1.188
[2023-08-15 22:13:23.770] [info] CMC::computeControls, t = 1.189
[2023-08-15 22:13:23.788] [info] CMC::computeControls, t = 1.19
[2023-08-15 22:13:23.825] [info] CMC::computeControls, t = 1.191
[2023-08-15 22:13:23.856] [info] CMC::computeControls, t = 1.192
[2023-08-15 22:13:23.887] [info] CMC::computeControls, t = 1.193
[2023-08-15 22:13:23.922] [info] CMC::computeControls, t = 1.194
[2023-08-15 22:13:23.943] [info] CMC::computeControls, t = 1.195
[2023-08-15 22:13:23.966] [info] CMC::computeControls, t = 1.196
[2023-08-15 22:13:23.987] [info] CMC::computeControls, t = 1.197
[2023-08-15 22:13:24.017] [info] CMC::computeControls, t = 1.198
[2023-08-15 22:13:24.050] [info] CMC::computeControls, t = 1.199
[2023-08-15 22:13:24.077] [info] CMC::computeControls, t = 1.2
[2023-08-15 22:13:24.098] [info] CMC::computeControls, t = 1.20100
[2023-08-15 22:13:24.126] [info] CMC::computeControls, t = 1.20200
[2023-08-15 22:13:24.150] [info] CMC::computeControls, t = 1.20300
[2023-08-15 22:13:24.172] [info] CMC::computeControls, t = 1.20400
[2023-08-15 22:13:24.192] [info] CMC::computeControls, t = 1.20500
[2023-08-15 22:13:24.210] [info] CMC::computeControls, t = 1.20600
[2023-08-15 22:13:24.234] [info] CMC::computeControls, t = 1.20700
[2023-08-15 22:13:24.251] [info] CMC::computeControls, t = 1.20800
[2023-08-15 22:13:24.276] [info] CMC::computeControls, t = 1.20900
[2023-08-15 22:13:24.299] [info] CMC::computeControls, t = 1.21
[2023-08-15 22:13:24.320] [info] CMC::computeControls, t = 1.211
[2023-08-15 22:13:24.352] [info] CMC::computeControls, t = 1.212
[2023-08-15 22:13:24.378] [info] CMC::computeControls, t = 1.213
[2023-08-15 22:13:24.397] [info] CMC::computeControls, t = 1.214
[2023-08-15 22:13:24.416] [info] CMC::computeControls, t = 1.215
[2023-08-15 22:13:24.437] [info] CMC::computeControls, t = 1.216
[2023-08-15 22:13:24.463] [info] CMC::computeControls, t = 1.217
[2023-08-15 22:13:24.484] [info] CMC::computeControls, t = 1.218
[2023-08-15 22:13:24.500] [info] CMC::computeControls, t = 1.219
[2023-08-15 22:13:24.538] [info] CMC::computeControls, t = 1.22
[2023-08-15 22:13:24.566] [info] CMC::computeControls, t = 1.221
[2023-08-15 22:13:24.596] [info] CMC::computeControls, t = 1.222
[2023-08-15 22:13:24.612] [info] CMC::computeControls, t = 1.223
[2023-08-15 22:13:24.631] [info] CMC::computeControls, t = 1.224
[2023-08-15 22:13:24.653] [info] CMC::computeControls, t = 1.225
[2023-08-15 22:13:24.679] [info] CMC::computeControls, t = 1.226
[2023-08-15 22:13:24.697] [info] CMC::computeControls, t = 1.227
[2023-08-15 22:13:24.722] [info] CMC::computeControls, t = 1.228
[2023-08-15 22:13:24.743] [info] CMC::computeControls, t = 1.229
[2023-08-15 22:13:24.772] [info] CMC::computeControls, t = 1.23
[2023-08-15 22:13:24.806] [info] CMC::computeControls, t = 1.231
[2023-08-15 22:13:24.840] [info] CMC::computeControls, t = 1.232
[2023-08-15 22:13:24.872] [info] CMC::computeControls, t = 1.233
[2023-08-15 22:13:24.907] [info] CMC::computeControls, t = 1.234
[2023-08-15 22:13:24.942] [info] CMC::computeControls, t = 1.235
[2023-08-15 22:13:24.970] [info] CMC::computeControls, t = 1.236
[2023-08-15 22:13:24.998] [info] CMC::computeControls, t = 1.237
[2023-08-15 22:13:25.032] [info] CMC::computeControls, t = 1.238
[2023-08-15 22:13:25.051] [info] CMC::computeControls, t = 1.239
[2023-08-15 22:13:25.073] [info] CMC::computeControls, t = 1.24
[2023-08-15 22:13:25.101] [info] CMC::computeControls, t = 1.241
[2023-08-15 22:13:25.127] [info] CMC::computeControls, t = 1.242
[2023-08-15 22:13:25.153] [info] CMC::computeControls, t = 1.243
[2023-08-15 22:13:25.186] [info] CMC::computeControls, t = 1.244
[2023-08-15 22:13:25.208] [info] CMC::computeControls, t = 1.245
[2023-08-15 22:13:25.232] [info] CMC::computeControls, t = 1.246
[2023-08-15 22:13:25.259] [info] CMC::computeControls, t = 1.247
[2023-08-15 22:13:25.281] [info] CMC::computeControls, t = 1.248
[2023-08-15 22:13:25.308] [info] CMC::computeControls, t = 1.249
[2023-08-15 22:13:25.343] [info] CMC::computeControls, t = 1.25
[2023-08-15 22:13:25.363] [info] CMC::computeControls, t = 1.251
[2023-08-15 22:13:25.389] [info] CMC::computeControls, t = 1.252
[2023-08-15 22:13:25.429] [info] CMC::computeControls, t = 1.253
[2023-08-15 22:13:25.464] [info] CMC::computeControls, t = 1.254
[2023-08-15 22:13:25.489] [info] CMC::computeControls, t = 1.255
[2023-08-15 22:13:25.509] [info] CMC::computeControls, t = 1.256
[2023-08-15 22:13:25.526] [info] CMC::computeControls, t = 1.257
[2023-08-15 22:13:25.542] [info] CMC::computeControls, t = 1.258
[2023-08-15 22:13:25.578] [info] CMC::computeControls, t = 1.259
[2023-08-15 22:13:25.600] [info] CMC::computeControls, t = 1.26
[2023-08-15 22:13:25.629] [info] CMC::computeControls, t = 1.261
[2023-08-15 22:13:25.645] [info] CMC::computeControls, t = 1.262
[2023-08-15 22:13:25.660] [info] CMC::computeControls, t = 1.263
[2023-08-15 22:13:25.686] [info] CMC::computeControls, t = 1.264
[2023-08-15 22:13:25.702] [info] CMC::computeControls, t = 1.265
[2023-08-15 22:13:25.722] [info] CMC::computeControls, t = 1.266
[2023-08-15 22:13:25.763] [info] CMC::computeControls, t = 1.267
[2023-08-15 22:13:25.786] [info] CMC::computeControls, t = 1.268
[2023-08-15 22:13:25.818] [info] CMC::computeControls, t = 1.269
[2023-08-15 22:13:25.836] [info] CMC::computeControls, t = 1.27
[2023-08-15 22:13:25.855] [info] CMC::computeControls, t = 1.271
[2023-08-15 22:13:25.896] [info] CMC::computeControls, t = 1.272
[2023-08-15 22:13:25.923] [info] CMC::computeControls, t = 1.273
[2023-08-15 22:13:25.949] [info] CMC::computeControls, t = 1.274
[2023-08-15 22:13:25.975] [info] CMC::computeControls, t = 1.275
[2023-08-15 22:13:25.990] [info] CMC::computeControls, t = 1.276
[2023-08-15 22:13:26.011] [info] CMC::computeControls, t = 1.277
[2023-08-15 22:13:26.035] [info] CMC::computeControls, t = 1.278
[2023-08-15 22:13:26.056] [info] CMC::computeControls, t = 1.279
[2023-08-15 22:13:26.078] [info] CMC::computeControls, t = 1.28
[2023-08-15 22:13:26.094] [info] CMC::computeControls, t = 1.281
[2023-08-15 22:13:26.115] [info] CMC::computeControls, t = 1.282
[2023-08-15 22:13:26.149] [info] CMC::computeControls, t = 1.283
[2023-08-15 22:13:26.172] [info] CMC::computeControls, t = 1.284
[2023-08-15 22:13:26.198] [info] CMC::computeControls, t = 1.285
[2023-08-15 22:13:26.221] [info] CMC::computeControls, t = 1.286
[2023-08-15 22:13:26.243] [info] CMC::computeControls, t = 1.287
[2023-08-15 22:13:26.261] [info] CMC::computeControls, t = 1.288
[2023-08-15 22:13:26.289] [info] CMC::computeControls, t = 1.289
[2023-08-15 22:13:26.329] [info] CMC::computeControls, t = 1.29
[2023-08-15 22:13:26.364] [info] CMC::computeControls, t = 1.291
[2023-08-15 22:13:26.380] [info] CMC::computeControls, t = 1.292
[2023-08-15 22:13:26.398] [info] CMC::computeControls, t = 1.293
[2023-08-15 22:13:26.422] [info] CMC::computeControls, t = 1.294
[2023-08-15 22:13:26.450] [info] CMC::computeControls, t = 1.295
[2023-08-15 22:13:26.466] [info] CMC::computeControls, t = 1.296
[2023-08-15 22:13:26.490] [info] CMC::computeControls, t = 1.297
[2023-08-15 22:13:26.513] [info] CMC::computeControls, t = 1.298
[2023-08-15 22:13:26.536] [info] CMC::computeControls, t = 1.299
[2023-08-15 22:13:26.555] [info] CMC::computeControls, t = 1.3
[2023-08-15 22:13:26.571] [info] CMC::computeControls, t = 1.30100
[2023-08-15 22:13:26.587] [info] CMC::computeControls, t = 1.30200
[2023-08-15 22:13:26.613] [info] CMC::computeControls, t = 1.30300
[2023-08-15 22:13:26.630] [info] CMC::computeControls, t = 1.30400
[2023-08-15 22:13:26.645] [info] CMC::computeControls, t = 1.30500
[2023-08-15 22:13:26.661] [info] CMC::computeControls, t = 1.30600
[2023-08-15 22:13:26.677] [info] CMC::computeControls, t = 1.30700
[2023-08-15 22:13:26.704] [info] CMC::computeControls, t = 1.30800
[2023-08-15 22:13:26.719] [info] CMC::computeControls, t = 1.30900
[2023-08-15 22:13:26.734] [info] CMC::computeControls, t = 1.31
[2023-08-15 22:13:26.749] [info] CMC::computeControls, t = 1.311
[2023-08-15 22:13:26.765] [info] CMC::computeControls, t = 1.312
[2023-08-15 22:13:26.780] [info] CMC::computeControls, t = 1.313
[2023-08-15 22:13:26.799] [info] CMC::computeControls, t = 1.314
[2023-08-15 22:13:26.821] [info] CMC::computeControls, t = 1.315
[2023-08-15 22:13:26.837] [info] CMC::computeControls, t = 1.316
[2023-08-15 22:13:26.855] [info] CMC::computeControls, t = 1.317
[2023-08-15 22:13:26.882] [info] CMC::computeControls, t = 1.318
[2023-08-15 22:13:26.902] [info] CMC::computeControls, t = 1.319
[2023-08-15 22:13:26.924] [info] CMC::computeControls, t = 1.32
[2023-08-15 22:13:26.939] [info] CMC::computeControls, t = 1.321
[2023-08-15 22:13:26.955] [info] CMC::computeControls, t = 1.322
[2023-08-15 22:13:26.970] [info] CMC::computeControls, t = 1.323
[2023-08-15 22:13:26.985] [info] CMC::computeControls, t = 1.324
[2023-08-15 22:13:27.000] [info] CMC::computeControls, t = 1.325
[2023-08-15 22:13:27.031] [info] CMC::computeControls, t = 1.326
[2023-08-15 22:13:27.055] [info] CMC::computeControls, t = 1.327
[2023-08-15 22:13:27.073] [info] CMC::computeControls, t = 1.328
[2023-08-15 22:13:27.089] [info] CMC::computeControls, t = 1.329
[2023-08-15 22:13:27.105] [info] CMC::computeControls, t = 1.33
[2023-08-15 22:13:27.123] [info] CMC::computeControls, t = 1.331
[2023-08-15 22:13:27.155] [info] CMC::computeControls, t = 1.332
[2023-08-15 22:13:27.175] [info] CMC::computeControls, t = 1.333
[2023-08-15 22:13:27.191] [info] CMC::computeControls, t = 1.334
[2023-08-15 22:13:27.209] [info] CMC::computeControls, t = 1.335
[2023-08-15 22:13:27.234] [info] CMC::computeControls, t = 1.336
[2023-08-15 22:13:27.269] [info] CMC::computeControls, t = 1.337
[2023-08-15 22:13:27.304] [info] CMC::computeControls, t = 1.338
[2023-08-15 22:13:27.329] [info] CMC::computeControls, t = 1.339
[2023-08-15 22:13:27.363] [info] CMC::computeControls, t = 1.34
[2023-08-15 22:13:27.385] [info] CMC::computeControls, t = 1.341
[2023-08-15 22:13:27.413] [info] CMC::computeControls, t = 1.342
[2023-08-15 22:13:27.437] [info] CMC::computeControls, t = 1.343
[2023-08-15 22:13:27.454] [info] CMC::computeControls, t = 1.344
[2023-08-15 22:13:27.479] [info] CMC::computeControls, t = 1.345
[2023-08-15 22:13:27.518] [info] CMC::computeControls, t = 1.346
[2023-08-15 22:13:27.545] [info] CMC::computeControls, t = 1.347
[2023-08-15 22:13:27.570] [info] CMC::computeControls, t = 1.348
[2023-08-15 22:13:27.587] [info] CMC::computeControls, t = 1.349
[2023-08-15 22:13:27.603] [info] CMC::computeControls, t = 1.35
[2023-08-15 22:13:27.619] [info] CMC::computeControls, t = 1.351
[2023-08-15 22:13:27.654] [info] CMC::computeControls, t = 1.352
[2023-08-15 22:13:27.672] [info] CMC::computeControls, t = 1.353
[2023-08-15 22:13:27.688] [info] CMC::computeControls, t = 1.354
[2023-08-15 22:13:27.703] [info] CMC::computeControls, t = 1.355
[2023-08-15 22:13:27.736] [info] CMC::computeControls, t = 1.356
[2023-08-15 22:13:27.756] [info] CMC::computeControls, t = 1.357
[2023-08-15 22:13:27.778] [info] CMC::computeControls, t = 1.358
[2023-08-15 22:13:27.794] [info] CMC::computeControls, t = 1.359
[2023-08-15 22:13:27.821] [info] CMC::computeControls, t = 1.36
[2023-08-15 22:13:27.837] [info] CMC::computeControls, t = 1.361
[2023-08-15 22:13:27.867] [info] CMC::computeControls, t = 1.362
[2023-08-15 22:13:27.905] [info] CMC::computeControls, t = 1.363
[2023-08-15 22:13:27.926] [info] CMC::computeControls, t = 1.364
[2023-08-15 22:13:27.963] [info] CMC::computeControls, t = 1.365
[2023-08-15 22:13:27.982] [info] CMC::computeControls, t = 1.366
[2023-08-15 22:13:28.008] [info] CMC::computeControls, t = 1.367
[2023-08-15 22:13:28.040] [info] CMC::computeControls, t = 1.368
[2023-08-15 22:13:28.078] [info] CMC::computeControls, t = 1.369
[2023-08-15 22:13:28.094] [info] CMC::computeControls, t = 1.37
[2023-08-15 22:13:28.116] [info] CMC::computeControls, t = 1.371
[2023-08-15 22:13:28.138] [info] CMC::computeControls, t = 1.372
[2023-08-15 22:13:28.157] [info] CMC::computeControls, t = 1.373
[2023-08-15 22:13:28.185] [info] CMC::computeControls, t = 1.374
[2023-08-15 22:13:28.221] [info] CMC::computeControls, t = 1.375
[2023-08-15 22:13:28.253] [info] CMC::computeControls, t = 1.376
[2023-08-15 22:13:28.280] [info] CMC::computeControls, t = 1.377
[2023-08-15 22:13:28.305] [info] CMC::computeControls, t = 1.378
[2023-08-15 22:13:28.343] [info] CMC::computeControls, t = 1.379
[2023-08-15 22:13:28.378] [info] CMC::computeControls, t = 1.38
[2023-08-15 22:13:28.413] [info] CMC::computeControls, t = 1.381
[2023-08-15 22:13:28.446] [info] CMC::computeControls, t = 1.382
[2023-08-15 22:13:28.480] [info] CMC::computeControls, t = 1.383
[2023-08-15 22:13:28.525] [info] CMC::computeControls, t = 1.384
[2023-08-15 22:13:28.570] [info] CMC::computeControls, t = 1.385
[2023-08-15 22:13:28.594] [info] CMC::computeControls, t = 1.386
[2023-08-15 22:13:28.623] [info] CMC::computeControls, t = 1.387
[2023-08-15 22:13:28.657] [info] CMC::computeControls, t = 1.388
[2023-08-15 22:13:28.694] [info] CMC::computeControls, t = 1.389
[2023-08-15 22:13:28.728] [info] CMC::computeControls, t = 1.39
[2023-08-15 22:13:28.750] [info] CMC::computeControls, t = 1.391
[2023-08-15 22:13:28.782] [info] CMC::computeControls, t = 1.392
[2023-08-15 22:13:28.807] [info] CMC::computeControls, t = 1.393
[2023-08-15 22:13:28.830] [info] CMC::computeControls, t = 1.394
[2023-08-15 22:13:28.866] [info] CMC::computeControls, t = 1.395
[2023-08-15 22:13:28.883] [info] CMC::computeControls, t = 1.396
[2023-08-15 22:13:28.906] [info] CMC::computeControls, t = 1.397
[2023-08-15 22:13:28.932] [info] CMC::computeControls, t = 1.398
[2023-08-15 22:13:28.954] [info] CMC::computeControls, t = 1.399
[2023-08-15 22:13:28.977] [info] CMC::computeControls, t = 1.4
[2023-08-15 22:13:28.996] [info] CMC::computeControls, t = 1.40100
[2023-08-15 22:13:29.019] [info] CMC::computeControls, t = 1.40200
[2023-08-15 22:13:29.038] [info] CMC::computeControls, t = 1.40300
[2023-08-15 22:13:29.066] [info] CMC::computeControls, t = 1.40400
[2023-08-15 22:13:29.086] [info] CMC::computeControls, t = 1.40500
[2023-08-15 22:13:29.108] [info] CMC::computeControls, t = 1.40600
[2023-08-15 22:13:29.133] [info] CMC::computeControls, t = 1.40700
[2023-08-15 22:13:29.154] [info] CMC::computeControls, t = 1.40800
[2023-08-15 22:13:29.175] [info] CMC::computeControls, t = 1.40900
[2023-08-15 22:13:29.205] [info] CMC::computeControls, t = 1.41
[2023-08-15 22:13:29.225] [info] CMC::computeControls, t = 1.411
[2023-08-15 22:13:29.240] [info] CMC::computeControls, t = 1.412
[2023-08-15 22:13:29.266] [info] CMC::computeControls, t = 1.413
[2023-08-15 22:13:29.291] [info] CMC::computeControls, t = 1.414
[2023-08-15 22:13:29.324] [info] CMC::computeControls, t = 1.415
[2023-08-15 22:13:29.352] [info] CMC::computeControls, t = 1.416
[2023-08-15 22:13:29.393] [info] CMC::computeControls, t = 1.417
[2023-08-15 22:13:29.424] [info] CMC::computeControls, t = 1.418
[2023-08-15 22:13:29.440] [info] CMC::computeControls, t = 1.419
[2023-08-15 22:13:29.477] [info] CMC::computeControls, t = 1.42
[2023-08-15 22:13:29.501] [info] CMC::computeControls, t = 1.421
[2023-08-15 22:13:29.518] [info] CMC::computeControls, t = 1.422
[2023-08-15 22:13:29.534] [info] CMC::computeControls, t = 1.423
[2023-08-15 22:13:29.562] [info] CMC::computeControls, t = 1.424
[2023-08-15 22:13:29.578] [info] CMC::computeControls, t = 1.425
[2023-08-15 22:13:29.616] [info] CMC::computeControls, t = 1.426
[2023-08-15 22:13:29.650] [info] CMC::computeControls, t = 1.427
[2023-08-15 22:13:29.675] [info] CMC::computeControls, t = 1.428
[2023-08-15 22:13:29.703] [info] CMC::computeControls, t = 1.429
[2023-08-15 22:13:29.729] [info] CMC::computeControls, t = 1.43
[2023-08-15 22:13:29.745] [info] CMC::computeControls, t = 1.431
[2023-08-15 22:13:29.760] [info] CMC::computeControls, t = 1.432
[2023-08-15 22:13:29.788] [info] CMC::computeControls, t = 1.433
[2023-08-15 22:13:29.809] [info] CMC::computeControls, t = 1.434
[2023-08-15 22:13:29.833] [info] CMC::computeControls, t = 1.435
[2023-08-15 22:13:29.863] [info] CMC::computeControls, t = 1.436
[2023-08-15 22:13:29.888] [info] CMC::computeControls, t = 1.437
[2023-08-15 22:13:29.919] [info] CMC::computeControls, t = 1.438
[2023-08-15 22:13:29.948] [info] CMC::computeControls, t = 1.439
[2023-08-15 22:13:29.981] [info] CMC::computeControls, t = 1.44
[2023-08-15 22:13:30.013] [info] CMC::computeControls, t = 1.441
[2023-08-15 22:13:30.047] [info] CMC::computeControls, t = 1.442
[2023-08-15 22:13:30.078] [info] CMC::computeControls, t = 1.443
[2023-08-15 22:13:30.110] [info] CMC::computeControls, t = 1.444
[2023-08-15 22:13:30.135] [info] CMC::computeControls, t = 1.445
[2023-08-15 22:13:30.154] [info] CMC::computeControls, t = 1.446
[2023-08-15 22:13:30.171] [info] CMC::computeControls, t = 1.447
[2023-08-15 22:13:30.189] [info] CMC::computeControls, t = 1.448
[2023-08-15 22:13:30.213] [info] CMC::computeControls, t = 1.449
[2023-08-15 22:13:30.242] [info] CMC::computeControls, t = 1.45
[2023-08-15 22:13:30.257] [info] CMC::computeControls, t = 1.451
[2023-08-15 22:13:30.275] [info] CMC::computeControls, t = 1.452
[2023-08-15 22:13:30.291] [info] CMC::computeControls, t = 1.453
[2023-08-15 22:13:30.306] [info] CMC::computeControls, t = 1.454
[2023-08-15 22:13:30.327] [info] CMC::computeControls, t = 1.455
[2023-08-15 22:13:30.346] [info] CMC::computeControls, t = 1.456
[2023-08-15 22:13:30.362] [info] CMC::computeControls, t = 1.457
[2023-08-15 22:13:30.377] [info] CMC::computeControls, t = 1.458
[2023-08-15 22:13:30.392] [info] CMC::computeControls, t = 1.459
[2023-08-15 22:13:30.420] [info] CMC::computeControls, t = 1.46
[2023-08-15 22:13:30.443] [info] CMC::computeControls, t = 1.461
[2023-08-15 22:13:30.466] [info] CMC::computeControls, t = 1.462
[2023-08-15 22:13:30.506] [info] CMC::computeControls, t = 1.463
[2023-08-15 22:13:30.531] [info] CMC::computeControls, t = 1.464
[2023-08-15 22:13:30.554] [info] CMC::computeControls, t = 1.465
[2023-08-15 22:13:30.588] [info] CMC::computeControls, t = 1.466
[2023-08-15 22:13:30.609] [info] CMC::computeControls, t = 1.467
[2023-08-15 22:13:30.634] [info] CMC::computeControls, t = 1.468
[2023-08-15 22:13:30.656] [info] CMC::computeControls, t = 1.469
[2023-08-15 22:13:30.678] [info] CMC::computeControls, t = 1.47
[2023-08-15 22:13:30.699] [info] CMC::computeControls, t = 1.471
[2023-08-15 22:13:30.715] [info] CMC::computeControls, t = 1.472
[2023-08-15 22:13:30.740] [info] CMC::computeControls, t = 1.473
[2023-08-15 22:13:30.768] [info] CMC::computeControls, t = 1.474
[2023-08-15 22:13:30.786] [info] CMC::computeControls, t = 1.475
[2023-08-15 22:13:30.818] [info] CMC::computeControls, t = 1.476
[2023-08-15 22:13:30.843] [info] CMC::computeControls, t = 1.477
[2023-08-15 22:13:30.858] [info] CMC::computeControls, t = 1.478
[2023-08-15 22:13:30.889] [info] CMC::computeControls, t = 1.479
[2023-08-15 22:13:30.918] [info] CMC::computeControls, t = 1.48
[2023-08-15 22:13:30.935] [info] CMC::computeControls, t = 1.481
[2023-08-15 22:13:30.950] [info] CMC::computeControls, t = 1.482
[2023-08-15 22:13:30.978] [info] CMC::computeControls, t = 1.483
[2023-08-15 22:13:30.994] [info] CMC::computeControls, t = 1.484
[2023-08-15 22:13:31.011] [info] CMC::computeControls, t = 1.485
[2023-08-15 22:13:31.028] [info] CMC::computeControls, t = 1.486
[2023-08-15 22:13:31.065] [info] CMC::computeControls, t = 1.487
[2023-08-15 22:13:31.095] [info] CMC::computeControls, t = 1.488
[2023-08-15 22:13:31.124] [info] CMC::computeControls, t = 1.489
[2023-08-15 22:13:31.150] [info] CMC::computeControls, t = 1.49
[2023-08-15 22:13:31.185] [info] CMC::computeControls, t = 1.491
[2023-08-15 22:13:31.202] [info] CMC::computeControls, t = 1.492
[2023-08-15 22:13:31.226] [info] CMC::computeControls, t = 1.493
[2023-08-15 22:13:31.249] [info] CMC::computeControls, t = 1.494
[2023-08-15 22:13:31.265] [info] CMC::computeControls, t = 1.495
[2023-08-15 22:13:31.297] [info] CMC::computeControls, t = 1.496
[2023-08-15 22:13:31.334] [info] -------------------------------------------
[2023-08-15 22:13:31.334] [info] Finished tracking the specified kinematics:
[2023-08-15 22:13:31.334] [info] -------------------------------------------
[2023-08-15 22:13:31.334] [info]  -- Start time = Tue Aug 15 22:13:16 2023
[2023-08-15 22:13:31.334] [info]  -- Finish time = Tue Aug 15 22:13:31 2023
[2023-08-15 22:13:31.334] [info]  -- Elapsed time = 15.0 seconds.
[2023-08-15 22:13:31.334] [info] -------------------------------------------
[2023-08-15 22:13:31.334] [info] 
[2023-08-15 22:13:31.334] [info] Printing results of investigation subject04_run5_cycle2_iter3 to cycle2/
[2023-08-15 22:13:31.948] [info] 

************************************************************
*      Summary of Mass Adjustments to Reduce Residuals     *
************************************************************
* Body adjusted: torso
* Mass Center (COM) adjustment: dx =0.0013958, dz =0.0175746
* New COM location: ~[-0.0470069,0.34645,-0.0187263]
************************************************************
* Recommended mass adjustments:                             
*  Total mass change: 0.127144
*  pelvis: orig mass = 12.673, new mass = 12.6929
*  femur_r: orig mass = 10.009, new mass = 10.0247
*  tibia_r: orig mass = 3.98956, new mass = 3.99583
*  talus_r: orig mass = 0.107608, new mass = 0.107777
*  calcn_r: orig mass = 1.3451, new mass = 1.34721
*  toes_r: orig mass = 0.233079, new mass = 0.233445
*  femur_l: orig mass = 10.009, new mass = 10.0247
*  tibia_l: orig mass = 3.98956, new mass = 3.99583
*  talus_l: orig mass = 0.107608, new mass = 0.107777
*  calcn_l: orig mass = 1.3451, new mass = 1.34721
*  toes_l: orig mass = 0.233079, new mass = 0.233445
*  torso: orig mass = 28.8676, new mass = 28.913
*  humerus_r: orig mass = 2.18713, new mass = 2.19057
*  ulna_r: orig mass = 0.653718, new mass = 0.654746
*  radius_r: orig mass = 0.653718, new mass = 0.654746
*  hand_r: orig mass = 0.492306, new mass = 0.49308
*  humerus_l: orig mass = 2.18713, new mass = 2.19057
*  ulna_l: orig mass = 0.653718, new mass = 0.654746
*  radius_l: orig mass = 0.653718, new mass = 0.654746
*  hand_l: orig mass = 0.492306, new mass = 0.49308
************************************************************
* Note: Edit the model to make recommended adjustments to  *
*       mass properties.                                   *
************************************************************

* Average residuals before adjusting torso COM:
*  FX=1.13323 FY=-1.24685 FZ=1.62118
*  MX=-4.97527 MY=-2.62077 MZ=0.395143
************************************************************
* Average residuals after adjusting torso COM:
*  FX=1.40508 FY=-1.53888 FZ=1.6205
*  MX=-0.261402 MY=-2.65823 MZ=-0.819247
************************************************************


[2023-08-15 22:13:31.948] [info] 
************************************************************
*                   Final Average Residuals                *
************************************************************
* After torso COM and Kinematics adjustments:
*  FX=0.579479 FY=-0.732728 FZ=0.402017
*  MX=-2.05146 MY=-1.56042 MZ=1.13243
************************************************************


