[2023-08-15 22:43:53.046] [info] AbstractTool subject20_run5_cycle3_iter1 loading model ..\..\..\model\subject20_adjusted_scaled.osim
[2023-08-15 22:43:53.109] [info] Loaded model subject20_scaled from file ..\..\..\model\subject20_adjusted_scaled.osim
[2023-08-15 22:43:53.151] [info] Adding force object set from ..\subject20_run5_RRA_Actuators.xml
[2023-08-15 22:43:53.156] [info] Running tool subject20_run5_cycle3_iter1.
[2023-08-15 22:43:53.170] [warning] ExternalLoads 'externalloads' has subcomponents with duplicate name 'externalforce'. The duplicate is being renamed to 'externalforce_0'.
[2023-08-15 22:43:53.190] [info] 	taskSet size = 29.
[2023-08-15 22:43:53.257] [info] ExternalForce::externalforce Data source being set to Run_500 02_newCOP3_v24.mot
[2023-08-15 22:43:53.257] [info] ExternalForce::externalforce_0 Data source being set to Run_500 02_newCOP3_v24.mot
[2023-08-15 22:43:53.269] [warning] A desired points file was not specified.
[2023-08-15 22:43:53.269] [info] Loading desired kinematics from file '..\..\..\ik\Run_5.mot'...
[2023-08-15 22:43:53.270] [info] Old version storage/motion file encountered
[2023-08-15 22:43:53.270] [info] Storage: read data file = ..\..\..\ik\Run_5.mot (nr=647 nc=164)
[2023-08-15 22:43:53.270] [info] .. assuming rotations in Degrees..
[2023-08-15 22:43:53.368] [info] Low-pass filtering desired kinematics with a cutoff frequency of 15.0...
[2023-08-15 22:43:55.560] [cout] [info] MODEL: subject20_scaled

numStates = 74
numCoordinates = 37
numSpeeds = 37
numActuators = 29
numBodies = 20
numConstraints = 0
numProbes = 0

ANALYSES (total: 0)

BODIES (total: 20)
body[0] = pelvis. mass: 10.5255
              moments of inertia:  ~[0.0927914,0.07862,0.0522629]
              products of inertia: ~[0,0,0]
body[1] = femur_r. mass: 8.31296
              moments of inertia:  ~[0.12698,0.033286,0.133903]
              products of inertia: ~[0,0,0]
body[2] = tibia_r. mass: 3.31351
              moments of inertia:  ~[0.0484012,0.00424149,0.0484012]
              products of inertia: ~[0,0,0]
body[3] = talus_r. mass: 0.0893732
              moments of inertia:  ~[0.000997007,0.000997007,0.000997007]
              products of inertia: ~[0,0,0]
body[4] = calcn_r. mass: 1.11717
              moments of inertia:  ~[0.00139581,0.00388833,0.00408773]
              products of inertia: ~[0,0,0]
body[5] = toes_r. mass: 0.193582
              moments of inertia:  ~[9.97007e-05,0.000199401,0.000997007]
              products of inertia: ~[0,0,0]
body[6] = femur_l. mass: 8.31296
              moments of inertia:  ~[0.12698,0.033286,0.133903]
              products of inertia: ~[0,0,0]
body[7] = tibia_l. mass: 3.31351
              moments of inertia:  ~[0.0484012,0.00424149,0.0484012]
              products of inertia: ~[0,0,0]
body[8] = talus_l. mass: 0.0893732
              moments of inertia:  ~[0.000997007,0.000997007,0.000997007]
              products of inertia: ~[0,0,0]
body[9] = calcn_l. mass: 1.11717
              moments of inertia:  ~[0.00139581,0.00388833,0.00408773]
              products of inertia: ~[0,0,0]
body[10] = toes_l. mass: 0.193582
              moments of inertia:  ~[9.97007e-05,0.000199401,0.000997007]
              products of inertia: ~[0,0,0]
body[11] = torso. mass: 23.9758
              moments of inertia:  ~[1.22127,0.755953,1.22127]
              products of inertia: ~[0,0,0]
body[12] = humerus_r. mass: 1.81651
              moments of inertia:  ~[0.0109359,0.00377255,0.0122752]
              products of inertia: ~[0,0,0]
body[13] = ulna_r. mass: 0.542942
              moments of inertia:  ~[0.00253731,0.000529392,0.00275233]
              products of inertia: ~[0,0,0]
body[14] = radius_r. mass: 0.542942
              moments of inertia:  ~[0.00253731,0.000529392,0.00275233]
              products of inertia: ~[0,0,0]
body[15] = hand_r. mass: 0.408883
              moments of inertia:  ~[0.000764107,0.000468572,0.00114787]
              products of inertia: ~[0,0,0]
body[16] = humerus_l. mass: 1.81651
              moments of inertia:  ~[0.0109359,0.00377255,0.0122752]
              products of inertia: ~[0,0,0]
body[17] = ulna_l. mass: 0.542942
              moments of inertia:  ~[0.00253731,0.000529392,0.00275233]
              products of inertia: ~[0,0,0]
body[18] = radius_l. mass: 0.542942
              moments of inertia:  ~[0.00253731,0.000529392,0.00275233]
              products of inertia: ~[0,0,0]
body[19] = hand_l. mass: 0.408883
              moments of inertia:  ~[0.000764107,0.000468572,0.00114787]
              products of inertia: ~[0,0,0]

JOINTS (total: 20)
joint[0] = ground_pelvis. parent: ground_offset, child: pelvis_offset
joint[1] = hip_r. parent: pelvis_offset, child: femur_r_offset
joint[2] = knee_r. parent: femur_r_offset, child: tibia_r_offset
joint[3] = ankle_r. parent: tibia_r_offset, child: talus_r_offset
joint[4] = subtalar_r. parent: talus_r_offset, child: calcn_r_offset
joint[5] = mtp_r. parent: calcn_r_offset, child: toes_r_offset
joint[6] = hip_l. parent: pelvis_offset, child: femur_l_offset
joint[7] = knee_l. parent: femur_l_offset, child: tibia_l_offset
joint[8] = ankle_l. parent: tibia_l_offset, child: talus_l_offset
joint[9] = subtalar_l. parent: talus_l_offset, child: calcn_l_offset
joint[10] = mtp_l. parent: calcn_l_offset, child: toes_l_offset
joint[11] = back. parent: pelvis_offset, child: torso_offset
joint[12] = acromial_r. parent: torso_offset, child: humerus_r_offset
joint[13] = elbow_r. parent: humerus_r_offset, child: ulna_r_offset
joint[14] = radioulnar_r. parent: ulna_r_offset, child: radius_r_offset
joint[15] = radius_hand_r. parent: radius_r_offset, child: hand_r_offset
joint[16] = acromial_l. parent: torso_offset, child: humerus_l_offset
joint[17] = elbow_l. parent: humerus_l_offset, child: ulna_l_offset
joint[18] = radioulnar_l. parent: ulna_l_offset, child: radius_l_offset
joint[19] = radius_hand_l. parent: radius_l_offset, child: hand_l_offset

ACTUATORS (total: 29)
actuator[0] = FX
actuator[1] = FY
actuator[2] = FZ
actuator[3] = MZ
actuator[4] = MX
actuator[5] = MY
actuator[6] = hip_flexion_r
actuator[7] = hip_adduction_r
actuator[8] = hip_rotation_r
actuator[9] = knee_angle_r
actuator[10] = ankle_angle_r
actuator[11] = hip_flexion_l
actuator[12] = hip_adduction_l
actuator[13] = hip_rotation_l
actuator[14] = knee_angle_l
actuator[15] = ankle_angle_l
actuator[16] = lumbar_extension
actuator[17] = lumbar_bending
actuator[18] = lumbar_rotation
actuator[19] = arm_flex_r
actuator[20] = arm_add_r
actuator[21] = arm_rot_r
actuator[22] = elbow_flex_r
actuator[23] = pro_sup_r
actuator[24] = arm_flex_l
actuator[25] = arm_add_l
actuator[26] = arm_rot_l
actuator[27] = elbow_flex_l
actuator[28] = pro_sup_l

STATES (total: 74)
y[0] = /jointset/ground_pelvis/pelvis_tilt/value
y[1] = /jointset/ground_pelvis/pelvis_tilt/speed
y[2] = /jointset/ground_pelvis/pelvis_list/value
y[3] = /jointset/ground_pelvis/pelvis_list/speed
y[4] = /jointset/ground_pelvis/pelvis_rotation/value
y[5] = /jointset/ground_pelvis/pelvis_rotation/speed
y[6] = /jointset/ground_pelvis/pelvis_tx/value
y[7] = /jointset/ground_pelvis/pelvis_tx/speed
y[8] = /jointset/ground_pelvis/pelvis_ty/value
y[9] = /jointset/ground_pelvis/pelvis_ty/speed
y[10] = /jointset/ground_pelvis/pelvis_tz/value
y[11] = /jointset/ground_pelvis/pelvis_tz/speed
y[12] = /jointset/hip_r/hip_flexion_r/value
y[13] = /jointset/hip_r/hip_flexion_r/speed
y[14] = /jointset/hip_r/hip_adduction_r/value
y[15] = /jointset/hip_r/hip_adduction_r/speed
y[16] = /jointset/hip_r/hip_rotation_r/value
y[17] = /jointset/hip_r/hip_rotation_r/speed
y[18] = /jointset/knee_r/knee_angle_r/value
y[19] = /jointset/knee_r/knee_angle_r/speed
y[20] = /jointset/ankle_r/ankle_angle_r/value
y[21] = /jointset/ankle_r/ankle_angle_r/speed
y[22] = /jointset/subtalar_r/subtalar_angle_r/value
y[23] = /jointset/subtalar_r/subtalar_angle_r/speed
y[24] = /jointset/mtp_r/mtp_angle_r/value
y[25] = /jointset/mtp_r/mtp_angle_r/speed
y[26] = /jointset/hip_l/hip_flexion_l/value
y[27] = /jointset/hip_l/hip_flexion_l/speed
y[28] = /jointset/hip_l/hip_adduction_l/value
y[29] = /jointset/hip_l/hip_adduction_l/speed
y[30] = /jointset/hip_l/hip_rotation_l/value
y[31] = /jointset/hip_l/hip_rotation_l/speed
y[32] = /jointset/knee_l/knee_angle_l/value
y[33] = /jointset/knee_l/knee_angle_l/speed
y[34] = /jointset/ankle_l/ankle_angle_l/value
y[35] = /jointset/ankle_l/ankle_angle_l/speed
y[36] = /jointset/subtalar_l/subtalar_angle_l/value
y[37] = /jointset/subtalar_l/subtalar_angle_l/speed
y[38] = /jointset/mtp_l/mtp_angle_l/value
y[39] = /jointset/mtp_l/mtp_angle_l/speed
y[40] = /jointset/back/lumbar_extension/value
y[41] = /jointset/back/lumbar_extension/speed
y[42] = /jointset/back/lumbar_bending/value
y[43] = /jointset/back/lumbar_bending/speed
y[44] = /jointset/back/lumbar_rotation/value
y[45] = /jointset/back/lumbar_rotation/speed
y[46] = /jointset/acromial_r/arm_flex_r/value
y[47] = /jointset/acromial_r/arm_flex_r/speed
y[48] = /jointset/acromial_r/arm_add_r/value
y[49] = /jointset/acromial_r/arm_add_r/speed
y[50] = /jointset/acromial_r/arm_rot_r/value
y[51] = /jointset/acromial_r/arm_rot_r/speed
y[52] = /jointset/elbow_r/elbow_flex_r/value
y[53] = /jointset/elbow_r/elbow_flex_r/speed
y[54] = /jointset/radioulnar_r/pro_sup_r/value
y[55] = /jointset/radioulnar_r/pro_sup_r/speed
y[56] = /jointset/radius_hand_r/wrist_flex_r/value
y[57] = /jointset/radius_hand_r/wrist_flex_r/speed
y[58] = /jointset/radius_hand_r/wrist_dev_r/value
y[59] = /jointset/radius_hand_r/wrist_dev_r/speed
y[60] = /jointset/acromial_l/arm_flex_l/value
y[61] = /jointset/acromial_l/arm_flex_l/speed
y[62] = /jointset/acromial_l/arm_add_l/value
y[63] = /jointset/acromial_l/arm_add_l/speed
y[64] = /jointset/acromial_l/arm_rot_l/value
y[65] = /jointset/acromial_l/arm_rot_l/speed
y[66] = /jointset/elbow_l/elbow_flex_l/value
y[67] = /jointset/elbow_l/elbow_flex_l/speed
y[68] = /jointset/radioulnar_l/pro_sup_l/value
y[69] = /jointset/radioulnar_l/pro_sup_l/speed
y[70] = /jointset/radius_hand_l/wrist_flex_l/value
y[71] = /jointset/radius_hand_l/wrist_flex_l/speed
y[72] = /jointset/radius_hand_l/wrist_dev_l/value
y[73] = /jointset/radius_hand_l/wrist_dev_l/speed

[2023-08-15 22:43:56.040] [info] Requested COM adjustment time range 1.2823 to 1.899, clamped to nearest available data times: 1.27493 to 1.89157.
[2023-08-15 22:43:56.040] [info] Computing average residuals between 1.27493 and 1.89157...
[2023-08-15 22:43:56.133] [info] ExternalForce::externalforce Data source being set to Run_500 02_newCOP3_v24.mot
[2023-08-15 22:43:56.133] [info] ExternalForce::externalforce_0 Data source being set to Run_500 02_newCOP3_v24.mot
[2023-08-15 22:43:56.203] [info] ExternalForce::externalforce Data source being set to Run_500 02_newCOP3_v24.mot
[2023-08-15 22:43:56.203] [info] ExternalForce::externalforce_0 Data source being set to Run_500 02_newCOP3_v24.mot
[2023-08-15 22:43:57.612] [info] ExternalForce::externalforce Data source being set to Run_500 02_newCOP3_v24.mot
[2023-08-15 22:43:57.612] [info] ExternalForce::externalforce_0 Data source being set to Run_500 02_newCOP3_v24.mot
[2023-08-15 22:43:57.622] [info] Computing average residuals between 1.27493 and 1.89157...
[2023-08-15 22:43:57.726] [info] ExternalForce::externalforce Data source being set to Run_500 02_newCOP3_v24.mot
[2023-08-15 22:43:57.726] [info] ExternalForce::externalforce_0 Data source being set to Run_500 02_newCOP3_v24.mot
[2023-08-15 22:43:57.796] [info] ExternalForce::externalforce Data source being set to Run_500 02_newCOP3_v24.mot
[2023-08-15 22:43:57.796] [info] ExternalForce::externalforce_0 Data source being set to Run_500 02_newCOP3_v24.mot
[2023-08-15 22:43:59.157] [info] Constructing function set for tracking desired kinematics...
[2023-08-15 22:44:00.018] [warning] No Actuation analysis found in analysis set, adding one...
[2023-08-15 22:44:00.018] [warning] No Kinematics analysis found in analysis set, adding one...
[2023-08-15 22:44:00.021] [info] Using the generalized coordinates specified in '..\..\..\ik\Run_5.mot' to set the initial configuration.
[2023-08-15 22:44:00.221] [info] Using IPOPT optimizer algorithm.
[2023-08-15 22:44:00.221] [info] Setting optimizer print level to 0.
[2023-08-15 22:44:00.221] [info] Setting optimizer convergence tolerance to 1.0e-05.
[2023-08-15 22:44:00.222] [info] Setting optimizer maximum iterations to 2000.
[2023-08-15 22:44:00.222] [info] Setting cmc controller to not use verbose printing.

[2023-08-15 22:44:00.223] [info] CMC::computeControls, t = 1.2823
[2023-08-15 22:44:01.233] [info] --------------------------------------------
[2023-08-15 22:44:01.233] [info] Using CMC to track the specified kinematics:
[2023-08-15 22:44:01.233] [info] --------------------------------------------
[2023-08-15 22:44:01.234] [info]  -- Integrating from 1.2823 to 1.899
[2023-08-15 22:44:01.234] [info]  -- Start time = Tue Aug 15 22:44:01 2023
[2023-08-15 22:44:01.234] [info] --------------------------------------------
[2023-08-15 22:44:01.234] [info] 
[2023-08-15 22:44:01.239] [info] CMC::computeControls, t = 1.2823
[2023-08-15 22:44:01.287] [info] CMC::computeControls, t = 1.2833
[2023-08-15 22:44:01.288] [warning] Coordinate.setValue:  coordinate subtalar_angle_r is locked. Unable to change its value.
[2023-08-15 22:44:01.288] [warning] Coordinate.setValue:  coordinate mtp_angle_r is locked. Unable to change its value.
[2023-08-15 22:44:01.288] [warning] Coordinate.setValue:  coordinate subtalar_angle_l is locked. Unable to change its value.
[2023-08-15 22:44:01.288] [warning] Coordinate.setValue:  coordinate mtp_angle_l is locked. Unable to change its value.
[2023-08-15 22:44:01.288] [warning] Coordinate.setValue:  coordinate wrist_flex_r is locked. Unable to change its value.
[2023-08-15 22:44:01.288] [warning] Coordinate.setValue:  coordinate wrist_dev_r is locked. Unable to change its value.
[2023-08-15 22:44:01.288] [warning] Coordinate.setValue:  coordinate wrist_flex_l is locked. Unable to change its value.
[2023-08-15 22:44:01.288] [warning] Coordinate.setValue:  coordinate wrist_dev_l is locked. Unable to change its value.
[2023-08-15 22:44:01.322] [info] CMC::computeControls, t = 1.2843
[2023-08-15 22:44:01.350] [info] CMC::computeControls, t = 1.2853
[2023-08-15 22:44:01.377] [info] CMC::computeControls, t = 1.2863
[2023-08-15 22:44:01.401] [info] CMC::computeControls, t = 1.2873
[2023-08-15 22:44:01.435] [info] CMC::computeControls, t = 1.2883
[2023-08-15 22:44:01.457] [info] CMC::computeControls, t = 1.2893
[2023-08-15 22:44:01.490] [info] CMC::computeControls, t = 1.29030
[2023-08-15 22:44:01.514] [info] CMC::computeControls, t = 1.2913
[2023-08-15 22:44:01.535] [info] CMC::computeControls, t = 1.2923
[2023-08-15 22:44:01.555] [info] CMC::computeControls, t = 1.2933
[2023-08-15 22:44:01.571] [info] CMC::computeControls, t = 1.2943
[2023-08-15 22:44:01.588] [info] CMC::computeControls, t = 1.2953
[2023-08-15 22:44:01.606] [info] CMC::computeControls, t = 1.2963
[2023-08-15 22:44:01.633] [info] CMC::computeControls, t = 1.2973
[2023-08-15 22:44:01.651] [info] CMC::computeControls, t = 1.2983
[2023-08-15 22:44:01.666] [info] CMC::computeControls, t = 1.2993
[2023-08-15 22:44:01.685] [info] CMC::computeControls, t = 1.30030
[2023-08-15 22:44:01.705] [info] CMC::computeControls, t = 1.30130
[2023-08-15 22:44:01.743] [info] CMC::computeControls, t = 1.30230
[2023-08-15 22:44:01.774] [info] CMC::computeControls, t = 1.30330
[2023-08-15 22:44:01.791] [info] CMC::computeControls, t = 1.30430
[2023-08-15 22:44:01.811] [info] CMC::computeControls, t = 1.30530
[2023-08-15 22:44:01.839] [info] CMC::computeControls, t = 1.30630
[2023-08-15 22:44:01.872] [info] CMC::computeControls, t = 1.30730
[2023-08-15 22:44:01.896] [info] CMC::computeControls, t = 1.30830
[2023-08-15 22:44:01.923] [info] CMC::computeControls, t = 1.30930
[2023-08-15 22:44:01.948] [info] CMC::computeControls, t = 1.31030
[2023-08-15 22:44:01.970] [info] CMC::computeControls, t = 1.3113
[2023-08-15 22:44:01.987] [info] CMC::computeControls, t = 1.3123
[2023-08-15 22:44:02.010] [info] CMC::computeControls, t = 1.3133
[2023-08-15 22:44:02.030] [info] CMC::computeControls, t = 1.3143
[2023-08-15 22:44:02.055] [info] CMC::computeControls, t = 1.3153
[2023-08-15 22:44:02.082] [info] CMC::computeControls, t = 1.3163
[2023-08-15 22:44:02.105] [info] CMC::computeControls, t = 1.3173
[2023-08-15 22:44:02.121] [info] CMC::computeControls, t = 1.3183
[2023-08-15 22:44:02.147] [info] CMC::computeControls, t = 1.3193
[2023-08-15 22:44:02.165] [info] CMC::computeControls, t = 1.32030
[2023-08-15 22:44:02.193] [info] CMC::computeControls, t = 1.3213
[2023-08-15 22:44:02.212] [info] CMC::computeControls, t = 1.3223
[2023-08-15 22:44:02.243] [info] CMC::computeControls, t = 1.3233
[2023-08-15 22:44:02.262] [info] CMC::computeControls, t = 1.3243
[2023-08-15 22:44:02.298] [info] CMC::computeControls, t = 1.3253
[2023-08-15 22:44:02.326] [info] CMC::computeControls, t = 1.3263
[2023-08-15 22:44:02.351] [info] CMC::computeControls, t = 1.3273
[2023-08-15 22:44:02.381] [info] CMC::computeControls, t = 1.3283
[2023-08-15 22:44:02.414] [info] CMC::computeControls, t = 1.3293
[2023-08-15 22:44:02.439] [info] CMC::computeControls, t = 1.33030
[2023-08-15 22:44:02.462] [info] CMC::computeControls, t = 1.3313
[2023-08-15 22:44:02.481] [info] CMC::computeControls, t = 1.3323
[2023-08-15 22:44:02.527] [info] CMC::computeControls, t = 1.3333
[2023-08-15 22:44:02.559] [info] CMC::computeControls, t = 1.3343
[2023-08-15 22:44:02.585] [info] CMC::computeControls, t = 1.3353
[2023-08-15 22:44:02.612] [info] CMC::computeControls, t = 1.3363
[2023-08-15 22:44:02.628] [info] CMC::computeControls, t = 1.3373
[2023-08-15 22:44:02.650] [info] CMC::computeControls, t = 1.3383
[2023-08-15 22:44:02.677] [info] CMC::computeControls, t = 1.3393
[2023-08-15 22:44:02.696] [info] CMC::computeControls, t = 1.34030
[2023-08-15 22:44:02.711] [info] CMC::computeControls, t = 1.3413
[2023-08-15 22:44:02.737] [info] CMC::computeControls, t = 1.3423
[2023-08-15 22:44:02.761] [info] CMC::computeControls, t = 1.3433
[2023-08-15 22:44:02.782] [info] CMC::computeControls, t = 1.3443
[2023-08-15 22:44:02.800] [info] CMC::computeControls, t = 1.3453
[2023-08-15 22:44:02.822] [info] CMC::computeControls, t = 1.3463
[2023-08-15 22:44:02.848] [info] CMC::computeControls, t = 1.3473
[2023-08-15 22:44:02.863] [info] CMC::computeControls, t = 1.3483
[2023-08-15 22:44:02.888] [info] CMC::computeControls, t = 1.3493
[2023-08-15 22:44:02.913] [info] CMC::computeControls, t = 1.35030
[2023-08-15 22:44:02.943] [info] CMC::computeControls, t = 1.3513
[2023-08-15 22:44:02.974] [info] CMC::computeControls, t = 1.3523
[2023-08-15 22:44:03.010] [info] CMC::computeControls, t = 1.3533
[2023-08-15 22:44:03.045] [info] CMC::computeControls, t = 1.3543
[2023-08-15 22:44:03.061] [info] CMC::computeControls, t = 1.3553
[2023-08-15 22:44:03.094] [info] CMC::computeControls, t = 1.3563
[2023-08-15 22:44:03.116] [info] CMC::computeControls, t = 1.3573
[2023-08-15 22:44:03.135] [info] CMC::computeControls, t = 1.3583
[2023-08-15 22:44:03.157] [info] CMC::computeControls, t = 1.3593
[2023-08-15 22:44:03.183] [info] CMC::computeControls, t = 1.36030
[2023-08-15 22:44:03.214] [info] CMC::computeControls, t = 1.3613
[2023-08-15 22:44:03.229] [info] CMC::computeControls, t = 1.3623
[2023-08-15 22:44:03.244] [info] CMC::computeControls, t = 1.3633
[2023-08-15 22:44:03.262] [info] CMC::computeControls, t = 1.3643
[2023-08-15 22:44:03.296] [info] CMC::computeControls, t = 1.3653
[2023-08-15 22:44:03.325] [info] CMC::computeControls, t = 1.3663
[2023-08-15 22:44:03.356] [info] CMC::computeControls, t = 1.3673
[2023-08-15 22:44:03.376] [info] CMC::computeControls, t = 1.3683
[2023-08-15 22:44:03.398] [info] CMC::computeControls, t = 1.3693
[2023-08-15 22:44:03.426] [info] CMC::computeControls, t = 1.37030
[2023-08-15 22:44:03.447] [info] CMC::computeControls, t = 1.3713
[2023-08-15 22:44:03.477] [info] CMC::computeControls, t = 1.3723
[2023-08-15 22:44:03.508] [info] CMC::computeControls, t = 1.3733
[2023-08-15 22:44:03.534] [info] CMC::computeControls, t = 1.3743
[2023-08-15 22:44:03.559] [info] CMC::computeControls, t = 1.3753
[2023-08-15 22:44:03.582] [info] CMC::computeControls, t = 1.3763
[2023-08-15 22:44:03.599] [info] CMC::computeControls, t = 1.3773
[2023-08-15 22:44:03.614] [info] CMC::computeControls, t = 1.3783
[2023-08-15 22:44:03.642] [info] CMC::computeControls, t = 1.3793
[2023-08-15 22:44:03.665] [info] CMC::computeControls, t = 1.38030
[2023-08-15 22:44:03.699] [info] CMC::computeControls, t = 1.3813
[2023-08-15 22:44:03.729] [info] CMC::computeControls, t = 1.3823
[2023-08-15 22:44:03.744] [info] CMC::computeControls, t = 1.3833
[2023-08-15 22:44:03.759] [info] CMC::computeControls, t = 1.3843
[2023-08-15 22:44:03.789] [info] CMC::computeControls, t = 1.3853
[2023-08-15 22:44:03.813] [info] CMC::computeControls, t = 1.3863
[2023-08-15 22:44:03.834] [info] CMC::computeControls, t = 1.3873
[2023-08-15 22:44:03.853] [info] CMC::computeControls, t = 1.3883
[2023-08-15 22:44:03.889] [info] CMC::computeControls, t = 1.3893
[2023-08-15 22:44:03.918] [info] CMC::computeControls, t = 1.39030
[2023-08-15 22:44:03.937] [info] CMC::computeControls, t = 1.3913
[2023-08-15 22:44:03.957] [info] CMC::computeControls, t = 1.3923
[2023-08-15 22:44:03.990] [info] CMC::computeControls, t = 1.3933
[2023-08-15 22:44:04.013] [info] CMC::computeControls, t = 1.3943
[2023-08-15 22:44:04.035] [info] CMC::computeControls, t = 1.3953
[2023-08-15 22:44:04.065] [info] CMC::computeControls, t = 1.3963
[2023-08-15 22:44:04.087] [info] CMC::computeControls, t = 1.3973
[2023-08-15 22:44:04.123] [info] CMC::computeControls, t = 1.3983
[2023-08-15 22:44:04.149] [info] CMC::computeControls, t = 1.3993
[2023-08-15 22:44:04.180] [info] CMC::computeControls, t = 1.40030
[2023-08-15 22:44:04.217] [info] CMC::computeControls, t = 1.40130
[2023-08-15 22:44:04.247] [info] CMC::computeControls, t = 1.40230
[2023-08-15 22:44:04.276] [info] CMC::computeControls, t = 1.40330
[2023-08-15 22:44:04.302] [info] CMC::computeControls, t = 1.40430
[2023-08-15 22:44:04.336] [info] CMC::computeControls, t = 1.40530
[2023-08-15 22:44:04.370] [info] CMC::computeControls, t = 1.40630
[2023-08-15 22:44:04.392] [info] CMC::computeControls, t = 1.40730
[2023-08-15 22:44:04.428] [info] CMC::computeControls, t = 1.40830
[2023-08-15 22:44:04.456] [info] CMC::computeControls, t = 1.40930
[2023-08-15 22:44:04.471] [info] CMC::computeControls, t = 1.41030
[2023-08-15 22:44:04.486] [info] CMC::computeControls, t = 1.4113
[2023-08-15 22:44:04.511] [info] CMC::computeControls, t = 1.4123
[2023-08-15 22:44:04.526] [info] CMC::computeControls, t = 1.4133
[2023-08-15 22:44:04.545] [info] CMC::computeControls, t = 1.4143
[2023-08-15 22:44:04.561] [info] CMC::computeControls, t = 1.4153
[2023-08-15 22:44:04.577] [info] CMC::computeControls, t = 1.4163
[2023-08-15 22:44:04.602] [info] CMC::computeControls, t = 1.4173
[2023-08-15 22:44:04.645] [info] CMC::computeControls, t = 1.4183
[2023-08-15 22:44:04.677] [info] CMC::computeControls, t = 1.4193
[2023-08-15 22:44:04.694] [info] CMC::computeControls, t = 1.42030
[2023-08-15 22:44:04.720] [info] CMC::computeControls, t = 1.4213
[2023-08-15 22:44:04.741] [info] CMC::computeControls, t = 1.4223
[2023-08-15 22:44:04.756] [info] CMC::computeControls, t = 1.4233
[2023-08-15 22:44:04.772] [info] CMC::computeControls, t = 1.4243
[2023-08-15 22:44:04.798] [info] CMC::computeControls, t = 1.4253
[2023-08-15 22:44:04.813] [info] CMC::computeControls, t = 1.4263
[2023-08-15 22:44:04.839] [info] CMC::computeControls, t = 1.4273
[2023-08-15 22:44:04.864] [info] CMC::computeControls, t = 1.4283
[2023-08-15 22:44:04.882] [info] CMC::computeControls, t = 1.4293
[2023-08-15 22:44:04.908] [info] CMC::computeControls, t = 1.43030
[2023-08-15 22:44:04.926] [info] CMC::computeControls, t = 1.4313
[2023-08-15 22:44:04.942] [info] CMC::computeControls, t = 1.4323
[2023-08-15 22:44:04.957] [info] CMC::computeControls, t = 1.4333
[2023-08-15 22:44:04.973] [info] CMC::computeControls, t = 1.4343
[2023-08-15 22:44:04.988] [info] CMC::computeControls, t = 1.4353
[2023-08-15 22:44:05.003] [info] CMC::computeControls, t = 1.4363
[2023-08-15 22:44:05.027] [info] CMC::computeControls, t = 1.4373
[2023-08-15 22:44:05.046] [info] CMC::computeControls, t = 1.4383
[2023-08-15 22:44:05.062] [info] CMC::computeControls, t = 1.4393
[2023-08-15 22:44:05.077] [info] CMC::computeControls, t = 1.44030
[2023-08-15 22:44:05.096] [info] CMC::computeControls, t = 1.4413
[2023-08-15 22:44:05.114] [info] CMC::computeControls, t = 1.4423
[2023-08-15 22:44:05.147] [info] CMC::computeControls, t = 1.4433
[2023-08-15 22:44:05.162] [info] CMC::computeControls, t = 1.4443
[2023-08-15 22:44:05.204] [info] CMC::computeControls, t = 1.4453
[2023-08-15 22:44:05.229] [info] CMC::computeControls, t = 1.4463
[2023-08-15 22:44:05.251] [info] CMC::computeControls, t = 1.4473
[2023-08-15 22:44:05.279] [info] CMC::computeControls, t = 1.4483
[2023-08-15 22:44:05.328] [info] CMC::computeControls, t = 1.4493
[2023-08-15 22:44:05.351] [info] CMC::computeControls, t = 1.45030
[2023-08-15 22:44:05.387] [info] CMC::computeControls, t = 1.4513
[2023-08-15 22:44:05.412] [info] CMC::computeControls, t = 1.4523
[2023-08-15 22:44:05.440] [info] CMC::computeControls, t = 1.4533
[2023-08-15 22:44:05.463] [info] CMC::computeControls, t = 1.4543
[2023-08-15 22:44:05.495] [info] CMC::computeControls, t = 1.4553
[2023-08-15 22:44:05.534] [info] CMC::computeControls, t = 1.4563
[2023-08-15 22:44:05.573] [info] CMC::computeControls, t = 1.4573
[2023-08-15 22:44:05.599] [info] CMC::computeControls, t = 1.4583
[2023-08-15 22:44:05.619] [info] CMC::computeControls, t = 1.4593
[2023-08-15 22:44:05.639] [info] CMC::computeControls, t = 1.46030
[2023-08-15 22:44:05.676] [info] CMC::computeControls, t = 1.4613
[2023-08-15 22:44:05.709] [info] CMC::computeControls, t = 1.4623
[2023-08-15 22:44:05.736] [info] CMC::computeControls, t = 1.4633
[2023-08-15 22:44:05.757] [info] CMC::computeControls, t = 1.4643
[2023-08-15 22:44:05.777] [info] CMC::computeControls, t = 1.4653
[2023-08-15 22:44:05.805] [info] CMC::computeControls, t = 1.4663
[2023-08-15 22:44:05.830] [info] CMC::computeControls, t = 1.4673
[2023-08-15 22:44:05.851] [info] CMC::computeControls, t = 1.4683
[2023-08-15 22:44:05.866] [info] CMC::computeControls, t = 1.4693
[2023-08-15 22:44:05.891] [info] CMC::computeControls, t = 1.47030
[2023-08-15 22:44:05.915] [info] CMC::computeControls, t = 1.4713
[2023-08-15 22:44:05.941] [info] CMC::computeControls, t = 1.4723
[2023-08-15 22:44:05.974] [info] CMC::computeControls, t = 1.4733
[2023-08-15 22:44:05.998] [info] CMC::computeControls, t = 1.4743
[2023-08-15 22:44:06.034] [info] CMC::computeControls, t = 1.4753
[2023-08-15 22:44:06.069] [info] CMC::computeControls, t = 1.4763
[2023-08-15 22:44:06.085] [info] CMC::computeControls, t = 1.4773
[2023-08-15 22:44:06.103] [info] CMC::computeControls, t = 1.4783
[2023-08-15 22:44:06.133] [info] CMC::computeControls, t = 1.4793
[2023-08-15 22:44:06.149] [info] CMC::computeControls, t = 1.48030
[2023-08-15 22:44:06.171] [info] CMC::computeControls, t = 1.4813
[2023-08-15 22:44:06.187] [info] CMC::computeControls, t = 1.4823
[2023-08-15 22:44:06.202] [info] CMC::computeControls, t = 1.4833
[2023-08-15 22:44:06.233] [info] CMC::computeControls, t = 1.4843
[2023-08-15 22:44:06.251] [info] CMC::computeControls, t = 1.4853
[2023-08-15 22:44:06.269] [info] CMC::computeControls, t = 1.4863
[2023-08-15 22:44:06.299] [info] CMC::computeControls, t = 1.4873
[2023-08-15 22:44:06.334] [info] CMC::computeControls, t = 1.4883
[2023-08-15 22:44:06.364] [info] CMC::computeControls, t = 1.4893
[2023-08-15 22:44:06.391] [info] CMC::computeControls, t = 1.49030
[2023-08-15 22:44:06.416] [info] CMC::computeControls, t = 1.4913
[2023-08-15 22:44:06.433] [info] CMC::computeControls, t = 1.4923
[2023-08-15 22:44:06.462] [info] CMC::computeControls, t = 1.4933
[2023-08-15 22:44:06.493] [info] CMC::computeControls, t = 1.4943
[2023-08-15 22:44:06.513] [info] CMC::computeControls, t = 1.4953
[2023-08-15 22:44:06.528] [info] CMC::computeControls, t = 1.4963
[2023-08-15 22:44:06.558] [info] CMC::computeControls, t = 1.4973
[2023-08-15 22:44:06.592] [info] CMC::computeControls, t = 1.4983
[2023-08-15 22:44:06.615] [info] CMC::computeControls, t = 1.4993
[2023-08-15 22:44:06.633] [info] CMC::computeControls, t = 1.50030
[2023-08-15 22:44:06.672] [info] CMC::computeControls, t = 1.50130
[2023-08-15 22:44:06.691] [info] CMC::computeControls, t = 1.50230
[2023-08-15 22:44:06.721] [info] CMC::computeControls, t = 1.50330
[2023-08-15 22:44:06.742] [info] CMC::computeControls, t = 1.50430
[2023-08-15 22:44:06.769] [info] CMC::computeControls, t = 1.50530
[2023-08-15 22:44:06.802] [info] CMC::computeControls, t = 1.50630
[2023-08-15 22:44:06.820] [info] CMC::computeControls, t = 1.50730
[2023-08-15 22:44:06.836] [info] CMC::computeControls, t = 1.50830
[2023-08-15 22:44:06.859] [info] CMC::computeControls, t = 1.50930
[2023-08-15 22:44:06.885] [info] CMC::computeControls, t = 1.51030
[2023-08-15 22:44:06.916] [info] CMC::computeControls, t = 1.5113
[2023-08-15 22:44:06.955] [info] CMC::computeControls, t = 1.5123
[2023-08-15 22:44:06.983] [info] CMC::computeControls, t = 1.5133
[2023-08-15 22:44:07.012] [info] CMC::computeControls, t = 1.5143
[2023-08-15 22:44:07.040] [info] CMC::computeControls, t = 1.5153
[2023-08-15 22:44:07.076] [info] CMC::computeControls, t = 1.5163
[2023-08-15 22:44:07.111] [info] CMC::computeControls, t = 1.5173
[2023-08-15 22:44:07.153] [info] CMC::computeControls, t = 1.5183
[2023-08-15 22:44:07.172] [info] CMC::computeControls, t = 1.5193
[2023-08-15 22:44:07.208] [info] CMC::computeControls, t = 1.52030
[2023-08-15 22:44:07.233] [info] CMC::computeControls, t = 1.5213
[2023-08-15 22:44:07.248] [info] CMC::computeControls, t = 1.5223
[2023-08-15 22:44:07.264] [info] CMC::computeControls, t = 1.5233
[2023-08-15 22:44:07.288] [info] CMC::computeControls, t = 1.5243
[2023-08-15 22:44:07.321] [info] CMC::computeControls, t = 1.5253
[2023-08-15 22:44:07.341] [info] CMC::computeControls, t = 1.5263
[2023-08-15 22:44:07.357] [info] CMC::computeControls, t = 1.5273
[2023-08-15 22:44:07.373] [info] CMC::computeControls, t = 1.5283
[2023-08-15 22:44:07.414] [info] CMC::computeControls, t = 1.5293
[2023-08-15 22:44:07.432] [info] CMC::computeControls, t = 1.53030
[2023-08-15 22:44:07.448] [info] CMC::computeControls, t = 1.5313
[2023-08-15 22:44:07.463] [info] CMC::computeControls, t = 1.5323
[2023-08-15 22:44:07.497] [info] CMC::computeControls, t = 1.5333
[2023-08-15 22:44:07.516] [info] CMC::computeControls, t = 1.5343
[2023-08-15 22:44:07.531] [info] CMC::computeControls, t = 1.5353
[2023-08-15 22:44:07.546] [info] CMC::computeControls, t = 1.5363
[2023-08-15 22:44:07.561] [info] CMC::computeControls, t = 1.5373
[2023-08-15 22:44:07.588] [info] CMC::computeControls, t = 1.5383
[2023-08-15 22:44:07.610] [info] CMC::computeControls, t = 1.5393
[2023-08-15 22:44:07.634] [info] CMC::computeControls, t = 1.54030
[2023-08-15 22:44:07.661] [info] CMC::computeControls, t = 1.5413
[2023-08-15 22:44:07.686] [info] CMC::computeControls, t = 1.5423
[2023-08-15 22:44:07.718] [info] CMC::computeControls, t = 1.5433
[2023-08-15 22:44:07.747] [info] CMC::computeControls, t = 1.5443
[2023-08-15 22:44:07.763] [info] CMC::computeControls, t = 1.5453
[2023-08-15 22:44:07.801] [info] CMC::computeControls, t = 1.5463
[2023-08-15 22:44:07.830] [info] CMC::computeControls, t = 1.5473
[2023-08-15 22:44:07.857] [info] CMC::computeControls, t = 1.5483
[2023-08-15 22:44:07.884] [info] CMC::computeControls, t = 1.5493
[2023-08-15 22:44:07.921] [info] CMC::computeControls, t = 1.55030
[2023-08-15 22:44:07.945] [info] CMC::computeControls, t = 1.5513
[2023-08-15 22:44:07.977] [info] CMC::computeControls, t = 1.5523
[2023-08-15 22:44:08.001] [info] CMC::computeControls, t = 1.5533
[2023-08-15 22:44:08.025] [info] CMC::computeControls, t = 1.5543
[2023-08-15 22:44:08.041] [info] CMC::computeControls, t = 1.5553
[2023-08-15 22:44:08.067] [info] CMC::computeControls, t = 1.5563
[2023-08-15 22:44:08.082] [info] CMC::computeControls, t = 1.5573
[2023-08-15 22:44:08.109] [info] CMC::computeControls, t = 1.5583
[2023-08-15 22:44:08.129] [info] CMC::computeControls, t = 1.5593
[2023-08-15 22:44:08.149] [info] CMC::computeControls, t = 1.56030
[2023-08-15 22:44:08.174] [info] CMC::computeControls, t = 1.5613
[2023-08-15 22:44:08.218] [info] CMC::computeControls, t = 1.5623
[2023-08-15 22:44:08.245] [info] CMC::computeControls, t = 1.5633
[2023-08-15 22:44:08.263] [info] CMC::computeControls, t = 1.5643
[2023-08-15 22:44:08.288] [info] CMC::computeControls, t = 1.5653
[2023-08-15 22:44:08.313] [info] CMC::computeControls, t = 1.5663
[2023-08-15 22:44:08.335] [info] CMC::computeControls, t = 1.5673
[2023-08-15 22:44:08.360] [info] CMC::computeControls, t = 1.5683
[2023-08-15 22:44:08.390] [info] CMC::computeControls, t = 1.5693
[2023-08-15 22:44:08.408] [info] CMC::computeControls, t = 1.57030
[2023-08-15 22:44:08.434] [info] CMC::computeControls, t = 1.5713
[2023-08-15 22:44:08.455] [info] CMC::computeControls, t = 1.5723
[2023-08-15 22:44:08.488] [info] CMC::computeControls, t = 1.5733
[2023-08-15 22:44:08.506] [info] CMC::computeControls, t = 1.5743
[2023-08-15 22:44:08.545] [info] CMC::computeControls, t = 1.5753
[2023-08-15 22:44:08.565] [info] CMC::computeControls, t = 1.5763
[2023-08-15 22:44:08.604] [info] CMC::computeControls, t = 1.5773
[2023-08-15 22:44:08.628] [info] CMC::computeControls, t = 1.5783
[2023-08-15 22:44:08.650] [info] CMC::computeControls, t = 1.5793
[2023-08-15 22:44:08.682] [info] CMC::computeControls, t = 1.58030
[2023-08-15 22:44:08.699] [info] CMC::computeControls, t = 1.5813
[2023-08-15 22:44:08.718] [info] CMC::computeControls, t = 1.5823
[2023-08-15 22:44:08.735] [info] CMC::computeControls, t = 1.5833
[2023-08-15 22:44:08.768] [info] CMC::computeControls, t = 1.5843
[2023-08-15 22:44:08.803] [info] CMC::computeControls, t = 1.5853
[2023-08-15 22:44:08.821] [info] CMC::computeControls, t = 1.5863
[2023-08-15 22:44:08.849] [info] CMC::computeControls, t = 1.5873
[2023-08-15 22:44:08.867] [info] CMC::computeControls, t = 1.5883
[2023-08-15 22:44:08.898] [info] CMC::computeControls, t = 1.5893
[2023-08-15 22:44:08.936] [info] CMC::computeControls, t = 1.59030
[2023-08-15 22:44:08.958] [info] CMC::computeControls, t = 1.5913
[2023-08-15 22:44:08.979] [info] CMC::computeControls, t = 1.5923
[2023-08-15 22:44:09.008] [info] CMC::computeControls, t = 1.5933
[2023-08-15 22:44:09.044] [info] CMC::computeControls, t = 1.5943
[2023-08-15 22:44:09.077] [info] CMC::computeControls, t = 1.5953
[2023-08-15 22:44:09.093] [info] CMC::computeControls, t = 1.5963
[2023-08-15 22:44:09.134] [info] CMC::computeControls, t = 1.5973
[2023-08-15 22:44:09.165] [info] CMC::computeControls, t = 1.5983
[2023-08-15 22:44:09.197] [info] CMC::computeControls, t = 1.5993
[2023-08-15 22:44:09.239] [info] CMC::computeControls, t = 1.60030
[2023-08-15 22:44:09.275] [info] CMC::computeControls, t = 1.60130
[2023-08-15 22:44:09.306] [info] CMC::computeControls, t = 1.60230
[2023-08-15 22:44:09.334] [info] CMC::computeControls, t = 1.60330
[2023-08-15 22:44:09.354] [info] CMC::computeControls, t = 1.60430
[2023-08-15 22:44:09.370] [info] CMC::computeControls, t = 1.60530
[2023-08-15 22:44:09.399] [info] CMC::computeControls, t = 1.60630
[2023-08-15 22:44:09.421] [info] CMC::computeControls, t = 1.60730
[2023-08-15 22:44:09.446] [info] CMC::computeControls, t = 1.60830
[2023-08-15 22:44:09.472] [info] CMC::computeControls, t = 1.60930
[2023-08-15 22:44:09.497] [info] CMC::computeControls, t = 1.61030
[2023-08-15 22:44:09.513] [info] CMC::computeControls, t = 1.6113
[2023-08-15 22:44:09.554] [info] CMC::computeControls, t = 1.6123
[2023-08-15 22:44:09.580] [info] CMC::computeControls, t = 1.6133
[2023-08-15 22:44:09.600] [info] CMC::computeControls, t = 1.6143
[2023-08-15 22:44:09.615] [info] CMC::computeControls, t = 1.6153
[2023-08-15 22:44:09.641] [info] CMC::computeControls, t = 1.6163
[2023-08-15 22:44:09.667] [info] CMC::computeControls, t = 1.6173
[2023-08-15 22:44:09.691] [info] CMC::computeControls, t = 1.6183
[2023-08-15 22:44:09.720] [info] CMC::computeControls, t = 1.6193
[2023-08-15 22:44:09.745] [info] CMC::computeControls, t = 1.62030
[2023-08-15 22:44:09.773] [info] CMC::computeControls, t = 1.6213
[2023-08-15 22:44:09.797] [info] CMC::computeControls, t = 1.6223
[2023-08-15 22:44:09.816] [info] CMC::computeControls, t = 1.6233
[2023-08-15 22:44:09.832] [info] CMC::computeControls, t = 1.6243
[2023-08-15 22:44:09.857] [info] CMC::computeControls, t = 1.6253
[2023-08-15 22:44:09.874] [info] CMC::computeControls, t = 1.6263
[2023-08-15 22:44:09.905] [info] CMC::computeControls, t = 1.6273
[2023-08-15 22:44:09.940] [info] CMC::computeControls, t = 1.6283
[2023-08-15 22:44:09.974] [info] CMC::computeControls, t = 1.6293
[2023-08-15 22:44:09.990] [info] CMC::computeControls, t = 1.63030
[2023-08-15 22:44:10.008] [info] CMC::computeControls, t = 1.6313
[2023-08-15 22:44:10.037] [info] CMC::computeControls, t = 1.6323
[2023-08-15 22:44:10.068] [info] CMC::computeControls, t = 1.6333
[2023-08-15 22:44:10.100] [info] CMC::computeControls, t = 1.6343
[2023-08-15 22:44:10.136] [info] CMC::computeControls, t = 1.6353
[2023-08-15 22:44:10.161] [info] CMC::computeControls, t = 1.6363
[2023-08-15 22:44:10.179] [info] CMC::computeControls, t = 1.6373
[2023-08-15 22:44:10.206] [info] CMC::computeControls, t = 1.6383
[2023-08-15 22:44:10.240] [info] CMC::computeControls, t = 1.6393
[2023-08-15 22:44:10.278] [info] CMC::computeControls, t = 1.64030
[2023-08-15 22:44:10.307] [info] CMC::computeControls, t = 1.6413
[2023-08-15 22:44:10.339] [info] CMC::computeControls, t = 1.6423
[2023-08-15 22:44:10.371] [info] CMC::computeControls, t = 1.6433
[2023-08-15 22:44:10.397] [info] CMC::computeControls, t = 1.6443
[2023-08-15 22:44:10.421] [info] CMC::computeControls, t = 1.6453
[2023-08-15 22:44:10.441] [info] CMC::computeControls, t = 1.6463
[2023-08-15 22:44:10.470] [info] CMC::computeControls, t = 1.6473
[2023-08-15 22:44:10.491] [info] CMC::computeControls, t = 1.6483
[2023-08-15 22:44:10.510] [info] CMC::computeControls, t = 1.6493
[2023-08-15 22:44:10.532] [info] CMC::computeControls, t = 1.65030
[2023-08-15 22:44:10.551] [info] CMC::computeControls, t = 1.6513
[2023-08-15 22:44:10.585] [info] CMC::computeControls, t = 1.6523
[2023-08-15 22:44:10.601] [info] CMC::computeControls, t = 1.6533
[2023-08-15 22:44:10.616] [info] CMC::computeControls, t = 1.6543
[2023-08-15 22:44:10.649] [info] CMC::computeControls, t = 1.6553
[2023-08-15 22:44:10.685] [info] CMC::computeControls, t = 1.6563
[2023-08-15 22:44:10.713] [info] CMC::computeControls, t = 1.6573
[2023-08-15 22:44:10.739] [info] CMC::computeControls, t = 1.6583
[2023-08-15 22:44:10.779] [info] CMC::computeControls, t = 1.6593
[2023-08-15 22:44:10.818] [info] CMC::computeControls, t = 1.66030
[2023-08-15 22:44:10.840] [info] CMC::computeControls, t = 1.6613
[2023-08-15 22:44:10.862] [info] CMC::computeControls, t = 1.6623
[2023-08-15 22:44:10.890] [info] CMC::computeControls, t = 1.6633
[2023-08-15 22:44:10.916] [info] CMC::computeControls, t = 1.6643
[2023-08-15 22:44:10.956] [info] CMC::computeControls, t = 1.6653
[2023-08-15 22:44:10.980] [info] CMC::computeControls, t = 1.6663
[2023-08-15 22:44:11.003] [info] CMC::computeControls, t = 1.6673
[2023-08-15 22:44:11.036] [info] CMC::computeControls, t = 1.6683
[2023-08-15 22:44:11.074] [info] CMC::computeControls, t = 1.6693
[2023-08-15 22:44:11.099] [info] CMC::computeControls, t = 1.67030
[2023-08-15 22:44:11.127] [info] CMC::computeControls, t = 1.6713
[2023-08-15 22:44:11.149] [info] CMC::computeControls, t = 1.6723
[2023-08-15 22:44:11.170] [info] CMC::computeControls, t = 1.6733
[2023-08-15 22:44:11.194] [info] CMC::computeControls, t = 1.6743
[2023-08-15 22:44:11.221] [info] CMC::computeControls, t = 1.6753
[2023-08-15 22:44:11.256] [info] CMC::computeControls, t = 1.6763
[2023-08-15 22:44:11.279] [info] CMC::computeControls, t = 1.6773
[2023-08-15 22:44:11.314] [info] CMC::computeControls, t = 1.6783
[2023-08-15 22:44:11.342] [info] CMC::computeControls, t = 1.6793
[2023-08-15 22:44:11.368] [info] CMC::computeControls, t = 1.68030
[2023-08-15 22:44:11.385] [info] CMC::computeControls, t = 1.6813
[2023-08-15 22:44:11.410] [info] CMC::computeControls, t = 1.6823
[2023-08-15 22:44:11.428] [info] CMC::computeControls, t = 1.6833
[2023-08-15 22:44:11.451] [info] CMC::computeControls, t = 1.6843
[2023-08-15 22:44:11.470] [info] CMC::computeControls, t = 1.6853
[2023-08-15 22:44:11.492] [info] CMC::computeControls, t = 1.6863
[2023-08-15 22:44:11.511] [info] CMC::computeControls, t = 1.6873
[2023-08-15 22:44:11.542] [info] CMC::computeControls, t = 1.6883
[2023-08-15 22:44:11.565] [info] CMC::computeControls, t = 1.6893
[2023-08-15 22:44:11.599] [info] CMC::computeControls, t = 1.69030
[2023-08-15 22:44:11.628] [info] CMC::computeControls, t = 1.6913
[2023-08-15 22:44:11.660] [info] CMC::computeControls, t = 1.6923
[2023-08-15 22:44:11.686] [info] CMC::computeControls, t = 1.6933
[2023-08-15 22:44:11.710] [info] CMC::computeControls, t = 1.6943
[2023-08-15 22:44:11.728] [info] CMC::computeControls, t = 1.6953
[2023-08-15 22:44:11.765] [info] CMC::computeControls, t = 1.6963
[2023-08-15 22:44:11.785] [info] CMC::computeControls, t = 1.6973
[2023-08-15 22:44:11.804] [info] CMC::computeControls, t = 1.6983
[2023-08-15 22:44:11.820] [info] CMC::computeControls, t = 1.6993
[2023-08-15 22:44:11.847] [info] CMC::computeControls, t = 1.70030
[2023-08-15 22:44:11.881] [info] CMC::computeControls, t = 1.70130
[2023-08-15 22:44:11.917] [info] CMC::computeControls, t = 1.70230
[2023-08-15 22:44:11.942] [info] CMC::computeControls, t = 1.70330
[2023-08-15 22:44:11.980] [info] CMC::computeControls, t = 1.70430
[2023-08-15 22:44:12.019] [info] CMC::computeControls, t = 1.70530
[2023-08-15 22:44:12.052] [info] CMC::computeControls, t = 1.70630
[2023-08-15 22:44:12.071] [info] CMC::computeControls, t = 1.70730
[2023-08-15 22:44:12.093] [info] CMC::computeControls, t = 1.70830
[2023-08-15 22:44:12.109] [info] CMC::computeControls, t = 1.70930
[2023-08-15 22:44:12.125] [info] CMC::computeControls, t = 1.71030
[2023-08-15 22:44:12.155] [info] CMC::computeControls, t = 1.7113
[2023-08-15 22:44:12.180] [info] CMC::computeControls, t = 1.7123
[2023-08-15 22:44:12.205] [info] CMC::computeControls, t = 1.7133
[2023-08-15 22:44:12.228] [info] CMC::computeControls, t = 1.7143
[2023-08-15 22:44:12.251] [info] CMC::computeControls, t = 1.7153
[2023-08-15 22:44:12.280] [info] CMC::computeControls, t = 1.7163
[2023-08-15 22:44:12.324] [info] CMC::computeControls, t = 1.7173
[2023-08-15 22:44:12.349] [info] CMC::computeControls, t = 1.7183
[2023-08-15 22:44:12.365] [info] CMC::computeControls, t = 1.7193
[2023-08-15 22:44:12.402] [info] CMC::computeControls, t = 1.72030
[2023-08-15 22:44:12.419] [info] CMC::computeControls, t = 1.7213
[2023-08-15 22:44:12.446] [info] CMC::computeControls, t = 1.7223
[2023-08-15 22:44:12.462] [info] CMC::computeControls, t = 1.7233
[2023-08-15 22:44:12.491] [info] CMC::computeControls, t = 1.7243
[2023-08-15 22:44:12.510] [info] CMC::computeControls, t = 1.7253
[2023-08-15 22:44:12.543] [info] CMC::computeControls, t = 1.7263
[2023-08-15 22:44:12.575] [info] CMC::computeControls, t = 1.7273
[2023-08-15 22:44:12.590] [info] CMC::computeControls, t = 1.7283
[2023-08-15 22:44:12.606] [info] CMC::computeControls, t = 1.7293
[2023-08-15 22:44:12.624] [info] CMC::computeControls, t = 1.73030
[2023-08-15 22:44:12.647] [info] CMC::computeControls, t = 1.7313
[2023-08-15 22:44:12.663] [info] CMC::computeControls, t = 1.7323
[2023-08-15 22:44:12.690] [info] CMC::computeControls, t = 1.7333
[2023-08-15 22:44:12.713] [info] CMC::computeControls, t = 1.7343
[2023-08-15 22:44:12.751] [info] CMC::computeControls, t = 1.7353
[2023-08-15 22:44:12.775] [info] CMC::computeControls, t = 1.7363
[2023-08-15 22:44:12.802] [info] CMC::computeControls, t = 1.7373
[2023-08-15 22:44:12.821] [info] CMC::computeControls, t = 1.7383
[2023-08-15 22:44:12.846] [info] CMC::computeControls, t = 1.7393
[2023-08-15 22:44:12.868] [info] CMC::computeControls, t = 1.74030
[2023-08-15 22:44:12.904] [info] CMC::computeControls, t = 1.7413
[2023-08-15 22:44:12.921] [info] CMC::computeControls, t = 1.7423
[2023-08-15 22:44:12.943] [info] CMC::computeControls, t = 1.7433
[2023-08-15 22:44:12.963] [info] CMC::computeControls, t = 1.7443
[2023-08-15 22:44:12.978] [info] CMC::computeControls, t = 1.7453
[2023-08-15 22:44:12.997] [info] CMC::computeControls, t = 1.7463
[2023-08-15 22:44:13.014] [info] CMC::computeControls, t = 1.7473
[2023-08-15 22:44:13.030] [info] CMC::computeControls, t = 1.7483
[2023-08-15 22:44:13.049] [info] CMC::computeControls, t = 1.7493
[2023-08-15 22:44:13.082] [info] CMC::computeControls, t = 1.75030
[2023-08-15 22:44:13.109] [info] CMC::computeControls, t = 1.7513
[2023-08-15 22:44:13.135] [info] CMC::computeControls, t = 1.7523
[2023-08-15 22:44:13.170] [info] CMC::computeControls, t = 1.7533
[2023-08-15 22:44:13.196] [info] CMC::computeControls, t = 1.7543
[2023-08-15 22:44:13.225] [info] CMC::computeControls, t = 1.7553
[2023-08-15 22:44:13.240] [info] CMC::computeControls, t = 1.7563
[2023-08-15 22:44:13.273] [info] CMC::computeControls, t = 1.7573
[2023-08-15 22:44:13.301] [info] CMC::computeControls, t = 1.7583
[2023-08-15 22:44:13.327] [info] CMC::computeControls, t = 1.7593
[2023-08-15 22:44:13.347] [info] CMC::computeControls, t = 1.76030
[2023-08-15 22:44:13.370] [info] CMC::computeControls, t = 1.7613
[2023-08-15 22:44:13.386] [info] CMC::computeControls, t = 1.7623
[2023-08-15 22:44:13.404] [info] CMC::computeControls, t = 1.7633
[2023-08-15 22:44:13.433] [info] CMC::computeControls, t = 1.7643
[2023-08-15 22:44:13.454] [info] CMC::computeControls, t = 1.7653
[2023-08-15 22:44:13.474] [info] CMC::computeControls, t = 1.7663
[2023-08-15 22:44:13.528] [info] CMC::computeControls, t = 1.7673
[2023-08-15 22:44:13.572] [info] CMC::computeControls, t = 1.7683
[2023-08-15 22:44:13.604] [info] CMC::computeControls, t = 1.7693
[2023-08-15 22:44:13.628] [info] CMC::computeControls, t = 1.77030
[2023-08-15 22:44:13.664] [info] CMC::computeControls, t = 1.7713
[2023-08-15 22:44:13.697] [info] CMC::computeControls, t = 1.7723
[2023-08-15 22:44:13.718] [info] CMC::computeControls, t = 1.7733
[2023-08-15 22:44:13.743] [info] CMC::computeControls, t = 1.7743
[2023-08-15 22:44:13.771] [info] CMC::computeControls, t = 1.7753
[2023-08-15 22:44:13.806] [info] CMC::computeControls, t = 1.7763
[2023-08-15 22:44:13.826] [info] CMC::computeControls, t = 1.7773
[2023-08-15 22:44:13.857] [info] CMC::computeControls, t = 1.7783
[2023-08-15 22:44:13.888] [info] CMC::computeControls, t = 1.7793
[2023-08-15 22:44:13.906] [info] CMC::computeControls, t = 1.78030
[2023-08-15 22:44:13.922] [info] CMC::computeControls, t = 1.7813
[2023-08-15 22:44:13.942] [info] CMC::computeControls, t = 1.7823
[2023-08-15 22:44:13.958] [info] CMC::computeControls, t = 1.7833
[2023-08-15 22:44:13.992] [info] CMC::computeControls, t = 1.7843
[2023-08-15 22:44:14.014] [info] CMC::computeControls, t = 1.7853
[2023-08-15 22:44:14.037] [info] CMC::computeControls, t = 1.7863
[2023-08-15 22:44:14.055] [info] CMC::computeControls, t = 1.7873
[2023-08-15 22:44:14.082] [info] CMC::computeControls, t = 1.7883
[2023-08-15 22:44:14.103] [info] CMC::computeControls, t = 1.7893
[2023-08-15 22:44:14.125] [info] CMC::computeControls, t = 1.79030
[2023-08-15 22:44:14.143] [info] CMC::computeControls, t = 1.7913
[2023-08-15 22:44:14.168] [info] CMC::computeControls, t = 1.7923
[2023-08-15 22:44:14.200] [info] CMC::computeControls, t = 1.7933
[2023-08-15 22:44:14.218] [info] CMC::computeControls, t = 1.7943
[2023-08-15 22:44:14.234] [info] CMC::computeControls, t = 1.7953
[2023-08-15 22:44:14.260] [info] CMC::computeControls, t = 1.7963
[2023-08-15 22:44:14.283] [info] CMC::computeControls, t = 1.7973
[2023-08-15 22:44:14.323] [info] CMC::computeControls, t = 1.7983
[2023-08-15 22:44:14.344] [info] CMC::computeControls, t = 1.7993
[2023-08-15 22:44:14.385] [info] CMC::computeControls, t = 1.80030
[2023-08-15 22:44:14.425] [info] CMC::computeControls, t = 1.80130
[2023-08-15 22:44:14.454] [info] CMC::computeControls, t = 1.80230
[2023-08-15 22:44:14.479] [info] CMC::computeControls, t = 1.80330
[2023-08-15 22:44:14.499] [info] CMC::computeControls, t = 1.80430
[2023-08-15 22:44:14.527] [info] CMC::computeControls, t = 1.80530
[2023-08-15 22:44:14.556] [info] CMC::computeControls, t = 1.80630
[2023-08-15 22:44:14.585] [info] CMC::computeControls, t = 1.80730
[2023-08-15 22:44:14.620] [info] CMC::computeControls, t = 1.80830
[2023-08-15 22:44:14.642] [info] CMC::computeControls, t = 1.80930
[2023-08-15 22:44:14.658] [info] CMC::computeControls, t = 1.81030
[2023-08-15 22:44:14.678] [info] CMC::computeControls, t = 1.8113
[2023-08-15 22:44:14.699] [info] CMC::computeControls, t = 1.8123
[2023-08-15 22:44:14.716] [info] CMC::computeControls, t = 1.8133
[2023-08-15 22:44:14.733] [info] CMC::computeControls, t = 1.8143
[2023-08-15 22:44:14.757] [info] CMC::computeControls, t = 1.8153
[2023-08-15 22:44:14.779] [info] CMC::computeControls, t = 1.8163
[2023-08-15 22:44:14.810] [info] CMC::computeControls, t = 1.8173
[2023-08-15 22:44:14.848] [info] CMC::computeControls, t = 1.8183
[2023-08-15 22:44:14.881] [info] CMC::computeControls, t = 1.8193
[2023-08-15 22:44:14.913] [info] CMC::computeControls, t = 1.82030
[2023-08-15 22:44:14.929] [info] CMC::computeControls, t = 1.8213
[2023-08-15 22:44:14.952] [info] CMC::computeControls, t = 1.8223
[2023-08-15 22:44:14.988] [info] CMC::computeControls, t = 1.8233
[2023-08-15 22:44:15.018] [info] CMC::computeControls, t = 1.8243
[2023-08-15 22:44:15.034] [info] CMC::computeControls, t = 1.8253
[2023-08-15 22:44:15.060] [info] CMC::computeControls, t = 1.8263
[2023-08-15 22:44:15.097] [info] CMC::computeControls, t = 1.8273
[2023-08-15 22:44:15.116] [info] CMC::computeControls, t = 1.8283
[2023-08-15 22:44:15.152] [info] CMC::computeControls, t = 1.8293
[2023-08-15 22:44:15.187] [info] CMC::computeControls, t = 1.83030
[2023-08-15 22:44:15.209] [info] CMC::computeControls, t = 1.8313
[2023-08-15 22:44:15.225] [info] CMC::computeControls, t = 1.8323
[2023-08-15 22:44:15.244] [info] CMC::computeControls, t = 1.8333
[2023-08-15 22:44:15.263] [info] CMC::computeControls, t = 1.8343
[2023-08-15 22:44:15.283] [info] CMC::computeControls, t = 1.8353
[2023-08-15 22:44:15.302] [info] CMC::computeControls, t = 1.8363
[2023-08-15 22:44:15.328] [info] CMC::computeControls, t = 1.8373
[2023-08-15 22:44:15.354] [info] CMC::computeControls, t = 1.8383
[2023-08-15 22:44:15.382] [info] CMC::computeControls, t = 1.8393
[2023-08-15 22:44:15.409] [info] CMC::computeControls, t = 1.84030
[2023-08-15 22:44:15.432] [info] CMC::computeControls, t = 1.8413
[2023-08-15 22:44:15.453] [info] CMC::computeControls, t = 1.8423
[2023-08-15 22:44:15.483] [info] CMC::computeControls, t = 1.8433
[2023-08-15 22:44:15.513] [info] CMC::computeControls, t = 1.8443
[2023-08-15 22:44:15.542] [info] CMC::computeControls, t = 1.8453
[2023-08-15 22:44:15.573] [info] CMC::computeControls, t = 1.8463
[2023-08-15 22:44:15.606] [info] CMC::computeControls, t = 1.8473
[2023-08-15 22:44:15.642] [info] CMC::computeControls, t = 1.8483
[2023-08-15 22:44:15.670] [info] CMC::computeControls, t = 1.8493
[2023-08-15 22:44:15.686] [info] CMC::computeControls, t = 1.85030
[2023-08-15 22:44:15.719] [info] CMC::computeControls, t = 1.8513
[2023-08-15 22:44:15.734] [info] CMC::computeControls, t = 1.8523
[2023-08-15 22:44:15.754] [info] CMC::computeControls, t = 1.8533
[2023-08-15 22:44:15.773] [info] CMC::computeControls, t = 1.8543
[2023-08-15 22:44:15.804] [info] CMC::computeControls, t = 1.8553
[2023-08-15 22:44:15.830] [info] CMC::computeControls, t = 1.8563
[2023-08-15 22:44:15.854] [info] CMC::computeControls, t = 1.8573
[2023-08-15 22:44:15.879] [info] CMC::computeControls, t = 1.8583
[2023-08-15 22:44:15.899] [info] CMC::computeControls, t = 1.8593
[2023-08-15 22:44:15.923] [info] CMC::computeControls, t = 1.86030
[2023-08-15 22:44:15.942] [info] CMC::computeControls, t = 1.8613
[2023-08-15 22:44:15.965] [info] CMC::computeControls, t = 1.8623
[2023-08-15 22:44:15.990] [info] CMC::computeControls, t = 1.8633
[2023-08-15 22:44:16.013] [info] CMC::computeControls, t = 1.8643
[2023-08-15 22:44:16.029] [info] CMC::computeControls, t = 1.8653
[2023-08-15 22:44:16.063] [info] CMC::computeControls, t = 1.8663
[2023-08-15 22:44:16.094] [info] CMC::computeControls, t = 1.8673
[2023-08-15 22:44:16.112] [info] CMC::computeControls, t = 1.8683
[2023-08-15 22:44:16.133] [info] CMC::computeControls, t = 1.8693
[2023-08-15 22:44:16.162] [info] CMC::computeControls, t = 1.87030
[2023-08-15 22:44:16.188] [info] CMC::computeControls, t = 1.8713
[2023-08-15 22:44:16.215] [info] CMC::computeControls, t = 1.8723
[2023-08-15 22:44:16.242] [info] CMC::computeControls, t = 1.8733
[2023-08-15 22:44:16.260] [info] CMC::computeControls, t = 1.8743
[2023-08-15 22:44:16.275] [info] CMC::computeControls, t = 1.8753
[2023-08-15 22:44:16.310] [info] CMC::computeControls, t = 1.8763
[2023-08-15 22:44:16.337] [info] CMC::computeControls, t = 1.8773
[2023-08-15 22:44:16.353] [info] CMC::computeControls, t = 1.8783
[2023-08-15 22:44:16.371] [info] CMC::computeControls, t = 1.8793
[2023-08-15 22:44:16.387] [info] CMC::computeControls, t = 1.88030
[2023-08-15 22:44:16.416] [info] CMC::computeControls, t = 1.8813
[2023-08-15 22:44:16.435] [info] CMC::computeControls, t = 1.8823
[2023-08-15 22:44:16.455] [info] CMC::computeControls, t = 1.8833
[2023-08-15 22:44:16.471] [info] CMC::computeControls, t = 1.8843
[2023-08-15 22:44:16.487] [info] CMC::computeControls, t = 1.8853
[2023-08-15 22:44:16.519] [info] CMC::computeControls, t = 1.8863
[2023-08-15 22:44:16.538] [info] CMC::computeControls, t = 1.8873
[2023-08-15 22:44:16.561] [info] CMC::computeControls, t = 1.8883
[2023-08-15 22:44:16.581] [info] CMC::computeControls, t = 1.8893
[2023-08-15 22:44:16.609] [info] CMC::computeControls, t = 1.89030
[2023-08-15 22:44:16.638] [info] CMC::computeControls, t = 1.8913
[2023-08-15 22:44:16.664] [info] CMC::computeControls, t = 1.8923
[2023-08-15 22:44:16.693] [info] CMC::computeControls, t = 1.8933
[2023-08-15 22:44:16.716] [info] CMC::computeControls, t = 1.8943
[2023-08-15 22:44:16.751] [info] CMC::computeControls, t = 1.8953
[2023-08-15 22:44:16.777] [info] CMC::computeControls, t = 1.8963
[2023-08-15 22:44:16.813] [info] CMC::computeControls, t = 1.8973
[2023-08-15 22:44:16.854] [info] -------------------------------------------
[2023-08-15 22:44:16.855] [info] Finished tracking the specified kinematics:
[2023-08-15 22:44:16.855] [info] -------------------------------------------
[2023-08-15 22:44:16.855] [info]  -- Start time = Tue Aug 15 22:44:01 2023
[2023-08-15 22:44:16.855] [info]  -- Finish time = Tue Aug 15 22:44:16 2023
[2023-08-15 22:44:16.855] [info]  -- Elapsed time = 15.0 seconds.
[2023-08-15 22:44:16.855] [info] -------------------------------------------
[2023-08-15 22:44:16.855] [info] 
[2023-08-15 22:44:16.855] [info] Printing results of investigation subject20_run5_cycle3_iter1 to cycle3/
[2023-08-15 22:44:17.590] [info] 

************************************************************
*      Summary of Mass Adjustments to Reduce Residuals     *
************************************************************
* Body adjusted: torso
* Mass Center (COM) adjustment: dx =-0.1, dz =0.0104806
* New COM location: ~[0.0721738,0.296813,-0.0104806]
************************************************************
* Recommended mass adjustments:                             
*  Total mass change: 1.83417
*  pelvis: orig mass = 10.5255, new mass = 10.8129
*  femur_r: orig mass = 8.31296, new mass = 8.53993
*  tibia_r: orig mass = 3.31351, new mass = 3.40398
*  talus_r: orig mass = 0.0893732, new mass = 0.0918134
*  calcn_r: orig mass = 1.11717, new mass = 1.14767
*  toes_r: orig mass = 0.193582, new mass = 0.198868
*  femur_l: orig mass = 8.31296, new mass = 8.53993
*  tibia_l: orig mass = 3.31351, new mass = 3.40398
*  talus_l: orig mass = 0.0893732, new mass = 0.0918134
*  calcn_l: orig mass = 1.11717, new mass = 1.14767
*  toes_l: orig mass = 0.193582, new mass = 0.198868
*  torso: orig mass = 23.9758, new mass = 24.6304
*  humerus_r: orig mass = 1.81651, new mass = 1.86611
*  ulna_r: orig mass = 0.542942, new mass = 0.557767
*  radius_r: orig mass = 0.542942, new mass = 0.557767
*  hand_r: orig mass = 0.408883, new mass = 0.420046
*  humerus_l: orig mass = 1.81651, new mass = 1.86611
*  ulna_l: orig mass = 0.542942, new mass = 0.557767
*  radius_l: orig mass = 0.542942, new mass = 0.557767
*  hand_l: orig mass = 0.408883, new mass = 0.420046
************************************************************
* Note: Edit the model to make recommended adjustments to  *
*       mass properties.                                   *
************************************************************

* Average residuals before adjusting torso COM:
*  FX=-6.08788 FY=-17.987 FZ=-0.662978
*  MX=-2.46421 MY=4.70023 MZ=-23.7967
************************************************************
* Average residuals after adjusting torso COM:
*  FX=-5.33764 FY=-17.1776 FZ=-4.76866
*  MX=-6.20231 MY=8.17428 MZ=-1.93512
************************************************************


[2023-08-15 22:44:17.590] [info] 
************************************************************
*                   Final Average Residuals                *
************************************************************
* After torso COM and Kinematics adjustments:
*  FX=8.64356 FY=-6.59465 FZ=3.69166
*  MX=-9.61236 MY=-4.71255 MZ=12.9161
************************************************************


