[2023-08-15 22:12:32.158] [info] Storage: read data file = ..\rra2\cycle1\subject04_run5_cycle1_iter2_Kinematics_q.sto (nr=676 nc=38)
[2023-08-15 22:12:32.195] [info] Storage: read data file = ..\rra2\cycle1\subject04_run5_cycle1_iter2_Kinematics_q.sto (nr=676 nc=38)
[2023-08-15 22:12:32.228] [info] AbstractTool subject04_run5_cycle1_iter3 loading model ..\rra2\cycle1\subject04_run5_cycle1_rraAdjusted_iter2.osim
[2023-08-15 22:12:32.272] [info] Loaded model subject04_scaled from file ..\rra2\cycle1\subject04_run5_cycle1_rraAdjusted_iter2.osim
[2023-08-15 22:12:32.340] [info] Adding force object set from ..\subject04_run5_RRA_Actuators.xml
[2023-08-15 22:12:32.348] [info] Running tool subject04_run5_cycle1_iter3.
[2023-08-15 22:12:32.373] [warning] ExternalLoads 'externalloads' has subcomponents with duplicate name 'externalforce'. The duplicate is being renamed to 'externalforce_0'.
[2023-08-15 22:12:32.385] [info] 	taskSet size = 29.
[2023-08-15 22:12:32.527] [info] ExternalForce::externalforce Data source being set to Run_500 04_newCOP3_v24.mot
[2023-08-15 22:12:32.527] [info] ExternalForce::externalforce_0 Data source being set to Run_500 04_newCOP3_v24.mot
[2023-08-15 22:12:32.541] [warning] A desired points file was not specified.
[2023-08-15 22:12:32.541] [info] Loading desired kinematics from file '..\rra2\cycle1\subject04_run5_cycle1_iter2_Kinematics_q.sto'...
[2023-08-15 22:12:32.541] [info] Storage: read data file = ..\rra2\cycle1\subject04_run5_cycle1_iter2_Kinematics_q.sto (nr=676 nc=38)
[2023-08-15 22:12:32.575] [info] Not filtering the desired kinematics.
[2023-08-15 22:12:32.576] [cout] [info] MODEL: subject04_scaled

numStates = 74
numCoordinates = 37
numSpeeds = 37
numActuators = 29
numBodies = 20
numConstraints = 0
numProbes = 0

ANALYSES (total: 0)

BODIES (total: 20)
body[0] = pelvis. mass: 12.7502
              moments of inertia:  ~[0.136614,0.136614,0.0719522]
              products of inertia: ~[0,0,0]
body[1] = femur_r. mass: 10.0701
              moments of inertia:  ~[0.163733,0.0429204,0.17266]
              products of inertia: ~[0,0,0]
body[2] = tibia_r. mass: 4.0139
              moments of inertia:  ~[0.0559152,0.00548772,0.0559152]
              products of inertia: ~[0,0,0]
body[3] = talus_r. mass: 0.108265
              moments of inertia:  ~[0.00128643,0.00128643,0.00128643]
              products of inertia: ~[0,0,0]
body[4] = calcn_r. mass: 1.3533
              moments of inertia:  ~[0.00180101,0.00501709,0.00527437]
              products of inertia: ~[0,0,0]
body[5] = toes_r. mass: 0.234501
              moments of inertia:  ~[0.000128643,0.000257286,0.00128643]
              products of inertia: ~[0,0,0]
body[6] = femur_l. mass: 10.0701
              moments of inertia:  ~[0.163733,0.0429204,0.17266]
              products of inertia: ~[0,0,0]
body[7] = tibia_l. mass: 4.0139
              moments of inertia:  ~[0.0559152,0.00548772,0.0559152]
              products of inertia: ~[0,0,0]
body[8] = talus_l. mass: 0.108265
              moments of inertia:  ~[0.00128643,0.00128643,0.00128643]
              products of inertia: ~[0,0,0]
body[9] = calcn_l. mass: 1.3533
              moments of inertia:  ~[0.00180101,0.00501709,0.00527437]
              products of inertia: ~[0,0,0]
body[10] = toes_l. mass: 0.234501
              moments of inertia:  ~[0.000128643,0.000257286,0.00128643]
              products of inertia: ~[0,0,0]
body[11] = torso. mass: 29.0436
              moments of inertia:  ~[1.85026,0.948032,1.79618]
              products of inertia: ~[0,0,0]
body[12] = humerus_r. mass: 2.20047
              moments of inertia:  ~[0.0130105,0.00448823,0.0146039]
              products of inertia: ~[0,0,0]
body[13] = ulna_r. mass: 0.657705
              moments of inertia:  ~[0.00363471,0.000758357,0.00394272]
              products of inertia: ~[0,0,0]
body[14] = radius_r. mass: 0.657705
              moments of inertia:  ~[0.00363471,0.000758357,0.00394272]
              products of inertia: ~[0,0,0]
body[15] = hand_r. mass: 0.495309
              moments of inertia:  ~[0.00109459,0.000671231,0.00164433]
              products of inertia: ~[0,0,0]
body[16] = humerus_l. mass: 2.20047
              moments of inertia:  ~[0.0130105,0.00448823,0.0146039]
              products of inertia: ~[0,0,0]
body[17] = ulna_l. mass: 0.657705
              moments of inertia:  ~[0.00363471,0.000758357,0.00394272]
              products of inertia: ~[0,0,0]
body[18] = radius_l. mass: 0.657705
              moments of inertia:  ~[0.00363471,0.000758357,0.00394272]
              products of inertia: ~[0,0,0]
body[19] = hand_l. mass: 0.495309
              moments of inertia:  ~[0.00109459,0.000671231,0.00164433]
              products of inertia: ~[0,0,0]

JOINTS (total: 20)
joint[0] = ground_pelvis. parent: ground_offset, child: pelvis_offset
joint[1] = hip_r. parent: pelvis_offset, child: femur_r_offset
joint[2] = knee_r. parent: femur_r_offset, child: tibia_r_offset
joint[3] = ankle_r. parent: tibia_r_offset, child: talus_r_offset
joint[4] = subtalar_r. parent: talus_r_offset, child: calcn_r_offset
joint[5] = mtp_r. parent: calcn_r_offset, child: toes_r_offset
joint[6] = hip_l. parent: pelvis_offset, child: femur_l_offset
joint[7] = knee_l. parent: femur_l_offset, child: tibia_l_offset
joint[8] = ankle_l. parent: tibia_l_offset, child: talus_l_offset
joint[9] = subtalar_l. parent: talus_l_offset, child: calcn_l_offset
joint[10] = mtp_l. parent: calcn_l_offset, child: toes_l_offset
joint[11] = back. parent: pelvis_offset, child: torso_offset
joint[12] = acromial_r. parent: torso_offset, child: humerus_r_offset
joint[13] = elbow_r. parent: humerus_r_offset, child: ulna_r_offset
joint[14] = radioulnar_r. parent: ulna_r_offset, child: radius_r_offset
joint[15] = radius_hand_r. parent: radius_r_offset, child: hand_r_offset
joint[16] = acromial_l. parent: torso_offset, child: humerus_l_offset
joint[17] = elbow_l. parent: humerus_l_offset, child: ulna_l_offset
joint[18] = radioulnar_l. parent: ulna_l_offset, child: radius_l_offset
joint[19] = radius_hand_l. parent: radius_l_offset, child: hand_l_offset

ACTUATORS (total: 29)
actuator[0] = FX
actuator[1] = FY
actuator[2] = FZ
actuator[3] = MZ
actuator[4] = MX
actuator[5] = MY
actuator[6] = hip_flexion_r
actuator[7] = hip_adduction_r
actuator[8] = hip_rotation_r
actuator[9] = knee_angle_r
actuator[10] = ankle_angle_r
actuator[11] = hip_flexion_l
actuator[12] = hip_adduction_l
actuator[13] = hip_rotation_l
actuator[14] = knee_angle_l
actuator[15] = ankle_angle_l
actuator[16] = lumbar_extension
actuator[17] = lumbar_bending
actuator[18] = lumbar_rotation
actuator[19] = arm_flex_r
actuator[20] = arm_add_r
actuator[21] = arm_rot_r
actuator[22] = elbow_flex_r
actuator[23] = pro_sup_r
actuator[24] = arm_flex_l
actuator[25] = arm_add_l
actuator[26] = arm_rot_l
actuator[27] = elbow_flex_l
actuator[28] = pro_sup_l

STATES (total: 74)
y[0] = /jointset/ground_pelvis/pelvis_tilt/value
y[1] = /jointset/ground_pelvis/pelvis_tilt/speed
y[2] = /jointset/ground_pelvis/pelvis_list/value
y[3] = /jointset/ground_pelvis/pelvis_list/speed
y[4] = /jointset/ground_pelvis/pelvis_rotation/value
y[5] = /jointset/ground_pelvis/pelvis_rotation/speed
y[6] = /jointset/ground_pelvis/pelvis_tx/value
y[7] = /jointset/ground_pelvis/pelvis_tx/speed
y[8] = /jointset/ground_pelvis/pelvis_ty/value
y[9] = /jointset/ground_pelvis/pelvis_ty/speed
y[10] = /jointset/ground_pelvis/pelvis_tz/value
y[11] = /jointset/ground_pelvis/pelvis_tz/speed
y[12] = /jointset/hip_r/hip_flexion_r/value
y[13] = /jointset/hip_r/hip_flexion_r/speed
y[14] = /jointset/hip_r/hip_adduction_r/value
y[15] = /jointset/hip_r/hip_adduction_r/speed
y[16] = /jointset/hip_r/hip_rotation_r/value
y[17] = /jointset/hip_r/hip_rotation_r/speed
y[18] = /jointset/knee_r/knee_angle_r/value
y[19] = /jointset/knee_r/knee_angle_r/speed
y[20] = /jointset/ankle_r/ankle_angle_r/value
y[21] = /jointset/ankle_r/ankle_angle_r/speed
y[22] = /jointset/subtalar_r/subtalar_angle_r/value
y[23] = /jointset/subtalar_r/subtalar_angle_r/speed
y[24] = /jointset/mtp_r/mtp_angle_r/value
y[25] = /jointset/mtp_r/mtp_angle_r/speed
y[26] = /jointset/hip_l/hip_flexion_l/value
y[27] = /jointset/hip_l/hip_flexion_l/speed
y[28] = /jointset/hip_l/hip_adduction_l/value
y[29] = /jointset/hip_l/hip_adduction_l/speed
y[30] = /jointset/hip_l/hip_rotation_l/value
y[31] = /jointset/hip_l/hip_rotation_l/speed
y[32] = /jointset/knee_l/knee_angle_l/value
y[33] = /jointset/knee_l/knee_angle_l/speed
y[34] = /jointset/ankle_l/ankle_angle_l/value
y[35] = /jointset/ankle_l/ankle_angle_l/speed
y[36] = /jointset/subtalar_l/subtalar_angle_l/value
y[37] = /jointset/subtalar_l/subtalar_angle_l/speed
y[38] = /jointset/mtp_l/mtp_angle_l/value
y[39] = /jointset/mtp_l/mtp_angle_l/speed
y[40] = /jointset/back/lumbar_extension/value
y[41] = /jointset/back/lumbar_extension/speed
y[42] = /jointset/back/lumbar_bending/value
y[43] = /jointset/back/lumbar_bending/speed
y[44] = /jointset/back/lumbar_rotation/value
y[45] = /jointset/back/lumbar_rotation/speed
y[46] = /jointset/acromial_r/arm_flex_r/value
y[47] = /jointset/acromial_r/arm_flex_r/speed
y[48] = /jointset/acromial_r/arm_add_r/value
y[49] = /jointset/acromial_r/arm_add_r/speed
y[50] = /jointset/acromial_r/arm_rot_r/value
y[51] = /jointset/acromial_r/arm_rot_r/speed
y[52] = /jointset/elbow_r/elbow_flex_r/value
y[53] = /jointset/elbow_r/elbow_flex_r/speed
y[54] = /jointset/radioulnar_r/pro_sup_r/value
y[55] = /jointset/radioulnar_r/pro_sup_r/speed
y[56] = /jointset/radius_hand_r/wrist_flex_r/value
y[57] = /jointset/radius_hand_r/wrist_flex_r/speed
y[58] = /jointset/radius_hand_r/wrist_dev_r/value
y[59] = /jointset/radius_hand_r/wrist_dev_r/speed
y[60] = /jointset/acromial_l/arm_flex_l/value
y[61] = /jointset/acromial_l/arm_flex_l/speed
y[62] = /jointset/acromial_l/arm_add_l/value
y[63] = /jointset/acromial_l/arm_add_l/speed
y[64] = /jointset/acromial_l/arm_rot_l/value
y[65] = /jointset/acromial_l/arm_rot_l/speed
y[66] = /jointset/elbow_l/elbow_flex_l/value
y[67] = /jointset/elbow_l/elbow_flex_l/speed
y[68] = /jointset/radioulnar_l/pro_sup_l/value
y[69] = /jointset/radioulnar_l/pro_sup_l/speed
y[70] = /jointset/radius_hand_l/wrist_flex_l/value
y[71] = /jointset/radius_hand_l/wrist_flex_l/speed
y[72] = /jointset/radius_hand_l/wrist_dev_l/value
y[73] = /jointset/radius_hand_l/wrist_dev_l/speed

[2023-08-15 22:12:32.968] [warning] Coordinate.setValue:  coordinate subtalar_angle_r is locked. Unable to change its value.
[2023-08-15 22:12:32.968] [warning] Coordinate.setValue:  coordinate mtp_angle_r is locked. Unable to change its value.
[2023-08-15 22:12:32.969] [warning] Coordinate.setValue:  coordinate subtalar_angle_l is locked. Unable to change its value.
[2023-08-15 22:12:32.969] [warning] Coordinate.setValue:  coordinate mtp_angle_l is locked. Unable to change its value.
[2023-08-15 22:12:32.969] [warning] Coordinate.setValue:  coordinate wrist_flex_r is locked. Unable to change its value.
[2023-08-15 22:12:32.969] [warning] Coordinate.setValue:  coordinate wrist_dev_r is locked. Unable to change its value.
[2023-08-15 22:12:32.969] [warning] Coordinate.setValue:  coordinate wrist_flex_l is locked. Unable to change its value.
[2023-08-15 22:12:32.969] [warning] Coordinate.setValue:  coordinate wrist_dev_l is locked. Unable to change its value.
[2023-08-15 22:12:33.046] [info] Requested COM adjustment time range 0.2545 to 0.877, clamped to nearest available data times: 0.2545 to 0.877.
[2023-08-15 22:12:33.046] [info] Computing average residuals between 0.2545 and 0.877...
[2023-08-15 22:12:33.151] [info] ExternalForce::externalforce Data source being set to Run_500 04_newCOP3_v24.mot
[2023-08-15 22:12:33.151] [info] ExternalForce::externalforce_0 Data source being set to Run_500 04_newCOP3_v24.mot
[2023-08-15 22:12:33.267] [info] ExternalForce::externalforce Data source being set to Run_500 04_newCOP3_v24.mot
[2023-08-15 22:12:33.267] [info] ExternalForce::externalforce_0 Data source being set to Run_500 04_newCOP3_v24.mot
[2023-08-15 22:12:37.678] [info] ExternalForce::externalforce Data source being set to Run_500 04_newCOP3_v24.mot
[2023-08-15 22:12:37.678] [info] ExternalForce::externalforce_0 Data source being set to Run_500 04_newCOP3_v24.mot
[2023-08-15 22:12:37.686] [info] Computing average residuals between 0.2545 and 0.877...
[2023-08-15 22:12:37.840] [info] ExternalForce::externalforce Data source being set to Run_500 04_newCOP3_v24.mot
[2023-08-15 22:12:37.840] [info] ExternalForce::externalforce_0 Data source being set to Run_500 04_newCOP3_v24.mot
[2023-08-15 22:12:37.960] [info] ExternalForce::externalforce Data source being set to Run_500 04_newCOP3_v24.mot
[2023-08-15 22:12:37.960] [info] ExternalForce::externalforce_0 Data source being set to Run_500 04_newCOP3_v24.mot
[2023-08-15 22:12:42.587] [info] Constructing function set for tracking desired kinematics...
[2023-08-15 22:12:43.470] [warning] No Actuation analysis found in analysis set, adding one...
[2023-08-15 22:12:43.471] [warning] No Kinematics analysis found in analysis set, adding one...
[2023-08-15 22:12:43.473] [info] Using the generalized coordinates specified in '..\rra2\cycle1\subject04_run5_cycle1_iter2_Kinematics_q.sto' to set the initial configuration.
[2023-08-15 22:12:43.659] [info] Using IPOPT optimizer algorithm.
[2023-08-15 22:12:43.659] [info] Setting optimizer print level to 0.
[2023-08-15 22:12:43.659] [info] Setting optimizer convergence tolerance to 1.0e-05.
[2023-08-15 22:12:43.659] [info] Setting optimizer maximum iterations to 2000.
[2023-08-15 22:12:43.659] [info] Setting cmc controller to not use verbose printing.

[2023-08-15 22:12:43.660] [info] CMC::computeControls, t = 0.2545
[2023-08-15 22:12:45.108] [info] --------------------------------------------
[2023-08-15 22:12:45.108] [info] Using CMC to track the specified kinematics:
[2023-08-15 22:12:45.108] [info] --------------------------------------------
[2023-08-15 22:12:45.108] [info]  -- Integrating from 0.2545 to 0.877
[2023-08-15 22:12:45.108] [info]  -- Start time = Tue Aug 15 22:12:45 2023
[2023-08-15 22:12:45.108] [info] --------------------------------------------
[2023-08-15 22:12:45.108] [info] 
[2023-08-15 22:12:45.112] [info] CMC::computeControls, t = 0.2545
[2023-08-15 22:12:45.144] [info] CMC::computeControls, t = 0.2555
[2023-08-15 22:12:45.144] [warning] Coordinate.setValue:  coordinate subtalar_angle_r is locked. Unable to change its value.
[2023-08-15 22:12:45.144] [warning] Coordinate.setValue:  coordinate mtp_angle_r is locked. Unable to change its value.
[2023-08-15 22:12:45.144] [warning] Coordinate.setValue:  coordinate subtalar_angle_l is locked. Unable to change its value.
[2023-08-15 22:12:45.144] [warning] Coordinate.setValue:  coordinate mtp_angle_l is locked. Unable to change its value.
[2023-08-15 22:12:45.144] [warning] Coordinate.setValue:  coordinate wrist_flex_r is locked. Unable to change its value.
[2023-08-15 22:12:45.144] [warning] Coordinate.setValue:  coordinate wrist_dev_r is locked. Unable to change its value.
[2023-08-15 22:12:45.144] [warning] Coordinate.setValue:  coordinate wrist_flex_l is locked. Unable to change its value.
[2023-08-15 22:12:45.144] [warning] Coordinate.setValue:  coordinate wrist_dev_l is locked. Unable to change its value.
[2023-08-15 22:12:45.169] [info] CMC::computeControls, t = 0.2565
[2023-08-15 22:12:45.195] [info] CMC::computeControls, t = 0.2575
[2023-08-15 22:12:45.217] [info] CMC::computeControls, t = 0.2585
[2023-08-15 22:12:45.236] [info] CMC::computeControls, t = 0.2595
[2023-08-15 22:12:45.252] [info] CMC::computeControls, t = 0.260500
[2023-08-15 22:12:45.269] [info] CMC::computeControls, t = 0.2615
[2023-08-15 22:12:45.295] [info] CMC::computeControls, t = 0.2625
[2023-08-15 22:12:45.320] [info] CMC::computeControls, t = 0.2635
[2023-08-15 22:12:45.346] [info] CMC::computeControls, t = 0.2645
[2023-08-15 22:12:45.375] [info] CMC::computeControls, t = 0.2655
[2023-08-15 22:12:45.399] [info] CMC::computeControls, t = 0.2665
[2023-08-15 22:12:45.414] [info] CMC::computeControls, t = 0.2675
[2023-08-15 22:12:45.440] [info] CMC::computeControls, t = 0.2685
[2023-08-15 22:12:45.465] [info] CMC::computeControls, t = 0.2695
[2023-08-15 22:12:45.490] [info] CMC::computeControls, t = 0.270500
[2023-08-15 22:12:45.519] [info] CMC::computeControls, t = 0.2715
[2023-08-15 22:12:45.547] [info] CMC::computeControls, t = 0.2725
[2023-08-15 22:12:45.583] [info] CMC::computeControls, t = 0.2735
[2023-08-15 22:12:45.612] [info] CMC::computeControls, t = 0.2745
[2023-08-15 22:12:45.628] [info] CMC::computeControls, t = 0.2755
[2023-08-15 22:12:45.646] [info] CMC::computeControls, t = 0.2765
[2023-08-15 22:12:45.674] [info] CMC::computeControls, t = 0.2775
[2023-08-15 22:12:45.698] [info] CMC::computeControls, t = 0.2785
[2023-08-15 22:12:45.729] [info] CMC::computeControls, t = 0.2795
[2023-08-15 22:12:45.767] [info] CMC::computeControls, t = 0.280500
[2023-08-15 22:12:45.806] [info] CMC::computeControls, t = 0.2815
[2023-08-15 22:12:45.835] [info] CMC::computeControls, t = 0.2825
[2023-08-15 22:12:45.863] [info] CMC::computeControls, t = 0.2835
[2023-08-15 22:12:45.900] [info] CMC::computeControls, t = 0.2845
[2023-08-15 22:12:45.933] [info] CMC::computeControls, t = 0.2855
[2023-08-15 22:12:45.974] [info] CMC::computeControls, t = 0.2865
[2023-08-15 22:12:46.008] [info] CMC::computeControls, t = 0.2875
[2023-08-15 22:12:46.024] [info] CMC::computeControls, t = 0.2885
[2023-08-15 22:12:46.060] [info] CMC::computeControls, t = 0.2895
[2023-08-15 22:12:46.084] [info] CMC::computeControls, t = 0.290500
[2023-08-15 22:12:46.101] [info] CMC::computeControls, t = 0.2915
[2023-08-15 22:12:46.137] [info] CMC::computeControls, t = 0.2925
[2023-08-15 22:12:46.160] [info] CMC::computeControls, t = 0.2935
[2023-08-15 22:12:46.190] [info] CMC::computeControls, t = 0.2945
[2023-08-15 22:12:46.212] [info] CMC::computeControls, t = 0.2955
[2023-08-15 22:12:46.228] [info] CMC::computeControls, t = 0.2965
[2023-08-15 22:12:46.256] [info] CMC::computeControls, t = 0.2975
[2023-08-15 22:12:46.273] [info] CMC::computeControls, t = 0.2985
[2023-08-15 22:12:46.304] [info] CMC::computeControls, t = 0.2995
[2023-08-15 22:12:46.324] [info] CMC::computeControls, t = 0.300500
[2023-08-15 22:12:46.343] [info] CMC::computeControls, t = 0.301500
[2023-08-15 22:12:46.365] [info] CMC::computeControls, t = 0.302500
[2023-08-15 22:12:46.395] [info] CMC::computeControls, t = 0.303500
[2023-08-15 22:12:46.421] [info] CMC::computeControls, t = 0.304500
[2023-08-15 22:12:46.446] [info] CMC::computeControls, t = 0.305500
[2023-08-15 22:12:46.481] [info] CMC::computeControls, t = 0.306500
[2023-08-15 22:12:46.514] [info] CMC::computeControls, t = 0.307500
[2023-08-15 22:12:46.533] [info] CMC::computeControls, t = 0.308500
[2023-08-15 22:12:46.559] [info] CMC::computeControls, t = 0.309500
[2023-08-15 22:12:46.588] [info] CMC::computeControls, t = 0.310500
[2023-08-15 22:12:46.613] [info] CMC::computeControls, t = 0.3115
[2023-08-15 22:12:46.639] [info] CMC::computeControls, t = 0.3125
[2023-08-15 22:12:46.658] [info] CMC::computeControls, t = 0.3135
[2023-08-15 22:12:46.673] [info] CMC::computeControls, t = 0.3145
[2023-08-15 22:12:46.699] [info] CMC::computeControls, t = 0.3155
[2023-08-15 22:12:46.727] [info] CMC::computeControls, t = 0.3165
[2023-08-15 22:12:46.752] [info] CMC::computeControls, t = 0.3175
[2023-08-15 22:12:46.776] [info] CMC::computeControls, t = 0.3185
[2023-08-15 22:12:46.810] [info] CMC::computeControls, t = 0.3195
[2023-08-15 22:12:46.830] [info] CMC::computeControls, t = 0.320500
[2023-08-15 22:12:46.849] [info] CMC::computeControls, t = 0.3215
[2023-08-15 22:12:46.877] [info] CMC::computeControls, t = 0.3225
[2023-08-15 22:12:46.912] [info] CMC::computeControls, t = 0.3235
[2023-08-15 22:12:46.942] [info] CMC::computeControls, t = 0.3245
[2023-08-15 22:12:46.973] [info] CMC::computeControls, t = 0.3255
[2023-08-15 22:12:47.002] [info] CMC::computeControls, t = 0.3265
[2023-08-15 22:12:47.036] [info] CMC::computeControls, t = 0.3275
[2023-08-15 22:12:47.061] [info] CMC::computeControls, t = 0.3285
[2023-08-15 22:12:47.095] [info] CMC::computeControls, t = 0.3295
[2023-08-15 22:12:47.122] [info] CMC::computeControls, t = 0.330500
[2023-08-15 22:12:47.147] [info] CMC::computeControls, t = 0.3315
[2023-08-15 22:12:47.180] [info] CMC::computeControls, t = 0.3325
[2023-08-15 22:12:47.211] [info] CMC::computeControls, t = 0.3335
[2023-08-15 22:12:47.235] [info] CMC::computeControls, t = 0.3345
[2023-08-15 22:12:47.262] [info] CMC::computeControls, t = 0.3355
[2023-08-15 22:12:47.281] [info] CMC::computeControls, t = 0.3365
[2023-08-15 22:12:47.306] [info] CMC::computeControls, t = 0.3375
[2023-08-15 22:12:47.322] [info] CMC::computeControls, t = 0.3385
[2023-08-15 22:12:47.345] [info] CMC::computeControls, t = 0.3395
[2023-08-15 22:12:47.366] [info] CMC::computeControls, t = 0.340500
[2023-08-15 22:12:47.390] [info] CMC::computeControls, t = 0.3415
[2023-08-15 22:12:47.417] [info] CMC::computeControls, t = 0.3425
[2023-08-15 22:12:47.443] [info] CMC::computeControls, t = 0.3435
[2023-08-15 22:12:47.476] [info] CMC::computeControls, t = 0.3445
[2023-08-15 22:12:47.503] [info] CMC::computeControls, t = 0.3455
[2023-08-15 22:12:47.541] [info] CMC::computeControls, t = 0.3465
[2023-08-15 22:12:47.560] [info] CMC::computeControls, t = 0.3475
[2023-08-15 22:12:47.575] [info] CMC::computeControls, t = 0.3485
[2023-08-15 22:12:47.600] [info] CMC::computeControls, t = 0.3495
[2023-08-15 22:12:47.635] [info] CMC::computeControls, t = 0.350500
[2023-08-15 22:12:47.651] [info] CMC::computeControls, t = 0.3515
[2023-08-15 22:12:47.670] [info] CMC::computeControls, t = 0.3525
[2023-08-15 22:12:47.694] [info] CMC::computeControls, t = 0.3535
[2023-08-15 22:12:47.730] [info] CMC::computeControls, t = 0.3545
[2023-08-15 22:12:47.758] [info] CMC::computeControls, t = 0.3555
[2023-08-15 22:12:47.780] [info] CMC::computeControls, t = 0.3565
[2023-08-15 22:12:47.802] [info] CMC::computeControls, t = 0.3575
[2023-08-15 22:12:47.823] [info] CMC::computeControls, t = 0.3585
[2023-08-15 22:12:47.841] [info] CMC::computeControls, t = 0.3595
[2023-08-15 22:12:47.870] [info] CMC::computeControls, t = 0.360500
[2023-08-15 22:12:47.885] [info] CMC::computeControls, t = 0.3615
[2023-08-15 22:12:47.912] [info] CMC::computeControls, t = 0.3625
[2023-08-15 22:12:47.935] [info] CMC::computeControls, t = 0.3635
[2023-08-15 22:12:47.963] [info] CMC::computeControls, t = 0.3645
[2023-08-15 22:12:47.993] [info] CMC::computeControls, t = 0.3655
[2023-08-15 22:12:48.035] [info] CMC::computeControls, t = 0.3665
[2023-08-15 22:12:48.072] [info] CMC::computeControls, t = 0.3675
[2023-08-15 22:12:48.090] [info] CMC::computeControls, t = 0.3685
[2023-08-15 22:12:48.123] [info] CMC::computeControls, t = 0.3695
[2023-08-15 22:12:48.148] [info] CMC::computeControls, t = 0.370500
[2023-08-15 22:12:48.167] [info] CMC::computeControls, t = 0.3715
[2023-08-15 22:12:48.183] [info] CMC::computeControls, t = 0.3725
[2023-08-15 22:12:48.199] [info] CMC::computeControls, t = 0.3735
[2023-08-15 22:12:48.214] [info] CMC::computeControls, t = 0.3745
[2023-08-15 22:12:48.232] [info] CMC::computeControls, t = 0.3755
[2023-08-15 22:12:48.268] [info] CMC::computeControls, t = 0.3765
[2023-08-15 22:12:48.283] [info] CMC::computeControls, t = 0.3775
[2023-08-15 22:12:48.310] [info] CMC::computeControls, t = 0.3785
[2023-08-15 22:12:48.326] [info] CMC::computeControls, t = 0.3795
[2023-08-15 22:12:48.341] [info] CMC::computeControls, t = 0.380500
[2023-08-15 22:12:48.357] [info] CMC::computeControls, t = 0.3815
[2023-08-15 22:12:48.375] [info] CMC::computeControls, t = 0.3825
[2023-08-15 22:12:48.391] [info] CMC::computeControls, t = 0.3835
[2023-08-15 22:12:48.406] [info] CMC::computeControls, t = 0.3845
[2023-08-15 22:12:48.420] [info] CMC::computeControls, t = 0.3855
[2023-08-15 22:12:48.437] [info] CMC::computeControls, t = 0.3865
[2023-08-15 22:12:48.457] [info] CMC::computeControls, t = 0.3875
[2023-08-15 22:12:48.479] [info] CMC::computeControls, t = 0.3885
[2023-08-15 22:12:48.520] [info] CMC::computeControls, t = 0.3895
[2023-08-15 22:12:48.557] [info] CMC::computeControls, t = 0.390500
[2023-08-15 22:12:48.592] [info] CMC::computeControls, t = 0.3915
[2023-08-15 22:12:48.624] [info] CMC::computeControls, t = 0.3925
[2023-08-15 22:12:48.645] [info] CMC::computeControls, t = 0.3935
[2023-08-15 22:12:48.666] [info] CMC::computeControls, t = 0.3945
[2023-08-15 22:12:48.698] [info] CMC::computeControls, t = 0.3955
[2023-08-15 22:12:48.721] [info] CMC::computeControls, t = 0.3965
[2023-08-15 22:12:48.747] [info] CMC::computeControls, t = 0.3975
[2023-08-15 22:12:48.769] [info] CMC::computeControls, t = 0.3985
[2023-08-15 22:12:48.805] [info] CMC::computeControls, t = 0.3995
[2023-08-15 22:12:48.830] [info] CMC::computeControls, t = 0.400500
[2023-08-15 22:12:48.852] [info] CMC::computeControls, t = 0.401500
[2023-08-15 22:12:48.877] [info] CMC::computeControls, t = 0.402500
[2023-08-15 22:12:48.905] [info] CMC::computeControls, t = 0.403500
[2023-08-15 22:12:48.929] [info] CMC::computeControls, t = 0.404500
[2023-08-15 22:12:48.955] [info] CMC::computeControls, t = 0.405500
[2023-08-15 22:12:48.985] [info] CMC::computeControls, t = 0.406500
[2023-08-15 22:12:49.010] [info] CMC::computeControls, t = 0.407500
[2023-08-15 22:12:49.039] [info] CMC::computeControls, t = 0.408500
[2023-08-15 22:12:49.057] [info] CMC::computeControls, t = 0.409500
[2023-08-15 22:12:49.086] [info] CMC::computeControls, t = 0.410500
[2023-08-15 22:12:49.112] [info] CMC::computeControls, t = 0.4115
[2023-08-15 22:12:49.134] [info] CMC::computeControls, t = 0.4125
[2023-08-15 22:12:49.153] [info] CMC::computeControls, t = 0.4135
[2023-08-15 22:12:49.169] [info] CMC::computeControls, t = 0.4145
[2023-08-15 22:12:49.195] [info] CMC::computeControls, t = 0.4155
[2023-08-15 22:12:49.212] [info] CMC::computeControls, t = 0.4165
[2023-08-15 22:12:49.228] [info] CMC::computeControls, t = 0.4175
[2023-08-15 22:12:49.252] [info] CMC::computeControls, t = 0.4185
[2023-08-15 22:12:49.280] [info] CMC::computeControls, t = 0.4195
[2023-08-15 22:12:49.305] [info] CMC::computeControls, t = 0.420500
[2023-08-15 22:12:49.332] [info] CMC::computeControls, t = 0.4215
[2023-08-15 22:12:49.355] [info] CMC::computeControls, t = 0.4225
[2023-08-15 22:12:49.371] [info] CMC::computeControls, t = 0.4235
[2023-08-15 22:12:49.396] [info] CMC::computeControls, t = 0.4245
[2023-08-15 22:12:49.416] [info] CMC::computeControls, t = 0.4255
[2023-08-15 22:12:49.449] [info] CMC::computeControls, t = 0.4265
[2023-08-15 22:12:49.488] [info] CMC::computeControls, t = 0.4275
[2023-08-15 22:12:49.519] [info] CMC::computeControls, t = 0.4285
[2023-08-15 22:12:49.560] [info] CMC::computeControls, t = 0.4295
[2023-08-15 22:12:49.600] [info] CMC::computeControls, t = 0.430500
[2023-08-15 22:12:49.629] [info] CMC::computeControls, t = 0.4315
[2023-08-15 22:12:49.645] [info] CMC::computeControls, t = 0.4325
[2023-08-15 22:12:49.674] [info] CMC::computeControls, t = 0.4335
[2023-08-15 22:12:49.693] [info] CMC::computeControls, t = 0.4345
[2023-08-15 22:12:49.722] [info] CMC::computeControls, t = 0.4355
[2023-08-15 22:12:49.747] [info] CMC::computeControls, t = 0.4365
[2023-08-15 22:12:49.763] [info] CMC::computeControls, t = 0.4375
[2023-08-15 22:12:49.778] [info] CMC::computeControls, t = 0.4385
[2023-08-15 22:12:49.793] [info] CMC::computeControls, t = 0.4395
[2023-08-15 22:12:49.809] [info] CMC::computeControls, t = 0.440500
[2023-08-15 22:12:49.824] [info] CMC::computeControls, t = 0.4415
[2023-08-15 22:12:49.839] [info] CMC::computeControls, t = 0.4425
[2023-08-15 22:12:49.860] [info] CMC::computeControls, t = 0.4435
[2023-08-15 22:12:49.880] [info] CMC::computeControls, t = 0.4445
[2023-08-15 22:12:49.896] [info] CMC::computeControls, t = 0.4455
[2023-08-15 22:12:49.912] [info] CMC::computeControls, t = 0.4465
[2023-08-15 22:12:49.932] [info] CMC::computeControls, t = 0.4475
[2023-08-15 22:12:49.966] [info] CMC::computeControls, t = 0.4485
[2023-08-15 22:12:49.984] [info] CMC::computeControls, t = 0.4495
[2023-08-15 22:12:49.999] [info] CMC::computeControls, t = 0.450500
[2023-08-15 22:12:50.026] [info] CMC::computeControls, t = 0.4515
[2023-08-15 22:12:50.043] [info] CMC::computeControls, t = 0.4525
[2023-08-15 22:12:50.059] [info] CMC::computeControls, t = 0.4535
[2023-08-15 22:12:50.084] [info] CMC::computeControls, t = 0.4545
[2023-08-15 22:12:50.110] [info] CMC::computeControls, t = 0.4555
[2023-08-15 22:12:50.142] [info] CMC::computeControls, t = 0.4565
[2023-08-15 22:12:50.161] [info] CMC::computeControls, t = 0.4575
[2023-08-15 22:12:50.185] [info] CMC::computeControls, t = 0.4585
[2023-08-15 22:12:50.223] [info] CMC::computeControls, t = 0.4595
[2023-08-15 22:12:50.262] [info] CMC::computeControls, t = 0.460500
[2023-08-15 22:12:50.277] [info] CMC::computeControls, t = 0.4615
[2023-08-15 22:12:50.301] [info] CMC::computeControls, t = 0.4625
[2023-08-15 22:12:50.326] [info] CMC::computeControls, t = 0.4635
[2023-08-15 22:12:50.342] [info] CMC::computeControls, t = 0.4645
[2023-08-15 22:12:50.370] [info] CMC::computeControls, t = 0.4655
[2023-08-15 22:12:50.390] [info] CMC::computeControls, t = 0.4665
[2023-08-15 22:12:50.415] [info] CMC::computeControls, t = 0.4675
[2023-08-15 22:12:50.431] [info] CMC::computeControls, t = 0.4685
[2023-08-15 22:12:50.446] [info] CMC::computeControls, t = 0.4695
[2023-08-15 22:12:50.461] [info] CMC::computeControls, t = 0.470500
[2023-08-15 22:12:50.476] [info] CMC::computeControls, t = 0.4715
[2023-08-15 22:12:50.494] [info] CMC::computeControls, t = 0.4725
[2023-08-15 22:12:50.510] [info] CMC::computeControls, t = 0.4735
[2023-08-15 22:12:50.528] [info] CMC::computeControls, t = 0.4745
[2023-08-15 22:12:50.543] [info] CMC::computeControls, t = 0.4755
[2023-08-15 22:12:50.575] [info] CMC::computeControls, t = 0.4765
[2023-08-15 22:12:50.598] [info] CMC::computeControls, t = 0.4775
[2023-08-15 22:12:50.617] [info] CMC::computeControls, t = 0.4785
[2023-08-15 22:12:50.638] [info] CMC::computeControls, t = 0.4795
[2023-08-15 22:12:50.657] [info] CMC::computeControls, t = 0.480500
[2023-08-15 22:12:50.672] [info] CMC::computeControls, t = 0.4815
[2023-08-15 22:12:50.687] [info] CMC::computeControls, t = 0.4825
[2023-08-15 22:12:50.702] [info] CMC::computeControls, t = 0.4835
[2023-08-15 22:12:50.717] [info] CMC::computeControls, t = 0.4845
[2023-08-15 22:12:50.732] [info] CMC::computeControls, t = 0.4855
[2023-08-15 22:12:50.747] [info] CMC::computeControls, t = 0.4865
[2023-08-15 22:12:50.763] [info] CMC::computeControls, t = 0.4875
[2023-08-15 22:12:50.781] [info] CMC::computeControls, t = 0.4885
[2023-08-15 22:12:50.797] [info] CMC::computeControls, t = 0.4895
[2023-08-15 22:12:50.824] [info] CMC::computeControls, t = 0.490500
[2023-08-15 22:12:50.841] [info] CMC::computeControls, t = 0.4915
[2023-08-15 22:12:50.876] [info] CMC::computeControls, t = 0.4925
[2023-08-15 22:12:50.892] [info] CMC::computeControls, t = 0.4935
[2023-08-15 22:12:50.910] [info] CMC::computeControls, t = 0.4945
[2023-08-15 22:12:50.926] [info] CMC::computeControls, t = 0.4955
[2023-08-15 22:12:50.942] [info] CMC::computeControls, t = 0.4965
[2023-08-15 22:12:50.963] [info] CMC::computeControls, t = 0.4975
[2023-08-15 22:12:50.984] [info] CMC::computeControls, t = 0.4985
[2023-08-15 22:12:51.000] [info] CMC::computeControls, t = 0.4995
[2023-08-15 22:12:51.022] [info] CMC::computeControls, t = 0.500500
[2023-08-15 22:12:51.048] [info] CMC::computeControls, t = 0.501500
[2023-08-15 22:12:51.080] [info] CMC::computeControls, t = 0.502500
[2023-08-15 22:12:51.113] [info] CMC::computeControls, t = 0.503500
[2023-08-15 22:12:51.136] [info] CMC::computeControls, t = 0.504500
[2023-08-15 22:12:51.160] [info] CMC::computeControls, t = 0.505500
[2023-08-15 22:12:51.188] [info] CMC::computeControls, t = 0.506500
[2023-08-15 22:12:51.210] [info] CMC::computeControls, t = 0.507500
[2023-08-15 22:12:51.237] [info] CMC::computeControls, t = 0.508500
[2023-08-15 22:12:51.253] [info] CMC::computeControls, t = 0.509500
[2023-08-15 22:12:51.269] [info] CMC::computeControls, t = 0.510500
[2023-08-15 22:12:51.295] [info] CMC::computeControls, t = 0.5115
[2023-08-15 22:12:51.319] [info] CMC::computeControls, t = 0.5125
[2023-08-15 22:12:51.346] [info] CMC::computeControls, t = 0.5135
[2023-08-15 22:12:51.361] [info] CMC::computeControls, t = 0.5145
[2023-08-15 22:12:51.386] [info] CMC::computeControls, t = 0.5155
[2023-08-15 22:12:51.409] [info] CMC::computeControls, t = 0.5165
[2023-08-15 22:12:51.443] [info] CMC::computeControls, t = 0.5175
[2023-08-15 22:12:51.475] [info] CMC::computeControls, t = 0.5185
[2023-08-15 22:12:51.515] [info] CMC::computeControls, t = 0.5195
[2023-08-15 22:12:51.557] [info] CMC::computeControls, t = 0.520500
[2023-08-15 22:12:51.580] [info] CMC::computeControls, t = 0.5215
[2023-08-15 22:12:51.606] [info] CMC::computeControls, t = 0.5225
[2023-08-15 22:12:51.622] [info] CMC::computeControls, t = 0.5235
[2023-08-15 22:12:51.650] [info] CMC::computeControls, t = 0.5245
[2023-08-15 22:12:51.688] [info] CMC::computeControls, t = 0.5255
[2023-08-15 22:12:51.717] [info] CMC::computeControls, t = 0.5265
[2023-08-15 22:12:51.756] [info] CMC::computeControls, t = 0.5275
[2023-08-15 22:12:51.781] [info] CMC::computeControls, t = 0.5285
[2023-08-15 22:12:51.807] [info] CMC::computeControls, t = 0.5295
[2023-08-15 22:12:51.825] [info] CMC::computeControls, t = 0.530500
[2023-08-15 22:12:51.848] [info] CMC::computeControls, t = 0.5315
[2023-08-15 22:12:51.868] [info] CMC::computeControls, t = 0.5325
[2023-08-15 22:12:51.883] [info] CMC::computeControls, t = 0.5335
[2023-08-15 22:12:51.917] [info] CMC::computeControls, t = 0.5345
[2023-08-15 22:12:51.942] [info] CMC::computeControls, t = 0.5355
[2023-08-15 22:12:51.960] [info] CMC::computeControls, t = 0.5365
[2023-08-15 22:12:51.976] [info] CMC::computeControls, t = 0.5375
[2023-08-15 22:12:51.999] [info] CMC::computeControls, t = 0.5385
[2023-08-15 22:12:52.026] [info] CMC::computeControls, t = 0.5395
[2023-08-15 22:12:52.051] [info] CMC::computeControls, t = 0.540500
[2023-08-15 22:12:52.078] [info] CMC::computeControls, t = 0.5415
[2023-08-15 22:12:52.114] [info] CMC::computeControls, t = 0.5425
[2023-08-15 22:12:52.140] [info] CMC::computeControls, t = 0.5435
[2023-08-15 22:12:52.170] [info] CMC::computeControls, t = 0.5445
[2023-08-15 22:12:52.208] [info] CMC::computeControls, t = 0.5455
[2023-08-15 22:12:52.231] [info] CMC::computeControls, t = 0.5465
[2023-08-15 22:12:52.256] [info] CMC::computeControls, t = 0.5475
[2023-08-15 22:12:52.277] [info] CMC::computeControls, t = 0.5485
[2023-08-15 22:12:52.313] [info] CMC::computeControls, t = 0.5495
[2023-08-15 22:12:52.341] [info] CMC::computeControls, t = 0.550500
[2023-08-15 22:12:52.362] [info] CMC::computeControls, t = 0.5515
[2023-08-15 22:12:52.384] [info] CMC::computeControls, t = 0.5525
[2023-08-15 22:12:52.408] [info] CMC::computeControls, t = 0.5535
[2023-08-15 22:12:52.443] [info] CMC::computeControls, t = 0.5545
[2023-08-15 22:12:52.474] [info] CMC::computeControls, t = 0.5555
[2023-08-15 22:12:52.499] [info] CMC::computeControls, t = 0.5565
[2023-08-15 22:12:52.538] [info] CMC::computeControls, t = 0.5575
[2023-08-15 22:12:52.560] [info] CMC::computeControls, t = 0.5585
[2023-08-15 22:12:52.592] [info] CMC::computeControls, t = 0.5595
[2023-08-15 22:12:52.615] [info] CMC::computeControls, t = 0.560500
[2023-08-15 22:12:52.635] [info] CMC::computeControls, t = 0.5615
[2023-08-15 22:12:52.654] [info] CMC::computeControls, t = 0.5625
[2023-08-15 22:12:52.673] [info] CMC::computeControls, t = 0.5635
[2023-08-15 22:12:52.701] [info] CMC::computeControls, t = 0.5645
[2023-08-15 22:12:52.750] [info] CMC::computeControls, t = 0.5655
[2023-08-15 22:12:52.780] [info] CMC::computeControls, t = 0.5665
[2023-08-15 22:12:52.812] [info] CMC::computeControls, t = 0.5675
[2023-08-15 22:12:52.829] [info] CMC::computeControls, t = 0.5685
[2023-08-15 22:12:52.845] [info] CMC::computeControls, t = 0.5695
[2023-08-15 22:12:52.874] [info] CMC::computeControls, t = 0.570500
[2023-08-15 22:12:52.895] [info] CMC::computeControls, t = 0.5715
[2023-08-15 22:12:52.911] [info] CMC::computeControls, t = 0.5725
[2023-08-15 22:12:52.937] [info] CMC::computeControls, t = 0.5735
[2023-08-15 22:12:52.952] [info] CMC::computeControls, t = 0.5745
[2023-08-15 22:12:52.983] [info] CMC::computeControls, t = 0.5755
[2023-08-15 22:12:53.022] [info] CMC::computeControls, t = 0.5765
[2023-08-15 22:12:53.048] [info] CMC::computeControls, t = 0.5775
[2023-08-15 22:12:53.076] [info] CMC::computeControls, t = 0.5785
[2023-08-15 22:12:53.104] [info] CMC::computeControls, t = 0.5795
[2023-08-15 22:12:53.130] [info] CMC::computeControls, t = 0.580500
[2023-08-15 22:12:53.165] [info] CMC::computeControls, t = 0.5815
[2023-08-15 22:12:53.183] [info] CMC::computeControls, t = 0.5825
[2023-08-15 22:12:53.207] [info] CMC::computeControls, t = 0.5835
[2023-08-15 22:12:53.233] [info] CMC::computeControls, t = 0.5845
[2023-08-15 22:12:53.267] [info] CMC::computeControls, t = 0.5855
[2023-08-15 22:12:53.304] [info] CMC::computeControls, t = 0.5865
[2023-08-15 22:12:53.319] [info] CMC::computeControls, t = 0.5875
[2023-08-15 22:12:53.339] [info] CMC::computeControls, t = 0.5885
[2023-08-15 22:12:53.366] [info] CMC::computeControls, t = 0.5895
[2023-08-15 22:12:53.393] [info] CMC::computeControls, t = 0.590500
[2023-08-15 22:12:53.427] [info] CMC::computeControls, t = 0.5915
[2023-08-15 22:12:53.456] [info] CMC::computeControls, t = 0.5925
[2023-08-15 22:12:53.471] [info] CMC::computeControls, t = 0.5935
[2023-08-15 22:12:53.487] [info] CMC::computeControls, t = 0.5945
[2023-08-15 22:12:53.511] [info] CMC::computeControls, t = 0.5955
[2023-08-15 22:12:53.534] [info] CMC::computeControls, t = 0.5965
[2023-08-15 22:12:53.553] [info] CMC::computeControls, t = 0.5975
[2023-08-15 22:12:53.569] [info] CMC::computeControls, t = 0.5985
[2023-08-15 22:12:53.584] [info] CMC::computeControls, t = 0.5995
[2023-08-15 22:12:53.599] [info] CMC::computeControls, t = 0.600500
[2023-08-15 22:12:53.615] [info] CMC::computeControls, t = 0.601500
[2023-08-15 22:12:53.630] [info] CMC::computeControls, t = 0.602500
[2023-08-15 22:12:53.646] [info] CMC::computeControls, t = 0.603500
[2023-08-15 22:12:53.672] [info] CMC::computeControls, t = 0.604500
[2023-08-15 22:12:53.689] [info] CMC::computeControls, t = 0.605500
[2023-08-15 22:12:53.706] [info] CMC::computeControls, t = 0.606500
[2023-08-15 22:12:53.730] [info] CMC::computeControls, t = 0.607500
[2023-08-15 22:12:53.746] [info] CMC::computeControls, t = 0.608500
[2023-08-15 22:12:53.764] [info] CMC::computeControls, t = 0.609500
[2023-08-15 22:12:53.779] [info] CMC::computeControls, t = 0.610500
[2023-08-15 22:12:53.798] [info] CMC::computeControls, t = 0.6115
[2023-08-15 22:12:53.816] [info] CMC::computeControls, t = 0.6125
[2023-08-15 22:12:53.832] [info] CMC::computeControls, t = 0.6135
[2023-08-15 22:12:53.850] [info] CMC::computeControls, t = 0.6145
[2023-08-15 22:12:53.865] [info] CMC::computeControls, t = 0.6155
[2023-08-15 22:12:53.893] [info] CMC::computeControls, t = 0.6165
[2023-08-15 22:12:53.909] [info] CMC::computeControls, t = 0.6175
[2023-08-15 22:12:53.924] [info] CMC::computeControls, t = 0.6185
[2023-08-15 22:12:53.939] [info] CMC::computeControls, t = 0.6195
[2023-08-15 22:12:53.955] [info] CMC::computeControls, t = 0.620500
[2023-08-15 22:12:53.970] [info] CMC::computeControls, t = 0.6215
[2023-08-15 22:12:53.997] [info] CMC::computeControls, t = 0.6225
[2023-08-15 22:12:54.027] [info] CMC::computeControls, t = 0.6235
[2023-08-15 22:12:54.054] [info] CMC::computeControls, t = 0.6245
[2023-08-15 22:12:54.071] [info] CMC::computeControls, t = 0.6255
[2023-08-15 22:12:54.102] [info] CMC::computeControls, t = 0.6265
[2023-08-15 22:12:54.129] [info] CMC::computeControls, t = 0.6275
[2023-08-15 22:12:54.156] [info] CMC::computeControls, t = 0.6285
[2023-08-15 22:12:54.178] [info] CMC::computeControls, t = 0.6295
[2023-08-15 22:12:54.200] [info] CMC::computeControls, t = 0.630500
[2023-08-15 22:12:54.240] [info] CMC::computeControls, t = 0.6315
[2023-08-15 22:12:54.256] [info] CMC::computeControls, t = 0.6325
[2023-08-15 22:12:54.286] [info] CMC::computeControls, t = 0.6335
[2023-08-15 22:12:54.316] [info] CMC::computeControls, t = 0.6345
[2023-08-15 22:12:54.337] [info] CMC::computeControls, t = 0.6355
[2023-08-15 22:12:54.369] [info] CMC::computeControls, t = 0.6365
[2023-08-15 22:12:54.402] [info] CMC::computeControls, t = 0.6375
[2023-08-15 22:12:54.431] [info] CMC::computeControls, t = 0.6385
[2023-08-15 22:12:54.451] [info] CMC::computeControls, t = 0.6395
[2023-08-15 22:12:54.468] [info] CMC::computeControls, t = 0.640500
[2023-08-15 22:12:54.494] [info] CMC::computeControls, t = 0.6415
[2023-08-15 22:12:54.524] [info] CMC::computeControls, t = 0.6425
[2023-08-15 22:12:54.557] [info] CMC::computeControls, t = 0.6435
[2023-08-15 22:12:54.575] [info] CMC::computeControls, t = 0.6445
[2023-08-15 22:12:54.590] [info] CMC::computeControls, t = 0.6455
[2023-08-15 22:12:54.617] [info] CMC::computeControls, t = 0.6465
[2023-08-15 22:12:54.636] [info] CMC::computeControls, t = 0.6475
[2023-08-15 22:12:54.673] [info] CMC::computeControls, t = 0.6485
[2023-08-15 22:12:54.702] [info] CMC::computeControls, t = 0.6495
[2023-08-15 22:12:54.726] [info] CMC::computeControls, t = 0.650500
[2023-08-15 22:12:54.756] [info] CMC::computeControls, t = 0.6515
[2023-08-15 22:12:54.786] [info] CMC::computeControls, t = 0.6525
[2023-08-15 22:12:54.823] [info] CMC::computeControls, t = 0.6535
[2023-08-15 22:12:54.847] [info] CMC::computeControls, t = 0.6545
[2023-08-15 22:12:54.878] [info] CMC::computeControls, t = 0.6555
[2023-08-15 22:12:54.913] [info] CMC::computeControls, t = 0.6565
[2023-08-15 22:12:54.937] [info] CMC::computeControls, t = 0.6575
[2023-08-15 22:12:54.952] [info] CMC::computeControls, t = 0.6585
[2023-08-15 22:12:54.979] [info] CMC::computeControls, t = 0.6595
[2023-08-15 22:12:55.012] [info] CMC::computeControls, t = 0.660500
[2023-08-15 22:12:55.044] [info] CMC::computeControls, t = 0.6615
[2023-08-15 22:12:55.072] [info] CMC::computeControls, t = 0.6625
[2023-08-15 22:12:55.092] [info] CMC::computeControls, t = 0.6635
[2023-08-15 22:12:55.125] [info] CMC::computeControls, t = 0.6645
[2023-08-15 22:12:55.144] [info] CMC::computeControls, t = 0.6655
[2023-08-15 22:12:55.176] [info] CMC::computeControls, t = 0.6665
[2023-08-15 22:12:55.213] [info] CMC::computeControls, t = 0.6675
[2023-08-15 22:12:55.252] [info] CMC::computeControls, t = 0.6685
[2023-08-15 22:12:55.276] [info] CMC::computeControls, t = 0.6695
[2023-08-15 22:12:55.294] [info] CMC::computeControls, t = 0.670500
[2023-08-15 22:12:55.333] [info] CMC::computeControls, t = 0.6715
[2023-08-15 22:12:55.364] [info] CMC::computeControls, t = 0.6725
[2023-08-15 22:12:55.391] [info] CMC::computeControls, t = 0.6735
[2023-08-15 22:12:55.421] [info] CMC::computeControls, t = 0.6745
[2023-08-15 22:12:55.449] [info] CMC::computeControls, t = 0.6755
[2023-08-15 22:12:55.471] [info] CMC::computeControls, t = 0.6765
[2023-08-15 22:12:55.500] [info] CMC::computeControls, t = 0.6775
[2023-08-15 22:12:55.517] [info] CMC::computeControls, t = 0.6785
[2023-08-15 22:12:55.547] [info] CMC::computeControls, t = 0.6795
[2023-08-15 22:12:55.574] [info] CMC::computeControls, t = 0.680500
[2023-08-15 22:12:55.590] [info] CMC::computeControls, t = 0.6815
[2023-08-15 22:12:55.616] [info] CMC::computeControls, t = 0.6825
[2023-08-15 22:12:55.643] [info] CMC::computeControls, t = 0.6835
[2023-08-15 22:12:55.672] [info] CMC::computeControls, t = 0.6845
[2023-08-15 22:12:55.714] [info] CMC::computeControls, t = 0.6855
[2023-08-15 22:12:55.739] [info] CMC::computeControls, t = 0.6865
[2023-08-15 22:12:55.756] [info] CMC::computeControls, t = 0.6875
[2023-08-15 22:12:55.774] [info] CMC::computeControls, t = 0.6885
[2023-08-15 22:12:55.796] [info] CMC::computeControls, t = 0.6895
[2023-08-15 22:12:55.822] [info] CMC::computeControls, t = 0.690500
[2023-08-15 22:12:55.855] [info] CMC::computeControls, t = 0.6915
[2023-08-15 22:12:55.873] [info] CMC::computeControls, t = 0.6925
[2023-08-15 22:12:55.897] [info] CMC::computeControls, t = 0.6935
[2023-08-15 22:12:55.920] [info] CMC::computeControls, t = 0.6945
[2023-08-15 22:12:55.935] [info] CMC::computeControls, t = 0.6955
[2023-08-15 22:12:55.960] [info] CMC::computeControls, t = 0.6965
[2023-08-15 22:12:55.976] [info] CMC::computeControls, t = 0.6975
[2023-08-15 22:12:56.005] [info] CMC::computeControls, t = 0.6985
[2023-08-15 22:12:56.043] [info] CMC::computeControls, t = 0.6995
[2023-08-15 22:12:56.072] [info] CMC::computeControls, t = 0.700500
[2023-08-15 22:12:56.097] [info] CMC::computeControls, t = 0.701500
[2023-08-15 22:12:56.125] [info] CMC::computeControls, t = 0.702500
[2023-08-15 22:12:56.140] [info] CMC::computeControls, t = 0.703500
[2023-08-15 22:12:56.163] [info] CMC::computeControls, t = 0.704500
[2023-08-15 22:12:56.188] [info] CMC::computeControls, t = 0.705500
[2023-08-15 22:12:56.205] [info] CMC::computeControls, t = 0.706500
[2023-08-15 22:12:56.232] [info] CMC::computeControls, t = 0.707500
[2023-08-15 22:12:56.247] [info] CMC::computeControls, t = 0.708500
[2023-08-15 22:12:56.268] [info] CMC::computeControls, t = 0.709500
[2023-08-15 22:12:56.300] [info] CMC::computeControls, t = 0.710500
[2023-08-15 22:12:56.315] [info] CMC::computeControls, t = 0.7115
[2023-08-15 22:12:56.330] [info] CMC::computeControls, t = 0.7125
[2023-08-15 22:12:56.345] [info] CMC::computeControls, t = 0.7135
[2023-08-15 22:12:56.361] [info] CMC::computeControls, t = 0.7145
[2023-08-15 22:12:56.376] [info] CMC::computeControls, t = 0.7155
[2023-08-15 22:12:56.391] [info] CMC::computeControls, t = 0.7165
[2023-08-15 22:12:56.418] [info] CMC::computeControls, t = 0.7175
[2023-08-15 22:12:56.433] [info] CMC::computeControls, t = 0.7185
[2023-08-15 22:12:56.461] [info] CMC::computeControls, t = 0.7195
[2023-08-15 22:12:56.489] [info] CMC::computeControls, t = 0.720500
[2023-08-15 22:12:56.505] [info] CMC::computeControls, t = 0.7215
[2023-08-15 22:12:56.531] [info] CMC::computeControls, t = 0.7225
[2023-08-15 22:12:56.560] [info] CMC::computeControls, t = 0.7235
[2023-08-15 22:12:56.582] [info] CMC::computeControls, t = 0.7245
[2023-08-15 22:12:56.605] [info] CMC::computeControls, t = 0.7255
[2023-08-15 22:12:56.642] [info] CMC::computeControls, t = 0.7265
[2023-08-15 22:12:56.675] [info] CMC::computeControls, t = 0.7275
[2023-08-15 22:12:56.694] [info] CMC::computeControls, t = 0.7285
[2023-08-15 22:12:56.720] [info] CMC::computeControls, t = 0.7295
[2023-08-15 22:12:56.748] [info] CMC::computeControls, t = 0.730500
[2023-08-15 22:12:56.769] [info] CMC::computeControls, t = 0.7315
[2023-08-15 22:12:56.804] [info] CMC::computeControls, t = 0.7325
[2023-08-15 22:12:56.843] [info] CMC::computeControls, t = 0.7335
[2023-08-15 22:12:56.865] [info] CMC::computeControls, t = 0.7345
[2023-08-15 22:12:56.891] [info] CMC::computeControls, t = 0.7355
[2023-08-15 22:12:56.919] [info] CMC::computeControls, t = 0.7365
[2023-08-15 22:12:56.949] [info] CMC::computeControls, t = 0.7375
[2023-08-15 22:12:56.977] [info] CMC::computeControls, t = 0.7385
[2023-08-15 22:12:57.008] [info] CMC::computeControls, t = 0.7395
[2023-08-15 22:12:57.042] [info] CMC::computeControls, t = 0.740500
[2023-08-15 22:12:57.063] [info] CMC::computeControls, t = 0.7415
[2023-08-15 22:12:57.079] [info] CMC::computeControls, t = 0.7425
[2023-08-15 22:12:57.106] [info] CMC::computeControls, t = 0.7435
[2023-08-15 22:12:57.134] [info] CMC::computeControls, t = 0.7445
[2023-08-15 22:12:57.161] [info] CMC::computeControls, t = 0.7455
[2023-08-15 22:12:57.179] [info] CMC::computeControls, t = 0.7465
[2023-08-15 22:12:57.205] [info] CMC::computeControls, t = 0.7475
[2023-08-15 22:12:57.236] [info] CMC::computeControls, t = 0.7485
[2023-08-15 22:12:57.262] [info] CMC::computeControls, t = 0.7495
[2023-08-15 22:12:57.301] [info] CMC::computeControls, t = 0.750500
[2023-08-15 22:12:57.318] [info] CMC::computeControls, t = 0.7515
[2023-08-15 22:12:57.355] [info] CMC::computeControls, t = 0.7525
[2023-08-15 22:12:57.386] [info] CMC::computeControls, t = 0.7535
[2023-08-15 22:12:57.416] [info] CMC::computeControls, t = 0.7545
[2023-08-15 22:12:57.445] [info] CMC::computeControls, t = 0.7555
[2023-08-15 22:12:57.476] [info] CMC::computeControls, t = 0.7565
[2023-08-15 22:12:57.497] [info] CMC::computeControls, t = 0.7575
[2023-08-15 22:12:57.523] [info] CMC::computeControls, t = 0.7585
[2023-08-15 22:12:57.551] [info] CMC::computeControls, t = 0.7595
[2023-08-15 22:12:57.566] [info] CMC::computeControls, t = 0.760500
[2023-08-15 22:12:57.589] [info] CMC::computeControls, t = 0.7615
[2023-08-15 22:12:57.613] [info] CMC::computeControls, t = 0.7625
[2023-08-15 22:12:57.629] [info] CMC::computeControls, t = 0.7635
[2023-08-15 22:12:57.649] [info] CMC::computeControls, t = 0.7645
[2023-08-15 22:12:57.675] [info] CMC::computeControls, t = 0.7655
[2023-08-15 22:12:57.693] [info] CMC::computeControls, t = 0.7665
[2023-08-15 22:12:57.713] [info] CMC::computeControls, t = 0.7675
[2023-08-15 22:12:57.728] [info] CMC::computeControls, t = 0.7685
[2023-08-15 22:12:57.759] [info] CMC::computeControls, t = 0.7695
[2023-08-15 22:12:57.780] [info] CMC::computeControls, t = 0.770500
[2023-08-15 22:12:57.817] [info] CMC::computeControls, t = 0.7715
[2023-08-15 22:12:57.856] [info] CMC::computeControls, t = 0.7725
[2023-08-15 22:12:57.894] [info] CMC::computeControls, t = 0.7735
[2023-08-15 22:12:57.931] [info] CMC::computeControls, t = 0.7745
[2023-08-15 22:12:57.972] [info] CMC::computeControls, t = 0.7755
[2023-08-15 22:12:58.000] [info] CMC::computeControls, t = 0.7765
[2023-08-15 22:12:58.036] [info] CMC::computeControls, t = 0.7775
[2023-08-15 22:12:58.085] [info] CMC::computeControls, t = 0.7785
[2023-08-15 22:12:58.114] [info] CMC::computeControls, t = 0.7795
[2023-08-15 22:12:58.163] [info] CMC::computeControls, t = 0.780500
[2023-08-15 22:12:58.192] [info] CMC::computeControls, t = 0.7815
[2023-08-15 22:12:58.218] [info] CMC::computeControls, t = 0.7825
[2023-08-15 22:12:58.257] [info] CMC::computeControls, t = 0.7835
[2023-08-15 22:12:58.282] [info] CMC::computeControls, t = 0.7845
[2023-08-15 22:12:58.297] [info] CMC::computeControls, t = 0.7855
[2023-08-15 22:12:58.323] [info] CMC::computeControls, t = 0.7865
[2023-08-15 22:12:58.338] [info] CMC::computeControls, t = 0.7875
[2023-08-15 22:12:58.354] [info] CMC::computeControls, t = 0.7885
[2023-08-15 22:12:58.369] [info] CMC::computeControls, t = 0.7895
[2023-08-15 22:12:58.400] [info] CMC::computeControls, t = 0.790500
[2023-08-15 22:12:58.427] [info] CMC::computeControls, t = 0.7915
[2023-08-15 22:12:58.442] [info] CMC::computeControls, t = 0.7925
[2023-08-15 22:12:58.457] [info] CMC::computeControls, t = 0.7935
[2023-08-15 22:12:58.473] [info] CMC::computeControls, t = 0.7945
[2023-08-15 22:12:58.488] [info] CMC::computeControls, t = 0.7955
[2023-08-15 22:12:58.503] [info] CMC::computeControls, t = 0.7965
[2023-08-15 22:12:58.519] [info] CMC::computeControls, t = 0.7975
[2023-08-15 22:12:58.534] [info] CMC::computeControls, t = 0.7985
[2023-08-15 22:12:58.550] [info] CMC::computeControls, t = 0.7995
[2023-08-15 22:12:58.565] [info] CMC::computeControls, t = 0.800500
[2023-08-15 22:12:58.582] [info] CMC::computeControls, t = 0.801500
[2023-08-15 22:12:58.603] [info] CMC::computeControls, t = 0.802500
[2023-08-15 22:12:58.627] [info] CMC::computeControls, t = 0.803500
[2023-08-15 22:12:58.645] [info] CMC::computeControls, t = 0.804500
[2023-08-15 22:12:58.661] [info] CMC::computeControls, t = 0.805500
[2023-08-15 22:12:58.680] [info] CMC::computeControls, t = 0.806500
[2023-08-15 22:12:58.698] [info] CMC::computeControls, t = 0.807500
[2023-08-15 22:12:58.714] [info] CMC::computeControls, t = 0.808500
[2023-08-15 22:12:58.751] [info] CMC::computeControls, t = 0.809500
[2023-08-15 22:12:58.771] [info] CMC::computeControls, t = 0.810500
[2023-08-15 22:12:58.786] [info] CMC::computeControls, t = 0.8115
[2023-08-15 22:12:58.806] [info] CMC::computeControls, t = 0.8125
[2023-08-15 22:12:58.829] [info] CMC::computeControls, t = 0.8135
[2023-08-15 22:12:58.845] [info] CMC::computeControls, t = 0.8145
[2023-08-15 22:12:58.863] [info] CMC::computeControls, t = 0.8155
[2023-08-15 22:12:58.886] [info] CMC::computeControls, t = 0.8165
[2023-08-15 22:12:58.902] [info] CMC::computeControls, t = 0.8175
[2023-08-15 22:12:58.917] [info] CMC::computeControls, t = 0.8185
[2023-08-15 22:12:58.933] [info] CMC::computeControls, t = 0.8195
[2023-08-15 22:12:58.951] [info] CMC::computeControls, t = 0.820500
[2023-08-15 22:12:58.966] [info] CMC::computeControls, t = 0.8215
[2023-08-15 22:12:59.001] [info] CMC::computeControls, t = 0.8225
[2023-08-15 22:12:59.018] [info] CMC::computeControls, t = 0.8235
[2023-08-15 22:12:59.035] [info] CMC::computeControls, t = 0.8245
[2023-08-15 22:12:59.054] [info] CMC::computeControls, t = 0.8255
[2023-08-15 22:12:59.086] [info] CMC::computeControls, t = 0.8265
[2023-08-15 22:12:59.110] [info] CMC::computeControls, t = 0.8275
[2023-08-15 22:12:59.131] [info] CMC::computeControls, t = 0.8285
[2023-08-15 22:12:59.147] [info] CMC::computeControls, t = 0.8295
[2023-08-15 22:12:59.163] [info] CMC::computeControls, t = 0.830500
[2023-08-15 22:12:59.179] [info] CMC::computeControls, t = 0.8315
[2023-08-15 22:12:59.205] [info] CMC::computeControls, t = 0.8325
[2023-08-15 22:12:59.221] [info] CMC::computeControls, t = 0.8335
[2023-08-15 22:12:59.237] [info] CMC::computeControls, t = 0.8345
[2023-08-15 22:12:59.256] [info] CMC::computeControls, t = 0.8355
[2023-08-15 22:12:59.283] [info] CMC::computeControls, t = 0.8365
[2023-08-15 22:12:59.298] [info] CMC::computeControls, t = 0.8375
[2023-08-15 22:12:59.334] [info] CMC::computeControls, t = 0.8385
[2023-08-15 22:12:59.363] [info] CMC::computeControls, t = 0.8395
[2023-08-15 22:12:59.385] [info] CMC::computeControls, t = 0.840500
[2023-08-15 22:12:59.404] [info] CMC::computeControls, t = 0.8415
[2023-08-15 22:12:59.432] [info] CMC::computeControls, t = 0.8425
[2023-08-15 22:12:59.449] [info] CMC::computeControls, t = 0.8435
[2023-08-15 22:12:59.475] [info] CMC::computeControls, t = 0.8445
[2023-08-15 22:12:59.497] [info] CMC::computeControls, t = 0.8455
[2023-08-15 22:12:59.514] [info] CMC::computeControls, t = 0.8465
[2023-08-15 22:12:59.542] [info] CMC::computeControls, t = 0.8475
[2023-08-15 22:12:59.566] [info] CMC::computeControls, t = 0.8485
[2023-08-15 22:12:59.608] [info] CMC::computeControls, t = 0.8495
[2023-08-15 22:12:59.628] [info] CMC::computeControls, t = 0.850500
[2023-08-15 22:12:59.648] [info] CMC::computeControls, t = 0.8515
[2023-08-15 22:12:59.670] [info] CMC::computeControls, t = 0.8525
[2023-08-15 22:12:59.707] [info] CMC::computeControls, t = 0.8535
[2023-08-15 22:12:59.737] [info] CMC::computeControls, t = 0.8545
[2023-08-15 22:12:59.763] [info] CMC::computeControls, t = 0.8555
[2023-08-15 22:12:59.796] [info] CMC::computeControls, t = 0.8565
[2023-08-15 22:12:59.817] [info] CMC::computeControls, t = 0.8575
[2023-08-15 22:12:59.857] [info] CMC::computeControls, t = 0.8585
[2023-08-15 22:12:59.886] [info] CMC::computeControls, t = 0.8595
[2023-08-15 22:12:59.917] [info] CMC::computeControls, t = 0.860500
[2023-08-15 22:12:59.954] [info] CMC::computeControls, t = 0.8615
[2023-08-15 22:12:59.979] [info] CMC::computeControls, t = 0.8625
[2023-08-15 22:12:59.996] [info] CMC::computeControls, t = 0.8635
[2023-08-15 22:13:00.017] [info] CMC::computeControls, t = 0.8645
[2023-08-15 22:13:00.051] [info] CMC::computeControls, t = 0.8655
[2023-08-15 22:13:00.083] [info] CMC::computeControls, t = 0.8665
[2023-08-15 22:13:00.105] [info] CMC::computeControls, t = 0.8675
[2023-08-15 22:13:00.148] [info] CMC::computeControls, t = 0.8685
[2023-08-15 22:13:00.166] [info] CMC::computeControls, t = 0.8695
[2023-08-15 22:13:00.195] [info] CMC::computeControls, t = 0.870500
[2023-08-15 22:13:00.230] [info] CMC::computeControls, t = 0.8715
[2023-08-15 22:13:00.255] [info] CMC::computeControls, t = 0.8725
[2023-08-15 22:13:00.282] [info] CMC::computeControls, t = 0.8735
[2023-08-15 22:13:00.304] [info] CMC::computeControls, t = 0.8745
[2023-08-15 22:13:00.337] [info] CMC::computeControls, t = 0.8755
[2023-08-15 22:13:00.356] [info] -------------------------------------------
[2023-08-15 22:13:00.356] [info] Finished tracking the specified kinematics:
[2023-08-15 22:13:00.356] [info] -------------------------------------------
[2023-08-15 22:13:00.356] [info]  -- Start time = Tue Aug 15 22:12:45 2023
[2023-08-15 22:13:00.356] [info]  -- Finish time = Tue Aug 15 22:13:00 2023
[2023-08-15 22:13:00.356] [info]  -- Elapsed time = 15.0 seconds.
[2023-08-15 22:13:00.357] [info] -------------------------------------------
[2023-08-15 22:13:00.357] [info] 
[2023-08-15 22:13:00.357] [info] Printing results of investigation subject04_run5_cycle1_iter3 to cycle1/
[2023-08-15 22:13:00.816] [info] 

************************************************************
*      Summary of Mass Adjustments to Reduce Residuals     *
************************************************************
* Body adjusted: torso
* Mass Center (COM) adjustment: dx =-0.0134792, dz =0.0208687
* New COM location: ~[-0.0485081,0.34645,0.0111029]
************************************************************
* Recommended mass adjustments:                             
*  Total mass change: 0.328127
*  pelvis: orig mass = 12.7502, new mass = 12.8016
*  femur_r: orig mass = 10.0701, new mass = 10.1107
*  tibia_r: orig mass = 4.0139, new mass = 4.03008
*  talus_r: orig mass = 0.108265, new mass = 0.108702
*  calcn_r: orig mass = 1.3533, new mass = 1.35876
*  toes_r: orig mass = 0.234501, new mass = 0.235447
*  femur_l: orig mass = 10.0701, new mass = 10.1107
*  tibia_l: orig mass = 4.0139, new mass = 4.03008
*  talus_l: orig mass = 0.108265, new mass = 0.108702
*  calcn_l: orig mass = 1.3533, new mass = 1.35876
*  toes_l: orig mass = 0.234501, new mass = 0.235447
*  torso: orig mass = 29.0436, new mass = 29.1607
*  humerus_r: orig mass = 2.20047, new mass = 2.20934
*  ulna_r: orig mass = 0.657705, new mass = 0.660357
*  radius_r: orig mass = 0.657705, new mass = 0.660357
*  hand_r: orig mass = 0.495309, new mass = 0.497306
*  humerus_l: orig mass = 2.20047, new mass = 2.20934
*  ulna_l: orig mass = 0.657705, new mass = 0.660357
*  radius_l: orig mass = 0.657705, new mass = 0.660357
*  hand_l: orig mass = 0.495309, new mass = 0.497306
************************************************************
* Note: Edit the model to make recommended adjustments to  *
*       mass properties.                                   *
************************************************************

* Average residuals before adjusting torso COM:
*  FX=0.494415 FY=-3.21783 FZ=1.37368
*  MX=-5.94382 MY=-2.31416 MZ=-3.83916
************************************************************
* Average residuals after adjusting torso COM:
*  FX=0.535148 FY=-3.17637 FZ=1.39236
*  MX=-0.0769383 MY=-2.35528 MZ=-0.250591
************************************************************


[2023-08-15 22:13:00.816] [info] 
************************************************************
*                   Final Average Residuals                *
************************************************************
* After torso COM and Kinematics adjustments:
*  FX=1.19 FY=-2.04928 FZ=-0.245935
*  MX=-1.1411 MY=-1.37723 MZ=1.7742
************************************************************


