[2023-08-15 22:32:35.259] [info] AbstractTool subject17_run5_cycle3_iter1 loading model ..\..\..\model\subject17_adjusted_scaled.osim
[2023-08-15 22:32:35.306] [info] Loaded model subject17_scaled from file ..\..\..\model\subject17_adjusted_scaled.osim
[2023-08-15 22:32:35.342] [info] Adding force object set from ..\subject17_run5_RRA_Actuators.xml
[2023-08-15 22:32:35.347] [info] Running tool subject17_run5_cycle3_iter1.
[2023-08-15 22:32:35.358] [warning] ExternalLoads 'externalloads' has subcomponents with duplicate name 'externalforce'. The duplicate is being renamed to 'externalforce_0'.
[2023-08-15 22:32:35.383] [info] 	taskSet size = 29.
[2023-08-15 22:32:35.443] [info] ExternalForce::externalforce Data source being set to Run_500 01_newCOP3_v24.mot
[2023-08-15 22:32:35.444] [info] ExternalForce::externalforce_0 Data source being set to Run_500 01_newCOP3_v24.mot
[2023-08-15 22:32:35.447] [warning] A desired points file was not specified.
[2023-08-15 22:32:35.447] [info] Loading desired kinematics from file '..\..\..\ik\Run_5.mot'...
[2023-08-15 22:32:35.448] [info] Old version storage/motion file encountered
[2023-08-15 22:32:35.448] [info] Storage: read data file = ..\..\..\ik\Run_5.mot (nr=565 nc=164)
[2023-08-15 22:32:35.448] [info] .. assuming rotations in Degrees..
[2023-08-15 22:32:35.523] [info] Low-pass filtering desired kinematics with a cutoff frequency of 15.0...
[2023-08-15 22:32:37.473] [cout] [info] MODEL: subject17_scaled

numStates = 74
numCoordinates = 37
numSpeeds = 37
numActuators = 29
numBodies = 20
numConstraints = 0
numProbes = 0

ANALYSES (total: 0)

BODIES (total: 20)
body[0] = pelvis. mass: 10.7245
              moments of inertia:  ~[0.0849368,0.0719649,0.0478389]
              products of inertia: ~[0,0,0]
body[1] = femur_r. mass: 8.47013
              moments of inertia:  ~[0.121748,0.0319145,0.128385]
              products of inertia: ~[0,0,0]
body[2] = tibia_r. mass: 3.37616
              moments of inertia:  ~[0.0479256,0.00484962,0.0485912]
              products of inertia: ~[0,0,0]
body[3] = talus_r. mass: 0.0910629
              moments of inertia:  ~[0.000951746,0.000951746,0.000951746]
              products of inertia: ~[0,0,0]
body[4] = calcn_r. mass: 1.13829
              moments of inertia:  ~[0.00133244,0.00371181,0.00390216]
              products of inertia: ~[0,0,0]
body[5] = toes_r. mass: 0.197242
              moments of inertia:  ~[9.51746e-05,0.000190349,0.000951746]
              products of inertia: ~[0,0,0]
body[6] = femur_l. mass: 8.47013
              moments of inertia:  ~[0.121748,0.0319145,0.128385]
              products of inertia: ~[0,0,0]
body[7] = tibia_l. mass: 3.37616
              moments of inertia:  ~[0.0476422,0.00428282,0.0476422]
              products of inertia: ~[0,0,0]
body[8] = talus_l. mass: 0.0910629
              moments of inertia:  ~[0.000951746,0.000951746,0.000951746]
              products of inertia: ~[0,0,0]
body[9] = calcn_l. mass: 1.13829
              moments of inertia:  ~[0.00133244,0.00371181,0.00390216]
              products of inertia: ~[0,0,0]
body[10] = toes_l. mass: 0.197242
              moments of inertia:  ~[9.51746e-05,0.000190349,0.000951746]
              products of inertia: ~[0,0,0]
body[11] = torso. mass: 24.4291
              moments of inertia:  ~[1.22035,0.625277,1.18467]
              products of inertia: ~[0,0,0]
body[12] = humerus_r. mass: 1.85085
              moments of inertia:  ~[0.00976019,0.00336696,0.0109555]
              products of inertia: ~[0,0,0]
body[13] = ulna_r. mass: 0.553207
              moments of inertia:  ~[0.00260446,0.000543402,0.00282516]
              products of inertia: ~[0,0,0]
body[14] = radius_r. mass: 0.553207
              moments of inertia:  ~[0.00260446,0.000543402,0.00282516]
              products of inertia: ~[0,0,0]
body[15] = hand_r. mass: 0.416613
              moments of inertia:  ~[0.000784328,0.000480972,0.00117825]
              products of inertia: ~[0,0,0]
body[16] = humerus_l. mass: 1.85085
              moments of inertia:  ~[0.00976019,0.00336696,0.0109555]
              products of inertia: ~[0,0,0]
body[17] = ulna_l. mass: 0.553207
              moments of inertia:  ~[0.00260446,0.000543402,0.00282516]
              products of inertia: ~[0,0,0]
body[18] = radius_l. mass: 0.553207
              moments of inertia:  ~[0.00260446,0.000543402,0.00282516]
              products of inertia: ~[0,0,0]
body[19] = hand_l. mass: 0.416613
              moments of inertia:  ~[0.000784328,0.000480972,0.00117825]
              products of inertia: ~[0,0,0]

JOINTS (total: 20)
joint[0] = ground_pelvis. parent: ground_offset, child: pelvis_offset
joint[1] = hip_r. parent: pelvis_offset, child: femur_r_offset
joint[2] = knee_r. parent: femur_r_offset, child: tibia_r_offset
joint[3] = ankle_r. parent: tibia_r_offset, child: talus_r_offset
joint[4] = subtalar_r. parent: talus_r_offset, child: calcn_r_offset
joint[5] = mtp_r. parent: calcn_r_offset, child: toes_r_offset
joint[6] = hip_l. parent: pelvis_offset, child: femur_l_offset
joint[7] = knee_l. parent: femur_l_offset, child: tibia_l_offset
joint[8] = ankle_l. parent: tibia_l_offset, child: talus_l_offset
joint[9] = subtalar_l. parent: talus_l_offset, child: calcn_l_offset
joint[10] = mtp_l. parent: calcn_l_offset, child: toes_l_offset
joint[11] = back. parent: pelvis_offset, child: torso_offset
joint[12] = acromial_r. parent: torso_offset, child: humerus_r_offset
joint[13] = elbow_r. parent: humerus_r_offset, child: ulna_r_offset
joint[14] = radioulnar_r. parent: ulna_r_offset, child: radius_r_offset
joint[15] = radius_hand_r. parent: radius_r_offset, child: hand_r_offset
joint[16] = acromial_l. parent: torso_offset, child: humerus_l_offset
joint[17] = elbow_l. parent: humerus_l_offset, child: ulna_l_offset
joint[18] = radioulnar_l. parent: ulna_l_offset, child: radius_l_offset
joint[19] = radius_hand_l. parent: radius_l_offset, child: hand_l_offset

ACTUATORS (total: 29)
actuator[0] = FX
actuator[1] = FY
actuator[2] = FZ
actuator[3] = MZ
actuator[4] = MX
actuator[5] = MY
actuator[6] = hip_flexion_r
actuator[7] = hip_adduction_r
actuator[8] = hip_rotation_r
actuator[9] = knee_angle_r
actuator[10] = ankle_angle_r
actuator[11] = hip_flexion_l
actuator[12] = hip_adduction_l
actuator[13] = hip_rotation_l
actuator[14] = knee_angle_l
actuator[15] = ankle_angle_l
actuator[16] = lumbar_extension
actuator[17] = lumbar_bending
actuator[18] = lumbar_rotation
actuator[19] = arm_flex_r
actuator[20] = arm_add_r
actuator[21] = arm_rot_r
actuator[22] = elbow_flex_r
actuator[23] = pro_sup_r
actuator[24] = arm_flex_l
actuator[25] = arm_add_l
actuator[26] = arm_rot_l
actuator[27] = elbow_flex_l
actuator[28] = pro_sup_l

STATES (total: 74)
y[0] = /jointset/ground_pelvis/pelvis_tilt/value
y[1] = /jointset/ground_pelvis/pelvis_tilt/speed
y[2] = /jointset/ground_pelvis/pelvis_list/value
y[3] = /jointset/ground_pelvis/pelvis_list/speed
y[4] = /jointset/ground_pelvis/pelvis_rotation/value
y[5] = /jointset/ground_pelvis/pelvis_rotation/speed
y[6] = /jointset/ground_pelvis/pelvis_tx/value
y[7] = /jointset/ground_pelvis/pelvis_tx/speed
y[8] = /jointset/ground_pelvis/pelvis_ty/value
y[9] = /jointset/ground_pelvis/pelvis_ty/speed
y[10] = /jointset/ground_pelvis/pelvis_tz/value
y[11] = /jointset/ground_pelvis/pelvis_tz/speed
y[12] = /jointset/hip_r/hip_flexion_r/value
y[13] = /jointset/hip_r/hip_flexion_r/speed
y[14] = /jointset/hip_r/hip_adduction_r/value
y[15] = /jointset/hip_r/hip_adduction_r/speed
y[16] = /jointset/hip_r/hip_rotation_r/value
y[17] = /jointset/hip_r/hip_rotation_r/speed
y[18] = /jointset/knee_r/knee_angle_r/value
y[19] = /jointset/knee_r/knee_angle_r/speed
y[20] = /jointset/ankle_r/ankle_angle_r/value
y[21] = /jointset/ankle_r/ankle_angle_r/speed
y[22] = /jointset/subtalar_r/subtalar_angle_r/value
y[23] = /jointset/subtalar_r/subtalar_angle_r/speed
y[24] = /jointset/mtp_r/mtp_angle_r/value
y[25] = /jointset/mtp_r/mtp_angle_r/speed
y[26] = /jointset/hip_l/hip_flexion_l/value
y[27] = /jointset/hip_l/hip_flexion_l/speed
y[28] = /jointset/hip_l/hip_adduction_l/value
y[29] = /jointset/hip_l/hip_adduction_l/speed
y[30] = /jointset/hip_l/hip_rotation_l/value
y[31] = /jointset/hip_l/hip_rotation_l/speed
y[32] = /jointset/knee_l/knee_angle_l/value
y[33] = /jointset/knee_l/knee_angle_l/speed
y[34] = /jointset/ankle_l/ankle_angle_l/value
y[35] = /jointset/ankle_l/ankle_angle_l/speed
y[36] = /jointset/subtalar_l/subtalar_angle_l/value
y[37] = /jointset/subtalar_l/subtalar_angle_l/speed
y[38] = /jointset/mtp_l/mtp_angle_l/value
y[39] = /jointset/mtp_l/mtp_angle_l/speed
y[40] = /jointset/back/lumbar_extension/value
y[41] = /jointset/back/lumbar_extension/speed
y[42] = /jointset/back/lumbar_bending/value
y[43] = /jointset/back/lumbar_bending/speed
y[44] = /jointset/back/lumbar_rotation/value
y[45] = /jointset/back/lumbar_rotation/speed
y[46] = /jointset/acromial_r/arm_flex_r/value
y[47] = /jointset/acromial_r/arm_flex_r/speed
y[48] = /jointset/acromial_r/arm_add_r/value
y[49] = /jointset/acromial_r/arm_add_r/speed
y[50] = /jointset/acromial_r/arm_rot_r/value
y[51] = /jointset/acromial_r/arm_rot_r/speed
y[52] = /jointset/elbow_r/elbow_flex_r/value
y[53] = /jointset/elbow_r/elbow_flex_r/speed
y[54] = /jointset/radioulnar_r/pro_sup_r/value
y[55] = /jointset/radioulnar_r/pro_sup_r/speed
y[56] = /jointset/radius_hand_r/wrist_flex_r/value
y[57] = /jointset/radius_hand_r/wrist_flex_r/speed
y[58] = /jointset/radius_hand_r/wrist_dev_r/value
y[59] = /jointset/radius_hand_r/wrist_dev_r/speed
y[60] = /jointset/acromial_l/arm_flex_l/value
y[61] = /jointset/acromial_l/arm_flex_l/speed
y[62] = /jointset/acromial_l/arm_add_l/value
y[63] = /jointset/acromial_l/arm_add_l/speed
y[64] = /jointset/acromial_l/arm_rot_l/value
y[65] = /jointset/acromial_l/arm_rot_l/speed
y[66] = /jointset/elbow_l/elbow_flex_l/value
y[67] = /jointset/elbow_l/elbow_flex_l/speed
y[68] = /jointset/radioulnar_l/pro_sup_l/value
y[69] = /jointset/radioulnar_l/pro_sup_l/speed
y[70] = /jointset/radius_hand_l/wrist_flex_l/value
y[71] = /jointset/radius_hand_l/wrist_flex_l/speed
y[72] = /jointset/radius_hand_l/wrist_dev_l/value
y[73] = /jointset/radius_hand_l/wrist_dev_l/speed

[2023-08-15 22:32:37.941] [info] Requested COM adjustment time range 1.57080 to 2.2313, clamped to nearest available data times: 1.56658 to 2.22489.
[2023-08-15 22:32:37.941] [info] Computing average residuals between 1.56658 and 2.22489...
[2023-08-15 22:32:38.014] [info] ExternalForce::externalforce Data source being set to Run_500 01_newCOP3_v24.mot
[2023-08-15 22:32:38.014] [info] ExternalForce::externalforce_0 Data source being set to Run_500 01_newCOP3_v24.mot
[2023-08-15 22:32:38.074] [info] ExternalForce::externalforce Data source being set to Run_500 01_newCOP3_v24.mot
[2023-08-15 22:32:38.074] [info] ExternalForce::externalforce_0 Data source being set to Run_500 01_newCOP3_v24.mot
[2023-08-15 22:32:39.506] [info] ExternalForce::externalforce Data source being set to Run_500 01_newCOP3_v24.mot
[2023-08-15 22:32:39.506] [info] ExternalForce::externalforce_0 Data source being set to Run_500 01_newCOP3_v24.mot
[2023-08-15 22:32:39.516] [info] Computing average residuals between 1.56658 and 2.22489...
[2023-08-15 22:32:39.600] [info] ExternalForce::externalforce Data source being set to Run_500 01_newCOP3_v24.mot
[2023-08-15 22:32:39.600] [info] ExternalForce::externalforce_0 Data source being set to Run_500 01_newCOP3_v24.mot
[2023-08-15 22:32:39.675] [info] ExternalForce::externalforce Data source being set to Run_500 01_newCOP3_v24.mot
[2023-08-15 22:32:39.675] [info] ExternalForce::externalforce_0 Data source being set to Run_500 01_newCOP3_v24.mot
[2023-08-15 22:32:40.885] [info] Constructing function set for tracking desired kinematics...
[2023-08-15 22:32:41.617] [warning] No Actuation analysis found in analysis set, adding one...
[2023-08-15 22:32:41.618] [warning] No Kinematics analysis found in analysis set, adding one...
[2023-08-15 22:32:41.622] [info] Using the generalized coordinates specified in '..\..\..\ik\Run_5.mot' to set the initial configuration.
[2023-08-15 22:32:41.812] [info] Using IPOPT optimizer algorithm.
[2023-08-15 22:32:41.812] [info] Setting optimizer print level to 0.
[2023-08-15 22:32:41.813] [info] Setting optimizer convergence tolerance to 1.0e-05.
[2023-08-15 22:32:41.813] [info] Setting optimizer maximum iterations to 2000.
[2023-08-15 22:32:41.813] [info] Setting cmc controller to not use verbose printing.

[2023-08-15 22:32:41.814] [info] CMC::computeControls, t = 1.57080
[2023-08-15 22:32:42.713] [info] --------------------------------------------
[2023-08-15 22:32:42.713] [info] Using CMC to track the specified kinematics:
[2023-08-15 22:32:42.713] [info] --------------------------------------------
[2023-08-15 22:32:42.713] [info]  -- Integrating from 1.57080 to 2.2313
[2023-08-15 22:32:42.713] [info]  -- Start time = Tue Aug 15 22:32:42 2023
[2023-08-15 22:32:42.714] [info] --------------------------------------------
[2023-08-15 22:32:42.714] [info] 
[2023-08-15 22:32:42.719] [info] CMC::computeControls, t = 1.57080
[2023-08-15 22:32:42.751] [info] CMC::computeControls, t = 1.5718
[2023-08-15 22:32:42.751] [warning] Coordinate.setValue:  coordinate subtalar_angle_r is locked. Unable to change its value.
[2023-08-15 22:32:42.751] [warning] Coordinate.setValue:  coordinate mtp_angle_r is locked. Unable to change its value.
[2023-08-15 22:32:42.751] [warning] Coordinate.setValue:  coordinate subtalar_angle_l is locked. Unable to change its value.
[2023-08-15 22:32:42.752] [warning] Coordinate.setValue:  coordinate mtp_angle_l is locked. Unable to change its value.
[2023-08-15 22:32:42.752] [warning] Coordinate.setValue:  coordinate wrist_flex_r is locked. Unable to change its value.
[2023-08-15 22:32:42.752] [warning] Coordinate.setValue:  coordinate wrist_dev_r is locked. Unable to change its value.
[2023-08-15 22:32:42.752] [warning] Coordinate.setValue:  coordinate wrist_flex_l is locked. Unable to change its value.
[2023-08-15 22:32:42.752] [warning] Coordinate.setValue:  coordinate wrist_dev_l is locked. Unable to change its value.
[2023-08-15 22:32:42.774] [info] CMC::computeControls, t = 1.5728
[2023-08-15 22:32:42.800] [info] CMC::computeControls, t = 1.5738
[2023-08-15 22:32:42.847] [info] CMC::computeControls, t = 1.5748
[2023-08-15 22:32:42.877] [info] CMC::computeControls, t = 1.5758
[2023-08-15 22:32:42.895] [info] CMC::computeControls, t = 1.5768
[2023-08-15 22:32:42.912] [info] CMC::computeControls, t = 1.5778
[2023-08-15 22:32:42.930] [info] CMC::computeControls, t = 1.5788
[2023-08-15 22:32:42.947] [info] CMC::computeControls, t = 1.5798
[2023-08-15 22:32:42.975] [info] CMC::computeControls, t = 1.58080
[2023-08-15 22:32:42.995] [info] CMC::computeControls, t = 1.5818
[2023-08-15 22:32:43.011] [info] CMC::computeControls, t = 1.5828
[2023-08-15 22:32:43.036] [info] CMC::computeControls, t = 1.5838
[2023-08-15 22:32:43.068] [info] CMC::computeControls, t = 1.5848
[2023-08-15 22:32:43.097] [info] CMC::computeControls, t = 1.5858
[2023-08-15 22:32:43.127] [info] CMC::computeControls, t = 1.5868
[2023-08-15 22:32:43.146] [info] CMC::computeControls, t = 1.5878
[2023-08-15 22:32:43.164] [info] CMC::computeControls, t = 1.5888
[2023-08-15 22:32:43.181] [info] CMC::computeControls, t = 1.5898
[2023-08-15 22:32:43.219] [info] CMC::computeControls, t = 1.59080
[2023-08-15 22:32:43.239] [info] CMC::computeControls, t = 1.5918
[2023-08-15 22:32:43.257] [info] CMC::computeControls, t = 1.5928
[2023-08-15 22:32:43.283] [info] CMC::computeControls, t = 1.5938
[2023-08-15 22:32:43.306] [info] CMC::computeControls, t = 1.5948
[2023-08-15 22:32:43.323] [info] CMC::computeControls, t = 1.5958
[2023-08-15 22:32:43.338] [info] CMC::computeControls, t = 1.5968
[2023-08-15 22:32:43.373] [info] CMC::computeControls, t = 1.5978
[2023-08-15 22:32:43.401] [info] CMC::computeControls, t = 1.5988
[2023-08-15 22:32:43.430] [info] CMC::computeControls, t = 1.5998
[2023-08-15 22:32:43.446] [info] CMC::computeControls, t = 1.60080
[2023-08-15 22:32:43.462] [info] CMC::computeControls, t = 1.60180
[2023-08-15 22:32:43.484] [info] CMC::computeControls, t = 1.60280
[2023-08-15 22:32:43.511] [info] CMC::computeControls, t = 1.60380
[2023-08-15 22:32:43.527] [info] CMC::computeControls, t = 1.60480
[2023-08-15 22:32:43.561] [info] CMC::computeControls, t = 1.60580
[2023-08-15 22:32:43.594] [info] CMC::computeControls, t = 1.60680
[2023-08-15 22:32:43.618] [info] CMC::computeControls, t = 1.60780
[2023-08-15 22:32:43.650] [info] CMC::computeControls, t = 1.60880
[2023-08-15 22:32:43.677] [info] CMC::computeControls, t = 1.60980
[2023-08-15 22:32:43.699] [info] CMC::computeControls, t = 1.61080
[2023-08-15 22:32:43.722] [info] CMC::computeControls, t = 1.6118
[2023-08-15 22:32:43.751] [info] CMC::computeControls, t = 1.6128
[2023-08-15 22:32:43.781] [info] CMC::computeControls, t = 1.6138
[2023-08-15 22:32:43.811] [info] CMC::computeControls, t = 1.6148
[2023-08-15 22:32:43.837] [info] CMC::computeControls, t = 1.6158
[2023-08-15 22:32:43.855] [info] CMC::computeControls, t = 1.6168
[2023-08-15 22:32:43.882] [info] CMC::computeControls, t = 1.6178
[2023-08-15 22:32:43.921] [info] CMC::computeControls, t = 1.6188
[2023-08-15 22:32:43.949] [info] CMC::computeControls, t = 1.6198
[2023-08-15 22:32:43.989] [info] CMC::computeControls, t = 1.62080
[2023-08-15 22:32:44.010] [info] CMC::computeControls, t = 1.6218
[2023-08-15 22:32:44.026] [info] CMC::computeControls, t = 1.6228
[2023-08-15 22:32:44.045] [info] CMC::computeControls, t = 1.6238
[2023-08-15 22:32:44.083] [info] CMC::computeControls, t = 1.6248
[2023-08-15 22:32:44.118] [info] CMC::computeControls, t = 1.6258
[2023-08-15 22:32:44.152] [info] CMC::computeControls, t = 1.6268
[2023-08-15 22:32:44.172] [info] CMC::computeControls, t = 1.6278
[2023-08-15 22:32:44.203] [info] CMC::computeControls, t = 1.6288
[2023-08-15 22:32:44.233] [info] CMC::computeControls, t = 1.6298
[2023-08-15 22:32:44.260] [info] CMC::computeControls, t = 1.63080
[2023-08-15 22:32:44.284] [info] CMC::computeControls, t = 1.6318
[2023-08-15 22:32:44.318] [info] CMC::computeControls, t = 1.6328
[2023-08-15 22:32:44.359] [info] CMC::computeControls, t = 1.6338
[2023-08-15 22:32:44.377] [info] CMC::computeControls, t = 1.6348
[2023-08-15 22:32:44.410] [info] CMC::computeControls, t = 1.6358
[2023-08-15 22:32:44.443] [info] CMC::computeControls, t = 1.6368
[2023-08-15 22:32:44.459] [info] CMC::computeControls, t = 1.6378
[2023-08-15 22:32:44.474] [info] CMC::computeControls, t = 1.6388
[2023-08-15 22:32:44.502] [info] CMC::computeControls, t = 1.6398
[2023-08-15 22:32:44.522] [info] CMC::computeControls, t = 1.64080
[2023-08-15 22:32:44.540] [info] CMC::computeControls, t = 1.6418
[2023-08-15 22:32:44.563] [info] CMC::computeControls, t = 1.6428
[2023-08-15 22:32:44.584] [info] CMC::computeControls, t = 1.6438
[2023-08-15 22:32:44.608] [info] CMC::computeControls, t = 1.6448
[2023-08-15 22:32:44.625] [info] CMC::computeControls, t = 1.6458
[2023-08-15 22:32:44.641] [info] CMC::computeControls, t = 1.6468
[2023-08-15 22:32:44.673] [info] CMC::computeControls, t = 1.6478
[2023-08-15 22:32:44.703] [info] CMC::computeControls, t = 1.6488
[2023-08-15 22:32:44.729] [info] CMC::computeControls, t = 1.6498
[2023-08-15 22:32:44.763] [info] CMC::computeControls, t = 1.65080
[2023-08-15 22:32:44.794] [info] CMC::computeControls, t = 1.6518
[2023-08-15 22:32:44.824] [info] CMC::computeControls, t = 1.6528
[2023-08-15 22:32:44.852] [info] CMC::computeControls, t = 1.6538
[2023-08-15 22:32:44.888] [info] CMC::computeControls, t = 1.6548
[2023-08-15 22:32:44.927] [info] CMC::computeControls, t = 1.6558
[2023-08-15 22:32:44.942] [info] CMC::computeControls, t = 1.6568
[2023-08-15 22:32:44.957] [info] CMC::computeControls, t = 1.6578
[2023-08-15 22:32:44.983] [info] CMC::computeControls, t = 1.6588
[2023-08-15 22:32:45.013] [info] CMC::computeControls, t = 1.6598
[2023-08-15 22:32:45.029] [info] CMC::computeControls, t = 1.66080
[2023-08-15 22:32:45.056] [info] CMC::computeControls, t = 1.6618
[2023-08-15 22:32:45.080] [info] CMC::computeControls, t = 1.6628
[2023-08-15 22:32:45.108] [info] CMC::computeControls, t = 1.6638
[2023-08-15 22:32:45.127] [info] CMC::computeControls, t = 1.6648
[2023-08-15 22:32:45.156] [info] CMC::computeControls, t = 1.6658
[2023-08-15 22:32:45.193] [info] CMC::computeControls, t = 1.6668
[2023-08-15 22:32:45.230] [info] CMC::computeControls, t = 1.6678
[2023-08-15 22:32:45.250] [info] CMC::computeControls, t = 1.6688
[2023-08-15 22:32:45.266] [info] CMC::computeControls, t = 1.6698
[2023-08-15 22:32:45.281] [info] CMC::computeControls, t = 1.67080
[2023-08-15 22:32:45.300] [info] CMC::computeControls, t = 1.6718
[2023-08-15 22:32:45.319] [info] CMC::computeControls, t = 1.6728
[2023-08-15 22:32:45.355] [info] CMC::computeControls, t = 1.6738
[2023-08-15 22:32:45.374] [info] CMC::computeControls, t = 1.6748
[2023-08-15 22:32:45.413] [info] CMC::computeControls, t = 1.6758
[2023-08-15 22:32:45.447] [info] CMC::computeControls, t = 1.6768
[2023-08-15 22:32:45.482] [info] CMC::computeControls, t = 1.6778
[2023-08-15 22:32:45.518] [info] CMC::computeControls, t = 1.6788
[2023-08-15 22:32:45.541] [info] CMC::computeControls, t = 1.6798
[2023-08-15 22:32:45.564] [info] CMC::computeControls, t = 1.68080
[2023-08-15 22:32:45.579] [info] CMC::computeControls, t = 1.6818
[2023-08-15 22:32:45.605] [info] CMC::computeControls, t = 1.6828
[2023-08-15 22:32:45.629] [info] CMC::computeControls, t = 1.6838
[2023-08-15 22:32:45.650] [info] CMC::computeControls, t = 1.6848
[2023-08-15 22:32:45.686] [info] CMC::computeControls, t = 1.6858
[2023-08-15 22:32:45.710] [info] CMC::computeControls, t = 1.6868
[2023-08-15 22:32:45.725] [info] CMC::computeControls, t = 1.6878
[2023-08-15 22:32:45.752] [info] CMC::computeControls, t = 1.6888
[2023-08-15 22:32:45.787] [info] CMC::computeControls, t = 1.6898
[2023-08-15 22:32:45.816] [info] CMC::computeControls, t = 1.69080
[2023-08-15 22:32:45.831] [info] CMC::computeControls, t = 1.6918
[2023-08-15 22:32:45.846] [info] CMC::computeControls, t = 1.6928
[2023-08-15 22:32:45.864] [info] CMC::computeControls, t = 1.6938
[2023-08-15 22:32:45.901] [info] CMC::computeControls, t = 1.6948
[2023-08-15 22:32:45.918] [info] CMC::computeControls, t = 1.6958
[2023-08-15 22:32:45.953] [info] CMC::computeControls, t = 1.6968
[2023-08-15 22:32:45.976] [info] CMC::computeControls, t = 1.6978
[2023-08-15 22:32:46.003] [info] CMC::computeControls, t = 1.6988
[2023-08-15 22:32:46.031] [info] CMC::computeControls, t = 1.6998
[2023-08-15 22:32:46.057] [info] CMC::computeControls, t = 1.70080
[2023-08-15 22:32:46.077] [info] CMC::computeControls, t = 1.70180
[2023-08-15 22:32:46.113] [info] CMC::computeControls, t = 1.70280
[2023-08-15 22:32:46.139] [info] CMC::computeControls, t = 1.70380
[2023-08-15 22:32:46.156] [info] CMC::computeControls, t = 1.70480
[2023-08-15 22:32:46.173] [info] CMC::computeControls, t = 1.70580
[2023-08-15 22:32:46.204] [info] CMC::computeControls, t = 1.70680
[2023-08-15 22:32:46.237] [info] CMC::computeControls, t = 1.70780
[2023-08-15 22:32:46.257] [info] CMC::computeControls, t = 1.70880
[2023-08-15 22:32:46.278] [info] CMC::computeControls, t = 1.70980
[2023-08-15 22:32:46.312] [info] CMC::computeControls, t = 1.71080
[2023-08-15 22:32:46.337] [info] CMC::computeControls, t = 1.7118
[2023-08-15 22:32:46.373] [info] CMC::computeControls, t = 1.7128
[2023-08-15 22:32:46.391] [info] CMC::computeControls, t = 1.7138
[2023-08-15 22:32:46.414] [info] CMC::computeControls, t = 1.7148
[2023-08-15 22:32:46.438] [info] CMC::computeControls, t = 1.7158
[2023-08-15 22:32:46.476] [info] CMC::computeControls, t = 1.7168
[2023-08-15 22:32:46.512] [info] CMC::computeControls, t = 1.7178
[2023-08-15 22:32:46.545] [info] CMC::computeControls, t = 1.7188
[2023-08-15 22:32:46.569] [info] CMC::computeControls, t = 1.7198
[2023-08-15 22:32:46.585] [info] CMC::computeControls, t = 1.72080
[2023-08-15 22:32:46.617] [info] CMC::computeControls, t = 1.7218
[2023-08-15 22:32:46.685] [info] CMC::computeControls, t = 1.7228
[2023-08-15 22:32:46.708] [info] CMC::computeControls, t = 1.7238
[2023-08-15 22:32:46.732] [info] CMC::computeControls, t = 1.7248
[2023-08-15 22:32:46.752] [info] CMC::computeControls, t = 1.7258
[2023-08-15 22:32:46.778] [info] CMC::computeControls, t = 1.7268
[2023-08-15 22:32:46.806] [info] CMC::computeControls, t = 1.7278
[2023-08-15 22:32:46.829] [info] CMC::computeControls, t = 1.7288
[2023-08-15 22:32:46.846] [info] CMC::computeControls, t = 1.7298
[2023-08-15 22:32:46.876] [info] CMC::computeControls, t = 1.73080
[2023-08-15 22:32:46.914] [info] CMC::computeControls, t = 1.7318
[2023-08-15 22:32:46.944] [info] CMC::computeControls, t = 1.7328
[2023-08-15 22:32:46.961] [info] CMC::computeControls, t = 1.7338
[2023-08-15 22:32:46.976] [info] CMC::computeControls, t = 1.7348
[2023-08-15 22:32:46.991] [info] CMC::computeControls, t = 1.7358
[2023-08-15 22:32:47.015] [info] CMC::computeControls, t = 1.7368
[2023-08-15 22:32:47.030] [info] CMC::computeControls, t = 1.7378
[2023-08-15 22:32:47.049] [info] CMC::computeControls, t = 1.7388
[2023-08-15 22:32:47.082] [info] CMC::computeControls, t = 1.7398
[2023-08-15 22:32:47.110] [info] CMC::computeControls, t = 1.74080
[2023-08-15 22:32:47.129] [info] CMC::computeControls, t = 1.7418
[2023-08-15 22:32:47.157] [info] CMC::computeControls, t = 1.7428
[2023-08-15 22:32:47.180] [info] CMC::computeControls, t = 1.7438
[2023-08-15 22:32:47.209] [info] CMC::computeControls, t = 1.7448
[2023-08-15 22:32:47.232] [info] CMC::computeControls, t = 1.7458
[2023-08-15 22:32:47.253] [info] CMC::computeControls, t = 1.7468
[2023-08-15 22:32:47.286] [info] CMC::computeControls, t = 1.7478
[2023-08-15 22:32:47.326] [info] CMC::computeControls, t = 1.7488
[2023-08-15 22:32:47.342] [info] CMC::computeControls, t = 1.7498
[2023-08-15 22:32:47.368] [info] CMC::computeControls, t = 1.75080
[2023-08-15 22:32:47.395] [info] CMC::computeControls, t = 1.7518
[2023-08-15 22:32:47.427] [info] CMC::computeControls, t = 1.7528
[2023-08-15 22:32:47.460] [info] CMC::computeControls, t = 1.7538
[2023-08-15 22:32:47.486] [info] CMC::computeControls, t = 1.7548
[2023-08-15 22:32:47.509] [info] CMC::computeControls, t = 1.7558
[2023-08-15 22:32:47.533] [info] CMC::computeControls, t = 1.7568
[2023-08-15 22:32:47.548] [info] CMC::computeControls, t = 1.7578
[2023-08-15 22:32:47.578] [info] CMC::computeControls, t = 1.7588
[2023-08-15 22:32:47.608] [info] CMC::computeControls, t = 1.7598
[2023-08-15 22:32:47.625] [info] CMC::computeControls, t = 1.76080
[2023-08-15 22:32:47.641] [info] CMC::computeControls, t = 1.7618
[2023-08-15 22:32:47.657] [info] CMC::computeControls, t = 1.7628
[2023-08-15 22:32:47.678] [info] CMC::computeControls, t = 1.7638
[2023-08-15 22:32:47.693] [info] CMC::computeControls, t = 1.7648
[2023-08-15 22:32:47.718] [info] CMC::computeControls, t = 1.7658
[2023-08-15 22:32:47.748] [info] CMC::computeControls, t = 1.7668
[2023-08-15 22:32:47.779] [info] CMC::computeControls, t = 1.7678
[2023-08-15 22:32:47.805] [info] CMC::computeControls, t = 1.7688
[2023-08-15 22:32:47.844] [info] CMC::computeControls, t = 1.7698
[2023-08-15 22:32:47.888] [info] CMC::computeControls, t = 1.77080
[2023-08-15 22:32:47.911] [info] CMC::computeControls, t = 1.7718
[2023-08-15 22:32:47.927] [info] CMC::computeControls, t = 1.7728
[2023-08-15 22:32:47.942] [info] CMC::computeControls, t = 1.7738
[2023-08-15 22:32:47.969] [info] CMC::computeControls, t = 1.7748
[2023-08-15 22:32:47.998] [info] CMC::computeControls, t = 1.7758
[2023-08-15 22:32:48.037] [info] CMC::computeControls, t = 1.7768
[2023-08-15 22:32:48.068] [info] CMC::computeControls, t = 1.7778
[2023-08-15 22:32:48.095] [info] CMC::computeControls, t = 1.7788
[2023-08-15 22:32:48.123] [info] CMC::computeControls, t = 1.7798
[2023-08-15 22:32:48.148] [info] CMC::computeControls, t = 1.78080
[2023-08-15 22:32:48.172] [info] CMC::computeControls, t = 1.7818
[2023-08-15 22:32:48.197] [info] CMC::computeControls, t = 1.7828
[2023-08-15 22:32:48.229] [info] CMC::computeControls, t = 1.7838
[2023-08-15 22:32:48.266] [info] CMC::computeControls, t = 1.7848
[2023-08-15 22:32:48.288] [info] CMC::computeControls, t = 1.7858
[2023-08-15 22:32:48.309] [info] CMC::computeControls, t = 1.7868
[2023-08-15 22:32:48.341] [info] CMC::computeControls, t = 1.7878
[2023-08-15 22:32:48.365] [info] CMC::computeControls, t = 1.7888
[2023-08-15 22:32:48.387] [info] CMC::computeControls, t = 1.7898
[2023-08-15 22:32:48.408] [info] CMC::computeControls, t = 1.79080
[2023-08-15 22:32:48.439] [info] CMC::computeControls, t = 1.7918
[2023-08-15 22:32:48.471] [info] CMC::computeControls, t = 1.7928
[2023-08-15 22:32:48.486] [info] CMC::computeControls, t = 1.7938
[2023-08-15 22:32:48.505] [info] CMC::computeControls, t = 1.7948
[2023-08-15 22:32:48.529] [info] CMC::computeControls, t = 1.7958
[2023-08-15 22:32:48.561] [info] CMC::computeControls, t = 1.7968
[2023-08-15 22:32:48.582] [info] CMC::computeControls, t = 1.7978
[2023-08-15 22:32:48.601] [info] CMC::computeControls, t = 1.7988
[2023-08-15 22:32:48.628] [info] CMC::computeControls, t = 1.7998
[2023-08-15 22:32:48.643] [info] CMC::computeControls, t = 1.80080
[2023-08-15 22:32:48.659] [info] CMC::computeControls, t = 1.80180
[2023-08-15 22:32:48.674] [info] CMC::computeControls, t = 1.80280
[2023-08-15 22:32:48.690] [info] CMC::computeControls, t = 1.80380
[2023-08-15 22:32:48.713] [info] CMC::computeControls, t = 1.80480
[2023-08-15 22:32:48.748] [info] CMC::computeControls, t = 1.80580
[2023-08-15 22:32:48.782] [info] CMC::computeControls, t = 1.80680
[2023-08-15 22:32:48.797] [info] CMC::computeControls, t = 1.80780
[2023-08-15 22:32:48.813] [info] CMC::computeControls, t = 1.80880
[2023-08-15 22:32:48.829] [info] CMC::computeControls, t = 1.80980
[2023-08-15 22:32:48.846] [info] CMC::computeControls, t = 1.81080
[2023-08-15 22:32:48.884] [info] CMC::computeControls, t = 1.8118
[2023-08-15 22:32:48.909] [info] CMC::computeControls, t = 1.8128
[2023-08-15 22:32:48.934] [info] CMC::computeControls, t = 1.8138
[2023-08-15 22:32:48.952] [info] CMC::computeControls, t = 1.8148
[2023-08-15 22:32:48.972] [info] CMC::computeControls, t = 1.8158
[2023-08-15 22:32:48.988] [info] CMC::computeControls, t = 1.8168
[2023-08-15 22:32:49.015] [info] CMC::computeControls, t = 1.8178
[2023-08-15 22:32:49.042] [info] CMC::computeControls, t = 1.8188
[2023-08-15 22:32:49.062] [info] CMC::computeControls, t = 1.8198
[2023-08-15 22:32:49.092] [info] CMC::computeControls, t = 1.82080
[2023-08-15 22:32:49.123] [info] CMC::computeControls, t = 1.8218
[2023-08-15 22:32:49.151] [info] CMC::computeControls, t = 1.8228
[2023-08-15 22:32:49.167] [info] CMC::computeControls, t = 1.8238
[2023-08-15 22:32:49.183] [info] CMC::computeControls, t = 1.8248
[2023-08-15 22:32:49.214] [info] CMC::computeControls, t = 1.8258
[2023-08-15 22:32:49.235] [info] CMC::computeControls, t = 1.8268
[2023-08-15 22:32:49.260] [info] CMC::computeControls, t = 1.8278
[2023-08-15 22:32:49.284] [info] CMC::computeControls, t = 1.8288
[2023-08-15 22:32:49.306] [info] CMC::computeControls, t = 1.8298
[2023-08-15 22:32:49.326] [info] CMC::computeControls, t = 1.83080
[2023-08-15 22:32:49.349] [info] CMC::computeControls, t = 1.8318
[2023-08-15 22:32:49.390] [info] CMC::computeControls, t = 1.8328
[2023-08-15 22:32:49.424] [info] CMC::computeControls, t = 1.8338
[2023-08-15 22:32:49.446] [info] CMC::computeControls, t = 1.8348
[2023-08-15 22:32:49.484] [info] CMC::computeControls, t = 1.8358
[2023-08-15 22:32:49.522] [info] CMC::computeControls, t = 1.8368
[2023-08-15 22:32:49.563] [info] CMC::computeControls, t = 1.8378
[2023-08-15 22:32:49.582] [info] CMC::computeControls, t = 1.8388
[2023-08-15 22:32:49.608] [info] CMC::computeControls, t = 1.8398
[2023-08-15 22:32:49.635] [info] CMC::computeControls, t = 1.84080
[2023-08-15 22:32:49.657] [info] CMC::computeControls, t = 1.8418
[2023-08-15 22:32:49.685] [info] CMC::computeControls, t = 1.8428
[2023-08-15 22:32:49.721] [info] CMC::computeControls, t = 1.8438
[2023-08-15 22:32:49.749] [info] CMC::computeControls, t = 1.8448
[2023-08-15 22:32:49.776] [info] CMC::computeControls, t = 1.8458
[2023-08-15 22:32:49.814] [info] CMC::computeControls, t = 1.8468
[2023-08-15 22:32:49.842] [info] CMC::computeControls, t = 1.8478
[2023-08-15 22:32:49.874] [info] CMC::computeControls, t = 1.8488
[2023-08-15 22:32:49.895] [info] CMC::computeControls, t = 1.8498
[2023-08-15 22:32:49.921] [info] CMC::computeControls, t = 1.85080
[2023-08-15 22:32:49.949] [info] CMC::computeControls, t = 1.8518
[2023-08-15 22:32:49.979] [info] CMC::computeControls, t = 1.8528
[2023-08-15 22:32:50.017] [info] CMC::computeControls, t = 1.8538
[2023-08-15 22:32:50.046] [info] CMC::computeControls, t = 1.8548
[2023-08-15 22:32:50.071] [info] CMC::computeControls, t = 1.8558
[2023-08-15 22:32:50.112] [info] CMC::computeControls, t = 1.8568
[2023-08-15 22:32:50.144] [info] CMC::computeControls, t = 1.8578
[2023-08-15 22:32:50.182] [info] CMC::computeControls, t = 1.8588
[2023-08-15 22:32:50.199] [info] CMC::computeControls, t = 1.8598
[2023-08-15 22:32:50.215] [info] CMC::computeControls, t = 1.86080
[2023-08-15 22:32:50.236] [info] CMC::computeControls, t = 1.8618
[2023-08-15 22:32:50.253] [info] CMC::computeControls, t = 1.8628
[2023-08-15 22:32:50.268] [info] CMC::computeControls, t = 1.8638
[2023-08-15 22:32:50.288] [info] CMC::computeControls, t = 1.8648
[2023-08-15 22:32:50.304] [info] CMC::computeControls, t = 1.8658
[2023-08-15 22:32:50.327] [info] CMC::computeControls, t = 1.8668
[2023-08-15 22:32:50.352] [info] CMC::computeControls, t = 1.8678
[2023-08-15 22:32:50.370] [info] CMC::computeControls, t = 1.8688
[2023-08-15 22:32:50.394] [info] CMC::computeControls, t = 1.8698
[2023-08-15 22:32:50.429] [info] CMC::computeControls, t = 1.87080
[2023-08-15 22:32:50.451] [info] CMC::computeControls, t = 1.8718
[2023-08-15 22:32:50.474] [info] CMC::computeControls, t = 1.8728
[2023-08-15 22:32:50.514] [info] CMC::computeControls, t = 1.8738
[2023-08-15 22:32:50.544] [info] CMC::computeControls, t = 1.8748
[2023-08-15 22:32:50.567] [info] CMC::computeControls, t = 1.8758
[2023-08-15 22:32:50.596] [info] CMC::computeControls, t = 1.8768
[2023-08-15 22:32:50.643] [info] CMC::computeControls, t = 1.8778
[2023-08-15 22:32:50.665] [info] CMC::computeControls, t = 1.8788
[2023-08-15 22:32:50.691] [info] CMC::computeControls, t = 1.8798
[2023-08-15 22:32:50.709] [info] CMC::computeControls, t = 1.88080
[2023-08-15 22:32:50.729] [info] CMC::computeControls, t = 1.8818
[2023-08-15 22:32:50.752] [info] CMC::computeControls, t = 1.8828
[2023-08-15 22:32:50.780] [info] CMC::computeControls, t = 1.8838
[2023-08-15 22:32:50.796] [info] CMC::computeControls, t = 1.8848
[2023-08-15 22:32:50.821] [info] CMC::computeControls, t = 1.8858
[2023-08-15 22:32:50.856] [info] CMC::computeControls, t = 1.8868
[2023-08-15 22:32:50.885] [info] CMC::computeControls, t = 1.8878
[2023-08-15 22:32:50.908] [info] CMC::computeControls, t = 1.8888
[2023-08-15 22:32:50.934] [info] CMC::computeControls, t = 1.8898
[2023-08-15 22:32:50.956] [info] CMC::computeControls, t = 1.89080
[2023-08-15 22:32:50.982] [info] CMC::computeControls, t = 1.8918
[2023-08-15 22:32:51.012] [info] CMC::computeControls, t = 1.8928
[2023-08-15 22:32:51.053] [info] CMC::computeControls, t = 1.8938
[2023-08-15 22:32:51.089] [info] CMC::computeControls, t = 1.8948
[2023-08-15 22:32:51.132] [info] CMC::computeControls, t = 1.8958
[2023-08-15 22:32:51.159] [info] CMC::computeControls, t = 1.8968
[2023-08-15 22:32:51.185] [info] CMC::computeControls, t = 1.8978
[2023-08-15 22:32:51.234] [info] CMC::computeControls, t = 1.8988
[2023-08-15 22:32:51.261] [info] CMC::computeControls, t = 1.8998
[2023-08-15 22:32:51.289] [info] CMC::computeControls, t = 1.90080
[2023-08-15 22:32:51.314] [info] CMC::computeControls, t = 1.90180
[2023-08-15 22:32:51.342] [info] CMC::computeControls, t = 1.90280
[2023-08-15 22:32:51.370] [info] CMC::computeControls, t = 1.90380
[2023-08-15 22:32:51.395] [info] CMC::computeControls, t = 1.90480
[2023-08-15 22:32:51.431] [info] CMC::computeControls, t = 1.90580
[2023-08-15 22:32:51.454] [info] CMC::computeControls, t = 1.90680
[2023-08-15 22:32:51.479] [info] CMC::computeControls, t = 1.90780
[2023-08-15 22:32:51.498] [info] CMC::computeControls, t = 1.90880
[2023-08-15 22:32:51.521] [info] CMC::computeControls, t = 1.90980
[2023-08-15 22:32:51.542] [info] CMC::computeControls, t = 1.91080
[2023-08-15 22:32:51.569] [info] CMC::computeControls, t = 1.9118
[2023-08-15 22:32:51.593] [info] CMC::computeControls, t = 1.9128
[2023-08-15 22:32:51.621] [info] CMC::computeControls, t = 1.9138
[2023-08-15 22:32:51.645] [info] CMC::computeControls, t = 1.9148
[2023-08-15 22:32:51.668] [info] CMC::computeControls, t = 1.9158
[2023-08-15 22:32:51.688] [info] CMC::computeControls, t = 1.9168
[2023-08-15 22:32:51.704] [info] CMC::computeControls, t = 1.9178
[2023-08-15 22:32:51.720] [info] CMC::computeControls, t = 1.9188
[2023-08-15 22:32:51.745] [info] CMC::computeControls, t = 1.9198
[2023-08-15 22:32:51.768] [info] CMC::computeControls, t = 1.92080
[2023-08-15 22:32:51.785] [info] CMC::computeControls, t = 1.9218
[2023-08-15 22:32:51.805] [info] CMC::computeControls, t = 1.9228
[2023-08-15 22:32:51.829] [info] CMC::computeControls, t = 1.9238
[2023-08-15 22:32:51.859] [info] CMC::computeControls, t = 1.9248
[2023-08-15 22:32:51.875] [info] CMC::computeControls, t = 1.9258
[2023-08-15 22:32:51.896] [info] CMC::computeControls, t = 1.9268
[2023-08-15 22:32:51.911] [info] CMC::computeControls, t = 1.9278
[2023-08-15 22:32:51.942] [info] CMC::computeControls, t = 1.9288
[2023-08-15 22:32:51.958] [info] CMC::computeControls, t = 1.9298
[2023-08-15 22:32:51.990] [info] CMC::computeControls, t = 1.93080
[2023-08-15 22:32:52.013] [info] CMC::computeControls, t = 1.9318
[2023-08-15 22:32:52.053] [info] CMC::computeControls, t = 1.9328
[2023-08-15 22:32:52.078] [info] CMC::computeControls, t = 1.9338
[2023-08-15 22:32:52.103] [info] CMC::computeControls, t = 1.9348
[2023-08-15 22:32:52.121] [info] CMC::computeControls, t = 1.9358
[2023-08-15 22:32:52.145] [info] CMC::computeControls, t = 1.9368
[2023-08-15 22:32:52.176] [info] CMC::computeControls, t = 1.9378
[2023-08-15 22:32:52.194] [info] CMC::computeControls, t = 1.9388
[2023-08-15 22:32:52.212] [info] CMC::computeControls, t = 1.9398
[2023-08-15 22:32:52.239] [info] CMC::computeControls, t = 1.94080
[2023-08-15 22:32:52.261] [info] CMC::computeControls, t = 1.9418
[2023-08-15 22:32:52.293] [info] CMC::computeControls, t = 1.9428
[2023-08-15 22:32:52.313] [info] CMC::computeControls, t = 1.9438
[2023-08-15 22:32:52.349] [info] CMC::computeControls, t = 1.9448
[2023-08-15 22:32:52.366] [info] CMC::computeControls, t = 1.9458
[2023-08-15 22:32:52.390] [info] CMC::computeControls, t = 1.9468
[2023-08-15 22:32:52.407] [info] CMC::computeControls, t = 1.9478
[2023-08-15 22:32:52.432] [info] CMC::computeControls, t = 1.9488
[2023-08-15 22:32:52.466] [info] CMC::computeControls, t = 1.9498
[2023-08-15 22:32:52.504] [info] CMC::computeControls, t = 1.95080
[2023-08-15 22:32:52.532] [info] CMC::computeControls, t = 1.9518
[2023-08-15 22:32:52.560] [info] CMC::computeControls, t = 1.9528
[2023-08-15 22:32:52.578] [info] CMC::computeControls, t = 1.9538
[2023-08-15 22:32:52.614] [info] CMC::computeControls, t = 1.9548
[2023-08-15 22:32:52.635] [info] CMC::computeControls, t = 1.9558
[2023-08-15 22:32:52.651] [info] CMC::computeControls, t = 1.9568
[2023-08-15 22:32:52.667] [info] CMC::computeControls, t = 1.9578
[2023-08-15 22:32:52.688] [info] CMC::computeControls, t = 1.9588
[2023-08-15 22:32:52.722] [info] CMC::computeControls, t = 1.9598
[2023-08-15 22:32:52.742] [info] CMC::computeControls, t = 1.96080
[2023-08-15 22:32:52.759] [info] CMC::computeControls, t = 1.9618
[2023-08-15 22:32:52.807] [info] CMC::computeControls, t = 1.9628
[2023-08-15 22:32:52.830] [info] CMC::computeControls, t = 1.9638
[2023-08-15 22:32:52.845] [info] CMC::computeControls, t = 1.9648
[2023-08-15 22:32:52.860] [info] CMC::computeControls, t = 1.9658
[2023-08-15 22:32:52.881] [info] CMC::computeControls, t = 1.9668
[2023-08-15 22:32:52.898] [info] CMC::computeControls, t = 1.9678
[2023-08-15 22:32:52.930] [info] CMC::computeControls, t = 1.9688
[2023-08-15 22:32:52.955] [info] CMC::computeControls, t = 1.9698
[2023-08-15 22:32:52.985] [info] CMC::computeControls, t = 1.97080
[2023-08-15 22:32:53.019] [info] CMC::computeControls, t = 1.9718
[2023-08-15 22:32:53.043] [info] CMC::computeControls, t = 1.9728
[2023-08-15 22:32:53.058] [info] CMC::computeControls, t = 1.9738
[2023-08-15 22:32:53.089] [info] CMC::computeControls, t = 1.9748
[2023-08-15 22:32:53.123] [info] CMC::computeControls, t = 1.9758
[2023-08-15 22:32:53.139] [info] CMC::computeControls, t = 1.9768
[2023-08-15 22:32:53.173] [info] CMC::computeControls, t = 1.9778
[2023-08-15 22:32:53.206] [info] CMC::computeControls, t = 1.9788
[2023-08-15 22:32:53.239] [info] CMC::computeControls, t = 1.9798
[2023-08-15 22:32:53.267] [info] CMC::computeControls, t = 1.98080
[2023-08-15 22:32:53.291] [info] CMC::computeControls, t = 1.9818
[2023-08-15 22:32:53.320] [info] CMC::computeControls, t = 1.9828
[2023-08-15 22:32:53.350] [info] CMC::computeControls, t = 1.9838
[2023-08-15 22:32:53.376] [info] CMC::computeControls, t = 1.9848
[2023-08-15 22:32:53.404] [info] CMC::computeControls, t = 1.9858
[2023-08-15 22:32:53.444] [info] CMC::computeControls, t = 1.9868
[2023-08-15 22:32:53.466] [info] CMC::computeControls, t = 1.9878
[2023-08-15 22:32:53.502] [info] CMC::computeControls, t = 1.9888
[2023-08-15 22:32:53.520] [info] CMC::computeControls, t = 1.9898
[2023-08-15 22:32:53.536] [info] CMC::computeControls, t = 1.99080
[2023-08-15 22:32:53.556] [info] CMC::computeControls, t = 1.9918
[2023-08-15 22:32:53.574] [info] CMC::computeControls, t = 1.9928
[2023-08-15 22:32:53.600] [info] CMC::computeControls, t = 1.9938
[2023-08-15 22:32:53.628] [info] CMC::computeControls, t = 1.9948
[2023-08-15 22:32:53.657] [info] CMC::computeControls, t = 1.9958
[2023-08-15 22:32:53.680] [info] CMC::computeControls, t = 1.9968
[2023-08-15 22:32:53.703] [info] CMC::computeControls, t = 1.9978
[2023-08-15 22:32:53.775] [info] CMC::computeControls, t = 1.9988
[2023-08-15 22:32:53.815] [info] CMC::computeControls, t = 1.9998
[2023-08-15 22:32:53.847] [info] CMC::computeControls, t = 2.00080
[2023-08-15 22:32:53.888] [info] CMC::computeControls, t = 2.00180
[2023-08-15 22:32:53.920] [info] CMC::computeControls, t = 2.00280
[2023-08-15 22:32:53.940] [info] CMC::computeControls, t = 2.00380
[2023-08-15 22:32:53.962] [info] CMC::computeControls, t = 2.00480
[2023-08-15 22:32:53.987] [info] CMC::computeControls, t = 2.00580
[2023-08-15 22:32:54.011] [info] CMC::computeControls, t = 2.00680
[2023-08-15 22:32:54.035] [info] CMC::computeControls, t = 2.00780
[2023-08-15 22:32:54.061] [info] CMC::computeControls, t = 2.00880
[2023-08-15 22:32:54.103] [info] CMC::computeControls, t = 2.00980
[2023-08-15 22:32:54.125] [info] CMC::computeControls, t = 2.01080
[2023-08-15 22:32:54.149] [info] CMC::computeControls, t = 2.0118
[2023-08-15 22:32:54.167] [info] CMC::computeControls, t = 2.0128
[2023-08-15 22:32:54.204] [info] CMC::computeControls, t = 2.0138
[2023-08-15 22:32:54.238] [info] CMC::computeControls, t = 2.0148
[2023-08-15 22:32:54.258] [info] CMC::computeControls, t = 2.0158
[2023-08-15 22:32:54.277] [info] CMC::computeControls, t = 2.0168
[2023-08-15 22:32:54.314] [info] CMC::computeControls, t = 2.0178
[2023-08-15 22:32:54.330] [info] CMC::computeControls, t = 2.0188
[2023-08-15 22:32:54.367] [info] CMC::computeControls, t = 2.0198
[2023-08-15 22:32:54.394] [info] CMC::computeControls, t = 2.02080
[2023-08-15 22:32:54.410] [info] CMC::computeControls, t = 2.0218
[2023-08-15 22:32:54.428] [info] CMC::computeControls, t = 2.0228
[2023-08-15 22:32:54.450] [info] CMC::computeControls, t = 2.0238
[2023-08-15 22:32:54.475] [info] CMC::computeControls, t = 2.0248
[2023-08-15 22:32:54.500] [info] CMC::computeControls, t = 2.0258
[2023-08-15 22:32:54.525] [info] CMC::computeControls, t = 2.0268
[2023-08-15 22:32:54.548] [info] CMC::computeControls, t = 2.0278
[2023-08-15 22:32:54.575] [info] CMC::computeControls, t = 2.0288
[2023-08-15 22:32:54.603] [info] CMC::computeControls, t = 2.0298
[2023-08-15 22:32:54.626] [info] CMC::computeControls, t = 2.03080
[2023-08-15 22:32:54.664] [info] CMC::computeControls, t = 2.0318
[2023-08-15 22:32:54.679] [info] CMC::computeControls, t = 2.0328
[2023-08-15 22:32:54.698] [info] CMC::computeControls, t = 2.0338
[2023-08-15 22:32:54.738] [info] CMC::computeControls, t = 2.0348
[2023-08-15 22:32:54.775] [info] CMC::computeControls, t = 2.0358
[2023-08-15 22:32:54.804] [info] CMC::computeControls, t = 2.0368
[2023-08-15 22:32:54.829] [info] CMC::computeControls, t = 2.0378
[2023-08-15 22:32:54.851] [info] CMC::computeControls, t = 2.0388
[2023-08-15 22:32:54.876] [info] CMC::computeControls, t = 2.0398
[2023-08-15 22:32:54.902] [info] CMC::computeControls, t = 2.04080
[2023-08-15 22:32:54.918] [info] CMC::computeControls, t = 2.0418
[2023-08-15 22:32:54.950] [info] CMC::computeControls, t = 2.0428
[2023-08-15 22:32:54.982] [info] CMC::computeControls, t = 2.0438
[2023-08-15 22:32:55.024] [info] CMC::computeControls, t = 2.0448
[2023-08-15 22:32:55.051] [info] CMC::computeControls, t = 2.0458
[2023-08-15 22:32:55.088] [info] CMC::computeControls, t = 2.0468
[2023-08-15 22:32:55.125] [info] CMC::computeControls, t = 2.0478
[2023-08-15 22:32:55.155] [info] CMC::computeControls, t = 2.0488
[2023-08-15 22:32:55.177] [info] CMC::computeControls, t = 2.0498
[2023-08-15 22:32:55.198] [info] CMC::computeControls, t = 2.05080
[2023-08-15 22:32:55.222] [info] CMC::computeControls, t = 2.0518
[2023-08-15 22:32:55.251] [info] CMC::computeControls, t = 2.0528
[2023-08-15 22:32:55.270] [info] CMC::computeControls, t = 2.0538
[2023-08-15 22:32:55.290] [info] CMC::computeControls, t = 2.0548
[2023-08-15 22:32:55.314] [info] CMC::computeControls, t = 2.0558
[2023-08-15 22:32:55.330] [info] CMC::computeControls, t = 2.0568
[2023-08-15 22:32:55.347] [info] CMC::computeControls, t = 2.0578
[2023-08-15 22:32:55.379] [info] CMC::computeControls, t = 2.0588
[2023-08-15 22:32:55.397] [info] CMC::computeControls, t = 2.0598
[2023-08-15 22:32:55.427] [info] CMC::computeControls, t = 2.06080
[2023-08-15 22:32:55.456] [info] CMC::computeControls, t = 2.0618
[2023-08-15 22:32:55.472] [info] CMC::computeControls, t = 2.0628
[2023-08-15 22:32:55.501] [info] CMC::computeControls, t = 2.0638
[2023-08-15 22:32:55.527] [info] CMC::computeControls, t = 2.0648
[2023-08-15 22:32:55.544] [info] CMC::computeControls, t = 2.0658
[2023-08-15 22:32:55.560] [info] CMC::computeControls, t = 2.0668
[2023-08-15 22:32:55.585] [info] CMC::computeControls, t = 2.0678
[2023-08-15 22:32:55.606] [info] CMC::computeControls, t = 2.0688
[2023-08-15 22:32:55.627] [info] CMC::computeControls, t = 2.0698
[2023-08-15 22:32:55.643] [info] CMC::computeControls, t = 2.07080
[2023-08-15 22:32:55.659] [info] CMC::computeControls, t = 2.0718
[2023-08-15 22:32:55.679] [info] CMC::computeControls, t = 2.0728
[2023-08-15 22:32:55.720] [info] CMC::computeControls, t = 2.0738
[2023-08-15 22:32:55.755] [info] CMC::computeControls, t = 2.0748
[2023-08-15 22:32:55.782] [info] CMC::computeControls, t = 2.0758
[2023-08-15 22:32:55.797] [info] CMC::computeControls, t = 2.0768
[2023-08-15 22:32:55.813] [info] CMC::computeControls, t = 2.0778
[2023-08-15 22:32:55.844] [info] CMC::computeControls, t = 2.0788
[2023-08-15 22:32:55.873] [info] CMC::computeControls, t = 2.0798
[2023-08-15 22:32:55.903] [info] CMC::computeControls, t = 2.08080
[2023-08-15 22:32:55.928] [info] CMC::computeControls, t = 2.0818
[2023-08-15 22:32:55.949] [info] CMC::computeControls, t = 2.0828
[2023-08-15 22:32:55.972] [info] CMC::computeControls, t = 2.0838
[2023-08-15 22:32:55.990] [info] CMC::computeControls, t = 2.0848
[2023-08-15 22:32:56.006] [info] CMC::computeControls, t = 2.0858
[2023-08-15 22:32:56.039] [info] CMC::computeControls, t = 2.0868
[2023-08-15 22:32:56.065] [info] CMC::computeControls, t = 2.0878
[2023-08-15 22:32:56.090] [info] CMC::computeControls, t = 2.0888
[2023-08-15 22:32:56.110] [info] CMC::computeControls, t = 2.0898
[2023-08-15 22:32:56.137] [info] CMC::computeControls, t = 2.09080
[2023-08-15 22:32:56.162] [info] CMC::computeControls, t = 2.0918
[2023-08-15 22:32:56.183] [info] CMC::computeControls, t = 2.0928
[2023-08-15 22:32:56.226] [info] CMC::computeControls, t = 2.0938
[2023-08-15 22:32:56.245] [info] CMC::computeControls, t = 2.0948
[2023-08-15 22:32:56.264] [info] CMC::computeControls, t = 2.0958
[2023-08-15 22:32:56.282] [info] CMC::computeControls, t = 2.0968
[2023-08-15 22:32:56.318] [info] CMC::computeControls, t = 2.0978
[2023-08-15 22:32:56.352] [info] CMC::computeControls, t = 2.0988
[2023-08-15 22:32:56.368] [info] CMC::computeControls, t = 2.0998
[2023-08-15 22:32:56.384] [info] CMC::computeControls, t = 2.10080
[2023-08-15 22:32:56.400] [info] CMC::computeControls, t = 2.10180
[2023-08-15 22:32:56.426] [info] CMC::computeControls, t = 2.10280
[2023-08-15 22:32:56.442] [info] CMC::computeControls, t = 2.10380
[2023-08-15 22:32:56.474] [info] CMC::computeControls, t = 2.10480
[2023-08-15 22:32:56.500] [info] CMC::computeControls, t = 2.10580
[2023-08-15 22:32:56.519] [info] CMC::computeControls, t = 2.10680
[2023-08-15 22:32:56.550] [info] CMC::computeControls, t = 2.10780
[2023-08-15 22:32:56.583] [info] CMC::computeControls, t = 2.10880
[2023-08-15 22:32:56.610] [info] CMC::computeControls, t = 2.10980
[2023-08-15 22:32:56.649] [info] CMC::computeControls, t = 2.11080
[2023-08-15 22:32:56.674] [info] CMC::computeControls, t = 2.1118
[2023-08-15 22:32:56.706] [info] CMC::computeControls, t = 2.1128
[2023-08-15 22:32:56.730] [info] CMC::computeControls, t = 2.1138
[2023-08-15 22:32:56.760] [info] CMC::computeControls, t = 2.1148
[2023-08-15 22:32:56.781] [info] CMC::computeControls, t = 2.1158
[2023-08-15 22:32:56.809] [info] CMC::computeControls, t = 2.1168
[2023-08-15 22:32:56.825] [info] CMC::computeControls, t = 2.1178
[2023-08-15 22:32:56.844] [info] CMC::computeControls, t = 2.1188
[2023-08-15 22:32:56.860] [info] CMC::computeControls, t = 2.1198
[2023-08-15 22:32:56.884] [info] CMC::computeControls, t = 2.12080
[2023-08-15 22:32:56.904] [info] CMC::computeControls, t = 2.1218
[2023-08-15 22:32:56.924] [info] CMC::computeControls, t = 2.1228
[2023-08-15 22:32:56.955] [info] CMC::computeControls, t = 2.1238
[2023-08-15 22:32:56.977] [info] CMC::computeControls, t = 2.1248
[2023-08-15 22:32:56.998] [info] CMC::computeControls, t = 2.1258
[2023-08-15 22:32:57.017] [info] CMC::computeControls, t = 2.1268
[2023-08-15 22:32:57.042] [info] CMC::computeControls, t = 2.1278
[2023-08-15 22:32:57.058] [info] CMC::computeControls, t = 2.1288
[2023-08-15 22:32:57.086] [info] CMC::computeControls, t = 2.1298
[2023-08-15 22:32:57.110] [info] CMC::computeControls, t = 2.13080
[2023-08-15 22:32:57.125] [info] CMC::computeControls, t = 2.1318
[2023-08-15 22:32:57.152] [info] CMC::computeControls, t = 2.1328
[2023-08-15 22:32:57.176] [info] CMC::computeControls, t = 2.1338
[2023-08-15 22:32:57.197] [info] CMC::computeControls, t = 2.1348
[2023-08-15 22:32:57.231] [info] CMC::computeControls, t = 2.1358
[2023-08-15 22:32:57.250] [info] CMC::computeControls, t = 2.1368
[2023-08-15 22:32:57.267] [info] CMC::computeControls, t = 2.1378
[2023-08-15 22:32:57.307] [info] CMC::computeControls, t = 2.1388
[2023-08-15 22:32:57.343] [info] CMC::computeControls, t = 2.1398
[2023-08-15 22:32:57.364] [info] CMC::computeControls, t = 2.14080
[2023-08-15 22:32:57.382] [info] CMC::computeControls, t = 2.1418
[2023-08-15 22:32:57.407] [info] CMC::computeControls, t = 2.1428
[2023-08-15 22:32:57.432] [info] CMC::computeControls, t = 2.1438
[2023-08-15 22:32:57.457] [info] CMC::computeControls, t = 2.1448
[2023-08-15 22:32:57.476] [info] CMC::computeControls, t = 2.1458
[2023-08-15 22:32:57.512] [info] CMC::computeControls, t = 2.1468
[2023-08-15 22:32:57.540] [info] CMC::computeControls, t = 2.1478
[2023-08-15 22:32:57.558] [info] CMC::computeControls, t = 2.1488
[2023-08-15 22:32:57.578] [info] CMC::computeControls, t = 2.1498
[2023-08-15 22:32:57.610] [info] CMC::computeControls, t = 2.15080
[2023-08-15 22:32:57.662] [info] CMC::computeControls, t = 2.1518
[2023-08-15 22:32:57.698] [info] CMC::computeControls, t = 2.1528
[2023-08-15 22:32:57.725] [info] CMC::computeControls, t = 2.1538
[2023-08-15 22:32:57.747] [info] CMC::computeControls, t = 2.1548
[2023-08-15 22:32:57.781] [info] CMC::computeControls, t = 2.1558
[2023-08-15 22:32:57.812] [info] CMC::computeControls, t = 2.1568
[2023-08-15 22:32:57.834] [info] CMC::computeControls, t = 2.1578
[2023-08-15 22:32:57.859] [info] CMC::computeControls, t = 2.1588
[2023-08-15 22:32:57.883] [info] CMC::computeControls, t = 2.1598
[2023-08-15 22:32:57.905] [info] CMC::computeControls, t = 2.16080
[2023-08-15 22:32:57.930] [info] CMC::computeControls, t = 2.1618
[2023-08-15 22:32:57.968] [info] CMC::computeControls, t = 2.1628
[2023-08-15 22:32:57.984] [info] CMC::computeControls, t = 2.1638
[2023-08-15 22:32:58.007] [info] CMC::computeControls, t = 2.1648
[2023-08-15 22:32:58.031] [info] CMC::computeControls, t = 2.1658
[2023-08-15 22:32:58.068] [info] CMC::computeControls, t = 2.1668
[2023-08-15 22:32:58.086] [info] CMC::computeControls, t = 2.1678
[2023-08-15 22:32:58.102] [info] CMC::computeControls, t = 2.1688
[2023-08-15 22:32:58.143] [info] CMC::computeControls, t = 2.1698
[2023-08-15 22:32:58.173] [info] CMC::computeControls, t = 2.17080
[2023-08-15 22:32:58.213] [info] CMC::computeControls, t = 2.1718
[2023-08-15 22:32:58.234] [info] CMC::computeControls, t = 2.1728
[2023-08-15 22:32:58.266] [info] CMC::computeControls, t = 2.1738
[2023-08-15 22:32:58.309] [info] CMC::computeControls, t = 2.1748
[2023-08-15 22:32:58.325] [info] CMC::computeControls, t = 2.1758
[2023-08-15 22:32:58.341] [info] CMC::computeControls, t = 2.1768
[2023-08-15 22:32:58.357] [info] CMC::computeControls, t = 2.1778
[2023-08-15 22:32:58.378] [info] CMC::computeControls, t = 2.1788
[2023-08-15 22:32:58.399] [info] CMC::computeControls, t = 2.1798
[2023-08-15 22:32:58.428] [info] CMC::computeControls, t = 2.18080
[2023-08-15 22:32:58.461] [info] CMC::computeControls, t = 2.1818
[2023-08-15 22:32:58.482] [info] CMC::computeControls, t = 2.1828
[2023-08-15 22:32:58.509] [info] CMC::computeControls, t = 2.1838
[2023-08-15 22:32:58.527] [info] CMC::computeControls, t = 2.1848
[2023-08-15 22:32:58.542] [info] CMC::computeControls, t = 2.1858
[2023-08-15 22:32:58.558] [info] CMC::computeControls, t = 2.1868
[2023-08-15 22:32:58.576] [info] CMC::computeControls, t = 2.1878
[2023-08-15 22:32:58.593] [info] CMC::computeControls, t = 2.1888
[2023-08-15 22:32:58.620] [info] CMC::computeControls, t = 2.1898
[2023-08-15 22:32:58.637] [info] CMC::computeControls, t = 2.19080
[2023-08-15 22:32:58.657] [info] CMC::computeControls, t = 2.1918
[2023-08-15 22:32:58.680] [info] CMC::computeControls, t = 2.1928
[2023-08-15 22:32:58.695] [info] CMC::computeControls, t = 2.1938
[2023-08-15 22:32:58.723] [info] CMC::computeControls, t = 2.1948
[2023-08-15 22:32:58.739] [info] CMC::computeControls, t = 2.1958
[2023-08-15 22:32:58.754] [info] CMC::computeControls, t = 2.1968
[2023-08-15 22:32:58.781] [info] CMC::computeControls, t = 2.1978
[2023-08-15 22:32:58.808] [info] CMC::computeControls, t = 2.1988
[2023-08-15 22:32:58.829] [info] CMC::computeControls, t = 2.1998
[2023-08-15 22:32:58.845] [info] CMC::computeControls, t = 2.20080
[2023-08-15 22:32:58.870] [info] CMC::computeControls, t = 2.20180
[2023-08-15 22:32:58.890] [info] CMC::computeControls, t = 2.20280
[2023-08-15 22:32:58.918] [info] CMC::computeControls, t = 2.20380
[2023-08-15 22:32:58.944] [info] CMC::computeControls, t = 2.20480
[2023-08-15 22:32:58.978] [info] CMC::computeControls, t = 2.20580
[2023-08-15 22:32:58.995] [info] CMC::computeControls, t = 2.20680
[2023-08-15 22:32:59.020] [info] CMC::computeControls, t = 2.20780
[2023-08-15 22:32:59.036] [info] CMC::computeControls, t = 2.20880
[2023-08-15 22:32:59.052] [info] CMC::computeControls, t = 2.20980
[2023-08-15 22:32:59.068] [info] CMC::computeControls, t = 2.21080
[2023-08-15 22:32:59.092] [info] CMC::computeControls, t = 2.2118
[2023-08-15 22:32:59.112] [info] CMC::computeControls, t = 2.2128
[2023-08-15 22:32:59.142] [info] CMC::computeControls, t = 2.2138
[2023-08-15 22:32:59.165] [info] CMC::computeControls, t = 2.2148
[2023-08-15 22:32:59.189] [info] CMC::computeControls, t = 2.2158
[2023-08-15 22:32:59.215] [info] CMC::computeControls, t = 2.2168
[2023-08-15 22:32:59.243] [info] CMC::computeControls, t = 2.2178
[2023-08-15 22:32:59.266] [info] CMC::computeControls, t = 2.2188
[2023-08-15 22:32:59.286] [info] CMC::computeControls, t = 2.2198
[2023-08-15 22:32:59.302] [info] CMC::computeControls, t = 2.22080
[2023-08-15 22:32:59.325] [info] CMC::computeControls, t = 2.2218
[2023-08-15 22:32:59.340] [info] CMC::computeControls, t = 2.2228
[2023-08-15 22:32:59.356] [info] CMC::computeControls, t = 2.2238
[2023-08-15 22:32:59.383] [info] CMC::computeControls, t = 2.2248
[2023-08-15 22:32:59.402] [info] CMC::computeControls, t = 2.2258
[2023-08-15 22:32:59.432] [info] CMC::computeControls, t = 2.2268
[2023-08-15 22:32:59.468] [info] CMC::computeControls, t = 2.2278
[2023-08-15 22:32:59.514] [info] CMC::computeControls, t = 2.2288
[2023-08-15 22:32:59.533] [info] CMC::computeControls, t = 2.2298
[2023-08-15 22:32:59.564] [info] -------------------------------------------
[2023-08-15 22:32:59.564] [info] Finished tracking the specified kinematics:
[2023-08-15 22:32:59.564] [info] -------------------------------------------
[2023-08-15 22:32:59.564] [info]  -- Start time = Tue Aug 15 22:32:42 2023
[2023-08-15 22:32:59.564] [info]  -- Finish time = Tue Aug 15 22:32:59 2023
[2023-08-15 22:32:59.564] [info]  -- Elapsed time = 17.0 seconds.
[2023-08-15 22:32:59.564] [info] -------------------------------------------
[2023-08-15 22:32:59.564] [info] 
[2023-08-15 22:32:59.565] [info] Printing results of investigation subject17_run5_cycle3_iter1 to cycle3/
[2023-08-15 22:33:00.149] [info] 

************************************************************
*      Summary of Mass Adjustments to Reduce Residuals     *
************************************************************
* Body adjusted: torso
* Mass Center (COM) adjustment: dx =-0.1, dz =0.0170108
* New COM location: ~[0.0713998,0.305069,-0.0170108]
************************************************************
* Recommended mass adjustments:                             
*  Total mass change: 2.26718
*  pelvis: orig mass = 10.7245, new mass = 11.0797
*  femur_r: orig mass = 8.47013, new mass = 8.75068
*  tibia_r: orig mass = 3.37616, new mass = 3.48799
*  talus_r: orig mass = 0.0910629, new mass = 0.0940792
*  calcn_r: orig mass = 1.13829, new mass = 1.17599
*  toes_r: orig mass = 0.197242, new mass = 0.203776
*  femur_l: orig mass = 8.47013, new mass = 8.75068
*  tibia_l: orig mass = 3.37616, new mass = 3.48799
*  talus_l: orig mass = 0.0910629, new mass = 0.0940792
*  calcn_l: orig mass = 1.13829, new mass = 1.17599
*  toes_l: orig mass = 0.197242, new mass = 0.203776
*  torso: orig mass = 24.4291, new mass = 25.2383
*  humerus_r: orig mass = 1.85085, new mass = 1.91216
*  ulna_r: orig mass = 0.553207, new mass = 0.571531
*  radius_r: orig mass = 0.553207, new mass = 0.571531
*  hand_r: orig mass = 0.416613, new mass = 0.430412
*  humerus_l: orig mass = 1.85085, new mass = 1.91216
*  ulna_l: orig mass = 0.553207, new mass = 0.571531
*  radius_l: orig mass = 0.553207, new mass = 0.571531
*  hand_l: orig mass = 0.416613, new mass = 0.430412
************************************************************
* Note: Edit the model to make recommended adjustments to  *
*       mass properties.                                   *
************************************************************

* Average residuals before adjusting torso COM:
*  FX=-0.878515 FY=-22.2334 FZ=-3.33823
*  MX=-4.07523 MY=3.95931 MZ=-33.1372
************************************************************
* Average residuals after adjusting torso COM:
*  FX=-1.01596 FY=-21.7796 FZ=-2.64064
*  MX=-1.63821 MY=3.32898 MZ=-9.26267
************************************************************


[2023-08-15 22:33:00.149] [info] 
************************************************************
*                   Final Average Residuals                *
************************************************************
* After torso COM and Kinematics adjustments:
*  FX=7.83378 FY=-9.72882 FZ=1.30721
*  MX=-5.56158 MY=-3.06608 MZ=11.0653
************************************************************


