[2023-08-15 22:06:11.493] [info] Storage: read data file = ..\rra1\cycle2\subject03_run5_cycle2_iter1_Kinematics_q.sto (nr=699 nc=38)
[2023-08-15 22:06:11.515] [info] Storage: read data file = ..\rra1\cycle2\subject03_run5_cycle2_iter1_Kinematics_q.sto (nr=699 nc=38)
[2023-08-15 22:06:11.552] [info] AbstractTool subject03_run5_cycle2_iter2 loading model ..\rra1\cycle2\subject03_run5_cycle2_rraAdjusted_iter1.osim
[2023-08-15 22:06:11.592] [info] Loaded model subject03_scaled from file ..\rra1\cycle2\subject03_run5_cycle2_rraAdjusted_iter1.osim
[2023-08-15 22:06:11.622] [info] Adding force object set from ..\subject03_run5_RRA_Actuators.xml
[2023-08-15 22:06:11.628] [info] Running tool subject03_run5_cycle2_iter2.
[2023-08-15 22:06:11.640] [warning] ExternalLoads 'externalloads' has subcomponents with duplicate name 'externalforce'. The duplicate is being renamed to 'externalforce_0'.
[2023-08-15 22:06:11.651] [info] 	taskSet size = 29.
[2023-08-15 22:06:11.712] [info] ExternalForce::externalforce Data source being set to Run_500 03_newCOP3_v24.mot
[2023-08-15 22:06:11.712] [info] ExternalForce::externalforce_0 Data source being set to Run_500 03_newCOP3_v24.mot
[2023-08-15 22:06:11.716] [warning] A desired points file was not specified.
[2023-08-15 22:06:11.716] [info] Loading desired kinematics from file '..\rra1\cycle2\subject03_run5_cycle2_iter1_Kinematics_q.sto'...
[2023-08-15 22:06:11.716] [info] Storage: read data file = ..\rra1\cycle2\subject03_run5_cycle2_iter1_Kinematics_q.sto (nr=699 nc=38)
[2023-08-15 22:06:11.738] [info] Not filtering the desired kinematics.
[2023-08-15 22:06:11.739] [cout] [info] MODEL: subject03_scaled

numStates = 74
numCoordinates = 37
numSpeeds = 37
numActuators = 29
numBodies = 20
numConstraints = 0
numProbes = 0

ANALYSES (total: 0)

BODIES (total: 20)
body[0] = pelvis. mass: 10.2638
              moments of inertia:  ~[0.106728,0.106728,0.0523826]
              products of inertia: ~[0,0,0]
body[1] = femur_r. mass: 8.10626
              moments of inertia:  ~[0.139404,0.0365429,0.147004]
              products of inertia: ~[0,0,0]
body[2] = tibia_r. mass: 3.23112
              moments of inertia:  ~[0.0484375,0.0041671,0.0484375]
              products of inertia: ~[0,0,0]
body[3] = talus_r. mass: 0.087151
              moments of inertia:  ~[0.000953409,0.000953409,0.000953409]
              products of inertia: ~[0,0,0]
body[4] = calcn_r. mass: 1.08939
              moments of inertia:  ~[0.00133477,0.00371829,0.00390898]
              products of inertia: ~[0,0,0]
body[5] = toes_r. mass: 0.188769
              moments of inertia:  ~[9.53409e-05,0.000190682,0.000953409]
              products of inertia: ~[0,0,0]
body[6] = femur_l. mass: 8.10626
              moments of inertia:  ~[0.139404,0.0365429,0.147004]
              products of inertia: ~[0,0,0]
body[7] = tibia_l. mass: 3.23112
              moments of inertia:  ~[0.0484375,0.0041671,0.0484375]
              products of inertia: ~[0,0,0]
body[8] = talus_l. mass: 0.087151
              moments of inertia:  ~[0.000953409,0.000953409,0.000953409]
              products of inertia: ~[0,0,0]
body[9] = calcn_l. mass: 1.08939
              moments of inertia:  ~[0.00133477,0.00371829,0.00390898]
              products of inertia: ~[0,0,0]
body[10] = toes_l. mass: 0.188769
              moments of inertia:  ~[9.53409e-05,0.000190682,0.000953409]
              products of inertia: ~[0,0,0]
body[11] = torso. mass: 23.3796
              moments of inertia:  ~[1.34416,0.688715,1.30487]
              products of inertia: ~[0,0,0]
body[12] = humerus_r. mass: 1.77134
              moments of inertia:  ~[0.0130498,0.00450178,0.014648]
              products of inertia: ~[0,0,0]
body[13] = ulna_r. mass: 0.529442
              moments of inertia:  ~[0.00303753,0.000633759,0.00329493]
              products of inertia: ~[0,0,0]
body[14] = radius_r. mass: 0.529442
              moments of inertia:  ~[0.00303753,0.000633759,0.00329493]
              products of inertia: ~[0,0,0]
body[15] = hand_r. mass: 0.398716
              moments of inertia:  ~[0.000914746,0.000560949,0.00137417]
              products of inertia: ~[0,0,0]
body[16] = humerus_l. mass: 1.77134
              moments of inertia:  ~[0.0130498,0.00450178,0.014648]
              products of inertia: ~[0,0,0]
body[17] = ulna_l. mass: 0.529442
              moments of inertia:  ~[0.00303753,0.000633759,0.00329493]
              products of inertia: ~[0,0,0]
body[18] = radius_l. mass: 0.529442
              moments of inertia:  ~[0.00303753,0.000633759,0.00329493]
              products of inertia: ~[0,0,0]
body[19] = hand_l. mass: 0.398716
              moments of inertia:  ~[0.000914746,0.000560949,0.00137417]
              products of inertia: ~[0,0,0]

JOINTS (total: 20)
joint[0] = ground_pelvis. parent: ground_offset, child: pelvis_offset
joint[1] = hip_r. parent: pelvis_offset, child: femur_r_offset
joint[2] = knee_r. parent: femur_r_offset, child: tibia_r_offset
joint[3] = ankle_r. parent: tibia_r_offset, child: talus_r_offset
joint[4] = subtalar_r. parent: talus_r_offset, child: calcn_r_offset
joint[5] = mtp_r. parent: calcn_r_offset, child: toes_r_offset
joint[6] = hip_l. parent: pelvis_offset, child: femur_l_offset
joint[7] = knee_l. parent: femur_l_offset, child: tibia_l_offset
joint[8] = ankle_l. parent: tibia_l_offset, child: talus_l_offset
joint[9] = subtalar_l. parent: talus_l_offset, child: calcn_l_offset
joint[10] = mtp_l. parent: calcn_l_offset, child: toes_l_offset
joint[11] = back. parent: pelvis_offset, child: torso_offset
joint[12] = acromial_r. parent: torso_offset, child: humerus_r_offset
joint[13] = elbow_r. parent: humerus_r_offset, child: ulna_r_offset
joint[14] = radioulnar_r. parent: ulna_r_offset, child: radius_r_offset
joint[15] = radius_hand_r. parent: radius_r_offset, child: hand_r_offset
joint[16] = acromial_l. parent: torso_offset, child: humerus_l_offset
joint[17] = elbow_l. parent: humerus_l_offset, child: ulna_l_offset
joint[18] = radioulnar_l. parent: ulna_l_offset, child: radius_l_offset
joint[19] = radius_hand_l. parent: radius_l_offset, child: hand_l_offset

ACTUATORS (total: 29)
actuator[0] = FX
actuator[1] = FY
actuator[2] = FZ
actuator[3] = MZ
actuator[4] = MX
actuator[5] = MY
actuator[6] = hip_flexion_r
actuator[7] = hip_adduction_r
actuator[8] = hip_rotation_r
actuator[9] = knee_angle_r
actuator[10] = ankle_angle_r
actuator[11] = hip_flexion_l
actuator[12] = hip_adduction_l
actuator[13] = hip_rotation_l
actuator[14] = knee_angle_l
actuator[15] = ankle_angle_l
actuator[16] = lumbar_extension
actuator[17] = lumbar_bending
actuator[18] = lumbar_rotation
actuator[19] = arm_flex_r
actuator[20] = arm_add_r
actuator[21] = arm_rot_r
actuator[22] = elbow_flex_r
actuator[23] = pro_sup_r
actuator[24] = arm_flex_l
actuator[25] = arm_add_l
actuator[26] = arm_rot_l
actuator[27] = elbow_flex_l
actuator[28] = pro_sup_l

STATES (total: 74)
y[0] = /jointset/ground_pelvis/pelvis_tilt/value
y[1] = /jointset/ground_pelvis/pelvis_tilt/speed
y[2] = /jointset/ground_pelvis/pelvis_list/value
y[3] = /jointset/ground_pelvis/pelvis_list/speed
y[4] = /jointset/ground_pelvis/pelvis_rotation/value
y[5] = /jointset/ground_pelvis/pelvis_rotation/speed
y[6] = /jointset/ground_pelvis/pelvis_tx/value
y[7] = /jointset/ground_pelvis/pelvis_tx/speed
y[8] = /jointset/ground_pelvis/pelvis_ty/value
y[9] = /jointset/ground_pelvis/pelvis_ty/speed
y[10] = /jointset/ground_pelvis/pelvis_tz/value
y[11] = /jointset/ground_pelvis/pelvis_tz/speed
y[12] = /jointset/hip_r/hip_flexion_r/value
y[13] = /jointset/hip_r/hip_flexion_r/speed
y[14] = /jointset/hip_r/hip_adduction_r/value
y[15] = /jointset/hip_r/hip_adduction_r/speed
y[16] = /jointset/hip_r/hip_rotation_r/value
y[17] = /jointset/hip_r/hip_rotation_r/speed
y[18] = /jointset/knee_r/knee_angle_r/value
y[19] = /jointset/knee_r/knee_angle_r/speed
y[20] = /jointset/ankle_r/ankle_angle_r/value
y[21] = /jointset/ankle_r/ankle_angle_r/speed
y[22] = /jointset/subtalar_r/subtalar_angle_r/value
y[23] = /jointset/subtalar_r/subtalar_angle_r/speed
y[24] = /jointset/mtp_r/mtp_angle_r/value
y[25] = /jointset/mtp_r/mtp_angle_r/speed
y[26] = /jointset/hip_l/hip_flexion_l/value
y[27] = /jointset/hip_l/hip_flexion_l/speed
y[28] = /jointset/hip_l/hip_adduction_l/value
y[29] = /jointset/hip_l/hip_adduction_l/speed
y[30] = /jointset/hip_l/hip_rotation_l/value
y[31] = /jointset/hip_l/hip_rotation_l/speed
y[32] = /jointset/knee_l/knee_angle_l/value
y[33] = /jointset/knee_l/knee_angle_l/speed
y[34] = /jointset/ankle_l/ankle_angle_l/value
y[35] = /jointset/ankle_l/ankle_angle_l/speed
y[36] = /jointset/subtalar_l/subtalar_angle_l/value
y[37] = /jointset/subtalar_l/subtalar_angle_l/speed
y[38] = /jointset/mtp_l/mtp_angle_l/value
y[39] = /jointset/mtp_l/mtp_angle_l/speed
y[40] = /jointset/back/lumbar_extension/value
y[41] = /jointset/back/lumbar_extension/speed
y[42] = /jointset/back/lumbar_bending/value
y[43] = /jointset/back/lumbar_bending/speed
y[44] = /jointset/back/lumbar_rotation/value
y[45] = /jointset/back/lumbar_rotation/speed
y[46] = /jointset/acromial_r/arm_flex_r/value
y[47] = /jointset/acromial_r/arm_flex_r/speed
y[48] = /jointset/acromial_r/arm_add_r/value
y[49] = /jointset/acromial_r/arm_add_r/speed
y[50] = /jointset/acromial_r/arm_rot_r/value
y[51] = /jointset/acromial_r/arm_rot_r/speed
y[52] = /jointset/elbow_r/elbow_flex_r/value
y[53] = /jointset/elbow_r/elbow_flex_r/speed
y[54] = /jointset/radioulnar_r/pro_sup_r/value
y[55] = /jointset/radioulnar_r/pro_sup_r/speed
y[56] = /jointset/radius_hand_r/wrist_flex_r/value
y[57] = /jointset/radius_hand_r/wrist_flex_r/speed
y[58] = /jointset/radius_hand_r/wrist_dev_r/value
y[59] = /jointset/radius_hand_r/wrist_dev_r/speed
y[60] = /jointset/acromial_l/arm_flex_l/value
y[61] = /jointset/acromial_l/arm_flex_l/speed
y[62] = /jointset/acromial_l/arm_add_l/value
y[63] = /jointset/acromial_l/arm_add_l/speed
y[64] = /jointset/acromial_l/arm_rot_l/value
y[65] = /jointset/acromial_l/arm_rot_l/speed
y[66] = /jointset/elbow_l/elbow_flex_l/value
y[67] = /jointset/elbow_l/elbow_flex_l/speed
y[68] = /jointset/radioulnar_l/pro_sup_l/value
y[69] = /jointset/radioulnar_l/pro_sup_l/speed
y[70] = /jointset/radius_hand_l/wrist_flex_l/value
y[71] = /jointset/radius_hand_l/wrist_flex_l/speed
y[72] = /jointset/radius_hand_l/wrist_dev_l/value
y[73] = /jointset/radius_hand_l/wrist_dev_l/speed

[2023-08-15 22:06:11.891] [warning] Coordinate.setValue:  coordinate subtalar_angle_r is locked. Unable to change its value.
[2023-08-15 22:06:11.891] [warning] Coordinate.setValue:  coordinate mtp_angle_r is locked. Unable to change its value.
[2023-08-15 22:06:11.891] [warning] Coordinate.setValue:  coordinate subtalar_angle_l is locked. Unable to change its value.
[2023-08-15 22:06:11.891] [warning] Coordinate.setValue:  coordinate mtp_angle_l is locked. Unable to change its value.
[2023-08-15 22:06:11.891] [warning] Coordinate.setValue:  coordinate wrist_flex_r is locked. Unable to change its value.
[2023-08-15 22:06:11.891] [warning] Coordinate.setValue:  coordinate wrist_dev_r is locked. Unable to change its value.
[2023-08-15 22:06:11.891] [warning] Coordinate.setValue:  coordinate wrist_flex_l is locked. Unable to change its value.
[2023-08-15 22:06:11.891] [warning] Coordinate.setValue:  coordinate wrist_dev_l is locked. Unable to change its value.
[2023-08-15 22:06:11.948] [info] Requested COM adjustment time range 0.913 to 1.543, clamped to nearest available data times: 0.913 to 1.543.
[2023-08-15 22:06:11.948] [info] Computing average residuals between 0.913 and 1.543...
[2023-08-15 22:06:12.016] [info] ExternalForce::externalforce Data source being set to Run_500 03_newCOP3_v24.mot
[2023-08-15 22:06:12.016] [info] ExternalForce::externalforce_0 Data source being set to Run_500 03_newCOP3_v24.mot
[2023-08-15 22:06:12.075] [info] ExternalForce::externalforce Data source being set to Run_500 03_newCOP3_v24.mot
[2023-08-15 22:06:12.075] [info] ExternalForce::externalforce_0 Data source being set to Run_500 03_newCOP3_v24.mot
[2023-08-15 22:06:14.846] [info] ExternalForce::externalforce Data source being set to Run_500 03_newCOP3_v24.mot
[2023-08-15 22:06:14.846] [info] ExternalForce::externalforce_0 Data source being set to Run_500 03_newCOP3_v24.mot
[2023-08-15 22:06:14.850] [info] Computing average residuals between 0.913 and 1.543...
[2023-08-15 22:06:14.921] [info] ExternalForce::externalforce Data source being set to Run_500 03_newCOP3_v24.mot
[2023-08-15 22:06:14.921] [info] ExternalForce::externalforce_0 Data source being set to Run_500 03_newCOP3_v24.mot
[2023-08-15 22:06:14.979] [info] ExternalForce::externalforce Data source being set to Run_500 03_newCOP3_v24.mot
[2023-08-15 22:06:14.979] [info] ExternalForce::externalforce_0 Data source being set to Run_500 03_newCOP3_v24.mot
[2023-08-15 22:06:18.177] [info] Constructing function set for tracking desired kinematics...
[2023-08-15 22:06:18.577] [warning] No Actuation analysis found in analysis set, adding one...
[2023-08-15 22:06:18.577] [warning] No Kinematics analysis found in analysis set, adding one...
[2023-08-15 22:06:18.580] [info] Using the generalized coordinates specified in '..\rra1\cycle2\subject03_run5_cycle2_iter1_Kinematics_q.sto' to set the initial configuration.
[2023-08-15 22:06:18.674] [info] Using IPOPT optimizer algorithm.
[2023-08-15 22:06:18.674] [info] Setting optimizer print level to 0.
[2023-08-15 22:06:18.674] [info] Setting optimizer convergence tolerance to 1.0e-05.
[2023-08-15 22:06:18.674] [info] Setting optimizer maximum iterations to 2000.
[2023-08-15 22:06:18.674] [info] Setting cmc controller to not use verbose printing.

[2023-08-15 22:06:18.675] [info] CMC::computeControls, t = 0.913
[2023-08-15 22:06:19.477] [info] --------------------------------------------
[2023-08-15 22:06:19.477] [info] Using CMC to track the specified kinematics:
[2023-08-15 22:06:19.477] [info] --------------------------------------------
[2023-08-15 22:06:19.477] [info]  -- Integrating from 0.913 to 1.543
[2023-08-15 22:06:19.477] [info]  -- Start time = Tue Aug 15 22:06:19 2023
[2023-08-15 22:06:19.477] [info] --------------------------------------------
[2023-08-15 22:06:19.477] [info] 
[2023-08-15 22:06:19.481] [info] CMC::computeControls, t = 0.913
[2023-08-15 22:06:19.510] [info] CMC::computeControls, t = 0.914
[2023-08-15 22:06:19.510] [warning] Coordinate.setValue:  coordinate subtalar_angle_r is locked. Unable to change its value.
[2023-08-15 22:06:19.510] [warning] Coordinate.setValue:  coordinate mtp_angle_r is locked. Unable to change its value.
[2023-08-15 22:06:19.510] [warning] Coordinate.setValue:  coordinate subtalar_angle_l is locked. Unable to change its value.
[2023-08-15 22:06:19.510] [warning] Coordinate.setValue:  coordinate mtp_angle_l is locked. Unable to change its value.
[2023-08-15 22:06:19.510] [warning] Coordinate.setValue:  coordinate wrist_flex_r is locked. Unable to change its value.
[2023-08-15 22:06:19.510] [warning] Coordinate.setValue:  coordinate wrist_dev_r is locked. Unable to change its value.
[2023-08-15 22:06:19.510] [warning] Coordinate.setValue:  coordinate wrist_flex_l is locked. Unable to change its value.
[2023-08-15 22:06:19.510] [warning] Coordinate.setValue:  coordinate wrist_dev_l is locked. Unable to change its value.
[2023-08-15 22:06:19.531] [info] CMC::computeControls, t = 0.915
[2023-08-15 22:06:19.552] [info] CMC::computeControls, t = 0.916
[2023-08-15 22:06:19.571] [info] CMC::computeControls, t = 0.917
[2023-08-15 22:06:19.590] [info] CMC::computeControls, t = 0.918
[2023-08-15 22:06:19.608] [info] CMC::computeControls, t = 0.919
[2023-08-15 22:06:19.626] [info] CMC::computeControls, t = 0.92
[2023-08-15 22:06:19.644] [info] CMC::computeControls, t = 0.921
[2023-08-15 22:06:19.662] [info] CMC::computeControls, t = 0.922
[2023-08-15 22:06:19.679] [info] CMC::computeControls, t = 0.923
[2023-08-15 22:06:19.697] [info] CMC::computeControls, t = 0.924
[2023-08-15 22:06:19.715] [info] CMC::computeControls, t = 0.925
[2023-08-15 22:06:19.733] [info] CMC::computeControls, t = 0.926
[2023-08-15 22:06:19.750] [info] CMC::computeControls, t = 0.927
[2023-08-15 22:06:19.769] [info] CMC::computeControls, t = 0.928
[2023-08-15 22:06:19.787] [info] CMC::computeControls, t = 0.929
[2023-08-15 22:06:19.804] [info] CMC::computeControls, t = 0.93
[2023-08-15 22:06:19.822] [info] CMC::computeControls, t = 0.931
[2023-08-15 22:06:19.840] [info] CMC::computeControls, t = 0.932
[2023-08-15 22:06:19.866] [info] CMC::computeControls, t = 0.933
[2023-08-15 22:06:19.887] [info] CMC::computeControls, t = 0.934
[2023-08-15 22:06:19.905] [info] CMC::computeControls, t = 0.935
[2023-08-15 22:06:19.922] [info] CMC::computeControls, t = 0.936
[2023-08-15 22:06:19.940] [info] CMC::computeControls, t = 0.937
[2023-08-15 22:06:19.960] [info] CMC::computeControls, t = 0.938
[2023-08-15 22:06:19.977] [info] CMC::computeControls, t = 0.939
[2023-08-15 22:06:19.999] [info] CMC::computeControls, t = 0.94
[2023-08-15 22:06:20.023] [info] CMC::computeControls, t = 0.941
[2023-08-15 22:06:20.041] [info] CMC::computeControls, t = 0.942
[2023-08-15 22:06:20.059] [info] CMC::computeControls, t = 0.943
[2023-08-15 22:06:20.078] [info] CMC::computeControls, t = 0.944
[2023-08-15 22:06:20.098] [info] CMC::computeControls, t = 0.945
[2023-08-15 22:06:20.116] [info] CMC::computeControls, t = 0.946
[2023-08-15 22:06:20.133] [info] CMC::computeControls, t = 0.947
[2023-08-15 22:06:20.150] [info] CMC::computeControls, t = 0.948
[2023-08-15 22:06:20.166] [info] CMC::computeControls, t = 0.949
[2023-08-15 22:06:20.183] [info] CMC::computeControls, t = 0.95
[2023-08-15 22:06:20.199] [info] CMC::computeControls, t = 0.951
[2023-08-15 22:06:20.216] [info] CMC::computeControls, t = 0.952
[2023-08-15 22:06:20.237] [info] CMC::computeControls, t = 0.953
[2023-08-15 22:06:20.254] [info] CMC::computeControls, t = 0.954
[2023-08-15 22:06:20.271] [info] CMC::computeControls, t = 0.955
[2023-08-15 22:06:20.287] [info] CMC::computeControls, t = 0.956
[2023-08-15 22:06:20.304] [info] CMC::computeControls, t = 0.957
[2023-08-15 22:06:20.321] [info] CMC::computeControls, t = 0.958
[2023-08-15 22:06:20.337] [info] CMC::computeControls, t = 0.959
[2023-08-15 22:06:20.357] [info] CMC::computeControls, t = 0.96
[2023-08-15 22:06:20.374] [info] CMC::computeControls, t = 0.961
[2023-08-15 22:06:20.390] [info] CMC::computeControls, t = 0.962
[2023-08-15 22:06:20.407] [info] CMC::computeControls, t = 0.963
[2023-08-15 22:06:20.424] [info] CMC::computeControls, t = 0.964
[2023-08-15 22:06:20.440] [info] CMC::computeControls, t = 0.965
[2023-08-15 22:06:20.457] [info] CMC::computeControls, t = 0.966
[2023-08-15 22:06:20.473] [info] CMC::computeControls, t = 0.967
[2023-08-15 22:06:20.490] [info] CMC::computeControls, t = 0.968
[2023-08-15 22:06:20.507] [info] CMC::computeControls, t = 0.969
[2023-08-15 22:06:20.523] [info] CMC::computeControls, t = 0.97
[2023-08-15 22:06:20.541] [info] CMC::computeControls, t = 0.971
[2023-08-15 22:06:20.558] [info] CMC::computeControls, t = 0.972
[2023-08-15 22:06:20.575] [info] CMC::computeControls, t = 0.973
[2023-08-15 22:06:20.594] [info] CMC::computeControls, t = 0.974
[2023-08-15 22:06:20.611] [info] CMC::computeControls, t = 0.975
[2023-08-15 22:06:20.628] [info] CMC::computeControls, t = 0.976
[2023-08-15 22:06:20.645] [info] CMC::computeControls, t = 0.977
[2023-08-15 22:06:20.661] [info] CMC::computeControls, t = 0.978
[2023-08-15 22:06:20.681] [info] CMC::computeControls, t = 0.979
[2023-08-15 22:06:20.697] [info] CMC::computeControls, t = 0.98
[2023-08-15 22:06:20.714] [info] CMC::computeControls, t = 0.981
[2023-08-15 22:06:20.731] [info] CMC::computeControls, t = 0.982
[2023-08-15 22:06:20.748] [info] CMC::computeControls, t = 0.983
[2023-08-15 22:06:20.764] [info] CMC::computeControls, t = 0.984
[2023-08-15 22:06:20.780] [info] CMC::computeControls, t = 0.985
[2023-08-15 22:06:20.796] [info] CMC::computeControls, t = 0.986
[2023-08-15 22:06:20.813] [info] CMC::computeControls, t = 0.987
[2023-08-15 22:06:20.829] [info] CMC::computeControls, t = 0.988
[2023-08-15 22:06:20.845] [info] CMC::computeControls, t = 0.989
[2023-08-15 22:06:20.862] [info] CMC::computeControls, t = 0.99
[2023-08-15 22:06:20.879] [info] CMC::computeControls, t = 0.991
[2023-08-15 22:06:20.896] [info] CMC::computeControls, t = 0.992
[2023-08-15 22:06:20.912] [info] CMC::computeControls, t = 0.993
[2023-08-15 22:06:20.928] [info] CMC::computeControls, t = 0.994
[2023-08-15 22:06:20.944] [info] CMC::computeControls, t = 0.995
[2023-08-15 22:06:20.961] [info] CMC::computeControls, t = 0.996
[2023-08-15 22:06:20.977] [info] CMC::computeControls, t = 0.997
[2023-08-15 22:06:20.993] [info] CMC::computeControls, t = 0.998
[2023-08-15 22:06:21.009] [info] CMC::computeControls, t = 0.999
[2023-08-15 22:06:21.026] [info] CMC::computeControls, t = 1.0
[2023-08-15 22:06:21.047] [info] CMC::computeControls, t = 1.00100
[2023-08-15 22:06:21.063] [info] CMC::computeControls, t = 1.00200
[2023-08-15 22:06:21.082] [info] CMC::computeControls, t = 1.00300
[2023-08-15 22:06:21.098] [info] CMC::computeControls, t = 1.00400
[2023-08-15 22:06:21.117] [info] CMC::computeControls, t = 1.00500
[2023-08-15 22:06:21.136] [info] CMC::computeControls, t = 1.00600
[2023-08-15 22:06:21.154] [info] CMC::computeControls, t = 1.00700
[2023-08-15 22:06:21.173] [info] CMC::computeControls, t = 1.00800
[2023-08-15 22:06:21.191] [info] CMC::computeControls, t = 1.00900
[2023-08-15 22:06:21.210] [info] CMC::computeControls, t = 1.01
[2023-08-15 22:06:21.229] [info] CMC::computeControls, t = 1.011
[2023-08-15 22:06:21.248] [info] CMC::computeControls, t = 1.012
[2023-08-15 22:06:21.266] [info] CMC::computeControls, t = 1.013
[2023-08-15 22:06:21.286] [info] CMC::computeControls, t = 1.014
[2023-08-15 22:06:21.304] [info] CMC::computeControls, t = 1.015
[2023-08-15 22:06:21.323] [info] CMC::computeControls, t = 1.016
[2023-08-15 22:06:21.341] [info] CMC::computeControls, t = 1.017
[2023-08-15 22:06:21.361] [info] CMC::computeControls, t = 1.018
[2023-08-15 22:06:21.379] [info] CMC::computeControls, t = 1.019
[2023-08-15 22:06:21.397] [info] CMC::computeControls, t = 1.02
[2023-08-15 22:06:21.416] [info] CMC::computeControls, t = 1.021
[2023-08-15 22:06:21.434] [info] CMC::computeControls, t = 1.022
[2023-08-15 22:06:21.452] [info] CMC::computeControls, t = 1.023
[2023-08-15 22:06:21.470] [info] CMC::computeControls, t = 1.024
[2023-08-15 22:06:21.488] [info] CMC::computeControls, t = 1.025
[2023-08-15 22:06:21.507] [info] CMC::computeControls, t = 1.026
[2023-08-15 22:06:21.525] [info] CMC::computeControls, t = 1.027
[2023-08-15 22:06:21.543] [info] CMC::computeControls, t = 1.028
[2023-08-15 22:06:21.560] [info] CMC::computeControls, t = 1.029
[2023-08-15 22:06:21.579] [info] CMC::computeControls, t = 1.03
[2023-08-15 22:06:21.598] [info] CMC::computeControls, t = 1.031
[2023-08-15 22:06:21.618] [info] CMC::computeControls, t = 1.032
[2023-08-15 22:06:21.638] [info] CMC::computeControls, t = 1.033
[2023-08-15 22:06:21.657] [info] CMC::computeControls, t = 1.034
[2023-08-15 22:06:21.675] [info] CMC::computeControls, t = 1.035
[2023-08-15 22:06:21.693] [info] CMC::computeControls, t = 1.036
[2023-08-15 22:06:21.711] [info] CMC::computeControls, t = 1.037
[2023-08-15 22:06:21.729] [info] CMC::computeControls, t = 1.038
[2023-08-15 22:06:21.748] [info] CMC::computeControls, t = 1.039
[2023-08-15 22:06:21.766] [info] CMC::computeControls, t = 1.04
[2023-08-15 22:06:21.784] [info] CMC::computeControls, t = 1.041
[2023-08-15 22:06:21.802] [info] CMC::computeControls, t = 1.042
[2023-08-15 22:06:21.820] [info] CMC::computeControls, t = 1.043
[2023-08-15 22:06:21.838] [info] CMC::computeControls, t = 1.044
[2023-08-15 22:06:21.856] [info] CMC::computeControls, t = 1.045
[2023-08-15 22:06:21.874] [info] CMC::computeControls, t = 1.046
[2023-08-15 22:06:21.893] [info] CMC::computeControls, t = 1.047
[2023-08-15 22:06:21.912] [info] CMC::computeControls, t = 1.048
[2023-08-15 22:06:21.930] [info] CMC::computeControls, t = 1.049
[2023-08-15 22:06:21.948] [info] CMC::computeControls, t = 1.05
[2023-08-15 22:06:21.966] [info] CMC::computeControls, t = 1.051
[2023-08-15 22:06:21.984] [info] CMC::computeControls, t = 1.052
[2023-08-15 22:06:22.002] [info] CMC::computeControls, t = 1.053
[2023-08-15 22:06:22.019] [info] CMC::computeControls, t = 1.054
[2023-08-15 22:06:22.037] [info] CMC::computeControls, t = 1.055
[2023-08-15 22:06:22.055] [info] CMC::computeControls, t = 1.056
[2023-08-15 22:06:22.073] [info] CMC::computeControls, t = 1.057
[2023-08-15 22:06:22.091] [info] CMC::computeControls, t = 1.058
[2023-08-15 22:06:22.109] [info] CMC::computeControls, t = 1.059
[2023-08-15 22:06:22.125] [info] CMC::computeControls, t = 1.06
[2023-08-15 22:06:22.145] [info] CMC::computeControls, t = 1.061
[2023-08-15 22:06:22.162] [info] CMC::computeControls, t = 1.062
[2023-08-15 22:06:22.178] [info] CMC::computeControls, t = 1.063
[2023-08-15 22:06:22.195] [info] CMC::computeControls, t = 1.064
[2023-08-15 22:06:22.212] [info] CMC::computeControls, t = 1.065
[2023-08-15 22:06:22.229] [info] CMC::computeControls, t = 1.066
[2023-08-15 22:06:22.245] [info] CMC::computeControls, t = 1.067
[2023-08-15 22:06:22.262] [info] CMC::computeControls, t = 1.068
[2023-08-15 22:06:22.278] [info] CMC::computeControls, t = 1.069
[2023-08-15 22:06:22.296] [info] CMC::computeControls, t = 1.07
[2023-08-15 22:06:22.313] [info] CMC::computeControls, t = 1.071
[2023-08-15 22:06:22.336] [info] CMC::computeControls, t = 1.072
[2023-08-15 22:06:22.355] [info] CMC::computeControls, t = 1.073
[2023-08-15 22:06:22.372] [info] CMC::computeControls, t = 1.074
[2023-08-15 22:06:22.389] [info] CMC::computeControls, t = 1.075
[2023-08-15 22:06:22.406] [info] CMC::computeControls, t = 1.076
[2023-08-15 22:06:22.423] [info] CMC::computeControls, t = 1.077
[2023-08-15 22:06:22.440] [info] CMC::computeControls, t = 1.078
[2023-08-15 22:06:22.456] [info] CMC::computeControls, t = 1.079
[2023-08-15 22:06:22.473] [info] CMC::computeControls, t = 1.08
[2023-08-15 22:06:22.490] [info] CMC::computeControls, t = 1.081
[2023-08-15 22:06:22.507] [info] CMC::computeControls, t = 1.082
[2023-08-15 22:06:22.523] [info] CMC::computeControls, t = 1.083
[2023-08-15 22:06:22.542] [info] CMC::computeControls, t = 1.084
[2023-08-15 22:06:22.558] [info] CMC::computeControls, t = 1.085
[2023-08-15 22:06:22.575] [info] CMC::computeControls, t = 1.086
[2023-08-15 22:06:22.591] [info] CMC::computeControls, t = 1.087
[2023-08-15 22:06:22.608] [info] CMC::computeControls, t = 1.088
[2023-08-15 22:06:22.630] [info] CMC::computeControls, t = 1.089
[2023-08-15 22:06:22.650] [info] CMC::computeControls, t = 1.09
[2023-08-15 22:06:22.667] [info] CMC::computeControls, t = 1.091
[2023-08-15 22:06:22.687] [info] CMC::computeControls, t = 1.092
[2023-08-15 22:06:22.705] [info] CMC::computeControls, t = 1.093
[2023-08-15 22:06:22.722] [info] CMC::computeControls, t = 1.094
[2023-08-15 22:06:22.739] [info] CMC::computeControls, t = 1.095
[2023-08-15 22:06:22.755] [info] CMC::computeControls, t = 1.096
[2023-08-15 22:06:22.772] [info] CMC::computeControls, t = 1.097
[2023-08-15 22:06:22.789] [info] CMC::computeControls, t = 1.098
[2023-08-15 22:06:22.806] [info] CMC::computeControls, t = 1.099
[2023-08-15 22:06:22.822] [info] CMC::computeControls, t = 1.1
[2023-08-15 22:06:22.839] [info] CMC::computeControls, t = 1.10100
[2023-08-15 22:06:22.856] [info] CMC::computeControls, t = 1.10200
[2023-08-15 22:06:22.872] [info] CMC::computeControls, t = 1.10300
[2023-08-15 22:06:22.889] [info] CMC::computeControls, t = 1.10400
[2023-08-15 22:06:22.905] [info] CMC::computeControls, t = 1.10500
[2023-08-15 22:06:22.922] [info] CMC::computeControls, t = 1.10600
[2023-08-15 22:06:22.939] [info] CMC::computeControls, t = 1.10700
[2023-08-15 22:06:22.956] [info] CMC::computeControls, t = 1.10800
[2023-08-15 22:06:22.973] [info] CMC::computeControls, t = 1.10900
[2023-08-15 22:06:22.989] [info] CMC::computeControls, t = 1.11
[2023-08-15 22:06:23.005] [info] CMC::computeControls, t = 1.111
[2023-08-15 22:06:23.022] [info] CMC::computeControls, t = 1.112
[2023-08-15 22:06:23.038] [info] CMC::computeControls, t = 1.113
[2023-08-15 22:06:23.055] [info] CMC::computeControls, t = 1.114
[2023-08-15 22:06:23.071] [info] CMC::computeControls, t = 1.115
[2023-08-15 22:06:23.089] [info] CMC::computeControls, t = 1.116
[2023-08-15 22:06:23.106] [info] CMC::computeControls, t = 1.117
[2023-08-15 22:06:23.123] [info] CMC::computeControls, t = 1.118
[2023-08-15 22:06:23.143] [info] CMC::computeControls, t = 1.119
[2023-08-15 22:06:23.160] [info] CMC::computeControls, t = 1.12
[2023-08-15 22:06:23.178] [info] CMC::computeControls, t = 1.121
[2023-08-15 22:06:23.195] [info] CMC::computeControls, t = 1.122
[2023-08-15 22:06:23.212] [info] CMC::computeControls, t = 1.123
[2023-08-15 22:06:23.229] [info] CMC::computeControls, t = 1.124
[2023-08-15 22:06:23.251] [info] CMC::computeControls, t = 1.125
[2023-08-15 22:06:23.268] [info] CMC::computeControls, t = 1.126
[2023-08-15 22:06:23.285] [info] CMC::computeControls, t = 1.127
[2023-08-15 22:06:23.302] [info] CMC::computeControls, t = 1.128
[2023-08-15 22:06:23.322] [info] CMC::computeControls, t = 1.129
[2023-08-15 22:06:23.339] [info] CMC::computeControls, t = 1.13
[2023-08-15 22:06:23.356] [info] CMC::computeControls, t = 1.131
[2023-08-15 22:06:23.376] [info] CMC::computeControls, t = 1.132
[2023-08-15 22:06:23.398] [info] CMC::computeControls, t = 1.133
[2023-08-15 22:06:23.421] [info] CMC::computeControls, t = 1.134
[2023-08-15 22:06:23.441] [info] CMC::computeControls, t = 1.135
[2023-08-15 22:06:23.460] [info] CMC::computeControls, t = 1.136
[2023-08-15 22:06:23.478] [info] CMC::computeControls, t = 1.137
[2023-08-15 22:06:23.494] [info] CMC::computeControls, t = 1.138
[2023-08-15 22:06:23.511] [info] CMC::computeControls, t = 1.139
[2023-08-15 22:06:23.528] [info] CMC::computeControls, t = 1.14
[2023-08-15 22:06:23.544] [info] CMC::computeControls, t = 1.141
[2023-08-15 22:06:23.562] [info] CMC::computeControls, t = 1.142
[2023-08-15 22:06:23.578] [info] CMC::computeControls, t = 1.143
[2023-08-15 22:06:23.595] [info] CMC::computeControls, t = 1.144
[2023-08-15 22:06:23.612] [info] CMC::computeControls, t = 1.145
[2023-08-15 22:06:23.628] [info] CMC::computeControls, t = 1.146
[2023-08-15 22:06:23.645] [info] CMC::computeControls, t = 1.147
[2023-08-15 22:06:23.665] [info] CMC::computeControls, t = 1.148
[2023-08-15 22:06:23.681] [info] CMC::computeControls, t = 1.149
[2023-08-15 22:06:23.699] [info] CMC::computeControls, t = 1.15
[2023-08-15 22:06:23.716] [info] CMC::computeControls, t = 1.151
[2023-08-15 22:06:23.733] [info] CMC::computeControls, t = 1.152
[2023-08-15 22:06:23.749] [info] CMC::computeControls, t = 1.153
[2023-08-15 22:06:23.766] [info] CMC::computeControls, t = 1.154
[2023-08-15 22:06:23.783] [info] CMC::computeControls, t = 1.155
[2023-08-15 22:06:23.800] [info] CMC::computeControls, t = 1.156
[2023-08-15 22:06:23.816] [info] CMC::computeControls, t = 1.157
[2023-08-15 22:06:23.833] [info] CMC::computeControls, t = 1.158
[2023-08-15 22:06:23.850] [info] CMC::computeControls, t = 1.159
[2023-08-15 22:06:23.867] [info] CMC::computeControls, t = 1.16
[2023-08-15 22:06:23.883] [info] CMC::computeControls, t = 1.161
[2023-08-15 22:06:23.900] [info] CMC::computeControls, t = 1.162
[2023-08-15 22:06:23.917] [info] CMC::computeControls, t = 1.163
[2023-08-15 22:06:23.934] [info] CMC::computeControls, t = 1.164
[2023-08-15 22:06:23.951] [info] CMC::computeControls, t = 1.165
[2023-08-15 22:06:23.968] [info] CMC::computeControls, t = 1.166
[2023-08-15 22:06:23.985] [info] CMC::computeControls, t = 1.167
[2023-08-15 22:06:24.002] [info] CMC::computeControls, t = 1.168
[2023-08-15 22:06:24.022] [info] CMC::computeControls, t = 1.169
[2023-08-15 22:06:24.039] [info] CMC::computeControls, t = 1.17
[2023-08-15 22:06:24.057] [info] CMC::computeControls, t = 1.171
[2023-08-15 22:06:24.074] [info] CMC::computeControls, t = 1.172
[2023-08-15 22:06:24.091] [info] CMC::computeControls, t = 1.173
[2023-08-15 22:06:24.107] [info] CMC::computeControls, t = 1.174
[2023-08-15 22:06:24.123] [info] CMC::computeControls, t = 1.175
[2023-08-15 22:06:24.139] [info] CMC::computeControls, t = 1.176
[2023-08-15 22:06:24.157] [info] CMC::computeControls, t = 1.177
[2023-08-15 22:06:24.173] [info] CMC::computeControls, t = 1.178
[2023-08-15 22:06:24.189] [info] CMC::computeControls, t = 1.179
[2023-08-15 22:06:24.206] [info] CMC::computeControls, t = 1.18
[2023-08-15 22:06:24.222] [info] CMC::computeControls, t = 1.181
[2023-08-15 22:06:24.238] [info] CMC::computeControls, t = 1.182
[2023-08-15 22:06:24.253] [info] CMC::computeControls, t = 1.183
[2023-08-15 22:06:24.269] [info] CMC::computeControls, t = 1.184
[2023-08-15 22:06:24.285] [info] CMC::computeControls, t = 1.185
[2023-08-15 22:06:24.301] [info] CMC::computeControls, t = 1.186
[2023-08-15 22:06:24.317] [info] CMC::computeControls, t = 1.187
[2023-08-15 22:06:24.332] [info] CMC::computeControls, t = 1.188
[2023-08-15 22:06:24.348] [info] CMC::computeControls, t = 1.189
[2023-08-15 22:06:24.364] [info] CMC::computeControls, t = 1.19
[2023-08-15 22:06:24.380] [info] CMC::computeControls, t = 1.191
[2023-08-15 22:06:24.396] [info] CMC::computeControls, t = 1.192
[2023-08-15 22:06:24.412] [info] CMC::computeControls, t = 1.193
[2023-08-15 22:06:24.428] [info] CMC::computeControls, t = 1.194
[2023-08-15 22:06:24.444] [info] CMC::computeControls, t = 1.195
[2023-08-15 22:06:24.461] [info] CMC::computeControls, t = 1.196
[2023-08-15 22:06:24.477] [info] CMC::computeControls, t = 1.197
[2023-08-15 22:06:24.493] [info] CMC::computeControls, t = 1.198
[2023-08-15 22:06:24.509] [info] CMC::computeControls, t = 1.199
[2023-08-15 22:06:24.525] [info] CMC::computeControls, t = 1.2
[2023-08-15 22:06:24.541] [info] CMC::computeControls, t = 1.20100
[2023-08-15 22:06:24.557] [info] CMC::computeControls, t = 1.20200
[2023-08-15 22:06:24.573] [info] CMC::computeControls, t = 1.20300
[2023-08-15 22:06:24.589] [info] CMC::computeControls, t = 1.20400
[2023-08-15 22:06:24.604] [info] CMC::computeControls, t = 1.20500
[2023-08-15 22:06:24.623] [info] CMC::computeControls, t = 1.20600
[2023-08-15 22:06:24.639] [info] CMC::computeControls, t = 1.20700
[2023-08-15 22:06:24.655] [info] CMC::computeControls, t = 1.20800
[2023-08-15 22:06:24.672] [info] CMC::computeControls, t = 1.20900
[2023-08-15 22:06:24.688] [info] CMC::computeControls, t = 1.21
[2023-08-15 22:06:24.705] [info] CMC::computeControls, t = 1.211
[2023-08-15 22:06:24.721] [info] CMC::computeControls, t = 1.212
[2023-08-15 22:06:24.738] [info] CMC::computeControls, t = 1.213
[2023-08-15 22:06:24.754] [info] CMC::computeControls, t = 1.214
[2023-08-15 22:06:24.770] [info] CMC::computeControls, t = 1.215
[2023-08-15 22:06:24.787] [info] CMC::computeControls, t = 1.216
[2023-08-15 22:06:24.803] [info] CMC::computeControls, t = 1.217
[2023-08-15 22:06:24.819] [info] CMC::computeControls, t = 1.218
[2023-08-15 22:06:24.835] [info] CMC::computeControls, t = 1.219
[2023-08-15 22:06:24.852] [info] CMC::computeControls, t = 1.22
[2023-08-15 22:06:24.868] [info] CMC::computeControls, t = 1.221
[2023-08-15 22:06:24.884] [info] CMC::computeControls, t = 1.222
[2023-08-15 22:06:24.902] [info] CMC::computeControls, t = 1.223
[2023-08-15 22:06:24.918] [info] CMC::computeControls, t = 1.224
[2023-08-15 22:06:24.934] [info] CMC::computeControls, t = 1.225
[2023-08-15 22:06:24.950] [info] CMC::computeControls, t = 1.226
[2023-08-15 22:06:24.969] [info] CMC::computeControls, t = 1.227
[2023-08-15 22:06:24.985] [info] CMC::computeControls, t = 1.228
[2023-08-15 22:06:25.001] [info] CMC::computeControls, t = 1.229
[2023-08-15 22:06:25.017] [info] CMC::computeControls, t = 1.23
[2023-08-15 22:06:25.033] [info] CMC::computeControls, t = 1.231
[2023-08-15 22:06:25.050] [info] CMC::computeControls, t = 1.232
[2023-08-15 22:06:25.066] [info] CMC::computeControls, t = 1.233
[2023-08-15 22:06:25.081] [info] CMC::computeControls, t = 1.234
[2023-08-15 22:06:25.099] [info] CMC::computeControls, t = 1.235
[2023-08-15 22:06:25.115] [info] CMC::computeControls, t = 1.236
[2023-08-15 22:06:25.130] [info] CMC::computeControls, t = 1.237
[2023-08-15 22:06:25.145] [info] CMC::computeControls, t = 1.238
[2023-08-15 22:06:25.160] [info] CMC::computeControls, t = 1.239
[2023-08-15 22:06:25.181] [info] CMC::computeControls, t = 1.24
[2023-08-15 22:06:25.201] [info] CMC::computeControls, t = 1.241
[2023-08-15 22:06:25.223] [info] CMC::computeControls, t = 1.242
[2023-08-15 22:06:25.244] [info] CMC::computeControls, t = 1.243
[2023-08-15 22:06:25.261] [info] CMC::computeControls, t = 1.244
[2023-08-15 22:06:25.277] [info] CMC::computeControls, t = 1.245
[2023-08-15 22:06:25.294] [info] CMC::computeControls, t = 1.246
[2023-08-15 22:06:25.309] [info] CMC::computeControls, t = 1.247
[2023-08-15 22:06:25.325] [info] CMC::computeControls, t = 1.248
[2023-08-15 22:06:25.340] [info] CMC::computeControls, t = 1.249
[2023-08-15 22:06:25.383] [info] CMC::computeControls, t = 1.25
[2023-08-15 22:06:25.398] [info] CMC::computeControls, t = 1.251
[2023-08-15 22:06:25.414] [info] CMC::computeControls, t = 1.252
[2023-08-15 22:06:25.430] [info] CMC::computeControls, t = 1.253
[2023-08-15 22:06:25.446] [info] CMC::computeControls, t = 1.254
[2023-08-15 22:06:25.462] [info] CMC::computeControls, t = 1.255
[2023-08-15 22:06:25.481] [info] CMC::computeControls, t = 1.256
[2023-08-15 22:06:25.497] [info] CMC::computeControls, t = 1.257
[2023-08-15 22:06:25.513] [info] CMC::computeControls, t = 1.258
[2023-08-15 22:06:25.529] [info] CMC::computeControls, t = 1.259
[2023-08-15 22:06:25.545] [info] CMC::computeControls, t = 1.26
[2023-08-15 22:06:25.561] [info] CMC::computeControls, t = 1.261
[2023-08-15 22:06:25.576] [info] CMC::computeControls, t = 1.262
[2023-08-15 22:06:25.592] [info] CMC::computeControls, t = 1.263
[2023-08-15 22:06:25.611] [info] CMC::computeControls, t = 1.264
[2023-08-15 22:06:25.626] [info] CMC::computeControls, t = 1.265
[2023-08-15 22:06:25.641] [info] CMC::computeControls, t = 1.266
[2023-08-15 22:06:25.656] [info] CMC::computeControls, t = 1.267
[2023-08-15 22:06:25.672] [info] CMC::computeControls, t = 1.268
[2023-08-15 22:06:25.687] [info] CMC::computeControls, t = 1.269
[2023-08-15 22:06:25.703] [info] CMC::computeControls, t = 1.27
[2023-08-15 22:06:25.718] [info] CMC::computeControls, t = 1.271
[2023-08-15 22:06:25.735] [info] CMC::computeControls, t = 1.272
[2023-08-15 22:06:25.751] [info] CMC::computeControls, t = 1.273
[2023-08-15 22:06:25.767] [info] CMC::computeControls, t = 1.274
[2023-08-15 22:06:25.783] [info] CMC::computeControls, t = 1.275
[2023-08-15 22:06:25.799] [info] CMC::computeControls, t = 1.276
[2023-08-15 22:06:25.814] [info] CMC::computeControls, t = 1.277
[2023-08-15 22:06:25.831] [info] CMC::computeControls, t = 1.278
[2023-08-15 22:06:25.846] [info] CMC::computeControls, t = 1.279
[2023-08-15 22:06:25.862] [info] CMC::computeControls, t = 1.28
[2023-08-15 22:06:25.878] [info] CMC::computeControls, t = 1.281
[2023-08-15 22:06:25.894] [info] CMC::computeControls, t = 1.282
[2023-08-15 22:06:25.910] [info] CMC::computeControls, t = 1.283
[2023-08-15 22:06:25.925] [info] CMC::computeControls, t = 1.284
[2023-08-15 22:06:25.941] [info] CMC::computeControls, t = 1.285
[2023-08-15 22:06:25.957] [info] CMC::computeControls, t = 1.286
[2023-08-15 22:06:25.973] [info] CMC::computeControls, t = 1.287
[2023-08-15 22:06:25.989] [info] CMC::computeControls, t = 1.288
[2023-08-15 22:06:26.005] [info] CMC::computeControls, t = 1.289
[2023-08-15 22:06:26.021] [info] CMC::computeControls, t = 1.29
[2023-08-15 22:06:26.037] [info] CMC::computeControls, t = 1.291
[2023-08-15 22:06:26.054] [info] CMC::computeControls, t = 1.292
[2023-08-15 22:06:26.072] [info] CMC::computeControls, t = 1.293
[2023-08-15 22:06:26.088] [info] CMC::computeControls, t = 1.294
[2023-08-15 22:06:26.103] [info] CMC::computeControls, t = 1.295
[2023-08-15 22:06:26.119] [info] CMC::computeControls, t = 1.296
[2023-08-15 22:06:26.134] [info] CMC::computeControls, t = 1.297
[2023-08-15 22:06:26.150] [info] CMC::computeControls, t = 1.298
[2023-08-15 22:06:26.165] [info] CMC::computeControls, t = 1.299
[2023-08-15 22:06:26.180] [info] CMC::computeControls, t = 1.3
[2023-08-15 22:06:26.196] [info] CMC::computeControls, t = 1.30100
[2023-08-15 22:06:26.211] [info] CMC::computeControls, t = 1.30200
[2023-08-15 22:06:26.227] [info] CMC::computeControls, t = 1.30300
[2023-08-15 22:06:26.242] [info] CMC::computeControls, t = 1.30400
[2023-08-15 22:06:26.258] [info] CMC::computeControls, t = 1.30500
[2023-08-15 22:06:26.274] [info] CMC::computeControls, t = 1.30600
[2023-08-15 22:06:26.290] [info] CMC::computeControls, t = 1.30700
[2023-08-15 22:06:26.306] [info] CMC::computeControls, t = 1.30800
[2023-08-15 22:06:26.322] [info] CMC::computeControls, t = 1.30900
[2023-08-15 22:06:26.341] [info] CMC::computeControls, t = 1.31
[2023-08-15 22:06:26.357] [info] CMC::computeControls, t = 1.311
[2023-08-15 22:06:26.372] [info] CMC::computeControls, t = 1.312
[2023-08-15 22:06:26.387] [info] CMC::computeControls, t = 1.313
[2023-08-15 22:06:26.403] [info] CMC::computeControls, t = 1.314
[2023-08-15 22:06:26.418] [info] CMC::computeControls, t = 1.315
[2023-08-15 22:06:26.434] [info] CMC::computeControls, t = 1.316
[2023-08-15 22:06:26.449] [info] CMC::computeControls, t = 1.317
[2023-08-15 22:06:26.465] [info] CMC::computeControls, t = 1.318
[2023-08-15 22:06:26.480] [info] CMC::computeControls, t = 1.319
[2023-08-15 22:06:26.496] [info] CMC::computeControls, t = 1.32
[2023-08-15 22:06:26.512] [info] CMC::computeControls, t = 1.321
[2023-08-15 22:06:26.530] [info] CMC::computeControls, t = 1.322
[2023-08-15 22:06:26.546] [info] CMC::computeControls, t = 1.323
[2023-08-15 22:06:26.561] [info] CMC::computeControls, t = 1.324
[2023-08-15 22:06:26.577] [info] CMC::computeControls, t = 1.325
[2023-08-15 22:06:26.592] [info] CMC::computeControls, t = 1.326
[2023-08-15 22:06:26.608] [info] CMC::computeControls, t = 1.327
[2023-08-15 22:06:26.623] [info] CMC::computeControls, t = 1.328
[2023-08-15 22:06:26.638] [info] CMC::computeControls, t = 1.329
[2023-08-15 22:06:26.654] [info] CMC::computeControls, t = 1.33
[2023-08-15 22:06:26.669] [info] CMC::computeControls, t = 1.331
[2023-08-15 22:06:26.684] [info] CMC::computeControls, t = 1.332
[2023-08-15 22:06:26.699] [info] CMC::computeControls, t = 1.333
[2023-08-15 22:06:26.715] [info] CMC::computeControls, t = 1.334
[2023-08-15 22:06:26.731] [info] CMC::computeControls, t = 1.335
[2023-08-15 22:06:26.747] [info] CMC::computeControls, t = 1.336
[2023-08-15 22:06:26.763] [info] CMC::computeControls, t = 1.337
[2023-08-15 22:06:26.778] [info] CMC::computeControls, t = 1.338
[2023-08-15 22:06:26.794] [info] CMC::computeControls, t = 1.339
[2023-08-15 22:06:26.811] [info] CMC::computeControls, t = 1.34
[2023-08-15 22:06:26.827] [info] CMC::computeControls, t = 1.341
[2023-08-15 22:06:26.843] [info] CMC::computeControls, t = 1.342
[2023-08-15 22:06:26.859] [info] CMC::computeControls, t = 1.343
[2023-08-15 22:06:26.875] [info] CMC::computeControls, t = 1.344
[2023-08-15 22:06:26.891] [info] CMC::computeControls, t = 1.345
[2023-08-15 22:06:26.907] [info] CMC::computeControls, t = 1.346
[2023-08-15 22:06:26.923] [info] CMC::computeControls, t = 1.347
[2023-08-15 22:06:26.938] [info] CMC::computeControls, t = 1.348
[2023-08-15 22:06:26.954] [info] CMC::computeControls, t = 1.349
[2023-08-15 22:06:26.970] [info] CMC::computeControls, t = 1.35
[2023-08-15 22:06:26.988] [info] CMC::computeControls, t = 1.351
[2023-08-15 22:06:27.004] [info] CMC::computeControls, t = 1.352
[2023-08-15 22:06:27.026] [info] CMC::computeControls, t = 1.353
[2023-08-15 22:06:27.045] [info] CMC::computeControls, t = 1.354
[2023-08-15 22:06:27.061] [info] CMC::computeControls, t = 1.355
[2023-08-15 22:06:27.077] [info] CMC::computeControls, t = 1.356
[2023-08-15 22:06:27.094] [info] CMC::computeControls, t = 1.357
[2023-08-15 22:06:27.110] [info] CMC::computeControls, t = 1.358
[2023-08-15 22:06:27.126] [info] CMC::computeControls, t = 1.359
[2023-08-15 22:06:27.142] [info] CMC::computeControls, t = 1.36
[2023-08-15 22:06:27.158] [info] CMC::computeControls, t = 1.361
[2023-08-15 22:06:27.175] [info] CMC::computeControls, t = 1.362
[2023-08-15 22:06:27.192] [info] CMC::computeControls, t = 1.363
[2023-08-15 22:06:27.209] [info] CMC::computeControls, t = 1.364
[2023-08-15 22:06:27.230] [info] CMC::computeControls, t = 1.365
[2023-08-15 22:06:27.254] [info] CMC::computeControls, t = 1.366
[2023-08-15 22:06:27.271] [info] CMC::computeControls, t = 1.367
[2023-08-15 22:06:27.288] [info] CMC::computeControls, t = 1.368
[2023-08-15 22:06:27.304] [info] CMC::computeControls, t = 1.369
[2023-08-15 22:06:27.324] [info] CMC::computeControls, t = 1.37
[2023-08-15 22:06:27.341] [info] CMC::computeControls, t = 1.371
[2023-08-15 22:06:27.357] [info] CMC::computeControls, t = 1.372
[2023-08-15 22:06:27.374] [info] CMC::computeControls, t = 1.373
[2023-08-15 22:06:27.391] [info] CMC::computeControls, t = 1.374
[2023-08-15 22:06:27.407] [info] CMC::computeControls, t = 1.375
[2023-08-15 22:06:27.424] [info] CMC::computeControls, t = 1.376
[2023-08-15 22:06:27.440] [info] CMC::computeControls, t = 1.377
[2023-08-15 22:06:27.457] [info] CMC::computeControls, t = 1.378
[2023-08-15 22:06:27.474] [info] CMC::computeControls, t = 1.379
[2023-08-15 22:06:27.493] [info] CMC::computeControls, t = 1.38
[2023-08-15 22:06:27.513] [info] CMC::computeControls, t = 1.381
[2023-08-15 22:06:27.532] [info] CMC::computeControls, t = 1.382
[2023-08-15 22:06:27.549] [info] CMC::computeControls, t = 1.383
[2023-08-15 22:06:27.566] [info] CMC::computeControls, t = 1.384
[2023-08-15 22:06:27.582] [info] CMC::computeControls, t = 1.385
[2023-08-15 22:06:27.599] [info] CMC::computeControls, t = 1.386
[2023-08-15 22:06:27.615] [info] CMC::computeControls, t = 1.387
[2023-08-15 22:06:27.634] [info] CMC::computeControls, t = 1.388
[2023-08-15 22:06:27.652] [info] CMC::computeControls, t = 1.389
[2023-08-15 22:06:27.670] [info] CMC::computeControls, t = 1.39
[2023-08-15 22:06:27.686] [info] CMC::computeControls, t = 1.391
[2023-08-15 22:06:27.703] [info] CMC::computeControls, t = 1.392
[2023-08-15 22:06:27.720] [info] CMC::computeControls, t = 1.393
[2023-08-15 22:06:27.740] [info] CMC::computeControls, t = 1.394
[2023-08-15 22:06:27.757] [info] CMC::computeControls, t = 1.395
[2023-08-15 22:06:27.774] [info] CMC::computeControls, t = 1.396
[2023-08-15 22:06:27.791] [info] CMC::computeControls, t = 1.397
[2023-08-15 22:06:27.808] [info] CMC::computeControls, t = 1.398
[2023-08-15 22:06:27.825] [info] CMC::computeControls, t = 1.399
[2023-08-15 22:06:27.842] [info] CMC::computeControls, t = 1.4
[2023-08-15 22:06:27.859] [info] CMC::computeControls, t = 1.40100
[2023-08-15 22:06:27.876] [info] CMC::computeControls, t = 1.40200
[2023-08-15 22:06:27.893] [info] CMC::computeControls, t = 1.40300
[2023-08-15 22:06:27.910] [info] CMC::computeControls, t = 1.40400
[2023-08-15 22:06:27.926] [info] CMC::computeControls, t = 1.40500
[2023-08-15 22:06:27.943] [info] CMC::computeControls, t = 1.40600
[2023-08-15 22:06:27.960] [info] CMC::computeControls, t = 1.40700
[2023-08-15 22:06:27.976] [info] CMC::computeControls, t = 1.40800
[2023-08-15 22:06:27.995] [info] CMC::computeControls, t = 1.40900
[2023-08-15 22:06:28.012] [info] CMC::computeControls, t = 1.41
[2023-08-15 22:06:28.029] [info] CMC::computeControls, t = 1.411
[2023-08-15 22:06:28.050] [info] CMC::computeControls, t = 1.412
[2023-08-15 22:06:28.069] [info] CMC::computeControls, t = 1.413
[2023-08-15 22:06:28.089] [info] CMC::computeControls, t = 1.414
[2023-08-15 22:06:28.106] [info] CMC::computeControls, t = 1.415
[2023-08-15 22:06:28.122] [info] CMC::computeControls, t = 1.416
[2023-08-15 22:06:28.139] [info] CMC::computeControls, t = 1.417
[2023-08-15 22:06:28.156] [info] CMC::computeControls, t = 1.418
[2023-08-15 22:06:28.174] [info] CMC::computeControls, t = 1.419
[2023-08-15 22:06:28.192] [info] CMC::computeControls, t = 1.42
[2023-08-15 22:06:28.209] [info] CMC::computeControls, t = 1.421
[2023-08-15 22:06:28.226] [info] CMC::computeControls, t = 1.422
[2023-08-15 22:06:28.244] [info] CMC::computeControls, t = 1.423
[2023-08-15 22:06:28.261] [info] CMC::computeControls, t = 1.424
[2023-08-15 22:06:28.279] [info] CMC::computeControls, t = 1.425
[2023-08-15 22:06:28.297] [info] CMC::computeControls, t = 1.426
[2023-08-15 22:06:28.314] [info] CMC::computeControls, t = 1.427
[2023-08-15 22:06:28.332] [info] CMC::computeControls, t = 1.428
[2023-08-15 22:06:28.349] [info] CMC::computeControls, t = 1.429
[2023-08-15 22:06:28.367] [info] CMC::computeControls, t = 1.43
[2023-08-15 22:06:28.384] [info] CMC::computeControls, t = 1.431
[2023-08-15 22:06:28.401] [info] CMC::computeControls, t = 1.432
[2023-08-15 22:06:28.418] [info] CMC::computeControls, t = 1.433
[2023-08-15 22:06:28.435] [info] CMC::computeControls, t = 1.434
[2023-08-15 22:06:28.454] [info] CMC::computeControls, t = 1.435
[2023-08-15 22:06:28.471] [info] CMC::computeControls, t = 1.436
[2023-08-15 22:06:28.488] [info] CMC::computeControls, t = 1.437
[2023-08-15 22:06:28.508] [info] CMC::computeControls, t = 1.438
[2023-08-15 22:06:28.525] [info] CMC::computeControls, t = 1.439
[2023-08-15 22:06:28.543] [info] CMC::computeControls, t = 1.44
[2023-08-15 22:06:28.560] [info] CMC::computeControls, t = 1.441
[2023-08-15 22:06:28.580] [info] CMC::computeControls, t = 1.442
[2023-08-15 22:06:28.598] [info] CMC::computeControls, t = 1.443
[2023-08-15 22:06:28.615] [info] CMC::computeControls, t = 1.444
[2023-08-15 22:06:28.632] [info] CMC::computeControls, t = 1.445
[2023-08-15 22:06:28.653] [info] CMC::computeControls, t = 1.446
[2023-08-15 22:06:28.669] [info] CMC::computeControls, t = 1.447
[2023-08-15 22:06:28.686] [info] CMC::computeControls, t = 1.448
[2023-08-15 22:06:28.704] [info] CMC::computeControls, t = 1.449
[2023-08-15 22:06:28.721] [info] CMC::computeControls, t = 1.45
[2023-08-15 22:06:28.738] [info] CMC::computeControls, t = 1.451
[2023-08-15 22:06:28.756] [info] CMC::computeControls, t = 1.452
[2023-08-15 22:06:28.773] [info] CMC::computeControls, t = 1.453
[2023-08-15 22:06:28.791] [info] CMC::computeControls, t = 1.454
[2023-08-15 22:06:28.812] [info] CMC::computeControls, t = 1.455
[2023-08-15 22:06:28.835] [info] CMC::computeControls, t = 1.456
[2023-08-15 22:06:28.858] [info] CMC::computeControls, t = 1.457
[2023-08-15 22:06:28.879] [info] CMC::computeControls, t = 1.458
[2023-08-15 22:06:28.899] [info] CMC::computeControls, t = 1.459
[2023-08-15 22:06:28.917] [info] CMC::computeControls, t = 1.46
[2023-08-15 22:06:28.936] [info] CMC::computeControls, t = 1.461
[2023-08-15 22:06:28.953] [info] CMC::computeControls, t = 1.462
[2023-08-15 22:06:28.970] [info] CMC::computeControls, t = 1.463
[2023-08-15 22:06:28.987] [info] CMC::computeControls, t = 1.464
[2023-08-15 22:06:29.004] [info] CMC::computeControls, t = 1.465
[2023-08-15 22:06:29.022] [info] CMC::computeControls, t = 1.466
[2023-08-15 22:06:29.040] [info] CMC::computeControls, t = 1.467
[2023-08-15 22:06:29.057] [info] CMC::computeControls, t = 1.468
[2023-08-15 22:06:29.074] [info] CMC::computeControls, t = 1.469
[2023-08-15 22:06:29.092] [info] CMC::computeControls, t = 1.47
[2023-08-15 22:06:29.109] [info] CMC::computeControls, t = 1.471
[2023-08-15 22:06:29.126] [info] CMC::computeControls, t = 1.472
[2023-08-15 22:06:29.143] [info] CMC::computeControls, t = 1.473
[2023-08-15 22:06:29.159] [info] CMC::computeControls, t = 1.474
[2023-08-15 22:06:29.176] [info] CMC::computeControls, t = 1.475
[2023-08-15 22:06:29.192] [info] CMC::computeControls, t = 1.476
[2023-08-15 22:06:29.209] [info] CMC::computeControls, t = 1.477
[2023-08-15 22:06:29.226] [info] CMC::computeControls, t = 1.478
[2023-08-15 22:06:29.243] [info] CMC::computeControls, t = 1.479
[2023-08-15 22:06:29.259] [info] CMC::computeControls, t = 1.48
[2023-08-15 22:06:29.276] [info] CMC::computeControls, t = 1.481
[2023-08-15 22:06:29.292] [info] CMC::computeControls, t = 1.482
[2023-08-15 22:06:29.308] [info] CMC::computeControls, t = 1.483
[2023-08-15 22:06:29.325] [info] CMC::computeControls, t = 1.484
[2023-08-15 22:06:29.341] [info] CMC::computeControls, t = 1.485
[2023-08-15 22:06:29.357] [info] CMC::computeControls, t = 1.486
[2023-08-15 22:06:29.373] [info] CMC::computeControls, t = 1.487
[2023-08-15 22:06:29.391] [info] CMC::computeControls, t = 1.488
[2023-08-15 22:06:29.407] [info] CMC::computeControls, t = 1.489
[2023-08-15 22:06:29.424] [info] CMC::computeControls, t = 1.49
[2023-08-15 22:06:29.440] [info] CMC::computeControls, t = 1.491
[2023-08-15 22:06:29.457] [info] CMC::computeControls, t = 1.492
[2023-08-15 22:06:29.473] [info] CMC::computeControls, t = 1.493
[2023-08-15 22:06:29.490] [info] CMC::computeControls, t = 1.494
[2023-08-15 22:06:29.509] [info] CMC::computeControls, t = 1.495
[2023-08-15 22:06:29.525] [info] CMC::computeControls, t = 1.496
[2023-08-15 22:06:29.547] [info] CMC::computeControls, t = 1.497
[2023-08-15 22:06:29.566] [info] CMC::computeControls, t = 1.498
[2023-08-15 22:06:29.583] [info] CMC::computeControls, t = 1.499
[2023-08-15 22:06:29.600] [info] CMC::computeControls, t = 1.5
[2023-08-15 22:06:29.617] [info] CMC::computeControls, t = 1.50100
[2023-08-15 22:06:29.634] [info] CMC::computeControls, t = 1.50200
[2023-08-15 22:06:29.650] [info] CMC::computeControls, t = 1.50300
[2023-08-15 22:06:29.667] [info] CMC::computeControls, t = 1.50400
[2023-08-15 22:06:29.683] [info] CMC::computeControls, t = 1.50500
[2023-08-15 22:06:29.700] [info] CMC::computeControls, t = 1.50600
[2023-08-15 22:06:29.717] [info] CMC::computeControls, t = 1.50700
[2023-08-15 22:06:29.733] [info] CMC::computeControls, t = 1.50800
[2023-08-15 22:06:29.753] [info] CMC::computeControls, t = 1.50900
[2023-08-15 22:06:29.771] [info] CMC::computeControls, t = 1.51
[2023-08-15 22:06:29.788] [info] CMC::computeControls, t = 1.511
[2023-08-15 22:06:29.805] [info] CMC::computeControls, t = 1.512
[2023-08-15 22:06:29.822] [info] CMC::computeControls, t = 1.513
[2023-08-15 22:06:29.838] [info] CMC::computeControls, t = 1.514
[2023-08-15 22:06:29.855] [info] CMC::computeControls, t = 1.515
[2023-08-15 22:06:29.872] [info] CMC::computeControls, t = 1.516
[2023-08-15 22:06:29.889] [info] CMC::computeControls, t = 1.517
[2023-08-15 22:06:29.908] [info] CMC::computeControls, t = 1.518
[2023-08-15 22:06:29.925] [info] CMC::computeControls, t = 1.519
[2023-08-15 22:06:29.941] [info] CMC::computeControls, t = 1.52
[2023-08-15 22:06:29.959] [info] CMC::computeControls, t = 1.521
[2023-08-15 22:06:29.975] [info] CMC::computeControls, t = 1.522
[2023-08-15 22:06:29.991] [info] CMC::computeControls, t = 1.523
[2023-08-15 22:06:30.008] [info] CMC::computeControls, t = 1.524
[2023-08-15 22:06:30.025] [info] CMC::computeControls, t = 1.525
[2023-08-15 22:06:30.042] [info] CMC::computeControls, t = 1.526
[2023-08-15 22:06:30.059] [info] CMC::computeControls, t = 1.527
[2023-08-15 22:06:30.075] [info] CMC::computeControls, t = 1.528
[2023-08-15 22:06:30.093] [info] CMC::computeControls, t = 1.529
[2023-08-15 22:06:30.109] [info] CMC::computeControls, t = 1.53
[2023-08-15 22:06:30.127] [info] CMC::computeControls, t = 1.531
[2023-08-15 22:06:30.144] [info] CMC::computeControls, t = 1.532
[2023-08-15 22:06:30.160] [info] CMC::computeControls, t = 1.533
[2023-08-15 22:06:30.177] [info] CMC::computeControls, t = 1.534
[2023-08-15 22:06:30.194] [info] CMC::computeControls, t = 1.535
[2023-08-15 22:06:30.210] [info] CMC::computeControls, t = 1.536
[2023-08-15 22:06:30.227] [info] CMC::computeControls, t = 1.537
[2023-08-15 22:06:30.244] [info] CMC::computeControls, t = 1.538
[2023-08-15 22:06:30.260] [info] CMC::computeControls, t = 1.539
[2023-08-15 22:06:30.277] [info] CMC::computeControls, t = 1.54
[2023-08-15 22:06:30.294] [info] CMC::computeControls, t = 1.541
[2023-08-15 22:06:30.311] [info] CMC::computeControls, t = 1.542
[2023-08-15 22:06:30.327] [info] -------------------------------------------
[2023-08-15 22:06:30.327] [info] Finished tracking the specified kinematics:
[2023-08-15 22:06:30.327] [info] -------------------------------------------
[2023-08-15 22:06:30.327] [info]  -- Start time = Tue Aug 15 22:06:19 2023
[2023-08-15 22:06:30.327] [info]  -- Finish time = Tue Aug 15 22:06:30 2023
[2023-08-15 22:06:30.327] [info]  -- Elapsed time = 11.0 seconds.
[2023-08-15 22:06:30.327] [info] -------------------------------------------
[2023-08-15 22:06:30.328] [info] 
[2023-08-15 22:06:30.328] [info] Printing results of investigation subject03_run5_cycle2_iter2 to cycle2/
[2023-08-15 22:06:30.693] [info] 

************************************************************
*      Summary of Mass Adjustments to Reduce Residuals     *
************************************************************
* Body adjusted: torso
* Mass Center (COM) adjustment: dx =0.074496, dz =-0.0436944
* New COM location: ~[-0.00553687,0.331103,0.0133668]
************************************************************
* Recommended mass adjustments:                             
*  Total mass change: -0.911692
*  pelvis: orig mass = 10.2638, new mass = 10.121
*  femur_r: orig mass = 8.10626, new mass = 7.99344
*  tibia_r: orig mass = 3.23112, new mass = 3.18615
*  talus_r: orig mass = 0.087151, new mass = 0.0859381
*  calcn_r: orig mass = 1.08939, new mass = 1.07423
*  toes_r: orig mass = 0.188769, new mass = 0.186142
*  femur_l: orig mass = 8.10626, new mass = 7.99344
*  tibia_l: orig mass = 3.23112, new mass = 3.18615
*  talus_l: orig mass = 0.087151, new mass = 0.0859381
*  calcn_l: orig mass = 1.08939, new mass = 1.07423
*  toes_l: orig mass = 0.188769, new mass = 0.186142
*  torso: orig mass = 23.3796, new mass = 23.0542
*  humerus_r: orig mass = 1.77134, new mass = 1.74669
*  ulna_r: orig mass = 0.529442, new mass = 0.522073
*  radius_r: orig mass = 0.529442, new mass = 0.522073
*  hand_r: orig mass = 0.398716, new mass = 0.393167
*  humerus_l: orig mass = 1.77134, new mass = 1.74669
*  ulna_l: orig mass = 0.529442, new mass = 0.522073
*  radius_l: orig mass = 0.529442, new mass = 0.522073
*  hand_l: orig mass = 0.398716, new mass = 0.393167
************************************************************
* Note: Edit the model to make recommended adjustments to  *
*       mass properties.                                   *
************************************************************

* Average residuals before adjusting torso COM:
*  FX=2.45152 FY=8.94065 FZ=-4.29469
*  MX=10.0181 MY=0.760539 MZ=17.0801
************************************************************
* Average residuals after adjusting torso COM:
*  FX=1.38326 FY=11.3928 FZ=-6.79542
*  MX=-4.08844 MY=3.59297 MZ=5.44132
************************************************************


[2023-08-15 22:06:30.693] [info] 
************************************************************
*                   Final Average Residuals                *
************************************************************
* After torso COM and Kinematics adjustments:
*  FX=-0.900462 FY=4.88775 FZ=1.13825
*  MX=-4.9405 MY=-3.09568 MZ=-0.0132031
************************************************************


