[2023-08-15 22:05:20.108] [info] AbstractTool subject03_run5_cycle2_iter1 loading model ..\..\..\model\subject03_adjusted_scaled.osim
[2023-08-15 22:05:20.147] [info] Loaded model subject03_scaled from file ..\..\..\model\subject03_adjusted_scaled.osim
[2023-08-15 22:05:20.180] [info] Adding force object set from ..\subject03_run5_RRA_Actuators.xml
[2023-08-15 22:05:20.184] [info] Running tool subject03_run5_cycle2_iter1.
[2023-08-15 22:05:20.197] [warning] ExternalLoads 'externalloads' has subcomponents with duplicate name 'externalforce'. The duplicate is being renamed to 'externalforce_0'.
[2023-08-15 22:05:20.212] [info] 	taskSet size = 29.
[2023-08-15 22:05:20.283] [info] ExternalForce::externalforce Data source being set to Run_500 03_newCOP3_v24.mot
[2023-08-15 22:05:20.283] [info] ExternalForce::externalforce_0 Data source being set to Run_500 03_newCOP3_v24.mot
[2023-08-15 22:05:20.287] [warning] A desired points file was not specified.
[2023-08-15 22:05:20.287] [info] Loading desired kinematics from file '..\..\..\ik\Run_5.mot'...
[2023-08-15 22:05:20.287] [info] Old version storage/motion file encountered
[2023-08-15 22:05:20.287] [info] Storage: read data file = ..\..\..\ik\Run_5.mot (nr=364 nc=173)
[2023-08-15 22:05:20.287] [info] .. assuming rotations in Degrees..
[2023-08-15 22:05:20.325] [info] Low-pass filtering desired kinematics with a cutoff frequency of 15.0...
[2023-08-15 22:05:20.459] [cout] [info] MODEL: subject03_scaled

numStates = 74
numCoordinates = 37
numSpeeds = 37
numActuators = 29
numBodies = 20
numConstraints = 0
numProbes = 0

ANALYSES (total: 0)

BODIES (total: 20)
body[0] = pelvis. mass: 10.028
              moments of inertia:  ~[0.106728,0.106728,0.0523826]
              products of inertia: ~[0,0,0]
body[1] = femur_r. mass: 7.92005
              moments of inertia:  ~[0.139404,0.0365429,0.147004]
              products of inertia: ~[0,0,0]
body[2] = tibia_r. mass: 3.1569
              moments of inertia:  ~[0.0484375,0.0041671,0.0484375]
              products of inertia: ~[0,0,0]
body[3] = talus_r. mass: 0.085149
              moments of inertia:  ~[0.000953409,0.000953409,0.000953409]
              products of inertia: ~[0,0,0]
body[4] = calcn_r. mass: 1.06436
              moments of inertia:  ~[0.00133477,0.00371829,0.00390898]
              products of inertia: ~[0,0,0]
body[5] = toes_r. mass: 0.184433
              moments of inertia:  ~[9.53409e-05,0.000190682,0.000953409]
              products of inertia: ~[0,0,0]
body[6] = femur_l. mass: 7.92005
              moments of inertia:  ~[0.139404,0.0365429,0.147004]
              products of inertia: ~[0,0,0]
body[7] = tibia_l. mass: 3.1569
              moments of inertia:  ~[0.0484375,0.0041671,0.0484375]
              products of inertia: ~[0,0,0]
body[8] = talus_l. mass: 0.085149
              moments of inertia:  ~[0.000953409,0.000953409,0.000953409]
              products of inertia: ~[0,0,0]
body[9] = calcn_l. mass: 1.06436
              moments of inertia:  ~[0.00133477,0.00371829,0.00390898]
              products of inertia: ~[0,0,0]
body[10] = toes_l. mass: 0.184433
              moments of inertia:  ~[9.53409e-05,0.000190682,0.000953409]
              products of inertia: ~[0,0,0]
body[11] = torso. mass: 22.8426
              moments of inertia:  ~[1.34416,0.688715,1.30487]
              products of inertia: ~[0,0,0]
body[12] = humerus_r. mass: 1.73065
              moments of inertia:  ~[0.0130498,0.00450178,0.014648]
              products of inertia: ~[0,0,0]
body[13] = ulna_r. mass: 0.51728
              moments of inertia:  ~[0.00303753,0.000633759,0.00329493]
              products of inertia: ~[0,0,0]
body[14] = radius_r. mass: 0.51728
              moments of inertia:  ~[0.00303753,0.000633759,0.00329493]
              products of inertia: ~[0,0,0]
body[15] = hand_r. mass: 0.389557
              moments of inertia:  ~[0.000914746,0.000560949,0.00137417]
              products of inertia: ~[0,0,0]
body[16] = humerus_l. mass: 1.73065
              moments of inertia:  ~[0.0130498,0.00450178,0.014648]
              products of inertia: ~[0,0,0]
body[17] = ulna_l. mass: 0.51728
              moments of inertia:  ~[0.00303753,0.000633759,0.00329493]
              products of inertia: ~[0,0,0]
body[18] = radius_l. mass: 0.51728
              moments of inertia:  ~[0.00303753,0.000633759,0.00329493]
              products of inertia: ~[0,0,0]
body[19] = hand_l. mass: 0.389557
              moments of inertia:  ~[0.000914746,0.000560949,0.00137417]
              products of inertia: ~[0,0,0]

JOINTS (total: 20)
joint[0] = ground_pelvis. parent: ground_offset, child: pelvis_offset
joint[1] = hip_r. parent: pelvis_offset, child: femur_r_offset
joint[2] = knee_r. parent: femur_r_offset, child: tibia_r_offset
joint[3] = ankle_r. parent: tibia_r_offset, child: talus_r_offset
joint[4] = subtalar_r. parent: talus_r_offset, child: calcn_r_offset
joint[5] = mtp_r. parent: calcn_r_offset, child: toes_r_offset
joint[6] = hip_l. parent: pelvis_offset, child: femur_l_offset
joint[7] = knee_l. parent: femur_l_offset, child: tibia_l_offset
joint[8] = ankle_l. parent: tibia_l_offset, child: talus_l_offset
joint[9] = subtalar_l. parent: talus_l_offset, child: calcn_l_offset
joint[10] = mtp_l. parent: calcn_l_offset, child: toes_l_offset
joint[11] = back. parent: pelvis_offset, child: torso_offset
joint[12] = acromial_r. parent: torso_offset, child: humerus_r_offset
joint[13] = elbow_r. parent: humerus_r_offset, child: ulna_r_offset
joint[14] = radioulnar_r. parent: ulna_r_offset, child: radius_r_offset
joint[15] = radius_hand_r. parent: radius_r_offset, child: hand_r_offset
joint[16] = acromial_l. parent: torso_offset, child: humerus_l_offset
joint[17] = elbow_l. parent: humerus_l_offset, child: ulna_l_offset
joint[18] = radioulnar_l. parent: ulna_l_offset, child: radius_l_offset
joint[19] = radius_hand_l. parent: radius_l_offset, child: hand_l_offset

ACTUATORS (total: 29)
actuator[0] = FX
actuator[1] = FY
actuator[2] = FZ
actuator[3] = MZ
actuator[4] = MX
actuator[5] = MY
actuator[6] = hip_flexion_r
actuator[7] = hip_adduction_r
actuator[8] = hip_rotation_r
actuator[9] = knee_angle_r
actuator[10] = ankle_angle_r
actuator[11] = hip_flexion_l
actuator[12] = hip_adduction_l
actuator[13] = hip_rotation_l
actuator[14] = knee_angle_l
actuator[15] = ankle_angle_l
actuator[16] = lumbar_extension
actuator[17] = lumbar_bending
actuator[18] = lumbar_rotation
actuator[19] = arm_flex_r
actuator[20] = arm_add_r
actuator[21] = arm_rot_r
actuator[22] = elbow_flex_r
actuator[23] = pro_sup_r
actuator[24] = arm_flex_l
actuator[25] = arm_add_l
actuator[26] = arm_rot_l
actuator[27] = elbow_flex_l
actuator[28] = pro_sup_l

STATES (total: 74)
y[0] = /jointset/ground_pelvis/pelvis_tilt/value
y[1] = /jointset/ground_pelvis/pelvis_tilt/speed
y[2] = /jointset/ground_pelvis/pelvis_list/value
y[3] = /jointset/ground_pelvis/pelvis_list/speed
y[4] = /jointset/ground_pelvis/pelvis_rotation/value
y[5] = /jointset/ground_pelvis/pelvis_rotation/speed
y[6] = /jointset/ground_pelvis/pelvis_tx/value
y[7] = /jointset/ground_pelvis/pelvis_tx/speed
y[8] = /jointset/ground_pelvis/pelvis_ty/value
y[9] = /jointset/ground_pelvis/pelvis_ty/speed
y[10] = /jointset/ground_pelvis/pelvis_tz/value
y[11] = /jointset/ground_pelvis/pelvis_tz/speed
y[12] = /jointset/hip_r/hip_flexion_r/value
y[13] = /jointset/hip_r/hip_flexion_r/speed
y[14] = /jointset/hip_r/hip_adduction_r/value
y[15] = /jointset/hip_r/hip_adduction_r/speed
y[16] = /jointset/hip_r/hip_rotation_r/value
y[17] = /jointset/hip_r/hip_rotation_r/speed
y[18] = /jointset/knee_r/knee_angle_r/value
y[19] = /jointset/knee_r/knee_angle_r/speed
y[20] = /jointset/ankle_r/ankle_angle_r/value
y[21] = /jointset/ankle_r/ankle_angle_r/speed
y[22] = /jointset/subtalar_r/subtalar_angle_r/value
y[23] = /jointset/subtalar_r/subtalar_angle_r/speed
y[24] = /jointset/mtp_r/mtp_angle_r/value
y[25] = /jointset/mtp_r/mtp_angle_r/speed
y[26] = /jointset/hip_l/hip_flexion_l/value
y[27] = /jointset/hip_l/hip_flexion_l/speed
y[28] = /jointset/hip_l/hip_adduction_l/value
y[29] = /jointset/hip_l/hip_adduction_l/speed
y[30] = /jointset/hip_l/hip_rotation_l/value
y[31] = /jointset/hip_l/hip_rotation_l/speed
y[32] = /jointset/knee_l/knee_angle_l/value
y[33] = /jointset/knee_l/knee_angle_l/speed
y[34] = /jointset/ankle_l/ankle_angle_l/value
y[35] = /jointset/ankle_l/ankle_angle_l/speed
y[36] = /jointset/subtalar_l/subtalar_angle_l/value
y[37] = /jointset/subtalar_l/subtalar_angle_l/speed
y[38] = /jointset/mtp_l/mtp_angle_l/value
y[39] = /jointset/mtp_l/mtp_angle_l/speed
y[40] = /jointset/back/lumbar_extension/value
y[41] = /jointset/back/lumbar_extension/speed
y[42] = /jointset/back/lumbar_bending/value
y[43] = /jointset/back/lumbar_bending/speed
y[44] = /jointset/back/lumbar_rotation/value
y[45] = /jointset/back/lumbar_rotation/speed
y[46] = /jointset/acromial_r/arm_flex_r/value
y[47] = /jointset/acromial_r/arm_flex_r/speed
y[48] = /jointset/acromial_r/arm_add_r/value
y[49] = /jointset/acromial_r/arm_add_r/speed
y[50] = /jointset/acromial_r/arm_rot_r/value
y[51] = /jointset/acromial_r/arm_rot_r/speed
y[52] = /jointset/elbow_r/elbow_flex_r/value
y[53] = /jointset/elbow_r/elbow_flex_r/speed
y[54] = /jointset/radioulnar_r/pro_sup_r/value
y[55] = /jointset/radioulnar_r/pro_sup_r/speed
y[56] = /jointset/radius_hand_r/wrist_flex_r/value
y[57] = /jointset/radius_hand_r/wrist_flex_r/speed
y[58] = /jointset/radius_hand_r/wrist_dev_r/value
y[59] = /jointset/radius_hand_r/wrist_dev_r/speed
y[60] = /jointset/acromial_l/arm_flex_l/value
y[61] = /jointset/acromial_l/arm_flex_l/speed
y[62] = /jointset/acromial_l/arm_add_l/value
y[63] = /jointset/acromial_l/arm_add_l/speed
y[64] = /jointset/acromial_l/arm_rot_l/value
y[65] = /jointset/acromial_l/arm_rot_l/speed
y[66] = /jointset/elbow_l/elbow_flex_l/value
y[67] = /jointset/elbow_l/elbow_flex_l/speed
y[68] = /jointset/radioulnar_l/pro_sup_l/value
y[69] = /jointset/radioulnar_l/pro_sup_l/speed
y[70] = /jointset/radius_hand_l/wrist_flex_l/value
y[71] = /jointset/radius_hand_l/wrist_flex_l/speed
y[72] = /jointset/radius_hand_l/wrist_dev_l/value
y[73] = /jointset/radius_hand_l/wrist_dev_l/speed

[2023-08-15 22:05:20.709] [info] Requested COM adjustment time range 0.913 to 1.544, clamped to nearest available data times: 0.91 to 1.54.
[2023-08-15 22:05:20.709] [info] Computing average residuals between 0.91 and 1.54...
[2023-08-15 22:05:20.780] [info] ExternalForce::externalforce Data source being set to Run_500 03_newCOP3_v24.mot
[2023-08-15 22:05:20.780] [info] ExternalForce::externalforce_0 Data source being set to Run_500 03_newCOP3_v24.mot
[2023-08-15 22:05:20.840] [info] ExternalForce::externalforce Data source being set to Run_500 03_newCOP3_v24.mot
[2023-08-15 22:05:20.840] [info] ExternalForce::externalforce_0 Data source being set to Run_500 03_newCOP3_v24.mot
[2023-08-15 22:05:21.864] [info] ExternalForce::externalforce Data source being set to Run_500 03_newCOP3_v24.mot
[2023-08-15 22:05:21.864] [info] ExternalForce::externalforce_0 Data source being set to Run_500 03_newCOP3_v24.mot
[2023-08-15 22:05:21.868] [info] Computing average residuals between 0.91 and 1.54...
[2023-08-15 22:05:21.937] [info] ExternalForce::externalforce Data source being set to Run_500 03_newCOP3_v24.mot
[2023-08-15 22:05:21.937] [info] ExternalForce::externalforce_0 Data source being set to Run_500 03_newCOP3_v24.mot
[2023-08-15 22:05:21.995] [info] ExternalForce::externalforce Data source being set to Run_500 03_newCOP3_v24.mot
[2023-08-15 22:05:21.995] [info] ExternalForce::externalforce_0 Data source being set to Run_500 03_newCOP3_v24.mot
[2023-08-15 22:05:22.912] [info] Constructing function set for tracking desired kinematics...
[2023-08-15 22:05:23.279] [warning] No Actuation analysis found in analysis set, adding one...
[2023-08-15 22:05:23.279] [warning] No Kinematics analysis found in analysis set, adding one...
[2023-08-15 22:05:23.281] [info] Using the generalized coordinates specified in '..\..\..\ik\Run_5.mot' to set the initial configuration.
[2023-08-15 22:05:23.367] [info] Using IPOPT optimizer algorithm.
[2023-08-15 22:05:23.367] [info] Setting optimizer print level to 0.
[2023-08-15 22:05:23.367] [info] Setting optimizer convergence tolerance to 1.0e-05.
[2023-08-15 22:05:23.367] [info] Setting optimizer maximum iterations to 2000.
[2023-08-15 22:05:23.368] [info] Setting cmc controller to not use verbose printing.

[2023-08-15 22:05:23.368] [info] CMC::computeControls, t = 0.913
[2023-08-15 22:05:24.061] [info] --------------------------------------------
[2023-08-15 22:05:24.061] [info] Using CMC to track the specified kinematics:
[2023-08-15 22:05:24.061] [info] --------------------------------------------
[2023-08-15 22:05:24.061] [info]  -- Integrating from 0.913 to 1.544
[2023-08-15 22:05:24.061] [info]  -- Start time = Tue Aug 15 22:05:24 2023
[2023-08-15 22:05:24.061] [info] --------------------------------------------
[2023-08-15 22:05:24.061] [info] 
[2023-08-15 22:05:24.065] [info] CMC::computeControls, t = 0.913
[2023-08-15 22:05:24.093] [info] CMC::computeControls, t = 0.914
[2023-08-15 22:05:24.093] [warning] Coordinate.setValue:  coordinate subtalar_angle_r is locked. Unable to change its value.
[2023-08-15 22:05:24.093] [warning] Coordinate.setValue:  coordinate mtp_angle_r is locked. Unable to change its value.
[2023-08-15 22:05:24.093] [warning] Coordinate.setValue:  coordinate subtalar_angle_l is locked. Unable to change its value.
[2023-08-15 22:05:24.093] [warning] Coordinate.setValue:  coordinate mtp_angle_l is locked. Unable to change its value.
[2023-08-15 22:05:24.093] [warning] Coordinate.setValue:  coordinate wrist_flex_r is locked. Unable to change its value.
[2023-08-15 22:05:24.093] [warning] Coordinate.setValue:  coordinate wrist_dev_r is locked. Unable to change its value.
[2023-08-15 22:05:24.093] [warning] Coordinate.setValue:  coordinate wrist_flex_l is locked. Unable to change its value.
[2023-08-15 22:05:24.093] [warning] Coordinate.setValue:  coordinate wrist_dev_l is locked. Unable to change its value.
[2023-08-15 22:05:24.113] [info] CMC::computeControls, t = 0.915
[2023-08-15 22:05:24.131] [info] CMC::computeControls, t = 0.916
[2023-08-15 22:05:24.149] [info] CMC::computeControls, t = 0.917
[2023-08-15 22:05:24.167] [info] CMC::computeControls, t = 0.918
[2023-08-15 22:05:24.183] [info] CMC::computeControls, t = 0.919
[2023-08-15 22:05:24.200] [info] CMC::computeControls, t = 0.92
[2023-08-15 22:05:24.217] [info] CMC::computeControls, t = 0.921
[2023-08-15 22:05:24.233] [info] CMC::computeControls, t = 0.922
[2023-08-15 22:05:24.250] [info] CMC::computeControls, t = 0.923
[2023-08-15 22:05:24.266] [info] CMC::computeControls, t = 0.924
[2023-08-15 22:05:24.282] [info] CMC::computeControls, t = 0.925
[2023-08-15 22:05:24.302] [info] CMC::computeControls, t = 0.926
[2023-08-15 22:05:24.320] [info] CMC::computeControls, t = 0.927
[2023-08-15 22:05:24.337] [info] CMC::computeControls, t = 0.928
[2023-08-15 22:05:24.353] [info] CMC::computeControls, t = 0.929
[2023-08-15 22:05:24.370] [info] CMC::computeControls, t = 0.93
[2023-08-15 22:05:24.386] [info] CMC::computeControls, t = 0.931
[2023-08-15 22:05:24.403] [info] CMC::computeControls, t = 0.932
[2023-08-15 22:05:24.419] [info] CMC::computeControls, t = 0.933
[2023-08-15 22:05:24.436] [info] CMC::computeControls, t = 0.934
[2023-08-15 22:05:24.452] [info] CMC::computeControls, t = 0.935
[2023-08-15 22:05:24.468] [info] CMC::computeControls, t = 0.936
[2023-08-15 22:05:24.485] [info] CMC::computeControls, t = 0.937
[2023-08-15 22:05:24.501] [info] CMC::computeControls, t = 0.938
[2023-08-15 22:05:24.518] [info] CMC::computeControls, t = 0.939
[2023-08-15 22:05:24.534] [info] CMC::computeControls, t = 0.94
[2023-08-15 22:05:24.551] [info] CMC::computeControls, t = 0.941
[2023-08-15 22:05:24.567] [info] CMC::computeControls, t = 0.942
[2023-08-15 22:05:24.583] [info] CMC::computeControls, t = 0.943
[2023-08-15 22:05:24.600] [info] CMC::computeControls, t = 0.944
[2023-08-15 22:05:24.617] [info] CMC::computeControls, t = 0.945
[2023-08-15 22:05:24.637] [info] CMC::computeControls, t = 0.946
[2023-08-15 22:05:24.654] [info] CMC::computeControls, t = 0.947
[2023-08-15 22:05:24.670] [info] CMC::computeControls, t = 0.948
[2023-08-15 22:05:24.687] [info] CMC::computeControls, t = 0.949
[2023-08-15 22:05:24.703] [info] CMC::computeControls, t = 0.95
[2023-08-15 22:05:24.720] [info] CMC::computeControls, t = 0.951
[2023-08-15 22:05:24.737] [info] CMC::computeControls, t = 0.952
[2023-08-15 22:05:24.753] [info] CMC::computeControls, t = 0.953
[2023-08-15 22:05:24.770] [info] CMC::computeControls, t = 0.954
[2023-08-15 22:05:24.788] [info] CMC::computeControls, t = 0.955
[2023-08-15 22:05:24.805] [info] CMC::computeControls, t = 0.956
[2023-08-15 22:05:24.822] [info] CMC::computeControls, t = 0.957
[2023-08-15 22:05:24.838] [info] CMC::computeControls, t = 0.958
[2023-08-15 22:05:24.856] [info] CMC::computeControls, t = 0.959
[2023-08-15 22:05:24.872] [info] CMC::computeControls, t = 0.96
[2023-08-15 22:05:24.888] [info] CMC::computeControls, t = 0.961
[2023-08-15 22:05:24.905] [info] CMC::computeControls, t = 0.962
[2023-08-15 22:05:24.922] [info] CMC::computeControls, t = 0.963
[2023-08-15 22:05:24.939] [info] CMC::computeControls, t = 0.964
[2023-08-15 22:05:24.955] [info] CMC::computeControls, t = 0.965
[2023-08-15 22:05:24.971] [info] CMC::computeControls, t = 0.966
[2023-08-15 22:05:24.988] [info] CMC::computeControls, t = 0.967
[2023-08-15 22:05:25.004] [info] CMC::computeControls, t = 0.968
[2023-08-15 22:05:25.021] [info] CMC::computeControls, t = 0.969
[2023-08-15 22:05:25.038] [info] CMC::computeControls, t = 0.97
[2023-08-15 22:05:25.055] [info] CMC::computeControls, t = 0.971
[2023-08-15 22:05:25.071] [info] CMC::computeControls, t = 0.972
[2023-08-15 22:05:25.088] [info] CMC::computeControls, t = 0.973
[2023-08-15 22:05:25.105] [info] CMC::computeControls, t = 0.974
[2023-08-15 22:05:25.123] [info] CMC::computeControls, t = 0.975
[2023-08-15 22:05:25.139] [info] CMC::computeControls, t = 0.976
[2023-08-15 22:05:25.155] [info] CMC::computeControls, t = 0.977
[2023-08-15 22:05:25.171] [info] CMC::computeControls, t = 0.978
[2023-08-15 22:05:25.188] [info] CMC::computeControls, t = 0.979
[2023-08-15 22:05:25.203] [info] CMC::computeControls, t = 0.98
[2023-08-15 22:05:25.219] [info] CMC::computeControls, t = 0.981
[2023-08-15 22:05:25.235] [info] CMC::computeControls, t = 0.982
[2023-08-15 22:05:25.252] [info] CMC::computeControls, t = 0.983
[2023-08-15 22:05:25.268] [info] CMC::computeControls, t = 0.984
[2023-08-15 22:05:25.284] [info] CMC::computeControls, t = 0.985
[2023-08-15 22:05:25.303] [info] CMC::computeControls, t = 0.986
[2023-08-15 22:05:25.319] [info] CMC::computeControls, t = 0.987
[2023-08-15 22:05:25.335] [info] CMC::computeControls, t = 0.988
[2023-08-15 22:05:25.351] [info] CMC::computeControls, t = 0.989
[2023-08-15 22:05:25.370] [info] CMC::computeControls, t = 0.99
[2023-08-15 22:05:25.386] [info] CMC::computeControls, t = 0.991
[2023-08-15 22:05:25.403] [info] CMC::computeControls, t = 0.992
[2023-08-15 22:05:25.419] [info] CMC::computeControls, t = 0.993
[2023-08-15 22:05:25.435] [info] CMC::computeControls, t = 0.994
[2023-08-15 22:05:25.451] [info] CMC::computeControls, t = 0.995
[2023-08-15 22:05:25.467] [info] CMC::computeControls, t = 0.996
[2023-08-15 22:05:25.483] [info] CMC::computeControls, t = 0.997
[2023-08-15 22:05:25.499] [info] CMC::computeControls, t = 0.998
[2023-08-15 22:05:25.515] [info] CMC::computeControls, t = 0.999
[2023-08-15 22:05:25.531] [info] CMC::computeControls, t = 1.0
[2023-08-15 22:05:25.547] [info] CMC::computeControls, t = 1.00100
[2023-08-15 22:05:25.563] [info] CMC::computeControls, t = 1.00200
[2023-08-15 22:05:25.579] [info] CMC::computeControls, t = 1.00300
[2023-08-15 22:05:25.594] [info] CMC::computeControls, t = 1.00400
[2023-08-15 22:05:25.610] [info] CMC::computeControls, t = 1.00500
[2023-08-15 22:05:25.627] [info] CMC::computeControls, t = 1.00600
[2023-08-15 22:05:25.643] [info] CMC::computeControls, t = 1.00700
[2023-08-15 22:05:25.658] [info] CMC::computeControls, t = 1.00800
[2023-08-15 22:05:25.674] [info] CMC::computeControls, t = 1.00900
[2023-08-15 22:05:25.691] [info] CMC::computeControls, t = 1.01
[2023-08-15 22:05:25.707] [info] CMC::computeControls, t = 1.011
[2023-08-15 22:05:25.722] [info] CMC::computeControls, t = 1.012
[2023-08-15 22:05:25.741] [info] CMC::computeControls, t = 1.013
[2023-08-15 22:05:25.757] [info] CMC::computeControls, t = 1.014
[2023-08-15 22:05:25.774] [info] CMC::computeControls, t = 1.015
[2023-08-15 22:05:25.790] [info] CMC::computeControls, t = 1.016
[2023-08-15 22:05:25.806] [info] CMC::computeControls, t = 1.017
[2023-08-15 22:05:25.822] [info] CMC::computeControls, t = 1.018
[2023-08-15 22:05:25.838] [info] CMC::computeControls, t = 1.019
[2023-08-15 22:05:25.854] [info] CMC::computeControls, t = 1.02
[2023-08-15 22:05:25.870] [info] CMC::computeControls, t = 1.021
[2023-08-15 22:05:25.886] [info] CMC::computeControls, t = 1.022
[2023-08-15 22:05:25.902] [info] CMC::computeControls, t = 1.023
[2023-08-15 22:05:25.925] [info] CMC::computeControls, t = 1.024
[2023-08-15 22:05:25.940] [info] CMC::computeControls, t = 1.025
[2023-08-15 22:05:25.957] [info] CMC::computeControls, t = 1.026
[2023-08-15 22:05:25.972] [info] CMC::computeControls, t = 1.027
[2023-08-15 22:05:25.988] [info] CMC::computeControls, t = 1.028
[2023-08-15 22:05:26.004] [info] CMC::computeControls, t = 1.029
[2023-08-15 22:05:26.020] [info] CMC::computeControls, t = 1.03
[2023-08-15 22:05:26.036] [info] CMC::computeControls, t = 1.031
[2023-08-15 22:05:26.052] [info] CMC::computeControls, t = 1.032
[2023-08-15 22:05:26.069] [info] CMC::computeControls, t = 1.033
[2023-08-15 22:05:26.085] [info] CMC::computeControls, t = 1.034
[2023-08-15 22:05:26.101] [info] CMC::computeControls, t = 1.035
[2023-08-15 22:05:26.117] [info] CMC::computeControls, t = 1.036
[2023-08-15 22:05:26.134] [info] CMC::computeControls, t = 1.037
[2023-08-15 22:05:26.150] [info] CMC::computeControls, t = 1.038
[2023-08-15 22:05:26.166] [info] CMC::computeControls, t = 1.039
[2023-08-15 22:05:26.182] [info] CMC::computeControls, t = 1.04
[2023-08-15 22:05:26.198] [info] CMC::computeControls, t = 1.041
[2023-08-15 22:05:26.214] [info] CMC::computeControls, t = 1.042
[2023-08-15 22:05:26.230] [info] CMC::computeControls, t = 1.043
[2023-08-15 22:05:26.246] [info] CMC::computeControls, t = 1.044
[2023-08-15 22:05:26.263] [info] CMC::computeControls, t = 1.045
[2023-08-15 22:05:26.279] [info] CMC::computeControls, t = 1.046
[2023-08-15 22:05:26.296] [info] CMC::computeControls, t = 1.047
[2023-08-15 22:05:26.319] [info] CMC::computeControls, t = 1.048
[2023-08-15 22:05:26.335] [info] CMC::computeControls, t = 1.049
[2023-08-15 22:05:26.352] [info] CMC::computeControls, t = 1.05
[2023-08-15 22:05:26.368] [info] CMC::computeControls, t = 1.051
[2023-08-15 22:05:26.384] [info] CMC::computeControls, t = 1.052
[2023-08-15 22:05:26.401] [info] CMC::computeControls, t = 1.053
[2023-08-15 22:05:26.417] [info] CMC::computeControls, t = 1.054
[2023-08-15 22:05:26.433] [info] CMC::computeControls, t = 1.055
[2023-08-15 22:05:26.449] [info] CMC::computeControls, t = 1.056
[2023-08-15 22:05:26.465] [info] CMC::computeControls, t = 1.057
[2023-08-15 22:05:26.482] [info] CMC::computeControls, t = 1.058
[2023-08-15 22:05:26.498] [info] CMC::computeControls, t = 1.059
[2023-08-15 22:05:26.514] [info] CMC::computeControls, t = 1.06
[2023-08-15 22:05:26.533] [info] CMC::computeControls, t = 1.061
[2023-08-15 22:05:26.549] [info] CMC::computeControls, t = 1.062
[2023-08-15 22:05:26.565] [info] CMC::computeControls, t = 1.063
[2023-08-15 22:05:26.581] [info] CMC::computeControls, t = 1.064
[2023-08-15 22:05:26.597] [info] CMC::computeControls, t = 1.065
[2023-08-15 22:05:26.613] [info] CMC::computeControls, t = 1.066
[2023-08-15 22:05:26.629] [info] CMC::computeControls, t = 1.067
[2023-08-15 22:05:26.645] [info] CMC::computeControls, t = 1.068
[2023-08-15 22:05:26.661] [info] CMC::computeControls, t = 1.069
[2023-08-15 22:05:26.677] [info] CMC::computeControls, t = 1.07
[2023-08-15 22:05:26.693] [info] CMC::computeControls, t = 1.071
[2023-08-15 22:05:26.709] [info] CMC::computeControls, t = 1.072
[2023-08-15 22:05:26.725] [info] CMC::computeControls, t = 1.073
[2023-08-15 22:05:26.741] [info] CMC::computeControls, t = 1.074
[2023-08-15 22:05:26.757] [info] CMC::computeControls, t = 1.075
[2023-08-15 22:05:26.773] [info] CMC::computeControls, t = 1.076
[2023-08-15 22:05:26.789] [info] CMC::computeControls, t = 1.077
[2023-08-15 22:05:26.805] [info] CMC::computeControls, t = 1.078
[2023-08-15 22:05:26.821] [info] CMC::computeControls, t = 1.079
[2023-08-15 22:05:26.838] [info] CMC::computeControls, t = 1.08
[2023-08-15 22:05:26.853] [info] CMC::computeControls, t = 1.081
[2023-08-15 22:05:26.870] [info] CMC::computeControls, t = 1.082
[2023-08-15 22:05:26.886] [info] CMC::computeControls, t = 1.083
[2023-08-15 22:05:26.902] [info] CMC::computeControls, t = 1.084
[2023-08-15 22:05:26.918] [info] CMC::computeControls, t = 1.085
[2023-08-15 22:05:26.934] [info] CMC::computeControls, t = 1.086
[2023-08-15 22:05:26.950] [info] CMC::computeControls, t = 1.087
[2023-08-15 22:05:26.965] [info] CMC::computeControls, t = 1.088
[2023-08-15 22:05:26.982] [info] CMC::computeControls, t = 1.089
[2023-08-15 22:05:27.000] [info] CMC::computeControls, t = 1.09
[2023-08-15 22:05:27.017] [info] CMC::computeControls, t = 1.091
[2023-08-15 22:05:27.033] [info] CMC::computeControls, t = 1.092
[2023-08-15 22:05:27.052] [info] CMC::computeControls, t = 1.093
[2023-08-15 22:05:27.069] [info] CMC::computeControls, t = 1.094
[2023-08-15 22:05:27.088] [info] CMC::computeControls, t = 1.095
[2023-08-15 22:05:27.104] [info] CMC::computeControls, t = 1.096
[2023-08-15 22:05:27.121] [info] CMC::computeControls, t = 1.097
[2023-08-15 22:05:27.137] [info] CMC::computeControls, t = 1.098
[2023-08-15 22:05:27.154] [info] CMC::computeControls, t = 1.099
[2023-08-15 22:05:27.170] [info] CMC::computeControls, t = 1.1
[2023-08-15 22:05:27.187] [info] CMC::computeControls, t = 1.10100
[2023-08-15 22:05:27.204] [info] CMC::computeControls, t = 1.10200
[2023-08-15 22:05:27.220] [info] CMC::computeControls, t = 1.10300
[2023-08-15 22:05:27.237] [info] CMC::computeControls, t = 1.10400
[2023-08-15 22:05:27.253] [info] CMC::computeControls, t = 1.10500
[2023-08-15 22:05:27.269] [info] CMC::computeControls, t = 1.10600
[2023-08-15 22:05:27.285] [info] CMC::computeControls, t = 1.10700
[2023-08-15 22:05:27.302] [info] CMC::computeControls, t = 1.10800
[2023-08-15 22:05:27.319] [info] CMC::computeControls, t = 1.10900
[2023-08-15 22:05:27.335] [info] CMC::computeControls, t = 1.11
[2023-08-15 22:05:27.351] [info] CMC::computeControls, t = 1.111
[2023-08-15 22:05:27.368] [info] CMC::computeControls, t = 1.112
[2023-08-15 22:05:27.384] [info] CMC::computeControls, t = 1.113
[2023-08-15 22:05:27.400] [info] CMC::computeControls, t = 1.114
[2023-08-15 22:05:27.417] [info] CMC::computeControls, t = 1.115
[2023-08-15 22:05:27.433] [info] CMC::computeControls, t = 1.116
[2023-08-15 22:05:27.449] [info] CMC::computeControls, t = 1.117
[2023-08-15 22:05:27.466] [info] CMC::computeControls, t = 1.118
[2023-08-15 22:05:27.486] [info] CMC::computeControls, t = 1.119
[2023-08-15 22:05:27.502] [info] CMC::computeControls, t = 1.12
[2023-08-15 22:05:27.518] [info] CMC::computeControls, t = 1.121
[2023-08-15 22:05:27.535] [info] CMC::computeControls, t = 1.122
[2023-08-15 22:05:27.552] [info] CMC::computeControls, t = 1.123
[2023-08-15 22:05:27.568] [info] CMC::computeControls, t = 1.124
[2023-08-15 22:05:27.584] [info] CMC::computeControls, t = 1.125
[2023-08-15 22:05:27.600] [info] CMC::computeControls, t = 1.126
[2023-08-15 22:05:27.617] [info] CMC::computeControls, t = 1.127
[2023-08-15 22:05:27.633] [info] CMC::computeControls, t = 1.128
[2023-08-15 22:05:27.649] [info] CMC::computeControls, t = 1.129
[2023-08-15 22:05:27.665] [info] CMC::computeControls, t = 1.13
[2023-08-15 22:05:27.681] [info] CMC::computeControls, t = 1.131
[2023-08-15 22:05:27.701] [info] CMC::computeControls, t = 1.132
[2023-08-15 22:05:27.722] [info] CMC::computeControls, t = 1.133
[2023-08-15 22:05:27.744] [info] CMC::computeControls, t = 1.134
[2023-08-15 22:05:27.763] [info] CMC::computeControls, t = 1.135
[2023-08-15 22:05:27.781] [info] CMC::computeControls, t = 1.136
[2023-08-15 22:05:27.799] [info] CMC::computeControls, t = 1.137
[2023-08-15 22:05:27.816] [info] CMC::computeControls, t = 1.138
[2023-08-15 22:05:27.832] [info] CMC::computeControls, t = 1.139
[2023-08-15 22:05:27.849] [info] CMC::computeControls, t = 1.14
[2023-08-15 22:05:27.865] [info] CMC::computeControls, t = 1.141
[2023-08-15 22:05:27.882] [info] CMC::computeControls, t = 1.142
[2023-08-15 22:05:27.898] [info] CMC::computeControls, t = 1.143
[2023-08-15 22:05:27.915] [info] CMC::computeControls, t = 1.144
[2023-08-15 22:05:27.931] [info] CMC::computeControls, t = 1.145
[2023-08-15 22:05:27.948] [info] CMC::computeControls, t = 1.146
[2023-08-15 22:05:27.964] [info] CMC::computeControls, t = 1.147
[2023-08-15 22:05:27.983] [info] CMC::computeControls, t = 1.148
[2023-08-15 22:05:28.000] [info] CMC::computeControls, t = 1.149
[2023-08-15 22:05:28.016] [info] CMC::computeControls, t = 1.15
[2023-08-15 22:05:28.033] [info] CMC::computeControls, t = 1.151
[2023-08-15 22:05:28.049] [info] CMC::computeControls, t = 1.152
[2023-08-15 22:05:28.066] [info] CMC::computeControls, t = 1.153
[2023-08-15 22:05:28.083] [info] CMC::computeControls, t = 1.154
[2023-08-15 22:05:28.100] [info] CMC::computeControls, t = 1.155
[2023-08-15 22:05:28.117] [info] CMC::computeControls, t = 1.156
[2023-08-15 22:05:28.133] [info] CMC::computeControls, t = 1.157
[2023-08-15 22:05:28.150] [info] CMC::computeControls, t = 1.158
[2023-08-15 22:05:28.167] [info] CMC::computeControls, t = 1.159
[2023-08-15 22:05:28.184] [info] CMC::computeControls, t = 1.16
[2023-08-15 22:05:28.201] [info] CMC::computeControls, t = 1.161
[2023-08-15 22:05:28.217] [info] CMC::computeControls, t = 1.162
[2023-08-15 22:05:28.234] [info] CMC::computeControls, t = 1.163
[2023-08-15 22:05:28.251] [info] CMC::computeControls, t = 1.164
[2023-08-15 22:05:28.268] [info] CMC::computeControls, t = 1.165
[2023-08-15 22:05:28.285] [info] CMC::computeControls, t = 1.166
[2023-08-15 22:05:28.303] [info] CMC::computeControls, t = 1.167
[2023-08-15 22:05:28.319] [info] CMC::computeControls, t = 1.168
[2023-08-15 22:05:28.336] [info] CMC::computeControls, t = 1.169
[2023-08-15 22:05:28.353] [info] CMC::computeControls, t = 1.17
[2023-08-15 22:05:28.370] [info] CMC::computeControls, t = 1.171
[2023-08-15 22:05:28.387] [info] CMC::computeControls, t = 1.172
[2023-08-15 22:05:28.404] [info] CMC::computeControls, t = 1.173
[2023-08-15 22:05:28.421] [info] CMC::computeControls, t = 1.174
[2023-08-15 22:05:28.438] [info] CMC::computeControls, t = 1.175
[2023-08-15 22:05:28.454] [info] CMC::computeControls, t = 1.176
[2023-08-15 22:05:28.474] [info] CMC::computeControls, t = 1.177
[2023-08-15 22:05:28.491] [info] CMC::computeControls, t = 1.178
[2023-08-15 22:05:28.509] [info] CMC::computeControls, t = 1.179
[2023-08-15 22:05:28.525] [info] CMC::computeControls, t = 1.18
[2023-08-15 22:05:28.542] [info] CMC::computeControls, t = 1.181
[2023-08-15 22:05:28.559] [info] CMC::computeControls, t = 1.182
[2023-08-15 22:05:28.576] [info] CMC::computeControls, t = 1.183
[2023-08-15 22:05:28.592] [info] CMC::computeControls, t = 1.184
[2023-08-15 22:05:28.609] [info] CMC::computeControls, t = 1.185
[2023-08-15 22:05:28.626] [info] CMC::computeControls, t = 1.186
[2023-08-15 22:05:28.642] [info] CMC::computeControls, t = 1.187
[2023-08-15 22:05:28.659] [info] CMC::computeControls, t = 1.188
[2023-08-15 22:05:28.675] [info] CMC::computeControls, t = 1.189
[2023-08-15 22:05:28.692] [info] CMC::computeControls, t = 1.19
[2023-08-15 22:05:28.708] [info] CMC::computeControls, t = 1.191
[2023-08-15 22:05:28.725] [info] CMC::computeControls, t = 1.192
[2023-08-15 22:05:28.747] [info] CMC::computeControls, t = 1.193
[2023-08-15 22:05:28.764] [info] CMC::computeControls, t = 1.194
[2023-08-15 22:05:28.780] [info] CMC::computeControls, t = 1.195
[2023-08-15 22:05:28.796] [info] CMC::computeControls, t = 1.196
[2023-08-15 22:05:28.814] [info] CMC::computeControls, t = 1.197
[2023-08-15 22:05:28.833] [info] CMC::computeControls, t = 1.198
[2023-08-15 22:05:28.852] [info] CMC::computeControls, t = 1.199
[2023-08-15 22:05:28.869] [info] CMC::computeControls, t = 1.2
[2023-08-15 22:05:28.886] [info] CMC::computeControls, t = 1.20100
[2023-08-15 22:05:28.904] [info] CMC::computeControls, t = 1.20200
[2023-08-15 22:05:28.921] [info] CMC::computeControls, t = 1.20300
[2023-08-15 22:05:28.939] [info] CMC::computeControls, t = 1.20400
[2023-08-15 22:05:28.957] [info] CMC::computeControls, t = 1.20500
[2023-08-15 22:05:28.977] [info] CMC::computeControls, t = 1.20600
[2023-08-15 22:05:28.995] [info] CMC::computeControls, t = 1.20700
[2023-08-15 22:05:29.014] [info] CMC::computeControls, t = 1.20800
[2023-08-15 22:05:29.037] [info] CMC::computeControls, t = 1.20900
[2023-08-15 22:05:29.055] [info] CMC::computeControls, t = 1.21
[2023-08-15 22:05:29.072] [info] CMC::computeControls, t = 1.211
[2023-08-15 22:05:29.089] [info] CMC::computeControls, t = 1.212
[2023-08-15 22:05:29.105] [info] CMC::computeControls, t = 1.213
[2023-08-15 22:05:29.122] [info] CMC::computeControls, t = 1.214
[2023-08-15 22:05:29.139] [info] CMC::computeControls, t = 1.215
[2023-08-15 22:05:29.155] [info] CMC::computeControls, t = 1.216
[2023-08-15 22:05:29.172] [info] CMC::computeControls, t = 1.217
[2023-08-15 22:05:29.189] [info] CMC::computeControls, t = 1.218
[2023-08-15 22:05:29.205] [info] CMC::computeControls, t = 1.219
[2023-08-15 22:05:29.221] [info] CMC::computeControls, t = 1.22
[2023-08-15 22:05:29.237] [info] CMC::computeControls, t = 1.221
[2023-08-15 22:05:29.254] [info] CMC::computeControls, t = 1.222
[2023-08-15 22:05:29.270] [info] CMC::computeControls, t = 1.223
[2023-08-15 22:05:29.286] [info] CMC::computeControls, t = 1.224
[2023-08-15 22:05:29.303] [info] CMC::computeControls, t = 1.225
[2023-08-15 22:05:29.319] [info] CMC::computeControls, t = 1.226
[2023-08-15 22:05:29.335] [info] CMC::computeControls, t = 1.227
[2023-08-15 22:05:29.352] [info] CMC::computeControls, t = 1.228
[2023-08-15 22:05:29.369] [info] CMC::computeControls, t = 1.229
[2023-08-15 22:05:29.385] [info] CMC::computeControls, t = 1.23
[2023-08-15 22:05:29.402] [info] CMC::computeControls, t = 1.231
[2023-08-15 22:05:29.418] [info] CMC::computeControls, t = 1.232
[2023-08-15 22:05:29.435] [info] CMC::computeControls, t = 1.233
[2023-08-15 22:05:29.451] [info] CMC::computeControls, t = 1.234
[2023-08-15 22:05:29.470] [info] CMC::computeControls, t = 1.235
[2023-08-15 22:05:29.487] [info] CMC::computeControls, t = 1.236
[2023-08-15 22:05:29.503] [info] CMC::computeControls, t = 1.237
[2023-08-15 22:05:29.519] [info] CMC::computeControls, t = 1.238
[2023-08-15 22:05:29.536] [info] CMC::computeControls, t = 1.239
[2023-08-15 22:05:29.558] [info] CMC::computeControls, t = 1.24
[2023-08-15 22:05:29.579] [info] CMC::computeControls, t = 1.241
[2023-08-15 22:05:29.603] [info] CMC::computeControls, t = 1.242
[2023-08-15 22:05:29.626] [info] CMC::computeControls, t = 1.243
[2023-08-15 22:05:29.645] [info] CMC::computeControls, t = 1.244
[2023-08-15 22:05:29.663] [info] CMC::computeControls, t = 1.245
[2023-08-15 22:05:29.680] [info] CMC::computeControls, t = 1.246
[2023-08-15 22:05:29.697] [info] CMC::computeControls, t = 1.247
[2023-08-15 22:05:29.713] [info] CMC::computeControls, t = 1.248
[2023-08-15 22:05:29.729] [info] CMC::computeControls, t = 1.249
[2023-08-15 22:05:29.746] [info] CMC::computeControls, t = 1.25
[2023-08-15 22:05:29.762] [info] CMC::computeControls, t = 1.251
[2023-08-15 22:05:29.779] [info] CMC::computeControls, t = 1.252
[2023-08-15 22:05:29.799] [info] CMC::computeControls, t = 1.253
[2023-08-15 22:05:29.820] [info] CMC::computeControls, t = 1.254
[2023-08-15 22:05:29.838] [info] CMC::computeControls, t = 1.255
[2023-08-15 22:05:29.854] [info] CMC::computeControls, t = 1.256
[2023-08-15 22:05:29.873] [info] CMC::computeControls, t = 1.257
[2023-08-15 22:05:29.890] [info] CMC::computeControls, t = 1.258
[2023-08-15 22:05:29.906] [info] CMC::computeControls, t = 1.259
[2023-08-15 22:05:29.927] [info] CMC::computeControls, t = 1.26
[2023-08-15 22:05:29.945] [info] CMC::computeControls, t = 1.261
[2023-08-15 22:05:29.961] [info] CMC::computeControls, t = 1.262
[2023-08-15 22:05:29.978] [info] CMC::computeControls, t = 1.263
[2023-08-15 22:05:29.997] [info] CMC::computeControls, t = 1.264
[2023-08-15 22:05:30.014] [info] CMC::computeControls, t = 1.265
[2023-08-15 22:05:30.030] [info] CMC::computeControls, t = 1.266
[2023-08-15 22:05:30.047] [info] CMC::computeControls, t = 1.267
[2023-08-15 22:05:30.064] [info] CMC::computeControls, t = 1.268
[2023-08-15 22:05:30.080] [info] CMC::computeControls, t = 1.269
[2023-08-15 22:05:30.097] [info] CMC::computeControls, t = 1.27
[2023-08-15 22:05:30.113] [info] CMC::computeControls, t = 1.271
[2023-08-15 22:05:30.130] [info] CMC::computeControls, t = 1.272
[2023-08-15 22:05:30.146] [info] CMC::computeControls, t = 1.273
[2023-08-15 22:05:30.163] [info] CMC::computeControls, t = 1.274
[2023-08-15 22:05:30.179] [info] CMC::computeControls, t = 1.275
[2023-08-15 22:05:30.195] [info] CMC::computeControls, t = 1.276
[2023-08-15 22:05:30.212] [info] CMC::computeControls, t = 1.277
[2023-08-15 22:05:30.228] [info] CMC::computeControls, t = 1.278
[2023-08-15 22:05:30.245] [info] CMC::computeControls, t = 1.279
[2023-08-15 22:05:30.261] [info] CMC::computeControls, t = 1.28
[2023-08-15 22:05:30.277] [info] CMC::computeControls, t = 1.281
[2023-08-15 22:05:30.293] [info] CMC::computeControls, t = 1.282
[2023-08-15 22:05:30.310] [info] CMC::computeControls, t = 1.283
[2023-08-15 22:05:30.326] [info] CMC::computeControls, t = 1.284
[2023-08-15 22:05:30.342] [info] CMC::computeControls, t = 1.285
[2023-08-15 22:05:30.358] [info] CMC::computeControls, t = 1.286
[2023-08-15 22:05:30.375] [info] CMC::computeControls, t = 1.287
[2023-08-15 22:05:30.391] [info] CMC::computeControls, t = 1.288
[2023-08-15 22:05:30.408] [info] CMC::computeControls, t = 1.289
[2023-08-15 22:05:30.424] [info] CMC::computeControls, t = 1.29
[2023-08-15 22:05:30.440] [info] CMC::computeControls, t = 1.291
[2023-08-15 22:05:30.456] [info] CMC::computeControls, t = 1.292
[2023-08-15 22:05:30.475] [info] CMC::computeControls, t = 1.293
[2023-08-15 22:05:30.491] [info] CMC::computeControls, t = 1.294
[2023-08-15 22:05:30.507] [info] CMC::computeControls, t = 1.295
[2023-08-15 22:05:30.523] [info] CMC::computeControls, t = 1.296
[2023-08-15 22:05:30.540] [info] CMC::computeControls, t = 1.297
[2023-08-15 22:05:30.556] [info] CMC::computeControls, t = 1.298
[2023-08-15 22:05:30.573] [info] CMC::computeControls, t = 1.299
[2023-08-15 22:05:30.589] [info] CMC::computeControls, t = 1.3
[2023-08-15 22:05:30.606] [info] CMC::computeControls, t = 1.30100
[2023-08-15 22:05:30.622] [info] CMC::computeControls, t = 1.30200
[2023-08-15 22:05:30.638] [info] CMC::computeControls, t = 1.30300
[2023-08-15 22:05:30.655] [info] CMC::computeControls, t = 1.30400
[2023-08-15 22:05:30.671] [info] CMC::computeControls, t = 1.30500
[2023-08-15 22:05:30.688] [info] CMC::computeControls, t = 1.30600
[2023-08-15 22:05:30.705] [info] CMC::computeControls, t = 1.30700
[2023-08-15 22:05:30.721] [info] CMC::computeControls, t = 1.30800
[2023-08-15 22:05:30.739] [info] CMC::computeControls, t = 1.30900
[2023-08-15 22:05:30.755] [info] CMC::computeControls, t = 1.31
[2023-08-15 22:05:30.771] [info] CMC::computeControls, t = 1.311
[2023-08-15 22:05:30.787] [info] CMC::computeControls, t = 1.312
[2023-08-15 22:05:30.804] [info] CMC::computeControls, t = 1.313
[2023-08-15 22:05:30.820] [info] CMC::computeControls, t = 1.314
[2023-08-15 22:05:30.836] [info] CMC::computeControls, t = 1.315
[2023-08-15 22:05:30.852] [info] CMC::computeControls, t = 1.316
[2023-08-15 22:05:30.868] [info] CMC::computeControls, t = 1.317
[2023-08-15 22:05:30.887] [info] CMC::computeControls, t = 1.318
[2023-08-15 22:05:30.904] [info] CMC::computeControls, t = 1.319
[2023-08-15 22:05:30.921] [info] CMC::computeControls, t = 1.32
[2023-08-15 22:05:30.938] [info] CMC::computeControls, t = 1.321
[2023-08-15 22:05:30.957] [info] CMC::computeControls, t = 1.322
[2023-08-15 22:05:30.974] [info] CMC::computeControls, t = 1.323
[2023-08-15 22:05:30.996] [info] CMC::computeControls, t = 1.324
[2023-08-15 22:05:31.013] [info] CMC::computeControls, t = 1.325
[2023-08-15 22:05:31.030] [info] CMC::computeControls, t = 1.326
[2023-08-15 22:05:31.047] [info] CMC::computeControls, t = 1.327
[2023-08-15 22:05:31.063] [info] CMC::computeControls, t = 1.328
[2023-08-15 22:05:31.080] [info] CMC::computeControls, t = 1.329
[2023-08-15 22:05:31.097] [info] CMC::computeControls, t = 1.33
[2023-08-15 22:05:31.114] [info] CMC::computeControls, t = 1.331
[2023-08-15 22:05:31.131] [info] CMC::computeControls, t = 1.332
[2023-08-15 22:05:31.148] [info] CMC::computeControls, t = 1.333
[2023-08-15 22:05:31.165] [info] CMC::computeControls, t = 1.334
[2023-08-15 22:05:31.182] [info] CMC::computeControls, t = 1.335
[2023-08-15 22:05:31.199] [info] CMC::computeControls, t = 1.336
[2023-08-15 22:05:31.216] [info] CMC::computeControls, t = 1.337
[2023-08-15 22:05:31.233] [info] CMC::computeControls, t = 1.338
[2023-08-15 22:05:31.250] [info] CMC::computeControls, t = 1.339
[2023-08-15 22:05:31.266] [info] CMC::computeControls, t = 1.34
[2023-08-15 22:05:31.283] [info] CMC::computeControls, t = 1.341
[2023-08-15 22:05:31.300] [info] CMC::computeControls, t = 1.342
[2023-08-15 22:05:31.316] [info] CMC::computeControls, t = 1.343
[2023-08-15 22:05:31.333] [info] CMC::computeControls, t = 1.344
[2023-08-15 22:05:31.350] [info] CMC::computeControls, t = 1.345
[2023-08-15 22:05:31.367] [info] CMC::computeControls, t = 1.346
[2023-08-15 22:05:31.384] [info] CMC::computeControls, t = 1.347
[2023-08-15 22:05:31.401] [info] CMC::computeControls, t = 1.348
[2023-08-15 22:05:31.417] [info] CMC::computeControls, t = 1.349
[2023-08-15 22:05:31.435] [info] CMC::computeControls, t = 1.35
[2023-08-15 22:05:31.454] [info] CMC::computeControls, t = 1.351
[2023-08-15 22:05:31.471] [info] CMC::computeControls, t = 1.352
[2023-08-15 22:05:31.490] [info] CMC::computeControls, t = 1.353
[2023-08-15 22:05:31.514] [info] CMC::computeControls, t = 1.354
[2023-08-15 22:05:31.532] [info] CMC::computeControls, t = 1.355
[2023-08-15 22:05:31.548] [info] CMC::computeControls, t = 1.356
[2023-08-15 22:05:31.565] [info] CMC::computeControls, t = 1.357
[2023-08-15 22:05:31.581] [info] CMC::computeControls, t = 1.358
[2023-08-15 22:05:31.598] [info] CMC::computeControls, t = 1.359
[2023-08-15 22:05:31.614] [info] CMC::computeControls, t = 1.36
[2023-08-15 22:05:31.631] [info] CMC::computeControls, t = 1.361
[2023-08-15 22:05:31.647] [info] CMC::computeControls, t = 1.362
[2023-08-15 22:05:31.664] [info] CMC::computeControls, t = 1.363
[2023-08-15 22:05:31.680] [info] CMC::computeControls, t = 1.364
[2023-08-15 22:05:31.697] [info] CMC::computeControls, t = 1.365
[2023-08-15 22:05:31.713] [info] CMC::computeControls, t = 1.366
[2023-08-15 22:05:31.730] [info] CMC::computeControls, t = 1.367
[2023-08-15 22:05:31.747] [info] CMC::computeControls, t = 1.368
[2023-08-15 22:05:31.764] [info] CMC::computeControls, t = 1.369
[2023-08-15 22:05:31.780] [info] CMC::computeControls, t = 1.37
[2023-08-15 22:05:31.800] [info] CMC::computeControls, t = 1.371
[2023-08-15 22:05:31.817] [info] CMC::computeControls, t = 1.372
[2023-08-15 22:05:31.833] [info] CMC::computeControls, t = 1.373
[2023-08-15 22:05:31.850] [info] CMC::computeControls, t = 1.374
[2023-08-15 22:05:31.867] [info] CMC::computeControls, t = 1.375
[2023-08-15 22:05:31.883] [info] CMC::computeControls, t = 1.376
[2023-08-15 22:05:31.900] [info] CMC::computeControls, t = 1.377
[2023-08-15 22:05:31.918] [info] CMC::computeControls, t = 1.378
[2023-08-15 22:05:31.939] [info] CMC::computeControls, t = 1.379
[2023-08-15 22:05:31.958] [info] CMC::computeControls, t = 1.38
[2023-08-15 22:05:31.975] [info] CMC::computeControls, t = 1.381
[2023-08-15 22:05:31.992] [info] CMC::computeControls, t = 1.382
[2023-08-15 22:05:32.008] [info] CMC::computeControls, t = 1.383
[2023-08-15 22:05:32.025] [info] CMC::computeControls, t = 1.384
[2023-08-15 22:05:32.042] [info] CMC::computeControls, t = 1.385
[2023-08-15 22:05:32.059] [info] CMC::computeControls, t = 1.386
[2023-08-15 22:05:32.075] [info] CMC::computeControls, t = 1.387
[2023-08-15 22:05:32.091] [info] CMC::computeControls, t = 1.388
[2023-08-15 22:05:32.107] [info] CMC::computeControls, t = 1.389
[2023-08-15 22:05:32.124] [info] CMC::computeControls, t = 1.39
[2023-08-15 22:05:32.140] [info] CMC::computeControls, t = 1.391
[2023-08-15 22:05:32.156] [info] CMC::computeControls, t = 1.392
[2023-08-15 22:05:32.172] [info] CMC::computeControls, t = 1.393
[2023-08-15 22:05:32.188] [info] CMC::computeControls, t = 1.394
[2023-08-15 22:05:32.205] [info] CMC::computeControls, t = 1.395
[2023-08-15 22:05:32.221] [info] CMC::computeControls, t = 1.396
[2023-08-15 22:05:32.237] [info] CMC::computeControls, t = 1.397
[2023-08-15 22:05:32.253] [info] CMC::computeControls, t = 1.398
[2023-08-15 22:05:32.269] [info] CMC::computeControls, t = 1.399
[2023-08-15 22:05:32.285] [info] CMC::computeControls, t = 1.4
[2023-08-15 22:05:32.304] [info] CMC::computeControls, t = 1.40100
[2023-08-15 22:05:32.321] [info] CMC::computeControls, t = 1.40200
[2023-08-15 22:05:32.337] [info] CMC::computeControls, t = 1.40300
[2023-08-15 22:05:32.353] [info] CMC::computeControls, t = 1.40400
[2023-08-15 22:05:32.369] [info] CMC::computeControls, t = 1.40500
[2023-08-15 22:05:32.385] [info] CMC::computeControls, t = 1.40600
[2023-08-15 22:05:32.402] [info] CMC::computeControls, t = 1.40700
[2023-08-15 22:05:32.418] [info] CMC::computeControls, t = 1.40800
[2023-08-15 22:05:32.437] [info] CMC::computeControls, t = 1.40900
[2023-08-15 22:05:32.454] [info] CMC::computeControls, t = 1.41
[2023-08-15 22:05:32.470] [info] CMC::computeControls, t = 1.411
[2023-08-15 22:05:32.486] [info] CMC::computeControls, t = 1.412
[2023-08-15 22:05:32.503] [info] CMC::computeControls, t = 1.413
[2023-08-15 22:05:32.519] [info] CMC::computeControls, t = 1.414
[2023-08-15 22:05:32.536] [info] CMC::computeControls, t = 1.415
[2023-08-15 22:05:32.553] [info] CMC::computeControls, t = 1.416
[2023-08-15 22:05:32.569] [info] CMC::computeControls, t = 1.417
[2023-08-15 22:05:32.585] [info] CMC::computeControls, t = 1.418
[2023-08-15 22:05:32.601] [info] CMC::computeControls, t = 1.419
[2023-08-15 22:05:32.617] [info] CMC::computeControls, t = 1.42
[2023-08-15 22:05:32.635] [info] CMC::computeControls, t = 1.421
[2023-08-15 22:05:32.651] [info] CMC::computeControls, t = 1.422
[2023-08-15 22:05:32.668] [info] CMC::computeControls, t = 1.423
[2023-08-15 22:05:32.684] [info] CMC::computeControls, t = 1.424
[2023-08-15 22:05:32.701] [info] CMC::computeControls, t = 1.425
[2023-08-15 22:05:32.718] [info] CMC::computeControls, t = 1.426
[2023-08-15 22:05:32.734] [info] CMC::computeControls, t = 1.427
[2023-08-15 22:05:32.750] [info] CMC::computeControls, t = 1.428
[2023-08-15 22:05:32.766] [info] CMC::computeControls, t = 1.429
[2023-08-15 22:05:32.782] [info] CMC::computeControls, t = 1.43
[2023-08-15 22:05:32.805] [info] CMC::computeControls, t = 1.431
[2023-08-15 22:05:32.822] [info] CMC::computeControls, t = 1.432
[2023-08-15 22:05:32.839] [info] CMC::computeControls, t = 1.433
[2023-08-15 22:05:32.855] [info] CMC::computeControls, t = 1.434
[2023-08-15 22:05:32.877] [info] CMC::computeControls, t = 1.435
[2023-08-15 22:05:32.893] [info] CMC::computeControls, t = 1.436
[2023-08-15 22:05:32.910] [info] CMC::computeControls, t = 1.437
[2023-08-15 22:05:32.929] [info] CMC::computeControls, t = 1.438
[2023-08-15 22:05:32.945] [info] CMC::computeControls, t = 1.439
[2023-08-15 22:05:32.961] [info] CMC::computeControls, t = 1.44
[2023-08-15 22:05:32.979] [info] CMC::computeControls, t = 1.441
[2023-08-15 22:05:32.995] [info] CMC::computeControls, t = 1.442
[2023-08-15 22:05:33.012] [info] CMC::computeControls, t = 1.443
[2023-08-15 22:05:33.029] [info] CMC::computeControls, t = 1.444
[2023-08-15 22:05:33.046] [info] CMC::computeControls, t = 1.445
[2023-08-15 22:05:33.063] [info] CMC::computeControls, t = 1.446
[2023-08-15 22:05:33.079] [info] CMC::computeControls, t = 1.447
[2023-08-15 22:05:33.095] [info] CMC::computeControls, t = 1.448
[2023-08-15 22:05:33.112] [info] CMC::computeControls, t = 1.449
[2023-08-15 22:05:33.128] [info] CMC::computeControls, t = 1.45
[2023-08-15 22:05:33.144] [info] CMC::computeControls, t = 1.451
[2023-08-15 22:05:33.161] [info] CMC::computeControls, t = 1.452
[2023-08-15 22:05:33.177] [info] CMC::computeControls, t = 1.453
[2023-08-15 22:05:33.199] [info] CMC::computeControls, t = 1.454
[2023-08-15 22:05:33.220] [info] CMC::computeControls, t = 1.455
[2023-08-15 22:05:33.242] [info] CMC::computeControls, t = 1.456
[2023-08-15 22:05:33.264] [info] CMC::computeControls, t = 1.457
[2023-08-15 22:05:33.283] [info] CMC::computeControls, t = 1.458
[2023-08-15 22:05:33.301] [info] CMC::computeControls, t = 1.459
[2023-08-15 22:05:33.318] [info] CMC::computeControls, t = 1.46
[2023-08-15 22:05:33.334] [info] CMC::computeControls, t = 1.461
[2023-08-15 22:05:33.351] [info] CMC::computeControls, t = 1.462
[2023-08-15 22:05:33.368] [info] CMC::computeControls, t = 1.463
[2023-08-15 22:05:33.385] [info] CMC::computeControls, t = 1.464
[2023-08-15 22:05:33.401] [info] CMC::computeControls, t = 1.465
[2023-08-15 22:05:33.418] [info] CMC::computeControls, t = 1.466
[2023-08-15 22:05:33.436] [info] CMC::computeControls, t = 1.467
[2023-08-15 22:05:33.453] [info] CMC::computeControls, t = 1.468
[2023-08-15 22:05:33.469] [info] CMC::computeControls, t = 1.469
[2023-08-15 22:05:33.492] [info] CMC::computeControls, t = 1.47
[2023-08-15 22:05:33.509] [info] CMC::computeControls, t = 1.471
[2023-08-15 22:05:33.528] [info] CMC::computeControls, t = 1.472
[2023-08-15 22:05:33.544] [info] CMC::computeControls, t = 1.473
[2023-08-15 22:05:33.564] [info] CMC::computeControls, t = 1.474
[2023-08-15 22:05:33.581] [info] CMC::computeControls, t = 1.475
[2023-08-15 22:05:33.597] [info] CMC::computeControls, t = 1.476
[2023-08-15 22:05:33.614] [info] CMC::computeControls, t = 1.477
[2023-08-15 22:05:33.630] [info] CMC::computeControls, t = 1.478
[2023-08-15 22:05:33.647] [info] CMC::computeControls, t = 1.479
[2023-08-15 22:05:33.675] [info] CMC::computeControls, t = 1.48
[2023-08-15 22:05:33.691] [info] CMC::computeControls, t = 1.481
[2023-08-15 22:05:33.708] [info] CMC::computeControls, t = 1.482
[2023-08-15 22:05:33.724] [info] CMC::computeControls, t = 1.483
[2023-08-15 22:05:33.740] [info] CMC::computeControls, t = 1.484
[2023-08-15 22:05:33.757] [info] CMC::computeControls, t = 1.485
[2023-08-15 22:05:33.774] [info] CMC::computeControls, t = 1.486
[2023-08-15 22:05:33.790] [info] CMC::computeControls, t = 1.487
[2023-08-15 22:05:33.807] [info] CMC::computeControls, t = 1.488
[2023-08-15 22:05:33.823] [info] CMC::computeControls, t = 1.489
[2023-08-15 22:05:33.840] [info] CMC::computeControls, t = 1.49
[2023-08-15 22:05:33.856] [info] CMC::computeControls, t = 1.491
[2023-08-15 22:05:33.873] [info] CMC::computeControls, t = 1.492
[2023-08-15 22:05:33.889] [info] CMC::computeControls, t = 1.493
[2023-08-15 22:05:33.905] [info] CMC::computeControls, t = 1.494
[2023-08-15 22:05:33.921] [info] CMC::computeControls, t = 1.495
[2023-08-15 22:05:33.941] [info] CMC::computeControls, t = 1.496
[2023-08-15 22:05:33.957] [info] CMC::computeControls, t = 1.497
[2023-08-15 22:05:33.973] [info] CMC::computeControls, t = 1.498
[2023-08-15 22:05:33.990] [info] CMC::computeControls, t = 1.499
[2023-08-15 22:05:34.008] [info] CMC::computeControls, t = 1.5
[2023-08-15 22:05:34.024] [info] CMC::computeControls, t = 1.50100
[2023-08-15 22:05:34.041] [info] CMC::computeControls, t = 1.50200
[2023-08-15 22:05:34.059] [info] CMC::computeControls, t = 1.50300
[2023-08-15 22:05:34.075] [info] CMC::computeControls, t = 1.50400
[2023-08-15 22:05:34.092] [info] CMC::computeControls, t = 1.50500
[2023-08-15 22:05:34.108] [info] CMC::computeControls, t = 1.50600
[2023-08-15 22:05:34.124] [info] CMC::computeControls, t = 1.50700
[2023-08-15 22:05:34.141] [info] CMC::computeControls, t = 1.50800
[2023-08-15 22:05:34.158] [info] CMC::computeControls, t = 1.50900
[2023-08-15 22:05:34.175] [info] CMC::computeControls, t = 1.51
[2023-08-15 22:05:34.192] [info] CMC::computeControls, t = 1.511
[2023-08-15 22:05:34.209] [info] CMC::computeControls, t = 1.512
[2023-08-15 22:05:34.226] [info] CMC::computeControls, t = 1.513
[2023-08-15 22:05:34.243] [info] CMC::computeControls, t = 1.514
[2023-08-15 22:05:34.260] [info] CMC::computeControls, t = 1.515
[2023-08-15 22:05:34.280] [info] CMC::computeControls, t = 1.516
[2023-08-15 22:05:34.296] [info] CMC::computeControls, t = 1.517
[2023-08-15 22:05:34.313] [info] CMC::computeControls, t = 1.518
[2023-08-15 22:05:34.330] [info] CMC::computeControls, t = 1.519
[2023-08-15 22:05:34.347] [info] CMC::computeControls, t = 1.52
[2023-08-15 22:05:34.364] [info] CMC::computeControls, t = 1.521
[2023-08-15 22:05:34.381] [info] CMC::computeControls, t = 1.522
[2023-08-15 22:05:34.398] [info] CMC::computeControls, t = 1.523
[2023-08-15 22:05:34.415] [info] CMC::computeControls, t = 1.524
[2023-08-15 22:05:34.434] [info] CMC::computeControls, t = 1.525
[2023-08-15 22:05:34.452] [info] CMC::computeControls, t = 1.526
[2023-08-15 22:05:34.469] [info] CMC::computeControls, t = 1.527
[2023-08-15 22:05:34.487] [info] CMC::computeControls, t = 1.528
[2023-08-15 22:05:34.504] [info] CMC::computeControls, t = 1.529
[2023-08-15 22:05:34.523] [info] CMC::computeControls, t = 1.53
[2023-08-15 22:05:34.543] [info] CMC::computeControls, t = 1.531
[2023-08-15 22:05:34.563] [info] CMC::computeControls, t = 1.532
[2023-08-15 22:05:34.587] [info] CMC::computeControls, t = 1.533
[2023-08-15 22:05:34.607] [info] CMC::computeControls, t = 1.534
[2023-08-15 22:05:34.627] [info] CMC::computeControls, t = 1.535
[2023-08-15 22:05:34.647] [info] CMC::computeControls, t = 1.536
[2023-08-15 22:05:34.667] [info] CMC::computeControls, t = 1.537
[2023-08-15 22:05:34.687] [info] CMC::computeControls, t = 1.538
[2023-08-15 22:05:34.707] [info] CMC::computeControls, t = 1.539
[2023-08-15 22:05:34.727] [info] CMC::computeControls, t = 1.54
[2023-08-15 22:05:34.747] [info] CMC::computeControls, t = 1.541
[2023-08-15 22:05:34.767] [info] CMC::computeControls, t = 1.542
[2023-08-15 22:05:34.789] [info] CMC::computeControls, t = 1.543
[2023-08-15 22:05:34.810] [info] -------------------------------------------
[2023-08-15 22:05:34.811] [info] Finished tracking the specified kinematics:
[2023-08-15 22:05:34.811] [info] -------------------------------------------
[2023-08-15 22:05:34.811] [info]  -- Start time = Tue Aug 15 22:05:24 2023
[2023-08-15 22:05:34.811] [info]  -- Finish time = Tue Aug 15 22:05:34 2023
[2023-08-15 22:05:34.811] [info]  -- Elapsed time = 10.0 seconds.
[2023-08-15 22:05:34.811] [info] -------------------------------------------
[2023-08-15 22:05:34.811] [info] 
[2023-08-15 22:05:34.811] [info] Printing results of investigation subject03_run5_cycle2_iter1 to cycle2/
[2023-08-15 22:05:35.228] [info] 

************************************************************
*      Summary of Mass Adjustments to Reduce Residuals     *
************************************************************
* Body adjusted: torso
* Mass Center (COM) adjustment: dx =-0.1, dz =0.0303276
* New COM location: ~[0.0689591,0.331103,-0.0303276]
************************************************************
* Recommended mass adjustments:                             
*  Total mass change: 1.50478
*  pelvis: orig mass = 10.028, new mass = 10.2638
*  femur_r: orig mass = 7.92005, new mass = 8.10626
*  tibia_r: orig mass = 3.1569, new mass = 3.23112
*  talus_r: orig mass = 0.085149, new mass = 0.087151
*  calcn_r: orig mass = 1.06436, new mass = 1.08939
*  toes_r: orig mass = 0.184433, new mass = 0.188769
*  femur_l: orig mass = 7.92005, new mass = 8.10626
*  tibia_l: orig mass = 3.1569, new mass = 3.23112
*  talus_l: orig mass = 0.085149, new mass = 0.087151
*  calcn_l: orig mass = 1.06436, new mass = 1.08939
*  toes_l: orig mass = 0.184433, new mass = 0.188769
*  torso: orig mass = 22.8426, new mass = 23.3796
*  humerus_r: orig mass = 1.73065, new mass = 1.77134
*  ulna_r: orig mass = 0.51728, new mass = 0.529442
*  radius_r: orig mass = 0.51728, new mass = 0.529442
*  hand_r: orig mass = 0.389557, new mass = 0.398716
*  humerus_l: orig mass = 1.73065, new mass = 1.77134
*  ulna_l: orig mass = 0.51728, new mass = 0.529442
*  radius_l: orig mass = 0.51728, new mass = 0.529442
*  hand_l: orig mass = 0.389557, new mass = 0.398716
************************************************************
* Note: Edit the model to make recommended adjustments to  *
*       mass properties.                                   *
************************************************************

* Average residuals before adjusting torso COM:
*  FX=3.00259 FY=-14.7569 FZ=-2.47169
*  MX=-6.79367 MY=-0.800582 MZ=-28.345
************************************************************
* Average residuals after adjusting torso COM:
*  FX=3.42743 FY=-17.8603 FZ=0.869955
*  MX=5.67664 MY=-4.27801 MZ=-11.3481
************************************************************


[2023-08-15 22:05:35.228] [info] 
************************************************************
*                   Final Average Residuals                *
************************************************************
* After torso COM and Kinematics adjustments:
*  FX=2.6424 FY=-6.09352 FZ=-4.11851
*  MX=4.78895 MY=0.553184 MZ=2.59089
************************************************************


