[2023-08-15 22:29:41.930] [info] Storage: read data file = ..\rra2\cycle3\subject11_run5_cycle3_iter2_Kinematics_q.sto (nr=657 nc=38)
[2023-08-15 22:29:41.963] [info] Storage: read data file = ..\rra2\cycle3\subject11_run5_cycle3_iter2_Kinematics_q.sto (nr=657 nc=38)
[2023-08-15 22:29:42.003] [info] AbstractTool subject11_run5_cycle3_iter3 loading model ..\rra2\cycle3\subject11_run5_cycle3_rraAdjusted_iter2.osim
[2023-08-15 22:29:42.055] [info] Loaded model subject11_scaled from file ..\rra2\cycle3\subject11_run5_cycle3_rraAdjusted_iter2.osim
[2023-08-15 22:29:42.096] [info] Adding force object set from ..\subject11_run5_RRA_Actuators.xml
[2023-08-15 22:29:42.107] [info] Running tool subject11_run5_cycle3_iter3.
[2023-08-15 22:29:42.124] [warning] ExternalLoads 'externalloads' has subcomponents with duplicate name 'externalforce'. The duplicate is being renamed to 'externalforce_0'.
[2023-08-15 22:29:42.148] [info] 	taskSet size = 29.
[2023-08-15 22:29:42.223] [info] ExternalForce::externalforce Data source being set to Run_500 02_newCOP3_v24.mot
[2023-08-15 22:29:42.223] [info] ExternalForce::externalforce_0 Data source being set to Run_500 02_newCOP3_v24.mot
[2023-08-15 22:29:42.228] [warning] A desired points file was not specified.
[2023-08-15 22:29:42.228] [info] Loading desired kinematics from file '..\rra2\cycle3\subject11_run5_cycle3_iter2_Kinematics_q.sto'...
[2023-08-15 22:29:42.228] [info] Storage: read data file = ..\rra2\cycle3\subject11_run5_cycle3_iter2_Kinematics_q.sto (nr=657 nc=38)
[2023-08-15 22:29:42.262] [info] Not filtering the desired kinematics.
[2023-08-15 22:29:42.263] [cout] [info] MODEL: subject11_scaled

numStates = 74
numCoordinates = 37
numSpeeds = 37
numActuators = 29
numBodies = 20
numConstraints = 0
numProbes = 0

ANALYSES (total: 0)

BODIES (total: 20)
body[0] = pelvis. mass: 10.9524
              moments of inertia:  ~[0.102664,0.102664,0.0553689]
              products of inertia: ~[0,0,0]
body[1] = femur_r. mass: 8.65014
              moments of inertia:  ~[0.146581,0.0384242,0.154572]
              products of inertia: ~[0,0,0]
body[2] = tibia_r. mass: 3.44791
              moments of inertia:  ~[0.0517688,0.00523851,0.0524878]
              products of inertia: ~[0,0,0]
body[3] = talus_r. mass: 0.0929983
              moments of inertia:  ~[0.00101755,0.00101755,0.00101755]
              products of inertia: ~[0,0,0]
body[4] = calcn_r. mass: 1.16247
              moments of inertia:  ~[0.00142456,0.00396843,0.00417194]
              products of inertia: ~[0,0,0]
body[5] = toes_r. mass: 0.201434
              moments of inertia:  ~[0.000101755,0.000203509,0.00101755]
              products of inertia: ~[0,0,0]
body[6] = femur_l. mass: 8.65014
              moments of inertia:  ~[0.146581,0.0384242,0.154572]
              products of inertia: ~[0,0,0]
body[7] = tibia_l. mass: 3.44791
              moments of inertia:  ~[0.0515932,0.00488727,0.0515932]
              products of inertia: ~[0,0,0]
body[8] = talus_l. mass: 0.0929983
              moments of inertia:  ~[0.00101755,0.00101755,0.00101755]
              products of inertia: ~[0,0,0]
body[9] = calcn_l. mass: 1.16247
              moments of inertia:  ~[0.00142456,0.00396843,0.00417194]
              products of inertia: ~[0,0,0]
body[10] = toes_l. mass: 0.201434
              moments of inertia:  ~[0.000101755,0.000203509,0.00101755]
              products of inertia: ~[0,0,0]
body[11] = torso. mass: 24.9482
              moments of inertia:  ~[1.3655,0.69965,1.32558]
              products of inertia: ~[0,0,0]
body[12] = humerus_r. mass: 1.89019
              moments of inertia:  ~[0.0119378,0.00411816,0.0133998]
              products of inertia: ~[0,0,0]
body[13] = ulna_r. mass: 0.564965
              moments of inertia:  ~[0.00286409,0.000597571,0.00310679]
              products of inertia: ~[0,0,0]
body[14] = radius_r. mass: 0.564965
              moments of inertia:  ~[0.00286409,0.000597571,0.00310679]
              products of inertia: ~[0,0,0]
body[15] = hand_r. mass: 0.425467
              moments of inertia:  ~[0.000862513,0.000528918,0.0012957]
              products of inertia: ~[0,0,0]
body[16] = humerus_l. mass: 1.89019
              moments of inertia:  ~[0.0119378,0.00411816,0.0133998]
              products of inertia: ~[0,0,0]
body[17] = ulna_l. mass: 0.564965
              moments of inertia:  ~[0.00286409,0.000597571,0.00310679]
              products of inertia: ~[0,0,0]
body[18] = radius_l. mass: 0.564965
              moments of inertia:  ~[0.00286409,0.000597571,0.00310679]
              products of inertia: ~[0,0,0]
body[19] = hand_l. mass: 0.425467
              moments of inertia:  ~[0.000862513,0.000528918,0.0012957]
              products of inertia: ~[0,0,0]

JOINTS (total: 20)
joint[0] = ground_pelvis. parent: ground_offset, child: pelvis_offset
joint[1] = hip_r. parent: pelvis_offset, child: femur_r_offset
joint[2] = knee_r. parent: femur_r_offset, child: tibia_r_offset
joint[3] = ankle_r. parent: tibia_r_offset, child: talus_r_offset
joint[4] = subtalar_r. parent: talus_r_offset, child: calcn_r_offset
joint[5] = mtp_r. parent: calcn_r_offset, child: toes_r_offset
joint[6] = hip_l. parent: pelvis_offset, child: femur_l_offset
joint[7] = knee_l. parent: femur_l_offset, child: tibia_l_offset
joint[8] = ankle_l. parent: tibia_l_offset, child: talus_l_offset
joint[9] = subtalar_l. parent: talus_l_offset, child: calcn_l_offset
joint[10] = mtp_l. parent: calcn_l_offset, child: toes_l_offset
joint[11] = back. parent: pelvis_offset, child: torso_offset
joint[12] = acromial_r. parent: torso_offset, child: humerus_r_offset
joint[13] = elbow_r. parent: humerus_r_offset, child: ulna_r_offset
joint[14] = radioulnar_r. parent: ulna_r_offset, child: radius_r_offset
joint[15] = radius_hand_r. parent: radius_r_offset, child: hand_r_offset
joint[16] = acromial_l. parent: torso_offset, child: humerus_l_offset
joint[17] = elbow_l. parent: humerus_l_offset, child: ulna_l_offset
joint[18] = radioulnar_l. parent: ulna_l_offset, child: radius_l_offset
joint[19] = radius_hand_l. parent: radius_l_offset, child: hand_l_offset

ACTUATORS (total: 29)
actuator[0] = FX
actuator[1] = FY
actuator[2] = FZ
actuator[3] = MZ
actuator[4] = MX
actuator[5] = MY
actuator[6] = hip_flexion_r
actuator[7] = hip_adduction_r
actuator[8] = hip_rotation_r
actuator[9] = knee_angle_r
actuator[10] = ankle_angle_r
actuator[11] = hip_flexion_l
actuator[12] = hip_adduction_l
actuator[13] = hip_rotation_l
actuator[14] = knee_angle_l
actuator[15] = ankle_angle_l
actuator[16] = lumbar_extension
actuator[17] = lumbar_bending
actuator[18] = lumbar_rotation
actuator[19] = arm_flex_r
actuator[20] = arm_add_r
actuator[21] = arm_rot_r
actuator[22] = elbow_flex_r
actuator[23] = pro_sup_r
actuator[24] = arm_flex_l
actuator[25] = arm_add_l
actuator[26] = arm_rot_l
actuator[27] = elbow_flex_l
actuator[28] = pro_sup_l

STATES (total: 74)
y[0] = /jointset/ground_pelvis/pelvis_tilt/value
y[1] = /jointset/ground_pelvis/pelvis_tilt/speed
y[2] = /jointset/ground_pelvis/pelvis_list/value
y[3] = /jointset/ground_pelvis/pelvis_list/speed
y[4] = /jointset/ground_pelvis/pelvis_rotation/value
y[5] = /jointset/ground_pelvis/pelvis_rotation/speed
y[6] = /jointset/ground_pelvis/pelvis_tx/value
y[7] = /jointset/ground_pelvis/pelvis_tx/speed
y[8] = /jointset/ground_pelvis/pelvis_ty/value
y[9] = /jointset/ground_pelvis/pelvis_ty/speed
y[10] = /jointset/ground_pelvis/pelvis_tz/value
y[11] = /jointset/ground_pelvis/pelvis_tz/speed
y[12] = /jointset/hip_r/hip_flexion_r/value
y[13] = /jointset/hip_r/hip_flexion_r/speed
y[14] = /jointset/hip_r/hip_adduction_r/value
y[15] = /jointset/hip_r/hip_adduction_r/speed
y[16] = /jointset/hip_r/hip_rotation_r/value
y[17] = /jointset/hip_r/hip_rotation_r/speed
y[18] = /jointset/knee_r/knee_angle_r/value
y[19] = /jointset/knee_r/knee_angle_r/speed
y[20] = /jointset/ankle_r/ankle_angle_r/value
y[21] = /jointset/ankle_r/ankle_angle_r/speed
y[22] = /jointset/subtalar_r/subtalar_angle_r/value
y[23] = /jointset/subtalar_r/subtalar_angle_r/speed
y[24] = /jointset/mtp_r/mtp_angle_r/value
y[25] = /jointset/mtp_r/mtp_angle_r/speed
y[26] = /jointset/hip_l/hip_flexion_l/value
y[27] = /jointset/hip_l/hip_flexion_l/speed
y[28] = /jointset/hip_l/hip_adduction_l/value
y[29] = /jointset/hip_l/hip_adduction_l/speed
y[30] = /jointset/hip_l/hip_rotation_l/value
y[31] = /jointset/hip_l/hip_rotation_l/speed
y[32] = /jointset/knee_l/knee_angle_l/value
y[33] = /jointset/knee_l/knee_angle_l/speed
y[34] = /jointset/ankle_l/ankle_angle_l/value
y[35] = /jointset/ankle_l/ankle_angle_l/speed
y[36] = /jointset/subtalar_l/subtalar_angle_l/value
y[37] = /jointset/subtalar_l/subtalar_angle_l/speed
y[38] = /jointset/mtp_l/mtp_angle_l/value
y[39] = /jointset/mtp_l/mtp_angle_l/speed
y[40] = /jointset/back/lumbar_extension/value
y[41] = /jointset/back/lumbar_extension/speed
y[42] = /jointset/back/lumbar_bending/value
y[43] = /jointset/back/lumbar_bending/speed
y[44] = /jointset/back/lumbar_rotation/value
y[45] = /jointset/back/lumbar_rotation/speed
y[46] = /jointset/acromial_r/arm_flex_r/value
y[47] = /jointset/acromial_r/arm_flex_r/speed
y[48] = /jointset/acromial_r/arm_add_r/value
y[49] = /jointset/acromial_r/arm_add_r/speed
y[50] = /jointset/acromial_r/arm_rot_r/value
y[51] = /jointset/acromial_r/arm_rot_r/speed
y[52] = /jointset/elbow_r/elbow_flex_r/value
y[53] = /jointset/elbow_r/elbow_flex_r/speed
y[54] = /jointset/radioulnar_r/pro_sup_r/value
y[55] = /jointset/radioulnar_r/pro_sup_r/speed
y[56] = /jointset/radius_hand_r/wrist_flex_r/value
y[57] = /jointset/radius_hand_r/wrist_flex_r/speed
y[58] = /jointset/radius_hand_r/wrist_dev_r/value
y[59] = /jointset/radius_hand_r/wrist_dev_r/speed
y[60] = /jointset/acromial_l/arm_flex_l/value
y[61] = /jointset/acromial_l/arm_flex_l/speed
y[62] = /jointset/acromial_l/arm_add_l/value
y[63] = /jointset/acromial_l/arm_add_l/speed
y[64] = /jointset/acromial_l/arm_rot_l/value
y[65] = /jointset/acromial_l/arm_rot_l/speed
y[66] = /jointset/elbow_l/elbow_flex_l/value
y[67] = /jointset/elbow_l/elbow_flex_l/speed
y[68] = /jointset/radioulnar_l/pro_sup_l/value
y[69] = /jointset/radioulnar_l/pro_sup_l/speed
y[70] = /jointset/radius_hand_l/wrist_flex_l/value
y[71] = /jointset/radius_hand_l/wrist_flex_l/speed
y[72] = /jointset/radius_hand_l/wrist_dev_l/value
y[73] = /jointset/radius_hand_l/wrist_dev_l/speed

[2023-08-15 22:29:42.486] [warning] Coordinate.setValue:  coordinate subtalar_angle_r is locked. Unable to change its value.
[2023-08-15 22:29:42.486] [warning] Coordinate.setValue:  coordinate mtp_angle_r is locked. Unable to change its value.
[2023-08-15 22:29:42.486] [warning] Coordinate.setValue:  coordinate subtalar_angle_l is locked. Unable to change its value.
[2023-08-15 22:29:42.486] [warning] Coordinate.setValue:  coordinate mtp_angle_l is locked. Unable to change its value.
[2023-08-15 22:29:42.486] [warning] Coordinate.setValue:  coordinate wrist_flex_r is locked. Unable to change its value.
[2023-08-15 22:29:42.486] [warning] Coordinate.setValue:  coordinate wrist_dev_r is locked. Unable to change its value.
[2023-08-15 22:29:42.486] [warning] Coordinate.setValue:  coordinate wrist_flex_l is locked. Unable to change its value.
[2023-08-15 22:29:42.486] [warning] Coordinate.setValue:  coordinate wrist_dev_l is locked. Unable to change its value.
[2023-08-15 22:29:42.574] [info] Requested COM adjustment time range 1.248 to 1.81, clamped to nearest available data times: 1.248 to 1.81.
[2023-08-15 22:29:42.574] [info] Computing average residuals between 1.248 and 1.81...
[2023-08-15 22:29:42.659] [info] ExternalForce::externalforce Data source being set to Run_500 02_newCOP3_v24.mot
[2023-08-15 22:29:42.659] [info] ExternalForce::externalforce_0 Data source being set to Run_500 02_newCOP3_v24.mot
[2023-08-15 22:29:42.729] [info] ExternalForce::externalforce Data source being set to Run_500 02_newCOP3_v24.mot
[2023-08-15 22:29:42.729] [info] ExternalForce::externalforce_0 Data source being set to Run_500 02_newCOP3_v24.mot
[2023-08-15 22:29:46.717] [info] ExternalForce::externalforce Data source being set to Run_500 02_newCOP3_v24.mot
[2023-08-15 22:29:46.717] [info] ExternalForce::externalforce_0 Data source being set to Run_500 02_newCOP3_v24.mot
[2023-08-15 22:29:46.725] [info] Computing average residuals between 1.248 and 1.81...
[2023-08-15 22:29:46.808] [info] ExternalForce::externalforce Data source being set to Run_500 02_newCOP3_v24.mot
[2023-08-15 22:29:46.808] [info] ExternalForce::externalforce_0 Data source being set to Run_500 02_newCOP3_v24.mot
[2023-08-15 22:29:46.883] [info] ExternalForce::externalforce Data source being set to Run_500 02_newCOP3_v24.mot
[2023-08-15 22:29:46.883] [info] ExternalForce::externalforce_0 Data source being set to Run_500 02_newCOP3_v24.mot
[2023-08-15 22:29:51.539] [info] Constructing function set for tracking desired kinematics...
[2023-08-15 22:29:52.100] [warning] No Actuation analysis found in analysis set, adding one...
[2023-08-15 22:29:52.101] [warning] No Kinematics analysis found in analysis set, adding one...
[2023-08-15 22:29:52.104] [info] Using the generalized coordinates specified in '..\rra2\cycle3\subject11_run5_cycle3_iter2_Kinematics_q.sto' to set the initial configuration.
[2023-08-15 22:29:52.229] [info] Using IPOPT optimizer algorithm.
[2023-08-15 22:29:52.229] [info] Setting optimizer print level to 0.
[2023-08-15 22:29:52.229] [info] Setting optimizer convergence tolerance to 1.0e-05.
[2023-08-15 22:29:52.229] [info] Setting optimizer maximum iterations to 2000.
[2023-08-15 22:29:52.229] [info] Setting cmc controller to not use verbose printing.

[2023-08-15 22:29:52.230] [info] CMC::computeControls, t = 1.248
[2023-08-15 22:29:53.002] [info] --------------------------------------------
[2023-08-15 22:29:53.002] [info] Using CMC to track the specified kinematics:
[2023-08-15 22:29:53.002] [info] --------------------------------------------
[2023-08-15 22:29:53.003] [info]  -- Integrating from 1.248 to 1.81
[2023-08-15 22:29:53.003] [info]  -- Start time = Tue Aug 15 22:29:53 2023
[2023-08-15 22:29:53.003] [info] --------------------------------------------
[2023-08-15 22:29:53.003] [info] 
[2023-08-15 22:29:53.009] [info] CMC::computeControls, t = 1.248
[2023-08-15 22:29:53.057] [info] CMC::computeControls, t = 1.249
[2023-08-15 22:29:53.057] [warning] Coordinate.setValue:  coordinate subtalar_angle_r is locked. Unable to change its value.
[2023-08-15 22:29:53.057] [warning] Coordinate.setValue:  coordinate mtp_angle_r is locked. Unable to change its value.
[2023-08-15 22:29:53.057] [warning] Coordinate.setValue:  coordinate subtalar_angle_l is locked. Unable to change its value.
[2023-08-15 22:29:53.057] [warning] Coordinate.setValue:  coordinate mtp_angle_l is locked. Unable to change its value.
[2023-08-15 22:29:53.058] [warning] Coordinate.setValue:  coordinate wrist_flex_r is locked. Unable to change its value.
[2023-08-15 22:29:53.058] [warning] Coordinate.setValue:  coordinate wrist_dev_r is locked. Unable to change its value.
[2023-08-15 22:29:53.058] [warning] Coordinate.setValue:  coordinate wrist_flex_l is locked. Unable to change its value.
[2023-08-15 22:29:53.058] [warning] Coordinate.setValue:  coordinate wrist_dev_l is locked. Unable to change its value.
[2023-08-15 22:29:53.095] [info] CMC::computeControls, t = 1.25
[2023-08-15 22:29:53.138] [info] CMC::computeControls, t = 1.251
[2023-08-15 22:29:53.177] [info] CMC::computeControls, t = 1.252
[2023-08-15 22:29:53.212] [info] CMC::computeControls, t = 1.253
[2023-08-15 22:29:53.246] [info] CMC::computeControls, t = 1.254
[2023-08-15 22:29:53.285] [info] CMC::computeControls, t = 1.255
[2023-08-15 22:29:53.315] [info] CMC::computeControls, t = 1.256
[2023-08-15 22:29:53.349] [info] CMC::computeControls, t = 1.257
[2023-08-15 22:29:53.379] [info] CMC::computeControls, t = 1.258
[2023-08-15 22:29:53.402] [info] CMC::computeControls, t = 1.259
[2023-08-15 22:29:53.436] [info] CMC::computeControls, t = 1.26
[2023-08-15 22:29:53.471] [info] CMC::computeControls, t = 1.261
[2023-08-15 22:29:53.500] [info] CMC::computeControls, t = 1.262
[2023-08-15 22:29:53.525] [info] CMC::computeControls, t = 1.263
[2023-08-15 22:29:53.553] [info] CMC::computeControls, t = 1.264
[2023-08-15 22:29:53.587] [info] CMC::computeControls, t = 1.265
[2023-08-15 22:29:53.616] [info] CMC::computeControls, t = 1.266
[2023-08-15 22:29:53.642] [info] CMC::computeControls, t = 1.267
[2023-08-15 22:29:53.666] [info] CMC::computeControls, t = 1.268
[2023-08-15 22:29:53.695] [info] CMC::computeControls, t = 1.269
[2023-08-15 22:29:53.718] [info] CMC::computeControls, t = 1.27
[2023-08-15 22:29:53.757] [info] CMC::computeControls, t = 1.271
[2023-08-15 22:29:53.790] [info] CMC::computeControls, t = 1.272
[2023-08-15 22:29:53.814] [info] CMC::computeControls, t = 1.273
[2023-08-15 22:29:53.842] [info] CMC::computeControls, t = 1.274
[2023-08-15 22:29:53.868] [info] CMC::computeControls, t = 1.275
[2023-08-15 22:29:53.892] [info] CMC::computeControls, t = 1.276
[2023-08-15 22:29:53.917] [info] CMC::computeControls, t = 1.277
[2023-08-15 22:29:53.946] [info] CMC::computeControls, t = 1.278
[2023-08-15 22:29:53.977] [info] CMC::computeControls, t = 1.279
[2023-08-15 22:29:54.009] [info] CMC::computeControls, t = 1.28
[2023-08-15 22:29:54.039] [info] CMC::computeControls, t = 1.281
[2023-08-15 22:29:54.067] [info] CMC::computeControls, t = 1.282
[2023-08-15 22:29:54.103] [info] CMC::computeControls, t = 1.283
[2023-08-15 22:29:54.149] [info] CMC::computeControls, t = 1.284
[2023-08-15 22:29:54.193] [info] CMC::computeControls, t = 1.285
[2023-08-15 22:29:54.221] [info] CMC::computeControls, t = 1.286
[2023-08-15 22:29:54.247] [info] CMC::computeControls, t = 1.287
[2023-08-15 22:29:54.267] [info] CMC::computeControls, t = 1.288
[2023-08-15 22:29:54.288] [info] CMC::computeControls, t = 1.289
[2023-08-15 22:29:54.313] [info] CMC::computeControls, t = 1.29
[2023-08-15 22:29:54.334] [info] CMC::computeControls, t = 1.291
[2023-08-15 22:29:54.367] [info] CMC::computeControls, t = 1.292
[2023-08-15 22:29:54.390] [info] CMC::computeControls, t = 1.293
[2023-08-15 22:29:54.416] [info] CMC::computeControls, t = 1.294
[2023-08-15 22:29:54.446] [info] CMC::computeControls, t = 1.295
[2023-08-15 22:29:54.475] [info] CMC::computeControls, t = 1.296
[2023-08-15 22:29:54.503] [info] CMC::computeControls, t = 1.297
[2023-08-15 22:29:54.532] [info] CMC::computeControls, t = 1.298
[2023-08-15 22:29:54.559] [info] CMC::computeControls, t = 1.299
[2023-08-15 22:29:54.583] [info] CMC::computeControls, t = 1.3
[2023-08-15 22:29:54.612] [info] CMC::computeControls, t = 1.30100
[2023-08-15 22:29:54.637] [info] CMC::computeControls, t = 1.30200
[2023-08-15 22:29:54.675] [info] CMC::computeControls, t = 1.30300
[2023-08-15 22:29:54.706] [info] CMC::computeControls, t = 1.30400
[2023-08-15 22:29:54.740] [info] CMC::computeControls, t = 1.30500
[2023-08-15 22:29:54.766] [info] CMC::computeControls, t = 1.30600
[2023-08-15 22:29:54.787] [info] CMC::computeControls, t = 1.30700
[2023-08-15 22:29:54.814] [info] CMC::computeControls, t = 1.30800
[2023-08-15 22:29:54.841] [info] CMC::computeControls, t = 1.30900
[2023-08-15 22:29:54.871] [info] CMC::computeControls, t = 1.31
[2023-08-15 22:29:54.896] [info] CMC::computeControls, t = 1.311
[2023-08-15 22:29:54.920] [info] CMC::computeControls, t = 1.312
[2023-08-15 22:29:54.942] [info] CMC::computeControls, t = 1.313
[2023-08-15 22:29:54.973] [info] CMC::computeControls, t = 1.314
[2023-08-15 22:29:54.992] [info] CMC::computeControls, t = 1.315
[2023-08-15 22:29:55.013] [info] CMC::computeControls, t = 1.316
[2023-08-15 22:29:55.038] [info] CMC::computeControls, t = 1.317
[2023-08-15 22:29:55.072] [info] CMC::computeControls, t = 1.318
[2023-08-15 22:29:55.103] [info] CMC::computeControls, t = 1.319
[2023-08-15 22:29:55.127] [info] CMC::computeControls, t = 1.32
[2023-08-15 22:29:55.150] [info] CMC::computeControls, t = 1.321
[2023-08-15 22:29:55.181] [info] CMC::computeControls, t = 1.322
[2023-08-15 22:29:55.208] [info] CMC::computeControls, t = 1.323
[2023-08-15 22:29:55.234] [info] CMC::computeControls, t = 1.324
[2023-08-15 22:29:55.259] [info] CMC::computeControls, t = 1.325
[2023-08-15 22:29:55.287] [info] CMC::computeControls, t = 1.326
[2023-08-15 22:29:55.314] [info] CMC::computeControls, t = 1.327
[2023-08-15 22:29:55.343] [info] CMC::computeControls, t = 1.328
[2023-08-15 22:29:55.369] [info] CMC::computeControls, t = 1.329
[2023-08-15 22:29:55.386] [info] CMC::computeControls, t = 1.33
[2023-08-15 22:29:55.409] [info] CMC::computeControls, t = 1.331
[2023-08-15 22:29:55.426] [info] CMC::computeControls, t = 1.332
[2023-08-15 22:29:55.455] [info] CMC::computeControls, t = 1.333
[2023-08-15 22:29:55.481] [info] CMC::computeControls, t = 1.334
[2023-08-15 22:29:55.501] [info] CMC::computeControls, t = 1.335
[2023-08-15 22:29:55.521] [info] CMC::computeControls, t = 1.336
[2023-08-15 22:29:55.552] [info] CMC::computeControls, t = 1.337
[2023-08-15 22:29:55.588] [info] CMC::computeControls, t = 1.338
[2023-08-15 22:29:55.613] [info] CMC::computeControls, t = 1.339
[2023-08-15 22:29:55.645] [info] CMC::computeControls, t = 1.34
[2023-08-15 22:29:55.670] [info] CMC::computeControls, t = 1.341
[2023-08-15 22:29:55.697] [info] CMC::computeControls, t = 1.342
[2023-08-15 22:29:55.735] [info] CMC::computeControls, t = 1.343
[2023-08-15 22:29:55.768] [info] CMC::computeControls, t = 1.344
[2023-08-15 22:29:55.793] [info] CMC::computeControls, t = 1.345
[2023-08-15 22:29:55.828] [info] CMC::computeControls, t = 1.346
[2023-08-15 22:29:55.851] [info] CMC::computeControls, t = 1.347
[2023-08-15 22:29:55.887] [info] CMC::computeControls, t = 1.348
[2023-08-15 22:29:55.910] [info] CMC::computeControls, t = 1.349
[2023-08-15 22:29:55.933] [info] CMC::computeControls, t = 1.35
[2023-08-15 22:29:55.952] [info] CMC::computeControls, t = 1.351
[2023-08-15 22:29:55.970] [info] CMC::computeControls, t = 1.352
[2023-08-15 22:29:55.999] [info] CMC::computeControls, t = 1.353
[2023-08-15 22:29:56.024] [info] CMC::computeControls, t = 1.354
[2023-08-15 22:29:56.048] [info] CMC::computeControls, t = 1.355
[2023-08-15 22:29:56.080] [info] CMC::computeControls, t = 1.356
[2023-08-15 22:29:56.107] [info] CMC::computeControls, t = 1.357
[2023-08-15 22:29:56.127] [info] CMC::computeControls, t = 1.358
[2023-08-15 22:29:56.162] [info] CMC::computeControls, t = 1.359
[2023-08-15 22:29:56.188] [info] CMC::computeControls, t = 1.36
[2023-08-15 22:29:56.221] [info] CMC::computeControls, t = 1.361
[2023-08-15 22:29:56.247] [info] CMC::computeControls, t = 1.362
[2023-08-15 22:29:56.271] [info] CMC::computeControls, t = 1.363
[2023-08-15 22:29:56.294] [info] CMC::computeControls, t = 1.364
[2023-08-15 22:29:56.318] [info] CMC::computeControls, t = 1.365
[2023-08-15 22:29:56.337] [info] CMC::computeControls, t = 1.366
[2023-08-15 22:29:56.358] [info] CMC::computeControls, t = 1.367
[2023-08-15 22:29:56.390] [info] CMC::computeControls, t = 1.368
[2023-08-15 22:29:56.435] [info] CMC::computeControls, t = 1.369
[2023-08-15 22:29:56.465] [info] CMC::computeControls, t = 1.37
[2023-08-15 22:29:56.501] [info] CMC::computeControls, t = 1.371
[2023-08-15 22:29:56.536] [info] CMC::computeControls, t = 1.372
[2023-08-15 22:29:56.564] [info] CMC::computeControls, t = 1.373
[2023-08-15 22:29:56.588] [info] CMC::computeControls, t = 1.374
[2023-08-15 22:29:56.606] [info] CMC::computeControls, t = 1.375
[2023-08-15 22:29:56.631] [info] CMC::computeControls, t = 1.376
[2023-08-15 22:29:56.666] [info] CMC::computeControls, t = 1.377
[2023-08-15 22:29:56.690] [info] CMC::computeControls, t = 1.378
[2023-08-15 22:29:56.722] [info] CMC::computeControls, t = 1.379
[2023-08-15 22:29:56.755] [info] CMC::computeControls, t = 1.38
[2023-08-15 22:29:56.783] [info] CMC::computeControls, t = 1.381
[2023-08-15 22:29:56.808] [info] CMC::computeControls, t = 1.382
[2023-08-15 22:29:56.836] [info] CMC::computeControls, t = 1.383
[2023-08-15 22:29:56.864] [info] CMC::computeControls, t = 1.384
[2023-08-15 22:29:56.895] [info] CMC::computeControls, t = 1.385
[2023-08-15 22:29:56.929] [info] CMC::computeControls, t = 1.386
[2023-08-15 22:29:56.950] [info] CMC::computeControls, t = 1.387
[2023-08-15 22:29:56.986] [info] CMC::computeControls, t = 1.388
[2023-08-15 22:29:57.012] [info] CMC::computeControls, t = 1.389
[2023-08-15 22:29:57.041] [info] CMC::computeControls, t = 1.39
[2023-08-15 22:29:57.070] [info] CMC::computeControls, t = 1.391
[2023-08-15 22:29:57.098] [info] CMC::computeControls, t = 1.392
[2023-08-15 22:29:57.126] [info] CMC::computeControls, t = 1.393
[2023-08-15 22:29:57.154] [info] CMC::computeControls, t = 1.394
[2023-08-15 22:29:57.171] [info] CMC::computeControls, t = 1.395
[2023-08-15 22:29:57.189] [info] CMC::computeControls, t = 1.396
[2023-08-15 22:29:57.208] [info] CMC::computeControls, t = 1.397
[2023-08-15 22:29:57.230] [info] CMC::computeControls, t = 1.398
[2023-08-15 22:29:57.255] [info] CMC::computeControls, t = 1.399
[2023-08-15 22:29:57.280] [info] CMC::computeControls, t = 1.4
[2023-08-15 22:29:57.315] [info] CMC::computeControls, t = 1.40100
[2023-08-15 22:29:57.341] [info] CMC::computeControls, t = 1.40200
[2023-08-15 22:29:57.364] [info] CMC::computeControls, t = 1.40300
[2023-08-15 22:29:57.390] [info] CMC::computeControls, t = 1.40400
[2023-08-15 22:29:57.414] [info] CMC::computeControls, t = 1.40500
[2023-08-15 22:29:57.436] [info] CMC::computeControls, t = 1.40600
[2023-08-15 22:29:57.461] [info] CMC::computeControls, t = 1.40700
[2023-08-15 22:29:57.486] [info] CMC::computeControls, t = 1.40800
[2023-08-15 22:29:57.510] [info] CMC::computeControls, t = 1.40900
[2023-08-15 22:29:57.529] [info] CMC::computeControls, t = 1.41
[2023-08-15 22:29:57.551] [info] CMC::computeControls, t = 1.411
[2023-08-15 22:29:57.583] [info] CMC::computeControls, t = 1.412
[2023-08-15 22:29:57.611] [info] CMC::computeControls, t = 1.413
[2023-08-15 22:29:57.642] [info] CMC::computeControls, t = 1.414
[2023-08-15 22:29:57.667] [info] CMC::computeControls, t = 1.415
[2023-08-15 22:29:57.696] [info] CMC::computeControls, t = 1.416
[2023-08-15 22:29:57.725] [info] CMC::computeControls, t = 1.417
[2023-08-15 22:29:57.745] [info] CMC::computeControls, t = 1.418
[2023-08-15 22:29:57.770] [info] CMC::computeControls, t = 1.419
[2023-08-15 22:29:57.790] [info] CMC::computeControls, t = 1.42
[2023-08-15 22:29:57.811] [info] CMC::computeControls, t = 1.421
[2023-08-15 22:29:57.830] [info] CMC::computeControls, t = 1.422
[2023-08-15 22:29:57.863] [info] CMC::computeControls, t = 1.423
[2023-08-15 22:29:57.883] [info] CMC::computeControls, t = 1.424
[2023-08-15 22:29:57.909] [info] CMC::computeControls, t = 1.425
[2023-08-15 22:29:57.929] [info] CMC::computeControls, t = 1.426
[2023-08-15 22:29:57.951] [info] CMC::computeControls, t = 1.427
[2023-08-15 22:29:57.980] [info] CMC::computeControls, t = 1.428
[2023-08-15 22:29:58.003] [info] CMC::computeControls, t = 1.429
[2023-08-15 22:29:58.028] [info] CMC::computeControls, t = 1.43
[2023-08-15 22:29:58.047] [info] CMC::computeControls, t = 1.431
[2023-08-15 22:29:58.081] [info] CMC::computeControls, t = 1.432
[2023-08-15 22:29:58.102] [info] CMC::computeControls, t = 1.433
[2023-08-15 22:29:58.135] [info] CMC::computeControls, t = 1.434
[2023-08-15 22:29:58.178] [info] CMC::computeControls, t = 1.435
[2023-08-15 22:29:58.214] [info] CMC::computeControls, t = 1.436
[2023-08-15 22:29:58.235] [info] CMC::computeControls, t = 1.437
[2023-08-15 22:29:58.251] [info] CMC::computeControls, t = 1.438
[2023-08-15 22:29:58.274] [info] CMC::computeControls, t = 1.439
[2023-08-15 22:29:58.292] [info] CMC::computeControls, t = 1.44
[2023-08-15 22:29:58.322] [info] CMC::computeControls, t = 1.441
[2023-08-15 22:29:58.344] [info] CMC::computeControls, t = 1.442
[2023-08-15 22:29:58.372] [info] CMC::computeControls, t = 1.443
[2023-08-15 22:29:58.392] [info] CMC::computeControls, t = 1.444
[2023-08-15 22:29:58.419] [info] CMC::computeControls, t = 1.445
[2023-08-15 22:29:58.455] [info] CMC::computeControls, t = 1.446
[2023-08-15 22:29:58.478] [info] CMC::computeControls, t = 1.447
[2023-08-15 22:29:58.513] [info] CMC::computeControls, t = 1.448
[2023-08-15 22:29:58.541] [info] CMC::computeControls, t = 1.449
[2023-08-15 22:29:58.566] [info] CMC::computeControls, t = 1.45
[2023-08-15 22:29:58.593] [info] CMC::computeControls, t = 1.451
[2023-08-15 22:29:58.627] [info] CMC::computeControls, t = 1.452
[2023-08-15 22:29:58.654] [info] CMC::computeControls, t = 1.453
[2023-08-15 22:29:58.687] [info] CMC::computeControls, t = 1.454
[2023-08-15 22:29:58.719] [info] CMC::computeControls, t = 1.455
[2023-08-15 22:29:58.754] [info] CMC::computeControls, t = 1.456
[2023-08-15 22:29:58.803] [info] CMC::computeControls, t = 1.457
[2023-08-15 22:29:58.853] [info] CMC::computeControls, t = 1.458
[2023-08-15 22:29:58.888] [info] CMC::computeControls, t = 1.459
[2023-08-15 22:29:58.912] [info] CMC::computeControls, t = 1.46
[2023-08-15 22:29:58.936] [info] CMC::computeControls, t = 1.461
[2023-08-15 22:29:58.972] [info] CMC::computeControls, t = 1.462
[2023-08-15 22:29:59.010] [info] CMC::computeControls, t = 1.463
[2023-08-15 22:29:59.033] [info] CMC::computeControls, t = 1.464
[2023-08-15 22:29:59.055] [info] CMC::computeControls, t = 1.465
[2023-08-15 22:29:59.075] [info] CMC::computeControls, t = 1.466
[2023-08-15 22:29:59.097] [info] CMC::computeControls, t = 1.467
[2023-08-15 22:29:59.125] [info] CMC::computeControls, t = 1.468
[2023-08-15 22:29:59.145] [info] CMC::computeControls, t = 1.469
[2023-08-15 22:29:59.175] [info] CMC::computeControls, t = 1.47
[2023-08-15 22:29:59.204] [info] CMC::computeControls, t = 1.471
[2023-08-15 22:29:59.227] [info] CMC::computeControls, t = 1.472
[2023-08-15 22:29:59.247] [info] CMC::computeControls, t = 1.473
[2023-08-15 22:29:59.270] [info] CMC::computeControls, t = 1.474
[2023-08-15 22:29:59.298] [info] CMC::computeControls, t = 1.475
[2023-08-15 22:29:59.322] [info] CMC::computeControls, t = 1.476
[2023-08-15 22:29:59.343] [info] CMC::computeControls, t = 1.477
[2023-08-15 22:29:59.375] [info] CMC::computeControls, t = 1.478
[2023-08-15 22:29:59.403] [info] CMC::computeControls, t = 1.479
[2023-08-15 22:29:59.426] [info] CMC::computeControls, t = 1.48
[2023-08-15 22:29:59.450] [info] CMC::computeControls, t = 1.481
[2023-08-15 22:29:59.473] [info] CMC::computeControls, t = 1.482
[2023-08-15 22:29:59.507] [info] CMC::computeControls, t = 1.483
[2023-08-15 22:29:59.538] [info] CMC::computeControls, t = 1.484
[2023-08-15 22:29:59.570] [info] CMC::computeControls, t = 1.485
[2023-08-15 22:29:59.592] [info] CMC::computeControls, t = 1.486
[2023-08-15 22:29:59.616] [info] CMC::computeControls, t = 1.487
[2023-08-15 22:29:59.638] [info] CMC::computeControls, t = 1.488
[2023-08-15 22:29:59.660] [info] CMC::computeControls, t = 1.489
[2023-08-15 22:29:59.681] [info] CMC::computeControls, t = 1.49
[2023-08-15 22:29:59.708] [info] CMC::computeControls, t = 1.491
[2023-08-15 22:29:59.734] [info] CMC::computeControls, t = 1.492
[2023-08-15 22:29:59.760] [info] CMC::computeControls, t = 1.493
[2023-08-15 22:29:59.779] [info] CMC::computeControls, t = 1.494
[2023-08-15 22:29:59.808] [info] CMC::computeControls, t = 1.495
[2023-08-15 22:29:59.834] [info] CMC::computeControls, t = 1.496
[2023-08-15 22:29:59.860] [info] CMC::computeControls, t = 1.497
[2023-08-15 22:29:59.888] [info] CMC::computeControls, t = 1.498
[2023-08-15 22:29:59.912] [info] CMC::computeControls, t = 1.499
[2023-08-15 22:29:59.939] [info] CMC::computeControls, t = 1.5
[2023-08-15 22:29:59.979] [info] CMC::computeControls, t = 1.50100
[2023-08-15 22:30:00.007] [info] CMC::computeControls, t = 1.50200
[2023-08-15 22:30:00.032] [info] CMC::computeControls, t = 1.50300
[2023-08-15 22:30:00.060] [info] CMC::computeControls, t = 1.50400
[2023-08-15 22:30:00.077] [info] CMC::computeControls, t = 1.50500
[2023-08-15 22:30:00.110] [info] CMC::computeControls, t = 1.50600
[2023-08-15 22:30:00.141] [info] CMC::computeControls, t = 1.50700
[2023-08-15 22:30:00.166] [info] CMC::computeControls, t = 1.50800
[2023-08-15 22:30:00.185] [info] CMC::computeControls, t = 1.50900
[2023-08-15 22:30:00.217] [info] CMC::computeControls, t = 1.51
[2023-08-15 22:30:00.242] [info] CMC::computeControls, t = 1.511
[2023-08-15 22:30:00.264] [info] CMC::computeControls, t = 1.512
[2023-08-15 22:30:00.288] [info] CMC::computeControls, t = 1.513
[2023-08-15 22:30:00.315] [info] CMC::computeControls, t = 1.514
[2023-08-15 22:30:00.349] [info] CMC::computeControls, t = 1.515
[2023-08-15 22:30:00.379] [info] CMC::computeControls, t = 1.516
[2023-08-15 22:30:00.415] [info] CMC::computeControls, t = 1.517
[2023-08-15 22:30:00.444] [info] CMC::computeControls, t = 1.518
[2023-08-15 22:30:00.471] [info] CMC::computeControls, t = 1.519
[2023-08-15 22:30:00.496] [info] CMC::computeControls, t = 1.52
[2023-08-15 22:30:00.522] [info] CMC::computeControls, t = 1.521
[2023-08-15 22:30:00.542] [info] CMC::computeControls, t = 1.522
[2023-08-15 22:30:00.565] [info] CMC::computeControls, t = 1.523
[2023-08-15 22:30:00.589] [info] CMC::computeControls, t = 1.524
[2023-08-15 22:30:00.610] [info] CMC::computeControls, t = 1.525
[2023-08-15 22:30:00.634] [info] CMC::computeControls, t = 1.526
[2023-08-15 22:30:00.664] [info] CMC::computeControls, t = 1.527
[2023-08-15 22:30:00.686] [info] CMC::computeControls, t = 1.528
[2023-08-15 22:30:00.714] [info] CMC::computeControls, t = 1.529
[2023-08-15 22:30:00.745] [info] CMC::computeControls, t = 1.53
[2023-08-15 22:30:00.763] [info] CMC::computeControls, t = 1.531
[2023-08-15 22:30:00.787] [info] CMC::computeControls, t = 1.532
[2023-08-15 22:30:00.810] [info] CMC::computeControls, t = 1.533
[2023-08-15 22:30:00.828] [info] CMC::computeControls, t = 1.534
[2023-08-15 22:30:00.850] [info] CMC::computeControls, t = 1.535
[2023-08-15 22:30:00.891] [info] CMC::computeControls, t = 1.536
[2023-08-15 22:30:00.924] [info] CMC::computeControls, t = 1.537
[2023-08-15 22:30:00.947] [info] CMC::computeControls, t = 1.538
[2023-08-15 22:30:00.968] [info] CMC::computeControls, t = 1.539
[2023-08-15 22:30:01.002] [info] CMC::computeControls, t = 1.54
[2023-08-15 22:30:01.048] [info] CMC::computeControls, t = 1.541
[2023-08-15 22:30:01.077] [info] CMC::computeControls, t = 1.542
[2023-08-15 22:30:01.111] [info] CMC::computeControls, t = 1.543
[2023-08-15 22:30:01.141] [info] CMC::computeControls, t = 1.544
[2023-08-15 22:30:01.168] [info] CMC::computeControls, t = 1.545
[2023-08-15 22:30:01.192] [info] CMC::computeControls, t = 1.546
[2023-08-15 22:30:01.221] [info] CMC::computeControls, t = 1.547
[2023-08-15 22:30:01.248] [info] CMC::computeControls, t = 1.548
[2023-08-15 22:30:01.268] [info] CMC::computeControls, t = 1.549
[2023-08-15 22:30:01.294] [info] CMC::computeControls, t = 1.55
[2023-08-15 22:30:01.321] [info] CMC::computeControls, t = 1.551
[2023-08-15 22:30:01.346] [info] CMC::computeControls, t = 1.552
[2023-08-15 22:30:01.371] [info] CMC::computeControls, t = 1.553
[2023-08-15 22:30:01.396] [info] CMC::computeControls, t = 1.554
[2023-08-15 22:30:01.430] [info] CMC::computeControls, t = 1.555
[2023-08-15 22:30:01.452] [info] CMC::computeControls, t = 1.556
[2023-08-15 22:30:01.473] [info] CMC::computeControls, t = 1.557
[2023-08-15 22:30:01.497] [info] CMC::computeControls, t = 1.558
[2023-08-15 22:30:01.520] [info] CMC::computeControls, t = 1.559
[2023-08-15 22:30:01.545] [info] CMC::computeControls, t = 1.56
[2023-08-15 22:30:01.572] [info] CMC::computeControls, t = 1.561
[2023-08-15 22:30:01.595] [info] CMC::computeControls, t = 1.562
[2023-08-15 22:30:01.617] [info] CMC::computeControls, t = 1.563
[2023-08-15 22:30:01.645] [info] CMC::computeControls, t = 1.564
[2023-08-15 22:30:01.679] [info] CMC::computeControls, t = 1.565
[2023-08-15 22:30:01.723] [info] CMC::computeControls, t = 1.566
[2023-08-15 22:30:01.753] [info] CMC::computeControls, t = 1.567
[2023-08-15 22:30:01.774] [info] CMC::computeControls, t = 1.568
[2023-08-15 22:30:01.802] [info] CMC::computeControls, t = 1.569
[2023-08-15 22:30:01.824] [info] CMC::computeControls, t = 1.57
[2023-08-15 22:30:01.857] [info] CMC::computeControls, t = 1.571
[2023-08-15 22:30:01.891] [info] CMC::computeControls, t = 1.572
[2023-08-15 22:30:01.920] [info] CMC::computeControls, t = 1.573
[2023-08-15 22:30:01.956] [info] CMC::computeControls, t = 1.574
[2023-08-15 22:30:01.990] [info] CMC::computeControls, t = 1.575
[2023-08-15 22:30:02.021] [info] CMC::computeControls, t = 1.576
[2023-08-15 22:30:02.058] [info] CMC::computeControls, t = 1.577
[2023-08-15 22:30:02.091] [info] CMC::computeControls, t = 1.578
[2023-08-15 22:30:02.117] [info] CMC::computeControls, t = 1.579
[2023-08-15 22:30:02.149] [info] CMC::computeControls, t = 1.58
[2023-08-15 22:30:02.183] [info] CMC::computeControls, t = 1.581
[2023-08-15 22:30:02.211] [info] CMC::computeControls, t = 1.582
[2023-08-15 22:30:02.247] [info] CMC::computeControls, t = 1.583
[2023-08-15 22:30:02.282] [info] CMC::computeControls, t = 1.584
[2023-08-15 22:30:02.312] [info] CMC::computeControls, t = 1.585
[2023-08-15 22:30:02.339] [info] CMC::computeControls, t = 1.586
[2023-08-15 22:30:02.373] [info] CMC::computeControls, t = 1.587
[2023-08-15 22:30:02.401] [info] CMC::computeControls, t = 1.588
[2023-08-15 22:30:02.439] [info] CMC::computeControls, t = 1.589
[2023-08-15 22:30:02.494] [info] CMC::computeControls, t = 1.59
[2023-08-15 22:30:02.532] [info] CMC::computeControls, t = 1.591
[2023-08-15 22:30:02.579] [info] CMC::computeControls, t = 1.592
[2023-08-15 22:30:02.620] [info] CMC::computeControls, t = 1.593
[2023-08-15 22:30:02.649] [info] CMC::computeControls, t = 1.594
[2023-08-15 22:30:02.684] [info] CMC::computeControls, t = 1.595
[2023-08-15 22:30:02.710] [info] CMC::computeControls, t = 1.596
[2023-08-15 22:30:02.736] [info] CMC::computeControls, t = 1.597
[2023-08-15 22:30:02.771] [info] CMC::computeControls, t = 1.598
[2023-08-15 22:30:02.803] [info] CMC::computeControls, t = 1.599
[2023-08-15 22:30:02.831] [info] CMC::computeControls, t = 1.6
[2023-08-15 22:30:02.867] [info] CMC::computeControls, t = 1.60100
[2023-08-15 22:30:02.899] [info] CMC::computeControls, t = 1.60200
[2023-08-15 22:30:02.937] [info] CMC::computeControls, t = 1.60300
[2023-08-15 22:30:02.969] [info] CMC::computeControls, t = 1.60400
[2023-08-15 22:30:03.007] [info] CMC::computeControls, t = 1.60500
[2023-08-15 22:30:03.039] [info] CMC::computeControls, t = 1.60600
[2023-08-15 22:30:03.078] [info] CMC::computeControls, t = 1.60700
[2023-08-15 22:30:03.112] [info] CMC::computeControls, t = 1.60800
[2023-08-15 22:30:03.148] [info] CMC::computeControls, t = 1.60900
[2023-08-15 22:30:03.181] [info] CMC::computeControls, t = 1.61
[2023-08-15 22:30:03.209] [info] CMC::computeControls, t = 1.611
[2023-08-15 22:30:03.238] [info] CMC::computeControls, t = 1.612
[2023-08-15 22:30:03.284] [info] CMC::computeControls, t = 1.613
[2023-08-15 22:30:03.317] [info] CMC::computeControls, t = 1.614
[2023-08-15 22:30:03.343] [info] CMC::computeControls, t = 1.615
[2023-08-15 22:30:03.383] [info] CMC::computeControls, t = 1.616
[2023-08-15 22:30:03.423] [info] CMC::computeControls, t = 1.617
[2023-08-15 22:30:03.463] [info] CMC::computeControls, t = 1.618
[2023-08-15 22:30:03.489] [info] CMC::computeControls, t = 1.619
[2023-08-15 22:30:03.527] [info] CMC::computeControls, t = 1.62
[2023-08-15 22:30:03.563] [info] CMC::computeControls, t = 1.621
[2023-08-15 22:30:03.604] [info] CMC::computeControls, t = 1.622
[2023-08-15 22:30:03.631] [info] CMC::computeControls, t = 1.623
[2023-08-15 22:30:03.658] [info] CMC::computeControls, t = 1.624
[2023-08-15 22:30:03.681] [info] CMC::computeControls, t = 1.625
[2023-08-15 22:30:03.713] [info] CMC::computeControls, t = 1.626
[2023-08-15 22:30:03.740] [info] CMC::computeControls, t = 1.627
[2023-08-15 22:30:03.779] [info] CMC::computeControls, t = 1.628
[2023-08-15 22:30:03.812] [info] CMC::computeControls, t = 1.629
[2023-08-15 22:30:03.846] [info] CMC::computeControls, t = 1.63
[2023-08-15 22:30:03.880] [info] CMC::computeControls, t = 1.631
[2023-08-15 22:30:03.908] [info] CMC::computeControls, t = 1.632
[2023-08-15 22:30:03.935] [info] CMC::computeControls, t = 1.633
[2023-08-15 22:30:03.981] [info] CMC::computeControls, t = 1.634
[2023-08-15 22:30:04.037] [info] CMC::computeControls, t = 1.635
[2023-08-15 22:30:04.070] [info] CMC::computeControls, t = 1.636
[2023-08-15 22:30:04.112] [info] CMC::computeControls, t = 1.637
[2023-08-15 22:30:04.139] [info] CMC::computeControls, t = 1.638
[2023-08-15 22:30:04.177] [info] CMC::computeControls, t = 1.639
[2023-08-15 22:30:04.203] [info] CMC::computeControls, t = 1.64
[2023-08-15 22:30:04.228] [info] CMC::computeControls, t = 1.641
[2023-08-15 22:30:04.265] [info] CMC::computeControls, t = 1.642
[2023-08-15 22:30:04.298] [info] CMC::computeControls, t = 1.643
[2023-08-15 22:30:04.320] [info] CMC::computeControls, t = 1.644
[2023-08-15 22:30:04.362] [info] CMC::computeControls, t = 1.645
[2023-08-15 22:30:04.401] [info] CMC::computeControls, t = 1.646
[2023-08-15 22:30:04.453] [info] CMC::computeControls, t = 1.647
[2023-08-15 22:30:04.496] [info] CMC::computeControls, t = 1.648
[2023-08-15 22:30:04.537] [info] CMC::computeControls, t = 1.649
[2023-08-15 22:30:04.567] [info] CMC::computeControls, t = 1.65
[2023-08-15 22:30:04.602] [info] CMC::computeControls, t = 1.651
[2023-08-15 22:30:04.661] [info] CMC::computeControls, t = 1.652
[2023-08-15 22:30:04.715] [info] CMC::computeControls, t = 1.653
[2023-08-15 22:30:04.760] [info] CMC::computeControls, t = 1.654
[2023-08-15 22:30:04.786] [info] CMC::computeControls, t = 1.655
[2023-08-15 22:30:04.808] [info] CMC::computeControls, t = 1.656
[2023-08-15 22:30:04.838] [info] CMC::computeControls, t = 1.657
[2023-08-15 22:30:04.878] [info] CMC::computeControls, t = 1.658
[2023-08-15 22:30:04.924] [info] CMC::computeControls, t = 1.659
[2023-08-15 22:30:04.959] [info] CMC::computeControls, t = 1.66
[2023-08-15 22:30:04.989] [info] CMC::computeControls, t = 1.661
[2023-08-15 22:30:05.010] [info] CMC::computeControls, t = 1.662
[2023-08-15 22:30:05.053] [info] CMC::computeControls, t = 1.663
[2023-08-15 22:30:05.085] [info] CMC::computeControls, t = 1.664
[2023-08-15 22:30:05.103] [info] CMC::computeControls, t = 1.665
[2023-08-15 22:30:05.135] [info] CMC::computeControls, t = 1.666
[2023-08-15 22:30:05.172] [info] CMC::computeControls, t = 1.667
[2023-08-15 22:30:05.204] [info] CMC::computeControls, t = 1.668
[2023-08-15 22:30:05.247] [info] CMC::computeControls, t = 1.669
[2023-08-15 22:30:05.280] [info] CMC::computeControls, t = 1.67
[2023-08-15 22:30:05.319] [info] CMC::computeControls, t = 1.671
[2023-08-15 22:30:05.348] [info] CMC::computeControls, t = 1.672
[2023-08-15 22:30:05.380] [info] CMC::computeControls, t = 1.673
[2023-08-15 22:30:05.414] [info] CMC::computeControls, t = 1.674
[2023-08-15 22:30:05.436] [info] CMC::computeControls, t = 1.675
[2023-08-15 22:30:05.454] [info] CMC::computeControls, t = 1.676
[2023-08-15 22:30:05.492] [info] CMC::computeControls, t = 1.677
[2023-08-15 22:30:05.526] [info] CMC::computeControls, t = 1.678
[2023-08-15 22:30:05.571] [info] CMC::computeControls, t = 1.679
[2023-08-15 22:30:05.601] [info] CMC::computeControls, t = 1.68
[2023-08-15 22:30:05.622] [info] CMC::computeControls, t = 1.681
[2023-08-15 22:30:05.647] [info] CMC::computeControls, t = 1.682
[2023-08-15 22:30:05.668] [info] CMC::computeControls, t = 1.683
[2023-08-15 22:30:05.691] [info] CMC::computeControls, t = 1.684
[2023-08-15 22:30:05.719] [info] CMC::computeControls, t = 1.685
[2023-08-15 22:30:05.742] [info] CMC::computeControls, t = 1.686
[2023-08-15 22:30:05.781] [info] CMC::computeControls, t = 1.687
[2023-08-15 22:30:05.802] [info] CMC::computeControls, t = 1.688
[2023-08-15 22:30:05.838] [info] CMC::computeControls, t = 1.689
[2023-08-15 22:30:05.864] [info] CMC::computeControls, t = 1.69
[2023-08-15 22:30:05.893] [info] CMC::computeControls, t = 1.691
[2023-08-15 22:30:05.915] [info] CMC::computeControls, t = 1.692
[2023-08-15 22:30:05.935] [info] CMC::computeControls, t = 1.693
[2023-08-15 22:30:05.957] [info] CMC::computeControls, t = 1.694
[2023-08-15 22:30:05.980] [info] CMC::computeControls, t = 1.695
[2023-08-15 22:30:06.006] [info] CMC::computeControls, t = 1.696
[2023-08-15 22:30:06.041] [info] CMC::computeControls, t = 1.697
[2023-08-15 22:30:06.072] [info] CMC::computeControls, t = 1.698
[2023-08-15 22:30:06.099] [info] CMC::computeControls, t = 1.699
[2023-08-15 22:30:06.127] [info] CMC::computeControls, t = 1.7
[2023-08-15 22:30:06.150] [info] CMC::computeControls, t = 1.70100
[2023-08-15 22:30:06.174] [info] CMC::computeControls, t = 1.70200
[2023-08-15 22:30:06.201] [info] CMC::computeControls, t = 1.70300
[2023-08-15 22:30:06.225] [info] CMC::computeControls, t = 1.70400
[2023-08-15 22:30:06.245] [info] CMC::computeControls, t = 1.70500
[2023-08-15 22:30:06.264] [info] CMC::computeControls, t = 1.70600
[2023-08-15 22:30:06.291] [info] CMC::computeControls, t = 1.70700
[2023-08-15 22:30:06.320] [info] CMC::computeControls, t = 1.70800
[2023-08-15 22:30:06.344] [info] CMC::computeControls, t = 1.70900
[2023-08-15 22:30:06.366] [info] CMC::computeControls, t = 1.71
[2023-08-15 22:30:06.396] [info] CMC::computeControls, t = 1.711
[2023-08-15 22:30:06.424] [info] CMC::computeControls, t = 1.712
[2023-08-15 22:30:06.447] [info] CMC::computeControls, t = 1.713
[2023-08-15 22:30:06.468] [info] CMC::computeControls, t = 1.714
[2023-08-15 22:30:06.498] [info] CMC::computeControls, t = 1.715
[2023-08-15 22:30:06.520] [info] CMC::computeControls, t = 1.716
[2023-08-15 22:30:06.556] [info] CMC::computeControls, t = 1.717
[2023-08-15 22:30:06.586] [info] CMC::computeControls, t = 1.718
[2023-08-15 22:30:06.611] [info] CMC::computeControls, t = 1.719
[2023-08-15 22:30:06.632] [info] CMC::computeControls, t = 1.72
[2023-08-15 22:30:06.655] [info] CMC::computeControls, t = 1.721
[2023-08-15 22:30:06.676] [info] CMC::computeControls, t = 1.722
[2023-08-15 22:30:06.693] [info] CMC::computeControls, t = 1.723
[2023-08-15 22:30:06.724] [info] CMC::computeControls, t = 1.724
[2023-08-15 22:30:06.757] [info] CMC::computeControls, t = 1.725
[2023-08-15 22:30:06.790] [info] CMC::computeControls, t = 1.726
[2023-08-15 22:30:06.817] [info] CMC::computeControls, t = 1.727
[2023-08-15 22:30:06.843] [info] CMC::computeControls, t = 1.728
[2023-08-15 22:30:06.875] [info] CMC::computeControls, t = 1.729
[2023-08-15 22:30:06.904] [info] CMC::computeControls, t = 1.73
[2023-08-15 22:30:06.926] [info] CMC::computeControls, t = 1.731
[2023-08-15 22:30:06.943] [info] CMC::computeControls, t = 1.732
[2023-08-15 22:30:06.965] [info] CMC::computeControls, t = 1.733
[2023-08-15 22:30:06.985] [info] CMC::computeControls, t = 1.734
[2023-08-15 22:30:07.007] [info] CMC::computeControls, t = 1.735
[2023-08-15 22:30:07.032] [info] CMC::computeControls, t = 1.736
[2023-08-15 22:30:07.060] [info] CMC::computeControls, t = 1.737
[2023-08-15 22:30:07.086] [info] CMC::computeControls, t = 1.738
[2023-08-15 22:30:07.112] [info] CMC::computeControls, t = 1.739
[2023-08-15 22:30:07.138] [info] CMC::computeControls, t = 1.74
[2023-08-15 22:30:07.168] [info] CMC::computeControls, t = 1.741
[2023-08-15 22:30:07.193] [info] CMC::computeControls, t = 1.742
[2023-08-15 22:30:07.230] [info] CMC::computeControls, t = 1.743
[2023-08-15 22:30:07.259] [info] CMC::computeControls, t = 1.744
[2023-08-15 22:30:07.285] [info] CMC::computeControls, t = 1.745
[2023-08-15 22:30:07.310] [info] CMC::computeControls, t = 1.746
[2023-08-15 22:30:07.336] [info] CMC::computeControls, t = 1.747
[2023-08-15 22:30:07.360] [info] CMC::computeControls, t = 1.748
[2023-08-15 22:30:07.384] [info] CMC::computeControls, t = 1.749
[2023-08-15 22:30:07.412] [info] CMC::computeControls, t = 1.75
[2023-08-15 22:30:07.440] [info] CMC::computeControls, t = 1.751
[2023-08-15 22:30:07.463] [info] CMC::computeControls, t = 1.752
[2023-08-15 22:30:07.486] [info] CMC::computeControls, t = 1.753
[2023-08-15 22:30:07.516] [info] CMC::computeControls, t = 1.754
[2023-08-15 22:30:07.544] [info] CMC::computeControls, t = 1.755
[2023-08-15 22:30:07.569] [info] CMC::computeControls, t = 1.756
[2023-08-15 22:30:07.594] [info] CMC::computeControls, t = 1.757
[2023-08-15 22:30:07.618] [info] CMC::computeControls, t = 1.758
[2023-08-15 22:30:07.642] [info] CMC::computeControls, t = 1.759
[2023-08-15 22:30:07.663] [info] CMC::computeControls, t = 1.76
[2023-08-15 22:30:07.685] [info] CMC::computeControls, t = 1.761
[2023-08-15 22:30:07.705] [info] CMC::computeControls, t = 1.762
[2023-08-15 22:30:07.728] [info] CMC::computeControls, t = 1.763
[2023-08-15 22:30:07.764] [info] CMC::computeControls, t = 1.764
[2023-08-15 22:30:07.808] [info] CMC::computeControls, t = 1.765
[2023-08-15 22:30:07.827] [info] CMC::computeControls, t = 1.766
[2023-08-15 22:30:07.851] [info] CMC::computeControls, t = 1.767
[2023-08-15 22:30:07.888] [info] CMC::computeControls, t = 1.768
[2023-08-15 22:30:07.926] [info] CMC::computeControls, t = 1.769
[2023-08-15 22:30:07.965] [info] CMC::computeControls, t = 1.77
[2023-08-15 22:30:07.984] [info] CMC::computeControls, t = 1.771
[2023-08-15 22:30:08.019] [info] CMC::computeControls, t = 1.772
[2023-08-15 22:30:08.046] [info] CMC::computeControls, t = 1.773
[2023-08-15 22:30:08.072] [info] CMC::computeControls, t = 1.774
[2023-08-15 22:30:08.094] [info] CMC::computeControls, t = 1.775
[2023-08-15 22:30:08.110] [info] CMC::computeControls, t = 1.776
[2023-08-15 22:30:08.140] [info] CMC::computeControls, t = 1.777
[2023-08-15 22:30:08.182] [info] CMC::computeControls, t = 1.778
[2023-08-15 22:30:08.211] [info] CMC::computeControls, t = 1.779
[2023-08-15 22:30:08.230] [info] CMC::computeControls, t = 1.78
[2023-08-15 22:30:08.248] [info] CMC::computeControls, t = 1.781
[2023-08-15 22:30:08.276] [info] CMC::computeControls, t = 1.782
[2023-08-15 22:30:08.299] [info] CMC::computeControls, t = 1.783
[2023-08-15 22:30:08.322] [info] CMC::computeControls, t = 1.784
[2023-08-15 22:30:08.346] [info] CMC::computeControls, t = 1.785
[2023-08-15 22:30:08.369] [info] CMC::computeControls, t = 1.786
[2023-08-15 22:30:08.393] [info] CMC::computeControls, t = 1.787
[2023-08-15 22:30:08.419] [info] CMC::computeControls, t = 1.788
[2023-08-15 22:30:08.437] [info] CMC::computeControls, t = 1.789
[2023-08-15 22:30:08.459] [info] CMC::computeControls, t = 1.79
[2023-08-15 22:30:08.477] [info] CMC::computeControls, t = 1.791
[2023-08-15 22:30:08.499] [info] CMC::computeControls, t = 1.792
[2023-08-15 22:30:08.532] [info] CMC::computeControls, t = 1.793
[2023-08-15 22:30:08.561] [info] CMC::computeControls, t = 1.794
[2023-08-15 22:30:08.593] [info] CMC::computeControls, t = 1.795
[2023-08-15 22:30:08.620] [info] CMC::computeControls, t = 1.796
[2023-08-15 22:30:08.640] [info] CMC::computeControls, t = 1.797
[2023-08-15 22:30:08.666] [info] CMC::computeControls, t = 1.798
[2023-08-15 22:30:08.696] [info] CMC::computeControls, t = 1.799
[2023-08-15 22:30:08.732] [info] CMC::computeControls, t = 1.8
[2023-08-15 22:30:08.754] [info] CMC::computeControls, t = 1.80100
[2023-08-15 22:30:08.784] [info] CMC::computeControls, t = 1.80200
[2023-08-15 22:30:08.809] [info] CMC::computeControls, t = 1.80300
[2023-08-15 22:30:08.842] [info] CMC::computeControls, t = 1.80400
[2023-08-15 22:30:08.874] [info] CMC::computeControls, t = 1.80500
[2023-08-15 22:30:08.908] [info] CMC::computeControls, t = 1.80600
[2023-08-15 22:30:08.935] [info] CMC::computeControls, t = 1.80700
[2023-08-15 22:30:08.977] [info] CMC::computeControls, t = 1.80800
[2023-08-15 22:30:09.003] [info] CMC::computeControls, t = 1.80900
[2023-08-15 22:30:09.027] [info] -------------------------------------------
[2023-08-15 22:30:09.029] [info] Finished tracking the specified kinematics:
[2023-08-15 22:30:09.029] [info] -------------------------------------------
[2023-08-15 22:30:09.029] [info]  -- Start time = Tue Aug 15 22:29:53 2023
[2023-08-15 22:30:09.029] [info]  -- Finish time = Tue Aug 15 22:30:09 2023
[2023-08-15 22:30:09.029] [info]  -- Elapsed time = 16.0 seconds.
[2023-08-15 22:30:09.029] [info] -------------------------------------------
[2023-08-15 22:30:09.029] [info] 
[2023-08-15 22:30:09.029] [info] Printing results of investigation subject11_run5_cycle3_iter3 to cycle3/
[2023-08-15 22:30:09.523] [info] 

************************************************************
*      Summary of Mass Adjustments to Reduce Residuals     *
************************************************************
* Body adjusted: torso
* Mass Center (COM) adjustment: dx =-0.0521266, dz =0.029139
* New COM location: ~[0.0220718,0.320585,-0.0161014]
************************************************************
* Recommended mass adjustments:                             
*  Total mass change: 1.3969
*  pelvis: orig mass = 10.9524, new mass = 11.1713
*  femur_r: orig mass = 8.65014, new mass = 8.823
*  tibia_r: orig mass = 3.44791, new mass = 3.51681
*  talus_r: orig mass = 0.0929983, new mass = 0.0948568
*  calcn_r: orig mass = 1.16247, new mass = 1.1857
*  toes_r: orig mass = 0.201434, new mass = 0.205459
*  femur_l: orig mass = 8.65014, new mass = 8.823
*  tibia_l: orig mass = 3.44791, new mass = 3.51681
*  talus_l: orig mass = 0.0929983, new mass = 0.0948568
*  calcn_l: orig mass = 1.16247, new mass = 1.1857
*  toes_l: orig mass = 0.201434, new mass = 0.205459
*  torso: orig mass = 24.9482, new mass = 25.4468
*  humerus_r: orig mass = 1.89019, new mass = 1.92796
*  ulna_r: orig mass = 0.564965, new mass = 0.576255
*  radius_r: orig mass = 0.564965, new mass = 0.576255
*  hand_r: orig mass = 0.425467, new mass = 0.433969
*  humerus_l: orig mass = 1.89019, new mass = 1.92796
*  ulna_l: orig mass = 0.564965, new mass = 0.576255
*  radius_l: orig mass = 0.564965, new mass = 0.576255
*  hand_l: orig mass = 0.425467, new mass = 0.433969
************************************************************
* Note: Edit the model to make recommended adjustments to  *
*       mass properties.                                   *
************************************************************

* Average residuals before adjusting torso COM:
*  FX=-0.981781 FY=-13.6989 FZ=2.59546
*  MX=-7.1291 MY=-2.08332 MZ=-12.7532
************************************************************
* Average residuals after adjusting torso COM:
*  FX=-0.819184 FY=-12.5725 FZ=2.44766
*  MX=-0.983505 MY=-1.94599 MZ=0.450325
************************************************************


[2023-08-15 22:30:09.523] [info] 
************************************************************
*                   Final Average Residuals                *
************************************************************
* After torso COM and Kinematics adjustments:
*  FX=3.85034 FY=-4.59275 FZ=-1.14618
*  MX=0.52654 MY=-1.31005 MZ=4.63666
************************************************************


