[2023-03-10 20:52:01.058] [info] AbstractTool subject03_run5_cycle1 loading model ..\..\model\subject03_adjusted_scaled.osim
[2023-03-10 20:52:01.138] [info] Loaded model subject03_scaled from file ..\..\model\subject03_adjusted_scaled.osim
[2023-03-10 20:52:01.211] [info] Adding force object set from subject03_run5_RRA_Actuators.xml
[2023-03-10 20:52:01.230] [info] Running tool subject03_run5_cycle1.
[2023-03-10 20:52:01.263] [warning] ExternalLoads 'externalloads' has subcomponents with duplicate name 'externalforce'. The duplicate is being renamed to 'externalforce_0'.
[2023-03-10 20:52:01.308] [info] 	taskSet size = 29.
[2023-03-10 20:52:01.493] [info] ExternalForce::externalforce Data source being set to Run_500 03_newCOP3_v24.mot
[2023-03-10 20:52:01.493] [info] ExternalForce::externalforce_0 Data source being set to Run_500 03_newCOP3_v24.mot
[2023-03-10 20:52:01.500] [warning] A desired points file was not specified.
[2023-03-10 20:52:01.501] [info] Loading desired kinematics from file '..\..\ik\Run_5.mot'...
[2023-03-10 20:52:01.516] [info] Old version storage/motion file encountered
[2023-03-10 20:52:01.516] [info] Storage: read data file = ..\..\ik\Run_5.mot (nr=364 nc=173)
[2023-03-10 20:52:01.516] [info] .. assuming rotations in Degrees..
[2023-03-10 20:52:01.582] [info] Low-pass filtering desired kinematics with a cutoff frequency of 15.0...
[2023-03-10 20:52:01.828] [cout] [info] MODEL: subject03_scaled

numStates = 74
numCoordinates = 37
numSpeeds = 37
numActuators = 29
numBodies = 20
numConstraints = 0
numProbes = 0

ANALYSES (total: 0)

BODIES (total: 20)
body[0] = pelvis. mass: 10.028
              moments of inertia:  ~[0.106728,0.106728,0.0523826]
              products of inertia: ~[0,0,0]
body[1] = femur_r. mass: 7.92005
              moments of inertia:  ~[0.139404,0.0365429,0.147004]
              products of inertia: ~[0,0,0]
body[2] = tibia_r. mass: 3.1569
              moments of inertia:  ~[0.0484375,0.0041671,0.0484375]
              products of inertia: ~[0,0,0]
body[3] = talus_r. mass: 0.085149
              moments of inertia:  ~[0.000953409,0.000953409,0.000953409]
              products of inertia: ~[0,0,0]
body[4] = calcn_r. mass: 1.06436
              moments of inertia:  ~[0.00133477,0.00371829,0.00390898]
              products of inertia: ~[0,0,0]
body[5] = toes_r. mass: 0.184433
              moments of inertia:  ~[9.53409e-05,0.000190682,0.000953409]
              products of inertia: ~[0,0,0]
body[6] = femur_l. mass: 7.92005
              moments of inertia:  ~[0.139404,0.0365429,0.147004]
              products of inertia: ~[0,0,0]
body[7] = tibia_l. mass: 3.1569
              moments of inertia:  ~[0.0484375,0.0041671,0.0484375]
              products of inertia: ~[0,0,0]
body[8] = talus_l. mass: 0.085149
              moments of inertia:  ~[0.000953409,0.000953409,0.000953409]
              products of inertia: ~[0,0,0]
body[9] = calcn_l. mass: 1.06436
              moments of inertia:  ~[0.00133477,0.00371829,0.00390898]
              products of inertia: ~[0,0,0]
body[10] = toes_l. mass: 0.184433
              moments of inertia:  ~[9.53409e-05,0.000190682,0.000953409]
              products of inertia: ~[0,0,0]
body[11] = torso. mass: 22.8426
              moments of inertia:  ~[1.34416,0.688715,1.30487]
              products of inertia: ~[0,0,0]
body[12] = humerus_r. mass: 1.73065
              moments of inertia:  ~[0.0130498,0.00450178,0.014648]
              products of inertia: ~[0,0,0]
body[13] = ulna_r. mass: 0.51728
              moments of inertia:  ~[0.00303753,0.000633759,0.00329493]
              products of inertia: ~[0,0,0]
body[14] = radius_r. mass: 0.51728
              moments of inertia:  ~[0.00303753,0.000633759,0.00329493]
              products of inertia: ~[0,0,0]
body[15] = hand_r. mass: 0.389557
              moments of inertia:  ~[0.000914746,0.000560949,0.00137417]
              products of inertia: ~[0,0,0]
body[16] = humerus_l. mass: 1.73065
              moments of inertia:  ~[0.0130498,0.00450178,0.014648]
              products of inertia: ~[0,0,0]
body[17] = ulna_l. mass: 0.51728
              moments of inertia:  ~[0.00303753,0.000633759,0.00329493]
              products of inertia: ~[0,0,0]
body[18] = radius_l. mass: 0.51728
              moments of inertia:  ~[0.00303753,0.000633759,0.00329493]
              products of inertia: ~[0,0,0]
body[19] = hand_l. mass: 0.389557
              moments of inertia:  ~[0.000914746,0.000560949,0.00137417]
              products of inertia: ~[0,0,0]

JOINTS (total: 20)
joint[0] = ground_pelvis. parent: ground_offset, child: pelvis_offset
joint[1] = hip_r. parent: pelvis_offset, child: femur_r_offset
joint[2] = knee_r. parent: femur_r_offset, child: tibia_r_offset
joint[3] = ankle_r. parent: tibia_r_offset, child: talus_r_offset
joint[4] = subtalar_r. parent: talus_r_offset, child: calcn_r_offset
joint[5] = mtp_r. parent: calcn_r_offset, child: toes_r_offset
joint[6] = hip_l. parent: pelvis_offset, child: femur_l_offset
joint[7] = knee_l. parent: femur_l_offset, child: tibia_l_offset
joint[8] = ankle_l. parent: tibia_l_offset, child: talus_l_offset
joint[9] = subtalar_l. parent: talus_l_offset, child: calcn_l_offset
joint[10] = mtp_l. parent: calcn_l_offset, child: toes_l_offset
joint[11] = back. parent: pelvis_offset, child: torso_offset
joint[12] = acromial_r. parent: torso_offset, child: humerus_r_offset
joint[13] = elbow_r. parent: humerus_r_offset, child: ulna_r_offset
joint[14] = radioulnar_r. parent: ulna_r_offset, child: radius_r_offset
joint[15] = radius_hand_r. parent: radius_r_offset, child: hand_r_offset
joint[16] = acromial_l. parent: torso_offset, child: humerus_l_offset
joint[17] = elbow_l. parent: humerus_l_offset, child: ulna_l_offset
joint[18] = radioulnar_l. parent: ulna_l_offset, child: radius_l_offset
joint[19] = radius_hand_l. parent: radius_l_offset, child: hand_l_offset

ACTUATORS (total: 29)
actuator[0] = FX
actuator[1] = FY
actuator[2] = FZ
actuator[3] = MZ
actuator[4] = MX
actuator[5] = MY
actuator[6] = hip_flexion_r
actuator[7] = hip_adduction_r
actuator[8] = hip_rotation_r
actuator[9] = knee_angle_r
actuator[10] = ankle_angle_r
actuator[11] = hip_flexion_l
actuator[12] = hip_adduction_l
actuator[13] = hip_rotation_l
actuator[14] = knee_angle_l
actuator[15] = ankle_angle_l
actuator[16] = lumbar_extension
actuator[17] = lumbar_bending
actuator[18] = lumbar_rotation
actuator[19] = arm_flex_r
actuator[20] = arm_add_r
actuator[21] = arm_rot_r
actuator[22] = elbow_flex_r
actuator[23] = pro_sup_r
actuator[24] = arm_flex_l
actuator[25] = arm_add_l
actuator[26] = arm_rot_l
actuator[27] = elbow_flex_l
actuator[28] = pro_sup_l

STATES (total: 74)
y[0] = /jointset/ground_pelvis/pelvis_tilt/value
y[1] = /jointset/ground_pelvis/pelvis_tilt/speed
y[2] = /jointset/ground_pelvis/pelvis_list/value
y[3] = /jointset/ground_pelvis/pelvis_list/speed
y[4] = /jointset/ground_pelvis/pelvis_rotation/value
y[5] = /jointset/ground_pelvis/pelvis_rotation/speed
y[6] = /jointset/ground_pelvis/pelvis_tx/value
y[7] = /jointset/ground_pelvis/pelvis_tx/speed
y[8] = /jointset/ground_pelvis/pelvis_ty/value
y[9] = /jointset/ground_pelvis/pelvis_ty/speed
y[10] = /jointset/ground_pelvis/pelvis_tz/value
y[11] = /jointset/ground_pelvis/pelvis_tz/speed
y[12] = /jointset/hip_r/hip_flexion_r/value
y[13] = /jointset/hip_r/hip_flexion_r/speed
y[14] = /jointset/hip_r/hip_adduction_r/value
y[15] = /jointset/hip_r/hip_adduction_r/speed
y[16] = /jointset/hip_r/hip_rotation_r/value
y[17] = /jointset/hip_r/hip_rotation_r/speed
y[18] = /jointset/knee_r/knee_angle_r/value
y[19] = /jointset/knee_r/knee_angle_r/speed
y[20] = /jointset/ankle_r/ankle_angle_r/value
y[21] = /jointset/ankle_r/ankle_angle_r/speed
y[22] = /jointset/subtalar_r/subtalar_angle_r/value
y[23] = /jointset/subtalar_r/subtalar_angle_r/speed
y[24] = /jointset/mtp_r/mtp_angle_r/value
y[25] = /jointset/mtp_r/mtp_angle_r/speed
y[26] = /jointset/hip_l/hip_flexion_l/value
y[27] = /jointset/hip_l/hip_flexion_l/speed
y[28] = /jointset/hip_l/hip_adduction_l/value
y[29] = /jointset/hip_l/hip_adduction_l/speed
y[30] = /jointset/hip_l/hip_rotation_l/value
y[31] = /jointset/hip_l/hip_rotation_l/speed
y[32] = /jointset/knee_l/knee_angle_l/value
y[33] = /jointset/knee_l/knee_angle_l/speed
y[34] = /jointset/ankle_l/ankle_angle_l/value
y[35] = /jointset/ankle_l/ankle_angle_l/speed
y[36] = /jointset/subtalar_l/subtalar_angle_l/value
y[37] = /jointset/subtalar_l/subtalar_angle_l/speed
y[38] = /jointset/mtp_l/mtp_angle_l/value
y[39] = /jointset/mtp_l/mtp_angle_l/speed
y[40] = /jointset/back/lumbar_extension/value
y[41] = /jointset/back/lumbar_extension/speed
y[42] = /jointset/back/lumbar_bending/value
y[43] = /jointset/back/lumbar_bending/speed
y[44] = /jointset/back/lumbar_rotation/value
y[45] = /jointset/back/lumbar_rotation/speed
y[46] = /jointset/acromial_r/arm_flex_r/value
y[47] = /jointset/acromial_r/arm_flex_r/speed
y[48] = /jointset/acromial_r/arm_add_r/value
y[49] = /jointset/acromial_r/arm_add_r/speed
y[50] = /jointset/acromial_r/arm_rot_r/value
y[51] = /jointset/acromial_r/arm_rot_r/speed
y[52] = /jointset/elbow_r/elbow_flex_r/value
y[53] = /jointset/elbow_r/elbow_flex_r/speed
y[54] = /jointset/radioulnar_r/pro_sup_r/value
y[55] = /jointset/radioulnar_r/pro_sup_r/speed
y[56] = /jointset/radius_hand_r/wrist_flex_r/value
y[57] = /jointset/radius_hand_r/wrist_flex_r/speed
y[58] = /jointset/radius_hand_r/wrist_dev_r/value
y[59] = /jointset/radius_hand_r/wrist_dev_r/speed
y[60] = /jointset/acromial_l/arm_flex_l/value
y[61] = /jointset/acromial_l/arm_flex_l/speed
y[62] = /jointset/acromial_l/arm_add_l/value
y[63] = /jointset/acromial_l/arm_add_l/speed
y[64] = /jointset/acromial_l/arm_rot_l/value
y[65] = /jointset/acromial_l/arm_rot_l/speed
y[66] = /jointset/elbow_l/elbow_flex_l/value
y[67] = /jointset/elbow_l/elbow_flex_l/speed
y[68] = /jointset/radioulnar_l/pro_sup_l/value
y[69] = /jointset/radioulnar_l/pro_sup_l/speed
y[70] = /jointset/radius_hand_l/wrist_flex_l/value
y[71] = /jointset/radius_hand_l/wrist_flex_l/speed
y[72] = /jointset/radius_hand_l/wrist_dev_l/value
y[73] = /jointset/radius_hand_l/wrist_dev_l/speed

[2023-03-10 20:52:02.285] [info] Requested COM adjustment time range 0.3255 to 0.913, clamped to nearest available data times: 0.32 to 0.91.
[2023-03-10 20:52:02.285] [info] Computing average residuals between 0.32 and 0.91...
[2023-03-10 20:52:02.428] [info] ExternalForce::externalforce Data source being set to Run_500 03_newCOP3_v24.mot
[2023-03-10 20:52:02.428] [info] ExternalForce::externalforce_0 Data source being set to Run_500 03_newCOP3_v24.mot
[2023-03-10 20:52:02.527] [info] ExternalForce::externalforce Data source being set to Run_500 03_newCOP3_v24.mot
[2023-03-10 20:52:02.528] [info] ExternalForce::externalforce_0 Data source being set to Run_500 03_newCOP3_v24.mot
[2023-03-10 20:52:04.339] [info] ExternalForce::externalforce Data source being set to Run_500 03_newCOP3_v24.mot
[2023-03-10 20:52:04.340] [info] ExternalForce::externalforce_0 Data source being set to Run_500 03_newCOP3_v24.mot
[2023-03-10 20:52:04.345] [info] Computing average residuals between 0.32 and 0.91...
[2023-03-10 20:52:04.484] [info] ExternalForce::externalforce Data source being set to Run_500 03_newCOP3_v24.mot
[2023-03-10 20:52:04.484] [info] ExternalForce::externalforce_0 Data source being set to Run_500 03_newCOP3_v24.mot
[2023-03-10 20:52:04.602] [info] ExternalForce::externalforce Data source being set to Run_500 03_newCOP3_v24.mot
[2023-03-10 20:52:04.602] [info] ExternalForce::externalforce_0 Data source being set to Run_500 03_newCOP3_v24.mot
[2023-03-10 20:52:06.174] [info] Constructing function set for tracking desired kinematics...
[2023-03-10 20:52:06.776] [warning] No Actuation analysis found in analysis set, adding one...
[2023-03-10 20:52:06.777] [warning] No Kinematics analysis found in analysis set, adding one...
[2023-03-10 20:52:06.779] [info] Using the generalized coordinates specified in '..\..\ik\Run_5.mot' to set the initial configuration.
[2023-03-10 20:52:06.908] [info] Using IPOPT optimizer algorithm.
[2023-03-10 20:52:06.908] [info] Setting optimizer print level to 0.
[2023-03-10 20:52:06.908] [info] Setting optimizer convergence tolerance to 1.0e-05.
[2023-03-10 20:52:06.908] [info] Setting optimizer maximum iterations to 2000.
[2023-03-10 20:52:06.908] [info] Setting cmc controller to not use verbose printing.

[2023-03-10 20:52:06.909] [info] CMC::computeControls, t = 0.3255
[2023-03-10 20:52:08.052] [info] --------------------------------------------
[2023-03-10 20:52:08.052] [info] Using CMC to track the specified kinematics:
[2023-03-10 20:52:08.052] [info] --------------------------------------------
[2023-03-10 20:52:08.052] [info]  -- Integrating from 0.3255 to 0.913
[2023-03-10 20:52:08.052] [info]  -- Start time = Fri Mar 10 20:52:08 2023
[2023-03-10 20:52:08.052] [info] --------------------------------------------
[2023-03-10 20:52:08.053] [info] 
[2023-03-10 20:52:08.059] [info] CMC::computeControls, t = 0.3255
[2023-03-10 20:52:08.101] [info] CMC::computeControls, t = 0.3265
[2023-03-10 20:52:08.101] [warning] Coordinate.setValue:  coordinate subtalar_angle_r is locked. Unable to change its value.
[2023-03-10 20:52:08.101] [warning] Coordinate.setValue:  coordinate mtp_angle_r is locked. Unable to change its value.
[2023-03-10 20:52:08.101] [warning] Coordinate.setValue:  coordinate subtalar_angle_l is locked. Unable to change its value.
[2023-03-10 20:52:08.101] [warning] Coordinate.setValue:  coordinate mtp_angle_l is locked. Unable to change its value.
[2023-03-10 20:52:08.102] [warning] Coordinate.setValue:  coordinate wrist_flex_r is locked. Unable to change its value.
[2023-03-10 20:52:08.102] [warning] Coordinate.setValue:  coordinate wrist_dev_r is locked. Unable to change its value.
[2023-03-10 20:52:08.102] [warning] Coordinate.setValue:  coordinate wrist_flex_l is locked. Unable to change its value.
[2023-03-10 20:52:08.102] [warning] Coordinate.setValue:  coordinate wrist_dev_l is locked. Unable to change its value.
[2023-03-10 20:52:08.133] [info] CMC::computeControls, t = 0.3275
[2023-03-10 20:52:08.152] [info] CMC::computeControls, t = 0.3285
[2023-03-10 20:52:08.178] [info] CMC::computeControls, t = 0.3295
[2023-03-10 20:52:08.217] [info] CMC::computeControls, t = 0.330500
[2023-03-10 20:52:08.239] [info] CMC::computeControls, t = 0.3315
[2023-03-10 20:52:08.266] [info] CMC::computeControls, t = 0.3325
[2023-03-10 20:52:08.288] [info] CMC::computeControls, t = 0.3335
[2023-03-10 20:52:08.307] [info] CMC::computeControls, t = 0.3345
[2023-03-10 20:52:08.335] [info] CMC::computeControls, t = 0.3355
[2023-03-10 20:52:08.351] [info] CMC::computeControls, t = 0.3365
[2023-03-10 20:52:08.386] [info] CMC::computeControls, t = 0.3375
[2023-03-10 20:52:08.404] [info] CMC::computeControls, t = 0.3385
[2023-03-10 20:52:08.419] [info] CMC::computeControls, t = 0.3395
[2023-03-10 20:52:08.443] [info] CMC::computeControls, t = 0.340500
[2023-03-10 20:52:08.483] [info] CMC::computeControls, t = 0.3415
[2023-03-10 20:52:08.501] [info] CMC::computeControls, t = 0.3425
[2023-03-10 20:52:08.523] [info] CMC::computeControls, t = 0.3435
[2023-03-10 20:52:08.554] [info] CMC::computeControls, t = 0.3445
[2023-03-10 20:52:08.570] [info] CMC::computeControls, t = 0.3455
[2023-03-10 20:52:08.588] [info] CMC::computeControls, t = 0.3465
[2023-03-10 20:52:08.628] [info] CMC::computeControls, t = 0.3475
[2023-03-10 20:52:08.665] [info] CMC::computeControls, t = 0.3485
[2023-03-10 20:52:08.680] [info] CMC::computeControls, t = 0.3495
[2023-03-10 20:52:08.700] [info] CMC::computeControls, t = 0.350500
[2023-03-10 20:52:08.716] [info] CMC::computeControls, t = 0.3515
[2023-03-10 20:52:08.732] [info] CMC::computeControls, t = 0.3525
[2023-03-10 20:52:08.758] [info] CMC::computeControls, t = 0.3535
[2023-03-10 20:52:08.775] [info] CMC::computeControls, t = 0.3545
[2023-03-10 20:52:08.794] [info] CMC::computeControls, t = 0.3555
[2023-03-10 20:52:08.819] [info] CMC::computeControls, t = 0.3565
[2023-03-10 20:52:08.845] [info] CMC::computeControls, t = 0.3575
[2023-03-10 20:52:08.878] [info] CMC::computeControls, t = 0.3585
[2023-03-10 20:52:08.921] [info] CMC::computeControls, t = 0.3595
[2023-03-10 20:52:08.938] [info] CMC::computeControls, t = 0.360500
[2023-03-10 20:52:08.953] [info] CMC::computeControls, t = 0.3615
[2023-03-10 20:52:08.972] [info] CMC::computeControls, t = 0.3625
[2023-03-10 20:52:08.997] [info] CMC::computeControls, t = 0.3635
[2023-03-10 20:52:09.022] [info] CMC::computeControls, t = 0.3645
[2023-03-10 20:52:09.041] [info] CMC::computeControls, t = 0.3655
[2023-03-10 20:52:09.070] [info] CMC::computeControls, t = 0.3665
[2023-03-10 20:52:09.104] [info] CMC::computeControls, t = 0.3675
[2023-03-10 20:52:09.135] [info] CMC::computeControls, t = 0.3685
[2023-03-10 20:52:09.162] [info] CMC::computeControls, t = 0.3695
[2023-03-10 20:52:09.195] [info] CMC::computeControls, t = 0.370500
[2023-03-10 20:52:09.213] [info] CMC::computeControls, t = 0.3715
[2023-03-10 20:52:09.235] [info] CMC::computeControls, t = 0.3725
[2023-03-10 20:52:09.254] [info] CMC::computeControls, t = 0.3735
[2023-03-10 20:52:09.274] [info] CMC::computeControls, t = 0.3745
[2023-03-10 20:52:09.293] [info] CMC::computeControls, t = 0.3755
[2023-03-10 20:52:09.320] [info] CMC::computeControls, t = 0.3765
[2023-03-10 20:52:09.347] [info] CMC::computeControls, t = 0.3775
[2023-03-10 20:52:09.367] [info] CMC::computeControls, t = 0.3785
[2023-03-10 20:52:09.390] [info] CMC::computeControls, t = 0.3795
[2023-03-10 20:52:09.410] [info] CMC::computeControls, t = 0.380500
[2023-03-10 20:52:09.441] [info] CMC::computeControls, t = 0.3815
[2023-03-10 20:52:09.464] [info] CMC::computeControls, t = 0.3825
[2023-03-10 20:52:09.483] [info] CMC::computeControls, t = 0.3835
[2023-03-10 20:52:09.515] [info] CMC::computeControls, t = 0.3845
[2023-03-10 20:52:09.543] [info] CMC::computeControls, t = 0.3855
[2023-03-10 20:52:09.570] [info] CMC::computeControls, t = 0.3865
[2023-03-10 20:52:09.594] [info] CMC::computeControls, t = 0.3875
[2023-03-10 20:52:09.629] [info] CMC::computeControls, t = 0.3885
[2023-03-10 20:52:09.666] [info] CMC::computeControls, t = 0.3895
[2023-03-10 20:52:09.692] [info] CMC::computeControls, t = 0.390500
[2023-03-10 20:52:09.720] [info] CMC::computeControls, t = 0.3915
[2023-03-10 20:52:09.755] [info] CMC::computeControls, t = 0.3925
[2023-03-10 20:52:09.775] [info] CMC::computeControls, t = 0.3935
[2023-03-10 20:52:09.807] [info] CMC::computeControls, t = 0.3945
[2023-03-10 20:52:09.837] [info] CMC::computeControls, t = 0.3955
[2023-03-10 20:52:09.856] [info] CMC::computeControls, t = 0.3965
[2023-03-10 20:52:09.877] [info] CMC::computeControls, t = 0.3975
[2023-03-10 20:52:09.904] [info] CMC::computeControls, t = 0.3985
[2023-03-10 20:52:09.929] [info] CMC::computeControls, t = 0.3995
[2023-03-10 20:52:09.949] [info] CMC::computeControls, t = 0.400500
[2023-03-10 20:52:09.968] [info] CMC::computeControls, t = 0.401500
[2023-03-10 20:52:09.988] [info] CMC::computeControls, t = 0.402500
[2023-03-10 20:52:10.014] [info] CMC::computeControls, t = 0.403500
[2023-03-10 20:52:10.038] [info] CMC::computeControls, t = 0.404500
[2023-03-10 20:52:10.056] [info] CMC::computeControls, t = 0.405500
[2023-03-10 20:52:10.072] [info] CMC::computeControls, t = 0.406500
[2023-03-10 20:52:10.106] [info] CMC::computeControls, t = 0.407500
[2023-03-10 20:52:10.127] [info] CMC::computeControls, t = 0.408500
[2023-03-10 20:52:10.152] [info] CMC::computeControls, t = 0.409500
[2023-03-10 20:52:10.167] [info] CMC::computeControls, t = 0.410500
[2023-03-10 20:52:10.190] [info] CMC::computeControls, t = 0.4115
[2023-03-10 20:52:10.206] [info] CMC::computeControls, t = 0.4125
[2023-03-10 20:52:10.230] [info] CMC::computeControls, t = 0.4135
[2023-03-10 20:52:10.250] [info] CMC::computeControls, t = 0.4145
[2023-03-10 20:52:10.273] [info] CMC::computeControls, t = 0.4155
[2023-03-10 20:52:10.300] [info] CMC::computeControls, t = 0.4165
[2023-03-10 20:52:10.328] [info] CMC::computeControls, t = 0.4175
[2023-03-10 20:52:10.360] [info] CMC::computeControls, t = 0.4185
[2023-03-10 20:52:10.379] [info] CMC::computeControls, t = 0.4195
[2023-03-10 20:52:10.406] [info] CMC::computeControls, t = 0.420500
[2023-03-10 20:52:10.436] [info] CMC::computeControls, t = 0.4215
[2023-03-10 20:52:10.476] [info] CMC::computeControls, t = 0.4225
[2023-03-10 20:52:10.495] [info] CMC::computeControls, t = 0.4235
[2023-03-10 20:52:10.519] [info] CMC::computeControls, t = 0.4245
[2023-03-10 20:52:10.540] [info] CMC::computeControls, t = 0.4255
[2023-03-10 20:52:10.555] [info] CMC::computeControls, t = 0.4265
[2023-03-10 20:52:10.571] [info] CMC::computeControls, t = 0.4275
[2023-03-10 20:52:10.595] [info] CMC::computeControls, t = 0.4285
[2023-03-10 20:52:10.630] [info] CMC::computeControls, t = 0.4295
[2023-03-10 20:52:10.645] [info] CMC::computeControls, t = 0.430500
[2023-03-10 20:52:10.661] [info] CMC::computeControls, t = 0.4315
[2023-03-10 20:52:10.686] [info] CMC::computeControls, t = 0.4325
[2023-03-10 20:52:10.702] [info] CMC::computeControls, t = 0.4335
[2023-03-10 20:52:10.731] [info] CMC::computeControls, t = 0.4345
[2023-03-10 20:52:10.755] [info] CMC::computeControls, t = 0.4355
[2023-03-10 20:52:10.771] [info] CMC::computeControls, t = 0.4365
[2023-03-10 20:52:10.787] [info] CMC::computeControls, t = 0.4375
[2023-03-10 20:52:10.807] [info] CMC::computeControls, t = 0.4385
[2023-03-10 20:52:10.831] [info] CMC::computeControls, t = 0.4395
[2023-03-10 20:52:10.869] [info] CMC::computeControls, t = 0.440500
[2023-03-10 20:52:10.892] [info] CMC::computeControls, t = 0.4415
[2023-03-10 20:52:10.920] [info] CMC::computeControls, t = 0.4425
[2023-03-10 20:52:10.959] [info] CMC::computeControls, t = 0.4435
[2023-03-10 20:52:10.979] [info] CMC::computeControls, t = 0.4445
[2023-03-10 20:52:11.003] [info] CMC::computeControls, t = 0.4455
[2023-03-10 20:52:11.029] [info] CMC::computeControls, t = 0.4465
[2023-03-10 20:52:11.056] [info] CMC::computeControls, t = 0.4475
[2023-03-10 20:52:11.096] [info] CMC::computeControls, t = 0.4485
[2023-03-10 20:52:11.119] [info] CMC::computeControls, t = 0.4495
[2023-03-10 20:52:11.148] [info] CMC::computeControls, t = 0.450500
[2023-03-10 20:52:11.171] [info] CMC::computeControls, t = 0.4515
[2023-03-10 20:52:11.197] [info] CMC::computeControls, t = 0.4525
[2023-03-10 20:52:11.222] [info] CMC::computeControls, t = 0.4535
[2023-03-10 20:52:11.256] [info] CMC::computeControls, t = 0.4545
[2023-03-10 20:52:11.278] [info] CMC::computeControls, t = 0.4555
[2023-03-10 20:52:11.300] [info] CMC::computeControls, t = 0.4565
[2023-03-10 20:52:11.326] [info] CMC::computeControls, t = 0.4575
[2023-03-10 20:52:11.355] [info] CMC::computeControls, t = 0.4585
[2023-03-10 20:52:11.375] [info] CMC::computeControls, t = 0.4595
[2023-03-10 20:52:11.390] [info] CMC::computeControls, t = 0.460500
[2023-03-10 20:52:11.406] [info] CMC::computeControls, t = 0.4615
[2023-03-10 20:52:11.422] [info] CMC::computeControls, t = 0.4625
[2023-03-10 20:52:11.456] [info] CMC::computeControls, t = 0.4635
[2023-03-10 20:52:11.483] [info] CMC::computeControls, t = 0.4645
[2023-03-10 20:52:11.509] [info] CMC::computeControls, t = 0.4655
[2023-03-10 20:52:11.540] [info] CMC::computeControls, t = 0.4665
[2023-03-10 20:52:11.572] [info] CMC::computeControls, t = 0.4675
[2023-03-10 20:52:11.589] [info] CMC::computeControls, t = 0.4685
[2023-03-10 20:52:11.604] [info] CMC::computeControls, t = 0.4695
[2023-03-10 20:52:11.631] [info] CMC::computeControls, t = 0.470500
[2023-03-10 20:52:11.646] [info] CMC::computeControls, t = 0.4715
[2023-03-10 20:52:11.662] [info] CMC::computeControls, t = 0.4725
[2023-03-10 20:52:11.679] [info] CMC::computeControls, t = 0.4735
[2023-03-10 20:52:11.706] [info] CMC::computeControls, t = 0.4745
[2023-03-10 20:52:11.722] [info] CMC::computeControls, t = 0.4755
[2023-03-10 20:52:11.747] [info] CMC::computeControls, t = 0.4765
[2023-03-10 20:52:11.765] [info] CMC::computeControls, t = 0.4775
[2023-03-10 20:52:11.783] [info] CMC::computeControls, t = 0.4785
[2023-03-10 20:52:11.804] [info] CMC::computeControls, t = 0.4795
[2023-03-10 20:52:11.846] [info] CMC::computeControls, t = 0.480500
[2023-03-10 20:52:11.868] [info] CMC::computeControls, t = 0.4815
[2023-03-10 20:52:11.888] [info] CMC::computeControls, t = 0.4825
[2023-03-10 20:52:11.913] [info] CMC::computeControls, t = 0.4835
[2023-03-10 20:52:11.943] [info] CMC::computeControls, t = 0.4845
[2023-03-10 20:52:11.978] [info] CMC::computeControls, t = 0.4855
[2023-03-10 20:52:11.996] [info] CMC::computeControls, t = 0.4865
[2023-03-10 20:52:12.036] [info] CMC::computeControls, t = 0.4875
[2023-03-10 20:52:12.061] [info] CMC::computeControls, t = 0.4885
[2023-03-10 20:52:12.076] [info] CMC::computeControls, t = 0.4895
[2023-03-10 20:52:12.092] [info] CMC::computeControls, t = 0.490500
[2023-03-10 20:52:12.113] [info] CMC::computeControls, t = 0.4915
[2023-03-10 20:52:12.146] [info] CMC::computeControls, t = 0.4925
[2023-03-10 20:52:12.171] [info] CMC::computeControls, t = 0.4935
[2023-03-10 20:52:12.194] [info] CMC::computeControls, t = 0.4945
[2023-03-10 20:52:12.211] [info] CMC::computeControls, t = 0.4955
[2023-03-10 20:52:12.236] [info] CMC::computeControls, t = 0.4965
[2023-03-10 20:52:12.252] [info] CMC::computeControls, t = 0.4975
[2023-03-10 20:52:12.277] [info] CMC::computeControls, t = 0.4985
[2023-03-10 20:52:12.294] [info] CMC::computeControls, t = 0.4995
[2023-03-10 20:52:12.314] [info] CMC::computeControls, t = 0.500500
[2023-03-10 20:52:12.332] [info] CMC::computeControls, t = 0.501500
[2023-03-10 20:52:12.347] [info] CMC::computeControls, t = 0.502500
[2023-03-10 20:52:12.375] [info] CMC::computeControls, t = 0.503500
[2023-03-10 20:52:12.397] [info] CMC::computeControls, t = 0.504500
[2023-03-10 20:52:12.416] [info] CMC::computeControls, t = 0.505500
[2023-03-10 20:52:12.435] [info] CMC::computeControls, t = 0.506500
[2023-03-10 20:52:12.456] [info] CMC::computeControls, t = 0.507500
[2023-03-10 20:52:12.485] [info] CMC::computeControls, t = 0.508500
[2023-03-10 20:52:12.505] [info] CMC::computeControls, t = 0.509500
[2023-03-10 20:52:12.533] [info] CMC::computeControls, t = 0.510500
[2023-03-10 20:52:12.557] [info] CMC::computeControls, t = 0.5115
[2023-03-10 20:52:12.583] [info] CMC::computeControls, t = 0.5125
[2023-03-10 20:52:12.608] [info] CMC::computeControls, t = 0.5135
[2023-03-10 20:52:12.625] [info] CMC::computeControls, t = 0.5145
[2023-03-10 20:52:12.645] [info] CMC::computeControls, t = 0.5155
[2023-03-10 20:52:12.673] [info] CMC::computeControls, t = 0.5165
[2023-03-10 20:52:12.707] [info] CMC::computeControls, t = 0.5175
[2023-03-10 20:52:12.731] [info] CMC::computeControls, t = 0.5185
[2023-03-10 20:52:12.756] [info] CMC::computeControls, t = 0.5195
[2023-03-10 20:52:12.774] [info] CMC::computeControls, t = 0.520500
[2023-03-10 20:52:12.806] [info] CMC::computeControls, t = 0.5215
[2023-03-10 20:52:12.829] [info] CMC::computeControls, t = 0.5225
[2023-03-10 20:52:12.848] [info] CMC::computeControls, t = 0.5235
[2023-03-10 20:52:12.865] [info] CMC::computeControls, t = 0.5245
[2023-03-10 20:52:12.883] [info] CMC::computeControls, t = 0.5255
[2023-03-10 20:52:12.900] [info] CMC::computeControls, t = 0.5265
[2023-03-10 20:52:12.917] [info] CMC::computeControls, t = 0.5275
[2023-03-10 20:52:12.933] [info] CMC::computeControls, t = 0.5285
[2023-03-10 20:52:12.953] [info] CMC::computeControls, t = 0.5295
[2023-03-10 20:52:12.975] [info] CMC::computeControls, t = 0.530500
[2023-03-10 20:52:12.997] [info] CMC::computeControls, t = 0.5315
[2023-03-10 20:52:13.020] [info] CMC::computeControls, t = 0.5325
[2023-03-10 20:52:13.038] [info] CMC::computeControls, t = 0.5335
[2023-03-10 20:52:13.057] [info] CMC::computeControls, t = 0.5345
[2023-03-10 20:52:13.080] [info] CMC::computeControls, t = 0.5355
[2023-03-10 20:52:13.107] [info] CMC::computeControls, t = 0.5365
[2023-03-10 20:52:13.138] [info] CMC::computeControls, t = 0.5375
[2023-03-10 20:52:13.163] [info] CMC::computeControls, t = 0.5385
[2023-03-10 20:52:13.188] [info] CMC::computeControls, t = 0.5395
[2023-03-10 20:52:13.218] [info] CMC::computeControls, t = 0.540500
[2023-03-10 20:52:13.242] [info] CMC::computeControls, t = 0.5415
[2023-03-10 20:52:13.270] [info] CMC::computeControls, t = 0.5425
[2023-03-10 20:52:13.311] [info] CMC::computeControls, t = 0.5435
[2023-03-10 20:52:13.351] [info] CMC::computeControls, t = 0.5445
[2023-03-10 20:52:13.388] [info] CMC::computeControls, t = 0.5455
[2023-03-10 20:52:13.407] [info] CMC::computeControls, t = 0.5465
[2023-03-10 20:52:13.427] [info] CMC::computeControls, t = 0.5475
[2023-03-10 20:52:13.453] [info] CMC::computeControls, t = 0.5485
[2023-03-10 20:52:13.472] [info] CMC::computeControls, t = 0.5495
[2023-03-10 20:52:13.505] [info] CMC::computeControls, t = 0.550500
[2023-03-10 20:52:13.549] [info] CMC::computeControls, t = 0.5515
[2023-03-10 20:52:13.570] [info] CMC::computeControls, t = 0.5525
[2023-03-10 20:52:13.591] [info] CMC::computeControls, t = 0.5535
[2023-03-10 20:52:13.609] [info] CMC::computeControls, t = 0.5545
[2023-03-10 20:52:13.637] [info] CMC::computeControls, t = 0.5555
[2023-03-10 20:52:13.672] [info] CMC::computeControls, t = 0.5565
[2023-03-10 20:52:13.696] [info] CMC::computeControls, t = 0.5575
[2023-03-10 20:52:13.731] [info] CMC::computeControls, t = 0.5585
[2023-03-10 20:52:13.759] [info] CMC::computeControls, t = 0.5595
[2023-03-10 20:52:13.780] [info] CMC::computeControls, t = 0.560500
[2023-03-10 20:52:13.800] [info] CMC::computeControls, t = 0.5615
[2023-03-10 20:52:13.823] [info] CMC::computeControls, t = 0.5625
[2023-03-10 20:52:13.850] [info] CMC::computeControls, t = 0.5635
[2023-03-10 20:52:13.880] [info] CMC::computeControls, t = 0.5645
[2023-03-10 20:52:13.909] [info] CMC::computeControls, t = 0.5655
[2023-03-10 20:52:13.940] [info] CMC::computeControls, t = 0.5665
[2023-03-10 20:52:13.975] [info] CMC::computeControls, t = 0.5675
[2023-03-10 20:52:14.007] [info] CMC::computeControls, t = 0.5685
[2023-03-10 20:52:14.034] [info] CMC::computeControls, t = 0.5695
[2023-03-10 20:52:14.061] [info] CMC::computeControls, t = 0.570500
[2023-03-10 20:52:14.081] [info] CMC::computeControls, t = 0.5715
[2023-03-10 20:52:14.099] [info] CMC::computeControls, t = 0.5725
[2023-03-10 20:52:14.116] [info] CMC::computeControls, t = 0.5735
[2023-03-10 20:52:14.146] [info] CMC::computeControls, t = 0.5745
[2023-03-10 20:52:14.188] [info] CMC::computeControls, t = 0.5755
[2023-03-10 20:52:14.222] [info] CMC::computeControls, t = 0.5765
[2023-03-10 20:52:14.244] [info] CMC::computeControls, t = 0.5775
[2023-03-10 20:52:14.270] [info] CMC::computeControls, t = 0.5785
[2023-03-10 20:52:14.291] [info] CMC::computeControls, t = 0.5795
[2023-03-10 20:52:14.309] [info] CMC::computeControls, t = 0.580500
[2023-03-10 20:52:14.330] [info] CMC::computeControls, t = 0.5815
[2023-03-10 20:52:14.358] [info] CMC::computeControls, t = 0.5825
[2023-03-10 20:52:14.383] [info] CMC::computeControls, t = 0.5835
[2023-03-10 20:52:14.404] [info] CMC::computeControls, t = 0.5845
[2023-03-10 20:52:14.422] [info] CMC::computeControls, t = 0.5855
[2023-03-10 20:52:14.448] [info] CMC::computeControls, t = 0.5865
[2023-03-10 20:52:14.481] [info] CMC::computeControls, t = 0.5875
[2023-03-10 20:52:14.501] [info] CMC::computeControls, t = 0.5885
[2023-03-10 20:52:14.526] [info] CMC::computeControls, t = 0.5895
[2023-03-10 20:52:14.564] [info] CMC::computeControls, t = 0.590500
[2023-03-10 20:52:14.605] [info] CMC::computeControls, t = 0.5915
[2023-03-10 20:52:14.643] [info] CMC::computeControls, t = 0.5925
[2023-03-10 20:52:14.663] [info] CMC::computeControls, t = 0.5935
[2023-03-10 20:52:14.687] [info] CMC::computeControls, t = 0.5945
[2023-03-10 20:52:14.728] [info] CMC::computeControls, t = 0.5955
[2023-03-10 20:52:14.757] [info] CMC::computeControls, t = 0.5965
[2023-03-10 20:52:14.791] [info] CMC::computeControls, t = 0.5975
[2023-03-10 20:52:14.821] [info] CMC::computeControls, t = 0.5985
[2023-03-10 20:52:14.845] [info] CMC::computeControls, t = 0.5995
[2023-03-10 20:52:14.863] [info] CMC::computeControls, t = 0.600500
[2023-03-10 20:52:14.888] [info] CMC::computeControls, t = 0.601500
[2023-03-10 20:52:14.907] [info] CMC::computeControls, t = 0.602500
[2023-03-10 20:52:14.934] [info] CMC::computeControls, t = 0.603500
[2023-03-10 20:52:14.951] [info] CMC::computeControls, t = 0.604500
[2023-03-10 20:52:14.980] [info] CMC::computeControls, t = 0.605500
[2023-03-10 20:52:15.009] [info] CMC::computeControls, t = 0.606500
[2023-03-10 20:52:15.027] [info] CMC::computeControls, t = 0.607500
[2023-03-10 20:52:15.049] [info] CMC::computeControls, t = 0.608500
[2023-03-10 20:52:15.071] [info] CMC::computeControls, t = 0.609500
[2023-03-10 20:52:15.092] [info] CMC::computeControls, t = 0.610500
[2023-03-10 20:52:15.143] [info] CMC::computeControls, t = 0.6115
[2023-03-10 20:52:15.170] [info] CMC::computeControls, t = 0.6125
[2023-03-10 20:52:15.192] [info] CMC::computeControls, t = 0.6135
[2023-03-10 20:52:15.223] [info] CMC::computeControls, t = 0.6145
[2023-03-10 20:52:15.245] [info] CMC::computeControls, t = 0.6155
[2023-03-10 20:52:15.276] [info] CMC::computeControls, t = 0.6165
[2023-03-10 20:52:15.302] [info] CMC::computeControls, t = 0.6175
[2023-03-10 20:52:15.344] [info] CMC::computeControls, t = 0.6185
[2023-03-10 20:52:15.379] [info] CMC::computeControls, t = 0.6195
[2023-03-10 20:52:15.413] [info] CMC::computeControls, t = 0.620500
[2023-03-10 20:52:15.430] [info] CMC::computeControls, t = 0.6215
[2023-03-10 20:52:15.449] [info] CMC::computeControls, t = 0.6225
[2023-03-10 20:52:15.489] [info] CMC::computeControls, t = 0.6235
[2023-03-10 20:52:15.506] [info] CMC::computeControls, t = 0.6245
[2023-03-10 20:52:15.542] [info] CMC::computeControls, t = 0.6255
[2023-03-10 20:52:15.560] [info] CMC::computeControls, t = 0.6265
[2023-03-10 20:52:15.577] [info] CMC::computeControls, t = 0.6275
[2023-03-10 20:52:15.603] [info] CMC::computeControls, t = 0.6285
[2023-03-10 20:52:15.625] [info] CMC::computeControls, t = 0.6295
[2023-03-10 20:52:15.656] [info] CMC::computeControls, t = 0.630500
[2023-03-10 20:52:15.684] [info] CMC::computeControls, t = 0.6315
[2023-03-10 20:52:15.709] [info] CMC::computeControls, t = 0.6325
[2023-03-10 20:52:15.726] [info] CMC::computeControls, t = 0.6335
[2023-03-10 20:52:15.746] [info] CMC::computeControls, t = 0.6345
[2023-03-10 20:52:15.772] [info] CMC::computeControls, t = 0.6355
[2023-03-10 20:52:15.792] [info] CMC::computeControls, t = 0.6365
[2023-03-10 20:52:15.815] [info] CMC::computeControls, t = 0.6375
[2023-03-10 20:52:15.849] [info] CMC::computeControls, t = 0.6385
[2023-03-10 20:52:15.875] [info] CMC::computeControls, t = 0.6395
[2023-03-10 20:52:15.893] [info] CMC::computeControls, t = 0.640500
[2023-03-10 20:52:15.920] [info] CMC::computeControls, t = 0.6415
[2023-03-10 20:52:15.942] [info] CMC::computeControls, t = 0.6425
[2023-03-10 20:52:15.974] [info] CMC::computeControls, t = 0.6435
[2023-03-10 20:52:15.995] [info] CMC::computeControls, t = 0.6445
[2023-03-10 20:52:16.036] [info] CMC::computeControls, t = 0.6455
[2023-03-10 20:52:16.068] [info] CMC::computeControls, t = 0.6465
[2023-03-10 20:52:16.090] [info] CMC::computeControls, t = 0.6475
[2023-03-10 20:52:16.113] [info] CMC::computeControls, t = 0.6485
[2023-03-10 20:52:16.140] [info] CMC::computeControls, t = 0.6495
[2023-03-10 20:52:16.158] [info] CMC::computeControls, t = 0.650500
[2023-03-10 20:52:16.178] [info] CMC::computeControls, t = 0.6515
[2023-03-10 20:52:16.202] [info] CMC::computeControls, t = 0.6525
[2023-03-10 20:52:16.220] [info] CMC::computeControls, t = 0.6535
[2023-03-10 20:52:16.239] [info] CMC::computeControls, t = 0.6545
[2023-03-10 20:52:16.281] [info] CMC::computeControls, t = 0.6555
[2023-03-10 20:52:16.322] [info] CMC::computeControls, t = 0.6565
[2023-03-10 20:52:16.341] [info] CMC::computeControls, t = 0.6575
[2023-03-10 20:52:16.367] [info] CMC::computeControls, t = 0.6585
[2023-03-10 20:52:16.388] [info] CMC::computeControls, t = 0.6595
[2023-03-10 20:52:16.418] [info] CMC::computeControls, t = 0.660500
[2023-03-10 20:52:16.450] [info] CMC::computeControls, t = 0.6615
[2023-03-10 20:52:16.469] [info] CMC::computeControls, t = 0.6625
[2023-03-10 20:52:16.492] [info] CMC::computeControls, t = 0.6635
[2023-03-10 20:52:16.519] [info] CMC::computeControls, t = 0.6645
[2023-03-10 20:52:16.544] [info] CMC::computeControls, t = 0.6655
[2023-03-10 20:52:16.560] [info] CMC::computeControls, t = 0.6665
[2023-03-10 20:52:16.582] [info] CMC::computeControls, t = 0.6675
[2023-03-10 20:52:16.606] [info] CMC::computeControls, t = 0.6685
[2023-03-10 20:52:16.634] [info] CMC::computeControls, t = 0.6695
[2023-03-10 20:52:16.649] [info] CMC::computeControls, t = 0.670500
[2023-03-10 20:52:16.666] [info] CMC::computeControls, t = 0.6715
[2023-03-10 20:52:16.696] [info] CMC::computeControls, t = 0.6725
[2023-03-10 20:52:16.722] [info] CMC::computeControls, t = 0.6735
[2023-03-10 20:52:16.739] [info] CMC::computeControls, t = 0.6745
[2023-03-10 20:52:16.767] [info] CMC::computeControls, t = 0.6755
[2023-03-10 20:52:16.790] [info] CMC::computeControls, t = 0.6765
[2023-03-10 20:52:16.828] [info] CMC::computeControls, t = 0.6775
[2023-03-10 20:52:16.847] [info] CMC::computeControls, t = 0.6785
[2023-03-10 20:52:16.875] [info] CMC::computeControls, t = 0.6795
[2023-03-10 20:52:16.890] [info] CMC::computeControls, t = 0.680500
[2023-03-10 20:52:16.907] [info] CMC::computeControls, t = 0.6815
[2023-03-10 20:52:16.932] [info] CMC::computeControls, t = 0.6825
[2023-03-10 20:52:16.952] [info] CMC::computeControls, t = 0.6835
[2023-03-10 20:52:16.975] [info] CMC::computeControls, t = 0.6845
[2023-03-10 20:52:16.994] [info] CMC::computeControls, t = 0.6855
[2023-03-10 20:52:17.012] [info] CMC::computeControls, t = 0.6865
[2023-03-10 20:52:17.028] [info] CMC::computeControls, t = 0.6875
[2023-03-10 20:52:17.050] [info] CMC::computeControls, t = 0.6885
[2023-03-10 20:52:17.089] [info] CMC::computeControls, t = 0.6895
[2023-03-10 20:52:17.125] [info] CMC::computeControls, t = 0.690500
[2023-03-10 20:52:17.160] [info] CMC::computeControls, t = 0.6915
[2023-03-10 20:52:17.180] [info] CMC::computeControls, t = 0.6925
[2023-03-10 20:52:17.207] [info] CMC::computeControls, t = 0.6935
[2023-03-10 20:52:17.223] [info] CMC::computeControls, t = 0.6945
[2023-03-10 20:52:17.247] [info] CMC::computeControls, t = 0.6955
[2023-03-10 20:52:17.273] [info] CMC::computeControls, t = 0.6965
[2023-03-10 20:52:17.291] [info] CMC::computeControls, t = 0.6975
[2023-03-10 20:52:17.307] [info] CMC::computeControls, t = 0.6985
[2023-03-10 20:52:17.332] [info] CMC::computeControls, t = 0.6995
[2023-03-10 20:52:17.364] [info] CMC::computeControls, t = 0.700500
[2023-03-10 20:52:17.379] [info] CMC::computeControls, t = 0.701500
[2023-03-10 20:52:17.405] [info] CMC::computeControls, t = 0.702500
[2023-03-10 20:52:17.432] [info] CMC::computeControls, t = 0.703500
[2023-03-10 20:52:17.463] [info] CMC::computeControls, t = 0.704500
[2023-03-10 20:52:17.485] [info] CMC::computeControls, t = 0.705500
[2023-03-10 20:52:17.506] [info] CMC::computeControls, t = 0.706500
[2023-03-10 20:52:17.539] [info] CMC::computeControls, t = 0.707500
[2023-03-10 20:52:17.556] [info] CMC::computeControls, t = 0.708500
[2023-03-10 20:52:17.572] [info] CMC::computeControls, t = 0.709500
[2023-03-10 20:52:17.588] [info] CMC::computeControls, t = 0.710500
[2023-03-10 20:52:17.616] [info] CMC::computeControls, t = 0.7115
[2023-03-10 20:52:17.646] [info] CMC::computeControls, t = 0.7125
[2023-03-10 20:52:17.662] [info] CMC::computeControls, t = 0.7135
[2023-03-10 20:52:17.680] [info] CMC::computeControls, t = 0.7145
[2023-03-10 20:52:17.717] [info] CMC::computeControls, t = 0.7155
[2023-03-10 20:52:17.733] [info] CMC::computeControls, t = 0.7165
[2023-03-10 20:52:17.760] [info] CMC::computeControls, t = 0.7175
[2023-03-10 20:52:17.783] [info] CMC::computeControls, t = 0.7185
[2023-03-10 20:52:17.799] [info] CMC::computeControls, t = 0.7195
[2023-03-10 20:52:17.815] [info] CMC::computeControls, t = 0.720500
[2023-03-10 20:52:17.832] [info] CMC::computeControls, t = 0.7215
[2023-03-10 20:52:17.852] [info] CMC::computeControls, t = 0.7225
[2023-03-10 20:52:17.880] [info] CMC::computeControls, t = 0.7235
[2023-03-10 20:52:17.904] [info] CMC::computeControls, t = 0.7245
[2023-03-10 20:52:17.939] [info] CMC::computeControls, t = 0.7255
[2023-03-10 20:52:17.955] [info] CMC::computeControls, t = 0.7265
[2023-03-10 20:52:17.971] [info] CMC::computeControls, t = 0.7275
[2023-03-10 20:52:17.988] [info] CMC::computeControls, t = 0.7285
[2023-03-10 20:52:18.004] [info] CMC::computeControls, t = 0.7295
[2023-03-10 20:52:18.021] [info] CMC::computeControls, t = 0.730500
[2023-03-10 20:52:18.047] [info] CMC::computeControls, t = 0.7315
[2023-03-10 20:52:18.068] [info] CMC::computeControls, t = 0.7325
[2023-03-10 20:52:18.099] [info] CMC::computeControls, t = 0.7335
[2023-03-10 20:52:18.125] [info] CMC::computeControls, t = 0.7345
[2023-03-10 20:52:18.142] [info] CMC::computeControls, t = 0.7355
[2023-03-10 20:52:18.161] [info] CMC::computeControls, t = 0.7365
[2023-03-10 20:52:18.186] [info] CMC::computeControls, t = 0.7375
[2023-03-10 20:52:18.205] [info] CMC::computeControls, t = 0.7385
[2023-03-10 20:52:18.231] [info] CMC::computeControls, t = 0.7395
[2023-03-10 20:52:18.249] [info] CMC::computeControls, t = 0.740500
[2023-03-10 20:52:18.290] [info] CMC::computeControls, t = 0.7415
[2023-03-10 20:52:18.309] [info] CMC::computeControls, t = 0.7425
[2023-03-10 20:52:18.335] [info] CMC::computeControls, t = 0.7435
[2023-03-10 20:52:18.360] [info] CMC::computeControls, t = 0.7445
[2023-03-10 20:52:18.380] [info] CMC::computeControls, t = 0.7455
[2023-03-10 20:52:18.397] [info] CMC::computeControls, t = 0.7465
[2023-03-10 20:52:18.423] [info] CMC::computeControls, t = 0.7475
[2023-03-10 20:52:18.442] [info] CMC::computeControls, t = 0.7485
[2023-03-10 20:52:18.459] [info] CMC::computeControls, t = 0.7495
[2023-03-10 20:52:18.481] [info] CMC::computeControls, t = 0.750500
[2023-03-10 20:52:18.508] [info] CMC::computeControls, t = 0.7515
[2023-03-10 20:52:18.523] [info] CMC::computeControls, t = 0.7525
[2023-03-10 20:52:18.549] [info] CMC::computeControls, t = 0.7535
[2023-03-10 20:52:18.568] [info] CMC::computeControls, t = 0.7545
[2023-03-10 20:52:18.597] [info] CMC::computeControls, t = 0.7555
[2023-03-10 20:52:18.622] [info] CMC::computeControls, t = 0.7565
[2023-03-10 20:52:18.646] [info] CMC::computeControls, t = 0.7575
[2023-03-10 20:52:18.670] [info] CMC::computeControls, t = 0.7585
[2023-03-10 20:52:18.694] [info] CMC::computeControls, t = 0.7595
[2023-03-10 20:52:18.710] [info] CMC::computeControls, t = 0.760500
[2023-03-10 20:52:18.734] [info] CMC::computeControls, t = 0.7615
[2023-03-10 20:52:18.753] [info] CMC::computeControls, t = 0.7625
[2023-03-10 20:52:18.772] [info] CMC::computeControls, t = 0.7635
[2023-03-10 20:52:18.804] [info] CMC::computeControls, t = 0.7645
[2023-03-10 20:52:18.831] [info] CMC::computeControls, t = 0.7655
[2023-03-10 20:52:18.860] [info] CMC::computeControls, t = 0.7665
[2023-03-10 20:52:18.905] [info] CMC::computeControls, t = 0.7675
[2023-03-10 20:52:18.921] [info] CMC::computeControls, t = 0.7685
[2023-03-10 20:52:18.943] [info] CMC::computeControls, t = 0.7695
[2023-03-10 20:52:18.962] [info] CMC::computeControls, t = 0.770500
[2023-03-10 20:52:18.987] [info] CMC::computeControls, t = 0.7715
[2023-03-10 20:52:19.002] [info] CMC::computeControls, t = 0.7725
[2023-03-10 20:52:19.017] [info] CMC::computeControls, t = 0.7735
[2023-03-10 20:52:19.043] [info] CMC::computeControls, t = 0.7745
[2023-03-10 20:52:19.059] [info] CMC::computeControls, t = 0.7755
[2023-03-10 20:52:19.080] [info] CMC::computeControls, t = 0.7765
[2023-03-10 20:52:19.117] [info] CMC::computeControls, t = 0.7775
[2023-03-10 20:52:19.140] [info] CMC::computeControls, t = 0.7785
[2023-03-10 20:52:19.161] [info] CMC::computeControls, t = 0.7795
[2023-03-10 20:52:19.190] [info] CMC::computeControls, t = 0.780500
[2023-03-10 20:52:19.216] [info] CMC::computeControls, t = 0.7815
[2023-03-10 20:52:19.239] [info] CMC::computeControls, t = 0.7825
[2023-03-10 20:52:19.267] [info] CMC::computeControls, t = 0.7835
[2023-03-10 20:52:19.304] [info] CMC::computeControls, t = 0.7845
[2023-03-10 20:52:19.338] [info] CMC::computeControls, t = 0.7855
[2023-03-10 20:52:19.369] [info] CMC::computeControls, t = 0.7865
[2023-03-10 20:52:19.385] [info] CMC::computeControls, t = 0.7875
[2023-03-10 20:52:19.407] [info] CMC::computeControls, t = 0.7885
[2023-03-10 20:52:19.441] [info] CMC::computeControls, t = 0.7895
[2023-03-10 20:52:19.473] [info] CMC::computeControls, t = 0.790500
[2023-03-10 20:52:19.502] [info] CMC::computeControls, t = 0.7915
[2023-03-10 20:52:19.517] [info] CMC::computeControls, t = 0.7925
[2023-03-10 20:52:19.555] [info] CMC::computeControls, t = 0.7935
[2023-03-10 20:52:19.571] [info] CMC::computeControls, t = 0.7945
[2023-03-10 20:52:19.594] [info] CMC::computeControls, t = 0.7955
[2023-03-10 20:52:19.611] [info] CMC::computeControls, t = 0.7965
[2023-03-10 20:52:19.627] [info] CMC::computeControls, t = 0.7975
[2023-03-10 20:52:19.666] [info] CMC::computeControls, t = 0.7985
[2023-03-10 20:52:19.682] [info] CMC::computeControls, t = 0.7995
[2023-03-10 20:52:19.705] [info] CMC::computeControls, t = 0.800500
[2023-03-10 20:52:19.722] [info] CMC::computeControls, t = 0.801500
[2023-03-10 20:52:19.746] [info] CMC::computeControls, t = 0.802500
[2023-03-10 20:52:19.766] [info] CMC::computeControls, t = 0.803500
[2023-03-10 20:52:19.783] [info] CMC::computeControls, t = 0.804500
[2023-03-10 20:52:19.800] [info] CMC::computeControls, t = 0.805500
[2023-03-10 20:52:19.822] [info] CMC::computeControls, t = 0.806500
[2023-03-10 20:52:19.843] [info] CMC::computeControls, t = 0.807500
[2023-03-10 20:52:19.859] [info] CMC::computeControls, t = 0.808500
[2023-03-10 20:52:19.876] [info] CMC::computeControls, t = 0.809500
[2023-03-10 20:52:19.900] [info] CMC::computeControls, t = 0.810500
[2023-03-10 20:52:19.925] [info] CMC::computeControls, t = 0.8115
[2023-03-10 20:52:19.941] [info] CMC::computeControls, t = 0.8125
[2023-03-10 20:52:19.966] [info] CMC::computeControls, t = 0.8135
[2023-03-10 20:52:19.993] [info] CMC::computeControls, t = 0.8145
[2023-03-10 20:52:20.010] [info] CMC::computeControls, t = 0.8155
[2023-03-10 20:52:20.027] [info] CMC::computeControls, t = 0.8165
[2023-03-10 20:52:20.049] [info] CMC::computeControls, t = 0.8175
[2023-03-10 20:52:20.071] [info] CMC::computeControls, t = 0.8185
[2023-03-10 20:52:20.088] [info] CMC::computeControls, t = 0.8195
[2023-03-10 20:52:20.106] [info] CMC::computeControls, t = 0.820500
[2023-03-10 20:52:20.124] [info] CMC::computeControls, t = 0.8215
[2023-03-10 20:52:20.149] [info] CMC::computeControls, t = 0.8225
[2023-03-10 20:52:20.175] [info] CMC::computeControls, t = 0.8235
[2023-03-10 20:52:20.191] [info] CMC::computeControls, t = 0.8245
[2023-03-10 20:52:20.210] [info] CMC::computeControls, t = 0.8255
[2023-03-10 20:52:20.236] [info] CMC::computeControls, t = 0.8265
[2023-03-10 20:52:20.268] [info] CMC::computeControls, t = 0.8275
[2023-03-10 20:52:20.292] [info] CMC::computeControls, t = 0.8285
[2023-03-10 20:52:20.312] [info] CMC::computeControls, t = 0.8295
[2023-03-10 20:52:20.338] [info] CMC::computeControls, t = 0.830500
[2023-03-10 20:52:20.363] [info] CMC::computeControls, t = 0.8315
[2023-03-10 20:52:20.385] [info] CMC::computeControls, t = 0.8325
[2023-03-10 20:52:20.412] [info] CMC::computeControls, t = 0.8335
[2023-03-10 20:52:20.428] [info] CMC::computeControls, t = 0.8345
[2023-03-10 20:52:20.454] [info] CMC::computeControls, t = 0.8355
[2023-03-10 20:52:20.475] [info] CMC::computeControls, t = 0.8365
[2023-03-10 20:52:20.494] [info] CMC::computeControls, t = 0.8375
[2023-03-10 20:52:20.520] [info] CMC::computeControls, t = 0.8385
[2023-03-10 20:52:20.538] [info] CMC::computeControls, t = 0.8395
[2023-03-10 20:52:20.554] [info] CMC::computeControls, t = 0.840500
[2023-03-10 20:52:20.573] [info] CMC::computeControls, t = 0.8415
[2023-03-10 20:52:20.605] [info] CMC::computeControls, t = 0.8425
[2023-03-10 20:52:20.635] [info] CMC::computeControls, t = 0.8435
[2023-03-10 20:52:20.650] [info] CMC::computeControls, t = 0.8445
[2023-03-10 20:52:20.678] [info] CMC::computeControls, t = 0.8455
[2023-03-10 20:52:20.707] [info] CMC::computeControls, t = 0.8465
[2023-03-10 20:52:20.729] [info] CMC::computeControls, t = 0.8475
[2023-03-10 20:52:20.763] [info] CMC::computeControls, t = 0.8485
[2023-03-10 20:52:20.778] [info] CMC::computeControls, t = 0.8495
[2023-03-10 20:52:20.800] [info] CMC::computeControls, t = 0.850500
[2023-03-10 20:52:20.838] [info] CMC::computeControls, t = 0.8515
[2023-03-10 20:52:20.860] [info] CMC::computeControls, t = 0.8525
[2023-03-10 20:52:20.882] [info] CMC::computeControls, t = 0.8535
[2023-03-10 20:52:20.913] [info] CMC::computeControls, t = 0.8545
[2023-03-10 20:52:20.940] [info] CMC::computeControls, t = 0.8555
[2023-03-10 20:52:20.966] [info] CMC::computeControls, t = 0.8565
[2023-03-10 20:52:20.988] [info] CMC::computeControls, t = 0.8575
[2023-03-10 20:52:21.017] [info] CMC::computeControls, t = 0.8585
[2023-03-10 20:52:21.042] [info] CMC::computeControls, t = 0.8595
[2023-03-10 20:52:21.061] [info] CMC::computeControls, t = 0.860500
[2023-03-10 20:52:21.082] [info] CMC::computeControls, t = 0.8615
[2023-03-10 20:52:21.118] [info] CMC::computeControls, t = 0.8625
[2023-03-10 20:52:21.157] [info] CMC::computeControls, t = 0.8635
[2023-03-10 20:52:21.173] [info] CMC::computeControls, t = 0.8645
[2023-03-10 20:52:21.213] [info] CMC::computeControls, t = 0.8655
[2023-03-10 20:52:21.246] [info] CMC::computeControls, t = 0.8665
[2023-03-10 20:52:21.262] [info] CMC::computeControls, t = 0.8675
[2023-03-10 20:52:21.286] [info] CMC::computeControls, t = 0.8685
[2023-03-10 20:52:21.312] [info] CMC::computeControls, t = 0.8695
[2023-03-10 20:52:21.329] [info] CMC::computeControls, t = 0.870500
[2023-03-10 20:52:21.359] [info] CMC::computeControls, t = 0.8715
[2023-03-10 20:52:21.375] [info] CMC::computeControls, t = 0.8725
[2023-03-10 20:52:21.395] [info] CMC::computeControls, t = 0.8735
[2023-03-10 20:52:21.412] [info] CMC::computeControls, t = 0.8745
[2023-03-10 20:52:21.434] [info] CMC::computeControls, t = 0.8755
[2023-03-10 20:52:21.456] [info] CMC::computeControls, t = 0.8765
[2023-03-10 20:52:21.483] [info] CMC::computeControls, t = 0.8775
[2023-03-10 20:52:21.515] [info] CMC::computeControls, t = 0.8785
[2023-03-10 20:52:21.533] [info] CMC::computeControls, t = 0.8795
[2023-03-10 20:52:21.559] [info] CMC::computeControls, t = 0.880500
[2023-03-10 20:52:21.588] [info] CMC::computeControls, t = 0.8815
[2023-03-10 20:52:21.617] [info] CMC::computeControls, t = 0.8825
[2023-03-10 20:52:21.634] [info] CMC::computeControls, t = 0.8835
[2023-03-10 20:52:21.654] [info] CMC::computeControls, t = 0.8845
[2023-03-10 20:52:21.671] [info] CMC::computeControls, t = 0.8855
[2023-03-10 20:52:21.698] [info] CMC::computeControls, t = 0.8865
[2023-03-10 20:52:21.726] [info] CMC::computeControls, t = 0.8875
[2023-03-10 20:52:21.749] [info] CMC::computeControls, t = 0.8885
[2023-03-10 20:52:21.774] [info] CMC::computeControls, t = 0.8895
[2023-03-10 20:52:21.790] [info] CMC::computeControls, t = 0.890500
[2023-03-10 20:52:21.805] [info] CMC::computeControls, t = 0.8915
[2023-03-10 20:52:21.830] [info] CMC::computeControls, t = 0.8925
[2023-03-10 20:52:21.849] [info] CMC::computeControls, t = 0.8935
[2023-03-10 20:52:21.867] [info] CMC::computeControls, t = 0.8945
[2023-03-10 20:52:21.883] [info] CMC::computeControls, t = 0.8955
[2023-03-10 20:52:21.911] [info] CMC::computeControls, t = 0.8965
[2023-03-10 20:52:21.937] [info] CMC::computeControls, t = 0.8975
[2023-03-10 20:52:21.959] [info] CMC::computeControls, t = 0.8985
[2023-03-10 20:52:21.980] [info] CMC::computeControls, t = 0.8995
[2023-03-10 20:52:22.011] [info] CMC::computeControls, t = 0.900500
[2023-03-10 20:52:22.041] [info] CMC::computeControls, t = 0.901500
[2023-03-10 20:52:22.057] [info] CMC::computeControls, t = 0.902500
[2023-03-10 20:52:22.072] [info] CMC::computeControls, t = 0.903500
[2023-03-10 20:52:22.104] [info] CMC::computeControls, t = 0.904500
[2023-03-10 20:52:22.126] [info] CMC::computeControls, t = 0.905500
[2023-03-10 20:52:22.165] [info] CMC::computeControls, t = 0.906500
[2023-03-10 20:52:22.193] [info] CMC::computeControls, t = 0.907500
[2023-03-10 20:52:22.225] [info] CMC::computeControls, t = 0.908500
[2023-03-10 20:52:22.256] [info] CMC::computeControls, t = 0.909500
[2023-03-10 20:52:22.287] [info] CMC::computeControls, t = 0.910500
[2023-03-10 20:52:22.325] [info] CMC::computeControls, t = 0.9115
[2023-03-10 20:52:22.350] [info] -------------------------------------------
[2023-03-10 20:52:22.350] [info] Finished tracking the specified kinematics:
[2023-03-10 20:52:22.350] [info] -------------------------------------------
[2023-03-10 20:52:22.350] [info]  -- Start time = Fri Mar 10 20:52:08 2023
[2023-03-10 20:52:22.350] [info]  -- Finish time = Fri Mar 10 20:52:22 2023
[2023-03-10 20:52:22.350] [info]  -- Elapsed time = 14.0 seconds.
[2023-03-10 20:52:22.350] [info] -------------------------------------------
[2023-03-10 20:52:22.350] [info] 
[2023-03-10 20:52:22.350] [info] Printing results of investigation subject03_run5_cycle1 to cycle1/
[2023-03-10 20:52:22.860] [info] 

************************************************************
*      Summary of Mass Adjustments to Reduce Residuals     *
************************************************************
* Body adjusted: torso
* Mass Center (COM) adjustment: dx =-0.0943523, dz =0.0281987
* New COM location: ~[0.0633114,0.331103,-0.0281987]
************************************************************
* Recommended mass adjustments:                             
*  Total mass change: 1.60708
*  pelvis: orig mass = 10.028, new mass = 10.2798
*  femur_r: orig mass = 7.92005, new mass = 8.11892
*  tibia_r: orig mass = 3.1569, new mass = 3.23617
*  talus_r: orig mass = 0.085149, new mass = 0.087287
*  calcn_r: orig mass = 1.06436, new mass = 1.09109
*  toes_r: orig mass = 0.184433, new mass = 0.189064
*  femur_l: orig mass = 7.92005, new mass = 8.11892
*  tibia_l: orig mass = 3.1569, new mass = 3.23617
*  talus_l: orig mass = 0.085149, new mass = 0.087287
*  calcn_l: orig mass = 1.06436, new mass = 1.09109
*  toes_l: orig mass = 0.184433, new mass = 0.189064
*  torso: orig mass = 22.8426, new mass = 23.4161
*  humerus_r: orig mass = 1.73065, new mass = 1.77411
*  ulna_r: orig mass = 0.51728, new mass = 0.530269
*  radius_r: orig mass = 0.51728, new mass = 0.530269
*  hand_r: orig mass = 0.389557, new mass = 0.399338
*  humerus_l: orig mass = 1.73065, new mass = 1.77411
*  ulna_l: orig mass = 0.51728, new mass = 0.530269
*  radius_l: orig mass = 0.51728, new mass = 0.530269
*  hand_l: orig mass = 0.389557, new mass = 0.399338
************************************************************
* Note: Edit the model to make recommended adjustments to  *
*       mass properties.                                   *
************************************************************

* Average residuals before adjusting torso COM:
*  FX=-1.35824 FY=-15.76 FZ=-0.719438
*  MX=-6.31677 MY=1.62979 MZ=-21.1358
************************************************************
* Average residuals after adjusting torso COM:
*  FX=-2.02716 FY=-13.8817 FZ=-4.50456
*  MX=-3.92265 MY=5.41167 MZ=1.9625
************************************************************


[2023-03-10 20:52:22.860] [info] 
************************************************************
*                   Final Average Residuals                *
************************************************************
* After torso COM and Kinematics adjustments:
*  FX=4.95524 FY=-6.61 FZ=-0.564304
*  MX=-0.884365 MY=-1.3355 MZ=5.94054
************************************************************


