[2023-08-15 22:18:14.263] [info] Storage: read data file = ..\rra2\cycle2\subject08_run5_cycle2_iter2_Kinematics_q.sto (nr=673 nc=38)
[2023-08-15 22:18:14.291] [info] Storage: read data file = ..\rra2\cycle2\subject08_run5_cycle2_iter2_Kinematics_q.sto (nr=673 nc=38)
[2023-08-15 22:18:14.339] [info] AbstractTool subject08_run5_cycle2_iter3 loading model ..\rra2\cycle2\subject08_run5_cycle2_rraAdjusted_iter2.osim
[2023-08-15 22:18:14.400] [info] Loaded model subject08_scaled from file ..\rra2\cycle2\subject08_run5_cycle2_rraAdjusted_iter2.osim
[2023-08-15 22:18:14.456] [info] Adding force object set from ..\subject08_run5_RRA_Actuators.xml
[2023-08-15 22:18:14.463] [info] Running tool subject08_run5_cycle2_iter3.
[2023-08-15 22:18:14.474] [warning] ExternalLoads 'externalloads' has subcomponents with duplicate name 'externalforce'. The duplicate is being renamed to 'externalforce_0'.
[2023-08-15 22:18:14.489] [info] 	taskSet size = 29.
[2023-08-15 22:18:14.555] [info] ExternalForce::externalforce Data source being set to Run_500 03_newCOP3_v24.mot
[2023-08-15 22:18:14.555] [info] ExternalForce::externalforce_0 Data source being set to Run_500 03_newCOP3_v24.mot
[2023-08-15 22:18:14.559] [warning] A desired points file was not specified.
[2023-08-15 22:18:14.559] [info] Loading desired kinematics from file '..\rra2\cycle2\subject08_run5_cycle2_iter2_Kinematics_q.sto'...
[2023-08-15 22:18:14.559] [info] Storage: read data file = ..\rra2\cycle2\subject08_run5_cycle2_iter2_Kinematics_q.sto (nr=673 nc=38)
[2023-08-15 22:18:14.581] [info] Not filtering the desired kinematics.
[2023-08-15 22:18:14.582] [cout] [info] MODEL: subject08_scaled

numStates = 74
numCoordinates = 37
numSpeeds = 37
numActuators = 29
numBodies = 20
numConstraints = 0
numProbes = 0

ANALYSES (total: 0)

BODIES (total: 20)
body[0] = pelvis. mass: 12.7724
              moments of inertia:  ~[0.145167,0.145167,0.0726748]
              products of inertia: ~[0,0,0]
body[1] = femur_r. mass: 10.0875
              moments of inertia:  ~[0.167005,0.0437779,0.17611]
              products of inertia: ~[0,0,0]
body[2] = tibia_r. mass: 4.02086
              moments of inertia:  ~[0.0686582,0.0058898,0.0686582]
              products of inertia: ~[0,0,0]
body[3] = talus_r. mass: 0.108452
              moments of inertia:  ~[0.00126763,0.00126763,0.00126763]
              products of inertia: ~[0,0,0]
body[4] = calcn_r. mass: 1.35565
              moments of inertia:  ~[0.00177469,0.00494377,0.0051973]
              products of inertia: ~[0,0,0]
body[5] = toes_r. mass: 0.234907
              moments of inertia:  ~[0.000126763,0.000253527,0.00126763]
              products of inertia: ~[0,0,0]
body[6] = femur_l. mass: 10.0875
              moments of inertia:  ~[0.167005,0.0437779,0.17611]
              products of inertia: ~[0,0,0]
body[7] = tibia_l. mass: 4.02086
              moments of inertia:  ~[0.0686582,0.0058898,0.0686582]
              products of inertia: ~[0,0,0]
body[8] = talus_l. mass: 0.108452
              moments of inertia:  ~[0.00126763,0.00126763,0.00126763]
              products of inertia: ~[0,0,0]
body[9] = calcn_l. mass: 1.35565
              moments of inertia:  ~[0.00177469,0.00494377,0.0051973]
              products of inertia: ~[0,0,0]
body[10] = toes_l. mass: 0.234907
              moments of inertia:  ~[0.000126763,0.000253527,0.00126763]
              products of inertia: ~[0,0,0]
body[11] = torso. mass: 29.094
              moments of inertia:  ~[1.74167,0.892391,1.69076]
              products of inertia: ~[0,0,0]
body[12] = humerus_r. mass: 2.20429
              moments of inertia:  ~[0.0142055,0.00490046,0.0159452]
              products of inertia: ~[0,0,0]
body[13] = ulna_r. mass: 0.658846
              moments of inertia:  ~[0.00362196,0.000755697,0.00392889]
              products of inertia: ~[0,0,0]
body[14] = radius_r. mass: 0.658846
              moments of inertia:  ~[0.00362196,0.000755697,0.00392889]
              products of inertia: ~[0,0,0]
body[15] = hand_r. mass: 0.496168
              moments of inertia:  ~[0.00109075,0.000668877,0.00163857]
              products of inertia: ~[0,0,0]
body[16] = humerus_l. mass: 2.20429
              moments of inertia:  ~[0.0142055,0.00490046,0.0159452]
              products of inertia: ~[0,0,0]
body[17] = ulna_l. mass: 0.658846
              moments of inertia:  ~[0.00362196,0.000755697,0.00392889]
              products of inertia: ~[0,0,0]
body[18] = radius_l. mass: 0.658846
              moments of inertia:  ~[0.00362196,0.000755697,0.00392889]
              products of inertia: ~[0,0,0]
body[19] = hand_l. mass: 0.496168
              moments of inertia:  ~[0.00109075,0.000668877,0.00163857]
              products of inertia: ~[0,0,0]

JOINTS (total: 20)
joint[0] = ground_pelvis. parent: ground_offset, child: pelvis_offset
joint[1] = hip_r. parent: pelvis_offset, child: femur_r_offset
joint[2] = knee_r. parent: femur_r_offset, child: tibia_r_offset
joint[3] = ankle_r. parent: tibia_r_offset, child: talus_r_offset
joint[4] = subtalar_r. parent: talus_r_offset, child: calcn_r_offset
joint[5] = mtp_r. parent: calcn_r_offset, child: toes_r_offset
joint[6] = hip_l. parent: pelvis_offset, child: femur_l_offset
joint[7] = knee_l. parent: femur_l_offset, child: tibia_l_offset
joint[8] = ankle_l. parent: tibia_l_offset, child: talus_l_offset
joint[9] = subtalar_l. parent: talus_l_offset, child: calcn_l_offset
joint[10] = mtp_l. parent: calcn_l_offset, child: toes_l_offset
joint[11] = back. parent: pelvis_offset, child: torso_offset
joint[12] = acromial_r. parent: torso_offset, child: humerus_r_offset
joint[13] = elbow_r. parent: humerus_r_offset, child: ulna_r_offset
joint[14] = radioulnar_r. parent: ulna_r_offset, child: radius_r_offset
joint[15] = radius_hand_r. parent: radius_r_offset, child: hand_r_offset
joint[16] = acromial_l. parent: torso_offset, child: humerus_l_offset
joint[17] = elbow_l. parent: humerus_l_offset, child: ulna_l_offset
joint[18] = radioulnar_l. parent: ulna_l_offset, child: radius_l_offset
joint[19] = radius_hand_l. parent: radius_l_offset, child: hand_l_offset

ACTUATORS (total: 29)
actuator[0] = FX
actuator[1] = FY
actuator[2] = FZ
actuator[3] = MZ
actuator[4] = MX
actuator[5] = MY
actuator[6] = hip_flexion_r
actuator[7] = hip_adduction_r
actuator[8] = hip_rotation_r
actuator[9] = knee_angle_r
actuator[10] = ankle_angle_r
actuator[11] = hip_flexion_l
actuator[12] = hip_adduction_l
actuator[13] = hip_rotation_l
actuator[14] = knee_angle_l
actuator[15] = ankle_angle_l
actuator[16] = lumbar_extension
actuator[17] = lumbar_bending
actuator[18] = lumbar_rotation
actuator[19] = arm_flex_r
actuator[20] = arm_add_r
actuator[21] = arm_rot_r
actuator[22] = elbow_flex_r
actuator[23] = pro_sup_r
actuator[24] = arm_flex_l
actuator[25] = arm_add_l
actuator[26] = arm_rot_l
actuator[27] = elbow_flex_l
actuator[28] = pro_sup_l

STATES (total: 74)
y[0] = /jointset/ground_pelvis/pelvis_tilt/value
y[1] = /jointset/ground_pelvis/pelvis_tilt/speed
y[2] = /jointset/ground_pelvis/pelvis_list/value
y[3] = /jointset/ground_pelvis/pelvis_list/speed
y[4] = /jointset/ground_pelvis/pelvis_rotation/value
y[5] = /jointset/ground_pelvis/pelvis_rotation/speed
y[6] = /jointset/ground_pelvis/pelvis_tx/value
y[7] = /jointset/ground_pelvis/pelvis_tx/speed
y[8] = /jointset/ground_pelvis/pelvis_ty/value
y[9] = /jointset/ground_pelvis/pelvis_ty/speed
y[10] = /jointset/ground_pelvis/pelvis_tz/value
y[11] = /jointset/ground_pelvis/pelvis_tz/speed
y[12] = /jointset/hip_r/hip_flexion_r/value
y[13] = /jointset/hip_r/hip_flexion_r/speed
y[14] = /jointset/hip_r/hip_adduction_r/value
y[15] = /jointset/hip_r/hip_adduction_r/speed
y[16] = /jointset/hip_r/hip_rotation_r/value
y[17] = /jointset/hip_r/hip_rotation_r/speed
y[18] = /jointset/knee_r/knee_angle_r/value
y[19] = /jointset/knee_r/knee_angle_r/speed
y[20] = /jointset/ankle_r/ankle_angle_r/value
y[21] = /jointset/ankle_r/ankle_angle_r/speed
y[22] = /jointset/subtalar_r/subtalar_angle_r/value
y[23] = /jointset/subtalar_r/subtalar_angle_r/speed
y[24] = /jointset/mtp_r/mtp_angle_r/value
y[25] = /jointset/mtp_r/mtp_angle_r/speed
y[26] = /jointset/hip_l/hip_flexion_l/value
y[27] = /jointset/hip_l/hip_flexion_l/speed
y[28] = /jointset/hip_l/hip_adduction_l/value
y[29] = /jointset/hip_l/hip_adduction_l/speed
y[30] = /jointset/hip_l/hip_rotation_l/value
y[31] = /jointset/hip_l/hip_rotation_l/speed
y[32] = /jointset/knee_l/knee_angle_l/value
y[33] = /jointset/knee_l/knee_angle_l/speed
y[34] = /jointset/ankle_l/ankle_angle_l/value
y[35] = /jointset/ankle_l/ankle_angle_l/speed
y[36] = /jointset/subtalar_l/subtalar_angle_l/value
y[37] = /jointset/subtalar_l/subtalar_angle_l/speed
y[38] = /jointset/mtp_l/mtp_angle_l/value
y[39] = /jointset/mtp_l/mtp_angle_l/speed
y[40] = /jointset/back/lumbar_extension/value
y[41] = /jointset/back/lumbar_extension/speed
y[42] = /jointset/back/lumbar_bending/value
y[43] = /jointset/back/lumbar_bending/speed
y[44] = /jointset/back/lumbar_rotation/value
y[45] = /jointset/back/lumbar_rotation/speed
y[46] = /jointset/acromial_r/arm_flex_r/value
y[47] = /jointset/acromial_r/arm_flex_r/speed
y[48] = /jointset/acromial_r/arm_add_r/value
y[49] = /jointset/acromial_r/arm_add_r/speed
y[50] = /jointset/acromial_r/arm_rot_r/value
y[51] = /jointset/acromial_r/arm_rot_r/speed
y[52] = /jointset/elbow_r/elbow_flex_r/value
y[53] = /jointset/elbow_r/elbow_flex_r/speed
y[54] = /jointset/radioulnar_r/pro_sup_r/value
y[55] = /jointset/radioulnar_r/pro_sup_r/speed
y[56] = /jointset/radius_hand_r/wrist_flex_r/value
y[57] = /jointset/radius_hand_r/wrist_flex_r/speed
y[58] = /jointset/radius_hand_r/wrist_dev_r/value
y[59] = /jointset/radius_hand_r/wrist_dev_r/speed
y[60] = /jointset/acromial_l/arm_flex_l/value
y[61] = /jointset/acromial_l/arm_flex_l/speed
y[62] = /jointset/acromial_l/arm_add_l/value
y[63] = /jointset/acromial_l/arm_add_l/speed
y[64] = /jointset/acromial_l/arm_rot_l/value
y[65] = /jointset/acromial_l/arm_rot_l/speed
y[66] = /jointset/elbow_l/elbow_flex_l/value
y[67] = /jointset/elbow_l/elbow_flex_l/speed
y[68] = /jointset/radioulnar_l/pro_sup_l/value
y[69] = /jointset/radioulnar_l/pro_sup_l/speed
y[70] = /jointset/radius_hand_l/wrist_flex_l/value
y[71] = /jointset/radius_hand_l/wrist_flex_l/speed
y[72] = /jointset/radius_hand_l/wrist_dev_l/value
y[73] = /jointset/radius_hand_l/wrist_dev_l/speed

[2023-08-15 22:18:14.800] [warning] Coordinate.setValue:  coordinate subtalar_angle_r is locked. Unable to change its value.
[2023-08-15 22:18:14.801] [warning] Coordinate.setValue:  coordinate mtp_angle_r is locked. Unable to change its value.
[2023-08-15 22:18:14.801] [warning] Coordinate.setValue:  coordinate subtalar_angle_l is locked. Unable to change its value.
[2023-08-15 22:18:14.801] [warning] Coordinate.setValue:  coordinate mtp_angle_l is locked. Unable to change its value.
[2023-08-15 22:18:14.801] [warning] Coordinate.setValue:  coordinate wrist_flex_r is locked. Unable to change its value.
[2023-08-15 22:18:14.801] [warning] Coordinate.setValue:  coordinate wrist_dev_r is locked. Unable to change its value.
[2023-08-15 22:18:14.801] [warning] Coordinate.setValue:  coordinate wrist_flex_l is locked. Unable to change its value.
[2023-08-15 22:18:14.801] [warning] Coordinate.setValue:  coordinate wrist_dev_l is locked. Unable to change its value.
[2023-08-15 22:18:14.874] [info] Requested COM adjustment time range 0.992 to 1.60200, clamped to nearest available data times: 0.992 to 1.60200.
[2023-08-15 22:18:14.874] [info] Computing average residuals between 0.992 and 1.60200...
[2023-08-15 22:18:14.950] [info] ExternalForce::externalforce Data source being set to Run_500 03_newCOP3_v24.mot
[2023-08-15 22:18:14.950] [info] ExternalForce::externalforce_0 Data source being set to Run_500 03_newCOP3_v24.mot
[2023-08-15 22:18:15.030] [info] ExternalForce::externalforce Data source being set to Run_500 03_newCOP3_v24.mot
[2023-08-15 22:18:15.031] [info] ExternalForce::externalforce_0 Data source being set to Run_500 03_newCOP3_v24.mot
[2023-08-15 22:18:18.347] [info] ExternalForce::externalforce Data source being set to Run_500 03_newCOP3_v24.mot
[2023-08-15 22:18:18.347] [info] ExternalForce::externalforce_0 Data source being set to Run_500 03_newCOP3_v24.mot
[2023-08-15 22:18:18.351] [info] Computing average residuals between 0.992 and 1.60200...
[2023-08-15 22:18:18.417] [info] ExternalForce::externalforce Data source being set to Run_500 03_newCOP3_v24.mot
[2023-08-15 22:18:18.417] [info] ExternalForce::externalforce_0 Data source being set to Run_500 03_newCOP3_v24.mot
[2023-08-15 22:18:18.471] [info] ExternalForce::externalforce Data source being set to Run_500 03_newCOP3_v24.mot
[2023-08-15 22:18:18.471] [info] ExternalForce::externalforce_0 Data source being set to Run_500 03_newCOP3_v24.mot
[2023-08-15 22:18:22.152] [info] Constructing function set for tracking desired kinematics...
[2023-08-15 22:18:22.555] [warning] No Actuation analysis found in analysis set, adding one...
[2023-08-15 22:18:22.556] [warning] No Kinematics analysis found in analysis set, adding one...
[2023-08-15 22:18:22.558] [info] Using the generalized coordinates specified in '..\rra2\cycle2\subject08_run5_cycle2_iter2_Kinematics_q.sto' to set the initial configuration.
[2023-08-15 22:18:22.656] [info] Using IPOPT optimizer algorithm.
[2023-08-15 22:18:22.656] [info] Setting optimizer print level to 0.
[2023-08-15 22:18:22.656] [info] Setting optimizer convergence tolerance to 1.0e-05.
[2023-08-15 22:18:22.656] [info] Setting optimizer maximum iterations to 2000.
[2023-08-15 22:18:22.657] [info] Setting cmc controller to not use verbose printing.

[2023-08-15 22:18:22.657] [info] CMC::computeControls, t = 0.992
[2023-08-15 22:18:23.403] [info] --------------------------------------------
[2023-08-15 22:18:23.403] [info] Using CMC to track the specified kinematics:
[2023-08-15 22:18:23.403] [info] --------------------------------------------
[2023-08-15 22:18:23.403] [info]  -- Integrating from 0.992 to 1.60200
[2023-08-15 22:18:23.403] [info]  -- Start time = Tue Aug 15 22:18:23 2023
[2023-08-15 22:18:23.403] [info] --------------------------------------------
[2023-08-15 22:18:23.403] [info] 
[2023-08-15 22:18:23.407] [info] CMC::computeControls, t = 0.992
[2023-08-15 22:18:23.438] [info] CMC::computeControls, t = 0.993
[2023-08-15 22:18:23.438] [warning] Coordinate.setValue:  coordinate subtalar_angle_r is locked. Unable to change its value.
[2023-08-15 22:18:23.438] [warning] Coordinate.setValue:  coordinate mtp_angle_r is locked. Unable to change its value.
[2023-08-15 22:18:23.438] [warning] Coordinate.setValue:  coordinate subtalar_angle_l is locked. Unable to change its value.
[2023-08-15 22:18:23.438] [warning] Coordinate.setValue:  coordinate mtp_angle_l is locked. Unable to change its value.
[2023-08-15 22:18:23.439] [warning] Coordinate.setValue:  coordinate wrist_flex_r is locked. Unable to change its value.
[2023-08-15 22:18:23.439] [warning] Coordinate.setValue:  coordinate wrist_dev_r is locked. Unable to change its value.
[2023-08-15 22:18:23.439] [warning] Coordinate.setValue:  coordinate wrist_flex_l is locked. Unable to change its value.
[2023-08-15 22:18:23.439] [warning] Coordinate.setValue:  coordinate wrist_dev_l is locked. Unable to change its value.
[2023-08-15 22:18:23.461] [info] CMC::computeControls, t = 0.994
[2023-08-15 22:18:23.484] [info] CMC::computeControls, t = 0.995
[2023-08-15 22:18:23.511] [info] CMC::computeControls, t = 0.996
[2023-08-15 22:18:23.527] [info] CMC::computeControls, t = 0.997
[2023-08-15 22:18:23.548] [info] CMC::computeControls, t = 0.998
[2023-08-15 22:18:23.572] [info] CMC::computeControls, t = 0.999
[2023-08-15 22:18:23.603] [info] CMC::computeControls, t = 1.0
[2023-08-15 22:18:23.619] [info] CMC::computeControls, t = 1.00100
[2023-08-15 22:18:23.634] [info] CMC::computeControls, t = 1.00200
[2023-08-15 22:18:23.658] [info] CMC::computeControls, t = 1.00300
[2023-08-15 22:18:23.673] [info] CMC::computeControls, t = 1.00400
[2023-08-15 22:18:23.691] [info] CMC::computeControls, t = 1.00500
[2023-08-15 22:18:23.706] [info] CMC::computeControls, t = 1.00600
[2023-08-15 22:18:23.739] [info] CMC::computeControls, t = 1.00700
[2023-08-15 22:18:23.769] [info] CMC::computeControls, t = 1.00800
[2023-08-15 22:18:23.797] [info] CMC::computeControls, t = 1.00900
[2023-08-15 22:18:23.816] [info] CMC::computeControls, t = 1.01
[2023-08-15 22:18:23.833] [info] CMC::computeControls, t = 1.011
[2023-08-15 22:18:23.868] [info] CMC::computeControls, t = 1.012
[2023-08-15 22:18:23.888] [info] CMC::computeControls, t = 1.013
[2023-08-15 22:18:23.905] [info] CMC::computeControls, t = 1.014
[2023-08-15 22:18:23.929] [info] CMC::computeControls, t = 1.015
[2023-08-15 22:18:23.951] [info] CMC::computeControls, t = 1.016
[2023-08-15 22:18:23.988] [info] CMC::computeControls, t = 1.017
[2023-08-15 22:18:24.015] [info] CMC::computeControls, t = 1.018
[2023-08-15 22:18:24.042] [info] CMC::computeControls, t = 1.019
[2023-08-15 22:18:24.070] [info] CMC::computeControls, t = 1.02
[2023-08-15 22:18:24.106] [info] CMC::computeControls, t = 1.021
[2023-08-15 22:18:24.133] [info] CMC::computeControls, t = 1.022
[2023-08-15 22:18:24.155] [info] CMC::computeControls, t = 1.023
[2023-08-15 22:18:24.172] [info] CMC::computeControls, t = 1.024
[2023-08-15 22:18:24.198] [info] CMC::computeControls, t = 1.025
[2023-08-15 22:18:24.228] [info] CMC::computeControls, t = 1.026
[2023-08-15 22:18:24.254] [info] CMC::computeControls, t = 1.027
[2023-08-15 22:18:24.271] [info] CMC::computeControls, t = 1.028
[2023-08-15 22:18:24.306] [info] CMC::computeControls, t = 1.029
[2023-08-15 22:18:24.324] [info] CMC::computeControls, t = 1.03
[2023-08-15 22:18:24.346] [info] CMC::computeControls, t = 1.031
[2023-08-15 22:18:24.371] [info] CMC::computeControls, t = 1.032
[2023-08-15 22:18:24.388] [info] CMC::computeControls, t = 1.033
[2023-08-15 22:18:24.403] [info] CMC::computeControls, t = 1.034
[2023-08-15 22:18:24.422] [info] CMC::computeControls, t = 1.035
[2023-08-15 22:18:24.456] [info] CMC::computeControls, t = 1.036
[2023-08-15 22:18:24.472] [info] CMC::computeControls, t = 1.037
[2023-08-15 22:18:24.490] [info] CMC::computeControls, t = 1.038
[2023-08-15 22:18:24.512] [info] CMC::computeControls, t = 1.039
[2023-08-15 22:18:24.543] [info] CMC::computeControls, t = 1.04
[2023-08-15 22:18:24.581] [info] CMC::computeControls, t = 1.041
[2023-08-15 22:18:24.618] [info] CMC::computeControls, t = 1.042
[2023-08-15 22:18:24.646] [info] CMC::computeControls, t = 1.043
[2023-08-15 22:18:24.671] [info] CMC::computeControls, t = 1.044
[2023-08-15 22:18:24.697] [info] CMC::computeControls, t = 1.045
[2023-08-15 22:18:24.712] [info] CMC::computeControls, t = 1.046
[2023-08-15 22:18:24.738] [info] CMC::computeControls, t = 1.047
[2023-08-15 22:18:24.758] [info] CMC::computeControls, t = 1.048
[2023-08-15 22:18:24.790] [info] CMC::computeControls, t = 1.049
[2023-08-15 22:18:24.818] [info] CMC::computeControls, t = 1.05
[2023-08-15 22:18:24.833] [info] CMC::computeControls, t = 1.051
[2023-08-15 22:18:24.849] [info] CMC::computeControls, t = 1.052
[2023-08-15 22:18:24.865] [info] CMC::computeControls, t = 1.053
[2023-08-15 22:18:24.883] [info] CMC::computeControls, t = 1.054
[2023-08-15 22:18:24.905] [info] CMC::computeControls, t = 1.055
[2023-08-15 22:18:24.922] [info] CMC::computeControls, t = 1.056
[2023-08-15 22:18:24.937] [info] CMC::computeControls, t = 1.057
[2023-08-15 22:18:24.952] [info] CMC::computeControls, t = 1.058
[2023-08-15 22:18:24.973] [info] CMC::computeControls, t = 1.059
[2023-08-15 22:18:24.994] [info] CMC::computeControls, t = 1.06
[2023-08-15 22:18:25.009] [info] CMC::computeControls, t = 1.061
[2023-08-15 22:18:25.036] [info] CMC::computeControls, t = 1.062
[2023-08-15 22:18:25.064] [info] CMC::computeControls, t = 1.063
[2023-08-15 22:18:25.089] [info] CMC::computeControls, t = 1.064
[2023-08-15 22:18:25.127] [info] CMC::computeControls, t = 1.065
[2023-08-15 22:18:25.155] [info] CMC::computeControls, t = 1.066
[2023-08-15 22:18:25.174] [info] CMC::computeControls, t = 1.067
[2023-08-15 22:18:25.190] [info] CMC::computeControls, t = 1.068
[2023-08-15 22:18:25.214] [info] CMC::computeControls, t = 1.069
[2023-08-15 22:18:25.232] [info] CMC::computeControls, t = 1.07
[2023-08-15 22:18:25.263] [info] CMC::computeControls, t = 1.071
[2023-08-15 22:18:25.284] [info] CMC::computeControls, t = 1.072
[2023-08-15 22:18:25.315] [info] CMC::computeControls, t = 1.073
[2023-08-15 22:18:25.333] [info] CMC::computeControls, t = 1.074
[2023-08-15 22:18:25.348] [info] CMC::computeControls, t = 1.075
[2023-08-15 22:18:25.377] [info] CMC::computeControls, t = 1.076
[2023-08-15 22:18:25.420] [info] CMC::computeControls, t = 1.077
[2023-08-15 22:18:25.447] [info] CMC::computeControls, t = 1.078
[2023-08-15 22:18:25.466] [info] CMC::computeControls, t = 1.079
[2023-08-15 22:18:25.505] [info] CMC::computeControls, t = 1.08
[2023-08-15 22:18:25.534] [info] CMC::computeControls, t = 1.081
[2023-08-15 22:18:25.563] [info] CMC::computeControls, t = 1.082
[2023-08-15 22:18:25.602] [info] CMC::computeControls, t = 1.083
[2023-08-15 22:18:25.627] [info] CMC::computeControls, t = 1.084
[2023-08-15 22:18:25.663] [info] CMC::computeControls, t = 1.085
[2023-08-15 22:18:25.679] [info] CMC::computeControls, t = 1.086
[2023-08-15 22:18:25.695] [info] CMC::computeControls, t = 1.087
[2023-08-15 22:18:25.725] [info] CMC::computeControls, t = 1.088
[2023-08-15 22:18:25.741] [info] CMC::computeControls, t = 1.089
[2023-08-15 22:18:25.759] [info] CMC::computeControls, t = 1.09
[2023-08-15 22:18:25.782] [info] CMC::computeControls, t = 1.091
[2023-08-15 22:18:25.811] [info] CMC::computeControls, t = 1.092
[2023-08-15 22:18:25.827] [info] CMC::computeControls, t = 1.093
[2023-08-15 22:18:25.842] [info] CMC::computeControls, t = 1.094
[2023-08-15 22:18:25.867] [info] CMC::computeControls, t = 1.095
[2023-08-15 22:18:25.904] [info] CMC::computeControls, t = 1.096
[2023-08-15 22:18:25.926] [info] CMC::computeControls, t = 1.097
[2023-08-15 22:18:25.945] [info] CMC::computeControls, t = 1.098
[2023-08-15 22:18:25.966] [info] CMC::computeControls, t = 1.099
[2023-08-15 22:18:25.981] [info] CMC::computeControls, t = 1.1
[2023-08-15 22:18:26.002] [info] CMC::computeControls, t = 1.10100
[2023-08-15 22:18:26.018] [info] CMC::computeControls, t = 1.10200
[2023-08-15 22:18:26.038] [info] CMC::computeControls, t = 1.10300
[2023-08-15 22:18:26.054] [info] CMC::computeControls, t = 1.10400
[2023-08-15 22:18:26.078] [info] CMC::computeControls, t = 1.10500
[2023-08-15 22:18:26.100] [info] CMC::computeControls, t = 1.10600
[2023-08-15 22:18:26.126] [info] CMC::computeControls, t = 1.10700
[2023-08-15 22:18:26.142] [info] CMC::computeControls, t = 1.10800
[2023-08-15 22:18:26.157] [info] CMC::computeControls, t = 1.10900
[2023-08-15 22:18:26.173] [info] CMC::computeControls, t = 1.11
[2023-08-15 22:18:26.188] [info] CMC::computeControls, t = 1.111
[2023-08-15 22:18:26.203] [info] CMC::computeControls, t = 1.112
[2023-08-15 22:18:26.229] [info] CMC::computeControls, t = 1.113
[2023-08-15 22:18:26.247] [info] CMC::computeControls, t = 1.114
[2023-08-15 22:18:26.266] [info] CMC::computeControls, t = 1.115
[2023-08-15 22:18:26.285] [info] CMC::computeControls, t = 1.116
[2023-08-15 22:18:26.309] [info] CMC::computeControls, t = 1.117
[2023-08-15 22:18:26.327] [info] CMC::computeControls, t = 1.118
[2023-08-15 22:18:26.362] [info] CMC::computeControls, t = 1.119
[2023-08-15 22:18:26.391] [info] CMC::computeControls, t = 1.12
[2023-08-15 22:18:26.418] [info] CMC::computeControls, t = 1.121
[2023-08-15 22:18:26.453] [info] CMC::computeControls, t = 1.122
[2023-08-15 22:18:26.472] [info] CMC::computeControls, t = 1.123
[2023-08-15 22:18:26.496] [info] CMC::computeControls, t = 1.124
[2023-08-15 22:18:26.524] [info] CMC::computeControls, t = 1.125
[2023-08-15 22:18:26.546] [info] CMC::computeControls, t = 1.126
[2023-08-15 22:18:26.564] [info] CMC::computeControls, t = 1.127
[2023-08-15 22:18:26.588] [info] CMC::computeControls, t = 1.128
[2023-08-15 22:18:26.614] [info] CMC::computeControls, t = 1.129
[2023-08-15 22:18:26.632] [info] CMC::computeControls, t = 1.13
[2023-08-15 22:18:26.647] [info] CMC::computeControls, t = 1.131
[2023-08-15 22:18:26.665] [info] CMC::computeControls, t = 1.132
[2023-08-15 22:18:26.685] [info] CMC::computeControls, t = 1.133
[2023-08-15 22:18:26.709] [info] CMC::computeControls, t = 1.134
[2023-08-15 22:18:26.741] [info] CMC::computeControls, t = 1.135
[2023-08-15 22:18:26.779] [info] CMC::computeControls, t = 1.136
[2023-08-15 22:18:26.820] [info] CMC::computeControls, t = 1.137
[2023-08-15 22:18:26.855] [info] CMC::computeControls, t = 1.138
[2023-08-15 22:18:26.880] [info] CMC::computeControls, t = 1.139
[2023-08-15 22:18:26.898] [info] CMC::computeControls, t = 1.14
[2023-08-15 22:18:26.930] [info] CMC::computeControls, t = 1.141
[2023-08-15 22:18:26.966] [info] CMC::computeControls, t = 1.142
[2023-08-15 22:18:26.981] [info] CMC::computeControls, t = 1.143
[2023-08-15 22:18:27.008] [info] CMC::computeControls, t = 1.144
[2023-08-15 22:18:27.036] [info] CMC::computeControls, t = 1.145
[2023-08-15 22:18:27.063] [info] CMC::computeControls, t = 1.146
[2023-08-15 22:18:27.100] [info] CMC::computeControls, t = 1.147
[2023-08-15 22:18:27.141] [info] CMC::computeControls, t = 1.148
[2023-08-15 22:18:27.166] [info] CMC::computeControls, t = 1.149
[2023-08-15 22:18:27.205] [info] CMC::computeControls, t = 1.15
[2023-08-15 22:18:27.234] [info] CMC::computeControls, t = 1.151
[2023-08-15 22:18:27.258] [info] CMC::computeControls, t = 1.152
[2023-08-15 22:18:27.281] [info] CMC::computeControls, t = 1.153
[2023-08-15 22:18:27.301] [info] CMC::computeControls, t = 1.154
[2023-08-15 22:18:27.331] [info] CMC::computeControls, t = 1.155
[2023-08-15 22:18:27.347] [info] CMC::computeControls, t = 1.156
[2023-08-15 22:18:27.372] [info] CMC::computeControls, t = 1.157
[2023-08-15 22:18:27.411] [info] CMC::computeControls, t = 1.158
[2023-08-15 22:18:27.438] [info] CMC::computeControls, t = 1.159
[2023-08-15 22:18:27.468] [info] CMC::computeControls, t = 1.16
[2023-08-15 22:18:27.494] [info] CMC::computeControls, t = 1.161
[2023-08-15 22:18:27.524] [info] CMC::computeControls, t = 1.162
[2023-08-15 22:18:27.546] [info] CMC::computeControls, t = 1.163
[2023-08-15 22:18:27.566] [info] CMC::computeControls, t = 1.164
[2023-08-15 22:18:27.592] [info] CMC::computeControls, t = 1.165
[2023-08-15 22:18:27.609] [info] CMC::computeControls, t = 1.166
[2023-08-15 22:18:27.625] [info] CMC::computeControls, t = 1.167
[2023-08-15 22:18:27.645] [info] CMC::computeControls, t = 1.168
[2023-08-15 22:18:27.668] [info] CMC::computeControls, t = 1.169
[2023-08-15 22:18:27.688] [info] CMC::computeControls, t = 1.17
[2023-08-15 22:18:27.710] [info] CMC::computeControls, t = 1.171
[2023-08-15 22:18:27.731] [info] CMC::computeControls, t = 1.172
[2023-08-15 22:18:27.760] [info] CMC::computeControls, t = 1.173
[2023-08-15 22:18:27.781] [info] CMC::computeControls, t = 1.174
[2023-08-15 22:18:27.802] [info] CMC::computeControls, t = 1.175
[2023-08-15 22:18:27.832] [info] CMC::computeControls, t = 1.176
[2023-08-15 22:18:27.857] [info] CMC::computeControls, t = 1.177
[2023-08-15 22:18:27.887] [info] CMC::computeControls, t = 1.178
[2023-08-15 22:18:27.903] [info] CMC::computeControls, t = 1.179
[2023-08-15 22:18:27.921] [info] CMC::computeControls, t = 1.18
[2023-08-15 22:18:27.946] [info] CMC::computeControls, t = 1.181
[2023-08-15 22:18:27.962] [info] CMC::computeControls, t = 1.182
[2023-08-15 22:18:27.978] [info] CMC::computeControls, t = 1.183
[2023-08-15 22:18:28.002] [info] CMC::computeControls, t = 1.184
[2023-08-15 22:18:28.036] [info] CMC::computeControls, t = 1.185
[2023-08-15 22:18:28.052] [info] CMC::computeControls, t = 1.186
[2023-08-15 22:18:28.075] [info] CMC::computeControls, t = 1.187
[2023-08-15 22:18:28.097] [info] CMC::computeControls, t = 1.188
[2023-08-15 22:18:28.129] [info] CMC::computeControls, t = 1.189
[2023-08-15 22:18:28.153] [info] CMC::computeControls, t = 1.19
[2023-08-15 22:18:28.179] [info] CMC::computeControls, t = 1.191
[2023-08-15 22:18:28.208] [info] CMC::computeControls, t = 1.192
[2023-08-15 22:18:28.255] [info] CMC::computeControls, t = 1.193
[2023-08-15 22:18:28.281] [info] CMC::computeControls, t = 1.194
[2023-08-15 22:18:28.306] [info] CMC::computeControls, t = 1.195
[2023-08-15 22:18:28.327] [info] CMC::computeControls, t = 1.196
[2023-08-15 22:18:28.351] [info] CMC::computeControls, t = 1.197
[2023-08-15 22:18:28.388] [info] CMC::computeControls, t = 1.198
[2023-08-15 22:18:28.410] [info] CMC::computeControls, t = 1.199
[2023-08-15 22:18:28.431] [info] CMC::computeControls, t = 1.2
[2023-08-15 22:18:28.461] [info] CMC::computeControls, t = 1.20100
[2023-08-15 22:18:28.480] [info] CMC::computeControls, t = 1.20200
[2023-08-15 22:18:28.501] [info] CMC::computeControls, t = 1.20300
[2023-08-15 22:18:28.530] [info] CMC::computeControls, t = 1.20400
[2023-08-15 22:18:28.562] [info] CMC::computeControls, t = 1.20500
[2023-08-15 22:18:28.593] [info] CMC::computeControls, t = 1.20600
[2023-08-15 22:18:28.627] [info] CMC::computeControls, t = 1.20700
[2023-08-15 22:18:28.676] [info] CMC::computeControls, t = 1.20800
[2023-08-15 22:18:28.697] [info] CMC::computeControls, t = 1.20900
[2023-08-15 22:18:28.715] [info] CMC::computeControls, t = 1.21
[2023-08-15 22:18:28.760] [info] CMC::computeControls, t = 1.211
[2023-08-15 22:18:28.788] [info] CMC::computeControls, t = 1.212
[2023-08-15 22:18:28.818] [info] CMC::computeControls, t = 1.213
[2023-08-15 22:18:28.840] [info] CMC::computeControls, t = 1.214
[2023-08-15 22:18:28.859] [info] CMC::computeControls, t = 1.215
[2023-08-15 22:18:28.874] [info] CMC::computeControls, t = 1.216
[2023-08-15 22:18:28.894] [info] CMC::computeControls, t = 1.217
[2023-08-15 22:18:28.924] [info] CMC::computeControls, t = 1.218
[2023-08-15 22:18:28.949] [info] CMC::computeControls, t = 1.219
[2023-08-15 22:18:28.978] [info] CMC::computeControls, t = 1.22
[2023-08-15 22:18:28.998] [info] CMC::computeControls, t = 1.221
[2023-08-15 22:18:29.027] [info] CMC::computeControls, t = 1.222
[2023-08-15 22:18:29.052] [info] CMC::computeControls, t = 1.223
[2023-08-15 22:18:29.086] [info] CMC::computeControls, t = 1.224
[2023-08-15 22:18:29.116] [info] CMC::computeControls, t = 1.225
[2023-08-15 22:18:29.136] [info] CMC::computeControls, t = 1.226
[2023-08-15 22:18:29.161] [info] CMC::computeControls, t = 1.227
[2023-08-15 22:18:29.180] [info] CMC::computeControls, t = 1.228
[2023-08-15 22:18:29.198] [info] CMC::computeControls, t = 1.229
[2023-08-15 22:18:29.214] [info] CMC::computeControls, t = 1.23
[2023-08-15 22:18:29.240] [info] CMC::computeControls, t = 1.231
[2023-08-15 22:18:29.259] [info] CMC::computeControls, t = 1.232
[2023-08-15 22:18:29.288] [info] CMC::computeControls, t = 1.233
[2023-08-15 22:18:29.324] [info] CMC::computeControls, t = 1.234
[2023-08-15 22:18:29.360] [info] CMC::computeControls, t = 1.235
[2023-08-15 22:18:29.396] [info] CMC::computeControls, t = 1.236
[2023-08-15 22:18:29.427] [info] CMC::computeControls, t = 1.237
[2023-08-15 22:18:29.457] [info] CMC::computeControls, t = 1.238
[2023-08-15 22:18:29.486] [info] CMC::computeControls, t = 1.239
[2023-08-15 22:18:29.511] [info] CMC::computeControls, t = 1.24
[2023-08-15 22:18:29.549] [info] CMC::computeControls, t = 1.241
[2023-08-15 22:18:29.592] [info] CMC::computeControls, t = 1.242
[2023-08-15 22:18:29.623] [info] CMC::computeControls, t = 1.243
[2023-08-15 22:18:29.661] [info] CMC::computeControls, t = 1.244
[2023-08-15 22:18:29.695] [info] CMC::computeControls, t = 1.245
[2023-08-15 22:18:29.724] [info] CMC::computeControls, t = 1.246
[2023-08-15 22:18:29.752] [info] CMC::computeControls, t = 1.247
[2023-08-15 22:18:29.786] [info] CMC::computeControls, t = 1.248
[2023-08-15 22:18:29.802] [info] CMC::computeControls, t = 1.249
[2023-08-15 22:18:29.829] [info] CMC::computeControls, t = 1.25
[2023-08-15 22:18:29.850] [info] CMC::computeControls, t = 1.251
[2023-08-15 22:18:29.880] [info] CMC::computeControls, t = 1.252
[2023-08-15 22:18:29.896] [info] CMC::computeControls, t = 1.253
[2023-08-15 22:18:29.927] [info] CMC::computeControls, t = 1.254
[2023-08-15 22:18:29.959] [info] CMC::computeControls, t = 1.255
[2023-08-15 22:18:29.975] [info] CMC::computeControls, t = 1.256
[2023-08-15 22:18:29.990] [info] CMC::computeControls, t = 1.257
[2023-08-15 22:18:30.021] [info] CMC::computeControls, t = 1.258
[2023-08-15 22:18:30.051] [info] CMC::computeControls, t = 1.259
[2023-08-15 22:18:30.092] [info] CMC::computeControls, t = 1.26
[2023-08-15 22:18:30.124] [info] CMC::computeControls, t = 1.261
[2023-08-15 22:18:30.146] [info] CMC::computeControls, t = 1.262
[2023-08-15 22:18:30.162] [info] CMC::computeControls, t = 1.263
[2023-08-15 22:18:30.186] [info] CMC::computeControls, t = 1.264
[2023-08-15 22:18:30.208] [info] CMC::computeControls, t = 1.265
[2023-08-15 22:18:30.229] [info] CMC::computeControls, t = 1.266
[2023-08-15 22:18:30.245] [info] CMC::computeControls, t = 1.267
[2023-08-15 22:18:30.272] [info] CMC::computeControls, t = 1.268
[2023-08-15 22:18:30.292] [info] CMC::computeControls, t = 1.269
[2023-08-15 22:18:30.318] [info] CMC::computeControls, t = 1.27
[2023-08-15 22:18:30.356] [info] CMC::computeControls, t = 1.271
[2023-08-15 22:18:30.374] [info] CMC::computeControls, t = 1.272
[2023-08-15 22:18:30.407] [info] CMC::computeControls, t = 1.273
[2023-08-15 22:18:30.427] [info] CMC::computeControls, t = 1.274
[2023-08-15 22:18:30.461] [info] CMC::computeControls, t = 1.275
[2023-08-15 22:18:30.476] [info] CMC::computeControls, t = 1.276
[2023-08-15 22:18:30.500] [info] CMC::computeControls, t = 1.277
[2023-08-15 22:18:30.516] [info] CMC::computeControls, t = 1.278
[2023-08-15 22:18:30.543] [info] CMC::computeControls, t = 1.279
[2023-08-15 22:18:30.559] [info] CMC::computeControls, t = 1.28
[2023-08-15 22:18:30.597] [info] CMC::computeControls, t = 1.281
[2023-08-15 22:18:30.617] [info] CMC::computeControls, t = 1.282
[2023-08-15 22:18:30.636] [info] CMC::computeControls, t = 1.283
[2023-08-15 22:18:30.658] [info] CMC::computeControls, t = 1.284
[2023-08-15 22:18:30.697] [info] CMC::computeControls, t = 1.285
[2023-08-15 22:18:30.716] [info] CMC::computeControls, t = 1.286
[2023-08-15 22:18:30.732] [info] CMC::computeControls, t = 1.287
[2023-08-15 22:18:30.747] [info] CMC::computeControls, t = 1.288
[2023-08-15 22:18:30.762] [info] CMC::computeControls, t = 1.289
[2023-08-15 22:18:30.778] [info] CMC::computeControls, t = 1.29
[2023-08-15 22:18:30.793] [info] CMC::computeControls, t = 1.291
[2023-08-15 22:18:30.809] [info] CMC::computeControls, t = 1.292
[2023-08-15 22:18:30.824] [info] CMC::computeControls, t = 1.293
[2023-08-15 22:18:30.863] [info] CMC::computeControls, t = 1.294
[2023-08-15 22:18:30.891] [info] CMC::computeControls, t = 1.295
[2023-08-15 22:18:30.920] [info] CMC::computeControls, t = 1.296
[2023-08-15 22:18:30.949] [info] CMC::computeControls, t = 1.297
[2023-08-15 22:18:30.967] [info] CMC::computeControls, t = 1.298
[2023-08-15 22:18:30.996] [info] CMC::computeControls, t = 1.299
[2023-08-15 22:18:31.022] [info] CMC::computeControls, t = 1.3
[2023-08-15 22:18:31.055] [info] CMC::computeControls, t = 1.30100
[2023-08-15 22:18:31.092] [info] CMC::computeControls, t = 1.30200
[2023-08-15 22:18:31.130] [info] CMC::computeControls, t = 1.30300
[2023-08-15 22:18:31.149] [info] CMC::computeControls, t = 1.30400
[2023-08-15 22:18:31.184] [info] CMC::computeControls, t = 1.30500
[2023-08-15 22:18:31.211] [info] CMC::computeControls, t = 1.30600
[2023-08-15 22:18:31.233] [info] CMC::computeControls, t = 1.30700
[2023-08-15 22:18:31.263] [info] CMC::computeControls, t = 1.30800
[2023-08-15 22:18:31.281] [info] CMC::computeControls, t = 1.30900
[2023-08-15 22:18:31.302] [info] CMC::computeControls, t = 1.31
[2023-08-15 22:18:31.329] [info] CMC::computeControls, t = 1.311
[2023-08-15 22:18:31.363] [info] CMC::computeControls, t = 1.312
[2023-08-15 22:18:31.391] [info] CMC::computeControls, t = 1.313
[2023-08-15 22:18:31.416] [info] CMC::computeControls, t = 1.314
[2023-08-15 22:18:31.437] [info] CMC::computeControls, t = 1.315
[2023-08-15 22:18:31.463] [info] CMC::computeControls, t = 1.316
[2023-08-15 22:18:31.478] [info] CMC::computeControls, t = 1.317
[2023-08-15 22:18:31.501] [info] CMC::computeControls, t = 1.318
[2023-08-15 22:18:31.528] [info] CMC::computeControls, t = 1.319
[2023-08-15 22:18:31.547] [info] CMC::computeControls, t = 1.32
[2023-08-15 22:18:31.586] [info] CMC::computeControls, t = 1.321
[2023-08-15 22:18:31.623] [info] CMC::computeControls, t = 1.322
[2023-08-15 22:18:31.659] [info] CMC::computeControls, t = 1.323
[2023-08-15 22:18:31.688] [info] CMC::computeControls, t = 1.324
[2023-08-15 22:18:31.710] [info] CMC::computeControls, t = 1.325
[2023-08-15 22:18:31.733] [info] CMC::computeControls, t = 1.326
[2023-08-15 22:18:31.767] [info] CMC::computeControls, t = 1.327
[2023-08-15 22:18:31.796] [info] CMC::computeControls, t = 1.328
[2023-08-15 22:18:31.835] [info] CMC::computeControls, t = 1.329
[2023-08-15 22:18:31.854] [info] CMC::computeControls, t = 1.33
[2023-08-15 22:18:31.870] [info] CMC::computeControls, t = 1.331
[2023-08-15 22:18:31.898] [info] CMC::computeControls, t = 1.332
[2023-08-15 22:18:31.939] [info] CMC::computeControls, t = 1.333
[2023-08-15 22:18:31.972] [info] CMC::computeControls, t = 1.334
[2023-08-15 22:18:31.998] [info] CMC::computeControls, t = 1.335
[2023-08-15 22:18:32.015] [info] CMC::computeControls, t = 1.336
[2023-08-15 22:18:32.050] [info] CMC::computeControls, t = 1.337
[2023-08-15 22:18:32.068] [info] CMC::computeControls, t = 1.338
[2023-08-15 22:18:32.096] [info] CMC::computeControls, t = 1.339
[2023-08-15 22:18:32.125] [info] CMC::computeControls, t = 1.34
[2023-08-15 22:18:32.144] [info] CMC::computeControls, t = 1.341
[2023-08-15 22:18:32.174] [info] CMC::computeControls, t = 1.342
[2023-08-15 22:18:32.202] [info] CMC::computeControls, t = 1.343
[2023-08-15 22:18:32.231] [info] CMC::computeControls, t = 1.344
[2023-08-15 22:18:32.247] [info] CMC::computeControls, t = 1.345
[2023-08-15 22:18:32.273] [info] CMC::computeControls, t = 1.346
[2023-08-15 22:18:32.294] [info] CMC::computeControls, t = 1.347
[2023-08-15 22:18:32.318] [info] CMC::computeControls, t = 1.348
[2023-08-15 22:18:32.360] [info] CMC::computeControls, t = 1.349
[2023-08-15 22:18:32.394] [info] CMC::computeControls, t = 1.35
[2023-08-15 22:18:32.435] [info] CMC::computeControls, t = 1.351
[2023-08-15 22:18:32.454] [info] CMC::computeControls, t = 1.352
[2023-08-15 22:18:32.492] [info] CMC::computeControls, t = 1.353
[2023-08-15 22:18:32.522] [info] CMC::computeControls, t = 1.354
[2023-08-15 22:18:32.538] [info] CMC::computeControls, t = 1.355
[2023-08-15 22:18:32.562] [info] CMC::computeControls, t = 1.356
[2023-08-15 22:18:32.589] [info] CMC::computeControls, t = 1.357
[2023-08-15 22:18:32.607] [info] CMC::computeControls, t = 1.358
[2023-08-15 22:18:32.640] [info] CMC::computeControls, t = 1.359
[2023-08-15 22:18:32.663] [info] CMC::computeControls, t = 1.36
[2023-08-15 22:18:32.688] [info] CMC::computeControls, t = 1.361
[2023-08-15 22:18:32.715] [info] CMC::computeControls, t = 1.362
[2023-08-15 22:18:32.740] [info] CMC::computeControls, t = 1.363
[2023-08-15 22:18:32.768] [info] CMC::computeControls, t = 1.364
[2023-08-15 22:18:32.801] [info] CMC::computeControls, t = 1.365
[2023-08-15 22:18:32.822] [info] CMC::computeControls, t = 1.366
[2023-08-15 22:18:32.844] [info] CMC::computeControls, t = 1.367
[2023-08-15 22:18:32.861] [info] CMC::computeControls, t = 1.368
[2023-08-15 22:18:32.882] [info] CMC::computeControls, t = 1.369
[2023-08-15 22:18:32.904] [info] CMC::computeControls, t = 1.37
[2023-08-15 22:18:32.934] [info] CMC::computeControls, t = 1.371
[2023-08-15 22:18:32.949] [info] CMC::computeControls, t = 1.372
[2023-08-15 22:18:32.965] [info] CMC::computeControls, t = 1.373
[2023-08-15 22:18:32.980] [info] CMC::computeControls, t = 1.374
[2023-08-15 22:18:32.995] [info] CMC::computeControls, t = 1.375
[2023-08-15 22:18:33.011] [info] CMC::computeControls, t = 1.376
[2023-08-15 22:18:33.038] [info] CMC::computeControls, t = 1.377
[2023-08-15 22:18:33.059] [info] CMC::computeControls, t = 1.378
[2023-08-15 22:18:33.075] [info] CMC::computeControls, t = 1.379
[2023-08-15 22:18:33.090] [info] CMC::computeControls, t = 1.38
[2023-08-15 22:18:33.111] [info] CMC::computeControls, t = 1.381
[2023-08-15 22:18:33.135] [info] CMC::computeControls, t = 1.382
[2023-08-15 22:18:33.167] [info] CMC::computeControls, t = 1.383
[2023-08-15 22:18:33.193] [info] CMC::computeControls, t = 1.384
[2023-08-15 22:18:33.210] [info] CMC::computeControls, t = 1.385
[2023-08-15 22:18:33.236] [info] CMC::computeControls, t = 1.386
[2023-08-15 22:18:33.258] [info] CMC::computeControls, t = 1.387
[2023-08-15 22:18:33.274] [info] CMC::computeControls, t = 1.388
[2023-08-15 22:18:33.301] [info] CMC::computeControls, t = 1.389
[2023-08-15 22:18:33.334] [info] CMC::computeControls, t = 1.39
[2023-08-15 22:18:33.368] [info] CMC::computeControls, t = 1.391
[2023-08-15 22:18:33.407] [info] CMC::computeControls, t = 1.392
[2023-08-15 22:18:33.439] [info] CMC::computeControls, t = 1.393
[2023-08-15 22:18:33.476] [info] CMC::computeControls, t = 1.394
[2023-08-15 22:18:33.502] [info] CMC::computeControls, t = 1.395
[2023-08-15 22:18:33.529] [info] CMC::computeControls, t = 1.396
[2023-08-15 22:18:33.559] [info] CMC::computeControls, t = 1.397
[2023-08-15 22:18:33.601] [info] CMC::computeControls, t = 1.398
[2023-08-15 22:18:33.633] [info] CMC::computeControls, t = 1.399
[2023-08-15 22:18:33.650] [info] CMC::computeControls, t = 1.4
[2023-08-15 22:18:33.677] [info] CMC::computeControls, t = 1.40100
[2023-08-15 22:18:33.696] [info] CMC::computeControls, t = 1.40200
[2023-08-15 22:18:33.713] [info] CMC::computeControls, t = 1.40300
[2023-08-15 22:18:33.740] [info] CMC::computeControls, t = 1.40400
[2023-08-15 22:18:33.761] [info] CMC::computeControls, t = 1.40500
[2023-08-15 22:18:33.778] [info] CMC::computeControls, t = 1.40600
[2023-08-15 22:18:33.810] [info] CMC::computeControls, t = 1.40700
[2023-08-15 22:18:33.827] [info] CMC::computeControls, t = 1.40800
[2023-08-15 22:18:33.847] [info] CMC::computeControls, t = 1.40900
[2023-08-15 22:18:33.885] [info] CMC::computeControls, t = 1.41
[2023-08-15 22:18:33.923] [info] CMC::computeControls, t = 1.411
[2023-08-15 22:18:33.958] [info] CMC::computeControls, t = 1.412
[2023-08-15 22:18:33.999] [info] CMC::computeControls, t = 1.413
[2023-08-15 22:18:34.042] [info] CMC::computeControls, t = 1.414
[2023-08-15 22:18:34.071] [info] CMC::computeControls, t = 1.415
[2023-08-15 22:18:34.100] [info] CMC::computeControls, t = 1.416
[2023-08-15 22:18:34.130] [info] CMC::computeControls, t = 1.417
[2023-08-15 22:18:34.146] [info] CMC::computeControls, t = 1.418
[2023-08-15 22:18:34.167] [info] CMC::computeControls, t = 1.419
[2023-08-15 22:18:34.184] [info] CMC::computeControls, t = 1.42
[2023-08-15 22:18:34.208] [info] CMC::computeControls, t = 1.421
[2023-08-15 22:18:34.230] [info] CMC::computeControls, t = 1.422
[2023-08-15 22:18:34.265] [info] CMC::computeControls, t = 1.423
[2023-08-15 22:18:34.285] [info] CMC::computeControls, t = 1.424
[2023-08-15 22:18:34.300] [info] CMC::computeControls, t = 1.425
[2023-08-15 22:18:34.318] [info] CMC::computeControls, t = 1.426
[2023-08-15 22:18:34.334] [info] CMC::computeControls, t = 1.427
[2023-08-15 22:18:34.356] [info] CMC::computeControls, t = 1.428
[2023-08-15 22:18:34.375] [info] CMC::computeControls, t = 1.429
[2023-08-15 22:18:34.401] [info] CMC::computeControls, t = 1.43
[2023-08-15 22:18:34.429] [info] CMC::computeControls, t = 1.431
[2023-08-15 22:18:34.448] [info] CMC::computeControls, t = 1.432
[2023-08-15 22:18:34.464] [info] CMC::computeControls, t = 1.433
[2023-08-15 22:18:34.506] [info] CMC::computeControls, t = 1.434
[2023-08-15 22:18:34.538] [info] CMC::computeControls, t = 1.435
[2023-08-15 22:18:34.554] [info] CMC::computeControls, t = 1.436
[2023-08-15 22:18:34.590] [info] CMC::computeControls, t = 1.437
[2023-08-15 22:18:34.613] [info] CMC::computeControls, t = 1.438
[2023-08-15 22:18:34.634] [info] CMC::computeControls, t = 1.439
[2023-08-15 22:18:34.650] [info] CMC::computeControls, t = 1.44
[2023-08-15 22:18:34.687] [info] CMC::computeControls, t = 1.441
[2023-08-15 22:18:34.712] [info] CMC::computeControls, t = 1.442
[2023-08-15 22:18:34.733] [info] CMC::computeControls, t = 1.443
[2023-08-15 22:18:34.753] [info] CMC::computeControls, t = 1.444
[2023-08-15 22:18:34.769] [info] CMC::computeControls, t = 1.445
[2023-08-15 22:18:34.795] [info] CMC::computeControls, t = 1.446
[2023-08-15 22:18:34.811] [info] CMC::computeControls, t = 1.447
[2023-08-15 22:18:34.829] [info] CMC::computeControls, t = 1.448
[2023-08-15 22:18:34.845] [info] CMC::computeControls, t = 1.449
[2023-08-15 22:18:34.869] [info] CMC::computeControls, t = 1.45
[2023-08-15 22:18:34.885] [info] CMC::computeControls, t = 1.451
[2023-08-15 22:18:34.905] [info] CMC::computeControls, t = 1.452
[2023-08-15 22:18:34.921] [info] CMC::computeControls, t = 1.453
[2023-08-15 22:18:34.939] [info] CMC::computeControls, t = 1.454
[2023-08-15 22:18:34.966] [info] CMC::computeControls, t = 1.455
[2023-08-15 22:18:34.989] [info] CMC::computeControls, t = 1.456
[2023-08-15 22:18:35.008] [info] CMC::computeControls, t = 1.457
[2023-08-15 22:18:35.048] [info] CMC::computeControls, t = 1.458
[2023-08-15 22:18:35.083] [info] CMC::computeControls, t = 1.459
[2023-08-15 22:18:35.102] [info] CMC::computeControls, t = 1.46
[2023-08-15 22:18:35.118] [info] CMC::computeControls, t = 1.461
[2023-08-15 22:18:35.143] [info] CMC::computeControls, t = 1.462
[2023-08-15 22:18:35.172] [info] CMC::computeControls, t = 1.463
[2023-08-15 22:18:35.208] [info] CMC::computeControls, t = 1.464
[2023-08-15 22:18:35.238] [info] CMC::computeControls, t = 1.465
[2023-08-15 22:18:35.266] [info] CMC::computeControls, t = 1.466
[2023-08-15 22:18:35.290] [info] CMC::computeControls, t = 1.467
[2023-08-15 22:18:35.318] [info] CMC::computeControls, t = 1.468
[2023-08-15 22:18:35.334] [info] CMC::computeControls, t = 1.469
[2023-08-15 22:18:35.350] [info] CMC::computeControls, t = 1.47
[2023-08-15 22:18:35.386] [info] CMC::computeControls, t = 1.471
[2023-08-15 22:18:35.419] [info] CMC::computeControls, t = 1.472
[2023-08-15 22:18:35.437] [info] CMC::computeControls, t = 1.473
[2023-08-15 22:18:35.452] [info] CMC::computeControls, t = 1.474
[2023-08-15 22:18:35.471] [info] CMC::computeControls, t = 1.475
[2023-08-15 22:18:35.501] [info] CMC::computeControls, t = 1.476
[2023-08-15 22:18:35.525] [info] CMC::computeControls, t = 1.477
[2023-08-15 22:18:35.540] [info] CMC::computeControls, t = 1.478
[2023-08-15 22:18:35.561] [info] CMC::computeControls, t = 1.479
[2023-08-15 22:18:35.599] [info] CMC::computeControls, t = 1.48
[2023-08-15 22:18:35.614] [info] CMC::computeControls, t = 1.481
[2023-08-15 22:18:35.630] [info] CMC::computeControls, t = 1.482
[2023-08-15 22:18:35.650] [info] CMC::computeControls, t = 1.483
[2023-08-15 22:18:35.667] [info] CMC::computeControls, t = 1.484
[2023-08-15 22:18:35.690] [info] CMC::computeControls, t = 1.485
[2023-08-15 22:18:35.724] [info] CMC::computeControls, t = 1.486
[2023-08-15 22:18:35.747] [info] CMC::computeControls, t = 1.487
[2023-08-15 22:18:35.765] [info] CMC::computeControls, t = 1.488
[2023-08-15 22:18:35.783] [info] CMC::computeControls, t = 1.489
[2023-08-15 22:18:35.817] [info] CMC::computeControls, t = 1.49
[2023-08-15 22:18:35.847] [info] CMC::computeControls, t = 1.491
[2023-08-15 22:18:35.872] [info] CMC::computeControls, t = 1.492
[2023-08-15 22:18:35.898] [info] CMC::computeControls, t = 1.493
[2023-08-15 22:18:35.938] [info] CMC::computeControls, t = 1.494
[2023-08-15 22:18:35.974] [info] CMC::computeControls, t = 1.495
[2023-08-15 22:18:35.996] [info] CMC::computeControls, t = 1.496
[2023-08-15 22:18:36.032] [info] CMC::computeControls, t = 1.497
[2023-08-15 22:18:36.062] [info] CMC::computeControls, t = 1.498
[2023-08-15 22:18:36.079] [info] CMC::computeControls, t = 1.499
[2023-08-15 22:18:36.095] [info] CMC::computeControls, t = 1.5
[2023-08-15 22:18:36.112] [info] CMC::computeControls, t = 1.50100
[2023-08-15 22:18:36.147] [info] CMC::computeControls, t = 1.50200
[2023-08-15 22:18:36.182] [info] CMC::computeControls, t = 1.50300
[2023-08-15 22:18:36.198] [info] CMC::computeControls, t = 1.50400
[2023-08-15 22:18:36.214] [info] CMC::computeControls, t = 1.50500
[2023-08-15 22:18:36.235] [info] CMC::computeControls, t = 1.50600
[2023-08-15 22:18:36.262] [info] CMC::computeControls, t = 1.50700
[2023-08-15 22:18:36.282] [info] CMC::computeControls, t = 1.50800
[2023-08-15 22:18:36.306] [info] CMC::computeControls, t = 1.50900
[2023-08-15 22:18:36.330] [info] CMC::computeControls, t = 1.51
[2023-08-15 22:18:36.350] [info] CMC::computeControls, t = 1.511
[2023-08-15 22:18:36.365] [info] CMC::computeControls, t = 1.512
[2023-08-15 22:18:36.393] [info] CMC::computeControls, t = 1.513
[2023-08-15 22:18:36.430] [info] CMC::computeControls, t = 1.514
[2023-08-15 22:18:36.446] [info] CMC::computeControls, t = 1.515
[2023-08-15 22:18:36.479] [info] CMC::computeControls, t = 1.516
[2023-08-15 22:18:36.513] [info] CMC::computeControls, t = 1.517
[2023-08-15 22:18:36.543] [info] CMC::computeControls, t = 1.518
[2023-08-15 22:18:36.570] [info] CMC::computeControls, t = 1.519
[2023-08-15 22:18:36.589] [info] CMC::computeControls, t = 1.52
[2023-08-15 22:18:36.615] [info] CMC::computeControls, t = 1.521
[2023-08-15 22:18:36.653] [info] CMC::computeControls, t = 1.522
[2023-08-15 22:18:36.695] [info] CMC::computeControls, t = 1.523
[2023-08-15 22:18:36.730] [info] CMC::computeControls, t = 1.524
[2023-08-15 22:18:36.776] [info] CMC::computeControls, t = 1.525
[2023-08-15 22:18:36.798] [info] CMC::computeControls, t = 1.526
[2023-08-15 22:18:36.822] [info] CMC::computeControls, t = 1.527
[2023-08-15 22:18:36.859] [info] CMC::computeControls, t = 1.528
[2023-08-15 22:18:36.876] [info] CMC::computeControls, t = 1.529
[2023-08-15 22:18:36.912] [info] CMC::computeControls, t = 1.53
[2023-08-15 22:18:36.934] [info] CMC::computeControls, t = 1.531
[2023-08-15 22:18:36.963] [info] CMC::computeControls, t = 1.532
[2023-08-15 22:18:36.986] [info] CMC::computeControls, t = 1.533
[2023-08-15 22:18:37.028] [info] CMC::computeControls, t = 1.534
[2023-08-15 22:18:37.051] [info] CMC::computeControls, t = 1.535
[2023-08-15 22:18:37.092] [info] CMC::computeControls, t = 1.536
[2023-08-15 22:18:37.122] [info] CMC::computeControls, t = 1.537
[2023-08-15 22:18:37.144] [info] CMC::computeControls, t = 1.538
[2023-08-15 22:18:37.171] [info] CMC::computeControls, t = 1.539
[2023-08-15 22:18:37.191] [info] CMC::computeControls, t = 1.54
[2023-08-15 22:18:37.210] [info] CMC::computeControls, t = 1.541
[2023-08-15 22:18:37.227] [info] CMC::computeControls, t = 1.542
[2023-08-15 22:18:37.259] [info] CMC::computeControls, t = 1.543
[2023-08-15 22:18:37.280] [info] CMC::computeControls, t = 1.544
[2023-08-15 22:18:37.304] [info] CMC::computeControls, t = 1.545
[2023-08-15 22:18:37.338] [info] CMC::computeControls, t = 1.546
[2023-08-15 22:18:37.363] [info] CMC::computeControls, t = 1.547
[2023-08-15 22:18:37.385] [info] CMC::computeControls, t = 1.548
[2023-08-15 22:18:37.414] [info] CMC::computeControls, t = 1.549
[2023-08-15 22:18:37.446] [info] CMC::computeControls, t = 1.55
[2023-08-15 22:18:37.474] [info] CMC::computeControls, t = 1.551
[2023-08-15 22:18:37.509] [info] CMC::computeControls, t = 1.552
[2023-08-15 22:18:37.534] [info] CMC::computeControls, t = 1.553
[2023-08-15 22:18:37.557] [info] CMC::computeControls, t = 1.554
[2023-08-15 22:18:37.573] [info] CMC::computeControls, t = 1.555
[2023-08-15 22:18:37.605] [info] CMC::computeControls, t = 1.556
[2023-08-15 22:18:37.629] [info] CMC::computeControls, t = 1.557
[2023-08-15 22:18:37.652] [info] CMC::computeControls, t = 1.558
[2023-08-15 22:18:37.685] [info] CMC::computeControls, t = 1.559
[2023-08-15 22:18:37.719] [info] CMC::computeControls, t = 1.56
[2023-08-15 22:18:37.747] [info] CMC::computeControls, t = 1.561
[2023-08-15 22:18:37.776] [info] CMC::computeControls, t = 1.562
[2023-08-15 22:18:37.800] [info] CMC::computeControls, t = 1.563
[2023-08-15 22:18:37.826] [info] CMC::computeControls, t = 1.564
[2023-08-15 22:18:37.846] [info] CMC::computeControls, t = 1.565
[2023-08-15 22:18:37.864] [info] CMC::computeControls, t = 1.566
[2023-08-15 22:18:37.896] [info] CMC::computeControls, t = 1.567
[2023-08-15 22:18:37.924] [info] CMC::computeControls, t = 1.568
[2023-08-15 22:18:37.944] [info] CMC::computeControls, t = 1.569
[2023-08-15 22:18:37.970] [info] CMC::computeControls, t = 1.57
[2023-08-15 22:18:37.994] [info] CMC::computeControls, t = 1.571
[2023-08-15 22:18:38.014] [info] CMC::computeControls, t = 1.572
[2023-08-15 22:18:38.043] [info] CMC::computeControls, t = 1.573
[2023-08-15 22:18:38.067] [info] CMC::computeControls, t = 1.574
[2023-08-15 22:18:38.093] [info] CMC::computeControls, t = 1.575
[2023-08-15 22:18:38.109] [info] CMC::computeControls, t = 1.576
[2023-08-15 22:18:38.136] [info] CMC::computeControls, t = 1.577
[2023-08-15 22:18:38.154] [info] CMC::computeControls, t = 1.578
[2023-08-15 22:18:38.170] [info] CMC::computeControls, t = 1.579
[2023-08-15 22:18:38.189] [info] CMC::computeControls, t = 1.58
[2023-08-15 22:18:38.215] [info] CMC::computeControls, t = 1.581
[2023-08-15 22:18:38.245] [info] CMC::computeControls, t = 1.582
[2023-08-15 22:18:38.269] [info] CMC::computeControls, t = 1.583
[2023-08-15 22:18:38.305] [info] CMC::computeControls, t = 1.584
[2023-08-15 22:18:38.326] [info] CMC::computeControls, t = 1.585
[2023-08-15 22:18:38.354] [info] CMC::computeControls, t = 1.586
[2023-08-15 22:18:38.389] [info] CMC::computeControls, t = 1.587
[2023-08-15 22:18:38.415] [info] CMC::computeControls, t = 1.588
[2023-08-15 22:18:38.431] [info] CMC::computeControls, t = 1.589
[2023-08-15 22:18:38.460] [info] CMC::computeControls, t = 1.59
[2023-08-15 22:18:38.491] [info] CMC::computeControls, t = 1.591
[2023-08-15 22:18:38.517] [info] CMC::computeControls, t = 1.592
[2023-08-15 22:18:38.548] [info] CMC::computeControls, t = 1.593
[2023-08-15 22:18:38.585] [info] CMC::computeControls, t = 1.594
[2023-08-15 22:18:38.617] [info] CMC::computeControls, t = 1.595
[2023-08-15 22:18:38.655] [info] CMC::computeControls, t = 1.596
[2023-08-15 22:18:38.672] [info] CMC::computeControls, t = 1.597
[2023-08-15 22:18:38.690] [info] CMC::computeControls, t = 1.598
[2023-08-15 22:18:38.716] [info] CMC::computeControls, t = 1.599
[2023-08-15 22:18:38.736] [info] CMC::computeControls, t = 1.6
[2023-08-15 22:18:38.761] [info] CMC::computeControls, t = 1.60100
[2023-08-15 22:18:38.790] [info] -------------------------------------------
[2023-08-15 22:18:38.790] [info] Finished tracking the specified kinematics:
[2023-08-15 22:18:38.790] [info] -------------------------------------------
[2023-08-15 22:18:38.790] [info]  -- Start time = Tue Aug 15 22:18:23 2023
[2023-08-15 22:18:38.791] [info]  -- Finish time = Tue Aug 15 22:18:38 2023
[2023-08-15 22:18:38.791] [info]  -- Elapsed time = 15.0 seconds.
[2023-08-15 22:18:38.791] [info] -------------------------------------------
[2023-08-15 22:18:38.791] [info] 
[2023-08-15 22:18:38.791] [info] Printing results of investigation subject08_run5_cycle2_iter3 to cycle2/
[2023-08-15 22:18:39.313] [info] 

************************************************************
*      Summary of Mass Adjustments to Reduce Residuals     *
************************************************************
* Body adjusted: torso
* Mass Center (COM) adjustment: dx =-0.00998754, dz =0.0135621
* New COM location: ~[0.0399187,0.33222,-0.0494372]
************************************************************
* Recommended mass adjustments:                             
*  Total mass change: 0.164264
*  pelvis: orig mass = 12.7724, new mass = 12.7981
*  femur_r: orig mass = 10.0875, new mass = 10.1078
*  tibia_r: orig mass = 4.02086, new mass = 4.02896
*  talus_r: orig mass = 0.108452, new mass = 0.108671
*  calcn_r: orig mass = 1.35565, new mass = 1.35838
*  toes_r: orig mass = 0.234907, new mass = 0.23538
*  femur_l: orig mass = 10.0875, new mass = 10.1078
*  tibia_l: orig mass = 4.02086, new mass = 4.02896
*  talus_l: orig mass = 0.108452, new mass = 0.108671
*  calcn_l: orig mass = 1.35565, new mass = 1.35838
*  toes_l: orig mass = 0.234907, new mass = 0.23538
*  torso: orig mass = 29.094, new mass = 29.1526
*  humerus_r: orig mass = 2.20429, new mass = 2.20873
*  ulna_r: orig mass = 0.658846, new mass = 0.660174
*  radius_r: orig mass = 0.658846, new mass = 0.660174
*  hand_r: orig mass = 0.496168, new mass = 0.497168
*  humerus_l: orig mass = 2.20429, new mass = 2.20873
*  ulna_l: orig mass = 0.658846, new mass = 0.660174
*  radius_l: orig mass = 0.658846, new mass = 0.660174
*  hand_l: orig mass = 0.496168, new mass = 0.497168
************************************************************
* Note: Edit the model to make recommended adjustments to  *
*       mass properties.                                   *
************************************************************

* Average residuals before adjusting torso COM:
*  FX=-1.42132 FY=-1.61088 FZ=2.38499
*  MX=-3.86946 MY=-1.64108 MZ=-2.84959
************************************************************
* Average residuals after adjusting torso COM:
*  FX=-1.55869 FY=-1.57776 FZ=2.20891
*  MX=-0.644623 MY=-1.47111 MZ=0.42309
************************************************************


[2023-08-15 22:18:39.313] [info] 
************************************************************
*                   Final Average Residuals                *
************************************************************
* After torso COM and Kinematics adjustments:
*  FX=0.0590079 FY=-0.565238 FZ=0.312207
*  MX=-0.937123 MY=-1.10048 MZ=0.518109
************************************************************


