[2023-08-15 22:03:16.385] [info] Storage: read data file = ..\rra2\cycle1\subject02_run5_cycle1_iter2_Kinematics_q.sto (nr=707 nc=38)
[2023-08-15 22:03:16.406] [info] Storage: read data file = ..\rra2\cycle1\subject02_run5_cycle1_iter2_Kinematics_q.sto (nr=707 nc=38)
[2023-08-15 22:03:16.440] [info] AbstractTool subject02_run5_cycle1_iter3 loading model ..\rra2\cycle1\subject02_run5_cycle1_rraAdjusted_iter2.osim
[2023-08-15 22:03:16.475] [info] Loaded model subject02_scaled from file ..\rra2\cycle1\subject02_run5_cycle1_rraAdjusted_iter2.osim
[2023-08-15 22:03:16.504] [info] Adding force object set from ..\subject02_run5_RRA_Actuators.xml
[2023-08-15 22:03:16.509] [info] Running tool subject02_run5_cycle1_iter3.
[2023-08-15 22:03:16.521] [warning] ExternalLoads 'externalloads' has subcomponents with duplicate name 'externalforce'. The duplicate is being renamed to 'externalforce_0'.
[2023-08-15 22:03:16.532] [info] 	taskSet size = 29.
[2023-08-15 22:03:16.571] [info] ExternalForce::externalforce Data source being set to Run_500 02_newCOP3_v24.mot
[2023-08-15 22:03:16.571] [info] ExternalForce::externalforce_0 Data source being set to Run_500 02_newCOP3_v24.mot
[2023-08-15 22:03:16.574] [warning] A desired points file was not specified.
[2023-08-15 22:03:16.574] [info] Loading desired kinematics from file '..\rra2\cycle1\subject02_run5_cycle1_iter2_Kinematics_q.sto'...
[2023-08-15 22:03:16.574] [info] Storage: read data file = ..\rra2\cycle1\subject02_run5_cycle1_iter2_Kinematics_q.sto (nr=707 nc=38)
[2023-08-15 22:03:16.596] [info] Not filtering the desired kinematics.
[2023-08-15 22:03:16.596] [cout] [info] MODEL: subject02_scaled

numStates = 74
numCoordinates = 37
numSpeeds = 37
numActuators = 29
numBodies = 20
numConstraints = 0
numProbes = 0

ANALYSES (total: 0)

BODIES (total: 20)
body[0] = pelvis. mass: 12.1016
              moments of inertia:  ~[0.115611,0.115611,0.0685758]
              products of inertia: ~[0,0,0]
body[1] = femur_r. mass: 9.55784
              moments of inertia:  ~[0.207019,0.0542672,0.218306]
              products of inertia: ~[0,0,0]
body[2] = tibia_r. mass: 3.80972
              moments of inertia:  ~[0.0585182,0.00469735,0.0585182]
              products of inertia: ~[0,0,0]
body[3] = talus_r. mass: 0.102757
              moments of inertia:  ~[0.00119979,0.00119979,0.00119979]
              products of inertia: ~[0,0,0]
body[4] = calcn_r. mass: 1.28446
              moments of inertia:  ~[0.00167971,0.0046792,0.00491916]
              products of inertia: ~[0,0,0]
body[5] = toes_r. mass: 0.222571
              moments of inertia:  ~[0.000119979,0.000239959,0.00119979]
              products of inertia: ~[0,0,0]
body[6] = femur_l. mass: 9.55784
              moments of inertia:  ~[0.207019,0.0542672,0.218306]
              products of inertia: ~[0,0,0]
body[7] = tibia_l. mass: 3.80972
              moments of inertia:  ~[0.0585182,0.00469735,0.0585182]
              products of inertia: ~[0,0,0]
body[8] = talus_l. mass: 0.102757
              moments of inertia:  ~[0.00119979,0.00119979,0.00119979]
              products of inertia: ~[0,0,0]
body[9] = calcn_l. mass: 1.28446
              moments of inertia:  ~[0.00167971,0.0046792,0.00491916]
              products of inertia: ~[0,0,0]
body[10] = toes_l. mass: 0.222571
              moments of inertia:  ~[0.000119979,0.000239959,0.00119979]
              products of inertia: ~[0,0,0]
body[11] = torso. mass: 27.5662
              moments of inertia:  ~[1.51131,0.774358,1.46713]
              products of inertia: ~[0,0,0]
body[12] = humerus_r. mass: 2.08854
              moments of inertia:  ~[0.0151604,0.00522986,0.017017]
              products of inertia: ~[0,0,0]
body[13] = ulna_r. mass: 0.624249
              moments of inertia:  ~[0.00393111,0.000820198,0.00426423]
              products of inertia: ~[0,0,0]
body[14] = radius_r. mass: 0.624249
              moments of inertia:  ~[0.00393111,0.000820198,0.00426423]
              products of inertia: ~[0,0,0]
body[15] = hand_r. mass: 0.470113
              moments of inertia:  ~[0.00118385,0.000725968,0.00177842]
              products of inertia: ~[0,0,0]
body[16] = humerus_l. mass: 2.08854
              moments of inertia:  ~[0.0151604,0.00522986,0.017017]
              products of inertia: ~[0,0,0]
body[17] = ulna_l. mass: 0.624249
              moments of inertia:  ~[0.00393111,0.000820198,0.00426423]
              products of inertia: ~[0,0,0]
body[18] = radius_l. mass: 0.624249
              moments of inertia:  ~[0.00393111,0.000820198,0.00426423]
              products of inertia: ~[0,0,0]
body[19] = hand_l. mass: 0.470113
              moments of inertia:  ~[0.00118385,0.000725968,0.00177842]
              products of inertia: ~[0,0,0]

JOINTS (total: 20)
joint[0] = ground_pelvis. parent: ground_offset, child: pelvis_offset
joint[1] = hip_r. parent: pelvis_offset, child: femur_r_offset
joint[2] = knee_r. parent: femur_r_offset, child: tibia_r_offset
joint[3] = ankle_r. parent: tibia_r_offset, child: talus_r_offset
joint[4] = subtalar_r. parent: talus_r_offset, child: calcn_r_offset
joint[5] = mtp_r. parent: calcn_r_offset, child: toes_r_offset
joint[6] = hip_l. parent: pelvis_offset, child: femur_l_offset
joint[7] = knee_l. parent: femur_l_offset, child: tibia_l_offset
joint[8] = ankle_l. parent: tibia_l_offset, child: talus_l_offset
joint[9] = subtalar_l. parent: talus_l_offset, child: calcn_l_offset
joint[10] = mtp_l. parent: calcn_l_offset, child: toes_l_offset
joint[11] = back. parent: pelvis_offset, child: torso_offset
joint[12] = acromial_r. parent: torso_offset, child: humerus_r_offset
joint[13] = elbow_r. parent: humerus_r_offset, child: ulna_r_offset
joint[14] = radioulnar_r. parent: ulna_r_offset, child: radius_r_offset
joint[15] = radius_hand_r. parent: radius_r_offset, child: hand_r_offset
joint[16] = acromial_l. parent: torso_offset, child: humerus_l_offset
joint[17] = elbow_l. parent: humerus_l_offset, child: ulna_l_offset
joint[18] = radioulnar_l. parent: ulna_l_offset, child: radius_l_offset
joint[19] = radius_hand_l. parent: radius_l_offset, child: hand_l_offset

ACTUATORS (total: 29)
actuator[0] = FX
actuator[1] = FY
actuator[2] = FZ
actuator[3] = MZ
actuator[4] = MX
actuator[5] = MY
actuator[6] = hip_flexion_r
actuator[7] = hip_adduction_r
actuator[8] = hip_rotation_r
actuator[9] = knee_angle_r
actuator[10] = ankle_angle_r
actuator[11] = hip_flexion_l
actuator[12] = hip_adduction_l
actuator[13] = hip_rotation_l
actuator[14] = knee_angle_l
actuator[15] = ankle_angle_l
actuator[16] = lumbar_extension
actuator[17] = lumbar_bending
actuator[18] = lumbar_rotation
actuator[19] = arm_flex_r
actuator[20] = arm_add_r
actuator[21] = arm_rot_r
actuator[22] = elbow_flex_r
actuator[23] = pro_sup_r
actuator[24] = arm_flex_l
actuator[25] = arm_add_l
actuator[26] = arm_rot_l
actuator[27] = elbow_flex_l
actuator[28] = pro_sup_l

STATES (total: 74)
y[0] = /jointset/ground_pelvis/pelvis_tilt/value
y[1] = /jointset/ground_pelvis/pelvis_tilt/speed
y[2] = /jointset/ground_pelvis/pelvis_list/value
y[3] = /jointset/ground_pelvis/pelvis_list/speed
y[4] = /jointset/ground_pelvis/pelvis_rotation/value
y[5] = /jointset/ground_pelvis/pelvis_rotation/speed
y[6] = /jointset/ground_pelvis/pelvis_tx/value
y[7] = /jointset/ground_pelvis/pelvis_tx/speed
y[8] = /jointset/ground_pelvis/pelvis_ty/value
y[9] = /jointset/ground_pelvis/pelvis_ty/speed
y[10] = /jointset/ground_pelvis/pelvis_tz/value
y[11] = /jointset/ground_pelvis/pelvis_tz/speed
y[12] = /jointset/hip_r/hip_flexion_r/value
y[13] = /jointset/hip_r/hip_flexion_r/speed
y[14] = /jointset/hip_r/hip_adduction_r/value
y[15] = /jointset/hip_r/hip_adduction_r/speed
y[16] = /jointset/hip_r/hip_rotation_r/value
y[17] = /jointset/hip_r/hip_rotation_r/speed
y[18] = /jointset/knee_r/knee_angle_r/value
y[19] = /jointset/knee_r/knee_angle_r/speed
y[20] = /jointset/ankle_r/ankle_angle_r/value
y[21] = /jointset/ankle_r/ankle_angle_r/speed
y[22] = /jointset/subtalar_r/subtalar_angle_r/value
y[23] = /jointset/subtalar_r/subtalar_angle_r/speed
y[24] = /jointset/mtp_r/mtp_angle_r/value
y[25] = /jointset/mtp_r/mtp_angle_r/speed
y[26] = /jointset/hip_l/hip_flexion_l/value
y[27] = /jointset/hip_l/hip_flexion_l/speed
y[28] = /jointset/hip_l/hip_adduction_l/value
y[29] = /jointset/hip_l/hip_adduction_l/speed
y[30] = /jointset/hip_l/hip_rotation_l/value
y[31] = /jointset/hip_l/hip_rotation_l/speed
y[32] = /jointset/knee_l/knee_angle_l/value
y[33] = /jointset/knee_l/knee_angle_l/speed
y[34] = /jointset/ankle_l/ankle_angle_l/value
y[35] = /jointset/ankle_l/ankle_angle_l/speed
y[36] = /jointset/subtalar_l/subtalar_angle_l/value
y[37] = /jointset/subtalar_l/subtalar_angle_l/speed
y[38] = /jointset/mtp_l/mtp_angle_l/value
y[39] = /jointset/mtp_l/mtp_angle_l/speed
y[40] = /jointset/back/lumbar_extension/value
y[41] = /jointset/back/lumbar_extension/speed
y[42] = /jointset/back/lumbar_bending/value
y[43] = /jointset/back/lumbar_bending/speed
y[44] = /jointset/back/lumbar_rotation/value
y[45] = /jointset/back/lumbar_rotation/speed
y[46] = /jointset/acromial_r/arm_flex_r/value
y[47] = /jointset/acromial_r/arm_flex_r/speed
y[48] = /jointset/acromial_r/arm_add_r/value
y[49] = /jointset/acromial_r/arm_add_r/speed
y[50] = /jointset/acromial_r/arm_rot_r/value
y[51] = /jointset/acromial_r/arm_rot_r/speed
y[52] = /jointset/elbow_r/elbow_flex_r/value
y[53] = /jointset/elbow_r/elbow_flex_r/speed
y[54] = /jointset/radioulnar_r/pro_sup_r/value
y[55] = /jointset/radioulnar_r/pro_sup_r/speed
y[56] = /jointset/radius_hand_r/wrist_flex_r/value
y[57] = /jointset/radius_hand_r/wrist_flex_r/speed
y[58] = /jointset/radius_hand_r/wrist_dev_r/value
y[59] = /jointset/radius_hand_r/wrist_dev_r/speed
y[60] = /jointset/acromial_l/arm_flex_l/value
y[61] = /jointset/acromial_l/arm_flex_l/speed
y[62] = /jointset/acromial_l/arm_add_l/value
y[63] = /jointset/acromial_l/arm_add_l/speed
y[64] = /jointset/acromial_l/arm_rot_l/value
y[65] = /jointset/acromial_l/arm_rot_l/speed
y[66] = /jointset/elbow_l/elbow_flex_l/value
y[67] = /jointset/elbow_l/elbow_flex_l/speed
y[68] = /jointset/radioulnar_l/pro_sup_l/value
y[69] = /jointset/radioulnar_l/pro_sup_l/speed
y[70] = /jointset/radius_hand_l/wrist_flex_l/value
y[71] = /jointset/radius_hand_l/wrist_flex_l/speed
y[72] = /jointset/radius_hand_l/wrist_dev_l/value
y[73] = /jointset/radius_hand_l/wrist_dev_l/speed

[2023-08-15 22:03:16.896] [warning] Coordinate.setValue:  coordinate subtalar_angle_r is locked. Unable to change its value.
[2023-08-15 22:03:16.896] [warning] Coordinate.setValue:  coordinate mtp_angle_r is locked. Unable to change its value.
[2023-08-15 22:03:16.896] [warning] Coordinate.setValue:  coordinate subtalar_angle_l is locked. Unable to change its value.
[2023-08-15 22:03:16.897] [warning] Coordinate.setValue:  coordinate mtp_angle_l is locked. Unable to change its value.
[2023-08-15 22:03:16.897] [warning] Coordinate.setValue:  coordinate wrist_flex_r is locked. Unable to change its value.
[2023-08-15 22:03:16.897] [warning] Coordinate.setValue:  coordinate wrist_dev_r is locked. Unable to change its value.
[2023-08-15 22:03:16.897] [warning] Coordinate.setValue:  coordinate wrist_flex_l is locked. Unable to change its value.
[2023-08-15 22:03:16.897] [warning] Coordinate.setValue:  coordinate wrist_dev_l is locked. Unable to change its value.
[2023-08-15 22:03:16.957] [info] Requested COM adjustment time range 0.1625 to 0.81363, clamped to nearest available data times: 0.1625 to 0.81363.
[2023-08-15 22:03:16.957] [info] Computing average residuals between 0.1625 and 0.81363...
[2023-08-15 22:03:17.007] [info] ExternalForce::externalforce Data source being set to Run_500 02_newCOP3_v24.mot
[2023-08-15 22:03:17.007] [info] ExternalForce::externalforce_0 Data source being set to Run_500 02_newCOP3_v24.mot
[2023-08-15 22:03:17.044] [info] ExternalForce::externalforce Data source being set to Run_500 02_newCOP3_v24.mot
[2023-08-15 22:03:17.044] [info] ExternalForce::externalforce_0 Data source being set to Run_500 02_newCOP3_v24.mot
[2023-08-15 22:03:20.132] [info] ExternalForce::externalforce Data source being set to Run_500 02_newCOP3_v24.mot
[2023-08-15 22:03:20.132] [info] ExternalForce::externalforce_0 Data source being set to Run_500 02_newCOP3_v24.mot
[2023-08-15 22:03:20.135] [info] Computing average residuals between 0.1625 and 0.81363...
[2023-08-15 22:03:20.185] [info] ExternalForce::externalforce Data source being set to Run_500 02_newCOP3_v24.mot
[2023-08-15 22:03:20.185] [info] ExternalForce::externalforce_0 Data source being set to Run_500 02_newCOP3_v24.mot
[2023-08-15 22:03:20.223] [info] ExternalForce::externalforce Data source being set to Run_500 02_newCOP3_v24.mot
[2023-08-15 22:03:20.224] [info] ExternalForce::externalforce_0 Data source being set to Run_500 02_newCOP3_v24.mot
[2023-08-15 22:03:23.044] [info] Constructing function set for tracking desired kinematics...
[2023-08-15 22:03:23.617] [warning] No Actuation analysis found in analysis set, adding one...
[2023-08-15 22:03:23.617] [warning] No Kinematics analysis found in analysis set, adding one...
[2023-08-15 22:03:23.619] [info] Using the generalized coordinates specified in '..\rra2\cycle1\subject02_run5_cycle1_iter2_Kinematics_q.sto' to set the initial configuration.
[2023-08-15 22:03:23.754] [info] Using IPOPT optimizer algorithm.
[2023-08-15 22:03:23.754] [info] Setting optimizer print level to 0.
[2023-08-15 22:03:23.754] [info] Setting optimizer convergence tolerance to 1.0e-05.
[2023-08-15 22:03:23.754] [info] Setting optimizer maximum iterations to 2000.
[2023-08-15 22:03:23.754] [info] Setting cmc controller to not use verbose printing.

[2023-08-15 22:03:23.755] [info] CMC::computeControls, t = 0.1625
[2023-08-15 22:03:24.327] [info] --------------------------------------------
[2023-08-15 22:03:24.327] [info] Using CMC to track the specified kinematics:
[2023-08-15 22:03:24.327] [info] --------------------------------------------
[2023-08-15 22:03:24.327] [info]  -- Integrating from 0.1625 to 0.81363
[2023-08-15 22:03:24.327] [info]  -- Start time = Tue Aug 15 22:03:24 2023
[2023-08-15 22:03:24.327] [info] --------------------------------------------
[2023-08-15 22:03:24.328] [info] 
[2023-08-15 22:03:24.332] [info] CMC::computeControls, t = 0.1625
[2023-08-15 22:03:24.358] [info] CMC::computeControls, t = 0.1635
[2023-08-15 22:03:24.358] [warning] Coordinate.setValue:  coordinate subtalar_angle_r is locked. Unable to change its value.
[2023-08-15 22:03:24.358] [warning] Coordinate.setValue:  coordinate mtp_angle_r is locked. Unable to change its value.
[2023-08-15 22:03:24.358] [warning] Coordinate.setValue:  coordinate subtalar_angle_l is locked. Unable to change its value.
[2023-08-15 22:03:24.359] [warning] Coordinate.setValue:  coordinate mtp_angle_l is locked. Unable to change its value.
[2023-08-15 22:03:24.359] [warning] Coordinate.setValue:  coordinate wrist_flex_r is locked. Unable to change its value.
[2023-08-15 22:03:24.359] [warning] Coordinate.setValue:  coordinate wrist_dev_r is locked. Unable to change its value.
[2023-08-15 22:03:24.359] [warning] Coordinate.setValue:  coordinate wrist_flex_l is locked. Unable to change its value.
[2023-08-15 22:03:24.359] [warning] Coordinate.setValue:  coordinate wrist_dev_l is locked. Unable to change its value.
[2023-08-15 22:03:24.380] [info] CMC::computeControls, t = 0.1645
[2023-08-15 22:03:24.401] [info] CMC::computeControls, t = 0.1655
[2023-08-15 22:03:24.422] [info] CMC::computeControls, t = 0.1665
[2023-08-15 22:03:24.442] [info] CMC::computeControls, t = 0.1675
[2023-08-15 22:03:24.461] [info] CMC::computeControls, t = 0.1685
[2023-08-15 22:03:24.484] [info] CMC::computeControls, t = 0.1695
[2023-08-15 22:03:24.503] [info] CMC::computeControls, t = 0.170500
[2023-08-15 22:03:24.523] [info] CMC::computeControls, t = 0.1715
[2023-08-15 22:03:24.542] [info] CMC::computeControls, t = 0.1725
[2023-08-15 22:03:24.560] [info] CMC::computeControls, t = 0.1735
[2023-08-15 22:03:24.579] [info] CMC::computeControls, t = 0.1745
[2023-08-15 22:03:24.597] [info] CMC::computeControls, t = 0.1755
[2023-08-15 22:03:24.617] [info] CMC::computeControls, t = 0.1765
[2023-08-15 22:03:24.635] [info] CMC::computeControls, t = 0.1775
[2023-08-15 22:03:24.653] [info] CMC::computeControls, t = 0.1785
[2023-08-15 22:03:24.671] [info] CMC::computeControls, t = 0.1795
[2023-08-15 22:03:24.689] [info] CMC::computeControls, t = 0.180500
[2023-08-15 22:03:24.707] [info] CMC::computeControls, t = 0.1815
[2023-08-15 22:03:24.725] [info] CMC::computeControls, t = 0.1825
[2023-08-15 22:03:24.743] [info] CMC::computeControls, t = 0.1835
[2023-08-15 22:03:24.762] [info] CMC::computeControls, t = 0.1845
[2023-08-15 22:03:24.780] [info] CMC::computeControls, t = 0.1855
[2023-08-15 22:03:24.798] [info] CMC::computeControls, t = 0.1865
[2023-08-15 22:03:24.817] [info] CMC::computeControls, t = 0.1875
[2023-08-15 22:03:24.835] [info] CMC::computeControls, t = 0.1885
[2023-08-15 22:03:24.852] [info] CMC::computeControls, t = 0.1895
[2023-08-15 22:03:24.870] [info] CMC::computeControls, t = 0.190500
[2023-08-15 22:03:24.888] [info] CMC::computeControls, t = 0.1915
[2023-08-15 22:03:24.906] [info] CMC::computeControls, t = 0.1925
[2023-08-15 22:03:24.924] [info] CMC::computeControls, t = 0.1935
[2023-08-15 22:03:24.942] [info] CMC::computeControls, t = 0.1945
[2023-08-15 22:03:24.959] [info] CMC::computeControls, t = 0.1955
[2023-08-15 22:03:24.977] [info] CMC::computeControls, t = 0.1965
[2023-08-15 22:03:24.996] [info] CMC::computeControls, t = 0.1975
[2023-08-15 22:03:25.013] [info] CMC::computeControls, t = 0.1985
[2023-08-15 22:03:25.032] [info] CMC::computeControls, t = 0.1995
[2023-08-15 22:03:25.049] [info] CMC::computeControls, t = 0.200500
[2023-08-15 22:03:25.067] [info] CMC::computeControls, t = 0.201500
[2023-08-15 22:03:25.090] [info] CMC::computeControls, t = 0.202500
[2023-08-15 22:03:25.107] [info] CMC::computeControls, t = 0.203500
[2023-08-15 22:03:25.124] [info] CMC::computeControls, t = 0.204500
[2023-08-15 22:03:25.140] [info] CMC::computeControls, t = 0.205500
[2023-08-15 22:03:25.156] [info] CMC::computeControls, t = 0.206500
[2023-08-15 22:03:25.173] [info] CMC::computeControls, t = 0.207500
[2023-08-15 22:03:25.190] [info] CMC::computeControls, t = 0.208500
[2023-08-15 22:03:25.206] [info] CMC::computeControls, t = 0.209500
[2023-08-15 22:03:25.223] [info] CMC::computeControls, t = 0.210500
[2023-08-15 22:03:25.239] [info] CMC::computeControls, t = 0.2115
[2023-08-15 22:03:25.256] [info] CMC::computeControls, t = 0.2125
[2023-08-15 22:03:25.272] [info] CMC::computeControls, t = 0.2135
[2023-08-15 22:03:25.289] [info] CMC::computeControls, t = 0.2145
[2023-08-15 22:03:25.305] [info] CMC::computeControls, t = 0.2155
[2023-08-15 22:03:25.324] [info] CMC::computeControls, t = 0.2165
[2023-08-15 22:03:25.340] [info] CMC::computeControls, t = 0.2175
[2023-08-15 22:03:25.357] [info] CMC::computeControls, t = 0.2185
[2023-08-15 22:03:25.373] [info] CMC::computeControls, t = 0.2195
[2023-08-15 22:03:25.390] [info] CMC::computeControls, t = 0.220500
[2023-08-15 22:03:25.406] [info] CMC::computeControls, t = 0.2215
[2023-08-15 22:03:25.422] [info] CMC::computeControls, t = 0.2225
[2023-08-15 22:03:25.439] [info] CMC::computeControls, t = 0.2235
[2023-08-15 22:03:25.456] [info] CMC::computeControls, t = 0.2245
[2023-08-15 22:03:25.472] [info] CMC::computeControls, t = 0.2255
[2023-08-15 22:03:25.489] [info] CMC::computeControls, t = 0.2265
[2023-08-15 22:03:25.508] [info] CMC::computeControls, t = 0.2275
[2023-08-15 22:03:25.525] [info] CMC::computeControls, t = 0.2285
[2023-08-15 22:03:25.541] [info] CMC::computeControls, t = 0.2295
[2023-08-15 22:03:25.558] [info] CMC::computeControls, t = 0.230500
[2023-08-15 22:03:25.575] [info] CMC::computeControls, t = 0.2315
[2023-08-15 22:03:25.591] [info] CMC::computeControls, t = 0.2325
[2023-08-15 22:03:25.608] [info] CMC::computeControls, t = 0.2335
[2023-08-15 22:03:25.624] [info] CMC::computeControls, t = 0.2345
[2023-08-15 22:03:25.640] [info] CMC::computeControls, t = 0.2355
[2023-08-15 22:03:25.657] [info] CMC::computeControls, t = 0.2365
[2023-08-15 22:03:25.673] [info] CMC::computeControls, t = 0.2375
[2023-08-15 22:03:25.689] [info] CMC::computeControls, t = 0.2385
[2023-08-15 22:03:25.706] [info] CMC::computeControls, t = 0.2395
[2023-08-15 22:03:25.722] [info] CMC::computeControls, t = 0.240500
[2023-08-15 22:03:25.738] [info] CMC::computeControls, t = 0.2415
[2023-08-15 22:03:25.755] [info] CMC::computeControls, t = 0.2425
[2023-08-15 22:03:25.771] [info] CMC::computeControls, t = 0.2435
[2023-08-15 22:03:25.788] [info] CMC::computeControls, t = 0.2445
[2023-08-15 22:03:25.807] [info] CMC::computeControls, t = 0.2455
[2023-08-15 22:03:25.823] [info] CMC::computeControls, t = 0.2465
[2023-08-15 22:03:25.839] [info] CMC::computeControls, t = 0.2475
[2023-08-15 22:03:25.856] [info] CMC::computeControls, t = 0.2485
[2023-08-15 22:03:25.872] [info] CMC::computeControls, t = 0.2495
[2023-08-15 22:03:25.888] [info] CMC::computeControls, t = 0.250500
[2023-08-15 22:03:25.904] [info] CMC::computeControls, t = 0.2515
[2023-08-15 22:03:25.920] [info] CMC::computeControls, t = 0.2525
[2023-08-15 22:03:25.937] [info] CMC::computeControls, t = 0.2535
[2023-08-15 22:03:25.956] [info] CMC::computeControls, t = 0.2545
[2023-08-15 22:03:25.972] [info] CMC::computeControls, t = 0.2555
[2023-08-15 22:03:25.988] [info] CMC::computeControls, t = 0.2565
[2023-08-15 22:03:26.004] [info] CMC::computeControls, t = 0.2575
[2023-08-15 22:03:26.021] [info] CMC::computeControls, t = 0.2585
[2023-08-15 22:03:26.037] [info] CMC::computeControls, t = 0.2595
[2023-08-15 22:03:26.054] [info] CMC::computeControls, t = 0.260500
[2023-08-15 22:03:26.070] [info] CMC::computeControls, t = 0.2615
[2023-08-15 22:03:26.086] [info] CMC::computeControls, t = 0.2625
[2023-08-15 22:03:26.104] [info] CMC::computeControls, t = 0.2635
[2023-08-15 22:03:26.124] [info] CMC::computeControls, t = 0.2645
[2023-08-15 22:03:26.142] [info] CMC::computeControls, t = 0.2655
[2023-08-15 22:03:26.161] [info] CMC::computeControls, t = 0.2665
[2023-08-15 22:03:26.179] [info] CMC::computeControls, t = 0.2675
[2023-08-15 22:03:26.197] [info] CMC::computeControls, t = 0.2685
[2023-08-15 22:03:26.216] [info] CMC::computeControls, t = 0.2695
[2023-08-15 22:03:26.234] [info] CMC::computeControls, t = 0.270500
[2023-08-15 22:03:26.251] [info] CMC::computeControls, t = 0.2715
[2023-08-15 22:03:26.269] [info] CMC::computeControls, t = 0.2725
[2023-08-15 22:03:26.288] [info] CMC::computeControls, t = 0.2735
[2023-08-15 22:03:26.308] [info] CMC::computeControls, t = 0.2745
[2023-08-15 22:03:26.326] [info] CMC::computeControls, t = 0.2755
[2023-08-15 22:03:26.344] [info] CMC::computeControls, t = 0.2765
[2023-08-15 22:03:26.362] [info] CMC::computeControls, t = 0.2775
[2023-08-15 22:03:26.380] [info] CMC::computeControls, t = 0.2785
[2023-08-15 22:03:26.401] [info] CMC::computeControls, t = 0.2795
[2023-08-15 22:03:26.420] [info] CMC::computeControls, t = 0.280500
[2023-08-15 22:03:26.438] [info] CMC::computeControls, t = 0.2815
[2023-08-15 22:03:26.457] [info] CMC::computeControls, t = 0.2825
[2023-08-15 22:03:26.475] [info] CMC::computeControls, t = 0.2835
[2023-08-15 22:03:26.493] [info] CMC::computeControls, t = 0.2845
[2023-08-15 22:03:26.512] [info] CMC::computeControls, t = 0.2855
[2023-08-15 22:03:26.530] [info] CMC::computeControls, t = 0.2865
[2023-08-15 22:03:26.547] [info] CMC::computeControls, t = 0.2875
[2023-08-15 22:03:26.564] [info] CMC::computeControls, t = 0.2885
[2023-08-15 22:03:26.581] [info] CMC::computeControls, t = 0.2895
[2023-08-15 22:03:26.603] [info] CMC::computeControls, t = 0.290500
[2023-08-15 22:03:26.620] [info] CMC::computeControls, t = 0.2915
[2023-08-15 22:03:26.637] [info] CMC::computeControls, t = 0.2925
[2023-08-15 22:03:26.654] [info] CMC::computeControls, t = 0.2935
[2023-08-15 22:03:26.671] [info] CMC::computeControls, t = 0.2945
[2023-08-15 22:03:26.691] [info] CMC::computeControls, t = 0.2955
[2023-08-15 22:03:26.708] [info] CMC::computeControls, t = 0.2965
[2023-08-15 22:03:26.725] [info] CMC::computeControls, t = 0.2975
[2023-08-15 22:03:26.741] [info] CMC::computeControls, t = 0.2985
[2023-08-15 22:03:26.757] [info] CMC::computeControls, t = 0.2995
[2023-08-15 22:03:26.774] [info] CMC::computeControls, t = 0.300500
[2023-08-15 22:03:26.791] [info] CMC::computeControls, t = 0.301500
[2023-08-15 22:03:26.807] [info] CMC::computeControls, t = 0.302500
[2023-08-15 22:03:26.827] [info] CMC::computeControls, t = 0.303500
[2023-08-15 22:03:26.844] [info] CMC::computeControls, t = 0.304500
[2023-08-15 22:03:26.860] [info] CMC::computeControls, t = 0.305500
[2023-08-15 22:03:26.877] [info] CMC::computeControls, t = 0.306500
[2023-08-15 22:03:26.894] [info] CMC::computeControls, t = 0.307500
[2023-08-15 22:03:26.911] [info] CMC::computeControls, t = 0.308500
[2023-08-15 22:03:26.927] [info] CMC::computeControls, t = 0.309500
[2023-08-15 22:03:26.944] [info] CMC::computeControls, t = 0.310500
[2023-08-15 22:03:26.961] [info] CMC::computeControls, t = 0.3115
[2023-08-15 22:03:26.978] [info] CMC::computeControls, t = 0.3125
[2023-08-15 22:03:26.995] [info] CMC::computeControls, t = 0.3135
[2023-08-15 22:03:27.011] [info] CMC::computeControls, t = 0.3145
[2023-08-15 22:03:27.028] [info] CMC::computeControls, t = 0.3155
[2023-08-15 22:03:27.045] [info] CMC::computeControls, t = 0.3165
[2023-08-15 22:03:27.062] [info] CMC::computeControls, t = 0.3175
[2023-08-15 22:03:27.078] [info] CMC::computeControls, t = 0.3185
[2023-08-15 22:03:27.094] [info] CMC::computeControls, t = 0.3195
[2023-08-15 22:03:27.111] [info] CMC::computeControls, t = 0.320500
[2023-08-15 22:03:27.128] [info] CMC::computeControls, t = 0.3215
[2023-08-15 22:03:27.144] [info] CMC::computeControls, t = 0.3225
[2023-08-15 22:03:27.159] [info] CMC::computeControls, t = 0.3235
[2023-08-15 22:03:27.175] [info] CMC::computeControls, t = 0.3245
[2023-08-15 22:03:27.190] [info] CMC::computeControls, t = 0.3255
[2023-08-15 22:03:27.206] [info] CMC::computeControls, t = 0.3265
[2023-08-15 22:03:27.230] [info] CMC::computeControls, t = 0.3275
[2023-08-15 22:03:27.246] [info] CMC::computeControls, t = 0.3285
[2023-08-15 22:03:27.262] [info] CMC::computeControls, t = 0.3295
[2023-08-15 22:03:27.277] [info] CMC::computeControls, t = 0.330500
[2023-08-15 22:03:27.293] [info] CMC::computeControls, t = 0.3315
[2023-08-15 22:03:27.311] [info] CMC::computeControls, t = 0.3325
[2023-08-15 22:03:27.326] [info] CMC::computeControls, t = 0.3335
[2023-08-15 22:03:27.342] [info] CMC::computeControls, t = 0.3345
[2023-08-15 22:03:27.357] [info] CMC::computeControls, t = 0.3355
[2023-08-15 22:03:27.373] [info] CMC::computeControls, t = 0.3365
[2023-08-15 22:03:27.388] [info] CMC::computeControls, t = 0.3375
[2023-08-15 22:03:27.404] [info] CMC::computeControls, t = 0.3385
[2023-08-15 22:03:27.420] [info] CMC::computeControls, t = 0.3395
[2023-08-15 22:03:27.435] [info] CMC::computeControls, t = 0.340500
[2023-08-15 22:03:27.451] [info] CMC::computeControls, t = 0.3415
[2023-08-15 22:03:27.466] [info] CMC::computeControls, t = 0.3425
[2023-08-15 22:03:27.482] [info] CMC::computeControls, t = 0.3435
[2023-08-15 22:03:27.499] [info] CMC::computeControls, t = 0.3445
[2023-08-15 22:03:27.514] [info] CMC::computeControls, t = 0.3455
[2023-08-15 22:03:27.530] [info] CMC::computeControls, t = 0.3465
[2023-08-15 22:03:27.545] [info] CMC::computeControls, t = 0.3475
[2023-08-15 22:03:27.561] [info] CMC::computeControls, t = 0.3485
[2023-08-15 22:03:27.577] [info] CMC::computeControls, t = 0.3495
[2023-08-15 22:03:27.593] [info] CMC::computeControls, t = 0.350500
[2023-08-15 22:03:27.608] [info] CMC::computeControls, t = 0.3515
[2023-08-15 22:03:27.624] [info] CMC::computeControls, t = 0.3525
[2023-08-15 22:03:27.639] [info] CMC::computeControls, t = 0.3535
[2023-08-15 22:03:27.657] [info] CMC::computeControls, t = 0.3545
[2023-08-15 22:03:27.673] [info] CMC::computeControls, t = 0.3555
[2023-08-15 22:03:27.688] [info] CMC::computeControls, t = 0.3565
[2023-08-15 22:03:27.704] [info] CMC::computeControls, t = 0.3575
[2023-08-15 22:03:27.720] [info] CMC::computeControls, t = 0.3585
[2023-08-15 22:03:27.735] [info] CMC::computeControls, t = 0.3595
[2023-08-15 22:03:27.751] [info] CMC::computeControls, t = 0.360500
[2023-08-15 22:03:27.770] [info] CMC::computeControls, t = 0.3615
[2023-08-15 22:03:27.786] [info] CMC::computeControls, t = 0.3625
[2023-08-15 22:03:27.801] [info] CMC::computeControls, t = 0.3635
[2023-08-15 22:03:27.818] [info] CMC::computeControls, t = 0.3645
[2023-08-15 22:03:27.834] [info] CMC::computeControls, t = 0.3655
[2023-08-15 22:03:27.849] [info] CMC::computeControls, t = 0.3665
[2023-08-15 22:03:27.865] [info] CMC::computeControls, t = 0.3675
[2023-08-15 22:03:27.881] [info] CMC::computeControls, t = 0.3685
[2023-08-15 22:03:27.897] [info] CMC::computeControls, t = 0.3695
[2023-08-15 22:03:27.913] [info] CMC::computeControls, t = 0.370500
[2023-08-15 22:03:27.929] [info] CMC::computeControls, t = 0.3715
[2023-08-15 22:03:27.945] [info] CMC::computeControls, t = 0.3725
[2023-08-15 22:03:27.961] [info] CMC::computeControls, t = 0.3735
[2023-08-15 22:03:27.977] [info] CMC::computeControls, t = 0.3745
[2023-08-15 22:03:27.993] [info] CMC::computeControls, t = 0.3755
[2023-08-15 22:03:28.009] [info] CMC::computeControls, t = 0.3765
[2023-08-15 22:03:28.026] [info] CMC::computeControls, t = 0.3775
[2023-08-15 22:03:28.042] [info] CMC::computeControls, t = 0.3785
[2023-08-15 22:03:28.058] [info] CMC::computeControls, t = 0.3795
[2023-08-15 22:03:28.074] [info] CMC::computeControls, t = 0.380500
[2023-08-15 22:03:28.089] [info] CMC::computeControls, t = 0.3815
[2023-08-15 22:03:28.104] [info] CMC::computeControls, t = 0.3825
[2023-08-15 22:03:28.118] [info] CMC::computeControls, t = 0.3835
[2023-08-15 22:03:28.134] [info] CMC::computeControls, t = 0.3845
[2023-08-15 22:03:28.149] [info] CMC::computeControls, t = 0.3855
[2023-08-15 22:03:28.163] [info] CMC::computeControls, t = 0.3865
[2023-08-15 22:03:28.178] [info] CMC::computeControls, t = 0.3875
[2023-08-15 22:03:28.193] [info] CMC::computeControls, t = 0.3885
[2023-08-15 22:03:28.208] [info] CMC::computeControls, t = 0.3895
[2023-08-15 22:03:28.226] [info] CMC::computeControls, t = 0.390500
[2023-08-15 22:03:28.242] [info] CMC::computeControls, t = 0.3915
[2023-08-15 22:03:28.257] [info] CMC::computeControls, t = 0.3925
[2023-08-15 22:03:28.273] [info] CMC::computeControls, t = 0.3935
[2023-08-15 22:03:28.288] [info] CMC::computeControls, t = 0.3945
[2023-08-15 22:03:28.303] [info] CMC::computeControls, t = 0.3955
[2023-08-15 22:03:28.319] [info] CMC::computeControls, t = 0.3965
[2023-08-15 22:03:28.335] [info] CMC::computeControls, t = 0.3975
[2023-08-15 22:03:28.350] [info] CMC::computeControls, t = 0.3985
[2023-08-15 22:03:28.366] [info] CMC::computeControls, t = 0.3995
[2023-08-15 22:03:28.381] [info] CMC::computeControls, t = 0.400500
[2023-08-15 22:03:28.397] [info] CMC::computeControls, t = 0.401500
[2023-08-15 22:03:28.412] [info] CMC::computeControls, t = 0.402500
[2023-08-15 22:03:28.428] [info] CMC::computeControls, t = 0.403500
[2023-08-15 22:03:28.443] [info] CMC::computeControls, t = 0.404500
[2023-08-15 22:03:28.459] [info] CMC::computeControls, t = 0.405500
[2023-08-15 22:03:28.474] [info] CMC::computeControls, t = 0.406500
[2023-08-15 22:03:28.490] [info] CMC::computeControls, t = 0.407500
[2023-08-15 22:03:28.505] [info] CMC::computeControls, t = 0.408500
[2023-08-15 22:03:28.521] [info] CMC::computeControls, t = 0.409500
[2023-08-15 22:03:28.537] [info] CMC::computeControls, t = 0.410500
[2023-08-15 22:03:28.552] [info] CMC::computeControls, t = 0.4115
[2023-08-15 22:03:28.567] [info] CMC::computeControls, t = 0.4125
[2023-08-15 22:03:28.583] [info] CMC::computeControls, t = 0.4135
[2023-08-15 22:03:28.599] [info] CMC::computeControls, t = 0.4145
[2023-08-15 22:03:28.614] [info] CMC::computeControls, t = 0.4155
[2023-08-15 22:03:28.632] [info] CMC::computeControls, t = 0.4165
[2023-08-15 22:03:28.649] [info] CMC::computeControls, t = 0.4175
[2023-08-15 22:03:28.667] [info] CMC::computeControls, t = 0.4185
[2023-08-15 22:03:28.690] [info] CMC::computeControls, t = 0.4195
[2023-08-15 22:03:28.707] [info] CMC::computeControls, t = 0.420500
[2023-08-15 22:03:28.724] [info] CMC::computeControls, t = 0.4215
[2023-08-15 22:03:28.740] [info] CMC::computeControls, t = 0.4225
[2023-08-15 22:03:28.755] [info] CMC::computeControls, t = 0.4235
[2023-08-15 22:03:28.770] [info] CMC::computeControls, t = 0.4245
[2023-08-15 22:03:28.785] [info] CMC::computeControls, t = 0.4255
[2023-08-15 22:03:28.801] [info] CMC::computeControls, t = 0.4265
[2023-08-15 22:03:28.816] [info] CMC::computeControls, t = 0.4275
[2023-08-15 22:03:28.832] [info] CMC::computeControls, t = 0.4285
[2023-08-15 22:03:28.850] [info] CMC::computeControls, t = 0.4295
[2023-08-15 22:03:28.868] [info] CMC::computeControls, t = 0.430500
[2023-08-15 22:03:28.892] [info] CMC::computeControls, t = 0.4315
[2023-08-15 22:03:28.908] [info] CMC::computeControls, t = 0.4325
[2023-08-15 22:03:28.924] [info] CMC::computeControls, t = 0.4335
[2023-08-15 22:03:28.941] [info] CMC::computeControls, t = 0.4345
[2023-08-15 22:03:28.958] [info] CMC::computeControls, t = 0.4355
[2023-08-15 22:03:28.975] [info] CMC::computeControls, t = 0.4365
[2023-08-15 22:03:28.993] [info] CMC::computeControls, t = 0.4375
[2023-08-15 22:03:29.012] [info] CMC::computeControls, t = 0.4385
[2023-08-15 22:03:29.036] [info] CMC::computeControls, t = 0.4395
[2023-08-15 22:03:29.059] [info] CMC::computeControls, t = 0.440500
[2023-08-15 22:03:29.080] [info] CMC::computeControls, t = 0.4415
[2023-08-15 22:03:29.099] [info] CMC::computeControls, t = 0.4425
[2023-08-15 22:03:29.115] [info] CMC::computeControls, t = 0.4435
[2023-08-15 22:03:29.134] [info] CMC::computeControls, t = 0.4445
[2023-08-15 22:03:29.150] [info] CMC::computeControls, t = 0.4455
[2023-08-15 22:03:29.172] [info] CMC::computeControls, t = 0.4465
[2023-08-15 22:03:29.187] [info] CMC::computeControls, t = 0.4475
[2023-08-15 22:03:29.206] [info] CMC::computeControls, t = 0.4485
[2023-08-15 22:03:29.223] [info] CMC::computeControls, t = 0.4495
[2023-08-15 22:03:29.240] [info] CMC::computeControls, t = 0.450500
[2023-08-15 22:03:29.256] [info] CMC::computeControls, t = 0.4515
[2023-08-15 22:03:29.272] [info] CMC::computeControls, t = 0.4525
[2023-08-15 22:03:29.288] [info] CMC::computeControls, t = 0.4535
[2023-08-15 22:03:29.304] [info] CMC::computeControls, t = 0.4545
[2023-08-15 22:03:29.320] [info] CMC::computeControls, t = 0.4555
[2023-08-15 22:03:29.335] [info] CMC::computeControls, t = 0.4565
[2023-08-15 22:03:29.351] [info] CMC::computeControls, t = 0.4575
[2023-08-15 22:03:29.367] [info] CMC::computeControls, t = 0.4585
[2023-08-15 22:03:29.382] [info] CMC::computeControls, t = 0.4595
[2023-08-15 22:03:29.398] [info] CMC::computeControls, t = 0.460500
[2023-08-15 22:03:29.419] [info] CMC::computeControls, t = 0.4615
[2023-08-15 22:03:29.435] [info] CMC::computeControls, t = 0.4625
[2023-08-15 22:03:29.450] [info] CMC::computeControls, t = 0.4635
[2023-08-15 22:03:29.466] [info] CMC::computeControls, t = 0.4645
[2023-08-15 22:03:29.482] [info] CMC::computeControls, t = 0.4655
[2023-08-15 22:03:29.497] [info] CMC::computeControls, t = 0.4665
[2023-08-15 22:03:29.513] [info] CMC::computeControls, t = 0.4675
[2023-08-15 22:03:29.529] [info] CMC::computeControls, t = 0.4685
[2023-08-15 22:03:29.545] [info] CMC::computeControls, t = 0.4695
[2023-08-15 22:03:29.561] [info] CMC::computeControls, t = 0.470500
[2023-08-15 22:03:29.576] [info] CMC::computeControls, t = 0.4715
[2023-08-15 22:03:29.593] [info] CMC::computeControls, t = 0.4725
[2023-08-15 22:03:29.614] [info] CMC::computeControls, t = 0.4735
[2023-08-15 22:03:29.630] [info] CMC::computeControls, t = 0.4745
[2023-08-15 22:03:29.646] [info] CMC::computeControls, t = 0.4755
[2023-08-15 22:03:29.662] [info] CMC::computeControls, t = 0.4765
[2023-08-15 22:03:29.678] [info] CMC::computeControls, t = 0.4775
[2023-08-15 22:03:29.694] [info] CMC::computeControls, t = 0.4785
[2023-08-15 22:03:29.709] [info] CMC::computeControls, t = 0.4795
[2023-08-15 22:03:29.725] [info] CMC::computeControls, t = 0.480500
[2023-08-15 22:03:29.741] [info] CMC::computeControls, t = 0.4815
[2023-08-15 22:03:29.756] [info] CMC::computeControls, t = 0.4825
[2023-08-15 22:03:29.772] [info] CMC::computeControls, t = 0.4835
[2023-08-15 22:03:29.788] [info] CMC::computeControls, t = 0.4845
[2023-08-15 22:03:29.805] [info] CMC::computeControls, t = 0.4855
[2023-08-15 22:03:29.823] [info] CMC::computeControls, t = 0.4865
[2023-08-15 22:03:29.841] [info] CMC::computeControls, t = 0.4875
[2023-08-15 22:03:29.861] [info] CMC::computeControls, t = 0.4885
[2023-08-15 22:03:29.879] [info] CMC::computeControls, t = 0.4895
[2023-08-15 22:03:29.896] [info] CMC::computeControls, t = 0.490500
[2023-08-15 22:03:29.914] [info] CMC::computeControls, t = 0.4915
[2023-08-15 22:03:29.930] [info] CMC::computeControls, t = 0.4925
[2023-08-15 22:03:29.946] [info] CMC::computeControls, t = 0.4935
[2023-08-15 22:03:29.962] [info] CMC::computeControls, t = 0.4945
[2023-08-15 22:03:29.977] [info] CMC::computeControls, t = 0.4955
[2023-08-15 22:03:29.993] [info] CMC::computeControls, t = 0.4965
[2023-08-15 22:03:30.009] [info] CMC::computeControls, t = 0.4975
[2023-08-15 22:03:30.025] [info] CMC::computeControls, t = 0.4985
[2023-08-15 22:03:30.042] [info] CMC::computeControls, t = 0.4995
[2023-08-15 22:03:30.058] [info] CMC::computeControls, t = 0.500500
[2023-08-15 22:03:30.075] [info] CMC::computeControls, t = 0.501500
[2023-08-15 22:03:30.092] [info] CMC::computeControls, t = 0.502500
[2023-08-15 22:03:30.108] [info] CMC::computeControls, t = 0.503500
[2023-08-15 22:03:30.124] [info] CMC::computeControls, t = 0.504500
[2023-08-15 22:03:30.143] [info] CMC::computeControls, t = 0.505500
[2023-08-15 22:03:30.160] [info] CMC::computeControls, t = 0.506500
[2023-08-15 22:03:30.176] [info] CMC::computeControls, t = 0.507500
[2023-08-15 22:03:30.192] [info] CMC::computeControls, t = 0.508500
[2023-08-15 22:03:30.208] [info] CMC::computeControls, t = 0.509500
[2023-08-15 22:03:30.224] [info] CMC::computeControls, t = 0.510500
[2023-08-15 22:03:30.240] [info] CMC::computeControls, t = 0.5115
[2023-08-15 22:03:30.256] [info] CMC::computeControls, t = 0.5125
[2023-08-15 22:03:30.272] [info] CMC::computeControls, t = 0.5135
[2023-08-15 22:03:30.288] [info] CMC::computeControls, t = 0.5145
[2023-08-15 22:03:30.304] [info] CMC::computeControls, t = 0.5155
[2023-08-15 22:03:30.320] [info] CMC::computeControls, t = 0.5165
[2023-08-15 22:03:30.337] [info] CMC::computeControls, t = 0.5175
[2023-08-15 22:03:30.353] [info] CMC::computeControls, t = 0.5185
[2023-08-15 22:03:30.371] [info] CMC::computeControls, t = 0.5195
[2023-08-15 22:03:30.388] [info] CMC::computeControls, t = 0.520500
[2023-08-15 22:03:30.404] [info] CMC::computeControls, t = 0.5215
[2023-08-15 22:03:30.420] [info] CMC::computeControls, t = 0.5225
[2023-08-15 22:03:30.435] [info] CMC::computeControls, t = 0.5235
[2023-08-15 22:03:30.452] [info] CMC::computeControls, t = 0.5245
[2023-08-15 22:03:30.473] [info] CMC::computeControls, t = 0.5255
[2023-08-15 22:03:30.489] [info] CMC::computeControls, t = 0.5265
[2023-08-15 22:03:30.505] [info] CMC::computeControls, t = 0.5275
[2023-08-15 22:03:30.521] [info] CMC::computeControls, t = 0.5285
[2023-08-15 22:03:30.538] [info] CMC::computeControls, t = 0.5295
[2023-08-15 22:03:30.555] [info] CMC::computeControls, t = 0.530500
[2023-08-15 22:03:30.572] [info] CMC::computeControls, t = 0.5315
[2023-08-15 22:03:30.588] [info] CMC::computeControls, t = 0.5325
[2023-08-15 22:03:30.604] [info] CMC::computeControls, t = 0.5335
[2023-08-15 22:03:30.621] [info] CMC::computeControls, t = 0.5345
[2023-08-15 22:03:30.637] [info] CMC::computeControls, t = 0.5355
[2023-08-15 22:03:30.653] [info] CMC::computeControls, t = 0.5365
[2023-08-15 22:03:30.673] [info] CMC::computeControls, t = 0.5375
[2023-08-15 22:03:30.690] [info] CMC::computeControls, t = 0.5385
[2023-08-15 22:03:30.706] [info] CMC::computeControls, t = 0.5395
[2023-08-15 22:03:30.723] [info] CMC::computeControls, t = 0.540500
[2023-08-15 22:03:30.739] [info] CMC::computeControls, t = 0.5415
[2023-08-15 22:03:30.755] [info] CMC::computeControls, t = 0.5425
[2023-08-15 22:03:30.772] [info] CMC::computeControls, t = 0.5435
[2023-08-15 22:03:30.788] [info] CMC::computeControls, t = 0.5445
[2023-08-15 22:03:30.805] [info] CMC::computeControls, t = 0.5455
[2023-08-15 22:03:30.822] [info] CMC::computeControls, t = 0.5465
[2023-08-15 22:03:30.838] [info] CMC::computeControls, t = 0.5475
[2023-08-15 22:03:30.854] [info] CMC::computeControls, t = 0.5485
[2023-08-15 22:03:30.871] [info] CMC::computeControls, t = 0.5495
[2023-08-15 22:03:30.887] [info] CMC::computeControls, t = 0.550500
[2023-08-15 22:03:30.903] [info] CMC::computeControls, t = 0.5515
[2023-08-15 22:03:30.925] [info] CMC::computeControls, t = 0.5525
[2023-08-15 22:03:30.941] [info] CMC::computeControls, t = 0.5535
[2023-08-15 22:03:30.958] [info] CMC::computeControls, t = 0.5545
[2023-08-15 22:03:30.974] [info] CMC::computeControls, t = 0.5555
[2023-08-15 22:03:30.991] [info] CMC::computeControls, t = 0.5565
[2023-08-15 22:03:31.007] [info] CMC::computeControls, t = 0.5575
[2023-08-15 22:03:31.025] [info] CMC::computeControls, t = 0.5585
[2023-08-15 22:03:31.042] [info] CMC::computeControls, t = 0.5595
[2023-08-15 22:03:31.058] [info] CMC::computeControls, t = 0.560500
[2023-08-15 22:03:31.075] [info] CMC::computeControls, t = 0.5615
[2023-08-15 22:03:31.092] [info] CMC::computeControls, t = 0.5625
[2023-08-15 22:03:31.109] [info] CMC::computeControls, t = 0.5635
[2023-08-15 22:03:31.126] [info] CMC::computeControls, t = 0.5645
[2023-08-15 22:03:31.144] [info] CMC::computeControls, t = 0.5655
[2023-08-15 22:03:31.161] [info] CMC::computeControls, t = 0.5665
[2023-08-15 22:03:31.179] [info] CMC::computeControls, t = 0.5675
[2023-08-15 22:03:31.195] [info] CMC::computeControls, t = 0.5685
[2023-08-15 22:03:31.212] [info] CMC::computeControls, t = 0.5695
[2023-08-15 22:03:31.234] [info] CMC::computeControls, t = 0.570500
[2023-08-15 22:03:31.251] [info] CMC::computeControls, t = 0.5715
[2023-08-15 22:03:31.267] [info] CMC::computeControls, t = 0.5725
[2023-08-15 22:03:31.284] [info] CMC::computeControls, t = 0.5735
[2023-08-15 22:03:31.300] [info] CMC::computeControls, t = 0.5745
[2023-08-15 22:03:31.317] [info] CMC::computeControls, t = 0.5755
[2023-08-15 22:03:31.334] [info] CMC::computeControls, t = 0.5765
[2023-08-15 22:03:31.350] [info] CMC::computeControls, t = 0.5775
[2023-08-15 22:03:31.367] [info] CMC::computeControls, t = 0.5785
[2023-08-15 22:03:31.384] [info] CMC::computeControls, t = 0.5795
[2023-08-15 22:03:31.400] [info] CMC::computeControls, t = 0.580500
[2023-08-15 22:03:31.418] [info] CMC::computeControls, t = 0.5815
[2023-08-15 22:03:31.435] [info] CMC::computeControls, t = 0.5825
[2023-08-15 22:03:31.452] [info] CMC::computeControls, t = 0.5835
[2023-08-15 22:03:31.469] [info] CMC::computeControls, t = 0.5845
[2023-08-15 22:03:31.485] [info] CMC::computeControls, t = 0.5855
[2023-08-15 22:03:31.502] [info] CMC::computeControls, t = 0.5865
[2023-08-15 22:03:31.518] [info] CMC::computeControls, t = 0.5875
[2023-08-15 22:03:31.540] [info] CMC::computeControls, t = 0.5885
[2023-08-15 22:03:31.557] [info] CMC::computeControls, t = 0.5895
[2023-08-15 22:03:31.574] [info] CMC::computeControls, t = 0.590500
[2023-08-15 22:03:31.590] [info] CMC::computeControls, t = 0.5915
[2023-08-15 22:03:31.610] [info] CMC::computeControls, t = 0.5925
[2023-08-15 22:03:31.627] [info] CMC::computeControls, t = 0.5935
[2023-08-15 22:03:31.644] [info] CMC::computeControls, t = 0.5945
[2023-08-15 22:03:31.660] [info] CMC::computeControls, t = 0.5955
[2023-08-15 22:03:31.677] [info] CMC::computeControls, t = 0.5965
[2023-08-15 22:03:31.699] [info] CMC::computeControls, t = 0.5975
[2023-08-15 22:03:31.716] [info] CMC::computeControls, t = 0.5985
[2023-08-15 22:03:31.732] [info] CMC::computeControls, t = 0.5995
[2023-08-15 22:03:31.749] [info] CMC::computeControls, t = 0.600500
[2023-08-15 22:03:31.765] [info] CMC::computeControls, t = 0.601500
[2023-08-15 22:03:31.782] [info] CMC::computeControls, t = 0.602500
[2023-08-15 22:03:31.799] [info] CMC::computeControls, t = 0.603500
[2023-08-15 22:03:31.815] [info] CMC::computeControls, t = 0.604500
[2023-08-15 22:03:31.832] [info] CMC::computeControls, t = 0.605500
[2023-08-15 22:03:31.849] [info] CMC::computeControls, t = 0.606500
[2023-08-15 22:03:31.865] [info] CMC::computeControls, t = 0.607500
[2023-08-15 22:03:31.882] [info] CMC::computeControls, t = 0.608500
[2023-08-15 22:03:31.898] [info] CMC::computeControls, t = 0.609500
[2023-08-15 22:03:31.915] [info] CMC::computeControls, t = 0.610500
[2023-08-15 22:03:31.932] [info] CMC::computeControls, t = 0.6115
[2023-08-15 22:03:31.948] [info] CMC::computeControls, t = 0.6125
[2023-08-15 22:03:31.965] [info] CMC::computeControls, t = 0.6135
[2023-08-15 22:03:31.982] [info] CMC::computeControls, t = 0.6145
[2023-08-15 22:03:31.998] [info] CMC::computeControls, t = 0.6155
[2023-08-15 22:03:32.015] [info] CMC::computeControls, t = 0.6165
[2023-08-15 22:03:32.031] [info] CMC::computeControls, t = 0.6175
[2023-08-15 22:03:32.048] [info] CMC::computeControls, t = 0.6185
[2023-08-15 22:03:32.065] [info] CMC::computeControls, t = 0.6195
[2023-08-15 22:03:32.081] [info] CMC::computeControls, t = 0.620500
[2023-08-15 22:03:32.097] [info] CMC::computeControls, t = 0.6215
[2023-08-15 22:03:32.114] [info] CMC::computeControls, t = 0.6225
[2023-08-15 22:03:32.130] [info] CMC::computeControls, t = 0.6235
[2023-08-15 22:03:32.145] [info] CMC::computeControls, t = 0.6245
[2023-08-15 22:03:32.161] [info] CMC::computeControls, t = 0.6255
[2023-08-15 22:03:32.177] [info] CMC::computeControls, t = 0.6265
[2023-08-15 22:03:32.193] [info] CMC::computeControls, t = 0.6275
[2023-08-15 22:03:32.210] [info] CMC::computeControls, t = 0.6285
[2023-08-15 22:03:32.226] [info] CMC::computeControls, t = 0.6295
[2023-08-15 22:03:32.242] [info] CMC::computeControls, t = 0.630500
[2023-08-15 22:03:32.258] [info] CMC::computeControls, t = 0.6315
[2023-08-15 22:03:32.274] [info] CMC::computeControls, t = 0.6325
[2023-08-15 22:03:32.290] [info] CMC::computeControls, t = 0.6335
[2023-08-15 22:03:32.306] [info] CMC::computeControls, t = 0.6345
[2023-08-15 22:03:32.321] [info] CMC::computeControls, t = 0.6355
[2023-08-15 22:03:32.338] [info] CMC::computeControls, t = 0.6365
[2023-08-15 22:03:32.354] [info] CMC::computeControls, t = 0.6375
[2023-08-15 22:03:32.370] [info] CMC::computeControls, t = 0.6385
[2023-08-15 22:03:32.386] [info] CMC::computeControls, t = 0.6395
[2023-08-15 22:03:32.402] [info] CMC::computeControls, t = 0.640500
[2023-08-15 22:03:32.418] [info] CMC::computeControls, t = 0.6415
[2023-08-15 22:03:32.434] [info] CMC::computeControls, t = 0.6425
[2023-08-15 22:03:32.449] [info] CMC::computeControls, t = 0.6435
[2023-08-15 22:03:32.465] [info] CMC::computeControls, t = 0.6445
[2023-08-15 22:03:32.481] [info] CMC::computeControls, t = 0.6455
[2023-08-15 22:03:32.497] [info] CMC::computeControls, t = 0.6465
[2023-08-15 22:03:32.513] [info] CMC::computeControls, t = 0.6475
[2023-08-15 22:03:32.534] [info] CMC::computeControls, t = 0.6485
[2023-08-15 22:03:32.550] [info] CMC::computeControls, t = 0.6495
[2023-08-15 22:03:32.566] [info] CMC::computeControls, t = 0.650500
[2023-08-15 22:03:32.581] [info] CMC::computeControls, t = 0.6515
[2023-08-15 22:03:32.598] [info] CMC::computeControls, t = 0.6525
[2023-08-15 22:03:32.614] [info] CMC::computeControls, t = 0.6535
[2023-08-15 22:03:32.632] [info] CMC::computeControls, t = 0.6545
[2023-08-15 22:03:32.650] [info] CMC::computeControls, t = 0.6555
[2023-08-15 22:03:32.666] [info] CMC::computeControls, t = 0.6565
[2023-08-15 22:03:32.682] [info] CMC::computeControls, t = 0.6575
[2023-08-15 22:03:32.698] [info] CMC::computeControls, t = 0.6585
[2023-08-15 22:03:32.714] [info] CMC::computeControls, t = 0.6595
[2023-08-15 22:03:32.730] [info] CMC::computeControls, t = 0.660500
[2023-08-15 22:03:32.752] [info] CMC::computeControls, t = 0.6615
[2023-08-15 22:03:32.769] [info] CMC::computeControls, t = 0.6625
[2023-08-15 22:03:32.785] [info] CMC::computeControls, t = 0.6635
[2023-08-15 22:03:32.801] [info] CMC::computeControls, t = 0.6645
[2023-08-15 22:03:32.817] [info] CMC::computeControls, t = 0.6655
[2023-08-15 22:03:32.834] [info] CMC::computeControls, t = 0.6665
[2023-08-15 22:03:32.850] [info] CMC::computeControls, t = 0.6675
[2023-08-15 22:03:32.867] [info] CMC::computeControls, t = 0.6685
[2023-08-15 22:03:32.883] [info] CMC::computeControls, t = 0.6695
[2023-08-15 22:03:32.899] [info] CMC::computeControls, t = 0.670500
[2023-08-15 22:03:32.915] [info] CMC::computeControls, t = 0.6715
[2023-08-15 22:03:32.931] [info] CMC::computeControls, t = 0.6725
[2023-08-15 22:03:32.947] [info] CMC::computeControls, t = 0.6735
[2023-08-15 22:03:32.969] [info] CMC::computeControls, t = 0.6745
[2023-08-15 22:03:32.986] [info] CMC::computeControls, t = 0.6755
[2023-08-15 22:03:33.002] [info] CMC::computeControls, t = 0.6765
[2023-08-15 22:03:33.019] [info] CMC::computeControls, t = 0.6775
[2023-08-15 22:03:33.036] [info] CMC::computeControls, t = 0.6785
[2023-08-15 22:03:33.053] [info] CMC::computeControls, t = 0.6795
[2023-08-15 22:03:33.069] [info] CMC::computeControls, t = 0.680500
[2023-08-15 22:03:33.086] [info] CMC::computeControls, t = 0.6815
[2023-08-15 22:03:33.103] [info] CMC::computeControls, t = 0.6825
[2023-08-15 22:03:33.120] [info] CMC::computeControls, t = 0.6835
[2023-08-15 22:03:33.137] [info] CMC::computeControls, t = 0.6845
[2023-08-15 22:03:33.154] [info] CMC::computeControls, t = 0.6855
[2023-08-15 22:03:33.171] [info] CMC::computeControls, t = 0.6865
[2023-08-15 22:03:33.188] [info] CMC::computeControls, t = 0.6875
[2023-08-15 22:03:33.204] [info] CMC::computeControls, t = 0.6885
[2023-08-15 22:03:33.221] [info] CMC::computeControls, t = 0.6895
[2023-08-15 22:03:33.238] [info] CMC::computeControls, t = 0.690500
[2023-08-15 22:03:33.254] [info] CMC::computeControls, t = 0.6915
[2023-08-15 22:03:33.271] [info] CMC::computeControls, t = 0.6925
[2023-08-15 22:03:33.287] [info] CMC::computeControls, t = 0.6935
[2023-08-15 22:03:33.304] [info] CMC::computeControls, t = 0.6945
[2023-08-15 22:03:33.322] [info] CMC::computeControls, t = 0.6955
[2023-08-15 22:03:33.339] [info] CMC::computeControls, t = 0.6965
[2023-08-15 22:03:33.355] [info] CMC::computeControls, t = 0.6975
[2023-08-15 22:03:33.372] [info] CMC::computeControls, t = 0.6985
[2023-08-15 22:03:33.388] [info] CMC::computeControls, t = 0.6995
[2023-08-15 22:03:33.405] [info] CMC::computeControls, t = 0.700500
[2023-08-15 22:03:33.421] [info] CMC::computeControls, t = 0.701500
[2023-08-15 22:03:33.438] [info] CMC::computeControls, t = 0.702500
[2023-08-15 22:03:33.454] [info] CMC::computeControls, t = 0.703500
[2023-08-15 22:03:33.471] [info] CMC::computeControls, t = 0.704500
[2023-08-15 22:03:33.490] [info] CMC::computeControls, t = 0.705500
[2023-08-15 22:03:33.507] [info] CMC::computeControls, t = 0.706500
[2023-08-15 22:03:33.523] [info] CMC::computeControls, t = 0.707500
[2023-08-15 22:03:33.542] [info] CMC::computeControls, t = 0.708500
[2023-08-15 22:03:33.559] [info] CMC::computeControls, t = 0.709500
[2023-08-15 22:03:33.576] [info] CMC::computeControls, t = 0.710500
[2023-08-15 22:03:33.593] [info] CMC::computeControls, t = 0.7115
[2023-08-15 22:03:33.610] [info] CMC::computeControls, t = 0.7125
[2023-08-15 22:03:33.626] [info] CMC::computeControls, t = 0.7135
[2023-08-15 22:03:33.643] [info] CMC::computeControls, t = 0.7145
[2023-08-15 22:03:33.662] [info] CMC::computeControls, t = 0.7155
[2023-08-15 22:03:33.678] [info] CMC::computeControls, t = 0.7165
[2023-08-15 22:03:33.698] [info] CMC::computeControls, t = 0.7175
[2023-08-15 22:03:33.715] [info] CMC::computeControls, t = 0.7185
[2023-08-15 22:03:33.732] [info] CMC::computeControls, t = 0.7195
[2023-08-15 22:03:33.749] [info] CMC::computeControls, t = 0.720500
[2023-08-15 22:03:33.766] [info] CMC::computeControls, t = 0.7215
[2023-08-15 22:03:33.785] [info] CMC::computeControls, t = 0.7225
[2023-08-15 22:03:33.802] [info] CMC::computeControls, t = 0.7235
[2023-08-15 22:03:33.819] [info] CMC::computeControls, t = 0.7245
[2023-08-15 22:03:33.835] [info] CMC::computeControls, t = 0.7255
[2023-08-15 22:03:33.852] [info] CMC::computeControls, t = 0.7265
[2023-08-15 22:03:33.868] [info] CMC::computeControls, t = 0.7275
[2023-08-15 22:03:33.885] [info] CMC::computeControls, t = 0.7285
[2023-08-15 22:03:33.901] [info] CMC::computeControls, t = 0.7295
[2023-08-15 22:03:33.918] [info] CMC::computeControls, t = 0.730500
[2023-08-15 22:03:33.935] [info] CMC::computeControls, t = 0.7315
[2023-08-15 22:03:33.951] [info] CMC::computeControls, t = 0.7325
[2023-08-15 22:03:33.968] [info] CMC::computeControls, t = 0.7335
[2023-08-15 22:03:33.985] [info] CMC::computeControls, t = 0.7345
[2023-08-15 22:03:34.001] [info] CMC::computeControls, t = 0.7355
[2023-08-15 22:03:34.018] [info] CMC::computeControls, t = 0.7365
[2023-08-15 22:03:34.038] [info] CMC::computeControls, t = 0.7375
[2023-08-15 22:03:34.055] [info] CMC::computeControls, t = 0.7385
[2023-08-15 22:03:34.071] [info] CMC::computeControls, t = 0.7395
[2023-08-15 22:03:34.087] [info] CMC::computeControls, t = 0.740500
[2023-08-15 22:03:34.104] [info] CMC::computeControls, t = 0.7415
[2023-08-15 22:03:34.120] [info] CMC::computeControls, t = 0.7425
[2023-08-15 22:03:34.137] [info] CMC::computeControls, t = 0.7435
[2023-08-15 22:03:34.160] [info] CMC::computeControls, t = 0.7445
[2023-08-15 22:03:34.179] [info] CMC::computeControls, t = 0.7455
[2023-08-15 22:03:34.196] [info] CMC::computeControls, t = 0.7465
[2023-08-15 22:03:34.220] [info] CMC::computeControls, t = 0.7475
[2023-08-15 22:03:34.240] [info] CMC::computeControls, t = 0.7485
[2023-08-15 22:03:34.261] [info] CMC::computeControls, t = 0.7495
[2023-08-15 22:03:34.279] [info] CMC::computeControls, t = 0.750500
[2023-08-15 22:03:34.296] [info] CMC::computeControls, t = 0.7515
[2023-08-15 22:03:34.313] [info] CMC::computeControls, t = 0.7525
[2023-08-15 22:03:34.330] [info] CMC::computeControls, t = 0.7535
[2023-08-15 22:03:34.346] [info] CMC::computeControls, t = 0.7545
[2023-08-15 22:03:34.362] [info] CMC::computeControls, t = 0.7555
[2023-08-15 22:03:34.378] [info] CMC::computeControls, t = 0.7565
[2023-08-15 22:03:34.395] [info] CMC::computeControls, t = 0.7575
[2023-08-15 22:03:34.411] [info] CMC::computeControls, t = 0.7585
[2023-08-15 22:03:34.427] [info] CMC::computeControls, t = 0.7595
[2023-08-15 22:03:34.443] [info] CMC::computeControls, t = 0.760500
[2023-08-15 22:03:34.459] [info] CMC::computeControls, t = 0.7615
[2023-08-15 22:03:34.475] [info] CMC::computeControls, t = 0.7625
[2023-08-15 22:03:34.492] [info] CMC::computeControls, t = 0.7635
[2023-08-15 22:03:34.508] [info] CMC::computeControls, t = 0.7645
[2023-08-15 22:03:34.524] [info] CMC::computeControls, t = 0.7655
[2023-08-15 22:03:34.543] [info] CMC::computeControls, t = 0.7665
[2023-08-15 22:03:34.559] [info] CMC::computeControls, t = 0.7675
[2023-08-15 22:03:34.576] [info] CMC::computeControls, t = 0.7685
[2023-08-15 22:03:34.592] [info] CMC::computeControls, t = 0.7695
[2023-08-15 22:03:34.608] [info] CMC::computeControls, t = 0.770500
[2023-08-15 22:03:34.627] [info] CMC::computeControls, t = 0.7715
[2023-08-15 22:03:34.643] [info] CMC::computeControls, t = 0.7725
[2023-08-15 22:03:34.660] [info] CMC::computeControls, t = 0.7735
[2023-08-15 22:03:34.676] [info] CMC::computeControls, t = 0.7745
[2023-08-15 22:03:34.693] [info] CMC::computeControls, t = 0.7755
[2023-08-15 22:03:34.710] [info] CMC::computeControls, t = 0.7765
[2023-08-15 22:03:34.726] [info] CMC::computeControls, t = 0.7775
[2023-08-15 22:03:34.742] [info] CMC::computeControls, t = 0.7785
[2023-08-15 22:03:34.758] [info] CMC::computeControls, t = 0.7795
[2023-08-15 22:03:34.775] [info] CMC::computeControls, t = 0.780500
[2023-08-15 22:03:34.791] [info] CMC::computeControls, t = 0.7815
[2023-08-15 22:03:34.807] [info] CMC::computeControls, t = 0.7825
[2023-08-15 22:03:34.823] [info] CMC::computeControls, t = 0.7835
[2023-08-15 22:03:34.839] [info] CMC::computeControls, t = 0.7845
[2023-08-15 22:03:34.856] [info] CMC::computeControls, t = 0.7855
[2023-08-15 22:03:34.872] [info] CMC::computeControls, t = 0.7865
[2023-08-15 22:03:34.888] [info] CMC::computeControls, t = 0.7875
[2023-08-15 22:03:34.904] [info] CMC::computeControls, t = 0.7885
[2023-08-15 22:03:34.920] [info] CMC::computeControls, t = 0.7895
[2023-08-15 22:03:34.936] [info] CMC::computeControls, t = 0.790500
[2023-08-15 22:03:34.952] [info] CMC::computeControls, t = 0.7915
[2023-08-15 22:03:34.968] [info] CMC::computeControls, t = 0.7925
[2023-08-15 22:03:34.985] [info] CMC::computeControls, t = 0.7935
[2023-08-15 22:03:35.001] [info] CMC::computeControls, t = 0.7945
[2023-08-15 22:03:35.021] [info] CMC::computeControls, t = 0.7955
[2023-08-15 22:03:35.038] [info] CMC::computeControls, t = 0.7965
[2023-08-15 22:03:35.055] [info] CMC::computeControls, t = 0.7975
[2023-08-15 22:03:35.071] [info] CMC::computeControls, t = 0.7985
[2023-08-15 22:03:35.087] [info] CMC::computeControls, t = 0.7995
[2023-08-15 22:03:35.104] [info] CMC::computeControls, t = 0.800500
[2023-08-15 22:03:35.120] [info] CMC::computeControls, t = 0.801500
[2023-08-15 22:03:35.137] [info] CMC::computeControls, t = 0.802500
[2023-08-15 22:03:35.153] [info] CMC::computeControls, t = 0.803500
[2023-08-15 22:03:35.170] [info] CMC::computeControls, t = 0.804500
[2023-08-15 22:03:35.187] [info] CMC::computeControls, t = 0.805500
[2023-08-15 22:03:35.204] [info] CMC::computeControls, t = 0.806500
[2023-08-15 22:03:35.220] [info] CMC::computeControls, t = 0.807500
[2023-08-15 22:03:35.237] [info] CMC::computeControls, t = 0.808500
[2023-08-15 22:03:35.253] [info] CMC::computeControls, t = 0.809500
[2023-08-15 22:03:35.272] [info] CMC::computeControls, t = 0.810500
[2023-08-15 22:03:35.289] [info] CMC::computeControls, t = 0.8115
[2023-08-15 22:03:35.309] [info] CMC::computeControls, t = 0.8125
[2023-08-15 22:03:35.325] [info] -------------------------------------------
[2023-08-15 22:03:35.325] [info] Finished tracking the specified kinematics:
[2023-08-15 22:03:35.325] [info] -------------------------------------------
[2023-08-15 22:03:35.325] [info]  -- Start time = Tue Aug 15 22:03:24 2023
[2023-08-15 22:03:35.325] [info]  -- Finish time = Tue Aug 15 22:03:35 2023
[2023-08-15 22:03:35.326] [info]  -- Elapsed time = 11.0 seconds.
[2023-08-15 22:03:35.326] [info] -------------------------------------------
[2023-08-15 22:03:35.326] [info] 
[2023-08-15 22:03:35.326] [info] Printing results of investigation subject02_run5_cycle1_iter3 to cycle1/
[2023-08-15 22:03:35.704] [info] 

************************************************************
*      Summary of Mass Adjustments to Reduce Residuals     *
************************************************************
* Body adjusted: torso
* Mass Center (COM) adjustment: dx =-0.0292576, dz =0.0310094
* New COM location: ~[0.0160515,0.32118,-0.0115674]
************************************************************
* Recommended mass adjustments:                             
*  Total mass change: 0.456659
*  pelvis: orig mass = 12.1016, new mass = 12.1732
*  femur_r: orig mass = 9.55784, new mass = 9.61435
*  tibia_r: orig mass = 3.80972, new mass = 3.83224
*  talus_r: orig mass = 0.102757, new mass = 0.103365
*  calcn_r: orig mass = 1.28446, new mass = 1.29205
*  toes_r: orig mass = 0.222571, new mass = 0.223887
*  femur_l: orig mass = 9.55784, new mass = 9.61435
*  tibia_l: orig mass = 3.80972, new mass = 3.83224
*  talus_l: orig mass = 0.102757, new mass = 0.103365
*  calcn_l: orig mass = 1.28446, new mass = 1.29205
*  toes_l: orig mass = 0.222571, new mass = 0.223887
*  torso: orig mass = 27.5662, new mass = 27.7292
*  humerus_r: orig mass = 2.08854, new mass = 2.10089
*  ulna_r: orig mass = 0.624249, new mass = 0.62794
*  radius_r: orig mass = 0.624249, new mass = 0.62794
*  hand_r: orig mass = 0.470113, new mass = 0.472893
*  humerus_l: orig mass = 2.08854, new mass = 2.10089
*  ulna_l: orig mass = 0.624249, new mass = 0.62794
*  radius_l: orig mass = 0.624249, new mass = 0.62794
*  hand_l: orig mass = 0.470113, new mass = 0.472893
************************************************************
* Note: Edit the model to make recommended adjustments to  *
*       mass properties.                                   *
************************************************************

* Average residuals before adjusting torso COM:
*  FX=-2.08231 FY=-4.4783 FZ=0.634123
*  MX=-8.38282 MY=-2.70743 MZ=-7.90926
************************************************************
* Average residuals after adjusting torso COM:
*  FX=-1.86924 FY=-3.82602 FZ=1.10728
*  MX=0.354486 MY=-3.41206 MZ=0.315422
************************************************************


[2023-08-15 22:03:35.704] [info] 
************************************************************
*                   Final Average Residuals                *
************************************************************
* After torso COM and Kinematics adjustments:
*  FX=0.32937 FY=-2.56108 FZ=-2.27258
*  MX=0.528229 MY=-2.1986 MZ=1.76208
************************************************************


