[2023-03-10 23:17:24.414] [info] AbstractTool subject08_run5_cycle3 loading model ..\..\model\subject08_adjusted_scaled.osim
[2023-03-10 23:17:24.448] [info] Loaded model subject08_scaled from file ..\..\model\subject08_adjusted_scaled.osim
[2023-03-10 23:17:24.508] [info] Adding force object set from subject08_run5_RRA_Actuators.xml
[2023-03-10 23:17:24.513] [info] Running tool subject08_run5_cycle3.
[2023-03-10 23:17:24.526] [warning] ExternalLoads 'externalloads' has subcomponents with duplicate name 'externalforce'. The duplicate is being renamed to 'externalforce_0'.
[2023-03-10 23:17:24.539] [info] 	taskSet size = 29.
[2023-03-10 23:17:24.618] [info] ExternalForce::externalforce Data source being set to Run_500 03_newCOP3_v24.mot
[2023-03-10 23:17:24.618] [info] ExternalForce::externalforce_0 Data source being set to Run_500 03_newCOP3_v24.mot
[2023-03-10 23:17:24.623] [warning] A desired points file was not specified.
[2023-03-10 23:17:24.623] [info] Loading desired kinematics from file '..\..\ik\Run_5.mot'...
[2023-03-10 23:17:24.623] [info] Old version storage/motion file encountered
[2023-03-10 23:17:24.623] [info] Storage: read data file = ..\..\ik\Run_5.mot (nr=516 nc=164)
[2023-03-10 23:17:24.623] [info] .. assuming rotations in Degrees..
[2023-03-10 23:17:24.714] [info] Low-pass filtering desired kinematics with a cutoff frequency of 15.0...
[2023-03-10 23:17:24.991] [cout] [info] MODEL: subject08_scaled

numStates = 74
numCoordinates = 37
numSpeeds = 37
numActuators = 29
numBodies = 20
numConstraints = 0
numProbes = 0

ANALYSES (total: 0)

BODIES (total: 20)
body[0] = pelvis. mass: 12.9063
              moments of inertia:  ~[0.145167,0.145167,0.0726748]
              products of inertia: ~[0,0,0]
body[1] = femur_r. mass: 10.1933
              moments of inertia:  ~[0.167005,0.0437779,0.17611]
              products of inertia: ~[0,0,0]
body[2] = tibia_r. mass: 4.06302
              moments of inertia:  ~[0.0686582,0.0058898,0.0686582]
              products of inertia: ~[0,0,0]
body[3] = talus_r. mass: 0.109589
              moments of inertia:  ~[0.00126763,0.00126763,0.00126763]
              products of inertia: ~[0,0,0]
body[4] = calcn_r. mass: 1.36987
              moments of inertia:  ~[0.00177469,0.00494377,0.0051973]
              products of inertia: ~[0,0,0]
body[5] = toes_r. mass: 0.23737
              moments of inertia:  ~[0.000126763,0.000253527,0.00126763]
              products of inertia: ~[0,0,0]
body[6] = femur_l. mass: 10.1933
              moments of inertia:  ~[0.167005,0.0437779,0.17611]
              products of inertia: ~[0,0,0]
body[7] = tibia_l. mass: 4.06302
              moments of inertia:  ~[0.0686582,0.0058898,0.0686582]
              products of inertia: ~[0,0,0]
body[8] = talus_l. mass: 0.109589
              moments of inertia:  ~[0.00126763,0.00126763,0.00126763]
              products of inertia: ~[0,0,0]
body[9] = calcn_l. mass: 1.36987
              moments of inertia:  ~[0.00177469,0.00494377,0.0051973]
              products of inertia: ~[0,0,0]
body[10] = toes_l. mass: 0.23737
              moments of inertia:  ~[0.000126763,0.000253527,0.00126763]
              products of inertia: ~[0,0,0]
body[11] = torso. mass: 29.3991
              moments of inertia:  ~[1.74167,0.892391,1.69076]
              products of inertia: ~[0,0,0]
body[12] = humerus_r. mass: 2.2274
              moments of inertia:  ~[0.0142055,0.00490046,0.0159452]
              products of inertia: ~[0,0,0]
body[13] = ulna_r. mass: 0.665755
              moments of inertia:  ~[0.00362196,0.000755697,0.00392889]
              products of inertia: ~[0,0,0]
body[14] = radius_r. mass: 0.665755
              moments of inertia:  ~[0.00362196,0.000755697,0.00392889]
              products of inertia: ~[0,0,0]
body[15] = hand_r. mass: 0.501371
              moments of inertia:  ~[0.00109075,0.000668877,0.00163857]
              products of inertia: ~[0,0,0]
body[16] = humerus_l. mass: 2.2274
              moments of inertia:  ~[0.0142055,0.00490046,0.0159452]
              products of inertia: ~[0,0,0]
body[17] = ulna_l. mass: 0.665755
              moments of inertia:  ~[0.00362196,0.000755697,0.00392889]
              products of inertia: ~[0,0,0]
body[18] = radius_l. mass: 0.665755
              moments of inertia:  ~[0.00362196,0.000755697,0.00392889]
              products of inertia: ~[0,0,0]
body[19] = hand_l. mass: 0.501371
              moments of inertia:  ~[0.00109075,0.000668877,0.00163857]
              products of inertia: ~[0,0,0]

JOINTS (total: 20)
joint[0] = ground_pelvis. parent: ground_offset, child: pelvis_offset
joint[1] = hip_r. parent: pelvis_offset, child: femur_r_offset
joint[2] = knee_r. parent: femur_r_offset, child: tibia_r_offset
joint[3] = ankle_r. parent: tibia_r_offset, child: talus_r_offset
joint[4] = subtalar_r. parent: talus_r_offset, child: calcn_r_offset
joint[5] = mtp_r. parent: calcn_r_offset, child: toes_r_offset
joint[6] = hip_l. parent: pelvis_offset, child: femur_l_offset
joint[7] = knee_l. parent: femur_l_offset, child: tibia_l_offset
joint[8] = ankle_l. parent: tibia_l_offset, child: talus_l_offset
joint[9] = subtalar_l. parent: talus_l_offset, child: calcn_l_offset
joint[10] = mtp_l. parent: calcn_l_offset, child: toes_l_offset
joint[11] = back. parent: pelvis_offset, child: torso_offset
joint[12] = acromial_r. parent: torso_offset, child: humerus_r_offset
joint[13] = elbow_r. parent: humerus_r_offset, child: ulna_r_offset
joint[14] = radioulnar_r. parent: ulna_r_offset, child: radius_r_offset
joint[15] = radius_hand_r. parent: radius_r_offset, child: hand_r_offset
joint[16] = acromial_l. parent: torso_offset, child: humerus_l_offset
joint[17] = elbow_l. parent: humerus_l_offset, child: ulna_l_offset
joint[18] = radioulnar_l. parent: ulna_l_offset, child: radius_l_offset
joint[19] = radius_hand_l. parent: radius_l_offset, child: hand_l_offset

ACTUATORS (total: 29)
actuator[0] = FX
actuator[1] = FY
actuator[2] = FZ
actuator[3] = MZ
actuator[4] = MX
actuator[5] = MY
actuator[6] = hip_flexion_r
actuator[7] = hip_adduction_r
actuator[8] = hip_rotation_r
actuator[9] = knee_angle_r
actuator[10] = ankle_angle_r
actuator[11] = hip_flexion_l
actuator[12] = hip_adduction_l
actuator[13] = hip_rotation_l
actuator[14] = knee_angle_l
actuator[15] = ankle_angle_l
actuator[16] = lumbar_extension
actuator[17] = lumbar_bending
actuator[18] = lumbar_rotation
actuator[19] = arm_flex_r
actuator[20] = arm_add_r
actuator[21] = arm_rot_r
actuator[22] = elbow_flex_r
actuator[23] = pro_sup_r
actuator[24] = arm_flex_l
actuator[25] = arm_add_l
actuator[26] = arm_rot_l
actuator[27] = elbow_flex_l
actuator[28] = pro_sup_l

STATES (total: 74)
y[0] = /jointset/ground_pelvis/pelvis_tilt/value
y[1] = /jointset/ground_pelvis/pelvis_tilt/speed
y[2] = /jointset/ground_pelvis/pelvis_list/value
y[3] = /jointset/ground_pelvis/pelvis_list/speed
y[4] = /jointset/ground_pelvis/pelvis_rotation/value
y[5] = /jointset/ground_pelvis/pelvis_rotation/speed
y[6] = /jointset/ground_pelvis/pelvis_tx/value
y[7] = /jointset/ground_pelvis/pelvis_tx/speed
y[8] = /jointset/ground_pelvis/pelvis_ty/value
y[9] = /jointset/ground_pelvis/pelvis_ty/speed
y[10] = /jointset/ground_pelvis/pelvis_tz/value
y[11] = /jointset/ground_pelvis/pelvis_tz/speed
y[12] = /jointset/hip_r/hip_flexion_r/value
y[13] = /jointset/hip_r/hip_flexion_r/speed
y[14] = /jointset/hip_r/hip_adduction_r/value
y[15] = /jointset/hip_r/hip_adduction_r/speed
y[16] = /jointset/hip_r/hip_rotation_r/value
y[17] = /jointset/hip_r/hip_rotation_r/speed
y[18] = /jointset/knee_r/knee_angle_r/value
y[19] = /jointset/knee_r/knee_angle_r/speed
y[20] = /jointset/ankle_r/ankle_angle_r/value
y[21] = /jointset/ankle_r/ankle_angle_r/speed
y[22] = /jointset/subtalar_r/subtalar_angle_r/value
y[23] = /jointset/subtalar_r/subtalar_angle_r/speed
y[24] = /jointset/mtp_r/mtp_angle_r/value
y[25] = /jointset/mtp_r/mtp_angle_r/speed
y[26] = /jointset/hip_l/hip_flexion_l/value
y[27] = /jointset/hip_l/hip_flexion_l/speed
y[28] = /jointset/hip_l/hip_adduction_l/value
y[29] = /jointset/hip_l/hip_adduction_l/speed
y[30] = /jointset/hip_l/hip_rotation_l/value
y[31] = /jointset/hip_l/hip_rotation_l/speed
y[32] = /jointset/knee_l/knee_angle_l/value
y[33] = /jointset/knee_l/knee_angle_l/speed
y[34] = /jointset/ankle_l/ankle_angle_l/value
y[35] = /jointset/ankle_l/ankle_angle_l/speed
y[36] = /jointset/subtalar_l/subtalar_angle_l/value
y[37] = /jointset/subtalar_l/subtalar_angle_l/speed
y[38] = /jointset/mtp_l/mtp_angle_l/value
y[39] = /jointset/mtp_l/mtp_angle_l/speed
y[40] = /jointset/back/lumbar_extension/value
y[41] = /jointset/back/lumbar_extension/speed
y[42] = /jointset/back/lumbar_bending/value
y[43] = /jointset/back/lumbar_bending/speed
y[44] = /jointset/back/lumbar_rotation/value
y[45] = /jointset/back/lumbar_rotation/speed
y[46] = /jointset/acromial_r/arm_flex_r/value
y[47] = /jointset/acromial_r/arm_flex_r/speed
y[48] = /jointset/acromial_r/arm_add_r/value
y[49] = /jointset/acromial_r/arm_add_r/speed
y[50] = /jointset/acromial_r/arm_rot_r/value
y[51] = /jointset/acromial_r/arm_rot_r/speed
y[52] = /jointset/elbow_r/elbow_flex_r/value
y[53] = /jointset/elbow_r/elbow_flex_r/speed
y[54] = /jointset/radioulnar_r/pro_sup_r/value
y[55] = /jointset/radioulnar_r/pro_sup_r/speed
y[56] = /jointset/radius_hand_r/wrist_flex_r/value
y[57] = /jointset/radius_hand_r/wrist_flex_r/speed
y[58] = /jointset/radius_hand_r/wrist_dev_r/value
y[59] = /jointset/radius_hand_r/wrist_dev_r/speed
y[60] = /jointset/acromial_l/arm_flex_l/value
y[61] = /jointset/acromial_l/arm_flex_l/speed
y[62] = /jointset/acromial_l/arm_add_l/value
y[63] = /jointset/acromial_l/arm_add_l/speed
y[64] = /jointset/acromial_l/arm_rot_l/value
y[65] = /jointset/acromial_l/arm_rot_l/speed
y[66] = /jointset/elbow_l/elbow_flex_l/value
y[67] = /jointset/elbow_l/elbow_flex_l/speed
y[68] = /jointset/radioulnar_l/pro_sup_l/value
y[69] = /jointset/radioulnar_l/pro_sup_l/speed
y[70] = /jointset/radius_hand_l/wrist_flex_l/value
y[71] = /jointset/radius_hand_l/wrist_flex_l/speed
y[72] = /jointset/radius_hand_l/wrist_dev_l/value
y[73] = /jointset/radius_hand_l/wrist_dev_l/speed

[2023-03-10 23:17:25.439] [info] Requested COM adjustment time range 1.60400 to 2.228, clamped to nearest available data times: 1.6 to 2.22.
[2023-03-10 23:17:25.439] [info] Computing average residuals between 1.6 and 2.22...
[2023-03-10 23:17:25.572] [info] ExternalForce::externalforce Data source being set to Run_500 03_newCOP3_v24.mot
[2023-03-10 23:17:25.572] [info] ExternalForce::externalforce_0 Data source being set to Run_500 03_newCOP3_v24.mot
[2023-03-10 23:17:25.636] [info] ExternalForce::externalforce Data source being set to Run_500 03_newCOP3_v24.mot
[2023-03-10 23:17:25.636] [info] ExternalForce::externalforce_0 Data source being set to Run_500 03_newCOP3_v24.mot
[2023-03-10 23:17:26.969] [info] ExternalForce::externalforce Data source being set to Run_500 03_newCOP3_v24.mot
[2023-03-10 23:17:26.969] [info] ExternalForce::externalforce_0 Data source being set to Run_500 03_newCOP3_v24.mot
[2023-03-10 23:17:26.975] [info] Computing average residuals between 1.6 and 2.22...
[2023-03-10 23:17:27.071] [info] ExternalForce::externalforce Data source being set to Run_500 03_newCOP3_v24.mot
[2023-03-10 23:17:27.071] [info] ExternalForce::externalforce_0 Data source being set to Run_500 03_newCOP3_v24.mot
[2023-03-10 23:17:27.140] [info] ExternalForce::externalforce Data source being set to Run_500 03_newCOP3_v24.mot
[2023-03-10 23:17:27.141] [info] ExternalForce::externalforce_0 Data source being set to Run_500 03_newCOP3_v24.mot
[2023-03-10 23:17:28.395] [info] Constructing function set for tracking desired kinematics...
[2023-03-10 23:17:29.220] [warning] No Actuation analysis found in analysis set, adding one...
[2023-03-10 23:17:29.221] [warning] No Kinematics analysis found in analysis set, adding one...
[2023-03-10 23:17:29.223] [info] Using the generalized coordinates specified in '..\..\ik\Run_5.mot' to set the initial configuration.
[2023-03-10 23:17:29.426] [info] Using IPOPT optimizer algorithm.
[2023-03-10 23:17:29.426] [info] Setting optimizer print level to 0.
[2023-03-10 23:17:29.426] [info] Setting optimizer convergence tolerance to 1.0e-05.
[2023-03-10 23:17:29.427] [info] Setting optimizer maximum iterations to 2000.
[2023-03-10 23:17:29.427] [info] Setting cmc controller to not use verbose printing.

[2023-03-10 23:17:29.428] [info] CMC::computeControls, t = 1.60400
[2023-03-10 23:17:30.344] [info] --------------------------------------------
[2023-03-10 23:17:30.344] [info] Using CMC to track the specified kinematics:
[2023-03-10 23:17:30.344] [info] --------------------------------------------
[2023-03-10 23:17:30.344] [info]  -- Integrating from 1.60400 to 2.228
[2023-03-10 23:17:30.344] [info]  -- Start time = Fri Mar 10 23:17:30 2023
[2023-03-10 23:17:30.344] [info] --------------------------------------------
[2023-03-10 23:17:30.344] [info] 
[2023-03-10 23:17:30.350] [info] CMC::computeControls, t = 1.60400
[2023-03-10 23:17:30.383] [info] CMC::computeControls, t = 1.60500
[2023-03-10 23:17:30.383] [warning] Coordinate.setValue:  coordinate subtalar_angle_r is locked. Unable to change its value.
[2023-03-10 23:17:30.383] [warning] Coordinate.setValue:  coordinate mtp_angle_r is locked. Unable to change its value.
[2023-03-10 23:17:30.383] [warning] Coordinate.setValue:  coordinate subtalar_angle_l is locked. Unable to change its value.
[2023-03-10 23:17:30.383] [warning] Coordinate.setValue:  coordinate mtp_angle_l is locked. Unable to change its value.
[2023-03-10 23:17:30.383] [warning] Coordinate.setValue:  coordinate wrist_flex_r is locked. Unable to change its value.
[2023-03-10 23:17:30.383] [warning] Coordinate.setValue:  coordinate wrist_dev_r is locked. Unable to change its value.
[2023-03-10 23:17:30.383] [warning] Coordinate.setValue:  coordinate wrist_flex_l is locked. Unable to change its value.
[2023-03-10 23:17:30.383] [warning] Coordinate.setValue:  coordinate wrist_dev_l is locked. Unable to change its value.
[2023-03-10 23:17:30.401] [info] CMC::computeControls, t = 1.60600
[2023-03-10 23:17:30.432] [info] CMC::computeControls, t = 1.60700
[2023-03-10 23:17:30.455] [info] CMC::computeControls, t = 1.60800
[2023-03-10 23:17:30.472] [info] CMC::computeControls, t = 1.60900
[2023-03-10 23:17:30.491] [info] CMC::computeControls, t = 1.61
[2023-03-10 23:17:30.515] [info] CMC::computeControls, t = 1.611
[2023-03-10 23:17:30.529] [info] CMC::computeControls, t = 1.612
[2023-03-10 23:17:30.545] [info] CMC::computeControls, t = 1.613
[2023-03-10 23:17:30.560] [info] CMC::computeControls, t = 1.614
[2023-03-10 23:17:30.594] [info] CMC::computeControls, t = 1.615
[2023-03-10 23:17:30.615] [info] CMC::computeControls, t = 1.616
[2023-03-10 23:17:30.639] [info] CMC::computeControls, t = 1.617
[2023-03-10 23:17:30.654] [info] CMC::computeControls, t = 1.618
[2023-03-10 23:17:30.671] [info] CMC::computeControls, t = 1.619
[2023-03-10 23:17:30.696] [info] CMC::computeControls, t = 1.62
[2023-03-10 23:17:30.712] [info] CMC::computeControls, t = 1.621
[2023-03-10 23:17:30.729] [info] CMC::computeControls, t = 1.622
[2023-03-10 23:17:30.749] [info] CMC::computeControls, t = 1.623
[2023-03-10 23:17:30.782] [info] CMC::computeControls, t = 1.624
[2023-03-10 23:17:30.800] [info] CMC::computeControls, t = 1.625
[2023-03-10 23:17:30.830] [info] CMC::computeControls, t = 1.626
[2023-03-10 23:17:30.861] [info] CMC::computeControls, t = 1.627
[2023-03-10 23:17:30.892] [info] CMC::computeControls, t = 1.628
[2023-03-10 23:17:30.908] [info] CMC::computeControls, t = 1.629
[2023-03-10 23:17:30.952] [info] CMC::computeControls, t = 1.63
[2023-03-10 23:17:30.968] [info] CMC::computeControls, t = 1.631
[2023-03-10 23:17:30.993] [info] CMC::computeControls, t = 1.632
[2023-03-10 23:17:31.020] [info] CMC::computeControls, t = 1.633
[2023-03-10 23:17:31.053] [info] CMC::computeControls, t = 1.634
[2023-03-10 23:17:31.078] [info] CMC::computeControls, t = 1.635
[2023-03-10 23:17:31.096] [info] CMC::computeControls, t = 1.636
[2023-03-10 23:17:31.112] [info] CMC::computeControls, t = 1.637
[2023-03-10 23:17:31.135] [info] CMC::computeControls, t = 1.638
[2023-03-10 23:17:31.154] [info] CMC::computeControls, t = 1.639
[2023-03-10 23:17:31.171] [info] CMC::computeControls, t = 1.64
[2023-03-10 23:17:31.195] [info] CMC::computeControls, t = 1.641
[2023-03-10 23:17:31.212] [info] CMC::computeControls, t = 1.642
[2023-03-10 23:17:31.229] [info] CMC::computeControls, t = 1.643
[2023-03-10 23:17:31.263] [info] CMC::computeControls, t = 1.644
[2023-03-10 23:17:31.281] [info] CMC::computeControls, t = 1.645
[2023-03-10 23:17:31.298] [info] CMC::computeControls, t = 1.646
[2023-03-10 23:17:31.319] [info] CMC::computeControls, t = 1.647
[2023-03-10 23:17:31.336] [info] CMC::computeControls, t = 1.648
[2023-03-10 23:17:31.361] [info] CMC::computeControls, t = 1.649
[2023-03-10 23:17:31.384] [info] CMC::computeControls, t = 1.65
[2023-03-10 23:17:31.411] [info] CMC::computeControls, t = 1.651
[2023-03-10 23:17:31.440] [info] CMC::computeControls, t = 1.652
[2023-03-10 23:17:31.463] [info] CMC::computeControls, t = 1.653
[2023-03-10 23:17:31.482] [info] CMC::computeControls, t = 1.654
[2023-03-10 23:17:31.502] [info] CMC::computeControls, t = 1.655
[2023-03-10 23:17:31.528] [info] CMC::computeControls, t = 1.656
[2023-03-10 23:17:31.548] [info] CMC::computeControls, t = 1.657
[2023-03-10 23:17:31.574] [info] CMC::computeControls, t = 1.658
[2023-03-10 23:17:31.590] [info] CMC::computeControls, t = 1.659
[2023-03-10 23:17:31.611] [info] CMC::computeControls, t = 1.66
[2023-03-10 23:17:31.634] [info] CMC::computeControls, t = 1.661
[2023-03-10 23:17:31.651] [info] CMC::computeControls, t = 1.662
[2023-03-10 23:17:31.669] [info] CMC::computeControls, t = 1.663
[2023-03-10 23:17:31.703] [info] CMC::computeControls, t = 1.664
[2023-03-10 23:17:31.725] [info] CMC::computeControls, t = 1.665
[2023-03-10 23:17:31.747] [info] CMC::computeControls, t = 1.666
[2023-03-10 23:17:31.762] [info] CMC::computeControls, t = 1.667
[2023-03-10 23:17:31.777] [info] CMC::computeControls, t = 1.668
[2023-03-10 23:17:31.793] [info] CMC::computeControls, t = 1.669
[2023-03-10 23:17:31.818] [info] CMC::computeControls, t = 1.67
[2023-03-10 23:17:31.846] [info] CMC::computeControls, t = 1.671
[2023-03-10 23:17:31.862] [info] CMC::computeControls, t = 1.672
[2023-03-10 23:17:31.878] [info] CMC::computeControls, t = 1.673
[2023-03-10 23:17:31.905] [info] CMC::computeControls, t = 1.674
[2023-03-10 23:17:31.924] [info] CMC::computeControls, t = 1.675
[2023-03-10 23:17:31.944] [info] CMC::computeControls, t = 1.676
[2023-03-10 23:17:31.973] [info] CMC::computeControls, t = 1.677
[2023-03-10 23:17:32.002] [info] CMC::computeControls, t = 1.678
[2023-03-10 23:17:32.032] [info] CMC::computeControls, t = 1.679
[2023-03-10 23:17:32.074] [info] CMC::computeControls, t = 1.68
[2023-03-10 23:17:32.110] [info] CMC::computeControls, t = 1.681
[2023-03-10 23:17:32.140] [info] CMC::computeControls, t = 1.682
[2023-03-10 23:17:32.175] [info] CMC::computeControls, t = 1.683
[2023-03-10 23:17:32.192] [info] CMC::computeControls, t = 1.684
[2023-03-10 23:17:32.222] [info] CMC::computeControls, t = 1.685
[2023-03-10 23:17:32.243] [info] CMC::computeControls, t = 1.686
[2023-03-10 23:17:32.260] [info] CMC::computeControls, t = 1.687
[2023-03-10 23:17:32.284] [info] CMC::computeControls, t = 1.688
[2023-03-10 23:17:32.312] [info] CMC::computeControls, t = 1.689
[2023-03-10 23:17:32.328] [info] CMC::computeControls, t = 1.69
[2023-03-10 23:17:32.352] [info] CMC::computeControls, t = 1.691
[2023-03-10 23:17:32.368] [info] CMC::computeControls, t = 1.692
[2023-03-10 23:17:32.389] [info] CMC::computeControls, t = 1.693
[2023-03-10 23:17:32.409] [info] CMC::computeControls, t = 1.694
[2023-03-10 23:17:32.437] [info] CMC::computeControls, t = 1.695
[2023-03-10 23:17:32.463] [info] CMC::computeControls, t = 1.696
[2023-03-10 23:17:32.486] [info] CMC::computeControls, t = 1.697
[2023-03-10 23:17:32.514] [info] CMC::computeControls, t = 1.698
[2023-03-10 23:17:32.553] [info] CMC::computeControls, t = 1.699
[2023-03-10 23:17:32.579] [info] CMC::computeControls, t = 1.7
[2023-03-10 23:17:32.594] [info] CMC::computeControls, t = 1.70100
[2023-03-10 23:17:32.610] [info] CMC::computeControls, t = 1.70200
[2023-03-10 23:17:32.628] [info] CMC::computeControls, t = 1.70300
[2023-03-10 23:17:32.658] [info] CMC::computeControls, t = 1.70400
[2023-03-10 23:17:32.690] [info] CMC::computeControls, t = 1.70500
[2023-03-10 23:17:32.706] [info] CMC::computeControls, t = 1.70600
[2023-03-10 23:17:32.735] [info] CMC::computeControls, t = 1.70700
[2023-03-10 23:17:32.768] [info] CMC::computeControls, t = 1.70800
[2023-03-10 23:17:32.784] [info] CMC::computeControls, t = 1.70900
[2023-03-10 23:17:32.804] [info] CMC::computeControls, t = 1.71
[2023-03-10 23:17:32.822] [info] CMC::computeControls, t = 1.711
[2023-03-10 23:17:32.839] [info] CMC::computeControls, t = 1.712
[2023-03-10 23:17:32.865] [info] CMC::computeControls, t = 1.713
[2023-03-10 23:17:32.881] [info] CMC::computeControls, t = 1.714
[2023-03-10 23:17:32.902] [info] CMC::computeControls, t = 1.715
[2023-03-10 23:17:32.922] [info] CMC::computeControls, t = 1.716
[2023-03-10 23:17:32.939] [info] CMC::computeControls, t = 1.717
[2023-03-10 23:17:32.956] [info] CMC::computeControls, t = 1.718
[2023-03-10 23:17:32.978] [info] CMC::computeControls, t = 1.719
[2023-03-10 23:17:32.998] [info] CMC::computeControls, t = 1.72
[2023-03-10 23:17:33.015] [info] CMC::computeControls, t = 1.721
[2023-03-10 23:17:33.033] [info] CMC::computeControls, t = 1.722
[2023-03-10 23:17:33.050] [info] CMC::computeControls, t = 1.723
[2023-03-10 23:17:33.072] [info] CMC::computeControls, t = 1.724
[2023-03-10 23:17:33.092] [info] CMC::computeControls, t = 1.725
[2023-03-10 23:17:33.109] [info] CMC::computeControls, t = 1.726
[2023-03-10 23:17:33.143] [info] CMC::computeControls, t = 1.727
[2023-03-10 23:17:33.162] [info] CMC::computeControls, t = 1.728
[2023-03-10 23:17:33.195] [info] CMC::computeControls, t = 1.729
[2023-03-10 23:17:33.222] [info] CMC::computeControls, t = 1.73
[2023-03-10 23:17:33.265] [info] CMC::computeControls, t = 1.731
[2023-03-10 23:17:33.296] [info] CMC::computeControls, t = 1.732
[2023-03-10 23:17:33.324] [info] CMC::computeControls, t = 1.733
[2023-03-10 23:17:33.349] [info] CMC::computeControls, t = 1.734
[2023-03-10 23:17:33.367] [info] CMC::computeControls, t = 1.735
[2023-03-10 23:17:33.392] [info] CMC::computeControls, t = 1.736
[2023-03-10 23:17:33.415] [info] CMC::computeControls, t = 1.737
[2023-03-10 23:17:33.434] [info] CMC::computeControls, t = 1.738
[2023-03-10 23:17:33.450] [info] CMC::computeControls, t = 1.739
[2023-03-10 23:17:33.476] [info] CMC::computeControls, t = 1.74
[2023-03-10 23:17:33.492] [info] CMC::computeControls, t = 1.741
[2023-03-10 23:17:33.518] [info] CMC::computeControls, t = 1.742
[2023-03-10 23:17:33.534] [info] CMC::computeControls, t = 1.743
[2023-03-10 23:17:33.551] [info] CMC::computeControls, t = 1.744
[2023-03-10 23:17:33.570] [info] CMC::computeControls, t = 1.745
[2023-03-10 23:17:33.585] [info] CMC::computeControls, t = 1.746
[2023-03-10 23:17:33.609] [info] CMC::computeControls, t = 1.747
[2023-03-10 23:17:33.642] [info] CMC::computeControls, t = 1.748
[2023-03-10 23:17:33.676] [info] CMC::computeControls, t = 1.749
[2023-03-10 23:17:33.717] [info] CMC::computeControls, t = 1.75
[2023-03-10 23:17:33.737] [info] CMC::computeControls, t = 1.751
[2023-03-10 23:17:33.759] [info] CMC::computeControls, t = 1.752
[2023-03-10 23:17:33.787] [info] CMC::computeControls, t = 1.753
[2023-03-10 23:17:33.823] [info] CMC::computeControls, t = 1.754
[2023-03-10 23:17:33.864] [info] CMC::computeControls, t = 1.755
[2023-03-10 23:17:33.897] [info] CMC::computeControls, t = 1.756
[2023-03-10 23:17:33.932] [info] CMC::computeControls, t = 1.757
[2023-03-10 23:17:33.965] [info] CMC::computeControls, t = 1.758
[2023-03-10 23:17:33.989] [info] CMC::computeControls, t = 1.759
[2023-03-10 23:17:34.005] [info] CMC::computeControls, t = 1.76
[2023-03-10 23:17:34.031] [info] CMC::computeControls, t = 1.761
[2023-03-10 23:17:34.046] [info] CMC::computeControls, t = 1.762
[2023-03-10 23:17:34.061] [info] CMC::computeControls, t = 1.763
[2023-03-10 23:17:34.080] [info] CMC::computeControls, t = 1.764
[2023-03-10 23:17:34.095] [info] CMC::computeControls, t = 1.765
[2023-03-10 23:17:34.118] [info] CMC::computeControls, t = 1.766
[2023-03-10 23:17:34.137] [info] CMC::computeControls, t = 1.767
[2023-03-10 23:17:34.157] [info] CMC::computeControls, t = 1.768
[2023-03-10 23:17:34.198] [info] CMC::computeControls, t = 1.769
[2023-03-10 23:17:34.215] [info] CMC::computeControls, t = 1.77
[2023-03-10 23:17:34.252] [info] CMC::computeControls, t = 1.771
[2023-03-10 23:17:34.269] [info] CMC::computeControls, t = 1.772
[2023-03-10 23:17:34.287] [info] CMC::computeControls, t = 1.773
[2023-03-10 23:17:34.319] [info] CMC::computeControls, t = 1.774
[2023-03-10 23:17:34.356] [info] CMC::computeControls, t = 1.775
[2023-03-10 23:17:34.403] [info] CMC::computeControls, t = 1.776
[2023-03-10 23:17:34.432] [info] CMC::computeControls, t = 1.777
[2023-03-10 23:17:34.469] [info] CMC::computeControls, t = 1.778
[2023-03-10 23:17:34.497] [info] CMC::computeControls, t = 1.779
[2023-03-10 23:17:34.525] [info] CMC::computeControls, t = 1.78
[2023-03-10 23:17:34.543] [info] CMC::computeControls, t = 1.781
[2023-03-10 23:17:34.567] [info] CMC::computeControls, t = 1.782
[2023-03-10 23:17:34.602] [info] CMC::computeControls, t = 1.783
[2023-03-10 23:17:34.641] [info] CMC::computeControls, t = 1.784
[2023-03-10 23:17:34.667] [info] CMC::computeControls, t = 1.785
[2023-03-10 23:17:34.687] [info] CMC::computeControls, t = 1.786
[2023-03-10 23:17:34.710] [info] CMC::computeControls, t = 1.787
[2023-03-10 23:17:34.735] [info] CMC::computeControls, t = 1.788
[2023-03-10 23:17:34.769] [info] CMC::computeControls, t = 1.789
[2023-03-10 23:17:34.797] [info] CMC::computeControls, t = 1.79
[2023-03-10 23:17:34.818] [info] CMC::computeControls, t = 1.791
[2023-03-10 23:17:34.845] [info] CMC::computeControls, t = 1.792
[2023-03-10 23:17:34.866] [info] CMC::computeControls, t = 1.793
[2023-03-10 23:17:34.899] [info] CMC::computeControls, t = 1.794
[2023-03-10 23:17:34.922] [info] CMC::computeControls, t = 1.795
[2023-03-10 23:17:34.953] [info] CMC::computeControls, t = 1.796
[2023-03-10 23:17:34.998] [info] CMC::computeControls, t = 1.797
[2023-03-10 23:17:35.027] [info] CMC::computeControls, t = 1.798
[2023-03-10 23:17:35.065] [info] CMC::computeControls, t = 1.799
[2023-03-10 23:17:35.088] [info] CMC::computeControls, t = 1.8
[2023-03-10 23:17:35.105] [info] CMC::computeControls, t = 1.80100
[2023-03-10 23:17:35.130] [info] CMC::computeControls, t = 1.80200
[2023-03-10 23:17:35.148] [info] CMC::computeControls, t = 1.80300
[2023-03-10 23:17:35.168] [info] CMC::computeControls, t = 1.80400
[2023-03-10 23:17:35.207] [info] CMC::computeControls, t = 1.80500
[2023-03-10 23:17:35.239] [info] CMC::computeControls, t = 1.80600
[2023-03-10 23:17:35.281] [info] CMC::computeControls, t = 1.80700
[2023-03-10 23:17:35.299] [info] CMC::computeControls, t = 1.80800
[2023-03-10 23:17:35.325] [info] CMC::computeControls, t = 1.80900
[2023-03-10 23:17:35.355] [info] CMC::computeControls, t = 1.81
[2023-03-10 23:17:35.370] [info] CMC::computeControls, t = 1.811
[2023-03-10 23:17:35.403] [info] CMC::computeControls, t = 1.812
[2023-03-10 23:17:35.434] [info] CMC::computeControls, t = 1.813
[2023-03-10 23:17:35.456] [info] CMC::computeControls, t = 1.814
[2023-03-10 23:17:35.483] [info] CMC::computeControls, t = 1.815
[2023-03-10 23:17:35.502] [info] CMC::computeControls, t = 1.816
[2023-03-10 23:17:35.544] [info] CMC::computeControls, t = 1.817
[2023-03-10 23:17:35.575] [info] CMC::computeControls, t = 1.818
[2023-03-10 23:17:35.610] [info] CMC::computeControls, t = 1.819
[2023-03-10 23:17:35.648] [info] CMC::computeControls, t = 1.82
[2023-03-10 23:17:35.690] [info] CMC::computeControls, t = 1.821
[2023-03-10 23:17:35.728] [info] CMC::computeControls, t = 1.822
[2023-03-10 23:17:35.756] [info] CMC::computeControls, t = 1.823
[2023-03-10 23:17:35.773] [info] CMC::computeControls, t = 1.824
[2023-03-10 23:17:35.796] [info] CMC::computeControls, t = 1.825
[2023-03-10 23:17:35.820] [info] CMC::computeControls, t = 1.826
[2023-03-10 23:17:35.856] [info] CMC::computeControls, t = 1.827
[2023-03-10 23:17:35.874] [info] CMC::computeControls, t = 1.828
[2023-03-10 23:17:35.896] [info] CMC::computeControls, t = 1.829
[2023-03-10 23:17:35.912] [info] CMC::computeControls, t = 1.83
[2023-03-10 23:17:35.929] [info] CMC::computeControls, t = 1.831
[2023-03-10 23:17:35.946] [info] CMC::computeControls, t = 1.832
[2023-03-10 23:17:35.975] [info] CMC::computeControls, t = 1.833
[2023-03-10 23:17:35.990] [info] CMC::computeControls, t = 1.834
[2023-03-10 23:17:36.016] [info] CMC::computeControls, t = 1.835
[2023-03-10 23:17:36.041] [info] CMC::computeControls, t = 1.836
[2023-03-10 23:17:36.056] [info] CMC::computeControls, t = 1.837
[2023-03-10 23:17:36.096] [info] CMC::computeControls, t = 1.838
[2023-03-10 23:17:36.130] [info] CMC::computeControls, t = 1.839
[2023-03-10 23:17:36.164] [info] CMC::computeControls, t = 1.84
[2023-03-10 23:17:36.188] [info] CMC::computeControls, t = 1.841
[2023-03-10 23:17:36.204] [info] CMC::computeControls, t = 1.842
[2023-03-10 23:17:36.228] [info] CMC::computeControls, t = 1.843
[2023-03-10 23:17:36.259] [info] CMC::computeControls, t = 1.844
[2023-03-10 23:17:36.283] [info] CMC::computeControls, t = 1.845
[2023-03-10 23:17:36.309] [info] CMC::computeControls, t = 1.846
[2023-03-10 23:17:36.326] [info] CMC::computeControls, t = 1.847
[2023-03-10 23:17:36.343] [info] CMC::computeControls, t = 1.848
[2023-03-10 23:17:36.372] [info] CMC::computeControls, t = 1.849
[2023-03-10 23:17:36.405] [info] CMC::computeControls, t = 1.85
[2023-03-10 23:17:36.421] [info] CMC::computeControls, t = 1.851
[2023-03-10 23:17:36.445] [info] CMC::computeControls, t = 1.852
[2023-03-10 23:17:36.463] [info] CMC::computeControls, t = 1.853
[2023-03-10 23:17:36.502] [info] CMC::computeControls, t = 1.854
[2023-03-10 23:17:36.531] [info] CMC::computeControls, t = 1.855
[2023-03-10 23:17:36.560] [info] CMC::computeControls, t = 1.856
[2023-03-10 23:17:36.590] [info] CMC::computeControls, t = 1.857
[2023-03-10 23:17:36.607] [info] CMC::computeControls, t = 1.858
[2023-03-10 23:17:36.632] [info] CMC::computeControls, t = 1.859
[2023-03-10 23:17:36.649] [info] CMC::computeControls, t = 1.86
[2023-03-10 23:17:36.670] [info] CMC::computeControls, t = 1.861
[2023-03-10 23:17:36.709] [info] CMC::computeControls, t = 1.862
[2023-03-10 23:17:36.727] [info] CMC::computeControls, t = 1.863
[2023-03-10 23:17:36.756] [info] CMC::computeControls, t = 1.864
[2023-03-10 23:17:36.778] [info] CMC::computeControls, t = 1.865
[2023-03-10 23:17:36.815] [info] CMC::computeControls, t = 1.866
[2023-03-10 23:17:36.843] [info] CMC::computeControls, t = 1.867
[2023-03-10 23:17:36.877] [info] CMC::computeControls, t = 1.868
[2023-03-10 23:17:36.896] [info] CMC::computeControls, t = 1.869
[2023-03-10 23:17:36.922] [info] CMC::computeControls, t = 1.87
[2023-03-10 23:17:36.947] [info] CMC::computeControls, t = 1.871
[2023-03-10 23:17:36.963] [info] CMC::computeControls, t = 1.872
[2023-03-10 23:17:36.982] [info] CMC::computeControls, t = 1.873
[2023-03-10 23:17:37.018] [info] CMC::computeControls, t = 1.874
[2023-03-10 23:17:37.050] [info] CMC::computeControls, t = 1.875
[2023-03-10 23:17:37.076] [info] CMC::computeControls, t = 1.876
[2023-03-10 23:17:37.103] [info] CMC::computeControls, t = 1.877
[2023-03-10 23:17:37.128] [info] CMC::computeControls, t = 1.878
[2023-03-10 23:17:37.169] [info] CMC::computeControls, t = 1.879
[2023-03-10 23:17:37.207] [info] CMC::computeControls, t = 1.88
[2023-03-10 23:17:37.223] [info] CMC::computeControls, t = 1.881
[2023-03-10 23:17:37.258] [info] CMC::computeControls, t = 1.882
[2023-03-10 23:17:37.284] [info] CMC::computeControls, t = 1.883
[2023-03-10 23:17:37.322] [info] CMC::computeControls, t = 1.884
[2023-03-10 23:17:37.349] [info] CMC::computeControls, t = 1.885
[2023-03-10 23:17:37.380] [info] CMC::computeControls, t = 1.886
[2023-03-10 23:17:37.412] [info] CMC::computeControls, t = 1.887
[2023-03-10 23:17:37.446] [info] CMC::computeControls, t = 1.888
[2023-03-10 23:17:37.470] [info] CMC::computeControls, t = 1.889
[2023-03-10 23:17:37.493] [info] CMC::computeControls, t = 1.89
[2023-03-10 23:17:37.517] [info] CMC::computeControls, t = 1.891
[2023-03-10 23:17:37.549] [info] CMC::computeControls, t = 1.892
[2023-03-10 23:17:37.582] [info] CMC::computeControls, t = 1.893
[2023-03-10 23:17:37.606] [info] CMC::computeControls, t = 1.894
[2023-03-10 23:17:37.630] [info] CMC::computeControls, t = 1.895
[2023-03-10 23:17:37.652] [info] CMC::computeControls, t = 1.896
[2023-03-10 23:17:37.682] [info] CMC::computeControls, t = 1.897
[2023-03-10 23:17:37.714] [info] CMC::computeControls, t = 1.898
[2023-03-10 23:17:37.747] [info] CMC::computeControls, t = 1.899
[2023-03-10 23:17:37.773] [info] CMC::computeControls, t = 1.9
[2023-03-10 23:17:37.801] [info] CMC::computeControls, t = 1.90100
[2023-03-10 23:17:37.831] [info] CMC::computeControls, t = 1.90200
[2023-03-10 23:17:37.876] [info] CMC::computeControls, t = 1.90300
[2023-03-10 23:17:37.913] [info] CMC::computeControls, t = 1.90400
[2023-03-10 23:17:37.942] [info] CMC::computeControls, t = 1.90500
[2023-03-10 23:17:37.971] [info] CMC::computeControls, t = 1.90600
[2023-03-10 23:17:38.017] [info] CMC::computeControls, t = 1.90700
[2023-03-10 23:17:38.052] [info] CMC::computeControls, t = 1.90800
[2023-03-10 23:17:38.083] [info] CMC::computeControls, t = 1.90900
[2023-03-10 23:17:38.111] [info] CMC::computeControls, t = 1.91
[2023-03-10 23:17:38.139] [info] CMC::computeControls, t = 1.911
[2023-03-10 23:17:38.157] [info] CMC::computeControls, t = 1.912
[2023-03-10 23:17:38.173] [info] CMC::computeControls, t = 1.913
[2023-03-10 23:17:38.190] [info] CMC::computeControls, t = 1.914
[2023-03-10 23:17:38.216] [info] CMC::computeControls, t = 1.915
[2023-03-10 23:17:38.245] [info] CMC::computeControls, t = 1.916
[2023-03-10 23:17:38.263] [info] CMC::computeControls, t = 1.917
[2023-03-10 23:17:38.287] [info] CMC::computeControls, t = 1.918
[2023-03-10 23:17:38.316] [info] CMC::computeControls, t = 1.919
[2023-03-10 23:17:38.338] [info] CMC::computeControls, t = 1.92
[2023-03-10 23:17:38.380] [info] CMC::computeControls, t = 1.921
[2023-03-10 23:17:38.408] [info] CMC::computeControls, t = 1.922
[2023-03-10 23:17:38.442] [info] CMC::computeControls, t = 1.923
[2023-03-10 23:17:38.478] [info] CMC::computeControls, t = 1.924
[2023-03-10 23:17:38.506] [info] CMC::computeControls, t = 1.925
[2023-03-10 23:17:38.528] [info] CMC::computeControls, t = 1.926
[2023-03-10 23:17:38.555] [info] CMC::computeControls, t = 1.927
[2023-03-10 23:17:38.597] [info] CMC::computeControls, t = 1.928
[2023-03-10 23:17:38.642] [info] CMC::computeControls, t = 1.929
[2023-03-10 23:17:38.666] [info] CMC::computeControls, t = 1.93
[2023-03-10 23:17:38.686] [info] CMC::computeControls, t = 1.931
[2023-03-10 23:17:38.703] [info] CMC::computeControls, t = 1.932
[2023-03-10 23:17:38.731] [info] CMC::computeControls, t = 1.933
[2023-03-10 23:17:38.760] [info] CMC::computeControls, t = 1.934
[2023-03-10 23:17:38.797] [info] CMC::computeControls, t = 1.935
[2023-03-10 23:17:38.826] [info] CMC::computeControls, t = 1.936
[2023-03-10 23:17:38.860] [info] CMC::computeControls, t = 1.937
[2023-03-10 23:17:38.885] [info] CMC::computeControls, t = 1.938
[2023-03-10 23:17:38.901] [info] CMC::computeControls, t = 1.939
[2023-03-10 23:17:38.925] [info] CMC::computeControls, t = 1.94
[2023-03-10 23:17:38.943] [info] CMC::computeControls, t = 1.941
[2023-03-10 23:17:38.978] [info] CMC::computeControls, t = 1.942
[2023-03-10 23:17:38.998] [info] CMC::computeControls, t = 1.943
[2023-03-10 23:17:39.038] [info] CMC::computeControls, t = 1.944
[2023-03-10 23:17:39.078] [info] CMC::computeControls, t = 1.945
[2023-03-10 23:17:39.111] [info] CMC::computeControls, t = 1.946
[2023-03-10 23:17:39.136] [info] CMC::computeControls, t = 1.947
[2023-03-10 23:17:39.159] [info] CMC::computeControls, t = 1.948
[2023-03-10 23:17:39.181] [info] CMC::computeControls, t = 1.949
[2023-03-10 23:17:39.197] [info] CMC::computeControls, t = 1.95
[2023-03-10 23:17:39.222] [info] CMC::computeControls, t = 1.951
[2023-03-10 23:17:39.248] [info] CMC::computeControls, t = 1.952
[2023-03-10 23:17:39.264] [info] CMC::computeControls, t = 1.953
[2023-03-10 23:17:39.282] [info] CMC::computeControls, t = 1.954
[2023-03-10 23:17:39.302] [info] CMC::computeControls, t = 1.955
[2023-03-10 23:17:39.337] [info] CMC::computeControls, t = 1.956
[2023-03-10 23:17:39.382] [info] CMC::computeControls, t = 1.957
[2023-03-10 23:17:39.406] [info] CMC::computeControls, t = 1.958
[2023-03-10 23:17:39.432] [info] CMC::computeControls, t = 1.959
[2023-03-10 23:17:39.448] [info] CMC::computeControls, t = 1.96
[2023-03-10 23:17:39.472] [info] CMC::computeControls, t = 1.961
[2023-03-10 23:17:39.493] [info] CMC::computeControls, t = 1.962
[2023-03-10 23:17:39.512] [info] CMC::computeControls, t = 1.963
[2023-03-10 23:17:39.527] [info] CMC::computeControls, t = 1.964
[2023-03-10 23:17:39.560] [info] CMC::computeControls, t = 1.965
[2023-03-10 23:17:39.577] [info] CMC::computeControls, t = 1.966
[2023-03-10 23:17:39.614] [info] CMC::computeControls, t = 1.967
[2023-03-10 23:17:39.660] [info] CMC::computeControls, t = 1.968
[2023-03-10 23:17:39.687] [info] CMC::computeControls, t = 1.969
[2023-03-10 23:17:39.716] [info] CMC::computeControls, t = 1.97
[2023-03-10 23:17:39.763] [info] CMC::computeControls, t = 1.971
[2023-03-10 23:17:39.791] [info] CMC::computeControls, t = 1.972
[2023-03-10 23:17:39.843] [info] CMC::computeControls, t = 1.973
[2023-03-10 23:17:39.869] [info] CMC::computeControls, t = 1.974
[2023-03-10 23:17:39.885] [info] CMC::computeControls, t = 1.975
[2023-03-10 23:17:39.913] [info] CMC::computeControls, t = 1.976
[2023-03-10 23:17:39.937] [info] CMC::computeControls, t = 1.977
[2023-03-10 23:17:39.953] [info] CMC::computeControls, t = 1.978
[2023-03-10 23:17:39.976] [info] CMC::computeControls, t = 1.979
[2023-03-10 23:17:39.998] [info] CMC::computeControls, t = 1.98
[2023-03-10 23:17:40.028] [info] CMC::computeControls, t = 1.981
[2023-03-10 23:17:40.046] [info] CMC::computeControls, t = 1.982
[2023-03-10 23:17:40.071] [info] CMC::computeControls, t = 1.983
[2023-03-10 23:17:40.104] [info] CMC::computeControls, t = 1.984
[2023-03-10 23:17:40.122] [info] CMC::computeControls, t = 1.985
[2023-03-10 23:17:40.146] [info] CMC::computeControls, t = 1.986
[2023-03-10 23:17:40.161] [info] CMC::computeControls, t = 1.987
[2023-03-10 23:17:40.193] [info] CMC::computeControls, t = 1.988
[2023-03-10 23:17:40.234] [info] CMC::computeControls, t = 1.989
[2023-03-10 23:17:40.277] [info] CMC::computeControls, t = 1.99
[2023-03-10 23:17:40.313] [info] CMC::computeControls, t = 1.991
[2023-03-10 23:17:40.334] [info] CMC::computeControls, t = 1.992
[2023-03-10 23:17:40.351] [info] CMC::computeControls, t = 1.993
[2023-03-10 23:17:40.380] [info] CMC::computeControls, t = 1.994
[2023-03-10 23:17:40.410] [info] CMC::computeControls, t = 1.995
[2023-03-10 23:17:40.455] [info] CMC::computeControls, t = 1.996
[2023-03-10 23:17:40.482] [info] CMC::computeControls, t = 1.997
[2023-03-10 23:17:40.499] [info] CMC::computeControls, t = 1.998
[2023-03-10 23:17:40.530] [info] CMC::computeControls, t = 1.999
[2023-03-10 23:17:40.566] [info] CMC::computeControls, t = 2.0
[2023-03-10 23:17:40.596] [info] CMC::computeControls, t = 2.00100
[2023-03-10 23:17:40.633] [info] CMC::computeControls, t = 2.00200
[2023-03-10 23:17:40.666] [info] CMC::computeControls, t = 2.00300
[2023-03-10 23:17:40.688] [info] CMC::computeControls, t = 2.00400
[2023-03-10 23:17:40.708] [info] CMC::computeControls, t = 2.00500
[2023-03-10 23:17:40.733] [info] CMC::computeControls, t = 2.00600
[2023-03-10 23:17:40.753] [info] CMC::computeControls, t = 2.00700
[2023-03-10 23:17:40.781] [info] CMC::computeControls, t = 2.00800
[2023-03-10 23:17:40.797] [info] CMC::computeControls, t = 2.00900
[2023-03-10 23:17:40.822] [info] CMC::computeControls, t = 2.01
[2023-03-10 23:17:40.844] [info] CMC::computeControls, t = 2.011
[2023-03-10 23:17:40.877] [info] CMC::computeControls, t = 2.012
[2023-03-10 23:17:40.912] [info] CMC::computeControls, t = 2.013
[2023-03-10 23:17:40.939] [info] CMC::computeControls, t = 2.014
[2023-03-10 23:17:40.969] [info] CMC::computeControls, t = 2.015
[2023-03-10 23:17:41.006] [info] CMC::computeControls, t = 2.016
[2023-03-10 23:17:41.034] [info] CMC::computeControls, t = 2.017
[2023-03-10 23:17:41.055] [info] CMC::computeControls, t = 2.018
[2023-03-10 23:17:41.073] [info] CMC::computeControls, t = 2.019
[2023-03-10 23:17:41.095] [info] CMC::computeControls, t = 2.02
[2023-03-10 23:17:41.111] [info] CMC::computeControls, t = 2.021
[2023-03-10 23:17:41.130] [info] CMC::computeControls, t = 2.022
[2023-03-10 23:17:41.145] [info] CMC::computeControls, t = 2.023
[2023-03-10 23:17:41.163] [info] CMC::computeControls, t = 2.024
[2023-03-10 23:17:41.185] [info] CMC::computeControls, t = 2.025
[2023-03-10 23:17:41.221] [info] CMC::computeControls, t = 2.026
[2023-03-10 23:17:41.243] [info] CMC::computeControls, t = 2.027
[2023-03-10 23:17:41.265] [info] CMC::computeControls, t = 2.028
[2023-03-10 23:17:41.303] [info] CMC::computeControls, t = 2.029
[2023-03-10 23:17:41.328] [info] CMC::computeControls, t = 2.03
[2023-03-10 23:17:41.344] [info] CMC::computeControls, t = 2.031
[2023-03-10 23:17:41.362] [info] CMC::computeControls, t = 2.032
[2023-03-10 23:17:41.379] [info] CMC::computeControls, t = 2.033
[2023-03-10 23:17:41.396] [info] CMC::computeControls, t = 2.034
[2023-03-10 23:17:41.413] [info] CMC::computeControls, t = 2.035
[2023-03-10 23:17:41.430] [info] CMC::computeControls, t = 2.036
[2023-03-10 23:17:41.447] [info] CMC::computeControls, t = 2.037
[2023-03-10 23:17:41.469] [info] CMC::computeControls, t = 2.038
[2023-03-10 23:17:41.501] [info] CMC::computeControls, t = 2.039
[2023-03-10 23:17:41.525] [info] CMC::computeControls, t = 2.04
[2023-03-10 23:17:41.542] [info] CMC::computeControls, t = 2.041
[2023-03-10 23:17:41.567] [info] CMC::computeControls, t = 2.042
[2023-03-10 23:17:41.588] [info] CMC::computeControls, t = 2.043
[2023-03-10 23:17:41.619] [info] CMC::computeControls, t = 2.044
[2023-03-10 23:17:41.636] [info] CMC::computeControls, t = 2.045
[2023-03-10 23:17:41.661] [info] CMC::computeControls, t = 2.046
[2023-03-10 23:17:41.681] [info] CMC::computeControls, t = 2.047
[2023-03-10 23:17:41.707] [info] CMC::computeControls, t = 2.048
[2023-03-10 23:17:41.732] [info] CMC::computeControls, t = 2.049
[2023-03-10 23:17:41.752] [info] CMC::computeControls, t = 2.05
[2023-03-10 23:17:41.771] [info] CMC::computeControls, t = 2.051
[2023-03-10 23:17:41.787] [info] CMC::computeControls, t = 2.052
[2023-03-10 23:17:41.817] [info] CMC::computeControls, t = 2.053
[2023-03-10 23:17:41.842] [info] CMC::computeControls, t = 2.054
[2023-03-10 23:17:41.863] [info] CMC::computeControls, t = 2.055
[2023-03-10 23:17:41.894] [info] CMC::computeControls, t = 2.056
[2023-03-10 23:17:41.910] [info] CMC::computeControls, t = 2.057
[2023-03-10 23:17:41.926] [info] CMC::computeControls, t = 2.058
[2023-03-10 23:17:41.953] [info] CMC::computeControls, t = 2.059
[2023-03-10 23:17:41.969] [info] CMC::computeControls, t = 2.06
[2023-03-10 23:17:41.993] [info] CMC::computeControls, t = 2.061
[2023-03-10 23:17:42.022] [info] CMC::computeControls, t = 2.062
[2023-03-10 23:17:42.065] [info] CMC::computeControls, t = 2.063
[2023-03-10 23:17:42.089] [info] CMC::computeControls, t = 2.064
[2023-03-10 23:17:42.114] [info] CMC::computeControls, t = 2.065
[2023-03-10 23:17:42.138] [info] CMC::computeControls, t = 2.066
[2023-03-10 23:17:42.157] [info] CMC::computeControls, t = 2.067
[2023-03-10 23:17:42.182] [info] CMC::computeControls, t = 2.068
[2023-03-10 23:17:42.207] [info] CMC::computeControls, t = 2.069
[2023-03-10 23:17:42.233] [info] CMC::computeControls, t = 2.07
[2023-03-10 23:17:42.254] [info] CMC::computeControls, t = 2.071
[2023-03-10 23:17:42.271] [info] CMC::computeControls, t = 2.072
[2023-03-10 23:17:42.293] [info] CMC::computeControls, t = 2.073
[2023-03-10 23:17:42.323] [info] CMC::computeControls, t = 2.074
[2023-03-10 23:17:42.342] [info] CMC::computeControls, t = 2.075
[2023-03-10 23:17:42.365] [info] CMC::computeControls, t = 2.076
[2023-03-10 23:17:42.406] [info] CMC::computeControls, t = 2.077
[2023-03-10 23:17:42.429] [info] CMC::computeControls, t = 2.078
[2023-03-10 23:17:42.448] [info] CMC::computeControls, t = 2.079
[2023-03-10 23:17:42.480] [info] CMC::computeControls, t = 2.08
[2023-03-10 23:17:42.496] [info] CMC::computeControls, t = 2.081
[2023-03-10 23:17:42.522] [info] CMC::computeControls, t = 2.082
[2023-03-10 23:17:42.544] [info] CMC::computeControls, t = 2.083
[2023-03-10 23:17:42.583] [info] CMC::computeControls, t = 2.084
[2023-03-10 23:17:42.600] [info] CMC::computeControls, t = 2.085
[2023-03-10 23:17:42.627] [info] CMC::computeControls, t = 2.086
[2023-03-10 23:17:42.649] [info] CMC::computeControls, t = 2.087
[2023-03-10 23:17:42.684] [info] CMC::computeControls, t = 2.088
[2023-03-10 23:17:42.702] [info] CMC::computeControls, t = 2.089
[2023-03-10 23:17:42.730] [info] CMC::computeControls, t = 2.09
[2023-03-10 23:17:42.767] [info] CMC::computeControls, t = 2.091
[2023-03-10 23:17:42.799] [info] CMC::computeControls, t = 2.092
[2023-03-10 23:17:42.817] [info] CMC::computeControls, t = 2.093
[2023-03-10 23:17:42.843] [info] CMC::computeControls, t = 2.094
[2023-03-10 23:17:42.875] [info] CMC::computeControls, t = 2.095
[2023-03-10 23:17:42.900] [info] CMC::computeControls, t = 2.096
[2023-03-10 23:17:42.926] [info] CMC::computeControls, t = 2.097
[2023-03-10 23:17:42.942] [info] CMC::computeControls, t = 2.098
[2023-03-10 23:17:42.959] [info] CMC::computeControls, t = 2.099
[2023-03-10 23:17:42.983] [info] CMC::computeControls, t = 2.1
[2023-03-10 23:17:43.004] [info] CMC::computeControls, t = 2.10100
[2023-03-10 23:17:43.029] [info] CMC::computeControls, t = 2.10200
[2023-03-10 23:17:43.045] [info] CMC::computeControls, t = 2.10300
[2023-03-10 23:17:43.079] [info] CMC::computeControls, t = 2.10400
[2023-03-10 23:17:43.114] [info] CMC::computeControls, t = 2.10500
[2023-03-10 23:17:43.131] [info] CMC::computeControls, t = 2.10600
[2023-03-10 23:17:43.146] [info] CMC::computeControls, t = 2.10700
[2023-03-10 23:17:43.170] [info] CMC::computeControls, t = 2.10800
[2023-03-10 23:17:43.194] [info] CMC::computeControls, t = 2.10900
[2023-03-10 23:17:43.220] [info] CMC::computeControls, t = 2.11
[2023-03-10 23:17:43.248] [info] CMC::computeControls, t = 2.111
[2023-03-10 23:17:43.269] [info] CMC::computeControls, t = 2.112
[2023-03-10 23:17:43.293] [info] CMC::computeControls, t = 2.113
[2023-03-10 23:17:43.326] [info] CMC::computeControls, t = 2.114
[2023-03-10 23:17:43.361] [info] CMC::computeControls, t = 2.115
[2023-03-10 23:17:43.385] [info] CMC::computeControls, t = 2.116
[2023-03-10 23:17:43.407] [info] CMC::computeControls, t = 2.117
[2023-03-10 23:17:43.434] [info] CMC::computeControls, t = 2.118
[2023-03-10 23:17:43.450] [info] CMC::computeControls, t = 2.119
[2023-03-10 23:17:43.467] [info] CMC::computeControls, t = 2.12
[2023-03-10 23:17:43.489] [info] CMC::computeControls, t = 2.121
[2023-03-10 23:17:43.513] [info] CMC::computeControls, t = 2.122
[2023-03-10 23:17:43.534] [info] CMC::computeControls, t = 2.123
[2023-03-10 23:17:43.564] [info] CMC::computeControls, t = 2.124
[2023-03-10 23:17:43.593] [info] CMC::computeControls, t = 2.125
[2023-03-10 23:17:43.618] [info] CMC::computeControls, t = 2.126
[2023-03-10 23:17:43.638] [info] CMC::computeControls, t = 2.127
[2023-03-10 23:17:43.672] [info] CMC::computeControls, t = 2.128
[2023-03-10 23:17:43.705] [info] CMC::computeControls, t = 2.129
[2023-03-10 23:17:43.738] [info] CMC::computeControls, t = 2.13
[2023-03-10 23:17:43.773] [info] CMC::computeControls, t = 2.131
[2023-03-10 23:17:43.800] [info] CMC::computeControls, t = 2.132
[2023-03-10 23:17:43.828] [info] CMC::computeControls, t = 2.133
[2023-03-10 23:17:43.863] [info] CMC::computeControls, t = 2.134
[2023-03-10 23:17:43.901] [info] CMC::computeControls, t = 2.135
[2023-03-10 23:17:43.930] [info] CMC::computeControls, t = 2.136
[2023-03-10 23:17:43.962] [info] CMC::computeControls, t = 2.137
[2023-03-10 23:17:43.990] [info] CMC::computeControls, t = 2.138
[2023-03-10 23:17:44.018] [info] CMC::computeControls, t = 2.139
[2023-03-10 23:17:44.039] [info] CMC::computeControls, t = 2.14
[2023-03-10 23:17:44.061] [info] CMC::computeControls, t = 2.141
[2023-03-10 23:17:44.102] [info] CMC::computeControls, t = 2.142
[2023-03-10 23:17:44.137] [info] CMC::computeControls, t = 2.143
[2023-03-10 23:17:44.164] [info] CMC::computeControls, t = 2.144
[2023-03-10 23:17:44.185] [info] CMC::computeControls, t = 2.145
[2023-03-10 23:17:44.213] [info] CMC::computeControls, t = 2.146
[2023-03-10 23:17:44.238] [info] CMC::computeControls, t = 2.147
[2023-03-10 23:17:44.254] [info] CMC::computeControls, t = 2.148
[2023-03-10 23:17:44.270] [info] CMC::computeControls, t = 2.149
[2023-03-10 23:17:44.300] [info] CMC::computeControls, t = 2.15
[2023-03-10 23:17:44.321] [info] CMC::computeControls, t = 2.151
[2023-03-10 23:17:44.337] [info] CMC::computeControls, t = 2.152
[2023-03-10 23:17:44.354] [info] CMC::computeControls, t = 2.153
[2023-03-10 23:17:44.373] [info] CMC::computeControls, t = 2.154
[2023-03-10 23:17:44.389] [info] CMC::computeControls, t = 2.155
[2023-03-10 23:17:44.414] [info] CMC::computeControls, t = 2.156
[2023-03-10 23:17:44.452] [info] CMC::computeControls, t = 2.157
[2023-03-10 23:17:44.479] [info] CMC::computeControls, t = 2.158
[2023-03-10 23:17:44.500] [info] CMC::computeControls, t = 2.159
[2023-03-10 23:17:44.533] [info] CMC::computeControls, t = 2.16
[2023-03-10 23:17:44.553] [info] CMC::computeControls, t = 2.161
[2023-03-10 23:17:44.581] [info] CMC::computeControls, t = 2.162
[2023-03-10 23:17:44.612] [info] CMC::computeControls, t = 2.163
[2023-03-10 23:17:44.638] [info] CMC::computeControls, t = 2.164
[2023-03-10 23:17:44.658] [info] CMC::computeControls, t = 2.165
[2023-03-10 23:17:44.698] [info] CMC::computeControls, t = 2.166
[2023-03-10 23:17:44.736] [info] CMC::computeControls, t = 2.167
[2023-03-10 23:17:44.765] [info] CMC::computeControls, t = 2.168
[2023-03-10 23:17:44.787] [info] CMC::computeControls, t = 2.169
[2023-03-10 23:17:44.803] [info] CMC::computeControls, t = 2.17
[2023-03-10 23:17:44.828] [info] CMC::computeControls, t = 2.171
[2023-03-10 23:17:44.852] [info] CMC::computeControls, t = 2.172
[2023-03-10 23:17:44.872] [info] CMC::computeControls, t = 2.173
[2023-03-10 23:17:44.888] [info] CMC::computeControls, t = 2.174
[2023-03-10 23:17:44.911] [info] CMC::computeControls, t = 2.175
[2023-03-10 23:17:44.947] [info] CMC::computeControls, t = 2.176
[2023-03-10 23:17:44.963] [info] CMC::computeControls, t = 2.177
[2023-03-10 23:17:45.006] [info] CMC::computeControls, t = 2.178
[2023-03-10 23:17:45.034] [info] CMC::computeControls, t = 2.179
[2023-03-10 23:17:45.064] [info] CMC::computeControls, t = 2.18
[2023-03-10 23:17:45.088] [info] CMC::computeControls, t = 2.181
[2023-03-10 23:17:45.119] [info] CMC::computeControls, t = 2.182
[2023-03-10 23:17:45.151] [info] CMC::computeControls, t = 2.183
[2023-03-10 23:17:45.184] [info] CMC::computeControls, t = 2.184
[2023-03-10 23:17:45.209] [info] CMC::computeControls, t = 2.185
[2023-03-10 23:17:45.228] [info] CMC::computeControls, t = 2.186
[2023-03-10 23:17:45.244] [info] CMC::computeControls, t = 2.187
[2023-03-10 23:17:45.270] [info] CMC::computeControls, t = 2.188
[2023-03-10 23:17:45.303] [info] CMC::computeControls, t = 2.189
[2023-03-10 23:17:45.328] [info] CMC::computeControls, t = 2.19
[2023-03-10 23:17:45.352] [info] CMC::computeControls, t = 2.191
[2023-03-10 23:17:45.368] [info] CMC::computeControls, t = 2.192
[2023-03-10 23:17:45.395] [info] CMC::computeControls, t = 2.193
[2023-03-10 23:17:45.414] [info] CMC::computeControls, t = 2.194
[2023-03-10 23:17:45.430] [info] CMC::computeControls, t = 2.195
[2023-03-10 23:17:45.447] [info] CMC::computeControls, t = 2.196
[2023-03-10 23:17:45.464] [info] CMC::computeControls, t = 2.197
[2023-03-10 23:17:45.485] [info] CMC::computeControls, t = 2.198
[2023-03-10 23:17:45.506] [info] CMC::computeControls, t = 2.199
[2023-03-10 23:17:45.533] [info] CMC::computeControls, t = 2.2
[2023-03-10 23:17:45.569] [info] CMC::computeControls, t = 2.20100
[2023-03-10 23:17:45.609] [info] CMC::computeControls, t = 2.20200
[2023-03-10 23:17:45.637] [info] CMC::computeControls, t = 2.20300
[2023-03-10 23:17:45.668] [info] CMC::computeControls, t = 2.20400
[2023-03-10 23:17:45.698] [info] CMC::computeControls, t = 2.20500
[2023-03-10 23:17:45.729] [info] CMC::computeControls, t = 2.20600
[2023-03-10 23:17:45.762] [info] CMC::computeControls, t = 2.20700
[2023-03-10 23:17:45.787] [info] CMC::computeControls, t = 2.20800
[2023-03-10 23:17:45.809] [info] CMC::computeControls, t = 2.20900
[2023-03-10 23:17:45.845] [info] CMC::computeControls, t = 2.21
[2023-03-10 23:17:45.879] [info] CMC::computeControls, t = 2.211
[2023-03-10 23:17:45.898] [info] CMC::computeControls, t = 2.212
[2023-03-10 23:17:45.922] [info] CMC::computeControls, t = 2.213
[2023-03-10 23:17:45.950] [info] CMC::computeControls, t = 2.214
[2023-03-10 23:17:45.966] [info] CMC::computeControls, t = 2.215
[2023-03-10 23:17:45.992] [info] CMC::computeControls, t = 2.216
[2023-03-10 23:17:46.017] [info] CMC::computeControls, t = 2.217
[2023-03-10 23:17:46.042] [info] CMC::computeControls, t = 2.218
[2023-03-10 23:17:46.063] [info] CMC::computeControls, t = 2.219
[2023-03-10 23:17:46.079] [info] CMC::computeControls, t = 2.22
[2023-03-10 23:17:46.098] [info] CMC::computeControls, t = 2.221
[2023-03-10 23:17:46.119] [info] CMC::computeControls, t = 2.222
[2023-03-10 23:17:46.159] [info] CMC::computeControls, t = 2.223
[2023-03-10 23:17:46.190] [info] CMC::computeControls, t = 2.224
[2023-03-10 23:17:46.212] [info] CMC::computeControls, t = 2.225
[2023-03-10 23:17:46.240] [info] CMC::computeControls, t = 2.226
[2023-03-10 23:17:46.263] [info] CMC::computeControls, t = 2.227
[2023-03-10 23:17:46.296] [info] -------------------------------------------
[2023-03-10 23:17:46.296] [info] Finished tracking the specified kinematics:
[2023-03-10 23:17:46.296] [info] -------------------------------------------
[2023-03-10 23:17:46.296] [info]  -- Start time = Fri Mar 10 23:17:30 2023
[2023-03-10 23:17:46.296] [info]  -- Finish time = Fri Mar 10 23:17:46 2023
[2023-03-10 23:17:46.296] [info]  -- Elapsed time = 16.0 seconds.
[2023-03-10 23:17:46.296] [info] -------------------------------------------
[2023-03-10 23:17:46.296] [info] 
[2023-03-10 23:17:46.296] [info] Printing results of investigation subject08_run5_cycle3 to cycle3/
[2023-03-10 23:17:46.892] [info] 

************************************************************
*      Summary of Mass Adjustments to Reduce Residuals     *
************************************************************
* Body adjusted: torso
* Mass Center (COM) adjustment: dx =-0.0200343, dz =-0.00157433
* New COM location: ~[-0.0111114,0.33222,0.00157433]
************************************************************
* Recommended mass adjustments:                             
*  Total mass change: -0.914057
*  pelvis: orig mass = 12.9063, new mass = 12.7631
*  femur_r: orig mass = 10.1933, new mass = 10.0802
*  tibia_r: orig mass = 4.06302, new mass = 4.01794
*  talus_r: orig mass = 0.109589, new mass = 0.108373
*  calcn_r: orig mass = 1.36987, new mass = 1.35467
*  toes_r: orig mass = 0.23737, new mass = 0.234736
*  femur_l: orig mass = 10.1933, new mass = 10.0802
*  tibia_l: orig mass = 4.06302, new mass = 4.01794
*  talus_l: orig mass = 0.109589, new mass = 0.108373
*  calcn_l: orig mass = 1.36987, new mass = 1.35467
*  toes_l: orig mass = 0.23737, new mass = 0.234736
*  torso: orig mass = 29.3991, new mass = 29.0729
*  humerus_r: orig mass = 2.2274, new mass = 2.20269
*  ulna_r: orig mass = 0.665755, new mass = 0.658367
*  radius_r: orig mass = 0.665755, new mass = 0.658367
*  hand_r: orig mass = 0.501371, new mass = 0.495808
*  humerus_l: orig mass = 2.2274, new mass = 2.20269
*  ulna_l: orig mass = 0.665755, new mass = 0.658367
*  radius_l: orig mass = 0.665755, new mass = 0.658367
*  hand_l: orig mass = 0.501371, new mass = 0.495808
************************************************************
* Note: Edit the model to make recommended adjustments to  *
*       mass properties.                                   *
************************************************************

* Average residuals before adjusting torso COM:
*  FX=-0.664002 FY=8.96384 FZ=0.000983775
*  MX=0.453889 MY=0.567335 MZ=-5.77602
************************************************************
* Average residuals after adjusting torso COM:
*  FX=-0.879848 FY=9.38684 FZ=0.421777
*  MX=0.424647 MY=0.276376 MZ=0.382071
************************************************************


[2023-03-10 23:17:46.892] [info] 
************************************************************
*                   Final Average Residuals                *
************************************************************
* After torso COM and Kinematics adjustments:
*  FX=-6.26371 FY=10.1204 FZ=4.73224
*  MX=-6.40344 MY=-1.41079 MZ=-6.64218
************************************************************


