[2023-03-11 00:02:21.855] [info] AbstractTool subject10_run5_cycle1 loading model ..\..\model\subject10_adjusted_scaled.osim
[2023-03-11 00:02:21.944] [info] Loaded model subject10_scaled from file ..\..\model\subject10_adjusted_scaled.osim
[2023-03-11 00:02:22.034] [info] Adding force object set from subject10_run5_RRA_Actuators.xml
[2023-03-11 00:02:22.059] [info] Running tool subject10_run5_cycle1.
[2023-03-11 00:02:22.098] [warning] ExternalLoads 'externalloads' has subcomponents with duplicate name 'externalforce'. The duplicate is being renamed to 'externalforce_0'.
[2023-03-11 00:02:22.155] [info] 	taskSet size = 29.
[2023-03-11 00:02:22.363] [info] ExternalForce::externalforce Data source being set to Run_500 02_newCOP3_v24.mot
[2023-03-11 00:02:22.363] [info] ExternalForce::externalforce_0 Data source being set to Run_500 02_newCOP3_v24.mot
[2023-03-11 00:02:22.381] [warning] A desired points file was not specified.
[2023-03-11 00:02:22.382] [info] Loading desired kinematics from file '..\..\ik\Run_5.mot'...
[2023-03-11 00:02:22.403] [info] Old version storage/motion file encountered
[2023-03-11 00:02:22.403] [info] Storage: read data file = ..\..\ik\Run_5.mot (nr=544 nc=164)
[2023-03-11 00:02:22.404] [info] .. assuming rotations in Degrees..
[2023-03-11 00:02:22.529] [info] Low-pass filtering desired kinematics with a cutoff frequency of 15.0...
[2023-03-11 00:02:22.940] [cout] [info] MODEL: subject10_scaled

numStates = 74
numCoordinates = 37
numSpeeds = 37
numActuators = 29
numBodies = 20
numConstraints = 0
numProbes = 0

ANALYSES (total: 0)

BODIES (total: 20)
body[0] = pelvis. mass: 10.8524
              moments of inertia:  ~[0.101832,0.101832,0.0498138]
              products of inertia: ~[0,0,0]
body[1] = femur_r. mass: 8.57116
              moments of inertia:  ~[0.140761,0.0368985,0.148435]
              products of inertia: ~[0,0,0]
body[2] = tibia_r. mass: 3.41643
              moments of inertia:  ~[0.0470348,0.00475947,0.0476881]
              products of inertia: ~[0,0,0]
body[3] = talus_r. mass: 0.0921492
              moments of inertia:  ~[0.00101587,0.00101587,0.00101587]
              products of inertia: ~[0,0,0]
body[4] = calcn_r. mass: 1.15186
              moments of inertia:  ~[0.00142222,0.00396189,0.00416507]
              products of inertia: ~[0,0,0]
body[5] = toes_r. mass: 0.199595
              moments of inertia:  ~[0.000101587,0.000203174,0.00101587]
              products of inertia: ~[0,0,0]
body[6] = femur_l. mass: 8.57116
              moments of inertia:  ~[0.140761,0.0368985,0.148435]
              products of inertia: ~[0,0,0]
body[7] = tibia_l. mass: 3.41643
              moments of inertia:  ~[0.0467568,0.00420338,0.0467568]
              products of inertia: ~[0,0,0]
body[8] = talus_l. mass: 0.0921492
              moments of inertia:  ~[0.00101587,0.00101587,0.00101587]
              products of inertia: ~[0,0,0]
body[9] = calcn_l. mass: 1.15186
              moments of inertia:  ~[0.00142222,0.00396189,0.00416507]
              products of inertia: ~[0,0,0]
body[10] = toes_l. mass: 0.199595
              moments of inertia:  ~[0.000101587,0.000203174,0.00101587]
              products of inertia: ~[0,0,0]
body[11] = torso. mass: 24.7205
              moments of inertia:  ~[1.34946,0.69143,1.31001]
              products of inertia: ~[0,0,0]
body[12] = humerus_r. mass: 1.87293
              moments of inertia:  ~[0.0115586,0.00398736,0.0129742]
              products of inertia: ~[0,0,0]
body[13] = ulna_r. mass: 0.559806
              moments of inertia:  ~[0.00256957,0.000536122,0.00278732]
              products of inertia: ~[0,0,0]
body[14] = radius_r. mass: 0.559806
              moments of inertia:  ~[0.00256957,0.000536122,0.00278732]
              products of inertia: ~[0,0,0]
body[15] = hand_r. mass: 0.421582
              moments of inertia:  ~[0.000773821,0.000474529,0.00116247]
              products of inertia: ~[0,0,0]
body[16] = humerus_l. mass: 1.87293
              moments of inertia:  ~[0.0115586,0.00398736,0.0129742]
              products of inertia: ~[0,0,0]
body[17] = ulna_l. mass: 0.559806
              moments of inertia:  ~[0.00256957,0.000536122,0.00278732]
              products of inertia: ~[0,0,0]
body[18] = radius_l. mass: 0.559806
              moments of inertia:  ~[0.00256957,0.000536122,0.00278732]
              products of inertia: ~[0,0,0]
body[19] = hand_l. mass: 0.421582
              moments of inertia:  ~[0.000773821,0.000474529,0.00116247]
              products of inertia: ~[0,0,0]

JOINTS (total: 20)
joint[0] = ground_pelvis. parent: ground_offset, child: pelvis_offset
joint[1] = hip_r. parent: pelvis_offset, child: femur_r_offset
joint[2] = knee_r. parent: femur_r_offset, child: tibia_r_offset
joint[3] = ankle_r. parent: tibia_r_offset, child: talus_r_offset
joint[4] = subtalar_r. parent: talus_r_offset, child: calcn_r_offset
joint[5] = mtp_r. parent: calcn_r_offset, child: toes_r_offset
joint[6] = hip_l. parent: pelvis_offset, child: femur_l_offset
joint[7] = knee_l. parent: femur_l_offset, child: tibia_l_offset
joint[8] = ankle_l. parent: tibia_l_offset, child: talus_l_offset
joint[9] = subtalar_l. parent: talus_l_offset, child: calcn_l_offset
joint[10] = mtp_l. parent: calcn_l_offset, child: toes_l_offset
joint[11] = back. parent: pelvis_offset, child: torso_offset
joint[12] = acromial_r. parent: torso_offset, child: humerus_r_offset
joint[13] = elbow_r. parent: humerus_r_offset, child: ulna_r_offset
joint[14] = radioulnar_r. parent: ulna_r_offset, child: radius_r_offset
joint[15] = radius_hand_r. parent: radius_r_offset, child: hand_r_offset
joint[16] = acromial_l. parent: torso_offset, child: humerus_l_offset
joint[17] = elbow_l. parent: humerus_l_offset, child: ulna_l_offset
joint[18] = radioulnar_l. parent: ulna_l_offset, child: radius_l_offset
joint[19] = radius_hand_l. parent: radius_l_offset, child: hand_l_offset

ACTUATORS (total: 29)
actuator[0] = FX
actuator[1] = FY
actuator[2] = FZ
actuator[3] = MZ
actuator[4] = MX
actuator[5] = MY
actuator[6] = hip_flexion_r
actuator[7] = hip_adduction_r
actuator[8] = hip_rotation_r
actuator[9] = knee_angle_r
actuator[10] = ankle_angle_r
actuator[11] = hip_flexion_l
actuator[12] = hip_adduction_l
actuator[13] = hip_rotation_l
actuator[14] = knee_angle_l
actuator[15] = ankle_angle_l
actuator[16] = lumbar_extension
actuator[17] = lumbar_bending
actuator[18] = lumbar_rotation
actuator[19] = arm_flex_r
actuator[20] = arm_add_r
actuator[21] = arm_rot_r
actuator[22] = elbow_flex_r
actuator[23] = pro_sup_r
actuator[24] = arm_flex_l
actuator[25] = arm_add_l
actuator[26] = arm_rot_l
actuator[27] = elbow_flex_l
actuator[28] = pro_sup_l

STATES (total: 74)
y[0] = /jointset/ground_pelvis/pelvis_tilt/value
y[1] = /jointset/ground_pelvis/pelvis_tilt/speed
y[2] = /jointset/ground_pelvis/pelvis_list/value
y[3] = /jointset/ground_pelvis/pelvis_list/speed
y[4] = /jointset/ground_pelvis/pelvis_rotation/value
y[5] = /jointset/ground_pelvis/pelvis_rotation/speed
y[6] = /jointset/ground_pelvis/pelvis_tx/value
y[7] = /jointset/ground_pelvis/pelvis_tx/speed
y[8] = /jointset/ground_pelvis/pelvis_ty/value
y[9] = /jointset/ground_pelvis/pelvis_ty/speed
y[10] = /jointset/ground_pelvis/pelvis_tz/value
y[11] = /jointset/ground_pelvis/pelvis_tz/speed
y[12] = /jointset/hip_r/hip_flexion_r/value
y[13] = /jointset/hip_r/hip_flexion_r/speed
y[14] = /jointset/hip_r/hip_adduction_r/value
y[15] = /jointset/hip_r/hip_adduction_r/speed
y[16] = /jointset/hip_r/hip_rotation_r/value
y[17] = /jointset/hip_r/hip_rotation_r/speed
y[18] = /jointset/knee_r/knee_angle_r/value
y[19] = /jointset/knee_r/knee_angle_r/speed
y[20] = /jointset/ankle_r/ankle_angle_r/value
y[21] = /jointset/ankle_r/ankle_angle_r/speed
y[22] = /jointset/subtalar_r/subtalar_angle_r/value
y[23] = /jointset/subtalar_r/subtalar_angle_r/speed
y[24] = /jointset/mtp_r/mtp_angle_r/value
y[25] = /jointset/mtp_r/mtp_angle_r/speed
y[26] = /jointset/hip_l/hip_flexion_l/value
y[27] = /jointset/hip_l/hip_flexion_l/speed
y[28] = /jointset/hip_l/hip_adduction_l/value
y[29] = /jointset/hip_l/hip_adduction_l/speed
y[30] = /jointset/hip_l/hip_rotation_l/value
y[31] = /jointset/hip_l/hip_rotation_l/speed
y[32] = /jointset/knee_l/knee_angle_l/value
y[33] = /jointset/knee_l/knee_angle_l/speed
y[34] = /jointset/ankle_l/ankle_angle_l/value
y[35] = /jointset/ankle_l/ankle_angle_l/speed
y[36] = /jointset/subtalar_l/subtalar_angle_l/value
y[37] = /jointset/subtalar_l/subtalar_angle_l/speed
y[38] = /jointset/mtp_l/mtp_angle_l/value
y[39] = /jointset/mtp_l/mtp_angle_l/speed
y[40] = /jointset/back/lumbar_extension/value
y[41] = /jointset/back/lumbar_extension/speed
y[42] = /jointset/back/lumbar_bending/value
y[43] = /jointset/back/lumbar_bending/speed
y[44] = /jointset/back/lumbar_rotation/value
y[45] = /jointset/back/lumbar_rotation/speed
y[46] = /jointset/acromial_r/arm_flex_r/value
y[47] = /jointset/acromial_r/arm_flex_r/speed
y[48] = /jointset/acromial_r/arm_add_r/value
y[49] = /jointset/acromial_r/arm_add_r/speed
y[50] = /jointset/acromial_r/arm_rot_r/value
y[51] = /jointset/acromial_r/arm_rot_r/speed
y[52] = /jointset/elbow_r/elbow_flex_r/value
y[53] = /jointset/elbow_r/elbow_flex_r/speed
y[54] = /jointset/radioulnar_r/pro_sup_r/value
y[55] = /jointset/radioulnar_r/pro_sup_r/speed
y[56] = /jointset/radius_hand_r/wrist_flex_r/value
y[57] = /jointset/radius_hand_r/wrist_flex_r/speed
y[58] = /jointset/radius_hand_r/wrist_dev_r/value
y[59] = /jointset/radius_hand_r/wrist_dev_r/speed
y[60] = /jointset/acromial_l/arm_flex_l/value
y[61] = /jointset/acromial_l/arm_flex_l/speed
y[62] = /jointset/acromial_l/arm_add_l/value
y[63] = /jointset/acromial_l/arm_add_l/speed
y[64] = /jointset/acromial_l/arm_rot_l/value
y[65] = /jointset/acromial_l/arm_rot_l/speed
y[66] = /jointset/elbow_l/elbow_flex_l/value
y[67] = /jointset/elbow_l/elbow_flex_l/speed
y[68] = /jointset/radioulnar_l/pro_sup_l/value
y[69] = /jointset/radioulnar_l/pro_sup_l/speed
y[70] = /jointset/radius_hand_l/wrist_flex_l/value
y[71] = /jointset/radius_hand_l/wrist_flex_l/speed
y[72] = /jointset/radius_hand_l/wrist_dev_l/value
y[73] = /jointset/radius_hand_l/wrist_dev_l/speed

[2023-03-11 00:02:23.674] [info] Requested COM adjustment time range 2.048 to 2.64, clamped to nearest available data times: 2.04 to 2.64.
[2023-03-11 00:02:23.674] [info] Computing average residuals between 2.04 and 2.64...
[2023-03-11 00:02:23.816] [info] ExternalForce::externalforce Data source being set to Run_500 02_newCOP3_v24.mot
[2023-03-11 00:02:23.816] [info] ExternalForce::externalforce_0 Data source being set to Run_500 02_newCOP3_v24.mot
[2023-03-11 00:02:23.928] [info] ExternalForce::externalforce Data source being set to Run_500 02_newCOP3_v24.mot
[2023-03-11 00:02:23.928] [info] ExternalForce::externalforce_0 Data source being set to Run_500 02_newCOP3_v24.mot
[2023-03-11 00:02:26.109] [info] ExternalForce::externalforce Data source being set to Run_500 02_newCOP3_v24.mot
[2023-03-11 00:02:26.109] [info] ExternalForce::externalforce_0 Data source being set to Run_500 02_newCOP3_v24.mot
[2023-03-11 00:02:26.124] [info] Computing average residuals between 2.04 and 2.64...
[2023-03-11 00:02:26.255] [info] ExternalForce::externalforce Data source being set to Run_500 02_newCOP3_v24.mot
[2023-03-11 00:02:26.255] [info] ExternalForce::externalforce_0 Data source being set to Run_500 02_newCOP3_v24.mot
[2023-03-11 00:02:26.365] [info] ExternalForce::externalforce Data source being set to Run_500 02_newCOP3_v24.mot
[2023-03-11 00:02:26.365] [info] ExternalForce::externalforce_0 Data source being set to Run_500 02_newCOP3_v24.mot
[2023-03-11 00:02:28.421] [info] Constructing function set for tracking desired kinematics...
[2023-03-11 00:02:29.598] [warning] No Actuation analysis found in analysis set, adding one...
[2023-03-11 00:02:29.598] [warning] No Kinematics analysis found in analysis set, adding one...
[2023-03-11 00:02:29.601] [info] Using the generalized coordinates specified in '..\..\ik\Run_5.mot' to set the initial configuration.
[2023-03-11 00:02:29.866] [info] Using IPOPT optimizer algorithm.
[2023-03-11 00:02:29.866] [info] Setting optimizer print level to 0.
[2023-03-11 00:02:29.866] [info] Setting optimizer convergence tolerance to 1.0e-05.
[2023-03-11 00:02:29.866] [info] Setting optimizer maximum iterations to 2000.
[2023-03-11 00:02:29.866] [info] Setting cmc controller to not use verbose printing.

[2023-03-11 00:02:29.867] [info] CMC::computeControls, t = 2.048
[2023-03-11 00:02:31.194] [info] --------------------------------------------
[2023-03-11 00:02:31.194] [info] Using CMC to track the specified kinematics:
[2023-03-11 00:02:31.194] [info] --------------------------------------------
[2023-03-11 00:02:31.194] [info]  -- Integrating from 2.048 to 2.64
[2023-03-11 00:02:31.194] [info]  -- Start time = Sat Mar 11 00:02:31 2023
[2023-03-11 00:02:31.194] [info] --------------------------------------------
[2023-03-11 00:02:31.195] [info] 
[2023-03-11 00:02:31.203] [info] CMC::computeControls, t = 2.048
[2023-03-11 00:02:31.247] [info] CMC::computeControls, t = 2.049
[2023-03-11 00:02:31.247] [warning] Coordinate.setValue:  coordinate subtalar_angle_r is locked. Unable to change its value.
[2023-03-11 00:02:31.247] [warning] Coordinate.setValue:  coordinate mtp_angle_r is locked. Unable to change its value.
[2023-03-11 00:02:31.247] [warning] Coordinate.setValue:  coordinate subtalar_angle_l is locked. Unable to change its value.
[2023-03-11 00:02:31.247] [warning] Coordinate.setValue:  coordinate mtp_angle_l is locked. Unable to change its value.
[2023-03-11 00:02:31.247] [warning] Coordinate.setValue:  coordinate wrist_flex_r is locked. Unable to change its value.
[2023-03-11 00:02:31.247] [warning] Coordinate.setValue:  coordinate wrist_dev_r is locked. Unable to change its value.
[2023-03-11 00:02:31.248] [warning] Coordinate.setValue:  coordinate wrist_flex_l is locked. Unable to change its value.
[2023-03-11 00:02:31.248] [warning] Coordinate.setValue:  coordinate wrist_dev_l is locked. Unable to change its value.
[2023-03-11 00:02:31.312] [info] CMC::computeControls, t = 2.05
[2023-03-11 00:02:31.364] [info] CMC::computeControls, t = 2.051
[2023-03-11 00:02:31.405] [info] CMC::computeControls, t = 2.052
[2023-03-11 00:02:31.442] [info] CMC::computeControls, t = 2.053
[2023-03-11 00:02:31.475] [info] CMC::computeControls, t = 2.054
[2023-03-11 00:02:31.508] [info] CMC::computeControls, t = 2.055
[2023-03-11 00:02:31.542] [info] CMC::computeControls, t = 2.056
[2023-03-11 00:02:31.581] [info] CMC::computeControls, t = 2.057
[2023-03-11 00:02:31.629] [info] CMC::computeControls, t = 2.058
[2023-03-11 00:02:31.670] [info] CMC::computeControls, t = 2.059
[2023-03-11 00:02:31.711] [info] CMC::computeControls, t = 2.06
[2023-03-11 00:02:31.752] [info] CMC::computeControls, t = 2.061
[2023-03-11 00:02:31.804] [info] CMC::computeControls, t = 2.062
[2023-03-11 00:02:31.850] [info] CMC::computeControls, t = 2.063
[2023-03-11 00:02:31.906] [info] CMC::computeControls, t = 2.064
[2023-03-11 00:02:31.952] [info] CMC::computeControls, t = 2.065
[2023-03-11 00:02:31.987] [info] CMC::computeControls, t = 2.066
[2023-03-11 00:02:32.020] [info] CMC::computeControls, t = 2.067
[2023-03-11 00:02:32.058] [info] CMC::computeControls, t = 2.068
[2023-03-11 00:02:32.099] [info] CMC::computeControls, t = 2.069
[2023-03-11 00:02:32.132] [info] CMC::computeControls, t = 2.07
[2023-03-11 00:02:32.163] [info] CMC::computeControls, t = 2.071
[2023-03-11 00:02:32.204] [info] CMC::computeControls, t = 2.072
[2023-03-11 00:02:32.235] [info] CMC::computeControls, t = 2.073
[2023-03-11 00:02:32.266] [info] CMC::computeControls, t = 2.074
[2023-03-11 00:02:32.296] [info] CMC::computeControls, t = 2.075
[2023-03-11 00:02:32.327] [info] CMC::computeControls, t = 2.076
[2023-03-11 00:02:32.368] [info] CMC::computeControls, t = 2.077
[2023-03-11 00:02:32.402] [info] CMC::computeControls, t = 2.078
[2023-03-11 00:02:32.433] [info] CMC::computeControls, t = 2.079
[2023-03-11 00:02:32.459] [info] CMC::computeControls, t = 2.08
[2023-03-11 00:02:32.484] [info] CMC::computeControls, t = 2.081
[2023-03-11 00:02:32.517] [info] CMC::computeControls, t = 2.082
[2023-03-11 00:02:32.555] [info] CMC::computeControls, t = 2.083
[2023-03-11 00:02:32.582] [info] CMC::computeControls, t = 2.084
[2023-03-11 00:02:32.610] [info] CMC::computeControls, t = 2.085
[2023-03-11 00:02:32.643] [info] CMC::computeControls, t = 2.086
[2023-03-11 00:02:32.674] [info] CMC::computeControls, t = 2.087
[2023-03-11 00:02:32.700] [info] CMC::computeControls, t = 2.088
[2023-03-11 00:02:32.743] [info] CMC::computeControls, t = 2.089
[2023-03-11 00:02:32.775] [info] CMC::computeControls, t = 2.09
[2023-03-11 00:02:32.800] [info] CMC::computeControls, t = 2.091
[2023-03-11 00:02:32.829] [info] CMC::computeControls, t = 2.092
[2023-03-11 00:02:32.860] [info] CMC::computeControls, t = 2.093
[2023-03-11 00:02:32.890] [info] CMC::computeControls, t = 2.094
[2023-03-11 00:02:32.922] [info] CMC::computeControls, t = 2.095
[2023-03-11 00:02:32.961] [info] CMC::computeControls, t = 2.096
[2023-03-11 00:02:32.996] [info] CMC::computeControls, t = 2.097
[2023-03-11 00:02:33.036] [info] CMC::computeControls, t = 2.098
[2023-03-11 00:02:33.059] [info] CMC::computeControls, t = 2.099
[2023-03-11 00:02:33.092] [info] CMC::computeControls, t = 2.1
[2023-03-11 00:02:33.127] [info] CMC::computeControls, t = 2.10100
[2023-03-11 00:02:33.155] [info] CMC::computeControls, t = 2.10200
[2023-03-11 00:02:33.182] [info] CMC::computeControls, t = 2.10300
[2023-03-11 00:02:33.210] [info] CMC::computeControls, t = 2.10400
[2023-03-11 00:02:33.238] [info] CMC::computeControls, t = 2.10500
[2023-03-11 00:02:33.266] [info] CMC::computeControls, t = 2.10600
[2023-03-11 00:02:33.302] [info] CMC::computeControls, t = 2.10700
[2023-03-11 00:02:33.345] [info] CMC::computeControls, t = 2.10800
[2023-03-11 00:02:33.375] [info] CMC::computeControls, t = 2.10900
[2023-03-11 00:02:33.410] [info] CMC::computeControls, t = 2.11
[2023-03-11 00:02:33.438] [info] CMC::computeControls, t = 2.111
[2023-03-11 00:02:33.468] [info] CMC::computeControls, t = 2.112
[2023-03-11 00:02:33.498] [info] CMC::computeControls, t = 2.113
[2023-03-11 00:02:33.521] [info] CMC::computeControls, t = 2.114
[2023-03-11 00:02:33.559] [info] CMC::computeControls, t = 2.115
[2023-03-11 00:02:33.597] [info] CMC::computeControls, t = 2.116
[2023-03-11 00:02:33.633] [info] CMC::computeControls, t = 2.117
[2023-03-11 00:02:33.667] [info] CMC::computeControls, t = 2.118
[2023-03-11 00:02:33.706] [info] CMC::computeControls, t = 2.119
[2023-03-11 00:02:33.726] [info] CMC::computeControls, t = 2.12
[2023-03-11 00:02:33.749] [info] CMC::computeControls, t = 2.121
[2023-03-11 00:02:33.772] [info] CMC::computeControls, t = 2.122
[2023-03-11 00:02:33.803] [info] CMC::computeControls, t = 2.123
[2023-03-11 00:02:33.842] [info] CMC::computeControls, t = 2.124
[2023-03-11 00:02:33.868] [info] CMC::computeControls, t = 2.125
[2023-03-11 00:02:33.894] [info] CMC::computeControls, t = 2.126
[2023-03-11 00:02:33.937] [info] CMC::computeControls, t = 2.127
[2023-03-11 00:02:33.964] [info] CMC::computeControls, t = 2.128
[2023-03-11 00:02:33.988] [info] CMC::computeControls, t = 2.129
[2023-03-11 00:02:34.013] [info] CMC::computeControls, t = 2.13
[2023-03-11 00:02:34.054] [info] CMC::computeControls, t = 2.131
[2023-03-11 00:02:34.089] [info] CMC::computeControls, t = 2.132
[2023-03-11 00:02:34.116] [info] CMC::computeControls, t = 2.133
[2023-03-11 00:02:34.140] [info] CMC::computeControls, t = 2.134
[2023-03-11 00:02:34.176] [info] CMC::computeControls, t = 2.135
[2023-03-11 00:02:34.211] [info] CMC::computeControls, t = 2.136
[2023-03-11 00:02:34.256] [info] CMC::computeControls, t = 2.137
[2023-03-11 00:02:34.278] [info] CMC::computeControls, t = 2.138
[2023-03-11 00:02:34.317] [info] CMC::computeControls, t = 2.139
[2023-03-11 00:02:34.346] [info] CMC::computeControls, t = 2.14
[2023-03-11 00:02:34.366] [info] CMC::computeControls, t = 2.141
[2023-03-11 00:02:34.385] [info] CMC::computeControls, t = 2.142
[2023-03-11 00:02:34.411] [info] CMC::computeControls, t = 2.143
[2023-03-11 00:02:34.437] [info] CMC::computeControls, t = 2.144
[2023-03-11 00:02:34.463] [info] CMC::computeControls, t = 2.145
[2023-03-11 00:02:34.495] [info] CMC::computeControls, t = 2.146
[2023-03-11 00:02:34.516] [info] CMC::computeControls, t = 2.147
[2023-03-11 00:02:34.548] [info] CMC::computeControls, t = 2.148
[2023-03-11 00:02:34.576] [info] CMC::computeControls, t = 2.149
[2023-03-11 00:02:34.614] [info] CMC::computeControls, t = 2.15
[2023-03-11 00:02:34.636] [info] CMC::computeControls, t = 2.151
[2023-03-11 00:02:34.657] [info] CMC::computeControls, t = 2.152
[2023-03-11 00:02:34.676] [info] CMC::computeControls, t = 2.153
[2023-03-11 00:02:34.697] [info] CMC::computeControls, t = 2.154
[2023-03-11 00:02:34.730] [info] CMC::computeControls, t = 2.155
[2023-03-11 00:02:34.755] [info] CMC::computeControls, t = 2.156
[2023-03-11 00:02:34.784] [info] CMC::computeControls, t = 2.157
[2023-03-11 00:02:34.819] [info] CMC::computeControls, t = 2.158
[2023-03-11 00:02:34.850] [info] CMC::computeControls, t = 2.159
[2023-03-11 00:02:34.887] [info] CMC::computeControls, t = 2.16
[2023-03-11 00:02:34.914] [info] CMC::computeControls, t = 2.161
[2023-03-11 00:02:34.940] [info] CMC::computeControls, t = 2.162
[2023-03-11 00:02:34.977] [info] CMC::computeControls, t = 2.163
[2023-03-11 00:02:35.007] [info] CMC::computeControls, t = 2.164
[2023-03-11 00:02:35.027] [info] CMC::computeControls, t = 2.165
[2023-03-11 00:02:35.057] [info] CMC::computeControls, t = 2.166
[2023-03-11 00:02:35.082] [info] CMC::computeControls, t = 2.167
[2023-03-11 00:02:35.110] [info] CMC::computeControls, t = 2.168
[2023-03-11 00:02:35.130] [info] CMC::computeControls, t = 2.169
[2023-03-11 00:02:35.167] [info] CMC::computeControls, t = 2.17
[2023-03-11 00:02:35.195] [info] CMC::computeControls, t = 2.171
[2023-03-11 00:02:35.214] [info] CMC::computeControls, t = 2.172
[2023-03-11 00:02:35.251] [info] CMC::computeControls, t = 2.173
[2023-03-11 00:02:35.291] [info] CMC::computeControls, t = 2.174
[2023-03-11 00:02:35.328] [info] CMC::computeControls, t = 2.175
[2023-03-11 00:02:35.353] [info] CMC::computeControls, t = 2.176
[2023-03-11 00:02:35.381] [info] CMC::computeControls, t = 2.177
[2023-03-11 00:02:35.415] [info] CMC::computeControls, t = 2.178
[2023-03-11 00:02:35.445] [info] CMC::computeControls, t = 2.179
[2023-03-11 00:02:35.482] [info] CMC::computeControls, t = 2.18
[2023-03-11 00:02:35.515] [info] CMC::computeControls, t = 2.181
[2023-03-11 00:02:35.547] [info] CMC::computeControls, t = 2.182
[2023-03-11 00:02:35.566] [info] CMC::computeControls, t = 2.183
[2023-03-11 00:02:35.592] [info] CMC::computeControls, t = 2.184
[2023-03-11 00:02:35.611] [info] CMC::computeControls, t = 2.185
[2023-03-11 00:02:35.639] [info] CMC::computeControls, t = 2.186
[2023-03-11 00:02:35.674] [info] CMC::computeControls, t = 2.187
[2023-03-11 00:02:35.693] [info] CMC::computeControls, t = 2.188
[2023-03-11 00:02:35.712] [info] CMC::computeControls, t = 2.189
[2023-03-11 00:02:35.748] [info] CMC::computeControls, t = 2.19
[2023-03-11 00:02:35.795] [info] CMC::computeControls, t = 2.191
[2023-03-11 00:02:35.825] [info] CMC::computeControls, t = 2.192
[2023-03-11 00:02:35.857] [info] CMC::computeControls, t = 2.193
[2023-03-11 00:02:35.885] [info] CMC::computeControls, t = 2.194
[2023-03-11 00:02:35.914] [info] CMC::computeControls, t = 2.195
[2023-03-11 00:02:35.935] [info] CMC::computeControls, t = 2.196
[2023-03-11 00:02:35.964] [info] CMC::computeControls, t = 2.197
[2023-03-11 00:02:36.003] [info] CMC::computeControls, t = 2.198
[2023-03-11 00:02:36.033] [info] CMC::computeControls, t = 2.199
[2023-03-11 00:02:36.052] [info] CMC::computeControls, t = 2.2
[2023-03-11 00:02:36.071] [info] CMC::computeControls, t = 2.20100
[2023-03-11 00:02:36.090] [info] CMC::computeControls, t = 2.20200
[2023-03-11 00:02:36.111] [info] CMC::computeControls, t = 2.20300
[2023-03-11 00:02:36.137] [info] CMC::computeControls, t = 2.20400
[2023-03-11 00:02:36.154] [info] CMC::computeControls, t = 2.20500
[2023-03-11 00:02:36.178] [info] CMC::computeControls, t = 2.20600
[2023-03-11 00:02:36.199] [info] CMC::computeControls, t = 2.20700
[2023-03-11 00:02:36.216] [info] CMC::computeControls, t = 2.20800
[2023-03-11 00:02:36.243] [info] CMC::computeControls, t = 2.20900
[2023-03-11 00:02:36.260] [info] CMC::computeControls, t = 2.21
[2023-03-11 00:02:36.278] [info] CMC::computeControls, t = 2.211
[2023-03-11 00:02:36.296] [info] CMC::computeControls, t = 2.212
[2023-03-11 00:02:36.320] [info] CMC::computeControls, t = 2.213
[2023-03-11 00:02:36.346] [info] CMC::computeControls, t = 2.214
[2023-03-11 00:02:36.375] [info] CMC::computeControls, t = 2.215
[2023-03-11 00:02:36.413] [info] CMC::computeControls, t = 2.216
[2023-03-11 00:02:36.447] [info] CMC::computeControls, t = 2.217
[2023-03-11 00:02:36.464] [info] CMC::computeControls, t = 2.218
[2023-03-11 00:02:36.480] [info] CMC::computeControls, t = 2.219
[2023-03-11 00:02:36.497] [info] CMC::computeControls, t = 2.22
[2023-03-11 00:02:36.517] [info] CMC::computeControls, t = 2.221
[2023-03-11 00:02:36.538] [info] CMC::computeControls, t = 2.222
[2023-03-11 00:02:36.555] [info] CMC::computeControls, t = 2.223
[2023-03-11 00:02:36.572] [info] CMC::computeControls, t = 2.224
[2023-03-11 00:02:36.603] [info] CMC::computeControls, t = 2.225
[2023-03-11 00:02:36.632] [info] CMC::computeControls, t = 2.226
[2023-03-11 00:02:36.660] [info] CMC::computeControls, t = 2.227
[2023-03-11 00:02:36.690] [info] CMC::computeControls, t = 2.228
[2023-03-11 00:02:36.726] [info] CMC::computeControls, t = 2.229
[2023-03-11 00:02:36.757] [info] CMC::computeControls, t = 2.23
[2023-03-11 00:02:36.779] [info] CMC::computeControls, t = 2.231
[2023-03-11 00:02:36.798] [info] CMC::computeControls, t = 2.232
[2023-03-11 00:02:36.814] [info] CMC::computeControls, t = 2.233
[2023-03-11 00:02:36.831] [info] CMC::computeControls, t = 2.234
[2023-03-11 00:02:36.849] [info] CMC::computeControls, t = 2.235
[2023-03-11 00:02:36.875] [info] CMC::computeControls, t = 2.236
[2023-03-11 00:02:36.908] [info] CMC::computeControls, t = 2.237
[2023-03-11 00:02:36.930] [info] CMC::computeControls, t = 2.238
[2023-03-11 00:02:36.946] [info] CMC::computeControls, t = 2.239
[2023-03-11 00:02:36.967] [info] CMC::computeControls, t = 2.24
[2023-03-11 00:02:36.988] [info] CMC::computeControls, t = 2.241
[2023-03-11 00:02:37.006] [info] CMC::computeControls, t = 2.242
[2023-03-11 00:02:37.032] [info] CMC::computeControls, t = 2.243
[2023-03-11 00:02:37.061] [info] CMC::computeControls, t = 2.244
[2023-03-11 00:02:37.090] [info] CMC::computeControls, t = 2.245
[2023-03-11 00:02:37.114] [info] CMC::computeControls, t = 2.246
[2023-03-11 00:02:37.137] [info] CMC::computeControls, t = 2.247
[2023-03-11 00:02:37.164] [info] CMC::computeControls, t = 2.248
[2023-03-11 00:02:37.188] [info] CMC::computeControls, t = 2.249
[2023-03-11 00:02:37.205] [info] CMC::computeControls, t = 2.25
[2023-03-11 00:02:37.222] [info] CMC::computeControls, t = 2.251
[2023-03-11 00:02:37.258] [info] CMC::computeControls, t = 2.252
[2023-03-11 00:02:37.281] [info] CMC::computeControls, t = 2.253
[2023-03-11 00:02:37.299] [info] CMC::computeControls, t = 2.254
[2023-03-11 00:02:37.315] [info] CMC::computeControls, t = 2.255
[2023-03-11 00:02:37.352] [info] CMC::computeControls, t = 2.256
[2023-03-11 00:02:37.391] [info] CMC::computeControls, t = 2.257
[2023-03-11 00:02:37.408] [info] CMC::computeControls, t = 2.258
[2023-03-11 00:02:37.434] [info] CMC::computeControls, t = 2.259
[2023-03-11 00:02:37.461] [info] CMC::computeControls, t = 2.26
[2023-03-11 00:02:37.486] [info] CMC::computeControls, t = 2.261
[2023-03-11 00:02:37.502] [info] CMC::computeControls, t = 2.262
[2023-03-11 00:02:37.519] [info] CMC::computeControls, t = 2.263
[2023-03-11 00:02:37.545] [info] CMC::computeControls, t = 2.264
[2023-03-11 00:02:37.564] [info] CMC::computeControls, t = 2.265
[2023-03-11 00:02:37.604] [info] CMC::computeControls, t = 2.266
[2023-03-11 00:02:37.637] [info] CMC::computeControls, t = 2.267
[2023-03-11 00:02:37.657] [info] CMC::computeControls, t = 2.268
[2023-03-11 00:02:37.672] [info] CMC::computeControls, t = 2.269
[2023-03-11 00:02:37.688] [info] CMC::computeControls, t = 2.27
[2023-03-11 00:02:37.707] [info] CMC::computeControls, t = 2.271
[2023-03-11 00:02:37.744] [info] CMC::computeControls, t = 2.272
[2023-03-11 00:02:37.759] [info] CMC::computeControls, t = 2.273
[2023-03-11 00:02:37.793] [info] CMC::computeControls, t = 2.274
[2023-03-11 00:02:37.828] [info] CMC::computeControls, t = 2.275
[2023-03-11 00:02:37.847] [info] CMC::computeControls, t = 2.276
[2023-03-11 00:02:37.880] [info] CMC::computeControls, t = 2.277
[2023-03-11 00:02:37.915] [info] CMC::computeControls, t = 2.278
[2023-03-11 00:02:37.937] [info] CMC::computeControls, t = 2.279
[2023-03-11 00:02:37.956] [info] CMC::computeControls, t = 2.28
[2023-03-11 00:02:37.977] [info] CMC::computeControls, t = 2.281
[2023-03-11 00:02:38.000] [info] CMC::computeControls, t = 2.282
[2023-03-11 00:02:38.021] [info] CMC::computeControls, t = 2.283
[2023-03-11 00:02:38.044] [info] CMC::computeControls, t = 2.284
[2023-03-11 00:02:38.066] [info] CMC::computeControls, t = 2.285
[2023-03-11 00:02:38.096] [info] CMC::computeControls, t = 2.286
[2023-03-11 00:02:38.115] [info] CMC::computeControls, t = 2.287
[2023-03-11 00:02:38.148] [info] CMC::computeControls, t = 2.288
[2023-03-11 00:02:38.184] [info] CMC::computeControls, t = 2.289
[2023-03-11 00:02:38.219] [info] CMC::computeControls, t = 2.29
[2023-03-11 00:02:38.237] [info] CMC::computeControls, t = 2.291
[2023-03-11 00:02:38.263] [info] CMC::computeControls, t = 2.292
[2023-03-11 00:02:38.279] [info] CMC::computeControls, t = 2.293
[2023-03-11 00:02:38.313] [info] CMC::computeControls, t = 2.294
[2023-03-11 00:02:38.351] [info] CMC::computeControls, t = 2.295
[2023-03-11 00:02:38.367] [info] CMC::computeControls, t = 2.296
[2023-03-11 00:02:38.392] [info] CMC::computeControls, t = 2.297
[2023-03-11 00:02:38.413] [info] CMC::computeControls, t = 2.298
[2023-03-11 00:02:38.441] [info] CMC::computeControls, t = 2.299
[2023-03-11 00:02:38.464] [info] CMC::computeControls, t = 2.3
[2023-03-11 00:02:38.508] [info] CMC::computeControls, t = 2.30100
[2023-03-11 00:02:38.531] [info] CMC::computeControls, t = 2.30200
[2023-03-11 00:02:38.559] [info] CMC::computeControls, t = 2.30300
[2023-03-11 00:02:38.595] [info] CMC::computeControls, t = 2.30400
[2023-03-11 00:02:38.629] [info] CMC::computeControls, t = 2.30500
[2023-03-11 00:02:38.654] [info] CMC::computeControls, t = 2.30600
[2023-03-11 00:02:38.675] [info] CMC::computeControls, t = 2.30700
[2023-03-11 00:02:38.691] [info] CMC::computeControls, t = 2.30800
[2023-03-11 00:02:38.717] [info] CMC::computeControls, t = 2.30900
[2023-03-11 00:02:38.741] [info] CMC::computeControls, t = 2.31
[2023-03-11 00:02:38.760] [info] CMC::computeControls, t = 2.311
[2023-03-11 00:02:38.789] [info] CMC::computeControls, t = 2.312
[2023-03-11 00:02:38.814] [info] CMC::computeControls, t = 2.313
[2023-03-11 00:02:38.832] [info] CMC::computeControls, t = 2.314
[2023-03-11 00:02:38.857] [info] CMC::computeControls, t = 2.315
[2023-03-11 00:02:38.884] [info] CMC::computeControls, t = 2.316
[2023-03-11 00:02:38.912] [info] CMC::computeControls, t = 2.317
[2023-03-11 00:02:38.939] [info] CMC::computeControls, t = 2.318
[2023-03-11 00:02:38.959] [info] CMC::computeControls, t = 2.319
[2023-03-11 00:02:38.989] [info] CMC::computeControls, t = 2.32
[2023-03-11 00:02:39.024] [info] CMC::computeControls, t = 2.321
[2023-03-11 00:02:39.041] [info] CMC::computeControls, t = 2.322
[2023-03-11 00:02:39.067] [info] CMC::computeControls, t = 2.323
[2023-03-11 00:02:39.096] [info] CMC::computeControls, t = 2.324
[2023-03-11 00:02:39.118] [info] CMC::computeControls, t = 2.325
[2023-03-11 00:02:39.135] [info] CMC::computeControls, t = 2.326
[2023-03-11 00:02:39.154] [info] CMC::computeControls, t = 2.327
[2023-03-11 00:02:39.190] [info] CMC::computeControls, t = 2.328
[2023-03-11 00:02:39.209] [info] CMC::computeControls, t = 2.329
[2023-03-11 00:02:39.236] [info] CMC::computeControls, t = 2.33
[2023-03-11 00:02:39.263] [info] CMC::computeControls, t = 2.331
[2023-03-11 00:02:39.282] [info] CMC::computeControls, t = 2.332
[2023-03-11 00:02:39.301] [info] CMC::computeControls, t = 2.333
[2023-03-11 00:02:39.316] [info] CMC::computeControls, t = 2.334
[2023-03-11 00:02:39.343] [info] CMC::computeControls, t = 2.335
[2023-03-11 00:02:39.366] [info] CMC::computeControls, t = 2.336
[2023-03-11 00:02:39.383] [info] CMC::computeControls, t = 2.337
[2023-03-11 00:02:39.403] [info] CMC::computeControls, t = 2.338
[2023-03-11 00:02:39.426] [info] CMC::computeControls, t = 2.339
[2023-03-11 00:02:39.465] [info] CMC::computeControls, t = 2.34
[2023-03-11 00:02:39.498] [info] CMC::computeControls, t = 2.341
[2023-03-11 00:02:39.525] [info] CMC::computeControls, t = 2.342
[2023-03-11 00:02:39.541] [info] CMC::computeControls, t = 2.343
[2023-03-11 00:02:39.563] [info] CMC::computeControls, t = 2.344
[2023-03-11 00:02:39.593] [info] CMC::computeControls, t = 2.345
[2023-03-11 00:02:39.620] [info] CMC::computeControls, t = 2.346
[2023-03-11 00:02:39.640] [info] CMC::computeControls, t = 2.347
[2023-03-11 00:02:39.657] [info] CMC::computeControls, t = 2.348
[2023-03-11 00:02:39.674] [info] CMC::computeControls, t = 2.349
[2023-03-11 00:02:39.691] [info] CMC::computeControls, t = 2.35
[2023-03-11 00:02:39.720] [info] CMC::computeControls, t = 2.351
[2023-03-11 00:02:39.736] [info] CMC::computeControls, t = 2.352
[2023-03-11 00:02:39.761] [info] CMC::computeControls, t = 2.353
[2023-03-11 00:02:39.776] [info] CMC::computeControls, t = 2.354
[2023-03-11 00:02:39.795] [info] CMC::computeControls, t = 2.355
[2023-03-11 00:02:39.812] [info] CMC::computeControls, t = 2.356
[2023-03-11 00:02:39.828] [info] CMC::computeControls, t = 2.357
[2023-03-11 00:02:39.843] [info] CMC::computeControls, t = 2.358
[2023-03-11 00:02:39.869] [info] CMC::computeControls, t = 2.359
[2023-03-11 00:02:39.884] [info] CMC::computeControls, t = 2.36
[2023-03-11 00:02:39.910] [info] CMC::computeControls, t = 2.361
[2023-03-11 00:02:39.925] [info] CMC::computeControls, t = 2.362
[2023-03-11 00:02:39.942] [info] CMC::computeControls, t = 2.363
[2023-03-11 00:02:39.958] [info] CMC::computeControls, t = 2.364
[2023-03-11 00:02:39.977] [info] CMC::computeControls, t = 2.365
[2023-03-11 00:02:39.999] [info] CMC::computeControls, t = 2.366
[2023-03-11 00:02:40.019] [info] CMC::computeControls, t = 2.367
[2023-03-11 00:02:40.038] [info] CMC::computeControls, t = 2.368
[2023-03-11 00:02:40.055] [info] CMC::computeControls, t = 2.369
[2023-03-11 00:02:40.074] [info] CMC::computeControls, t = 2.37
[2023-03-11 00:02:40.092] [info] CMC::computeControls, t = 2.371
[2023-03-11 00:02:40.127] [info] CMC::computeControls, t = 2.372
[2023-03-11 00:02:40.151] [info] CMC::computeControls, t = 2.373
[2023-03-11 00:02:40.189] [info] CMC::computeControls, t = 2.374
[2023-03-11 00:02:40.219] [info] CMC::computeControls, t = 2.375
[2023-03-11 00:02:40.242] [info] CMC::computeControls, t = 2.376
[2023-03-11 00:02:40.272] [info] CMC::computeControls, t = 2.377
[2023-03-11 00:02:40.301] [info] CMC::computeControls, t = 2.378
[2023-03-11 00:02:40.343] [info] CMC::computeControls, t = 2.379
[2023-03-11 00:02:40.369] [info] CMC::computeControls, t = 2.38
[2023-03-11 00:02:40.401] [info] CMC::computeControls, t = 2.381
[2023-03-11 00:02:40.426] [info] CMC::computeControls, t = 2.382
[2023-03-11 00:02:40.450] [info] CMC::computeControls, t = 2.383
[2023-03-11 00:02:40.491] [info] CMC::computeControls, t = 2.384
[2023-03-11 00:02:40.536] [info] CMC::computeControls, t = 2.385
[2023-03-11 00:02:40.580] [info] CMC::computeControls, t = 2.386
[2023-03-11 00:02:40.599] [info] CMC::computeControls, t = 2.387
[2023-03-11 00:02:40.619] [info] CMC::computeControls, t = 2.388
[2023-03-11 00:02:40.651] [info] CMC::computeControls, t = 2.389
[2023-03-11 00:02:40.671] [info] CMC::computeControls, t = 2.39
[2023-03-11 00:02:40.698] [info] CMC::computeControls, t = 2.391
[2023-03-11 00:02:40.725] [info] CMC::computeControls, t = 2.392
[2023-03-11 00:02:40.757] [info] CMC::computeControls, t = 2.393
[2023-03-11 00:02:40.776] [info] CMC::computeControls, t = 2.394
[2023-03-11 00:02:40.806] [info] CMC::computeControls, t = 2.395
[2023-03-11 00:02:40.824] [info] CMC::computeControls, t = 2.396
[2023-03-11 00:02:40.850] [info] CMC::computeControls, t = 2.397
[2023-03-11 00:02:40.875] [info] CMC::computeControls, t = 2.398
[2023-03-11 00:02:40.893] [info] CMC::computeControls, t = 2.399
[2023-03-11 00:02:40.921] [info] CMC::computeControls, t = 2.4
[2023-03-11 00:02:40.937] [info] CMC::computeControls, t = 2.40100
[2023-03-11 00:02:40.957] [info] CMC::computeControls, t = 2.40200
[2023-03-11 00:02:40.990] [info] CMC::computeControls, t = 2.40300
[2023-03-11 00:02:41.016] [info] CMC::computeControls, t = 2.40400
[2023-03-11 00:02:41.035] [info] CMC::computeControls, t = 2.40500
[2023-03-11 00:02:41.068] [info] CMC::computeControls, t = 2.40600
[2023-03-11 00:02:41.084] [info] CMC::computeControls, t = 2.40700
[2023-03-11 00:02:41.113] [info] CMC::computeControls, t = 2.40800
[2023-03-11 00:02:41.141] [info] CMC::computeControls, t = 2.40900
[2023-03-11 00:02:41.165] [info] CMC::computeControls, t = 2.41
[2023-03-11 00:02:41.186] [info] CMC::computeControls, t = 2.411
[2023-03-11 00:02:41.216] [info] CMC::computeControls, t = 2.412
[2023-03-11 00:02:41.253] [info] CMC::computeControls, t = 2.413
[2023-03-11 00:02:41.271] [info] CMC::computeControls, t = 2.414
[2023-03-11 00:02:41.297] [info] CMC::computeControls, t = 2.415
[2023-03-11 00:02:41.312] [info] CMC::computeControls, t = 2.416
[2023-03-11 00:02:41.340] [info] CMC::computeControls, t = 2.417
[2023-03-11 00:02:41.356] [info] CMC::computeControls, t = 2.418
[2023-03-11 00:02:41.388] [info] CMC::computeControls, t = 2.419
[2023-03-11 00:02:41.416] [info] CMC::computeControls, t = 2.42
[2023-03-11 00:02:41.450] [info] CMC::computeControls, t = 2.421
[2023-03-11 00:02:41.466] [info] CMC::computeControls, t = 2.422
[2023-03-11 00:02:41.492] [info] CMC::computeControls, t = 2.423
[2023-03-11 00:02:41.507] [info] CMC::computeControls, t = 2.424
[2023-03-11 00:02:41.538] [info] CMC::computeControls, t = 2.425
[2023-03-11 00:02:41.562] [info] CMC::computeControls, t = 2.426
[2023-03-11 00:02:41.578] [info] CMC::computeControls, t = 2.427
[2023-03-11 00:02:41.597] [info] CMC::computeControls, t = 2.428
[2023-03-11 00:02:41.618] [info] CMC::computeControls, t = 2.429
[2023-03-11 00:02:41.646] [info] CMC::computeControls, t = 2.43
[2023-03-11 00:02:41.661] [info] CMC::computeControls, t = 2.431
[2023-03-11 00:02:41.687] [info] CMC::computeControls, t = 2.432
[2023-03-11 00:02:41.707] [info] CMC::computeControls, t = 2.433
[2023-03-11 00:02:41.745] [info] CMC::computeControls, t = 2.434
[2023-03-11 00:02:41.770] [info] CMC::computeControls, t = 2.435
[2023-03-11 00:02:41.798] [info] CMC::computeControls, t = 2.436
[2023-03-11 00:02:41.822] [info] CMC::computeControls, t = 2.437
[2023-03-11 00:02:41.837] [info] CMC::computeControls, t = 2.438
[2023-03-11 00:02:41.874] [info] CMC::computeControls, t = 2.439
[2023-03-11 00:02:41.896] [info] CMC::computeControls, t = 2.44
[2023-03-11 00:02:41.915] [info] CMC::computeControls, t = 2.441
[2023-03-11 00:02:41.930] [info] CMC::computeControls, t = 2.442
[2023-03-11 00:02:41.945] [info] CMC::computeControls, t = 2.443
[2023-03-11 00:02:41.961] [info] CMC::computeControls, t = 2.444
[2023-03-11 00:02:41.988] [info] CMC::computeControls, t = 2.445
[2023-03-11 00:02:42.003] [info] CMC::computeControls, t = 2.446
[2023-03-11 00:02:42.020] [info] CMC::computeControls, t = 2.447
[2023-03-11 00:02:42.046] [info] CMC::computeControls, t = 2.448
[2023-03-11 00:02:42.072] [info] CMC::computeControls, t = 2.449
[2023-03-11 00:02:42.102] [info] CMC::computeControls, t = 2.45
[2023-03-11 00:02:42.121] [info] CMC::computeControls, t = 2.451
[2023-03-11 00:02:42.158] [info] CMC::computeControls, t = 2.452
[2023-03-11 00:02:42.197] [info] CMC::computeControls, t = 2.453
[2023-03-11 00:02:42.217] [info] CMC::computeControls, t = 2.454
[2023-03-11 00:02:42.257] [info] CMC::computeControls, t = 2.455
[2023-03-11 00:02:42.273] [info] CMC::computeControls, t = 2.456
[2023-03-11 00:02:42.294] [info] CMC::computeControls, t = 2.457
[2023-03-11 00:02:42.318] [info] CMC::computeControls, t = 2.458
[2023-03-11 00:02:42.335] [info] CMC::computeControls, t = 2.459
[2023-03-11 00:02:42.352] [info] CMC::computeControls, t = 2.46
[2023-03-11 00:02:42.370] [info] CMC::computeControls, t = 2.461
[2023-03-11 00:02:42.395] [info] CMC::computeControls, t = 2.462
[2023-03-11 00:02:42.424] [info] CMC::computeControls, t = 2.463
[2023-03-11 00:02:42.440] [info] CMC::computeControls, t = 2.464
[2023-03-11 00:02:42.466] [info] CMC::computeControls, t = 2.465
[2023-03-11 00:02:42.499] [info] CMC::computeControls, t = 2.466
[2023-03-11 00:02:42.524] [info] CMC::computeControls, t = 2.467
[2023-03-11 00:02:42.550] [info] CMC::computeControls, t = 2.468
[2023-03-11 00:02:42.576] [info] CMC::computeControls, t = 2.469
[2023-03-11 00:02:42.593] [info] CMC::computeControls, t = 2.47
[2023-03-11 00:02:42.618] [info] CMC::computeControls, t = 2.471
[2023-03-11 00:02:42.637] [info] CMC::computeControls, t = 2.472
[2023-03-11 00:02:42.654] [info] CMC::computeControls, t = 2.473
[2023-03-11 00:02:42.671] [info] CMC::computeControls, t = 2.474
[2023-03-11 00:02:42.688] [info] CMC::computeControls, t = 2.475
[2023-03-11 00:02:42.706] [info] CMC::computeControls, t = 2.476
[2023-03-11 00:02:42.732] [info] CMC::computeControls, t = 2.477
[2023-03-11 00:02:42.748] [info] CMC::computeControls, t = 2.478
[2023-03-11 00:02:42.773] [info] CMC::computeControls, t = 2.479
[2023-03-11 00:02:42.804] [info] CMC::computeControls, t = 2.48
[2023-03-11 00:02:42.820] [info] CMC::computeControls, t = 2.481
[2023-03-11 00:02:42.848] [info] CMC::computeControls, t = 2.482
[2023-03-11 00:02:42.867] [info] CMC::computeControls, t = 2.483
[2023-03-11 00:02:42.892] [info] CMC::computeControls, t = 2.484
[2023-03-11 00:02:42.917] [info] CMC::computeControls, t = 2.485
[2023-03-11 00:02:42.933] [info] CMC::computeControls, t = 2.486
[2023-03-11 00:02:42.950] [info] CMC::computeControls, t = 2.487
[2023-03-11 00:02:42.967] [info] CMC::computeControls, t = 2.488
[2023-03-11 00:02:42.993] [info] CMC::computeControls, t = 2.489
[2023-03-11 00:02:43.009] [info] CMC::computeControls, t = 2.49
[2023-03-11 00:02:43.027] [info] CMC::computeControls, t = 2.491
[2023-03-11 00:02:43.051] [info] CMC::computeControls, t = 2.492
[2023-03-11 00:02:43.078] [info] CMC::computeControls, t = 2.493
[2023-03-11 00:02:43.094] [info] CMC::computeControls, t = 2.494
[2023-03-11 00:02:43.117] [info] CMC::computeControls, t = 2.495
[2023-03-11 00:02:43.134] [info] CMC::computeControls, t = 2.496
[2023-03-11 00:02:43.152] [info] CMC::computeControls, t = 2.497
[2023-03-11 00:02:43.177] [info] CMC::computeControls, t = 2.498
[2023-03-11 00:02:43.197] [info] CMC::computeControls, t = 2.499
[2023-03-11 00:02:43.216] [info] CMC::computeControls, t = 2.5
[2023-03-11 00:02:43.256] [info] CMC::computeControls, t = 2.50100
[2023-03-11 00:02:43.293] [info] CMC::computeControls, t = 2.50200
[2023-03-11 00:02:43.312] [info] CMC::computeControls, t = 2.50300
[2023-03-11 00:02:43.330] [info] CMC::computeControls, t = 2.50400
[2023-03-11 00:02:43.357] [info] CMC::computeControls, t = 2.50500
[2023-03-11 00:02:43.383] [info] CMC::computeControls, t = 2.50600
[2023-03-11 00:02:43.412] [info] CMC::computeControls, t = 2.50700
[2023-03-11 00:02:43.440] [info] CMC::computeControls, t = 2.50800
[2023-03-11 00:02:43.456] [info] CMC::computeControls, t = 2.50900
[2023-03-11 00:02:43.473] [info] CMC::computeControls, t = 2.51
[2023-03-11 00:02:43.509] [info] CMC::computeControls, t = 2.511
[2023-03-11 00:02:43.530] [info] CMC::computeControls, t = 2.512
[2023-03-11 00:02:43.545] [info] CMC::computeControls, t = 2.513
[2023-03-11 00:02:43.574] [info] CMC::computeControls, t = 2.514
[2023-03-11 00:02:43.600] [info] CMC::computeControls, t = 2.515
[2023-03-11 00:02:43.622] [info] CMC::computeControls, t = 2.516
[2023-03-11 00:02:43.645] [info] CMC::computeControls, t = 2.517
[2023-03-11 00:02:43.688] [info] CMC::computeControls, t = 2.518
[2023-03-11 00:02:43.724] [info] CMC::computeControls, t = 2.519
[2023-03-11 00:02:43.756] [info] CMC::computeControls, t = 2.52
[2023-03-11 00:02:43.776] [info] CMC::computeControls, t = 2.521
[2023-03-11 00:02:43.798] [info] CMC::computeControls, t = 2.522
[2023-03-11 00:02:43.832] [info] CMC::computeControls, t = 2.523
[2023-03-11 00:02:43.855] [info] CMC::computeControls, t = 2.524
[2023-03-11 00:02:43.876] [info] CMC::computeControls, t = 2.525
[2023-03-11 00:02:43.895] [info] CMC::computeControls, t = 2.526
[2023-03-11 00:02:43.922] [info] CMC::computeControls, t = 2.527
[2023-03-11 00:02:43.949] [info] CMC::computeControls, t = 2.528
[2023-03-11 00:02:43.982] [info] CMC::computeControls, t = 2.529
[2023-03-11 00:02:44.003] [info] CMC::computeControls, t = 2.53
[2023-03-11 00:02:44.020] [info] CMC::computeControls, t = 2.531
[2023-03-11 00:02:44.044] [info] CMC::computeControls, t = 2.532
[2023-03-11 00:02:44.063] [info] CMC::computeControls, t = 2.533
[2023-03-11 00:02:44.090] [info] CMC::computeControls, t = 2.534
[2023-03-11 00:02:44.125] [info] CMC::computeControls, t = 2.535
[2023-03-11 00:02:44.149] [info] CMC::computeControls, t = 2.536
[2023-03-11 00:02:44.176] [info] CMC::computeControls, t = 2.537
[2023-03-11 00:02:44.209] [info] CMC::computeControls, t = 2.538
[2023-03-11 00:02:44.247] [info] CMC::computeControls, t = 2.539
[2023-03-11 00:02:44.267] [info] CMC::computeControls, t = 2.54
[2023-03-11 00:02:44.301] [info] CMC::computeControls, t = 2.541
[2023-03-11 00:02:44.336] [info] CMC::computeControls, t = 2.542
[2023-03-11 00:02:44.352] [info] CMC::computeControls, t = 2.543
[2023-03-11 00:02:44.369] [info] CMC::computeControls, t = 2.544
[2023-03-11 00:02:44.386] [info] CMC::computeControls, t = 2.545
[2023-03-11 00:02:44.415] [info] CMC::computeControls, t = 2.546
[2023-03-11 00:02:44.439] [info] CMC::computeControls, t = 2.547
[2023-03-11 00:02:44.455] [info] CMC::computeControls, t = 2.548
[2023-03-11 00:02:44.499] [info] CMC::computeControls, t = 2.549
[2023-03-11 00:02:44.516] [info] CMC::computeControls, t = 2.55
[2023-03-11 00:02:44.533] [info] CMC::computeControls, t = 2.551
[2023-03-11 00:02:44.555] [info] CMC::computeControls, t = 2.552
[2023-03-11 00:02:44.588] [info] CMC::computeControls, t = 2.553
[2023-03-11 00:02:44.603] [info] CMC::computeControls, t = 2.554
[2023-03-11 00:02:44.630] [info] CMC::computeControls, t = 2.555
[2023-03-11 00:02:44.652] [info] CMC::computeControls, t = 2.556
[2023-03-11 00:02:44.669] [info] CMC::computeControls, t = 2.557
[2023-03-11 00:02:44.695] [info] CMC::computeControls, t = 2.558
[2023-03-11 00:02:44.719] [info] CMC::computeControls, t = 2.559
[2023-03-11 00:02:44.745] [info] CMC::computeControls, t = 2.56
[2023-03-11 00:02:44.773] [info] CMC::computeControls, t = 2.561
[2023-03-11 00:02:44.788] [info] CMC::computeControls, t = 2.562
[2023-03-11 00:02:44.813] [info] CMC::computeControls, t = 2.563
[2023-03-11 00:02:44.829] [info] CMC::computeControls, t = 2.564
[2023-03-11 00:02:44.850] [info] CMC::computeControls, t = 2.565
[2023-03-11 00:02:44.885] [info] CMC::computeControls, t = 2.566
[2023-03-11 00:02:44.911] [info] CMC::computeControls, t = 2.567
[2023-03-11 00:02:44.927] [info] CMC::computeControls, t = 2.568
[2023-03-11 00:02:44.944] [info] CMC::computeControls, t = 2.569
[2023-03-11 00:02:44.961] [info] CMC::computeControls, t = 2.57
[2023-03-11 00:02:44.993] [info] CMC::computeControls, t = 2.571
[2023-03-11 00:02:45.013] [info] CMC::computeControls, t = 2.572
[2023-03-11 00:02:45.029] [info] CMC::computeControls, t = 2.573
[2023-03-11 00:02:45.044] [info] CMC::computeControls, t = 2.574
[2023-03-11 00:02:45.072] [info] CMC::computeControls, t = 2.575
[2023-03-11 00:02:45.091] [info] CMC::computeControls, t = 2.576
[2023-03-11 00:02:45.114] [info] CMC::computeControls, t = 2.577
[2023-03-11 00:02:45.140] [info] CMC::computeControls, t = 2.578
[2023-03-11 00:02:45.170] [info] CMC::computeControls, t = 2.579
[2023-03-11 00:02:45.187] [info] CMC::computeControls, t = 2.58
[2023-03-11 00:02:45.204] [info] CMC::computeControls, t = 2.581
[2023-03-11 00:02:45.230] [info] CMC::computeControls, t = 2.582
[2023-03-11 00:02:45.246] [info] CMC::computeControls, t = 2.583
[2023-03-11 00:02:45.263] [info] CMC::computeControls, t = 2.584
[2023-03-11 00:02:45.300] [info] CMC::computeControls, t = 2.585
[2023-03-11 00:02:45.317] [info] CMC::computeControls, t = 2.586
[2023-03-11 00:02:45.334] [info] CMC::computeControls, t = 2.587
[2023-03-11 00:02:45.351] [info] CMC::computeControls, t = 2.588
[2023-03-11 00:02:45.371] [info] CMC::computeControls, t = 2.589
[2023-03-11 00:02:45.406] [info] CMC::computeControls, t = 2.59
[2023-03-11 00:02:45.434] [info] CMC::computeControls, t = 2.591
[2023-03-11 00:02:45.451] [info] CMC::computeControls, t = 2.592
[2023-03-11 00:02:45.474] [info] CMC::computeControls, t = 2.593
[2023-03-11 00:02:45.505] [info] CMC::computeControls, t = 2.594
[2023-03-11 00:02:45.524] [info] CMC::computeControls, t = 2.595
[2023-03-11 00:02:45.550] [info] CMC::computeControls, t = 2.596
[2023-03-11 00:02:45.576] [info] CMC::computeControls, t = 2.597
[2023-03-11 00:02:45.613] [info] CMC::computeControls, t = 2.598
[2023-03-11 00:02:45.634] [info] CMC::computeControls, t = 2.599
[2023-03-11 00:02:45.650] [info] CMC::computeControls, t = 2.6
[2023-03-11 00:02:45.668] [info] CMC::computeControls, t = 2.60100
[2023-03-11 00:02:45.685] [info] CMC::computeControls, t = 2.60200
[2023-03-11 00:02:45.702] [info] CMC::computeControls, t = 2.60300
[2023-03-11 00:02:45.720] [info] CMC::computeControls, t = 2.60400
[2023-03-11 00:02:45.738] [info] CMC::computeControls, t = 2.60500
[2023-03-11 00:02:45.760] [info] CMC::computeControls, t = 2.60600
[2023-03-11 00:02:45.790] [info] CMC::computeControls, t = 2.60700
[2023-03-11 00:02:45.824] [info] CMC::computeControls, t = 2.60800
[2023-03-11 00:02:45.865] [info] CMC::computeControls, t = 2.60900
[2023-03-11 00:02:45.884] [info] CMC::computeControls, t = 2.61
[2023-03-11 00:02:45.919] [info] CMC::computeControls, t = 2.611
[2023-03-11 00:02:45.941] [info] CMC::computeControls, t = 2.612
[2023-03-11 00:02:45.959] [info] CMC::computeControls, t = 2.613
[2023-03-11 00:02:45.994] [info] CMC::computeControls, t = 2.614
[2023-03-11 00:02:46.010] [info] CMC::computeControls, t = 2.615
[2023-03-11 00:02:46.028] [info] CMC::computeControls, t = 2.616
[2023-03-11 00:02:46.045] [info] CMC::computeControls, t = 2.617
[2023-03-11 00:02:46.060] [info] CMC::computeControls, t = 2.618
[2023-03-11 00:02:46.076] [info] CMC::computeControls, t = 2.619
[2023-03-11 00:02:46.096] [info] CMC::computeControls, t = 2.62
[2023-03-11 00:02:46.118] [info] CMC::computeControls, t = 2.621
[2023-03-11 00:02:46.135] [info] CMC::computeControls, t = 2.622
[2023-03-11 00:02:46.155] [info] CMC::computeControls, t = 2.623
[2023-03-11 00:02:46.175] [info] CMC::computeControls, t = 2.624
[2023-03-11 00:02:46.211] [info] CMC::computeControls, t = 2.625
[2023-03-11 00:02:46.235] [info] CMC::computeControls, t = 2.626
[2023-03-11 00:02:46.252] [info] CMC::computeControls, t = 2.627
[2023-03-11 00:02:46.276] [info] CMC::computeControls, t = 2.628
[2023-03-11 00:02:46.302] [info] CMC::computeControls, t = 2.629
[2023-03-11 00:02:46.319] [info] CMC::computeControls, t = 2.63
[2023-03-11 00:02:46.346] [info] CMC::computeControls, t = 2.631
[2023-03-11 00:02:46.372] [info] CMC::computeControls, t = 2.632
[2023-03-11 00:02:46.395] [info] CMC::computeControls, t = 2.633
[2023-03-11 00:02:46.426] [info] CMC::computeControls, t = 2.634
[2023-03-11 00:02:46.444] [info] CMC::computeControls, t = 2.635
[2023-03-11 00:02:46.461] [info] CMC::computeControls, t = 2.636
[2023-03-11 00:02:46.488] [info] CMC::computeControls, t = 2.637
[2023-03-11 00:02:46.524] [info] CMC::computeControls, t = 2.638
[2023-03-11 00:02:46.552] [info] CMC::computeControls, t = 2.639
[2023-03-11 00:02:46.591] [info] -------------------------------------------
[2023-03-11 00:02:46.591] [info] Finished tracking the specified kinematics:
[2023-03-11 00:02:46.591] [info] -------------------------------------------
[2023-03-11 00:02:46.591] [info]  -- Start time = Sat Mar 11 00:02:31 2023
[2023-03-11 00:02:46.591] [info]  -- Finish time = Sat Mar 11 00:02:46 2023
[2023-03-11 00:02:46.591] [info]  -- Elapsed time = 15.0 seconds.
[2023-03-11 00:02:46.592] [info] -------------------------------------------
[2023-03-11 00:02:46.592] [info] 
[2023-03-11 00:02:46.592] [info] Printing results of investigation subject10_run5_cycle1 to cycle1/
[2023-03-11 00:02:47.231] [info] 

************************************************************
*      Summary of Mass Adjustments to Reduce Residuals     *
************************************************************
* Body adjusted: torso
* Mass Center (COM) adjustment: dx =-0.1, dz =0.0464771
* New COM location: ~[0.0701027,0.318905,-0.0464771]
************************************************************
* Recommended mass adjustments:                             
*  Total mass change: 2.9646
*  pelvis: orig mass = 10.8524, new mass = 11.3169
*  femur_r: orig mass = 8.57116, new mass = 8.93802
*  tibia_r: orig mass = 3.41643, new mass = 3.56266
*  talus_r: orig mass = 0.0921492, new mass = 0.0960933
*  calcn_r: orig mass = 1.15186, new mass = 1.20117
*  toes_r: orig mass = 0.199595, new mass = 0.208138
*  femur_l: orig mass = 8.57116, new mass = 8.93802
*  tibia_l: orig mass = 3.41643, new mass = 3.56266
*  talus_l: orig mass = 0.0921492, new mass = 0.0960933
*  calcn_l: orig mass = 1.15186, new mass = 1.20117
*  toes_l: orig mass = 0.199595, new mass = 0.208138
*  torso: orig mass = 24.7205, new mass = 25.7786
*  humerus_r: orig mass = 1.87293, new mass = 1.9531
*  ulna_r: orig mass = 0.559806, new mass = 0.583767
*  radius_r: orig mass = 0.559806, new mass = 0.583767
*  hand_r: orig mass = 0.421582, new mass = 0.439627
*  humerus_l: orig mass = 1.87293, new mass = 1.9531
*  ulna_l: orig mass = 0.559806, new mass = 0.583767
*  radius_l: orig mass = 0.559806, new mass = 0.583767
*  hand_l: orig mass = 0.421582, new mass = 0.439627
************************************************************
* Note: Edit the model to make recommended adjustments to  *
*       mass properties.                                   *
************************************************************

* Average residuals before adjusting torso COM:
*  FX=0.837126 FY=-29.0728 FZ=-2.10961
*  MX=-11.2672 MY=1.13763 MZ=-35.0514
************************************************************
* Average residuals after adjusting torso COM:
*  FX=2.53123 FY=-30.6619 FZ=3.02189
*  MX=8.91471 MY=-4.24416 MZ=-16.5757
************************************************************


[2023-03-11 00:02:47.231] [info] 
************************************************************
*                   Final Average Residuals                *
************************************************************
* After torso COM and Kinematics adjustments:
*  FX=0.871477 FY=-6.27035 FZ=-9.4151
*  MX=14.9806 MY=5.01967 MZ=-1.65545
************************************************************


