[2023-08-15 21:58:30.863] [info] Storage: read data file = ..\rra1\cycle2\subject01_run5_cycle2_iter1_Kinematics_q.sto (nr=683 nc=38)
[2023-08-15 21:58:30.883] [info] Storage: read data file = ..\rra1\cycle2\subject01_run5_cycle2_iter1_Kinematics_q.sto (nr=683 nc=38)
[2023-08-15 21:58:30.918] [info] AbstractTool subject01_run5_cycle2_iter2 loading model ..\rra1\cycle2\subject01_run5_cycle2_rraAdjusted_iter1.osim
[2023-08-15 21:58:30.948] [info] Loaded model subject01_scaled from file ..\rra1\cycle2\subject01_run5_cycle2_rraAdjusted_iter1.osim
[2023-08-15 21:58:30.976] [info] Adding force object set from ..\subject01_run5_RRA_Actuators.xml
[2023-08-15 21:58:30.982] [info] Running tool subject01_run5_cycle2_iter2.
[2023-08-15 21:58:30.994] [warning] ExternalLoads 'externalloads' has subcomponents with duplicate name 'externalforce'. The duplicate is being renamed to 'externalforce_0'.
[2023-08-15 21:58:31.005] [info] 	taskSet size = 29.
[2023-08-15 21:58:31.045] [info] ExternalForce::externalforce Data source being set to Run_500 02_newCOP3_v24.mot
[2023-08-15 21:58:31.045] [info] ExternalForce::externalforce_0 Data source being set to Run_500 02_newCOP3_v24.mot
[2023-08-15 21:58:31.047] [warning] A desired points file was not specified.
[2023-08-15 21:58:31.047] [info] Loading desired kinematics from file '..\rra1\cycle2\subject01_run5_cycle2_iter1_Kinematics_q.sto'...
[2023-08-15 21:58:31.047] [info] Storage: read data file = ..\rra1\cycle2\subject01_run5_cycle2_iter1_Kinematics_q.sto (nr=683 nc=38)
[2023-08-15 21:58:31.068] [info] Not filtering the desired kinematics.
[2023-08-15 21:58:31.069] [cout] [info] MODEL: subject01_scaled

numStates = 74
numCoordinates = 37
numSpeeds = 37
numActuators = 29
numBodies = 20
numConstraints = 0
numProbes = 0

ANALYSES (total: 0)

BODIES (total: 20)
body[0] = pelvis. mass: 11.4561
              moments of inertia:  ~[0.0967035,0.0967035,0.0562156]
              products of inertia: ~[0,0,0]
body[1] = femur_r. mass: 9.04796
              moments of inertia:  ~[0.170153,0.0446031,0.179429]
              products of inertia: ~[0,0,0]
body[2] = tibia_r. mass: 3.60648
              moments of inertia:  ~[0.0546712,0.0055322,0.0554305]
              products of inertia: ~[0,0,0]
body[3] = talus_r. mass: 0.0972753
              moments of inertia:  ~[0.00142711,0.00142711,0.00142711]
              products of inertia: ~[0,0,0]
body[4] = calcn_r. mass: 1.21594
              moments of inertia:  ~[0.00199795,0.00556571,0.00585113]
              products of inertia: ~[0,0,0]
body[5] = toes_r. mass: 0.210698
              moments of inertia:  ~[0.000142711,0.000285421,0.00142711]
              products of inertia: ~[0,0,0]
body[6] = femur_l. mass: 9.04796
              moments of inertia:  ~[0.170153,0.0446031,0.179429]
              products of inertia: ~[0,0,0]
body[7] = tibia_l. mass: 3.60648
              moments of inertia:  ~[0.0546712,0.0055322,0.0554305]
              products of inertia: ~[0,0,0]
body[8] = talus_l. mass: 0.0972753
              moments of inertia:  ~[0.00142711,0.00142711,0.00142711]
              products of inertia: ~[0,0,0]
body[9] = calcn_l. mass: 1.21594
              moments of inertia:  ~[0.00199795,0.00556571,0.00585113]
              products of inertia: ~[0,0,0]
body[10] = toes_l. mass: 0.210698
              moments of inertia:  ~[0.000142711,0.000285421,0.00142711]
              products of inertia: ~[0,0,0]
body[11] = torso. mass: 26.0956
              moments of inertia:  ~[1.50848,0.77291,1.46439]
              products of inertia: ~[0,0,0]
body[12] = humerus_r. mass: 1.97712
              moments of inertia:  ~[0.0141243,0.00487245,0.0158541]
              products of inertia: ~[0,0,0]
body[13] = ulna_r. mass: 0.590947
              moments of inertia:  ~[0.00354855,0.00074038,0.00384926]
              products of inertia: ~[0,0,0]
body[14] = radius_r. mass: 0.590947
              moments of inertia:  ~[0.00354855,0.00074038,0.00384926]
              products of inertia: ~[0,0,0]
body[15] = hand_r. mass: 0.445034
              moments of inertia:  ~[0.00106864,0.00065532,0.00160535]
              products of inertia: ~[0,0,0]
body[16] = humerus_l. mass: 1.97712
              moments of inertia:  ~[0.0143116,0.00493706,0.0160643]
              products of inertia: ~[0,0,0]
body[17] = ulna_l. mass: 0.590947
              moments of inertia:  ~[0.00354855,0.00074038,0.00384926]
              products of inertia: ~[0,0,0]
body[18] = radius_l. mass: 0.590947
              moments of inertia:  ~[0.00354855,0.00074038,0.00384926]
              products of inertia: ~[0,0,0]
body[19] = hand_l. mass: 0.445034
              moments of inertia:  ~[0.00106864,0.00065532,0.00160535]
              products of inertia: ~[0,0,0]

JOINTS (total: 20)
joint[0] = ground_pelvis. parent: ground_offset, child: pelvis_offset
joint[1] = hip_r. parent: pelvis_offset, child: femur_r_offset
joint[2] = knee_r. parent: femur_r_offset, child: tibia_r_offset
joint[3] = ankle_r. parent: tibia_r_offset, child: talus_r_offset
joint[4] = subtalar_r. parent: talus_r_offset, child: calcn_r_offset
joint[5] = mtp_r. parent: calcn_r_offset, child: toes_r_offset
joint[6] = hip_l. parent: pelvis_offset, child: femur_l_offset
joint[7] = knee_l. parent: femur_l_offset, child: tibia_l_offset
joint[8] = ankle_l. parent: tibia_l_offset, child: talus_l_offset
joint[9] = subtalar_l. parent: talus_l_offset, child: calcn_l_offset
joint[10] = mtp_l. parent: calcn_l_offset, child: toes_l_offset
joint[11] = back. parent: pelvis_offset, child: torso_offset
joint[12] = acromial_r. parent: torso_offset, child: humerus_r_offset
joint[13] = elbow_r. parent: humerus_r_offset, child: ulna_r_offset
joint[14] = radioulnar_r. parent: ulna_r_offset, child: radius_r_offset
joint[15] = radius_hand_r. parent: radius_r_offset, child: hand_r_offset
joint[16] = acromial_l. parent: torso_offset, child: humerus_l_offset
joint[17] = elbow_l. parent: humerus_l_offset, child: ulna_l_offset
joint[18] = radioulnar_l. parent: ulna_l_offset, child: radius_l_offset
joint[19] = radius_hand_l. parent: radius_l_offset, child: hand_l_offset

ACTUATORS (total: 29)
actuator[0] = FX
actuator[1] = FY
actuator[2] = FZ
actuator[3] = MZ
actuator[4] = MX
actuator[5] = MY
actuator[6] = hip_flexion_r
actuator[7] = hip_adduction_r
actuator[8] = hip_rotation_r
actuator[9] = knee_angle_r
actuator[10] = ankle_angle_r
actuator[11] = hip_flexion_l
actuator[12] = hip_adduction_l
actuator[13] = hip_rotation_l
actuator[14] = knee_angle_l
actuator[15] = ankle_angle_l
actuator[16] = lumbar_extension
actuator[17] = lumbar_bending
actuator[18] = lumbar_rotation
actuator[19] = arm_flex_r
actuator[20] = arm_add_r
actuator[21] = arm_rot_r
actuator[22] = elbow_flex_r
actuator[23] = pro_sup_r
actuator[24] = arm_flex_l
actuator[25] = arm_add_l
actuator[26] = arm_rot_l
actuator[27] = elbow_flex_l
actuator[28] = pro_sup_l

STATES (total: 74)
y[0] = /jointset/ground_pelvis/pelvis_tilt/value
y[1] = /jointset/ground_pelvis/pelvis_tilt/speed
y[2] = /jointset/ground_pelvis/pelvis_list/value
y[3] = /jointset/ground_pelvis/pelvis_list/speed
y[4] = /jointset/ground_pelvis/pelvis_rotation/value
y[5] = /jointset/ground_pelvis/pelvis_rotation/speed
y[6] = /jointset/ground_pelvis/pelvis_tx/value
y[7] = /jointset/ground_pelvis/pelvis_tx/speed
y[8] = /jointset/ground_pelvis/pelvis_ty/value
y[9] = /jointset/ground_pelvis/pelvis_ty/speed
y[10] = /jointset/ground_pelvis/pelvis_tz/value
y[11] = /jointset/ground_pelvis/pelvis_tz/speed
y[12] = /jointset/hip_r/hip_flexion_r/value
y[13] = /jointset/hip_r/hip_flexion_r/speed
y[14] = /jointset/hip_r/hip_adduction_r/value
y[15] = /jointset/hip_r/hip_adduction_r/speed
y[16] = /jointset/hip_r/hip_rotation_r/value
y[17] = /jointset/hip_r/hip_rotation_r/speed
y[18] = /jointset/knee_r/knee_angle_r/value
y[19] = /jointset/knee_r/knee_angle_r/speed
y[20] = /jointset/ankle_r/ankle_angle_r/value
y[21] = /jointset/ankle_r/ankle_angle_r/speed
y[22] = /jointset/subtalar_r/subtalar_angle_r/value
y[23] = /jointset/subtalar_r/subtalar_angle_r/speed
y[24] = /jointset/mtp_r/mtp_angle_r/value
y[25] = /jointset/mtp_r/mtp_angle_r/speed
y[26] = /jointset/hip_l/hip_flexion_l/value
y[27] = /jointset/hip_l/hip_flexion_l/speed
y[28] = /jointset/hip_l/hip_adduction_l/value
y[29] = /jointset/hip_l/hip_adduction_l/speed
y[30] = /jointset/hip_l/hip_rotation_l/value
y[31] = /jointset/hip_l/hip_rotation_l/speed
y[32] = /jointset/knee_l/knee_angle_l/value
y[33] = /jointset/knee_l/knee_angle_l/speed
y[34] = /jointset/ankle_l/ankle_angle_l/value
y[35] = /jointset/ankle_l/ankle_angle_l/speed
y[36] = /jointset/subtalar_l/subtalar_angle_l/value
y[37] = /jointset/subtalar_l/subtalar_angle_l/speed
y[38] = /jointset/mtp_l/mtp_angle_l/value
y[39] = /jointset/mtp_l/mtp_angle_l/speed
y[40] = /jointset/back/lumbar_extension/value
y[41] = /jointset/back/lumbar_extension/speed
y[42] = /jointset/back/lumbar_bending/value
y[43] = /jointset/back/lumbar_bending/speed
y[44] = /jointset/back/lumbar_rotation/value
y[45] = /jointset/back/lumbar_rotation/speed
y[46] = /jointset/acromial_r/arm_flex_r/value
y[47] = /jointset/acromial_r/arm_flex_r/speed
y[48] = /jointset/acromial_r/arm_add_r/value
y[49] = /jointset/acromial_r/arm_add_r/speed
y[50] = /jointset/acromial_r/arm_rot_r/value
y[51] = /jointset/acromial_r/arm_rot_r/speed
y[52] = /jointset/elbow_r/elbow_flex_r/value
y[53] = /jointset/elbow_r/elbow_flex_r/speed
y[54] = /jointset/radioulnar_r/pro_sup_r/value
y[55] = /jointset/radioulnar_r/pro_sup_r/speed
y[56] = /jointset/radius_hand_r/wrist_flex_r/value
y[57] = /jointset/radius_hand_r/wrist_flex_r/speed
y[58] = /jointset/radius_hand_r/wrist_dev_r/value
y[59] = /jointset/radius_hand_r/wrist_dev_r/speed
y[60] = /jointset/acromial_l/arm_flex_l/value
y[61] = /jointset/acromial_l/arm_flex_l/speed
y[62] = /jointset/acromial_l/arm_add_l/value
y[63] = /jointset/acromial_l/arm_add_l/speed
y[64] = /jointset/acromial_l/arm_rot_l/value
y[65] = /jointset/acromial_l/arm_rot_l/speed
y[66] = /jointset/elbow_l/elbow_flex_l/value
y[67] = /jointset/elbow_l/elbow_flex_l/speed
y[68] = /jointset/radioulnar_l/pro_sup_l/value
y[69] = /jointset/radioulnar_l/pro_sup_l/speed
y[70] = /jointset/radius_hand_l/wrist_flex_l/value
y[71] = /jointset/radius_hand_l/wrist_flex_l/speed
y[72] = /jointset/radius_hand_l/wrist_dev_l/value
y[73] = /jointset/radius_hand_l/wrist_dev_l/speed

[2023-08-15 21:58:31.217] [warning] Coordinate.setValue:  coordinate subtalar_angle_r is locked. Unable to change its value.
[2023-08-15 21:58:31.217] [warning] Coordinate.setValue:  coordinate mtp_angle_r is locked. Unable to change its value.
[2023-08-15 21:58:31.217] [warning] Coordinate.setValue:  coordinate subtalar_angle_l is locked. Unable to change its value.
[2023-08-15 21:58:31.217] [warning] Coordinate.setValue:  coordinate mtp_angle_l is locked. Unable to change its value.
[2023-08-15 21:58:31.217] [warning] Coordinate.setValue:  coordinate wrist_flex_r is locked. Unable to change its value.
[2023-08-15 21:58:31.217] [warning] Coordinate.setValue:  coordinate wrist_dev_r is locked. Unable to change its value.
[2023-08-15 21:58:31.217] [warning] Coordinate.setValue:  coordinate wrist_flex_l is locked. Unable to change its value.
[2023-08-15 21:58:31.217] [warning] Coordinate.setValue:  coordinate wrist_dev_l is locked. Unable to change its value.
[2023-08-15 21:58:31.271] [info] Requested COM adjustment time range 1.143 to 1.776, clamped to nearest available data times: 1.143 to 1.776.
[2023-08-15 21:58:31.271] [info] Computing average residuals between 1.143 and 1.776...
[2023-08-15 21:58:31.315] [info] ExternalForce::externalforce Data source being set to Run_500 02_newCOP3_v24.mot
[2023-08-15 21:58:31.315] [info] ExternalForce::externalforce_0 Data source being set to Run_500 02_newCOP3_v24.mot
[2023-08-15 21:58:31.352] [info] ExternalForce::externalforce Data source being set to Run_500 02_newCOP3_v24.mot
[2023-08-15 21:58:31.352] [info] ExternalForce::externalforce_0 Data source being set to Run_500 02_newCOP3_v24.mot
[2023-08-15 21:58:33.664] [info] ExternalForce::externalforce Data source being set to Run_500 02_newCOP3_v24.mot
[2023-08-15 21:58:33.664] [info] ExternalForce::externalforce_0 Data source being set to Run_500 02_newCOP3_v24.mot
[2023-08-15 21:58:33.667] [info] Computing average residuals between 1.143 and 1.776...
[2023-08-15 21:58:33.710] [info] ExternalForce::externalforce Data source being set to Run_500 02_newCOP3_v24.mot
[2023-08-15 21:58:33.710] [info] ExternalForce::externalforce_0 Data source being set to Run_500 02_newCOP3_v24.mot
[2023-08-15 21:58:33.744] [info] ExternalForce::externalforce Data source being set to Run_500 02_newCOP3_v24.mot
[2023-08-15 21:58:33.744] [info] ExternalForce::externalforce_0 Data source being set to Run_500 02_newCOP3_v24.mot
[2023-08-15 21:58:36.051] [info] Constructing function set for tracking desired kinematics...
[2023-08-15 21:58:36.357] [warning] No Actuation analysis found in analysis set, adding one...
[2023-08-15 21:58:36.358] [warning] No Kinematics analysis found in analysis set, adding one...
[2023-08-15 21:58:36.359] [info] Using the generalized coordinates specified in '..\rra1\cycle2\subject01_run5_cycle2_iter1_Kinematics_q.sto' to set the initial configuration.
[2023-08-15 21:58:36.434] [info] Using IPOPT optimizer algorithm.
[2023-08-15 21:58:36.434] [info] Setting optimizer print level to 0.
[2023-08-15 21:58:36.434] [info] Setting optimizer convergence tolerance to 1.0e-05.
[2023-08-15 21:58:36.434] [info] Setting optimizer maximum iterations to 2000.
[2023-08-15 21:58:36.434] [info] Setting cmc controller to not use verbose printing.

[2023-08-15 21:58:36.434] [info] CMC::computeControls, t = 1.143
[2023-08-15 21:58:36.837] [info] --------------------------------------------
[2023-08-15 21:58:36.837] [info] Using CMC to track the specified kinematics:
[2023-08-15 21:58:36.837] [info] --------------------------------------------
[2023-08-15 21:58:36.837] [info]  -- Integrating from 1.143 to 1.776
[2023-08-15 21:58:36.837] [info]  -- Start time = Tue Aug 15 21:58:36 2023
[2023-08-15 21:58:36.837] [info] --------------------------------------------
[2023-08-15 21:58:36.837] [info] 
[2023-08-15 21:58:36.840] [info] CMC::computeControls, t = 1.143
[2023-08-15 21:58:36.860] [info] CMC::computeControls, t = 1.144
[2023-08-15 21:58:36.860] [warning] Coordinate.setValue:  coordinate subtalar_angle_r is locked. Unable to change its value.
[2023-08-15 21:58:36.860] [warning] Coordinate.setValue:  coordinate mtp_angle_r is locked. Unable to change its value.
[2023-08-15 21:58:36.860] [warning] Coordinate.setValue:  coordinate subtalar_angle_l is locked. Unable to change its value.
[2023-08-15 21:58:36.860] [warning] Coordinate.setValue:  coordinate mtp_angle_l is locked. Unable to change its value.
[2023-08-15 21:58:36.860] [warning] Coordinate.setValue:  coordinate wrist_flex_r is locked. Unable to change its value.
[2023-08-15 21:58:36.860] [warning] Coordinate.setValue:  coordinate wrist_dev_r is locked. Unable to change its value.
[2023-08-15 21:58:36.860] [warning] Coordinate.setValue:  coordinate wrist_flex_l is locked. Unable to change its value.
[2023-08-15 21:58:36.860] [warning] Coordinate.setValue:  coordinate wrist_dev_l is locked. Unable to change its value.
[2023-08-15 21:58:36.876] [info] CMC::computeControls, t = 1.145
[2023-08-15 21:58:36.892] [info] CMC::computeControls, t = 1.146
[2023-08-15 21:58:36.908] [info] CMC::computeControls, t = 1.147
[2023-08-15 21:58:36.924] [info] CMC::computeControls, t = 1.148
[2023-08-15 21:58:36.939] [info] CMC::computeControls, t = 1.149
[2023-08-15 21:58:36.955] [info] CMC::computeControls, t = 1.15
[2023-08-15 21:58:36.970] [info] CMC::computeControls, t = 1.151
[2023-08-15 21:58:36.985] [info] CMC::computeControls, t = 1.152
[2023-08-15 21:58:37.001] [info] CMC::computeControls, t = 1.153
[2023-08-15 21:58:37.016] [info] CMC::computeControls, t = 1.154
[2023-08-15 21:58:37.031] [info] CMC::computeControls, t = 1.155
[2023-08-15 21:58:37.046] [info] CMC::computeControls, t = 1.156
[2023-08-15 21:58:37.061] [info] CMC::computeControls, t = 1.157
[2023-08-15 21:58:37.076] [info] CMC::computeControls, t = 1.158
[2023-08-15 21:58:37.091] [info] CMC::computeControls, t = 1.159
[2023-08-15 21:58:37.106] [info] CMC::computeControls, t = 1.16
[2023-08-15 21:58:37.126] [info] CMC::computeControls, t = 1.161
[2023-08-15 21:58:37.141] [info] CMC::computeControls, t = 1.162
[2023-08-15 21:58:37.156] [info] CMC::computeControls, t = 1.163
[2023-08-15 21:58:37.172] [info] CMC::computeControls, t = 1.164
[2023-08-15 21:58:37.187] [info] CMC::computeControls, t = 1.165
[2023-08-15 21:58:37.203] [info] CMC::computeControls, t = 1.166
[2023-08-15 21:58:37.218] [info] CMC::computeControls, t = 1.167
[2023-08-15 21:58:37.234] [info] CMC::computeControls, t = 1.168
[2023-08-15 21:58:37.249] [info] CMC::computeControls, t = 1.169
[2023-08-15 21:58:37.271] [info] CMC::computeControls, t = 1.17
[2023-08-15 21:58:37.286] [info] CMC::computeControls, t = 1.171
[2023-08-15 21:58:37.302] [info] CMC::computeControls, t = 1.172
[2023-08-15 21:58:37.318] [info] CMC::computeControls, t = 1.173
[2023-08-15 21:58:37.336] [info] CMC::computeControls, t = 1.174
[2023-08-15 21:58:37.351] [info] CMC::computeControls, t = 1.175
[2023-08-15 21:58:37.368] [info] CMC::computeControls, t = 1.176
[2023-08-15 21:58:37.383] [info] CMC::computeControls, t = 1.177
[2023-08-15 21:58:37.398] [info] CMC::computeControls, t = 1.178
[2023-08-15 21:58:37.413] [info] CMC::computeControls, t = 1.179
[2023-08-15 21:58:37.428] [info] CMC::computeControls, t = 1.18
[2023-08-15 21:58:37.443] [info] CMC::computeControls, t = 1.181
[2023-08-15 21:58:37.458] [info] CMC::computeControls, t = 1.182
[2023-08-15 21:58:37.473] [info] CMC::computeControls, t = 1.183
[2023-08-15 21:58:37.488] [info] CMC::computeControls, t = 1.184
[2023-08-15 21:58:37.503] [info] CMC::computeControls, t = 1.185
[2023-08-15 21:58:37.518] [info] CMC::computeControls, t = 1.186
[2023-08-15 21:58:37.533] [info] CMC::computeControls, t = 1.187
[2023-08-15 21:58:37.549] [info] CMC::computeControls, t = 1.188
[2023-08-15 21:58:37.564] [info] CMC::computeControls, t = 1.189
[2023-08-15 21:58:37.579] [info] CMC::computeControls, t = 1.19
[2023-08-15 21:58:37.594] [info] CMC::computeControls, t = 1.191
[2023-08-15 21:58:37.610] [info] CMC::computeControls, t = 1.192
[2023-08-15 21:58:37.625] [info] CMC::computeControls, t = 1.193
[2023-08-15 21:58:37.640] [info] CMC::computeControls, t = 1.194
[2023-08-15 21:58:37.657] [info] CMC::computeControls, t = 1.195
[2023-08-15 21:58:37.672] [info] CMC::computeControls, t = 1.196
[2023-08-15 21:58:37.687] [info] CMC::computeControls, t = 1.197
[2023-08-15 21:58:37.703] [info] CMC::computeControls, t = 1.198
[2023-08-15 21:58:37.718] [info] CMC::computeControls, t = 1.199
[2023-08-15 21:58:37.733] [info] CMC::computeControls, t = 1.2
[2023-08-15 21:58:37.749] [info] CMC::computeControls, t = 1.20100
[2023-08-15 21:58:37.764] [info] CMC::computeControls, t = 1.20200
[2023-08-15 21:58:37.779] [info] CMC::computeControls, t = 1.20300
[2023-08-15 21:58:37.794] [info] CMC::computeControls, t = 1.20400
[2023-08-15 21:58:37.811] [info] CMC::computeControls, t = 1.20500
[2023-08-15 21:58:37.827] [info] CMC::computeControls, t = 1.20600
[2023-08-15 21:58:37.842] [info] CMC::computeControls, t = 1.20700
[2023-08-15 21:58:37.858] [info] CMC::computeControls, t = 1.20800
[2023-08-15 21:58:37.873] [info] CMC::computeControls, t = 1.20900
[2023-08-15 21:58:37.889] [info] CMC::computeControls, t = 1.21
[2023-08-15 21:58:37.904] [info] CMC::computeControls, t = 1.211
[2023-08-15 21:58:37.920] [info] CMC::computeControls, t = 1.212
[2023-08-15 21:58:37.935] [info] CMC::computeControls, t = 1.213
[2023-08-15 21:58:37.951] [info] CMC::computeControls, t = 1.214
[2023-08-15 21:58:37.966] [info] CMC::computeControls, t = 1.215
[2023-08-15 21:58:37.982] [info] CMC::computeControls, t = 1.216
[2023-08-15 21:58:37.998] [info] CMC::computeControls, t = 1.217
[2023-08-15 21:58:38.014] [info] CMC::computeControls, t = 1.218
[2023-08-15 21:58:38.030] [info] CMC::computeControls, t = 1.219
[2023-08-15 21:58:38.045] [info] CMC::computeControls, t = 1.22
[2023-08-15 21:58:38.061] [info] CMC::computeControls, t = 1.221
[2023-08-15 21:58:38.076] [info] CMC::computeControls, t = 1.222
[2023-08-15 21:58:38.092] [info] CMC::computeControls, t = 1.223
[2023-08-15 21:58:38.108] [info] CMC::computeControls, t = 1.224
[2023-08-15 21:58:38.124] [info] CMC::computeControls, t = 1.225
[2023-08-15 21:58:38.140] [info] CMC::computeControls, t = 1.226
[2023-08-15 21:58:38.155] [info] CMC::computeControls, t = 1.227
[2023-08-15 21:58:38.171] [info] CMC::computeControls, t = 1.228
[2023-08-15 21:58:38.187] [info] CMC::computeControls, t = 1.229
[2023-08-15 21:58:38.203] [info] CMC::computeControls, t = 1.23
[2023-08-15 21:58:38.220] [info] CMC::computeControls, t = 1.231
[2023-08-15 21:58:38.236] [info] CMC::computeControls, t = 1.232
[2023-08-15 21:58:38.251] [info] CMC::computeControls, t = 1.233
[2023-08-15 21:58:38.265] [info] CMC::computeControls, t = 1.234
[2023-08-15 21:58:38.280] [info] CMC::computeControls, t = 1.235
[2023-08-15 21:58:38.295] [info] CMC::computeControls, t = 1.236
[2023-08-15 21:58:38.310] [info] CMC::computeControls, t = 1.237
[2023-08-15 21:58:38.326] [info] CMC::computeControls, t = 1.238
[2023-08-15 21:58:38.341] [info] CMC::computeControls, t = 1.239
[2023-08-15 21:58:38.356] [info] CMC::computeControls, t = 1.24
[2023-08-15 21:58:38.372] [info] CMC::computeControls, t = 1.241
[2023-08-15 21:58:38.387] [info] CMC::computeControls, t = 1.242
[2023-08-15 21:58:38.402] [info] CMC::computeControls, t = 1.243
[2023-08-15 21:58:38.416] [info] CMC::computeControls, t = 1.244
[2023-08-15 21:58:38.431] [info] CMC::computeControls, t = 1.245
[2023-08-15 21:58:38.447] [info] CMC::computeControls, t = 1.246
[2023-08-15 21:58:38.463] [info] CMC::computeControls, t = 1.247
[2023-08-15 21:58:38.478] [info] CMC::computeControls, t = 1.248
[2023-08-15 21:58:38.493] [info] CMC::computeControls, t = 1.249
[2023-08-15 21:58:38.508] [info] CMC::computeControls, t = 1.25
[2023-08-15 21:58:38.524] [info] CMC::computeControls, t = 1.251
[2023-08-15 21:58:38.544] [info] CMC::computeControls, t = 1.252
[2023-08-15 21:58:38.559] [info] CMC::computeControls, t = 1.253
[2023-08-15 21:58:38.574] [info] CMC::computeControls, t = 1.254
[2023-08-15 21:58:38.589] [info] CMC::computeControls, t = 1.255
[2023-08-15 21:58:38.604] [info] CMC::computeControls, t = 1.256
[2023-08-15 21:58:38.620] [info] CMC::computeControls, t = 1.257
[2023-08-15 21:58:38.635] [info] CMC::computeControls, t = 1.258
[2023-08-15 21:58:38.650] [info] CMC::computeControls, t = 1.259
[2023-08-15 21:58:38.665] [info] CMC::computeControls, t = 1.26
[2023-08-15 21:58:38.681] [info] CMC::computeControls, t = 1.261
[2023-08-15 21:58:38.696] [info] CMC::computeControls, t = 1.262
[2023-08-15 21:58:38.711] [info] CMC::computeControls, t = 1.263
[2023-08-15 21:58:38.727] [info] CMC::computeControls, t = 1.264
[2023-08-15 21:58:38.742] [info] CMC::computeControls, t = 1.265
[2023-08-15 21:58:38.757] [info] CMC::computeControls, t = 1.266
[2023-08-15 21:58:38.772] [info] CMC::computeControls, t = 1.267
[2023-08-15 21:58:38.787] [info] CMC::computeControls, t = 1.268
[2023-08-15 21:58:38.802] [info] CMC::computeControls, t = 1.269
[2023-08-15 21:58:38.818] [info] CMC::computeControls, t = 1.27
[2023-08-15 21:58:38.834] [info] CMC::computeControls, t = 1.271
[2023-08-15 21:58:38.850] [info] CMC::computeControls, t = 1.272
[2023-08-15 21:58:38.865] [info] CMC::computeControls, t = 1.273
[2023-08-15 21:58:38.881] [info] CMC::computeControls, t = 1.274
[2023-08-15 21:58:38.896] [info] CMC::computeControls, t = 1.275
[2023-08-15 21:58:38.911] [info] CMC::computeControls, t = 1.276
[2023-08-15 21:58:38.927] [info] CMC::computeControls, t = 1.277
[2023-08-15 21:58:38.942] [info] CMC::computeControls, t = 1.278
[2023-08-15 21:58:38.958] [info] CMC::computeControls, t = 1.279
[2023-08-15 21:58:38.974] [info] CMC::computeControls, t = 1.28
[2023-08-15 21:58:38.990] [info] CMC::computeControls, t = 1.281
[2023-08-15 21:58:39.006] [info] CMC::computeControls, t = 1.282
[2023-08-15 21:58:39.022] [info] CMC::computeControls, t = 1.283
[2023-08-15 21:58:39.037] [info] CMC::computeControls, t = 1.284
[2023-08-15 21:58:39.052] [info] CMC::computeControls, t = 1.285
[2023-08-15 21:58:39.068] [info] CMC::computeControls, t = 1.286
[2023-08-15 21:58:39.083] [info] CMC::computeControls, t = 1.287
[2023-08-15 21:58:39.102] [info] CMC::computeControls, t = 1.288
[2023-08-15 21:58:39.118] [info] CMC::computeControls, t = 1.289
[2023-08-15 21:58:39.133] [info] CMC::computeControls, t = 1.29
[2023-08-15 21:58:39.149] [info] CMC::computeControls, t = 1.291
[2023-08-15 21:58:39.165] [info] CMC::computeControls, t = 1.292
[2023-08-15 21:58:39.181] [info] CMC::computeControls, t = 1.293
[2023-08-15 21:58:39.196] [info] CMC::computeControls, t = 1.294
[2023-08-15 21:58:39.211] [info] CMC::computeControls, t = 1.295
[2023-08-15 21:58:39.226] [info] CMC::computeControls, t = 1.296
[2023-08-15 21:58:39.241] [info] CMC::computeControls, t = 1.297
[2023-08-15 21:58:39.257] [info] CMC::computeControls, t = 1.298
[2023-08-15 21:58:39.272] [info] CMC::computeControls, t = 1.299
[2023-08-15 21:58:39.287] [info] CMC::computeControls, t = 1.3
[2023-08-15 21:58:39.302] [info] CMC::computeControls, t = 1.30100
[2023-08-15 21:58:39.320] [info] CMC::computeControls, t = 1.30200
[2023-08-15 21:58:39.335] [info] CMC::computeControls, t = 1.30300
[2023-08-15 21:58:39.351] [info] CMC::computeControls, t = 1.30400
[2023-08-15 21:58:39.366] [info] CMC::computeControls, t = 1.30500
[2023-08-15 21:58:39.381] [info] CMC::computeControls, t = 1.30600
[2023-08-15 21:58:39.397] [info] CMC::computeControls, t = 1.30700
[2023-08-15 21:58:39.412] [info] CMC::computeControls, t = 1.30800
[2023-08-15 21:58:39.427] [info] CMC::computeControls, t = 1.30900
[2023-08-15 21:58:39.443] [info] CMC::computeControls, t = 1.31
[2023-08-15 21:58:39.458] [info] CMC::computeControls, t = 1.311
[2023-08-15 21:58:39.473] [info] CMC::computeControls, t = 1.312
[2023-08-15 21:58:39.489] [info] CMC::computeControls, t = 1.313
[2023-08-15 21:58:39.504] [info] CMC::computeControls, t = 1.314
[2023-08-15 21:58:39.519] [info] CMC::computeControls, t = 1.315
[2023-08-15 21:58:39.535] [info] CMC::computeControls, t = 1.316
[2023-08-15 21:58:39.550] [info] CMC::computeControls, t = 1.317
[2023-08-15 21:58:39.565] [info] CMC::computeControls, t = 1.318
[2023-08-15 21:58:39.580] [info] CMC::computeControls, t = 1.319
[2023-08-15 21:58:39.596] [info] CMC::computeControls, t = 1.32
[2023-08-15 21:58:39.611] [info] CMC::computeControls, t = 1.321
[2023-08-15 21:58:39.627] [info] CMC::computeControls, t = 1.322
[2023-08-15 21:58:39.642] [info] CMC::computeControls, t = 1.323
[2023-08-15 21:58:39.658] [info] CMC::computeControls, t = 1.324
[2023-08-15 21:58:39.673] [info] CMC::computeControls, t = 1.325
[2023-08-15 21:58:39.688] [info] CMC::computeControls, t = 1.326
[2023-08-15 21:58:39.704] [info] CMC::computeControls, t = 1.327
[2023-08-15 21:58:39.722] [info] CMC::computeControls, t = 1.328
[2023-08-15 21:58:39.737] [info] CMC::computeControls, t = 1.329
[2023-08-15 21:58:39.752] [info] CMC::computeControls, t = 1.33
[2023-08-15 21:58:39.767] [info] CMC::computeControls, t = 1.331
[2023-08-15 21:58:39.782] [info] CMC::computeControls, t = 1.332
[2023-08-15 21:58:39.797] [info] CMC::computeControls, t = 1.333
[2023-08-15 21:58:39.812] [info] CMC::computeControls, t = 1.334
[2023-08-15 21:58:39.827] [info] CMC::computeControls, t = 1.335
[2023-08-15 21:58:39.843] [info] CMC::computeControls, t = 1.336
[2023-08-15 21:58:39.859] [info] CMC::computeControls, t = 1.337
[2023-08-15 21:58:39.875] [info] CMC::computeControls, t = 1.338
[2023-08-15 21:58:39.891] [info] CMC::computeControls, t = 1.339
[2023-08-15 21:58:39.907] [info] CMC::computeControls, t = 1.34
[2023-08-15 21:58:39.923] [info] CMC::computeControls, t = 1.341
[2023-08-15 21:58:39.937] [info] CMC::computeControls, t = 1.342
[2023-08-15 21:58:39.952] [info] CMC::computeControls, t = 1.343
[2023-08-15 21:58:39.968] [info] CMC::computeControls, t = 1.344
[2023-08-15 21:58:39.983] [info] CMC::computeControls, t = 1.345
[2023-08-15 21:58:39.999] [info] CMC::computeControls, t = 1.346
[2023-08-15 21:58:40.014] [info] CMC::computeControls, t = 1.347
[2023-08-15 21:58:40.031] [info] CMC::computeControls, t = 1.348
[2023-08-15 21:58:40.046] [info] CMC::computeControls, t = 1.349
[2023-08-15 21:58:40.061] [info] CMC::computeControls, t = 1.35
[2023-08-15 21:58:40.076] [info] CMC::computeControls, t = 1.351
[2023-08-15 21:58:40.092] [info] CMC::computeControls, t = 1.352
[2023-08-15 21:58:40.107] [info] CMC::computeControls, t = 1.353
[2023-08-15 21:58:40.123] [info] CMC::computeControls, t = 1.354
[2023-08-15 21:58:40.138] [info] CMC::computeControls, t = 1.355
[2023-08-15 21:58:40.153] [info] CMC::computeControls, t = 1.356
[2023-08-15 21:58:40.169] [info] CMC::computeControls, t = 1.357
[2023-08-15 21:58:40.185] [info] CMC::computeControls, t = 1.358
[2023-08-15 21:58:40.201] [info] CMC::computeControls, t = 1.359
[2023-08-15 21:58:40.216] [info] CMC::computeControls, t = 1.36
[2023-08-15 21:58:40.232] [info] CMC::computeControls, t = 1.361
[2023-08-15 21:58:40.247] [info] CMC::computeControls, t = 1.362
[2023-08-15 21:58:40.263] [info] CMC::computeControls, t = 1.363
[2023-08-15 21:58:40.278] [info] CMC::computeControls, t = 1.364
[2023-08-15 21:58:40.294] [info] CMC::computeControls, t = 1.365
[2023-08-15 21:58:40.309] [info] CMC::computeControls, t = 1.366
[2023-08-15 21:58:40.325] [info] CMC::computeControls, t = 1.367
[2023-08-15 21:58:40.341] [info] CMC::computeControls, t = 1.368
[2023-08-15 21:58:40.357] [info] CMC::computeControls, t = 1.369
[2023-08-15 21:58:40.372] [info] CMC::computeControls, t = 1.37
[2023-08-15 21:58:40.387] [info] CMC::computeControls, t = 1.371
[2023-08-15 21:58:40.403] [info] CMC::computeControls, t = 1.372
[2023-08-15 21:58:40.419] [info] CMC::computeControls, t = 1.373
[2023-08-15 21:58:40.435] [info] CMC::computeControls, t = 1.374
[2023-08-15 21:58:40.450] [info] CMC::computeControls, t = 1.375
[2023-08-15 21:58:40.466] [info] CMC::computeControls, t = 1.376
[2023-08-15 21:58:40.483] [info] CMC::computeControls, t = 1.377
[2023-08-15 21:58:40.501] [info] CMC::computeControls, t = 1.378
[2023-08-15 21:58:40.519] [info] CMC::computeControls, t = 1.379
[2023-08-15 21:58:40.538] [info] CMC::computeControls, t = 1.38
[2023-08-15 21:58:40.555] [info] CMC::computeControls, t = 1.381
[2023-08-15 21:58:40.571] [info] CMC::computeControls, t = 1.382
[2023-08-15 21:58:40.587] [info] CMC::computeControls, t = 1.383
[2023-08-15 21:58:40.604] [info] CMC::computeControls, t = 1.384
[2023-08-15 21:58:40.619] [info] CMC::computeControls, t = 1.385
[2023-08-15 21:58:40.635] [info] CMC::computeControls, t = 1.386
[2023-08-15 21:58:40.650] [info] CMC::computeControls, t = 1.387
[2023-08-15 21:58:40.665] [info] CMC::computeControls, t = 1.388
[2023-08-15 21:58:40.681] [info] CMC::computeControls, t = 1.389
[2023-08-15 21:58:40.699] [info] CMC::computeControls, t = 1.39
[2023-08-15 21:58:40.714] [info] CMC::computeControls, t = 1.391
[2023-08-15 21:58:40.731] [info] CMC::computeControls, t = 1.392
[2023-08-15 21:58:40.748] [info] CMC::computeControls, t = 1.393
[2023-08-15 21:58:40.765] [info] CMC::computeControls, t = 1.394
[2023-08-15 21:58:40.782] [info] CMC::computeControls, t = 1.395
[2023-08-15 21:58:40.799] [info] CMC::computeControls, t = 1.396
[2023-08-15 21:58:40.815] [info] CMC::computeControls, t = 1.397
[2023-08-15 21:58:40.832] [info] CMC::computeControls, t = 1.398
[2023-08-15 21:58:40.848] [info] CMC::computeControls, t = 1.399
[2023-08-15 21:58:40.864] [info] CMC::computeControls, t = 1.4
[2023-08-15 21:58:40.880] [info] CMC::computeControls, t = 1.40100
[2023-08-15 21:58:40.897] [info] CMC::computeControls, t = 1.40200
[2023-08-15 21:58:40.915] [info] CMC::computeControls, t = 1.40300
[2023-08-15 21:58:40.932] [info] CMC::computeControls, t = 1.40400
[2023-08-15 21:58:40.948] [info] CMC::computeControls, t = 1.40500
[2023-08-15 21:58:40.965] [info] CMC::computeControls, t = 1.40600
[2023-08-15 21:58:40.981] [info] CMC::computeControls, t = 1.40700
[2023-08-15 21:58:40.999] [info] CMC::computeControls, t = 1.40800
[2023-08-15 21:58:41.015] [info] CMC::computeControls, t = 1.40900
[2023-08-15 21:58:41.032] [info] CMC::computeControls, t = 1.41
[2023-08-15 21:58:41.049] [info] CMC::computeControls, t = 1.411
[2023-08-15 21:58:41.066] [info] CMC::computeControls, t = 1.412
[2023-08-15 21:58:41.083] [info] CMC::computeControls, t = 1.413
[2023-08-15 21:58:41.100] [info] CMC::computeControls, t = 1.414
[2023-08-15 21:58:41.116] [info] CMC::computeControls, t = 1.415
[2023-08-15 21:58:41.132] [info] CMC::computeControls, t = 1.416
[2023-08-15 21:58:41.149] [info] CMC::computeControls, t = 1.417
[2023-08-15 21:58:41.166] [info] CMC::computeControls, t = 1.418
[2023-08-15 21:58:41.182] [info] CMC::computeControls, t = 1.419
[2023-08-15 21:58:41.198] [info] CMC::computeControls, t = 1.42
[2023-08-15 21:58:41.214] [info] CMC::computeControls, t = 1.421
[2023-08-15 21:58:41.230] [info] CMC::computeControls, t = 1.422
[2023-08-15 21:58:41.245] [info] CMC::computeControls, t = 1.423
[2023-08-15 21:58:41.261] [info] CMC::computeControls, t = 1.424
[2023-08-15 21:58:41.277] [info] CMC::computeControls, t = 1.425
[2023-08-15 21:58:41.292] [info] CMC::computeControls, t = 1.426
[2023-08-15 21:58:41.308] [info] CMC::computeControls, t = 1.427
[2023-08-15 21:58:41.323] [info] CMC::computeControls, t = 1.428
[2023-08-15 21:58:41.339] [info] CMC::computeControls, t = 1.429
[2023-08-15 21:58:41.354] [info] CMC::computeControls, t = 1.43
[2023-08-15 21:58:41.370] [info] CMC::computeControls, t = 1.431
[2023-08-15 21:58:41.385] [info] CMC::computeControls, t = 1.432
[2023-08-15 21:58:41.401] [info] CMC::computeControls, t = 1.433
[2023-08-15 21:58:41.417] [info] CMC::computeControls, t = 1.434
[2023-08-15 21:58:41.434] [info] CMC::computeControls, t = 1.435
[2023-08-15 21:58:41.449] [info] CMC::computeControls, t = 1.436
[2023-08-15 21:58:41.465] [info] CMC::computeControls, t = 1.437
[2023-08-15 21:58:41.480] [info] CMC::computeControls, t = 1.438
[2023-08-15 21:58:41.496] [info] CMC::computeControls, t = 1.439
[2023-08-15 21:58:41.511] [info] CMC::computeControls, t = 1.44
[2023-08-15 21:58:41.527] [info] CMC::computeControls, t = 1.441
[2023-08-15 21:58:41.542] [info] CMC::computeControls, t = 1.442
[2023-08-15 21:58:41.558] [info] CMC::computeControls, t = 1.443
[2023-08-15 21:58:41.573] [info] CMC::computeControls, t = 1.444
[2023-08-15 21:58:41.589] [info] CMC::computeControls, t = 1.445
[2023-08-15 21:58:41.604] [info] CMC::computeControls, t = 1.446
[2023-08-15 21:58:41.619] [info] CMC::computeControls, t = 1.447
[2023-08-15 21:58:41.635] [info] CMC::computeControls, t = 1.448
[2023-08-15 21:58:41.650] [info] CMC::computeControls, t = 1.449
[2023-08-15 21:58:41.665] [info] CMC::computeControls, t = 1.45
[2023-08-15 21:58:41.681] [info] CMC::computeControls, t = 1.451
[2023-08-15 21:58:41.697] [info] CMC::computeControls, t = 1.452
[2023-08-15 21:58:41.712] [info] CMC::computeControls, t = 1.453
[2023-08-15 21:58:41.728] [info] CMC::computeControls, t = 1.454
[2023-08-15 21:58:41.744] [info] CMC::computeControls, t = 1.455
[2023-08-15 21:58:41.760] [info] CMC::computeControls, t = 1.456
[2023-08-15 21:58:41.776] [info] CMC::computeControls, t = 1.457
[2023-08-15 21:58:41.791] [info] CMC::computeControls, t = 1.458
[2023-08-15 21:58:41.807] [info] CMC::computeControls, t = 1.459
[2023-08-15 21:58:41.823] [info] CMC::computeControls, t = 1.46
[2023-08-15 21:58:41.840] [info] CMC::computeControls, t = 1.461
[2023-08-15 21:58:41.855] [info] CMC::computeControls, t = 1.462
[2023-08-15 21:58:41.870] [info] CMC::computeControls, t = 1.463
[2023-08-15 21:58:41.885] [info] CMC::computeControls, t = 1.464
[2023-08-15 21:58:41.900] [info] CMC::computeControls, t = 1.465
[2023-08-15 21:58:41.915] [info] CMC::computeControls, t = 1.466
[2023-08-15 21:58:41.931] [info] CMC::computeControls, t = 1.467
[2023-08-15 21:58:41.948] [info] CMC::computeControls, t = 1.468
[2023-08-15 21:58:41.964] [info] CMC::computeControls, t = 1.469
[2023-08-15 21:58:41.979] [info] CMC::computeControls, t = 1.47
[2023-08-15 21:58:41.996] [info] CMC::computeControls, t = 1.471
[2023-08-15 21:58:42.014] [info] CMC::computeControls, t = 1.472
[2023-08-15 21:58:42.034] [info] CMC::computeControls, t = 1.473
[2023-08-15 21:58:42.052] [info] CMC::computeControls, t = 1.474
[2023-08-15 21:58:42.071] [info] CMC::computeControls, t = 1.475
[2023-08-15 21:58:42.091] [info] CMC::computeControls, t = 1.476
[2023-08-15 21:58:42.109] [info] CMC::computeControls, t = 1.477
[2023-08-15 21:58:42.126] [info] CMC::computeControls, t = 1.478
[2023-08-15 21:58:42.142] [info] CMC::computeControls, t = 1.479
[2023-08-15 21:58:42.159] [info] CMC::computeControls, t = 1.48
[2023-08-15 21:58:42.175] [info] CMC::computeControls, t = 1.481
[2023-08-15 21:58:42.191] [info] CMC::computeControls, t = 1.482
[2023-08-15 21:58:42.207] [info] CMC::computeControls, t = 1.483
[2023-08-15 21:58:42.228] [info] CMC::computeControls, t = 1.484
[2023-08-15 21:58:42.243] [info] CMC::computeControls, t = 1.485
[2023-08-15 21:58:42.258] [info] CMC::computeControls, t = 1.486
[2023-08-15 21:58:42.273] [info] CMC::computeControls, t = 1.487
[2023-08-15 21:58:42.288] [info] CMC::computeControls, t = 1.488
[2023-08-15 21:58:42.303] [info] CMC::computeControls, t = 1.489
[2023-08-15 21:58:42.319] [info] CMC::computeControls, t = 1.49
[2023-08-15 21:58:42.334] [info] CMC::computeControls, t = 1.491
[2023-08-15 21:58:42.350] [info] CMC::computeControls, t = 1.492
[2023-08-15 21:58:42.365] [info] CMC::computeControls, t = 1.493
[2023-08-15 21:58:42.381] [info] CMC::computeControls, t = 1.494
[2023-08-15 21:58:42.396] [info] CMC::computeControls, t = 1.495
[2023-08-15 21:58:42.412] [info] CMC::computeControls, t = 1.496
[2023-08-15 21:58:42.427] [info] CMC::computeControls, t = 1.497
[2023-08-15 21:58:42.443] [info] CMC::computeControls, t = 1.498
[2023-08-15 21:58:42.461] [info] CMC::computeControls, t = 1.499
[2023-08-15 21:58:42.476] [info] CMC::computeControls, t = 1.5
[2023-08-15 21:58:42.492] [info] CMC::computeControls, t = 1.50100
[2023-08-15 21:58:42.507] [info] CMC::computeControls, t = 1.50200
[2023-08-15 21:58:42.522] [info] CMC::computeControls, t = 1.50300
[2023-08-15 21:58:42.542] [info] CMC::computeControls, t = 1.50400
[2023-08-15 21:58:42.557] [info] CMC::computeControls, t = 1.50500
[2023-08-15 21:58:42.572] [info] CMC::computeControls, t = 1.50600
[2023-08-15 21:58:42.588] [info] CMC::computeControls, t = 1.50700
[2023-08-15 21:58:42.604] [info] CMC::computeControls, t = 1.50800
[2023-08-15 21:58:42.619] [info] CMC::computeControls, t = 1.50900
[2023-08-15 21:58:42.635] [info] CMC::computeControls, t = 1.51
[2023-08-15 21:58:42.651] [info] CMC::computeControls, t = 1.511
[2023-08-15 21:58:42.667] [info] CMC::computeControls, t = 1.512
[2023-08-15 21:58:42.682] [info] CMC::computeControls, t = 1.513
[2023-08-15 21:58:42.698] [info] CMC::computeControls, t = 1.514
[2023-08-15 21:58:42.714] [info] CMC::computeControls, t = 1.515
[2023-08-15 21:58:42.730] [info] CMC::computeControls, t = 1.516
[2023-08-15 21:58:42.745] [info] CMC::computeControls, t = 1.517
[2023-08-15 21:58:42.761] [info] CMC::computeControls, t = 1.518
[2023-08-15 21:58:42.776] [info] CMC::computeControls, t = 1.519
[2023-08-15 21:58:42.791] [info] CMC::computeControls, t = 1.52
[2023-08-15 21:58:42.806] [info] CMC::computeControls, t = 1.521
[2023-08-15 21:58:42.822] [info] CMC::computeControls, t = 1.522
[2023-08-15 21:58:42.837] [info] CMC::computeControls, t = 1.523
[2023-08-15 21:58:42.859] [info] CMC::computeControls, t = 1.524
[2023-08-15 21:58:42.874] [info] CMC::computeControls, t = 1.525
[2023-08-15 21:58:42.891] [info] CMC::computeControls, t = 1.526
[2023-08-15 21:58:42.907] [info] CMC::computeControls, t = 1.527
[2023-08-15 21:58:42.926] [info] CMC::computeControls, t = 1.528
[2023-08-15 21:58:42.941] [info] CMC::computeControls, t = 1.529
[2023-08-15 21:58:42.956] [info] CMC::computeControls, t = 1.53
[2023-08-15 21:58:42.973] [info] CMC::computeControls, t = 1.531
[2023-08-15 21:58:42.990] [info] CMC::computeControls, t = 1.532
[2023-08-15 21:58:43.005] [info] CMC::computeControls, t = 1.533
[2023-08-15 21:58:43.021] [info] CMC::computeControls, t = 1.534
[2023-08-15 21:58:43.037] [info] CMC::computeControls, t = 1.535
[2023-08-15 21:58:43.053] [info] CMC::computeControls, t = 1.536
[2023-08-15 21:58:43.068] [info] CMC::computeControls, t = 1.537
[2023-08-15 21:58:43.084] [info] CMC::computeControls, t = 1.538
[2023-08-15 21:58:43.100] [info] CMC::computeControls, t = 1.539
[2023-08-15 21:58:43.116] [info] CMC::computeControls, t = 1.54
[2023-08-15 21:58:43.131] [info] CMC::computeControls, t = 1.541
[2023-08-15 21:58:43.147] [info] CMC::computeControls, t = 1.542
[2023-08-15 21:58:43.163] [info] CMC::computeControls, t = 1.543
[2023-08-15 21:58:43.178] [info] CMC::computeControls, t = 1.544
[2023-08-15 21:58:43.194] [info] CMC::computeControls, t = 1.545
[2023-08-15 21:58:43.212] [info] CMC::computeControls, t = 1.546
[2023-08-15 21:58:43.260] [info] CMC::computeControls, t = 1.547
[2023-08-15 21:58:43.279] [info] CMC::computeControls, t = 1.548
[2023-08-15 21:58:43.294] [info] CMC::computeControls, t = 1.549
[2023-08-15 21:58:43.310] [info] CMC::computeControls, t = 1.55
[2023-08-15 21:58:43.326] [info] CMC::computeControls, t = 1.551
[2023-08-15 21:58:43.341] [info] CMC::computeControls, t = 1.552
[2023-08-15 21:58:43.356] [info] CMC::computeControls, t = 1.553
[2023-08-15 21:58:43.372] [info] CMC::computeControls, t = 1.554
[2023-08-15 21:58:43.387] [info] CMC::computeControls, t = 1.555
[2023-08-15 21:58:43.403] [info] CMC::computeControls, t = 1.556
[2023-08-15 21:58:43.419] [info] CMC::computeControls, t = 1.557
[2023-08-15 21:58:43.435] [info] CMC::computeControls, t = 1.558
[2023-08-15 21:58:43.450] [info] CMC::computeControls, t = 1.559
[2023-08-15 21:58:43.466] [info] CMC::computeControls, t = 1.56
[2023-08-15 21:58:43.482] [info] CMC::computeControls, t = 1.561
[2023-08-15 21:58:43.498] [info] CMC::computeControls, t = 1.562
[2023-08-15 21:58:43.514] [info] CMC::computeControls, t = 1.563
[2023-08-15 21:58:43.530] [info] CMC::computeControls, t = 1.564
[2023-08-15 21:58:43.546] [info] CMC::computeControls, t = 1.565
[2023-08-15 21:58:43.561] [info] CMC::computeControls, t = 1.566
[2023-08-15 21:58:43.576] [info] CMC::computeControls, t = 1.567
[2023-08-15 21:58:43.592] [info] CMC::computeControls, t = 1.568
[2023-08-15 21:58:43.607] [info] CMC::computeControls, t = 1.569
[2023-08-15 21:58:43.622] [info] CMC::computeControls, t = 1.57
[2023-08-15 21:58:43.637] [info] CMC::computeControls, t = 1.571
[2023-08-15 21:58:43.653] [info] CMC::computeControls, t = 1.572
[2023-08-15 21:58:43.668] [info] CMC::computeControls, t = 1.573
[2023-08-15 21:58:43.683] [info] CMC::computeControls, t = 1.574
[2023-08-15 21:58:43.699] [info] CMC::computeControls, t = 1.575
[2023-08-15 21:58:43.715] [info] CMC::computeControls, t = 1.576
[2023-08-15 21:58:43.730] [info] CMC::computeControls, t = 1.577
[2023-08-15 21:58:43.746] [info] CMC::computeControls, t = 1.578
[2023-08-15 21:58:43.762] [info] CMC::computeControls, t = 1.579
[2023-08-15 21:58:43.778] [info] CMC::computeControls, t = 1.58
[2023-08-15 21:58:43.793] [info] CMC::computeControls, t = 1.581
[2023-08-15 21:58:43.809] [info] CMC::computeControls, t = 1.582
[2023-08-15 21:58:43.825] [info] CMC::computeControls, t = 1.583
[2023-08-15 21:58:43.841] [info] CMC::computeControls, t = 1.584
[2023-08-15 21:58:43.857] [info] CMC::computeControls, t = 1.585
[2023-08-15 21:58:43.873] [info] CMC::computeControls, t = 1.586
[2023-08-15 21:58:43.889] [info] CMC::computeControls, t = 1.587
[2023-08-15 21:58:43.905] [info] CMC::computeControls, t = 1.588
[2023-08-15 21:58:43.921] [info] CMC::computeControls, t = 1.589
[2023-08-15 21:58:43.936] [info] CMC::computeControls, t = 1.59
[2023-08-15 21:58:43.952] [info] CMC::computeControls, t = 1.591
[2023-08-15 21:58:43.969] [info] CMC::computeControls, t = 1.592
[2023-08-15 21:58:43.985] [info] CMC::computeControls, t = 1.593
[2023-08-15 21:58:44.001] [info] CMC::computeControls, t = 1.594
[2023-08-15 21:58:44.018] [info] CMC::computeControls, t = 1.595
[2023-08-15 21:58:44.033] [info] CMC::computeControls, t = 1.596
[2023-08-15 21:58:44.050] [info] CMC::computeControls, t = 1.597
[2023-08-15 21:58:44.065] [info] CMC::computeControls, t = 1.598
[2023-08-15 21:58:44.080] [info] CMC::computeControls, t = 1.599
[2023-08-15 21:58:44.098] [info] CMC::computeControls, t = 1.6
[2023-08-15 21:58:44.114] [info] CMC::computeControls, t = 1.60100
[2023-08-15 21:58:44.130] [info] CMC::computeControls, t = 1.60200
[2023-08-15 21:58:44.147] [info] CMC::computeControls, t = 1.60300
[2023-08-15 21:58:44.167] [info] CMC::computeControls, t = 1.60400
[2023-08-15 21:58:44.182] [info] CMC::computeControls, t = 1.60500
[2023-08-15 21:58:44.201] [info] CMC::computeControls, t = 1.60600
[2023-08-15 21:58:44.217] [info] CMC::computeControls, t = 1.60700
[2023-08-15 21:58:44.232] [info] CMC::computeControls, t = 1.60800
[2023-08-15 21:58:44.248] [info] CMC::computeControls, t = 1.60900
[2023-08-15 21:58:44.264] [info] CMC::computeControls, t = 1.61
[2023-08-15 21:58:44.280] [info] CMC::computeControls, t = 1.611
[2023-08-15 21:58:44.296] [info] CMC::computeControls, t = 1.612
[2023-08-15 21:58:44.312] [info] CMC::computeControls, t = 1.613
[2023-08-15 21:58:44.327] [info] CMC::computeControls, t = 1.614
[2023-08-15 21:58:44.343] [info] CMC::computeControls, t = 1.615
[2023-08-15 21:58:44.359] [info] CMC::computeControls, t = 1.616
[2023-08-15 21:58:44.375] [info] CMC::computeControls, t = 1.617
[2023-08-15 21:58:44.391] [info] CMC::computeControls, t = 1.618
[2023-08-15 21:58:44.407] [info] CMC::computeControls, t = 1.619
[2023-08-15 21:58:44.422] [info] CMC::computeControls, t = 1.62
[2023-08-15 21:58:44.437] [info] CMC::computeControls, t = 1.621
[2023-08-15 21:58:44.452] [info] CMC::computeControls, t = 1.622
[2023-08-15 21:58:44.468] [info] CMC::computeControls, t = 1.623
[2023-08-15 21:58:44.483] [info] CMC::computeControls, t = 1.624
[2023-08-15 21:58:44.499] [info] CMC::computeControls, t = 1.625
[2023-08-15 21:58:44.514] [info] CMC::computeControls, t = 1.626
[2023-08-15 21:58:44.531] [info] CMC::computeControls, t = 1.627
[2023-08-15 21:58:44.547] [info] CMC::computeControls, t = 1.628
[2023-08-15 21:58:44.562] [info] CMC::computeControls, t = 1.629
[2023-08-15 21:58:44.577] [info] CMC::computeControls, t = 1.63
[2023-08-15 21:58:44.593] [info] CMC::computeControls, t = 1.631
[2023-08-15 21:58:44.608] [info] CMC::computeControls, t = 1.632
[2023-08-15 21:58:44.624] [info] CMC::computeControls, t = 1.633
[2023-08-15 21:58:44.640] [info] CMC::computeControls, t = 1.634
[2023-08-15 21:58:44.656] [info] CMC::computeControls, t = 1.635
[2023-08-15 21:58:44.672] [info] CMC::computeControls, t = 1.636
[2023-08-15 21:58:44.688] [info] CMC::computeControls, t = 1.637
[2023-08-15 21:58:44.704] [info] CMC::computeControls, t = 1.638
[2023-08-15 21:58:44.720] [info] CMC::computeControls, t = 1.639
[2023-08-15 21:58:44.736] [info] CMC::computeControls, t = 1.64
[2023-08-15 21:58:44.752] [info] CMC::computeControls, t = 1.641
[2023-08-15 21:58:44.768] [info] CMC::computeControls, t = 1.642
[2023-08-15 21:58:44.783] [info] CMC::computeControls, t = 1.643
[2023-08-15 21:58:44.799] [info] CMC::computeControls, t = 1.644
[2023-08-15 21:58:44.815] [info] CMC::computeControls, t = 1.645
[2023-08-15 21:58:44.831] [info] CMC::computeControls, t = 1.646
[2023-08-15 21:58:44.847] [info] CMC::computeControls, t = 1.647
[2023-08-15 21:58:44.863] [info] CMC::computeControls, t = 1.648
[2023-08-15 21:58:44.878] [info] CMC::computeControls, t = 1.649
[2023-08-15 21:58:44.894] [info] CMC::computeControls, t = 1.65
[2023-08-15 21:58:44.910] [info] CMC::computeControls, t = 1.651
[2023-08-15 21:58:44.927] [info] CMC::computeControls, t = 1.652
[2023-08-15 21:58:44.943] [info] CMC::computeControls, t = 1.653
[2023-08-15 21:58:44.959] [info] CMC::computeControls, t = 1.654
[2023-08-15 21:58:44.975] [info] CMC::computeControls, t = 1.655
[2023-08-15 21:58:44.991] [info] CMC::computeControls, t = 1.656
[2023-08-15 21:58:45.007] [info] CMC::computeControls, t = 1.657
[2023-08-15 21:58:45.023] [info] CMC::computeControls, t = 1.658
[2023-08-15 21:58:45.040] [info] CMC::computeControls, t = 1.659
[2023-08-15 21:58:45.057] [info] CMC::computeControls, t = 1.66
[2023-08-15 21:58:45.073] [info] CMC::computeControls, t = 1.661
[2023-08-15 21:58:45.089] [info] CMC::computeControls, t = 1.662
[2023-08-15 21:58:45.105] [info] CMC::computeControls, t = 1.663
[2023-08-15 21:58:45.121] [info] CMC::computeControls, t = 1.664
[2023-08-15 21:58:45.137] [info] CMC::computeControls, t = 1.665
[2023-08-15 21:58:45.153] [info] CMC::computeControls, t = 1.666
[2023-08-15 21:58:45.169] [info] CMC::computeControls, t = 1.667
[2023-08-15 21:58:45.185] [info] CMC::computeControls, t = 1.668
[2023-08-15 21:58:45.201] [info] CMC::computeControls, t = 1.669
[2023-08-15 21:58:45.217] [info] CMC::computeControls, t = 1.67
[2023-08-15 21:58:45.233] [info] CMC::computeControls, t = 1.671
[2023-08-15 21:58:45.249] [info] CMC::computeControls, t = 1.672
[2023-08-15 21:58:45.267] [info] CMC::computeControls, t = 1.673
[2023-08-15 21:58:45.284] [info] CMC::computeControls, t = 1.674
[2023-08-15 21:58:45.300] [info] CMC::computeControls, t = 1.675
[2023-08-15 21:58:45.315] [info] CMC::computeControls, t = 1.676
[2023-08-15 21:58:45.331] [info] CMC::computeControls, t = 1.677
[2023-08-15 21:58:45.350] [info] CMC::computeControls, t = 1.678
[2023-08-15 21:58:45.365] [info] CMC::computeControls, t = 1.679
[2023-08-15 21:58:45.380] [info] CMC::computeControls, t = 1.68
[2023-08-15 21:58:45.396] [info] CMC::computeControls, t = 1.681
[2023-08-15 21:58:45.412] [info] CMC::computeControls, t = 1.682
[2023-08-15 21:58:45.427] [info] CMC::computeControls, t = 1.683
[2023-08-15 21:58:45.443] [info] CMC::computeControls, t = 1.684
[2023-08-15 21:58:45.458] [info] CMC::computeControls, t = 1.685
[2023-08-15 21:58:45.474] [info] CMC::computeControls, t = 1.686
[2023-08-15 21:58:45.490] [info] CMC::computeControls, t = 1.687
[2023-08-15 21:58:45.505] [info] CMC::computeControls, t = 1.688
[2023-08-15 21:58:45.521] [info] CMC::computeControls, t = 1.689
[2023-08-15 21:58:45.537] [info] CMC::computeControls, t = 1.69
[2023-08-15 21:58:45.556] [info] CMC::computeControls, t = 1.691
[2023-08-15 21:58:45.572] [info] CMC::computeControls, t = 1.692
[2023-08-15 21:58:45.588] [info] CMC::computeControls, t = 1.693
[2023-08-15 21:58:45.604] [info] CMC::computeControls, t = 1.694
[2023-08-15 21:58:45.619] [info] CMC::computeControls, t = 1.695
[2023-08-15 21:58:45.635] [info] CMC::computeControls, t = 1.696
[2023-08-15 21:58:45.655] [info] CMC::computeControls, t = 1.697
[2023-08-15 21:58:45.677] [info] CMC::computeControls, t = 1.698
[2023-08-15 21:58:45.694] [info] CMC::computeControls, t = 1.699
[2023-08-15 21:58:45.713] [info] CMC::computeControls, t = 1.7
[2023-08-15 21:58:45.733] [info] CMC::computeControls, t = 1.70100
[2023-08-15 21:58:45.751] [info] CMC::computeControls, t = 1.70200
[2023-08-15 21:58:45.768] [info] CMC::computeControls, t = 1.70300
[2023-08-15 21:58:45.789] [info] CMC::computeControls, t = 1.70400
[2023-08-15 21:58:45.804] [info] CMC::computeControls, t = 1.70500
[2023-08-15 21:58:45.819] [info] CMC::computeControls, t = 1.70600
[2023-08-15 21:58:45.834] [info] CMC::computeControls, t = 1.70700
[2023-08-15 21:58:45.850] [info] CMC::computeControls, t = 1.70800
[2023-08-15 21:58:45.865] [info] CMC::computeControls, t = 1.70900
[2023-08-15 21:58:45.881] [info] CMC::computeControls, t = 1.71
[2023-08-15 21:58:45.896] [info] CMC::computeControls, t = 1.711
[2023-08-15 21:58:45.912] [info] CMC::computeControls, t = 1.712
[2023-08-15 21:58:45.928] [info] CMC::computeControls, t = 1.713
[2023-08-15 21:58:45.944] [info] CMC::computeControls, t = 1.714
[2023-08-15 21:58:45.965] [info] CMC::computeControls, t = 1.715
[2023-08-15 21:58:45.981] [info] CMC::computeControls, t = 1.716
[2023-08-15 21:58:45.998] [info] CMC::computeControls, t = 1.717
[2023-08-15 21:58:46.013] [info] CMC::computeControls, t = 1.718
[2023-08-15 21:58:46.029] [info] CMC::computeControls, t = 1.719
[2023-08-15 21:58:46.044] [info] CMC::computeControls, t = 1.72
[2023-08-15 21:58:46.061] [info] CMC::computeControls, t = 1.721
[2023-08-15 21:58:46.077] [info] CMC::computeControls, t = 1.722
[2023-08-15 21:58:46.093] [info] CMC::computeControls, t = 1.723
[2023-08-15 21:58:46.109] [info] CMC::computeControls, t = 1.724
[2023-08-15 21:58:46.125] [info] CMC::computeControls, t = 1.725
[2023-08-15 21:58:46.140] [info] CMC::computeControls, t = 1.726
[2023-08-15 21:58:46.156] [info] CMC::computeControls, t = 1.727
[2023-08-15 21:58:46.172] [info] CMC::computeControls, t = 1.728
[2023-08-15 21:58:46.188] [info] CMC::computeControls, t = 1.729
[2023-08-15 21:58:46.203] [info] CMC::computeControls, t = 1.73
[2023-08-15 21:58:46.219] [info] CMC::computeControls, t = 1.731
[2023-08-15 21:58:46.235] [info] CMC::computeControls, t = 1.732
[2023-08-15 21:58:46.251] [info] CMC::computeControls, t = 1.733
[2023-08-15 21:58:46.267] [info] CMC::computeControls, t = 1.734
[2023-08-15 21:58:46.285] [info] CMC::computeControls, t = 1.735
[2023-08-15 21:58:46.301] [info] CMC::computeControls, t = 1.736
[2023-08-15 21:58:46.316] [info] CMC::computeControls, t = 1.737
[2023-08-15 21:58:46.331] [info] CMC::computeControls, t = 1.738
[2023-08-15 21:58:46.347] [info] CMC::computeControls, t = 1.739
[2023-08-15 21:58:46.362] [info] CMC::computeControls, t = 1.74
[2023-08-15 21:58:46.378] [info] CMC::computeControls, t = 1.741
[2023-08-15 21:58:46.393] [info] CMC::computeControls, t = 1.742
[2023-08-15 21:58:46.409] [info] CMC::computeControls, t = 1.743
[2023-08-15 21:58:46.425] [info] CMC::computeControls, t = 1.744
[2023-08-15 21:58:46.440] [info] CMC::computeControls, t = 1.745
[2023-08-15 21:58:46.456] [info] CMC::computeControls, t = 1.746
[2023-08-15 21:58:46.472] [info] CMC::computeControls, t = 1.747
[2023-08-15 21:58:46.487] [info] CMC::computeControls, t = 1.748
[2023-08-15 21:58:46.503] [info] CMC::computeControls, t = 1.749
[2023-08-15 21:58:46.518] [info] CMC::computeControls, t = 1.75
[2023-08-15 21:58:46.534] [info] CMC::computeControls, t = 1.751
[2023-08-15 21:58:46.549] [info] CMC::computeControls, t = 1.752
[2023-08-15 21:58:46.565] [info] CMC::computeControls, t = 1.753
[2023-08-15 21:58:46.581] [info] CMC::computeControls, t = 1.754
[2023-08-15 21:58:46.597] [info] CMC::computeControls, t = 1.755
[2023-08-15 21:58:46.613] [info] CMC::computeControls, t = 1.756
[2023-08-15 21:58:46.628] [info] CMC::computeControls, t = 1.757
[2023-08-15 21:58:46.648] [info] CMC::computeControls, t = 1.758
[2023-08-15 21:58:46.663] [info] CMC::computeControls, t = 1.759
[2023-08-15 21:58:46.679] [info] CMC::computeControls, t = 1.76
[2023-08-15 21:58:46.695] [info] CMC::computeControls, t = 1.761
[2023-08-15 21:58:46.711] [info] CMC::computeControls, t = 1.762
[2023-08-15 21:58:46.726] [info] CMC::computeControls, t = 1.763
[2023-08-15 21:58:46.742] [info] CMC::computeControls, t = 1.764
[2023-08-15 21:58:46.758] [info] CMC::computeControls, t = 1.765
[2023-08-15 21:58:46.775] [info] CMC::computeControls, t = 1.766
[2023-08-15 21:58:46.791] [info] CMC::computeControls, t = 1.767
[2023-08-15 21:58:46.807] [info] CMC::computeControls, t = 1.768
[2023-08-15 21:58:46.823] [info] CMC::computeControls, t = 1.769
[2023-08-15 21:58:46.844] [info] CMC::computeControls, t = 1.77
[2023-08-15 21:58:46.859] [info] CMC::computeControls, t = 1.771
[2023-08-15 21:58:46.874] [info] CMC::computeControls, t = 1.772
[2023-08-15 21:58:46.890] [info] CMC::computeControls, t = 1.773
[2023-08-15 21:58:46.905] [info] CMC::computeControls, t = 1.774
[2023-08-15 21:58:46.923] [info] CMC::computeControls, t = 1.775
[2023-08-15 21:58:46.939] [info] -------------------------------------------
[2023-08-15 21:58:46.939] [info] Finished tracking the specified kinematics:
[2023-08-15 21:58:46.939] [info] -------------------------------------------
[2023-08-15 21:58:46.939] [info]  -- Start time = Tue Aug 15 21:58:36 2023
[2023-08-15 21:58:46.939] [info]  -- Finish time = Tue Aug 15 21:58:46 2023
[2023-08-15 21:58:46.939] [info]  -- Elapsed time = 10.0 seconds.
[2023-08-15 21:58:46.939] [info] -------------------------------------------
[2023-08-15 21:58:46.939] [info] 
[2023-08-15 21:58:46.939] [info] Printing results of investigation subject01_run5_cycle2_iter2 to cycle2/
[2023-08-15 21:58:47.275] [info] 

************************************************************
*      Summary of Mass Adjustments to Reduce Residuals     *
************************************************************
* Body adjusted: torso
* Mass Center (COM) adjustment: dx =0.0307258, dz =0.0161438
* New COM location: ~[-0.0186399,0.32879,-0.0261317]
************************************************************
* Recommended mass adjustments:                             
*  Total mass change: -0.411077
*  pelvis: orig mass = 11.4561, new mass = 11.3917
*  femur_r: orig mass = 9.04796, new mass = 8.99709
*  tibia_r: orig mass = 3.60648, new mass = 3.5862
*  talus_r: orig mass = 0.0972753, new mass = 0.0967284
*  calcn_r: orig mass = 1.21594, new mass = 1.2091
*  toes_r: orig mass = 0.210698, new mass = 0.209513
*  femur_l: orig mass = 9.04796, new mass = 8.99709
*  tibia_l: orig mass = 3.60648, new mass = 3.5862
*  talus_l: orig mass = 0.0972753, new mass = 0.0967284
*  calcn_l: orig mass = 1.21594, new mass = 1.2091
*  toes_l: orig mass = 0.210698, new mass = 0.209513
*  torso: orig mass = 26.0956, new mass = 25.9489
*  humerus_r: orig mass = 1.97712, new mass = 1.966
*  ulna_r: orig mass = 0.590947, new mass = 0.587625
*  radius_r: orig mass = 0.590947, new mass = 0.587625
*  hand_r: orig mass = 0.445034, new mass = 0.442532
*  humerus_l: orig mass = 1.97712, new mass = 1.966
*  ulna_l: orig mass = 0.590947, new mass = 0.587625
*  radius_l: orig mass = 0.590947, new mass = 0.587625
*  hand_l: orig mass = 0.445034, new mass = 0.442532
************************************************************
* Note: Edit the model to make recommended adjustments to  *
*       mass properties.                                   *
************************************************************

* Average residuals before adjusting torso COM:
*  FX=4.04148 FY=4.03129 FZ=1.24712
*  MX=-4.13137 MY=-3.0419 MZ=7.86305
************************************************************
* Average residuals after adjusting torso COM:
*  FX=3.69989 FY=3.80396 FZ=1.49288
*  MX=0.343898 MY=-3.22347 MZ=0.691979
************************************************************


[2023-08-15 21:58:47.275] [info] 
************************************************************
*                   Final Average Residuals                *
************************************************************
* After torso COM and Kinematics adjustments:
*  FX=0.0273506 FY=0.532988 FZ=0.12564
*  MX=-0.635995 MY=-0.679699 MZ=0.0072957
************************************************************


