[2023-08-15 22:13:34.213] [info] Storage: read data file = ..\rra2\cycle3\subject04_run5_cycle3_iter2_Kinematics_q.sto (nr=681 nc=38)
[2023-08-15 22:13:34.264] [info] Storage: read data file = ..\rra2\cycle3\subject04_run5_cycle3_iter2_Kinematics_q.sto (nr=681 nc=38)
[2023-08-15 22:13:34.308] [info] AbstractTool subject04_run5_cycle3_iter3 loading model ..\rra2\cycle3\subject04_run5_cycle3_rraAdjusted_iter2.osim
[2023-08-15 22:13:34.362] [info] Loaded model subject04_scaled from file ..\rra2\cycle3\subject04_run5_cycle3_rraAdjusted_iter2.osim
[2023-08-15 22:13:34.425] [info] Adding force object set from ..\subject04_run5_RRA_Actuators.xml
[2023-08-15 22:13:34.445] [info] Running tool subject04_run5_cycle3_iter3.
[2023-08-15 22:13:34.475] [warning] ExternalLoads 'externalloads' has subcomponents with duplicate name 'externalforce'. The duplicate is being renamed to 'externalforce_0'.
[2023-08-15 22:13:34.489] [info] 	taskSet size = 29.
[2023-08-15 22:13:34.596] [info] ExternalForce::externalforce Data source being set to Run_500 04_newCOP3_v24.mot
[2023-08-15 22:13:34.596] [info] ExternalForce::externalforce_0 Data source being set to Run_500 04_newCOP3_v24.mot
[2023-08-15 22:13:34.604] [warning] A desired points file was not specified.
[2023-08-15 22:13:34.604] [info] Loading desired kinematics from file '..\rra2\cycle3\subject04_run5_cycle3_iter2_Kinematics_q.sto'...
[2023-08-15 22:13:34.605] [info] Storage: read data file = ..\rra2\cycle3\subject04_run5_cycle3_iter2_Kinematics_q.sto (nr=681 nc=38)
[2023-08-15 22:13:34.644] [info] Not filtering the desired kinematics.
[2023-08-15 22:13:34.645] [cout] [info] MODEL: subject04_scaled

numStates = 74
numCoordinates = 37
numSpeeds = 37
numActuators = 29
numBodies = 20
numConstraints = 0
numProbes = 0

ANALYSES (total: 0)

BODIES (total: 20)
body[0] = pelvis. mass: 12.78
              moments of inertia:  ~[0.136614,0.136614,0.0719522]
              products of inertia: ~[0,0,0]
body[1] = femur_r. mass: 10.0936
              moments of inertia:  ~[0.163733,0.0429204,0.17266]
              products of inertia: ~[0,0,0]
body[2] = tibia_r. mass: 4.02326
              moments of inertia:  ~[0.0559152,0.00548772,0.0559152]
              products of inertia: ~[0,0,0]
body[3] = talus_r. mass: 0.108517
              moments of inertia:  ~[0.00128643,0.00128643,0.00128643]
              products of inertia: ~[0,0,0]
body[4] = calcn_r. mass: 1.35646
              moments of inertia:  ~[0.00180101,0.00501709,0.00527437]
              products of inertia: ~[0,0,0]
body[5] = toes_r. mass: 0.235048
              moments of inertia:  ~[0.000128643,0.000257286,0.00128643]
              products of inertia: ~[0,0,0]
body[6] = femur_l. mass: 10.0936
              moments of inertia:  ~[0.163733,0.0429204,0.17266]
              products of inertia: ~[0,0,0]
body[7] = tibia_l. mass: 4.02326
              moments of inertia:  ~[0.0559152,0.00548772,0.0559152]
              products of inertia: ~[0,0,0]
body[8] = talus_l. mass: 0.108517
              moments of inertia:  ~[0.00128643,0.00128643,0.00128643]
              products of inertia: ~[0,0,0]
body[9] = calcn_l. mass: 1.35646
              moments of inertia:  ~[0.00180101,0.00501709,0.00527437]
              products of inertia: ~[0,0,0]
body[10] = toes_l. mass: 0.235048
              moments of inertia:  ~[0.000128643,0.000257286,0.00128643]
              products of inertia: ~[0,0,0]
body[11] = torso. mass: 29.1114
              moments of inertia:  ~[1.85026,0.948032,1.79618]
              products of inertia: ~[0,0,0]
body[12] = humerus_r. mass: 2.2056
              moments of inertia:  ~[0.0130105,0.00448823,0.0146039]
              products of inertia: ~[0,0,0]
body[13] = ulna_r. mass: 0.659239
              moments of inertia:  ~[0.00363471,0.000758357,0.00394272]
              products of inertia: ~[0,0,0]
body[14] = radius_r. mass: 0.659239
              moments of inertia:  ~[0.00363471,0.000758357,0.00394272]
              products of inertia: ~[0,0,0]
body[15] = hand_r. mass: 0.496464
              moments of inertia:  ~[0.00109459,0.000671231,0.00164433]
              products of inertia: ~[0,0,0]
body[16] = humerus_l. mass: 2.2056
              moments of inertia:  ~[0.0130105,0.00448823,0.0146039]
              products of inertia: ~[0,0,0]
body[17] = ulna_l. mass: 0.659239
              moments of inertia:  ~[0.00363471,0.000758357,0.00394272]
              products of inertia: ~[0,0,0]
body[18] = radius_l. mass: 0.659239
              moments of inertia:  ~[0.00363471,0.000758357,0.00394272]
              products of inertia: ~[0,0,0]
body[19] = hand_l. mass: 0.496464
              moments of inertia:  ~[0.00109459,0.000671231,0.00164433]
              products of inertia: ~[0,0,0]

JOINTS (total: 20)
joint[0] = ground_pelvis. parent: ground_offset, child: pelvis_offset
joint[1] = hip_r. parent: pelvis_offset, child: femur_r_offset
joint[2] = knee_r. parent: femur_r_offset, child: tibia_r_offset
joint[3] = ankle_r. parent: tibia_r_offset, child: talus_r_offset
joint[4] = subtalar_r. parent: talus_r_offset, child: calcn_r_offset
joint[5] = mtp_r. parent: calcn_r_offset, child: toes_r_offset
joint[6] = hip_l. parent: pelvis_offset, child: femur_l_offset
joint[7] = knee_l. parent: femur_l_offset, child: tibia_l_offset
joint[8] = ankle_l. parent: tibia_l_offset, child: talus_l_offset
joint[9] = subtalar_l. parent: talus_l_offset, child: calcn_l_offset
joint[10] = mtp_l. parent: calcn_l_offset, child: toes_l_offset
joint[11] = back. parent: pelvis_offset, child: torso_offset
joint[12] = acromial_r. parent: torso_offset, child: humerus_r_offset
joint[13] = elbow_r. parent: humerus_r_offset, child: ulna_r_offset
joint[14] = radioulnar_r. parent: ulna_r_offset, child: radius_r_offset
joint[15] = radius_hand_r. parent: radius_r_offset, child: hand_r_offset
joint[16] = acromial_l. parent: torso_offset, child: humerus_l_offset
joint[17] = elbow_l. parent: humerus_l_offset, child: ulna_l_offset
joint[18] = radioulnar_l. parent: ulna_l_offset, child: radius_l_offset
joint[19] = radius_hand_l. parent: radius_l_offset, child: hand_l_offset

ACTUATORS (total: 29)
actuator[0] = FX
actuator[1] = FY
actuator[2] = FZ
actuator[3] = MZ
actuator[4] = MX
actuator[5] = MY
actuator[6] = hip_flexion_r
actuator[7] = hip_adduction_r
actuator[8] = hip_rotation_r
actuator[9] = knee_angle_r
actuator[10] = ankle_angle_r
actuator[11] = hip_flexion_l
actuator[12] = hip_adduction_l
actuator[13] = hip_rotation_l
actuator[14] = knee_angle_l
actuator[15] = ankle_angle_l
actuator[16] = lumbar_extension
actuator[17] = lumbar_bending
actuator[18] = lumbar_rotation
actuator[19] = arm_flex_r
actuator[20] = arm_add_r
actuator[21] = arm_rot_r
actuator[22] = elbow_flex_r
actuator[23] = pro_sup_r
actuator[24] = arm_flex_l
actuator[25] = arm_add_l
actuator[26] = arm_rot_l
actuator[27] = elbow_flex_l
actuator[28] = pro_sup_l

STATES (total: 74)
y[0] = /jointset/ground_pelvis/pelvis_tilt/value
y[1] = /jointset/ground_pelvis/pelvis_tilt/speed
y[2] = /jointset/ground_pelvis/pelvis_list/value
y[3] = /jointset/ground_pelvis/pelvis_list/speed
y[4] = /jointset/ground_pelvis/pelvis_rotation/value
y[5] = /jointset/ground_pelvis/pelvis_rotation/speed
y[6] = /jointset/ground_pelvis/pelvis_tx/value
y[7] = /jointset/ground_pelvis/pelvis_tx/speed
y[8] = /jointset/ground_pelvis/pelvis_ty/value
y[9] = /jointset/ground_pelvis/pelvis_ty/speed
y[10] = /jointset/ground_pelvis/pelvis_tz/value
y[11] = /jointset/ground_pelvis/pelvis_tz/speed
y[12] = /jointset/hip_r/hip_flexion_r/value
y[13] = /jointset/hip_r/hip_flexion_r/speed
y[14] = /jointset/hip_r/hip_adduction_r/value
y[15] = /jointset/hip_r/hip_adduction_r/speed
y[16] = /jointset/hip_r/hip_rotation_r/value
y[17] = /jointset/hip_r/hip_rotation_r/speed
y[18] = /jointset/knee_r/knee_angle_r/value
y[19] = /jointset/knee_r/knee_angle_r/speed
y[20] = /jointset/ankle_r/ankle_angle_r/value
y[21] = /jointset/ankle_r/ankle_angle_r/speed
y[22] = /jointset/subtalar_r/subtalar_angle_r/value
y[23] = /jointset/subtalar_r/subtalar_angle_r/speed
y[24] = /jointset/mtp_r/mtp_angle_r/value
y[25] = /jointset/mtp_r/mtp_angle_r/speed
y[26] = /jointset/hip_l/hip_flexion_l/value
y[27] = /jointset/hip_l/hip_flexion_l/speed
y[28] = /jointset/hip_l/hip_adduction_l/value
y[29] = /jointset/hip_l/hip_adduction_l/speed
y[30] = /jointset/hip_l/hip_rotation_l/value
y[31] = /jointset/hip_l/hip_rotation_l/speed
y[32] = /jointset/knee_l/knee_angle_l/value
y[33] = /jointset/knee_l/knee_angle_l/speed
y[34] = /jointset/ankle_l/ankle_angle_l/value
y[35] = /jointset/ankle_l/ankle_angle_l/speed
y[36] = /jointset/subtalar_l/subtalar_angle_l/value
y[37] = /jointset/subtalar_l/subtalar_angle_l/speed
y[38] = /jointset/mtp_l/mtp_angle_l/value
y[39] = /jointset/mtp_l/mtp_angle_l/speed
y[40] = /jointset/back/lumbar_extension/value
y[41] = /jointset/back/lumbar_extension/speed
y[42] = /jointset/back/lumbar_bending/value
y[43] = /jointset/back/lumbar_bending/speed
y[44] = /jointset/back/lumbar_rotation/value
y[45] = /jointset/back/lumbar_rotation/speed
y[46] = /jointset/acromial_r/arm_flex_r/value
y[47] = /jointset/acromial_r/arm_flex_r/speed
y[48] = /jointset/acromial_r/arm_add_r/value
y[49] = /jointset/acromial_r/arm_add_r/speed
y[50] = /jointset/acromial_r/arm_rot_r/value
y[51] = /jointset/acromial_r/arm_rot_r/speed
y[52] = /jointset/elbow_r/elbow_flex_r/value
y[53] = /jointset/elbow_r/elbow_flex_r/speed
y[54] = /jointset/radioulnar_r/pro_sup_r/value
y[55] = /jointset/radioulnar_r/pro_sup_r/speed
y[56] = /jointset/radius_hand_r/wrist_flex_r/value
y[57] = /jointset/radius_hand_r/wrist_flex_r/speed
y[58] = /jointset/radius_hand_r/wrist_dev_r/value
y[59] = /jointset/radius_hand_r/wrist_dev_r/speed
y[60] = /jointset/acromial_l/arm_flex_l/value
y[61] = /jointset/acromial_l/arm_flex_l/speed
y[62] = /jointset/acromial_l/arm_add_l/value
y[63] = /jointset/acromial_l/arm_add_l/speed
y[64] = /jointset/acromial_l/arm_rot_l/value
y[65] = /jointset/acromial_l/arm_rot_l/speed
y[66] = /jointset/elbow_l/elbow_flex_l/value
y[67] = /jointset/elbow_l/elbow_flex_l/speed
y[68] = /jointset/radioulnar_l/pro_sup_l/value
y[69] = /jointset/radioulnar_l/pro_sup_l/speed
y[70] = /jointset/radius_hand_l/wrist_flex_l/value
y[71] = /jointset/radius_hand_l/wrist_flex_l/speed
y[72] = /jointset/radius_hand_l/wrist_dev_l/value
y[73] = /jointset/radius_hand_l/wrist_dev_l/speed

[2023-08-15 22:13:35.109] [warning] Coordinate.setValue:  coordinate subtalar_angle_r is locked. Unable to change its value.
[2023-08-15 22:13:35.109] [warning] Coordinate.setValue:  coordinate mtp_angle_r is locked. Unable to change its value.
[2023-08-15 22:13:35.109] [warning] Coordinate.setValue:  coordinate subtalar_angle_l is locked. Unable to change its value.
[2023-08-15 22:13:35.109] [warning] Coordinate.setValue:  coordinate mtp_angle_l is locked. Unable to change its value.
[2023-08-15 22:13:35.109] [warning] Coordinate.setValue:  coordinate wrist_flex_r is locked. Unable to change its value.
[2023-08-15 22:13:35.109] [warning] Coordinate.setValue:  coordinate wrist_dev_r is locked. Unable to change its value.
[2023-08-15 22:13:35.109] [warning] Coordinate.setValue:  coordinate wrist_flex_l is locked. Unable to change its value.
[2023-08-15 22:13:35.109] [warning] Coordinate.setValue:  coordinate wrist_dev_l is locked. Unable to change its value.
[2023-08-15 22:13:35.164] [info] Requested COM adjustment time range 1.4995 to 2.127, clamped to nearest available data times: 1.4995 to 2.127.
[2023-08-15 22:13:35.164] [info] Computing average residuals between 1.4995 and 2.127...
[2023-08-15 22:13:35.284] [info] ExternalForce::externalforce Data source being set to Run_500 04_newCOP3_v24.mot
[2023-08-15 22:13:35.284] [info] ExternalForce::externalforce_0 Data source being set to Run_500 04_newCOP3_v24.mot
[2023-08-15 22:13:35.374] [info] ExternalForce::externalforce Data source being set to Run_500 04_newCOP3_v24.mot
[2023-08-15 22:13:35.374] [info] ExternalForce::externalforce_0 Data source being set to Run_500 04_newCOP3_v24.mot
[2023-08-15 22:13:40.063] [info] ExternalForce::externalforce Data source being set to Run_500 04_newCOP3_v24.mot
[2023-08-15 22:13:40.063] [info] ExternalForce::externalforce_0 Data source being set to Run_500 04_newCOP3_v24.mot
[2023-08-15 22:13:40.077] [info] Computing average residuals between 1.4995 and 2.127...
[2023-08-15 22:13:40.230] [info] ExternalForce::externalforce Data source being set to Run_500 04_newCOP3_v24.mot
[2023-08-15 22:13:40.230] [info] ExternalForce::externalforce_0 Data source being set to Run_500 04_newCOP3_v24.mot
[2023-08-15 22:13:40.323] [info] ExternalForce::externalforce Data source being set to Run_500 04_newCOP3_v24.mot
[2023-08-15 22:13:40.323] [info] ExternalForce::externalforce_0 Data source being set to Run_500 04_newCOP3_v24.mot
[2023-08-15 22:13:44.789] [info] Constructing function set for tracking desired kinematics...
[2023-08-15 22:13:45.635] [warning] No Actuation analysis found in analysis set, adding one...
[2023-08-15 22:13:45.636] [warning] No Kinematics analysis found in analysis set, adding one...
[2023-08-15 22:13:45.640] [info] Using the generalized coordinates specified in '..\rra2\cycle3\subject04_run5_cycle3_iter2_Kinematics_q.sto' to set the initial configuration.
[2023-08-15 22:13:45.776] [info] Using IPOPT optimizer algorithm.
[2023-08-15 22:13:45.776] [info] Setting optimizer print level to 0.
[2023-08-15 22:13:45.776] [info] Setting optimizer convergence tolerance to 1.0e-05.
[2023-08-15 22:13:45.776] [info] Setting optimizer maximum iterations to 2000.
[2023-08-15 22:13:45.776] [info] Setting cmc controller to not use verbose printing.

[2023-08-15 22:13:45.777] [info] CMC::computeControls, t = 1.4995
[2023-08-15 22:13:47.115] [info] --------------------------------------------
[2023-08-15 22:13:47.116] [info] Using CMC to track the specified kinematics:
[2023-08-15 22:13:47.116] [info] --------------------------------------------
[2023-08-15 22:13:47.116] [info]  -- Integrating from 1.4995 to 2.127
[2023-08-15 22:13:47.116] [info]  -- Start time = Tue Aug 15 22:13:47 2023
[2023-08-15 22:13:47.116] [info] --------------------------------------------
[2023-08-15 22:13:47.117] [info] 
[2023-08-15 22:13:47.122] [info] CMC::computeControls, t = 1.4995
[2023-08-15 22:13:47.178] [info] CMC::computeControls, t = 1.50050
[2023-08-15 22:13:47.178] [warning] Coordinate.setValue:  coordinate subtalar_angle_r is locked. Unable to change its value.
[2023-08-15 22:13:47.178] [warning] Coordinate.setValue:  coordinate mtp_angle_r is locked. Unable to change its value.
[2023-08-15 22:13:47.179] [warning] Coordinate.setValue:  coordinate subtalar_angle_l is locked. Unable to change its value.
[2023-08-15 22:13:47.179] [warning] Coordinate.setValue:  coordinate mtp_angle_l is locked. Unable to change its value.
[2023-08-15 22:13:47.179] [warning] Coordinate.setValue:  coordinate wrist_flex_r is locked. Unable to change its value.
[2023-08-15 22:13:47.179] [warning] Coordinate.setValue:  coordinate wrist_dev_r is locked. Unable to change its value.
[2023-08-15 22:13:47.179] [warning] Coordinate.setValue:  coordinate wrist_flex_l is locked. Unable to change its value.
[2023-08-15 22:13:47.179] [warning] Coordinate.setValue:  coordinate wrist_dev_l is locked. Unable to change its value.
[2023-08-15 22:13:47.221] [info] CMC::computeControls, t = 1.50150
[2023-08-15 22:13:47.246] [info] CMC::computeControls, t = 1.50250
[2023-08-15 22:13:47.272] [info] CMC::computeControls, t = 1.50350
[2023-08-15 22:13:47.296] [info] CMC::computeControls, t = 1.50450
[2023-08-15 22:13:47.317] [info] CMC::computeControls, t = 1.50550
[2023-08-15 22:13:47.354] [info] CMC::computeControls, t = 1.50650
[2023-08-15 22:13:47.377] [info] CMC::computeControls, t = 1.50750
[2023-08-15 22:13:47.404] [info] CMC::computeControls, t = 1.50850
[2023-08-15 22:13:47.423] [info] CMC::computeControls, t = 1.50950
[2023-08-15 22:13:47.441] [info] CMC::computeControls, t = 1.51050
[2023-08-15 22:13:47.465] [info] CMC::computeControls, t = 1.5115
[2023-08-15 22:13:47.481] [info] CMC::computeControls, t = 1.5125
[2023-08-15 22:13:47.506] [info] CMC::computeControls, t = 1.5135
[2023-08-15 22:13:47.533] [info] CMC::computeControls, t = 1.5145
[2023-08-15 22:13:47.557] [info] CMC::computeControls, t = 1.5155
[2023-08-15 22:13:47.584] [info] CMC::computeControls, t = 1.5165
[2023-08-15 22:13:47.615] [info] CMC::computeControls, t = 1.5175
[2023-08-15 22:13:47.633] [info] CMC::computeControls, t = 1.5185
[2023-08-15 22:13:47.652] [info] CMC::computeControls, t = 1.5195
[2023-08-15 22:13:47.668] [info] CMC::computeControls, t = 1.52050
[2023-08-15 22:13:47.691] [info] CMC::computeControls, t = 1.5215
[2023-08-15 22:13:47.718] [info] CMC::computeControls, t = 1.5225
[2023-08-15 22:13:47.744] [info] CMC::computeControls, t = 1.5235
[2023-08-15 22:13:47.768] [info] CMC::computeControls, t = 1.5245
[2023-08-15 22:13:47.794] [info] CMC::computeControls, t = 1.5255
[2023-08-15 22:13:47.816] [info] CMC::computeControls, t = 1.5265
[2023-08-15 22:13:47.849] [info] CMC::computeControls, t = 1.5275
[2023-08-15 22:13:47.879] [info] CMC::computeControls, t = 1.5285
[2023-08-15 22:13:47.919] [info] CMC::computeControls, t = 1.5295
[2023-08-15 22:13:47.947] [info] CMC::computeControls, t = 1.53050
[2023-08-15 22:13:47.980] [info] CMC::computeControls, t = 1.5315
[2023-08-15 22:13:48.003] [info] CMC::computeControls, t = 1.5325
[2023-08-15 22:13:48.022] [info] CMC::computeControls, t = 1.5335
[2023-08-15 22:13:48.037] [info] CMC::computeControls, t = 1.5345
[2023-08-15 22:13:48.062] [info] CMC::computeControls, t = 1.5355
[2023-08-15 22:13:48.080] [info] CMC::computeControls, t = 1.5365
[2023-08-15 22:13:48.102] [info] CMC::computeControls, t = 1.5375
[2023-08-15 22:13:48.120] [info] CMC::computeControls, t = 1.5385
[2023-08-15 22:13:48.138] [info] CMC::computeControls, t = 1.5395
[2023-08-15 22:13:48.153] [info] CMC::computeControls, t = 1.54050
[2023-08-15 22:13:48.172] [info] CMC::computeControls, t = 1.5415
[2023-08-15 22:13:48.187] [info] CMC::computeControls, t = 1.5425
[2023-08-15 22:13:48.203] [info] CMC::computeControls, t = 1.5435
[2023-08-15 22:13:48.218] [info] CMC::computeControls, t = 1.5445
[2023-08-15 22:13:48.233] [info] CMC::computeControls, t = 1.5455
[2023-08-15 22:13:48.256] [info] CMC::computeControls, t = 1.5465
[2023-08-15 22:13:48.271] [info] CMC::computeControls, t = 1.5475
[2023-08-15 22:13:48.295] [info] CMC::computeControls, t = 1.5485
[2023-08-15 22:13:48.310] [info] CMC::computeControls, t = 1.5495
[2023-08-15 22:13:48.325] [info] CMC::computeControls, t = 1.55050
[2023-08-15 22:13:48.340] [info] CMC::computeControls, t = 1.5515
[2023-08-15 22:13:48.358] [info] CMC::computeControls, t = 1.5525
[2023-08-15 22:13:48.373] [info] CMC::computeControls, t = 1.5535
[2023-08-15 22:13:48.409] [info] CMC::computeControls, t = 1.5545
[2023-08-15 22:13:48.431] [info] CMC::computeControls, t = 1.5555
[2023-08-15 22:13:48.467] [info] CMC::computeControls, t = 1.5565
[2023-08-15 22:13:48.509] [info] CMC::computeControls, t = 1.5575
[2023-08-15 22:13:48.527] [info] CMC::computeControls, t = 1.5585
[2023-08-15 22:13:48.547] [info] CMC::computeControls, t = 1.5595
[2023-08-15 22:13:48.570] [info] CMC::computeControls, t = 1.56050
[2023-08-15 22:13:48.591] [info] CMC::computeControls, t = 1.5615
[2023-08-15 22:13:48.614] [info] CMC::computeControls, t = 1.5625
[2023-08-15 22:13:48.634] [info] CMC::computeControls, t = 1.5635
[2023-08-15 22:13:48.665] [info] CMC::computeControls, t = 1.5645
[2023-08-15 22:13:48.683] [info] CMC::computeControls, t = 1.5655
[2023-08-15 22:13:48.710] [info] CMC::computeControls, t = 1.5665
[2023-08-15 22:13:48.741] [info] CMC::computeControls, t = 1.5675
[2023-08-15 22:13:48.769] [info] CMC::computeControls, t = 1.5685
[2023-08-15 22:13:48.802] [info] CMC::computeControls, t = 1.5695
[2023-08-15 22:13:48.841] [info] CMC::computeControls, t = 1.57050
[2023-08-15 22:13:48.875] [info] CMC::computeControls, t = 1.5715
[2023-08-15 22:13:48.905] [info] CMC::computeControls, t = 1.5725
[2023-08-15 22:13:48.932] [info] CMC::computeControls, t = 1.5735
[2023-08-15 22:13:48.967] [info] CMC::computeControls, t = 1.5745
[2023-08-15 22:13:49.011] [info] CMC::computeControls, t = 1.5755
[2023-08-15 22:13:49.036] [info] CMC::computeControls, t = 1.5765
[2023-08-15 22:13:49.062] [info] CMC::computeControls, t = 1.5775
[2023-08-15 22:13:49.092] [info] CMC::computeControls, t = 1.5785
[2023-08-15 22:13:49.119] [info] CMC::computeControls, t = 1.5795
[2023-08-15 22:13:49.157] [info] CMC::computeControls, t = 1.58050
[2023-08-15 22:13:49.178] [info] CMC::computeControls, t = 1.5815
[2023-08-15 22:13:49.216] [info] CMC::computeControls, t = 1.5825
[2023-08-15 22:13:49.241] [info] CMC::computeControls, t = 1.5835
[2023-08-15 22:13:49.274] [info] CMC::computeControls, t = 1.5845
[2023-08-15 22:13:49.312] [info] CMC::computeControls, t = 1.5855
[2023-08-15 22:13:49.330] [info] CMC::computeControls, t = 1.5865
[2023-08-15 22:13:49.353] [info] CMC::computeControls, t = 1.5875
[2023-08-15 22:13:49.389] [info] CMC::computeControls, t = 1.5885
[2023-08-15 22:13:49.419] [info] CMC::computeControls, t = 1.5895
[2023-08-15 22:13:49.442] [info] CMC::computeControls, t = 1.59050
[2023-08-15 22:13:49.457] [info] CMC::computeControls, t = 1.5915
[2023-08-15 22:13:49.472] [info] CMC::computeControls, t = 1.5925
[2023-08-15 22:13:49.495] [info] CMC::computeControls, t = 1.5935
[2023-08-15 22:13:49.519] [info] CMC::computeControls, t = 1.5945
[2023-08-15 22:13:49.553] [info] CMC::computeControls, t = 1.5955
[2023-08-15 22:13:49.577] [info] CMC::computeControls, t = 1.5965
[2023-08-15 22:13:49.615] [info] CMC::computeControls, t = 1.5975
[2023-08-15 22:13:49.639] [info] CMC::computeControls, t = 1.5985
[2023-08-15 22:13:49.660] [info] CMC::computeControls, t = 1.5995
[2023-08-15 22:13:49.676] [info] CMC::computeControls, t = 1.60050
[2023-08-15 22:13:49.704] [info] CMC::computeControls, t = 1.60150
[2023-08-15 22:13:49.730] [info] CMC::computeControls, t = 1.60250
[2023-08-15 22:13:49.754] [info] CMC::computeControls, t = 1.60350
[2023-08-15 22:13:49.779] [info] CMC::computeControls, t = 1.60450
[2023-08-15 22:13:49.796] [info] CMC::computeControls, t = 1.60550
[2023-08-15 22:13:49.825] [info] CMC::computeControls, t = 1.60650
[2023-08-15 22:13:49.844] [info] CMC::computeControls, t = 1.60750
[2023-08-15 22:13:49.859] [info] CMC::computeControls, t = 1.60850
[2023-08-15 22:13:49.886] [info] CMC::computeControls, t = 1.60950
[2023-08-15 22:13:49.913] [info] CMC::computeControls, t = 1.61050
[2023-08-15 22:13:49.942] [info] CMC::computeControls, t = 1.6115
[2023-08-15 22:13:49.957] [info] CMC::computeControls, t = 1.6125
[2023-08-15 22:13:49.975] [info] CMC::computeControls, t = 1.6135
[2023-08-15 22:13:50.002] [info] CMC::computeControls, t = 1.6145
[2023-08-15 22:13:50.020] [info] CMC::computeControls, t = 1.6155
[2023-08-15 22:13:50.042] [info] CMC::computeControls, t = 1.6165
[2023-08-15 22:13:50.081] [info] CMC::computeControls, t = 1.6175
[2023-08-15 22:13:50.109] [info] CMC::computeControls, t = 1.6185
[2023-08-15 22:13:50.132] [info] CMC::computeControls, t = 1.6195
[2023-08-15 22:13:50.155] [info] CMC::computeControls, t = 1.62050
[2023-08-15 22:13:50.188] [info] CMC::computeControls, t = 1.6215
[2023-08-15 22:13:50.224] [info] CMC::computeControls, t = 1.6225
[2023-08-15 22:13:50.247] [info] CMC::computeControls, t = 1.6235
[2023-08-15 22:13:50.281] [info] CMC::computeControls, t = 1.6245
[2023-08-15 22:13:50.299] [info] CMC::computeControls, t = 1.6255
[2023-08-15 22:13:50.315] [info] CMC::computeControls, t = 1.6265
[2023-08-15 22:13:50.335] [info] CMC::computeControls, t = 1.6275
[2023-08-15 22:13:50.358] [info] CMC::computeControls, t = 1.6285
[2023-08-15 22:13:50.396] [info] CMC::computeControls, t = 1.6295
[2023-08-15 22:13:50.429] [info] CMC::computeControls, t = 1.63050
[2023-08-15 22:13:50.464] [info] CMC::computeControls, t = 1.6315
[2023-08-15 22:13:50.490] [info] CMC::computeControls, t = 1.6325
[2023-08-15 22:13:50.516] [info] CMC::computeControls, t = 1.6335
[2023-08-15 22:13:50.544] [info] CMC::computeControls, t = 1.6345
[2023-08-15 22:13:50.561] [info] CMC::computeControls, t = 1.6355
[2023-08-15 22:13:50.577] [info] CMC::computeControls, t = 1.6365
[2023-08-15 22:13:50.607] [info] CMC::computeControls, t = 1.6375
[2023-08-15 22:13:50.638] [info] CMC::computeControls, t = 1.6385
[2023-08-15 22:13:50.667] [info] CMC::computeControls, t = 1.6395
[2023-08-15 22:13:50.690] [info] CMC::computeControls, t = 1.64050
[2023-08-15 22:13:50.706] [info] CMC::computeControls, t = 1.6415
[2023-08-15 22:13:50.722] [info] CMC::computeControls, t = 1.6425
[2023-08-15 22:13:50.739] [info] CMC::computeControls, t = 1.6435
[2023-08-15 22:13:50.755] [info] CMC::computeControls, t = 1.6445
[2023-08-15 22:13:50.770] [info] CMC::computeControls, t = 1.6455
[2023-08-15 22:13:50.787] [info] CMC::computeControls, t = 1.6465
[2023-08-15 22:13:50.812] [info] CMC::computeControls, t = 1.6475
[2023-08-15 22:13:50.829] [info] CMC::computeControls, t = 1.6485
[2023-08-15 22:13:50.865] [info] CMC::computeControls, t = 1.6495
[2023-08-15 22:13:50.882] [info] CMC::computeControls, t = 1.65050
[2023-08-15 22:13:50.906] [info] CMC::computeControls, t = 1.6515
[2023-08-15 22:13:50.941] [info] CMC::computeControls, t = 1.6525
[2023-08-15 22:13:50.965] [info] CMC::computeControls, t = 1.6535
[2023-08-15 22:13:50.984] [info] CMC::computeControls, t = 1.6545
[2023-08-15 22:13:51.015] [info] CMC::computeControls, t = 1.6555
[2023-08-15 22:13:51.037] [info] CMC::computeControls, t = 1.6565
[2023-08-15 22:13:51.070] [info] CMC::computeControls, t = 1.6575
[2023-08-15 22:13:51.103] [info] CMC::computeControls, t = 1.6585
[2023-08-15 22:13:51.119] [info] CMC::computeControls, t = 1.6595
[2023-08-15 22:13:51.134] [info] CMC::computeControls, t = 1.66050
[2023-08-15 22:13:51.168] [info] CMC::computeControls, t = 1.6615
[2023-08-15 22:13:51.208] [info] CMC::computeControls, t = 1.6625
[2023-08-15 22:13:51.230] [info] CMC::computeControls, t = 1.6635
[2023-08-15 22:13:51.262] [info] CMC::computeControls, t = 1.6645
[2023-08-15 22:13:51.282] [info] CMC::computeControls, t = 1.6655
[2023-08-15 22:13:51.309] [info] CMC::computeControls, t = 1.6665
[2023-08-15 22:13:51.324] [info] CMC::computeControls, t = 1.6675
[2023-08-15 22:13:51.339] [info] CMC::computeControls, t = 1.6685
[2023-08-15 22:13:51.363] [info] CMC::computeControls, t = 1.6695
[2023-08-15 22:13:51.379] [info] CMC::computeControls, t = 1.67050
[2023-08-15 22:13:51.401] [info] CMC::computeControls, t = 1.6715
[2023-08-15 22:13:51.430] [info] CMC::computeControls, t = 1.6725
[2023-08-15 22:13:51.458] [info] CMC::computeControls, t = 1.6735
[2023-08-15 22:13:51.473] [info] CMC::computeControls, t = 1.6745
[2023-08-15 22:13:51.489] [info] CMC::computeControls, t = 1.6755
[2023-08-15 22:13:51.504] [info] CMC::computeControls, t = 1.6765
[2023-08-15 22:13:51.522] [info] CMC::computeControls, t = 1.6775
[2023-08-15 22:13:51.538] [info] CMC::computeControls, t = 1.6785
[2023-08-15 22:13:51.553] [info] CMC::computeControls, t = 1.6795
[2023-08-15 22:13:51.569] [info] CMC::computeControls, t = 1.68050
[2023-08-15 22:13:51.584] [info] CMC::computeControls, t = 1.6815
[2023-08-15 22:13:51.611] [info] CMC::computeControls, t = 1.6825
[2023-08-15 22:13:51.627] [info] CMC::computeControls, t = 1.6835
[2023-08-15 22:13:51.646] [info] CMC::computeControls, t = 1.6845
[2023-08-15 22:13:51.670] [info] CMC::computeControls, t = 1.6855
[2023-08-15 22:13:51.686] [info] CMC::computeControls, t = 1.6865
[2023-08-15 22:13:51.712] [info] CMC::computeControls, t = 1.6875
[2023-08-15 22:13:51.727] [info] CMC::computeControls, t = 1.6885
[2023-08-15 22:13:51.753] [info] CMC::computeControls, t = 1.6895
[2023-08-15 22:13:51.775] [info] CMC::computeControls, t = 1.69050
[2023-08-15 22:13:51.793] [info] CMC::computeControls, t = 1.6915
[2023-08-15 22:13:51.832] [info] CMC::computeControls, t = 1.6925
[2023-08-15 22:13:51.871] [info] CMC::computeControls, t = 1.6935
[2023-08-15 22:13:51.903] [info] CMC::computeControls, t = 1.6945
[2023-08-15 22:13:51.919] [info] CMC::computeControls, t = 1.6955
[2023-08-15 22:13:51.934] [info] CMC::computeControls, t = 1.6965
[2023-08-15 22:13:51.949] [info] CMC::computeControls, t = 1.6975
[2023-08-15 22:13:51.966] [info] CMC::computeControls, t = 1.6985
[2023-08-15 22:13:51.992] [info] CMC::computeControls, t = 1.6995
[2023-08-15 22:13:52.007] [info] CMC::computeControls, t = 1.70050
[2023-08-15 22:13:52.023] [info] CMC::computeControls, t = 1.70150
[2023-08-15 22:13:52.051] [info] CMC::computeControls, t = 1.70250
[2023-08-15 22:13:52.080] [info] CMC::computeControls, t = 1.70350
[2023-08-15 22:13:52.106] [info] CMC::computeControls, t = 1.70450
[2023-08-15 22:13:52.124] [info] CMC::computeControls, t = 1.70550
[2023-08-15 22:13:52.148] [info] CMC::computeControls, t = 1.70650
[2023-08-15 22:13:52.182] [info] CMC::computeControls, t = 1.70750
[2023-08-15 22:13:52.202] [info] CMC::computeControls, t = 1.70850
[2023-08-15 22:13:52.242] [info] CMC::computeControls, t = 1.70950
[2023-08-15 22:13:52.276] [info] CMC::computeControls, t = 1.71050
[2023-08-15 22:13:52.292] [info] CMC::computeControls, t = 1.7115
[2023-08-15 22:13:52.308] [info] CMC::computeControls, t = 1.7125
[2023-08-15 22:13:52.348] [info] CMC::computeControls, t = 1.7135
[2023-08-15 22:13:52.372] [info] CMC::computeControls, t = 1.7145
[2023-08-15 22:13:52.401] [info] CMC::computeControls, t = 1.7155
[2023-08-15 22:13:52.417] [info] CMC::computeControls, t = 1.7165
[2023-08-15 22:13:52.432] [info] CMC::computeControls, t = 1.7175
[2023-08-15 22:13:52.447] [info] CMC::computeControls, t = 1.7185
[2023-08-15 22:13:52.463] [info] CMC::computeControls, t = 1.7195
[2023-08-15 22:13:52.491] [info] CMC::computeControls, t = 1.72050
[2023-08-15 22:13:52.512] [info] CMC::computeControls, t = 1.7215
[2023-08-15 22:13:52.527] [info] CMC::computeControls, t = 1.7225
[2023-08-15 22:13:52.546] [info] CMC::computeControls, t = 1.7235
[2023-08-15 22:13:52.566] [info] CMC::computeControls, t = 1.7245
[2023-08-15 22:13:52.599] [info] CMC::computeControls, t = 1.7255
[2023-08-15 22:13:52.626] [info] CMC::computeControls, t = 1.7265
[2023-08-15 22:13:52.655] [info] CMC::computeControls, t = 1.7275
[2023-08-15 22:13:52.676] [info] CMC::computeControls, t = 1.7285
[2023-08-15 22:13:52.702] [info] CMC::computeControls, t = 1.7295
[2023-08-15 22:13:52.721] [info] CMC::computeControls, t = 1.73050
[2023-08-15 22:13:52.759] [info] CMC::computeControls, t = 1.7315
[2023-08-15 22:13:52.775] [info] CMC::computeControls, t = 1.7325
[2023-08-15 22:13:52.791] [info] CMC::computeControls, t = 1.7335
[2023-08-15 22:13:52.807] [info] CMC::computeControls, t = 1.7345
[2023-08-15 22:13:52.828] [info] CMC::computeControls, t = 1.7355
[2023-08-15 22:13:52.855] [info] CMC::computeControls, t = 1.7365
[2023-08-15 22:13:52.879] [info] CMC::computeControls, t = 1.7375
[2023-08-15 22:13:52.907] [info] CMC::computeControls, t = 1.7385
[2023-08-15 22:13:52.932] [info] CMC::computeControls, t = 1.7395
[2023-08-15 22:13:52.968] [info] CMC::computeControls, t = 1.74050
[2023-08-15 22:13:52.993] [info] CMC::computeControls, t = 1.7415
[2023-08-15 22:13:53.032] [info] CMC::computeControls, t = 1.7425
[2023-08-15 22:13:53.065] [info] CMC::computeControls, t = 1.7435
[2023-08-15 22:13:53.090] [info] CMC::computeControls, t = 1.7445
[2023-08-15 22:13:53.110] [info] CMC::computeControls, t = 1.7455
[2023-08-15 22:13:53.135] [info] CMC::computeControls, t = 1.7465
[2023-08-15 22:13:53.160] [info] CMC::computeControls, t = 1.7475
[2023-08-15 22:13:53.184] [info] CMC::computeControls, t = 1.7485
[2023-08-15 22:13:53.216] [info] CMC::computeControls, t = 1.7495
[2023-08-15 22:13:53.247] [info] CMC::computeControls, t = 1.75050
[2023-08-15 22:13:53.279] [info] CMC::computeControls, t = 1.7515
[2023-08-15 22:13:53.312] [info] CMC::computeControls, t = 1.7525
[2023-08-15 22:13:53.333] [info] CMC::computeControls, t = 1.7535
[2023-08-15 22:13:53.362] [info] CMC::computeControls, t = 1.7545
[2023-08-15 22:13:53.399] [info] CMC::computeControls, t = 1.7555
[2023-08-15 22:13:53.415] [info] CMC::computeControls, t = 1.7565
[2023-08-15 22:13:53.430] [info] CMC::computeControls, t = 1.7575
[2023-08-15 22:13:53.445] [info] CMC::computeControls, t = 1.7585
[2023-08-15 22:13:53.472] [info] CMC::computeControls, t = 1.7595
[2023-08-15 22:13:53.491] [info] CMC::computeControls, t = 1.76050
[2023-08-15 22:13:53.516] [info] CMC::computeControls, t = 1.7615
[2023-08-15 22:13:53.555] [info] CMC::computeControls, t = 1.7625
[2023-08-15 22:13:53.579] [info] CMC::computeControls, t = 1.7635
[2023-08-15 22:13:53.607] [info] CMC::computeControls, t = 1.7645
[2023-08-15 22:13:53.622] [info] CMC::computeControls, t = 1.7655
[2023-08-15 22:13:53.644] [info] CMC::computeControls, t = 1.7665
[2023-08-15 22:13:53.659] [info] CMC::computeControls, t = 1.7675
[2023-08-15 22:13:53.676] [info] CMC::computeControls, t = 1.7685
[2023-08-15 22:13:53.718] [info] CMC::computeControls, t = 1.7695
[2023-08-15 22:13:53.735] [info] CMC::computeControls, t = 1.77050
[2023-08-15 22:13:53.764] [info] CMC::computeControls, t = 1.7715
[2023-08-15 22:13:53.794] [info] CMC::computeControls, t = 1.7725
[2023-08-15 22:13:53.809] [info] CMC::computeControls, t = 1.7735
[2023-08-15 22:13:53.834] [info] CMC::computeControls, t = 1.7745
[2023-08-15 22:13:53.864] [info] CMC::computeControls, t = 1.7755
[2023-08-15 22:13:53.900] [info] CMC::computeControls, t = 1.7765
[2023-08-15 22:13:53.933] [info] CMC::computeControls, t = 1.7775
[2023-08-15 22:13:53.965] [info] CMC::computeControls, t = 1.7785
[2023-08-15 22:13:53.998] [info] CMC::computeControls, t = 1.7795
[2023-08-15 22:13:54.014] [info] CMC::computeControls, t = 1.78050
[2023-08-15 22:13:54.045] [info] CMC::computeControls, t = 1.7815
[2023-08-15 22:13:54.087] [info] CMC::computeControls, t = 1.7825
[2023-08-15 22:13:54.115] [info] CMC::computeControls, t = 1.7835
[2023-08-15 22:13:54.139] [info] CMC::computeControls, t = 1.7845
[2023-08-15 22:13:54.166] [info] CMC::computeControls, t = 1.7855
[2023-08-15 22:13:54.196] [info] CMC::computeControls, t = 1.7865
[2023-08-15 22:13:54.225] [info] CMC::computeControls, t = 1.7875
[2023-08-15 22:13:54.261] [info] CMC::computeControls, t = 1.7885
[2023-08-15 22:13:54.302] [info] CMC::computeControls, t = 1.7895
[2023-08-15 22:13:54.330] [info] CMC::computeControls, t = 1.79050
[2023-08-15 22:13:54.353] [info] CMC::computeControls, t = 1.7915
[2023-08-15 22:13:54.385] [info] CMC::computeControls, t = 1.7925
[2023-08-15 22:13:54.417] [info] CMC::computeControls, t = 1.7935
[2023-08-15 22:13:54.443] [info] CMC::computeControls, t = 1.7945
[2023-08-15 22:13:54.473] [info] CMC::computeControls, t = 1.7955
[2023-08-15 22:13:54.495] [info] CMC::computeControls, t = 1.7965
[2023-08-15 22:13:54.533] [info] CMC::computeControls, t = 1.7975
[2023-08-15 22:13:54.559] [info] CMC::computeControls, t = 1.7985
[2023-08-15 22:13:54.585] [info] CMC::computeControls, t = 1.7995
[2023-08-15 22:13:54.618] [info] CMC::computeControls, t = 1.80050
[2023-08-15 22:13:54.637] [info] CMC::computeControls, t = 1.80150
[2023-08-15 22:13:54.668] [info] CMC::computeControls, t = 1.80250
[2023-08-15 22:13:54.699] [info] CMC::computeControls, t = 1.80350
[2023-08-15 22:13:54.732] [info] CMC::computeControls, t = 1.80450
[2023-08-15 22:13:54.752] [info] CMC::computeControls, t = 1.80550
[2023-08-15 22:13:54.773] [info] CMC::computeControls, t = 1.80650
[2023-08-15 22:13:54.794] [info] CMC::computeControls, t = 1.80750
[2023-08-15 22:13:54.822] [info] CMC::computeControls, t = 1.80850
[2023-08-15 22:13:54.854] [info] CMC::computeControls, t = 1.80950
[2023-08-15 22:13:54.891] [info] CMC::computeControls, t = 1.81050
[2023-08-15 22:13:54.917] [info] CMC::computeControls, t = 1.8115
[2023-08-15 22:13:54.943] [info] CMC::computeControls, t = 1.8125
[2023-08-15 22:13:54.961] [info] CMC::computeControls, t = 1.8135
[2023-08-15 22:13:54.988] [info] CMC::computeControls, t = 1.8145
[2023-08-15 22:13:55.028] [info] CMC::computeControls, t = 1.8155
[2023-08-15 22:13:55.056] [info] CMC::computeControls, t = 1.8165
[2023-08-15 22:13:55.086] [info] CMC::computeControls, t = 1.8175
[2023-08-15 22:13:55.140] [info] CMC::computeControls, t = 1.8185
[2023-08-15 22:13:55.192] [info] CMC::computeControls, t = 1.8195
[2023-08-15 22:13:55.240] [info] CMC::computeControls, t = 1.82050
[2023-08-15 22:13:55.279] [info] CMC::computeControls, t = 1.8215
[2023-08-15 22:13:55.320] [info] CMC::computeControls, t = 1.8225
[2023-08-15 22:13:55.345] [info] CMC::computeControls, t = 1.8235
[2023-08-15 22:13:55.367] [info] CMC::computeControls, t = 1.8245
[2023-08-15 22:13:55.382] [info] CMC::computeControls, t = 1.8255
[2023-08-15 22:13:55.415] [info] CMC::computeControls, t = 1.8265
[2023-08-15 22:13:55.444] [info] CMC::computeControls, t = 1.8275
[2023-08-15 22:13:55.474] [info] CMC::computeControls, t = 1.8285
[2023-08-15 22:13:55.502] [info] CMC::computeControls, t = 1.8295
[2023-08-15 22:13:55.540] [info] CMC::computeControls, t = 1.83050
[2023-08-15 22:13:55.572] [info] CMC::computeControls, t = 1.8315
[2023-08-15 22:13:55.589] [info] CMC::computeControls, t = 1.8325
[2023-08-15 22:13:55.605] [info] CMC::computeControls, t = 1.8335
[2023-08-15 22:13:55.621] [info] CMC::computeControls, t = 1.8345
[2023-08-15 22:13:55.636] [info] CMC::computeControls, t = 1.8355
[2023-08-15 22:13:55.660] [info] CMC::computeControls, t = 1.8365
[2023-08-15 22:13:55.680] [info] CMC::computeControls, t = 1.8375
[2023-08-15 22:13:55.704] [info] CMC::computeControls, t = 1.8385
[2023-08-15 22:13:55.720] [info] CMC::computeControls, t = 1.8395
[2023-08-15 22:13:55.737] [info] CMC::computeControls, t = 1.84050
[2023-08-15 22:13:55.756] [info] CMC::computeControls, t = 1.8415
[2023-08-15 22:13:55.782] [info] CMC::computeControls, t = 1.8425
[2023-08-15 22:13:55.808] [info] CMC::computeControls, t = 1.8435
[2023-08-15 22:13:55.831] [info] CMC::computeControls, t = 1.8445
[2023-08-15 22:13:55.861] [info] CMC::computeControls, t = 1.8455
[2023-08-15 22:13:55.877] [info] CMC::computeControls, t = 1.8465
[2023-08-15 22:13:55.895] [info] CMC::computeControls, t = 1.8475
[2023-08-15 22:13:55.930] [info] CMC::computeControls, t = 1.8485
[2023-08-15 22:13:55.965] [info] CMC::computeControls, t = 1.8495
[2023-08-15 22:13:55.998] [info] CMC::computeControls, t = 1.85050
[2023-08-15 22:13:56.018] [info] CMC::computeControls, t = 1.8515
[2023-08-15 22:13:56.037] [info] CMC::computeControls, t = 1.8525
[2023-08-15 22:13:56.068] [info] CMC::computeControls, t = 1.8535
[2023-08-15 22:13:56.084] [info] CMC::computeControls, t = 1.8545
[2023-08-15 22:13:56.108] [info] CMC::computeControls, t = 1.8555
[2023-08-15 22:13:56.130] [info] CMC::computeControls, t = 1.8565
[2023-08-15 22:13:56.145] [info] CMC::computeControls, t = 1.8575
[2023-08-15 22:13:56.181] [info] CMC::computeControls, t = 1.8585
[2023-08-15 22:13:56.199] [info] CMC::computeControls, t = 1.8595
[2023-08-15 22:13:56.229] [info] CMC::computeControls, t = 1.86050
[2023-08-15 22:13:56.269] [info] CMC::computeControls, t = 1.8615
[2023-08-15 22:13:56.296] [info] CMC::computeControls, t = 1.8625
[2023-08-15 22:13:56.317] [info] CMC::computeControls, t = 1.8635
[2023-08-15 22:13:56.338] [info] CMC::computeControls, t = 1.8645
[2023-08-15 22:13:56.354] [info] CMC::computeControls, t = 1.8655
[2023-08-15 22:13:56.375] [info] CMC::computeControls, t = 1.8665
[2023-08-15 22:13:56.402] [info] CMC::computeControls, t = 1.8675
[2023-08-15 22:13:56.442] [info] CMC::computeControls, t = 1.8685
[2023-08-15 22:13:56.477] [info] CMC::computeControls, t = 1.8695
[2023-08-15 22:13:56.519] [info] CMC::computeControls, t = 1.87050
[2023-08-15 22:13:56.550] [info] CMC::computeControls, t = 1.8715
[2023-08-15 22:13:56.581] [info] CMC::computeControls, t = 1.8725
[2023-08-15 22:13:56.602] [info] CMC::computeControls, t = 1.8735
[2023-08-15 22:13:56.617] [info] CMC::computeControls, t = 1.8745
[2023-08-15 22:13:56.645] [info] CMC::computeControls, t = 1.8755
[2023-08-15 22:13:56.662] [info] CMC::computeControls, t = 1.8765
[2023-08-15 22:13:56.691] [info] CMC::computeControls, t = 1.8775
[2023-08-15 22:13:56.715] [info] CMC::computeControls, t = 1.8785
[2023-08-15 22:13:56.731] [info] CMC::computeControls, t = 1.8795
[2023-08-15 22:13:56.756] [info] CMC::computeControls, t = 1.88050
[2023-08-15 22:13:56.781] [info] CMC::computeControls, t = 1.8815
[2023-08-15 22:13:56.810] [info] CMC::computeControls, t = 1.8825
[2023-08-15 22:13:56.847] [info] CMC::computeControls, t = 1.8835
[2023-08-15 22:13:56.883] [info] CMC::computeControls, t = 1.8845
[2023-08-15 22:13:56.898] [info] CMC::computeControls, t = 1.8855
[2023-08-15 22:13:56.914] [info] CMC::computeControls, t = 1.8865
[2023-08-15 22:13:56.937] [info] CMC::computeControls, t = 1.8875
[2023-08-15 22:13:56.963] [info] CMC::computeControls, t = 1.8885
[2023-08-15 22:13:56.988] [info] CMC::computeControls, t = 1.8895
[2023-08-15 22:13:57.010] [info] CMC::computeControls, t = 1.89050
[2023-08-15 22:13:57.026] [info] CMC::computeControls, t = 1.8915
[2023-08-15 22:13:57.042] [info] CMC::computeControls, t = 1.8925
[2023-08-15 22:13:57.068] [info] CMC::computeControls, t = 1.8935
[2023-08-15 22:13:57.103] [info] CMC::computeControls, t = 1.8945
[2023-08-15 22:13:57.120] [info] CMC::computeControls, t = 1.8955
[2023-08-15 22:13:57.146] [info] CMC::computeControls, t = 1.8965
[2023-08-15 22:13:57.170] [info] CMC::computeControls, t = 1.8975
[2023-08-15 22:13:57.196] [info] CMC::computeControls, t = 1.8985
[2023-08-15 22:13:57.214] [info] CMC::computeControls, t = 1.8995
[2023-08-15 22:13:57.237] [info] CMC::computeControls, t = 1.90050
[2023-08-15 22:13:57.262] [info] CMC::computeControls, t = 1.90150
[2023-08-15 22:13:57.287] [info] CMC::computeControls, t = 1.90250
[2023-08-15 22:13:57.304] [info] CMC::computeControls, t = 1.90350
[2023-08-15 22:13:57.321] [info] CMC::computeControls, t = 1.90450
[2023-08-15 22:13:57.338] [info] CMC::computeControls, t = 1.90550
[2023-08-15 22:13:57.364] [info] CMC::computeControls, t = 1.90650
[2023-08-15 22:13:57.395] [info] CMC::computeControls, t = 1.90750
[2023-08-15 22:13:57.424] [info] CMC::computeControls, t = 1.90850
[2023-08-15 22:13:57.457] [info] CMC::computeControls, t = 1.90950
[2023-08-15 22:13:57.488] [info] CMC::computeControls, t = 1.91050
[2023-08-15 22:13:57.521] [info] CMC::computeControls, t = 1.9115
[2023-08-15 22:13:57.539] [info] CMC::computeControls, t = 1.9125
[2023-08-15 22:13:57.555] [info] CMC::computeControls, t = 1.9135
[2023-08-15 22:13:57.579] [info] CMC::computeControls, t = 1.9145
[2023-08-15 22:13:57.619] [info] CMC::computeControls, t = 1.9155
[2023-08-15 22:13:57.655] [info] CMC::computeControls, t = 1.9165
[2023-08-15 22:13:57.673] [info] CMC::computeControls, t = 1.9175
[2023-08-15 22:13:57.694] [info] CMC::computeControls, t = 1.9185
[2023-08-15 22:13:57.730] [info] CMC::computeControls, t = 1.9195
[2023-08-15 22:13:57.751] [info] CMC::computeControls, t = 1.92050
[2023-08-15 22:13:57.775] [info] CMC::computeControls, t = 1.9215
[2023-08-15 22:13:57.802] [info] CMC::computeControls, t = 1.9225
[2023-08-15 22:13:57.822] [info] CMC::computeControls, t = 1.9235
[2023-08-15 22:13:57.837] [info] CMC::computeControls, t = 1.9245
[2023-08-15 22:13:57.861] [info] CMC::computeControls, t = 1.9255
[2023-08-15 22:13:57.881] [info] CMC::computeControls, t = 1.9265
[2023-08-15 22:13:57.908] [info] CMC::computeControls, t = 1.9275
[2023-08-15 22:13:57.928] [info] CMC::computeControls, t = 1.9285
[2023-08-15 22:13:57.954] [info] CMC::computeControls, t = 1.9295
[2023-08-15 22:13:57.973] [info] CMC::computeControls, t = 1.93050
[2023-08-15 22:13:58.013] [info] CMC::computeControls, t = 1.9315
[2023-08-15 22:13:58.031] [info] CMC::computeControls, t = 1.9325
[2023-08-15 22:13:58.061] [info] CMC::computeControls, t = 1.9335
[2023-08-15 22:13:58.077] [info] CMC::computeControls, t = 1.9345
[2023-08-15 22:13:58.102] [info] CMC::computeControls, t = 1.9355
[2023-08-15 22:13:58.124] [info] CMC::computeControls, t = 1.9365
[2023-08-15 22:13:58.154] [info] CMC::computeControls, t = 1.9375
[2023-08-15 22:13:58.177] [info] CMC::computeControls, t = 1.9385
[2023-08-15 22:13:58.200] [info] CMC::computeControls, t = 1.9395
[2023-08-15 22:13:58.225] [info] CMC::computeControls, t = 1.94050
[2023-08-15 22:13:58.248] [info] CMC::computeControls, t = 1.9415
[2023-08-15 22:13:58.269] [info] CMC::computeControls, t = 1.9425
[2023-08-15 22:13:58.290] [info] CMC::computeControls, t = 1.9435
[2023-08-15 22:13:58.316] [info] CMC::computeControls, t = 1.9445
[2023-08-15 22:13:58.334] [info] CMC::computeControls, t = 1.9455
[2023-08-15 22:13:58.349] [info] CMC::computeControls, t = 1.9465
[2023-08-15 22:13:58.374] [info] CMC::computeControls, t = 1.9475
[2023-08-15 22:13:58.402] [info] CMC::computeControls, t = 1.9485
[2023-08-15 22:13:58.422] [info] CMC::computeControls, t = 1.9495
[2023-08-15 22:13:58.449] [info] CMC::computeControls, t = 1.95050
[2023-08-15 22:13:58.465] [info] CMC::computeControls, t = 1.9515
[2023-08-15 22:13:58.499] [info] CMC::computeControls, t = 1.9525
[2023-08-15 22:13:58.521] [info] CMC::computeControls, t = 1.9535
[2023-08-15 22:13:58.544] [info] CMC::computeControls, t = 1.9545
[2023-08-15 22:13:58.567] [info] CMC::computeControls, t = 1.9555
[2023-08-15 22:13:58.603] [info] CMC::computeControls, t = 1.9565
[2023-08-15 22:13:58.623] [info] CMC::computeControls, t = 1.9575
[2023-08-15 22:13:58.656] [info] CMC::computeControls, t = 1.9585
[2023-08-15 22:13:58.689] [info] CMC::computeControls, t = 1.9595
[2023-08-15 22:13:58.722] [info] CMC::computeControls, t = 1.96050
[2023-08-15 22:13:58.755] [info] CMC::computeControls, t = 1.9615
[2023-08-15 22:13:58.777] [info] CMC::computeControls, t = 1.9625
[2023-08-15 22:13:58.805] [info] CMC::computeControls, t = 1.9635
[2023-08-15 22:13:58.830] [info] CMC::computeControls, t = 1.9645
[2023-08-15 22:13:58.852] [info] CMC::computeControls, t = 1.9655
[2023-08-15 22:13:58.869] [info] CMC::computeControls, t = 1.9665
[2023-08-15 22:13:58.884] [info] CMC::computeControls, t = 1.9675
[2023-08-15 22:13:58.899] [info] CMC::computeControls, t = 1.9685
[2023-08-15 22:13:58.915] [info] CMC::computeControls, t = 1.9695
[2023-08-15 22:13:58.948] [info] CMC::computeControls, t = 1.97050
[2023-08-15 22:13:58.969] [info] CMC::computeControls, t = 1.9715
[2023-08-15 22:13:59.008] [info] CMC::computeControls, t = 1.9725
[2023-08-15 22:13:59.043] [info] CMC::computeControls, t = 1.9735
[2023-08-15 22:13:59.061] [info] CMC::computeControls, t = 1.9745
[2023-08-15 22:13:59.082] [info] CMC::computeControls, t = 1.9755
[2023-08-15 22:13:59.102] [info] CMC::computeControls, t = 1.9765
[2023-08-15 22:13:59.123] [info] CMC::computeControls, t = 1.9775
[2023-08-15 22:13:59.139] [info] CMC::computeControls, t = 1.9785
[2023-08-15 22:13:59.160] [info] CMC::computeControls, t = 1.9795
[2023-08-15 22:13:59.178] [info] CMC::computeControls, t = 1.98050
[2023-08-15 22:13:59.202] [info] CMC::computeControls, t = 1.9815
[2023-08-15 22:13:59.222] [info] CMC::computeControls, t = 1.9825
[2023-08-15 22:13:59.249] [info] CMC::computeControls, t = 1.9835
[2023-08-15 22:13:59.274] [info] CMC::computeControls, t = 1.9845
[2023-08-15 22:13:59.309] [info] CMC::computeControls, t = 1.9855
[2023-08-15 22:13:59.338] [info] CMC::computeControls, t = 1.9865
[2023-08-15 22:13:59.363] [info] CMC::computeControls, t = 1.9875
[2023-08-15 22:13:59.384] [info] CMC::computeControls, t = 1.9885
[2023-08-15 22:13:59.417] [info] CMC::computeControls, t = 1.9895
[2023-08-15 22:13:59.439] [info] CMC::computeControls, t = 1.99050
[2023-08-15 22:13:59.459] [info] CMC::computeControls, t = 1.9915
[2023-08-15 22:13:59.478] [info] CMC::computeControls, t = 1.9925
[2023-08-15 22:13:59.494] [info] CMC::computeControls, t = 1.9935
[2023-08-15 22:13:59.526] [info] CMC::computeControls, t = 1.9945
[2023-08-15 22:13:59.551] [info] CMC::computeControls, t = 1.9955
[2023-08-15 22:13:59.578] [info] CMC::computeControls, t = 1.9965
[2023-08-15 22:13:59.620] [info] CMC::computeControls, t = 1.9975
[2023-08-15 22:13:59.652] [info] CMC::computeControls, t = 1.9985
[2023-08-15 22:13:59.683] [info] CMC::computeControls, t = 1.9995
[2023-08-15 22:13:59.699] [info] CMC::computeControls, t = 2.00050
[2023-08-15 22:13:59.717] [info] CMC::computeControls, t = 2.00150
[2023-08-15 22:13:59.733] [info] CMC::computeControls, t = 2.00250
[2023-08-15 22:13:59.748] [info] CMC::computeControls, t = 2.00350
[2023-08-15 22:13:59.766] [info] CMC::computeControls, t = 2.00450
[2023-08-15 22:13:59.782] [info] CMC::computeControls, t = 2.00550
[2023-08-15 22:13:59.801] [info] CMC::computeControls, t = 2.00650
[2023-08-15 22:13:59.826] [info] CMC::computeControls, t = 2.00750
[2023-08-15 22:13:59.845] [info] CMC::computeControls, t = 2.00850
[2023-08-15 22:13:59.865] [info] CMC::computeControls, t = 2.00950
[2023-08-15 22:13:59.885] [info] CMC::computeControls, t = 2.01050
[2023-08-15 22:13:59.904] [info] CMC::computeControls, t = 2.0115
[2023-08-15 22:13:59.927] [info] CMC::computeControls, t = 2.0125
[2023-08-15 22:13:59.957] [info] CMC::computeControls, t = 2.0135
[2023-08-15 22:13:59.986] [info] CMC::computeControls, t = 2.0145
[2023-08-15 22:14:00.021] [info] CMC::computeControls, t = 2.0155
[2023-08-15 22:14:00.038] [info] CMC::computeControls, t = 2.0165
[2023-08-15 22:14:00.056] [info] CMC::computeControls, t = 2.0175
[2023-08-15 22:14:00.072] [info] CMC::computeControls, t = 2.0185
[2023-08-15 22:14:00.096] [info] CMC::computeControls, t = 2.0195
[2023-08-15 22:14:00.116] [info] CMC::computeControls, t = 2.02050
[2023-08-15 22:14:00.132] [info] CMC::computeControls, t = 2.0215
[2023-08-15 22:14:00.147] [info] CMC::computeControls, t = 2.0225
[2023-08-15 22:14:00.181] [info] CMC::computeControls, t = 2.0235
[2023-08-15 22:14:00.213] [info] CMC::computeControls, t = 2.0245
[2023-08-15 22:14:00.243] [info] CMC::computeControls, t = 2.0255
[2023-08-15 22:14:00.273] [info] CMC::computeControls, t = 2.0265
[2023-08-15 22:14:00.301] [info] CMC::computeControls, t = 2.0275
[2023-08-15 22:14:00.318] [info] CMC::computeControls, t = 2.0285
[2023-08-15 22:14:00.340] [info] CMC::computeControls, t = 2.0295
[2023-08-15 22:14:00.368] [info] CMC::computeControls, t = 2.03050
[2023-08-15 22:14:00.403] [info] CMC::computeControls, t = 2.0315
[2023-08-15 22:14:00.426] [info] CMC::computeControls, t = 2.0325
[2023-08-15 22:14:00.444] [info] CMC::computeControls, t = 2.0335
[2023-08-15 22:14:00.475] [info] CMC::computeControls, t = 2.0345
[2023-08-15 22:14:00.494] [info] CMC::computeControls, t = 2.0355
[2023-08-15 22:14:00.513] [info] CMC::computeControls, t = 2.0365
[2023-08-15 22:14:00.539] [info] CMC::computeControls, t = 2.0375
[2023-08-15 22:14:00.570] [info] CMC::computeControls, t = 2.0385
[2023-08-15 22:14:00.599] [info] CMC::computeControls, t = 2.0395
[2023-08-15 22:14:00.624] [info] CMC::computeControls, t = 2.04050
[2023-08-15 22:14:00.646] [info] CMC::computeControls, t = 2.0415
[2023-08-15 22:14:00.673] [info] CMC::computeControls, t = 2.0425
[2023-08-15 22:14:00.695] [info] CMC::computeControls, t = 2.0435
[2023-08-15 22:14:00.717] [info] CMC::computeControls, t = 2.0445
[2023-08-15 22:14:00.735] [info] CMC::computeControls, t = 2.0455
[2023-08-15 22:14:00.755] [info] CMC::computeControls, t = 2.0465
[2023-08-15 22:14:00.786] [info] CMC::computeControls, t = 2.0475
[2023-08-15 22:14:00.802] [info] CMC::computeControls, t = 2.0485
[2023-08-15 22:14:00.821] [info] CMC::computeControls, t = 2.0495
[2023-08-15 22:14:00.838] [info] CMC::computeControls, t = 2.05050
[2023-08-15 22:14:00.854] [info] CMC::computeControls, t = 2.0515
[2023-08-15 22:14:00.871] [info] CMC::computeControls, t = 2.0525
[2023-08-15 22:14:00.895] [info] CMC::computeControls, t = 2.0535
[2023-08-15 22:14:00.912] [info] CMC::computeControls, t = 2.0545
[2023-08-15 22:14:00.935] [info] CMC::computeControls, t = 2.0555
[2023-08-15 22:14:00.956] [info] CMC::computeControls, t = 2.0565
[2023-08-15 22:14:00.986] [info] CMC::computeControls, t = 2.0575
[2023-08-15 22:14:01.005] [info] CMC::computeControls, t = 2.0585
[2023-08-15 22:14:01.030] [info] CMC::computeControls, t = 2.0595
[2023-08-15 22:14:01.046] [info] CMC::computeControls, t = 2.06050
[2023-08-15 22:14:01.071] [info] CMC::computeControls, t = 2.0615
[2023-08-15 22:14:01.112] [info] CMC::computeControls, t = 2.0625
[2023-08-15 22:14:01.147] [info] CMC::computeControls, t = 2.0635
[2023-08-15 22:14:01.178] [info] CMC::computeControls, t = 2.0645
[2023-08-15 22:14:01.207] [info] CMC::computeControls, t = 2.0655
[2023-08-15 22:14:01.234] [info] CMC::computeControls, t = 2.0665
[2023-08-15 22:14:01.263] [info] CMC::computeControls, t = 2.0675
[2023-08-15 22:14:01.288] [info] CMC::computeControls, t = 2.0685
[2023-08-15 22:14:01.304] [info] CMC::computeControls, t = 2.0695
[2023-08-15 22:14:01.340] [info] CMC::computeControls, t = 2.07050
[2023-08-15 22:14:01.370] [info] CMC::computeControls, t = 2.0715
[2023-08-15 22:14:01.387] [info] CMC::computeControls, t = 2.0725
[2023-08-15 22:14:01.403] [info] CMC::computeControls, t = 2.0735
[2023-08-15 22:14:01.425] [info] CMC::computeControls, t = 2.0745
[2023-08-15 22:14:01.451] [info] CMC::computeControls, t = 2.0755
[2023-08-15 22:14:01.467] [info] CMC::computeControls, t = 2.0765
[2023-08-15 22:14:01.492] [info] CMC::computeControls, t = 2.0775
[2023-08-15 22:14:01.510] [info] CMC::computeControls, t = 2.0785
[2023-08-15 22:14:01.526] [info] CMC::computeControls, t = 2.0795
[2023-08-15 22:14:01.543] [info] CMC::computeControls, t = 2.08050
[2023-08-15 22:14:01.559] [info] CMC::computeControls, t = 2.0815
[2023-08-15 22:14:01.585] [info] CMC::computeControls, t = 2.0825
[2023-08-15 22:14:01.602] [info] CMC::computeControls, t = 2.0835
[2023-08-15 22:14:01.622] [info] CMC::computeControls, t = 2.0845
[2023-08-15 22:14:01.645] [info] CMC::computeControls, t = 2.0855
[2023-08-15 22:14:01.660] [info] CMC::computeControls, t = 2.0865
[2023-08-15 22:14:01.687] [info] CMC::computeControls, t = 2.0875
[2023-08-15 22:14:01.717] [info] CMC::computeControls, t = 2.0885
[2023-08-15 22:14:01.734] [info] CMC::computeControls, t = 2.0895
[2023-08-15 22:14:01.762] [info] CMC::computeControls, t = 2.09050
[2023-08-15 22:14:01.779] [info] CMC::computeControls, t = 2.0915
[2023-08-15 22:14:01.809] [info] CMC::computeControls, t = 2.0925
[2023-08-15 22:14:01.830] [info] CMC::computeControls, t = 2.0935
[2023-08-15 22:14:01.845] [info] CMC::computeControls, t = 2.0945
[2023-08-15 22:14:01.875] [info] CMC::computeControls, t = 2.0955
[2023-08-15 22:14:01.911] [info] CMC::computeControls, t = 2.0965
[2023-08-15 22:14:01.934] [info] CMC::computeControls, t = 2.0975
[2023-08-15 22:14:01.966] [info] CMC::computeControls, t = 2.0985
[2023-08-15 22:14:01.981] [info] CMC::computeControls, t = 2.0995
[2023-08-15 22:14:02.000] [info] CMC::computeControls, t = 2.10050
[2023-08-15 22:14:02.029] [info] CMC::computeControls, t = 2.10150
[2023-08-15 22:14:02.057] [info] CMC::computeControls, t = 2.10250
[2023-08-15 22:14:02.073] [info] CMC::computeControls, t = 2.10350
[2023-08-15 22:14:02.091] [info] CMC::computeControls, t = 2.10450
[2023-08-15 22:14:02.124] [info] CMC::computeControls, t = 2.10550
[2023-08-15 22:14:02.146] [info] CMC::computeControls, t = 2.10650
[2023-08-15 22:14:02.188] [info] CMC::computeControls, t = 2.10750
[2023-08-15 22:14:02.206] [info] CMC::computeControls, t = 2.10850
[2023-08-15 22:14:02.222] [info] CMC::computeControls, t = 2.10950
[2023-08-15 22:14:02.256] [info] CMC::computeControls, t = 2.11050
[2023-08-15 22:14:02.291] [info] CMC::computeControls, t = 2.1115
[2023-08-15 22:14:02.322] [info] CMC::computeControls, t = 2.1125
[2023-08-15 22:14:02.347] [info] CMC::computeControls, t = 2.1135
[2023-08-15 22:14:02.373] [info] CMC::computeControls, t = 2.1145
[2023-08-15 22:14:02.394] [info] CMC::computeControls, t = 2.1155
[2023-08-15 22:14:02.427] [info] CMC::computeControls, t = 2.1165
[2023-08-15 22:14:02.466] [info] CMC::computeControls, t = 2.1175
[2023-08-15 22:14:02.496] [info] CMC::computeControls, t = 2.1185
[2023-08-15 22:14:02.525] [info] CMC::computeControls, t = 2.1195
[2023-08-15 22:14:02.548] [info] CMC::computeControls, t = 2.12050
[2023-08-15 22:14:02.572] [info] CMC::computeControls, t = 2.1215
[2023-08-15 22:14:02.599] [info] CMC::computeControls, t = 2.1225
[2023-08-15 22:14:02.626] [info] CMC::computeControls, t = 2.1235
[2023-08-15 22:14:02.653] [info] CMC::computeControls, t = 2.1245
[2023-08-15 22:14:02.679] [info] CMC::computeControls, t = 2.1255
[2023-08-15 22:14:02.708] [info] -------------------------------------------
[2023-08-15 22:14:02.708] [info] Finished tracking the specified kinematics:
[2023-08-15 22:14:02.708] [info] -------------------------------------------
[2023-08-15 22:14:02.708] [info]  -- Start time = Tue Aug 15 22:13:47 2023
[2023-08-15 22:14:02.708] [info]  -- Finish time = Tue Aug 15 22:14:02 2023
[2023-08-15 22:14:02.708] [info]  -- Elapsed time = 15.0 seconds.
[2023-08-15 22:14:02.708] [info] -------------------------------------------
[2023-08-15 22:14:02.708] [info] 
[2023-08-15 22:14:02.709] [info] Printing results of investigation subject04_run5_cycle3_iter3 to cycle3/
[2023-08-15 22:14:03.261] [info] 

************************************************************
*      Summary of Mass Adjustments to Reduce Residuals     *
************************************************************
* Body adjusted: torso
* Mass Center (COM) adjustment: dx =-0.000835061, dz =0.0139064
* New COM location: ~[-0.041567,0.34645,-0.0227735]
************************************************************
* Recommended mass adjustments:                             
*  Total mass change: 0.242138
*  pelvis: orig mass = 12.78, new mass = 12.8179
*  femur_r: orig mass = 10.0936, new mass = 10.1236
*  tibia_r: orig mass = 4.02326, new mass = 4.0352
*  talus_r: orig mass = 0.108517, new mass = 0.108839
*  calcn_r: orig mass = 1.35646, new mass = 1.36049
*  toes_r: orig mass = 0.235048, new mass = 0.235746
*  femur_l: orig mass = 10.0936, new mass = 10.1236
*  tibia_l: orig mass = 4.02326, new mass = 4.0352
*  talus_l: orig mass = 0.108517, new mass = 0.108839
*  calcn_l: orig mass = 1.35646, new mass = 1.36049
*  toes_l: orig mass = 0.235048, new mass = 0.235746
*  torso: orig mass = 29.1114, new mass = 29.1978
*  humerus_r: orig mass = 2.2056, new mass = 2.21215
*  ulna_r: orig mass = 0.659239, new mass = 0.661196
*  radius_r: orig mass = 0.659239, new mass = 0.661196
*  hand_r: orig mass = 0.496464, new mass = 0.497938
*  humerus_l: orig mass = 2.2056, new mass = 2.21215
*  ulna_l: orig mass = 0.659239, new mass = 0.661196
*  radius_l: orig mass = 0.659239, new mass = 0.661196
*  hand_l: orig mass = 0.496464, new mass = 0.497938
************************************************************
* Note: Edit the model to make recommended adjustments to  *
*       mass properties.                                   *
************************************************************

* Average residuals before adjusting torso COM:
*  FX=1.24958 FY=-2.37457 FZ=0.744027
*  MX=-3.97006 MY=-2.24186 MZ=-0.238398
************************************************************
* Average residuals after adjusting torso COM:
*  FX=1.40458 FY=-2.21672 FZ=0.819457
*  MX=0.0812 MY=-2.41874 MZ=-0.0547876
************************************************************


[2023-08-15 22:14:03.261] [info] 
************************************************************
*                   Final Average Residuals                *
************************************************************
* After torso COM and Kinematics adjustments:
*  FX=0.903448 FY=-1.55017 FZ=-0.356772
*  MX=-1.18599 MY=-1.44307 MZ=1.46435
************************************************************


