[2023-03-11 03:06:57.502] [info] AbstractTool subject19_run5_cycle2 loading model ..\..\model\subject19_adjusted_scaled.osim
[2023-03-11 03:06:57.551] [info] Loaded model subject19_scaled from file ..\..\model\subject19_adjusted_scaled.osim
[2023-03-11 03:06:57.590] [info] Adding force object set from subject19_run5_RRA_Actuators.xml
[2023-03-11 03:06:57.595] [info] Running tool subject19_run5_cycle2.
[2023-03-11 03:06:57.614] [warning] ExternalLoads 'externalloads' has subcomponents with duplicate name 'externalforce'. The duplicate is being renamed to 'externalforce_0'.
[2023-03-11 03:06:57.637] [info] 	taskSet size = 29.
[2023-03-11 03:06:57.726] [info] ExternalForce::externalforce Data source being set to Run_500 01_newCOP3_v24.mot
[2023-03-11 03:06:57.726] [info] ExternalForce::externalforce_0 Data source being set to Run_500 01_newCOP3_v24.mot
[2023-03-11 03:06:57.734] [warning] A desired points file was not specified.
[2023-03-11 03:06:57.734] [info] Loading desired kinematics from file '..\..\ik\Run_5.mot'...
[2023-03-11 03:06:57.734] [info] Old version storage/motion file encountered
[2023-03-11 03:06:57.734] [info] Storage: read data file = ..\..\ik\Run_5.mot (nr=655 nc=164)
[2023-03-11 03:06:57.734] [info] .. assuming rotations in Degrees..
[2023-03-11 03:06:57.825] [info] Low-pass filtering desired kinematics with a cutoff frequency of 15.0...
[2023-03-11 03:07:00.061] [cout] [info] MODEL: subject19_scaled

numStates = 74
numCoordinates = 37
numSpeeds = 37
numActuators = 29
numBodies = 20
numConstraints = 0
numProbes = 0

ANALYSES (total: 0)

BODIES (total: 20)
body[0] = pelvis. mass: 10.2057
              moments of inertia:  ~[0.0853818,0.0853818,0.0419478]
              products of inertia: ~[0,0,0]
body[1] = femur_r. mass: 8.06037
              moments of inertia:  ~[0.134888,0.0353589,0.142242]
              products of inertia: ~[0,0,0]
body[2] = tibia_r. mass: 3.21283
              moments of inertia:  ~[0.0510904,0.00516987,0.0518]
              products of inertia: ~[0,0,0]
body[3] = talus_r. mass: 0.0866576
              moments of inertia:  ~[0.000972738,0.000972738,0.000972738]
              products of inertia: ~[0,0,0]
body[4] = calcn_r. mass: 1.08322
              moments of inertia:  ~[0.00136183,0.00379368,0.00398823]
              products of inertia: ~[0,0,0]
body[5] = toes_r. mass: 0.1877
              moments of inertia:  ~[9.72738e-05,0.000194548,0.000972738]
              products of inertia: ~[0,0,0]
body[6] = femur_l. mass: 8.06037
              moments of inertia:  ~[0.134888,0.0353589,0.142242]
              products of inertia: ~[0,0,0]
body[7] = tibia_l. mass: 3.21283
              moments of inertia:  ~[0.0507593,0.00450769,0.0507593]
              products of inertia: ~[0,0,0]
body[8] = talus_l. mass: 0.0866576
              moments of inertia:  ~[0.000972738,0.000972738,0.000972738]
              products of inertia: ~[0,0,0]
body[9] = calcn_l. mass: 1.08322
              moments of inertia:  ~[0.00136183,0.00379368,0.00398823]
              products of inertia: ~[0,0,0]
body[10] = toes_l. mass: 0.1877
              moments of inertia:  ~[9.72738e-05,0.000194548,0.000972738]
              products of inertia: ~[0,0,0]
body[11] = torso. mass: 23.2473
              moments of inertia:  ~[1.28954,0.660732,1.25185]
              products of inertia: ~[0,0,0]
body[12] = humerus_r. mass: 1.76132
              moments of inertia:  ~[0.00897901,0.00309748,0.0100786]
              products of inertia: ~[0,0,0]
body[13] = ulna_r. mass: 0.526445
              moments of inertia:  ~[0.00303153,0.000632506,0.00328842]
              products of inertia: ~[0,0,0]
body[14] = radius_r. mass: 0.526445
              moments of inertia:  ~[0.00303153,0.000632506,0.00328842]
              products of inertia: ~[0,0,0]
body[15] = hand_r. mass: 0.396459
              moments of inertia:  ~[0.000912938,0.00055984,0.00137145]
              products of inertia: ~[0,0,0]
body[16] = humerus_l. mass: 1.76132
              moments of inertia:  ~[0.00897901,0.00309748,0.0100786]
              products of inertia: ~[0,0,0]
body[17] = ulna_l. mass: 0.526445
              moments of inertia:  ~[0.00303153,0.000632506,0.00328842]
              products of inertia: ~[0,0,0]
body[18] = radius_l. mass: 0.526445
              moments of inertia:  ~[0.00303153,0.000632506,0.00328842]
              products of inertia: ~[0,0,0]
body[19] = hand_l. mass: 0.396459
              moments of inertia:  ~[0.000912938,0.00055984,0.00137145]
              products of inertia: ~[0,0,0]

JOINTS (total: 20)
joint[0] = ground_pelvis. parent: ground_offset, child: pelvis_offset
joint[1] = hip_r. parent: pelvis_offset, child: femur_r_offset
joint[2] = knee_r. parent: femur_r_offset, child: tibia_r_offset
joint[3] = ankle_r. parent: tibia_r_offset, child: talus_r_offset
joint[4] = subtalar_r. parent: talus_r_offset, child: calcn_r_offset
joint[5] = mtp_r. parent: calcn_r_offset, child: toes_r_offset
joint[6] = hip_l. parent: pelvis_offset, child: femur_l_offset
joint[7] = knee_l. parent: femur_l_offset, child: tibia_l_offset
joint[8] = ankle_l. parent: tibia_l_offset, child: talus_l_offset
joint[9] = subtalar_l. parent: talus_l_offset, child: calcn_l_offset
joint[10] = mtp_l. parent: calcn_l_offset, child: toes_l_offset
joint[11] = back. parent: pelvis_offset, child: torso_offset
joint[12] = acromial_r. parent: torso_offset, child: humerus_r_offset
joint[13] = elbow_r. parent: humerus_r_offset, child: ulna_r_offset
joint[14] = radioulnar_r. parent: ulna_r_offset, child: radius_r_offset
joint[15] = radius_hand_r. parent: radius_r_offset, child: hand_r_offset
joint[16] = acromial_l. parent: torso_offset, child: humerus_l_offset
joint[17] = elbow_l. parent: humerus_l_offset, child: ulna_l_offset
joint[18] = radioulnar_l. parent: ulna_l_offset, child: radius_l_offset
joint[19] = radius_hand_l. parent: radius_l_offset, child: hand_l_offset

ACTUATORS (total: 29)
actuator[0] = FX
actuator[1] = FY
actuator[2] = FZ
actuator[3] = MZ
actuator[4] = MX
actuator[5] = MY
actuator[6] = hip_flexion_r
actuator[7] = hip_adduction_r
actuator[8] = hip_rotation_r
actuator[9] = knee_angle_r
actuator[10] = ankle_angle_r
actuator[11] = hip_flexion_l
actuator[12] = hip_adduction_l
actuator[13] = hip_rotation_l
actuator[14] = knee_angle_l
actuator[15] = ankle_angle_l
actuator[16] = lumbar_extension
actuator[17] = lumbar_bending
actuator[18] = lumbar_rotation
actuator[19] = arm_flex_r
actuator[20] = arm_add_r
actuator[21] = arm_rot_r
actuator[22] = elbow_flex_r
actuator[23] = pro_sup_r
actuator[24] = arm_flex_l
actuator[25] = arm_add_l
actuator[26] = arm_rot_l
actuator[27] = elbow_flex_l
actuator[28] = pro_sup_l

STATES (total: 74)
y[0] = /jointset/ground_pelvis/pelvis_tilt/value
y[1] = /jointset/ground_pelvis/pelvis_tilt/speed
y[2] = /jointset/ground_pelvis/pelvis_list/value
y[3] = /jointset/ground_pelvis/pelvis_list/speed
y[4] = /jointset/ground_pelvis/pelvis_rotation/value
y[5] = /jointset/ground_pelvis/pelvis_rotation/speed
y[6] = /jointset/ground_pelvis/pelvis_tx/value
y[7] = /jointset/ground_pelvis/pelvis_tx/speed
y[8] = /jointset/ground_pelvis/pelvis_ty/value
y[9] = /jointset/ground_pelvis/pelvis_ty/speed
y[10] = /jointset/ground_pelvis/pelvis_tz/value
y[11] = /jointset/ground_pelvis/pelvis_tz/speed
y[12] = /jointset/hip_r/hip_flexion_r/value
y[13] = /jointset/hip_r/hip_flexion_r/speed
y[14] = /jointset/hip_r/hip_adduction_r/value
y[15] = /jointset/hip_r/hip_adduction_r/speed
y[16] = /jointset/hip_r/hip_rotation_r/value
y[17] = /jointset/hip_r/hip_rotation_r/speed
y[18] = /jointset/knee_r/knee_angle_r/value
y[19] = /jointset/knee_r/knee_angle_r/speed
y[20] = /jointset/ankle_r/ankle_angle_r/value
y[21] = /jointset/ankle_r/ankle_angle_r/speed
y[22] = /jointset/subtalar_r/subtalar_angle_r/value
y[23] = /jointset/subtalar_r/subtalar_angle_r/speed
y[24] = /jointset/mtp_r/mtp_angle_r/value
y[25] = /jointset/mtp_r/mtp_angle_r/speed
y[26] = /jointset/hip_l/hip_flexion_l/value
y[27] = /jointset/hip_l/hip_flexion_l/speed
y[28] = /jointset/hip_l/hip_adduction_l/value
y[29] = /jointset/hip_l/hip_adduction_l/speed
y[30] = /jointset/hip_l/hip_rotation_l/value
y[31] = /jointset/hip_l/hip_rotation_l/speed
y[32] = /jointset/knee_l/knee_angle_l/value
y[33] = /jointset/knee_l/knee_angle_l/speed
y[34] = /jointset/ankle_l/ankle_angle_l/value
y[35] = /jointset/ankle_l/ankle_angle_l/speed
y[36] = /jointset/subtalar_l/subtalar_angle_l/value
y[37] = /jointset/subtalar_l/subtalar_angle_l/speed
y[38] = /jointset/mtp_l/mtp_angle_l/value
y[39] = /jointset/mtp_l/mtp_angle_l/speed
y[40] = /jointset/back/lumbar_extension/value
y[41] = /jointset/back/lumbar_extension/speed
y[42] = /jointset/back/lumbar_bending/value
y[43] = /jointset/back/lumbar_bending/speed
y[44] = /jointset/back/lumbar_rotation/value
y[45] = /jointset/back/lumbar_rotation/speed
y[46] = /jointset/acromial_r/arm_flex_r/value
y[47] = /jointset/acromial_r/arm_flex_r/speed
y[48] = /jointset/acromial_r/arm_add_r/value
y[49] = /jointset/acromial_r/arm_add_r/speed
y[50] = /jointset/acromial_r/arm_rot_r/value
y[51] = /jointset/acromial_r/arm_rot_r/speed
y[52] = /jointset/elbow_r/elbow_flex_r/value
y[53] = /jointset/elbow_r/elbow_flex_r/speed
y[54] = /jointset/radioulnar_r/pro_sup_r/value
y[55] = /jointset/radioulnar_r/pro_sup_r/speed
y[56] = /jointset/radius_hand_r/wrist_flex_r/value
y[57] = /jointset/radius_hand_r/wrist_flex_r/speed
y[58] = /jointset/radius_hand_r/wrist_dev_r/value
y[59] = /jointset/radius_hand_r/wrist_dev_r/speed
y[60] = /jointset/acromial_l/arm_flex_l/value
y[61] = /jointset/acromial_l/arm_flex_l/speed
y[62] = /jointset/acromial_l/arm_add_l/value
y[63] = /jointset/acromial_l/arm_add_l/speed
y[64] = /jointset/acromial_l/arm_rot_l/value
y[65] = /jointset/acromial_l/arm_rot_l/speed
y[66] = /jointset/elbow_l/elbow_flex_l/value
y[67] = /jointset/elbow_l/elbow_flex_l/speed
y[68] = /jointset/radioulnar_l/pro_sup_l/value
y[69] = /jointset/radioulnar_l/pro_sup_l/speed
y[70] = /jointset/radius_hand_l/wrist_flex_l/value
y[71] = /jointset/radius_hand_l/wrist_flex_l/speed
y[72] = /jointset/radius_hand_l/wrist_dev_l/value
y[73] = /jointset/radius_hand_l/wrist_dev_l/speed

[2023-03-11 03:07:00.576] [info] Requested COM adjustment time range 0.84375 to 1.4833, clamped to nearest available data times: 0.841614 to 1.48325.
[2023-03-11 03:07:00.576] [info] Computing average residuals between 0.841614 and 1.48325...
[2023-03-11 03:07:00.668] [info] ExternalForce::externalforce Data source being set to Run_500 01_newCOP3_v24.mot
[2023-03-11 03:07:00.669] [info] ExternalForce::externalforce_0 Data source being set to Run_500 01_newCOP3_v24.mot
[2023-03-11 03:07:00.741] [info] ExternalForce::externalforce Data source being set to Run_500 01_newCOP3_v24.mot
[2023-03-11 03:07:00.741] [info] ExternalForce::externalforce_0 Data source being set to Run_500 01_newCOP3_v24.mot
[2023-03-11 03:07:02.298] [info] ExternalForce::externalforce Data source being set to Run_500 01_newCOP3_v24.mot
[2023-03-11 03:07:02.298] [info] ExternalForce::externalforce_0 Data source being set to Run_500 01_newCOP3_v24.mot
[2023-03-11 03:07:02.308] [info] Computing average residuals between 0.841614 and 1.48325...
[2023-03-11 03:07:02.435] [info] ExternalForce::externalforce Data source being set to Run_500 01_newCOP3_v24.mot
[2023-03-11 03:07:02.435] [info] ExternalForce::externalforce_0 Data source being set to Run_500 01_newCOP3_v24.mot
[2023-03-11 03:07:02.515] [info] ExternalForce::externalforce Data source being set to Run_500 01_newCOP3_v24.mot
[2023-03-11 03:07:02.515] [info] ExternalForce::externalforce_0 Data source being set to Run_500 01_newCOP3_v24.mot
[2023-03-11 03:07:03.923] [info] Constructing function set for tracking desired kinematics...
[2023-03-11 03:07:04.769] [warning] No Actuation analysis found in analysis set, adding one...
[2023-03-11 03:07:04.770] [warning] No Kinematics analysis found in analysis set, adding one...
[2023-03-11 03:07:04.773] [info] Using the generalized coordinates specified in '..\..\ik\Run_5.mot' to set the initial configuration.
[2023-03-11 03:07:05.007] [info] Using IPOPT optimizer algorithm.
[2023-03-11 03:07:05.007] [info] Setting optimizer print level to 0.
[2023-03-11 03:07:05.007] [info] Setting optimizer convergence tolerance to 1.0e-05.
[2023-03-11 03:07:05.007] [info] Setting optimizer maximum iterations to 2000.
[2023-03-11 03:07:05.007] [info] Setting cmc controller to not use verbose printing.

[2023-03-11 03:07:05.008] [info] CMC::computeControls, t = 0.84375
[2023-03-11 03:07:06.025] [info] --------------------------------------------
[2023-03-11 03:07:06.025] [info] Using CMC to track the specified kinematics:
[2023-03-11 03:07:06.025] [info] --------------------------------------------
[2023-03-11 03:07:06.025] [info]  -- Integrating from 0.84375 to 1.4833
[2023-03-11 03:07:06.025] [info]  -- Start time = Sat Mar 11 03:07:06 2023
[2023-03-11 03:07:06.025] [info] --------------------------------------------
[2023-03-11 03:07:06.025] [info] 
[2023-03-11 03:07:06.029] [info] CMC::computeControls, t = 0.84375
[2023-03-11 03:07:06.058] [info] CMC::computeControls, t = 0.84475
[2023-03-11 03:07:06.059] [warning] Coordinate.setValue:  coordinate subtalar_angle_r is locked. Unable to change its value.
[2023-03-11 03:07:06.059] [warning] Coordinate.setValue:  coordinate mtp_angle_r is locked. Unable to change its value.
[2023-03-11 03:07:06.059] [warning] Coordinate.setValue:  coordinate subtalar_angle_l is locked. Unable to change its value.
[2023-03-11 03:07:06.059] [warning] Coordinate.setValue:  coordinate mtp_angle_l is locked. Unable to change its value.
[2023-03-11 03:07:06.059] [warning] Coordinate.setValue:  coordinate wrist_flex_r is locked. Unable to change its value.
[2023-03-11 03:07:06.059] [warning] Coordinate.setValue:  coordinate wrist_dev_r is locked. Unable to change its value.
[2023-03-11 03:07:06.059] [warning] Coordinate.setValue:  coordinate wrist_flex_l is locked. Unable to change its value.
[2023-03-11 03:07:06.059] [warning] Coordinate.setValue:  coordinate wrist_dev_l is locked. Unable to change its value.
[2023-03-11 03:07:06.081] [info] CMC::computeControls, t = 0.84575
[2023-03-11 03:07:06.111] [info] CMC::computeControls, t = 0.84675
[2023-03-11 03:07:06.130] [info] CMC::computeControls, t = 0.84775
[2023-03-11 03:07:06.153] [info] CMC::computeControls, t = 0.84875
[2023-03-11 03:07:06.193] [info] CMC::computeControls, t = 0.84975
[2023-03-11 03:07:06.217] [info] CMC::computeControls, t = 0.850750
[2023-03-11 03:07:06.243] [info] CMC::computeControls, t = 0.85175
[2023-03-11 03:07:06.261] [info] CMC::computeControls, t = 0.85275
[2023-03-11 03:07:06.289] [info] CMC::computeControls, t = 0.85375
[2023-03-11 03:07:06.314] [info] CMC::computeControls, t = 0.85475
[2023-03-11 03:07:06.349] [info] CMC::computeControls, t = 0.85575
[2023-03-11 03:07:06.373] [info] CMC::computeControls, t = 0.85675
[2023-03-11 03:07:06.407] [info] CMC::computeControls, t = 0.85775
[2023-03-11 03:07:06.438] [info] CMC::computeControls, t = 0.85875
[2023-03-11 03:07:06.453] [info] CMC::computeControls, t = 0.85975
[2023-03-11 03:07:06.480] [info] CMC::computeControls, t = 0.860750
[2023-03-11 03:07:06.508] [info] CMC::computeControls, t = 0.86175
[2023-03-11 03:07:06.544] [info] CMC::computeControls, t = 0.86275
[2023-03-11 03:07:06.573] [info] CMC::computeControls, t = 0.86375
[2023-03-11 03:07:06.602] [info] CMC::computeControls, t = 0.86475
[2023-03-11 03:07:06.623] [info] CMC::computeControls, t = 0.86575
[2023-03-11 03:07:06.650] [info] CMC::computeControls, t = 0.86675
[2023-03-11 03:07:06.671] [info] CMC::computeControls, t = 0.86775
[2023-03-11 03:07:06.686] [info] CMC::computeControls, t = 0.86875
[2023-03-11 03:07:06.702] [info] CMC::computeControls, t = 0.86975
[2023-03-11 03:07:06.717] [info] CMC::computeControls, t = 0.870750
[2023-03-11 03:07:06.743] [info] CMC::computeControls, t = 0.87175
[2023-03-11 03:07:06.759] [info] CMC::computeControls, t = 0.87275
[2023-03-11 03:07:06.778] [info] CMC::computeControls, t = 0.87375
[2023-03-11 03:07:06.796] [info] CMC::computeControls, t = 0.87475
[2023-03-11 03:07:06.814] [info] CMC::computeControls, t = 0.87575
[2023-03-11 03:07:06.839] [info] CMC::computeControls, t = 0.87675
[2023-03-11 03:07:06.872] [info] CMC::computeControls, t = 0.87775
[2023-03-11 03:07:06.903] [info] CMC::computeControls, t = 0.87875
[2023-03-11 03:07:06.930] [info] CMC::computeControls, t = 0.87975
[2023-03-11 03:07:06.946] [info] CMC::computeControls, t = 0.880750
[2023-03-11 03:07:06.961] [info] CMC::computeControls, t = 0.88175
[2023-03-11 03:07:06.995] [info] CMC::computeControls, t = 0.88275
[2023-03-11 03:07:07.017] [info] CMC::computeControls, t = 0.88375
[2023-03-11 03:07:07.042] [info] CMC::computeControls, t = 0.88475
[2023-03-11 03:07:07.065] [info] CMC::computeControls, t = 0.88575
[2023-03-11 03:07:07.083] [info] CMC::computeControls, t = 0.88675
[2023-03-11 03:07:07.114] [info] CMC::computeControls, t = 0.88775
[2023-03-11 03:07:07.130] [info] CMC::computeControls, t = 0.88875
[2023-03-11 03:07:07.167] [info] CMC::computeControls, t = 0.88975
[2023-03-11 03:07:07.191] [info] CMC::computeControls, t = 0.890750
[2023-03-11 03:07:07.209] [info] CMC::computeControls, t = 0.89175
[2023-03-11 03:07:07.245] [info] CMC::computeControls, t = 0.89275
[2023-03-11 03:07:07.267] [info] CMC::computeControls, t = 0.89375
[2023-03-11 03:07:07.289] [info] CMC::computeControls, t = 0.89475
[2023-03-11 03:07:07.306] [info] CMC::computeControls, t = 0.89575
[2023-03-11 03:07:07.331] [info] CMC::computeControls, t = 0.89675
[2023-03-11 03:07:07.350] [info] CMC::computeControls, t = 0.89775
[2023-03-11 03:07:07.367] [info] CMC::computeControls, t = 0.89875
[2023-03-11 03:07:07.393] [info] CMC::computeControls, t = 0.89975
[2023-03-11 03:07:07.420] [info] CMC::computeControls, t = 0.900750
[2023-03-11 03:07:07.458] [info] CMC::computeControls, t = 0.901750
[2023-03-11 03:07:07.485] [info] CMC::computeControls, t = 0.902750
[2023-03-11 03:07:07.512] [info] CMC::computeControls, t = 0.903750
[2023-03-11 03:07:07.535] [info] CMC::computeControls, t = 0.904750
[2023-03-11 03:07:07.573] [info] CMC::computeControls, t = 0.905750
[2023-03-11 03:07:07.598] [info] CMC::computeControls, t = 0.906750
[2023-03-11 03:07:07.627] [info] CMC::computeControls, t = 0.907750
[2023-03-11 03:07:07.657] [info] CMC::computeControls, t = 0.908750
[2023-03-11 03:07:07.697] [info] CMC::computeControls, t = 0.909750
[2023-03-11 03:07:07.729] [info] CMC::computeControls, t = 0.910750
[2023-03-11 03:07:07.763] [info] CMC::computeControls, t = 0.91175
[2023-03-11 03:07:07.803] [info] CMC::computeControls, t = 0.91275
[2023-03-11 03:07:07.822] [info] CMC::computeControls, t = 0.91375
[2023-03-11 03:07:07.843] [info] CMC::computeControls, t = 0.91475
[2023-03-11 03:07:07.862] [info] CMC::computeControls, t = 0.91575
[2023-03-11 03:07:07.878] [info] CMC::computeControls, t = 0.91675
[2023-03-11 03:07:07.903] [info] CMC::computeControls, t = 0.91775
[2023-03-11 03:07:07.930] [info] CMC::computeControls, t = 0.91875
[2023-03-11 03:07:07.957] [info] CMC::computeControls, t = 0.91975
[2023-03-11 03:07:07.995] [info] CMC::computeControls, t = 0.920750
[2023-03-11 03:07:08.027] [info] CMC::computeControls, t = 0.92175
[2023-03-11 03:07:08.046] [info] CMC::computeControls, t = 0.92275
[2023-03-11 03:07:08.066] [info] CMC::computeControls, t = 0.92375
[2023-03-11 03:07:08.093] [info] CMC::computeControls, t = 0.92475
[2023-03-11 03:07:08.110] [info] CMC::computeControls, t = 0.92575
[2023-03-11 03:07:08.137] [info] CMC::computeControls, t = 0.92675
[2023-03-11 03:07:08.154] [info] CMC::computeControls, t = 0.92775
[2023-03-11 03:07:08.179] [info] CMC::computeControls, t = 0.92875
[2023-03-11 03:07:08.195] [info] CMC::computeControls, t = 0.92975
[2023-03-11 03:07:08.220] [info] CMC::computeControls, t = 0.930750
[2023-03-11 03:07:08.237] [info] CMC::computeControls, t = 0.93175
[2023-03-11 03:07:08.252] [info] CMC::computeControls, t = 0.93275
[2023-03-11 03:07:08.288] [info] CMC::computeControls, t = 0.93375
[2023-03-11 03:07:08.308] [info] CMC::computeControls, t = 0.93475
[2023-03-11 03:07:08.340] [info] CMC::computeControls, t = 0.93575
[2023-03-11 03:07:08.373] [info] CMC::computeControls, t = 0.93675
[2023-03-11 03:07:08.395] [info] CMC::computeControls, t = 0.93775
[2023-03-11 03:07:08.412] [info] CMC::computeControls, t = 0.93875
[2023-03-11 03:07:08.434] [info] CMC::computeControls, t = 0.93975
[2023-03-11 03:07:08.454] [info] CMC::computeControls, t = 0.940750
[2023-03-11 03:07:08.481] [info] CMC::computeControls, t = 0.94175
[2023-03-11 03:07:08.513] [info] CMC::computeControls, t = 0.94275
[2023-03-11 03:07:08.546] [info] CMC::computeControls, t = 0.94375
[2023-03-11 03:07:08.562] [info] CMC::computeControls, t = 0.94475
[2023-03-11 03:07:08.598] [info] CMC::computeControls, t = 0.94575
[2023-03-11 03:07:08.624] [info] CMC::computeControls, t = 0.94675
[2023-03-11 03:07:08.661] [info] CMC::computeControls, t = 0.94775
[2023-03-11 03:07:08.681] [info] CMC::computeControls, t = 0.94875
[2023-03-11 03:07:08.715] [info] CMC::computeControls, t = 0.94975
[2023-03-11 03:07:08.739] [info] CMC::computeControls, t = 0.950750
[2023-03-11 03:07:08.755] [info] CMC::computeControls, t = 0.95175
[2023-03-11 03:07:08.781] [info] CMC::computeControls, t = 0.95275
[2023-03-11 03:07:08.803] [info] CMC::computeControls, t = 0.95375
[2023-03-11 03:07:08.822] [info] CMC::computeControls, t = 0.95475
[2023-03-11 03:07:08.850] [info] CMC::computeControls, t = 0.95575
[2023-03-11 03:07:08.876] [info] CMC::computeControls, t = 0.95675
[2023-03-11 03:07:08.898] [info] CMC::computeControls, t = 0.95775
[2023-03-11 03:07:08.936] [info] CMC::computeControls, t = 0.95875
[2023-03-11 03:07:08.959] [info] CMC::computeControls, t = 0.95975
[2023-03-11 03:07:08.976] [info] CMC::computeControls, t = 0.960750
[2023-03-11 03:07:08.994] [info] CMC::computeControls, t = 0.96175
[2023-03-11 03:07:09.033] [info] CMC::computeControls, t = 0.96275
[2023-03-11 03:07:09.057] [info] CMC::computeControls, t = 0.96375
[2023-03-11 03:07:09.079] [info] CMC::computeControls, t = 0.96475
[2023-03-11 03:07:09.105] [info] CMC::computeControls, t = 0.96575
[2023-03-11 03:07:09.124] [info] CMC::computeControls, t = 0.96675
[2023-03-11 03:07:09.150] [info] CMC::computeControls, t = 0.96775
[2023-03-11 03:07:09.179] [info] CMC::computeControls, t = 0.96875
[2023-03-11 03:07:09.205] [info] CMC::computeControls, t = 0.96975
[2023-03-11 03:07:09.239] [info] CMC::computeControls, t = 0.970750
[2023-03-11 03:07:09.278] [info] CMC::computeControls, t = 0.97175
[2023-03-11 03:07:09.300] [info] CMC::computeControls, t = 0.97275
[2023-03-11 03:07:09.327] [info] CMC::computeControls, t = 0.97375
[2023-03-11 03:07:09.359] [info] CMC::computeControls, t = 0.97475
[2023-03-11 03:07:09.377] [info] CMC::computeControls, t = 0.97575
[2023-03-11 03:07:09.395] [info] CMC::computeControls, t = 0.97675
[2023-03-11 03:07:09.413] [info] CMC::computeControls, t = 0.97775
[2023-03-11 03:07:09.438] [info] CMC::computeControls, t = 0.97875
[2023-03-11 03:07:09.466] [info] CMC::computeControls, t = 0.97975
[2023-03-11 03:07:09.499] [info] CMC::computeControls, t = 0.980750
[2023-03-11 03:07:09.527] [info] CMC::computeControls, t = 0.98175
[2023-03-11 03:07:09.559] [info] CMC::computeControls, t = 0.98275
[2023-03-11 03:07:09.586] [info] CMC::computeControls, t = 0.98375
[2023-03-11 03:07:09.612] [info] CMC::computeControls, t = 0.98475
[2023-03-11 03:07:09.627] [info] CMC::computeControls, t = 0.98575
[2023-03-11 03:07:09.654] [info] CMC::computeControls, t = 0.98675
[2023-03-11 03:07:09.684] [info] CMC::computeControls, t = 0.98775
[2023-03-11 03:07:09.716] [info] CMC::computeControls, t = 0.98875
[2023-03-11 03:07:09.746] [info] CMC::computeControls, t = 0.98975
[2023-03-11 03:07:09.762] [info] CMC::computeControls, t = 0.990750
[2023-03-11 03:07:09.779] [info] CMC::computeControls, t = 0.99175
[2023-03-11 03:07:09.796] [info] CMC::computeControls, t = 0.99275
[2023-03-11 03:07:09.833] [info] CMC::computeControls, t = 0.99375
[2023-03-11 03:07:09.850] [info] CMC::computeControls, t = 0.99475
[2023-03-11 03:07:09.865] [info] CMC::computeControls, t = 0.99575
[2023-03-11 03:07:09.886] [info] CMC::computeControls, t = 0.99675
[2023-03-11 03:07:09.915] [info] CMC::computeControls, t = 0.99775
[2023-03-11 03:07:09.940] [info] CMC::computeControls, t = 0.99875
[2023-03-11 03:07:09.960] [info] CMC::computeControls, t = 0.99975
[2023-03-11 03:07:09.984] [info] CMC::computeControls, t = 1.00075
[2023-03-11 03:07:10.000] [info] CMC::computeControls, t = 1.00175
[2023-03-11 03:07:10.019] [info] CMC::computeControls, t = 1.00275
[2023-03-11 03:07:10.047] [info] CMC::computeControls, t = 1.00375
[2023-03-11 03:07:10.081] [info] CMC::computeControls, t = 1.00475
[2023-03-11 03:07:10.114] [info] CMC::computeControls, t = 1.00575
[2023-03-11 03:07:10.152] [info] CMC::computeControls, t = 1.00675
[2023-03-11 03:07:10.182] [info] CMC::computeControls, t = 1.00775
[2023-03-11 03:07:10.202] [info] CMC::computeControls, t = 1.00875
[2023-03-11 03:07:10.231] [info] CMC::computeControls, t = 1.00975
[2023-03-11 03:07:10.262] [info] CMC::computeControls, t = 1.01075
[2023-03-11 03:07:10.294] [info] CMC::computeControls, t = 1.01175
[2023-03-11 03:07:10.327] [info] CMC::computeControls, t = 1.01275
[2023-03-11 03:07:10.354] [info] CMC::computeControls, t = 1.01375
[2023-03-11 03:07:10.372] [info] CMC::computeControls, t = 1.01475
[2023-03-11 03:07:10.389] [info] CMC::computeControls, t = 1.01575
[2023-03-11 03:07:10.407] [info] CMC::computeControls, t = 1.01675
[2023-03-11 03:07:10.430] [info] CMC::computeControls, t = 1.01775
[2023-03-11 03:07:10.452] [info] CMC::computeControls, t = 1.01875
[2023-03-11 03:07:10.467] [info] CMC::computeControls, t = 1.01975
[2023-03-11 03:07:10.492] [info] CMC::computeControls, t = 1.02075
[2023-03-11 03:07:10.508] [info] CMC::computeControls, t = 1.02175
[2023-03-11 03:07:10.527] [info] CMC::computeControls, t = 1.02275
[2023-03-11 03:07:10.544] [info] CMC::computeControls, t = 1.02375
[2023-03-11 03:07:10.563] [info] CMC::computeControls, t = 1.02475
[2023-03-11 03:07:10.586] [info] CMC::computeControls, t = 1.02575
[2023-03-11 03:07:10.613] [info] CMC::computeControls, t = 1.02675
[2023-03-11 03:07:10.638] [info] CMC::computeControls, t = 1.02775
[2023-03-11 03:07:10.656] [info] CMC::computeControls, t = 1.02875
[2023-03-11 03:07:10.696] [info] CMC::computeControls, t = 1.02975
[2023-03-11 03:07:10.726] [info] CMC::computeControls, t = 1.03075
[2023-03-11 03:07:10.758] [info] CMC::computeControls, t = 1.03175
[2023-03-11 03:07:10.788] [info] CMC::computeControls, t = 1.03275
[2023-03-11 03:07:10.805] [info] CMC::computeControls, t = 1.03375
[2023-03-11 03:07:10.840] [info] CMC::computeControls, t = 1.03475
[2023-03-11 03:07:10.863] [info] CMC::computeControls, t = 1.03575
[2023-03-11 03:07:10.894] [info] CMC::computeControls, t = 1.03675
[2023-03-11 03:07:10.924] [info] CMC::computeControls, t = 1.03775
[2023-03-11 03:07:10.955] [info] CMC::computeControls, t = 1.03875
[2023-03-11 03:07:10.976] [info] CMC::computeControls, t = 1.03975
[2023-03-11 03:07:11.010] [info] CMC::computeControls, t = 1.04075
[2023-03-11 03:07:11.028] [info] CMC::computeControls, t = 1.04175
[2023-03-11 03:07:11.046] [info] CMC::computeControls, t = 1.04275
[2023-03-11 03:07:11.078] [info] CMC::computeControls, t = 1.04375
[2023-03-11 03:07:11.106] [info] CMC::computeControls, t = 1.04475
[2023-03-11 03:07:11.130] [info] CMC::computeControls, t = 1.04575
[2023-03-11 03:07:11.146] [info] CMC::computeControls, t = 1.04675
[2023-03-11 03:07:11.182] [info] CMC::computeControls, t = 1.04775
[2023-03-11 03:07:11.222] [info] CMC::computeControls, t = 1.04875
[2023-03-11 03:07:11.241] [info] CMC::computeControls, t = 1.04975
[2023-03-11 03:07:11.258] [info] CMC::computeControls, t = 1.05075
[2023-03-11 03:07:11.285] [info] CMC::computeControls, t = 1.05175
[2023-03-11 03:07:11.313] [info] CMC::computeControls, t = 1.05275
[2023-03-11 03:07:11.343] [info] CMC::computeControls, t = 1.05375
[2023-03-11 03:07:11.365] [info] CMC::computeControls, t = 1.05475
[2023-03-11 03:07:11.387] [info] CMC::computeControls, t = 1.05575
[2023-03-11 03:07:11.416] [info] CMC::computeControls, t = 1.05675
[2023-03-11 03:07:11.448] [info] CMC::computeControls, t = 1.05775
[2023-03-11 03:07:11.474] [info] CMC::computeControls, t = 1.05875
[2023-03-11 03:07:11.495] [info] CMC::computeControls, t = 1.05975
[2023-03-11 03:07:11.530] [info] CMC::computeControls, t = 1.06075
[2023-03-11 03:07:11.555] [info] CMC::computeControls, t = 1.06175
[2023-03-11 03:07:11.577] [info] CMC::computeControls, t = 1.06275
[2023-03-11 03:07:11.596] [info] CMC::computeControls, t = 1.06375
[2023-03-11 03:07:11.619] [info] CMC::computeControls, t = 1.06475
[2023-03-11 03:07:11.654] [info] CMC::computeControls, t = 1.06575
[2023-03-11 03:07:11.686] [info] CMC::computeControls, t = 1.06675
[2023-03-11 03:07:11.715] [info] CMC::computeControls, t = 1.06775
[2023-03-11 03:07:11.753] [info] CMC::computeControls, t = 1.06875
[2023-03-11 03:07:11.781] [info] CMC::computeControls, t = 1.06975
[2023-03-11 03:07:11.797] [info] CMC::computeControls, t = 1.07075
[2023-03-11 03:07:11.823] [info] CMC::computeControls, t = 1.07175
[2023-03-11 03:07:11.841] [info] CMC::computeControls, t = 1.07275
[2023-03-11 03:07:11.868] [info] CMC::computeControls, t = 1.07375
[2023-03-11 03:07:11.885] [info] CMC::computeControls, t = 1.07475
[2023-03-11 03:07:11.917] [info] CMC::computeControls, t = 1.07575
[2023-03-11 03:07:11.960] [info] CMC::computeControls, t = 1.07675
[2023-03-11 03:07:11.991] [info] CMC::computeControls, t = 1.07775
[2023-03-11 03:07:12.016] [info] CMC::computeControls, t = 1.07875
[2023-03-11 03:07:12.033] [info] CMC::computeControls, t = 1.07975
[2023-03-11 03:07:12.061] [info] CMC::computeControls, t = 1.08075
[2023-03-11 03:07:12.077] [info] CMC::computeControls, t = 1.08175
[2023-03-11 03:07:12.097] [info] CMC::computeControls, t = 1.08275
[2023-03-11 03:07:12.122] [info] CMC::computeControls, t = 1.08375
[2023-03-11 03:07:12.146] [info] CMC::computeControls, t = 1.08475
[2023-03-11 03:07:12.167] [info] CMC::computeControls, t = 1.08575
[2023-03-11 03:07:12.194] [info] CMC::computeControls, t = 1.08675
[2023-03-11 03:07:12.211] [info] CMC::computeControls, t = 1.08775
[2023-03-11 03:07:12.237] [info] CMC::computeControls, t = 1.08875
[2023-03-11 03:07:12.260] [info] CMC::computeControls, t = 1.08975
[2023-03-11 03:07:12.288] [info] CMC::computeControls, t = 1.09075
[2023-03-11 03:07:12.306] [info] CMC::computeControls, t = 1.09175
[2023-03-11 03:07:12.337] [info] CMC::computeControls, t = 1.09275
[2023-03-11 03:07:12.357] [info] CMC::computeControls, t = 1.09375
[2023-03-11 03:07:12.383] [info] CMC::computeControls, t = 1.09475
[2023-03-11 03:07:12.408] [info] CMC::computeControls, t = 1.09575
[2023-03-11 03:07:12.429] [info] CMC::computeControls, t = 1.09675
[2023-03-11 03:07:12.469] [info] CMC::computeControls, t = 1.09775
[2023-03-11 03:07:12.499] [info] CMC::computeControls, t = 1.09875
[2023-03-11 03:07:12.514] [info] CMC::computeControls, t = 1.09975
[2023-03-11 03:07:12.530] [info] CMC::computeControls, t = 1.10075
[2023-03-11 03:07:12.557] [info] CMC::computeControls, t = 1.10175
[2023-03-11 03:07:12.592] [info] CMC::computeControls, t = 1.10275
[2023-03-11 03:07:12.633] [info] CMC::computeControls, t = 1.10375
[2023-03-11 03:07:12.667] [info] CMC::computeControls, t = 1.10475
[2023-03-11 03:07:12.692] [info] CMC::computeControls, t = 1.10575
[2023-03-11 03:07:12.708] [info] CMC::computeControls, t = 1.10675
[2023-03-11 03:07:12.728] [info] CMC::computeControls, t = 1.10775
[2023-03-11 03:07:12.748] [info] CMC::computeControls, t = 1.10875
[2023-03-11 03:07:12.775] [info] CMC::computeControls, t = 1.10975
[2023-03-11 03:07:12.792] [info] CMC::computeControls, t = 1.11075
[2023-03-11 03:07:12.809] [info] CMC::computeControls, t = 1.11175
[2023-03-11 03:07:12.827] [info] CMC::computeControls, t = 1.11275
[2023-03-11 03:07:12.852] [info] CMC::computeControls, t = 1.11375
[2023-03-11 03:07:12.881] [info] CMC::computeControls, t = 1.11475
[2023-03-11 03:07:12.907] [info] CMC::computeControls, t = 1.11575
[2023-03-11 03:07:12.930] [info] CMC::computeControls, t = 1.11675
[2023-03-11 03:07:12.945] [info] CMC::computeControls, t = 1.11775
[2023-03-11 03:07:12.969] [info] CMC::computeControls, t = 1.11875
[2023-03-11 03:07:12.985] [info] CMC::computeControls, t = 1.11975
[2023-03-11 03:07:13.003] [info] CMC::computeControls, t = 1.12075
[2023-03-11 03:07:13.030] [info] CMC::computeControls, t = 1.12175
[2023-03-11 03:07:13.053] [info] CMC::computeControls, t = 1.12275
[2023-03-11 03:07:13.084] [info] CMC::computeControls, t = 1.12375
[2023-03-11 03:07:13.117] [info] CMC::computeControls, t = 1.12475
[2023-03-11 03:07:13.141] [info] CMC::computeControls, t = 1.12575
[2023-03-11 03:07:13.164] [info] CMC::computeControls, t = 1.12675
[2023-03-11 03:07:13.200] [info] CMC::computeControls, t = 1.12775
[2023-03-11 03:07:13.238] [info] CMC::computeControls, t = 1.12875
[2023-03-11 03:07:13.269] [info] CMC::computeControls, t = 1.12975
[2023-03-11 03:07:13.294] [info] CMC::computeControls, t = 1.13075
[2023-03-11 03:07:13.316] [info] CMC::computeControls, t = 1.13175
[2023-03-11 03:07:13.337] [info] CMC::computeControls, t = 1.13275
[2023-03-11 03:07:13.371] [info] CMC::computeControls, t = 1.13375
[2023-03-11 03:07:13.393] [info] CMC::computeControls, t = 1.13475
[2023-03-11 03:07:13.413] [info] CMC::computeControls, t = 1.13575
[2023-03-11 03:07:13.431] [info] CMC::computeControls, t = 1.13675
[2023-03-11 03:07:13.449] [info] CMC::computeControls, t = 1.13775
[2023-03-11 03:07:13.467] [info] CMC::computeControls, t = 1.13875
[2023-03-11 03:07:13.485] [info] CMC::computeControls, t = 1.13975
[2023-03-11 03:07:13.504] [info] CMC::computeControls, t = 1.14075
[2023-03-11 03:07:13.523] [info] CMC::computeControls, t = 1.14175
[2023-03-11 03:07:13.541] [info] CMC::computeControls, t = 1.14275
[2023-03-11 03:07:13.560] [info] CMC::computeControls, t = 1.14375
[2023-03-11 03:07:13.593] [info] CMC::computeControls, t = 1.14475
[2023-03-11 03:07:13.614] [info] CMC::computeControls, t = 1.14575
[2023-03-11 03:07:13.634] [info] CMC::computeControls, t = 1.14675
[2023-03-11 03:07:13.661] [info] CMC::computeControls, t = 1.14775
[2023-03-11 03:07:13.681] [info] CMC::computeControls, t = 1.14875
[2023-03-11 03:07:13.715] [info] CMC::computeControls, t = 1.14975
[2023-03-11 03:07:13.740] [info] CMC::computeControls, t = 1.15075
[2023-03-11 03:07:13.780] [info] CMC::computeControls, t = 1.15175
[2023-03-11 03:07:13.839] [info] CMC::computeControls, t = 1.15275
[2023-03-11 03:07:13.874] [info] CMC::computeControls, t = 1.15375
[2023-03-11 03:07:13.898] [info] CMC::computeControls, t = 1.15475
[2023-03-11 03:07:13.938] [info] CMC::computeControls, t = 1.15575
[2023-03-11 03:07:13.972] [info] CMC::computeControls, t = 1.15675
[2023-03-11 03:07:14.002] [info] CMC::computeControls, t = 1.15775
[2023-03-11 03:07:14.034] [info] CMC::computeControls, t = 1.15875
[2023-03-11 03:07:14.065] [info] CMC::computeControls, t = 1.15975
[2023-03-11 03:07:14.099] [info] CMC::computeControls, t = 1.16075
[2023-03-11 03:07:14.145] [info] CMC::computeControls, t = 1.16175
[2023-03-11 03:07:14.176] [info] CMC::computeControls, t = 1.16275
[2023-03-11 03:07:14.212] [info] CMC::computeControls, t = 1.16375
[2023-03-11 03:07:14.247] [info] CMC::computeControls, t = 1.16475
[2023-03-11 03:07:14.271] [info] CMC::computeControls, t = 1.16575
[2023-03-11 03:07:14.307] [info] CMC::computeControls, t = 1.16675
[2023-03-11 03:07:14.336] [info] CMC::computeControls, t = 1.16775
[2023-03-11 03:07:14.363] [info] CMC::computeControls, t = 1.16875
[2023-03-11 03:07:14.395] [info] CMC::computeControls, t = 1.16975
[2023-03-11 03:07:14.423] [info] CMC::computeControls, t = 1.17075
[2023-03-11 03:07:14.460] [info] CMC::computeControls, t = 1.17175
[2023-03-11 03:07:14.497] [info] CMC::computeControls, t = 1.17275
[2023-03-11 03:07:14.532] [info] CMC::computeControls, t = 1.17375
[2023-03-11 03:07:14.559] [info] CMC::computeControls, t = 1.17475
[2023-03-11 03:07:14.581] [info] CMC::computeControls, t = 1.17575
[2023-03-11 03:07:14.619] [info] CMC::computeControls, t = 1.17675
[2023-03-11 03:07:14.640] [info] CMC::computeControls, t = 1.17775
[2023-03-11 03:07:14.668] [info] CMC::computeControls, t = 1.17875
[2023-03-11 03:07:14.706] [info] CMC::computeControls, t = 1.17975
[2023-03-11 03:07:14.738] [info] CMC::computeControls, t = 1.18075
[2023-03-11 03:07:14.757] [info] CMC::computeControls, t = 1.18175
[2023-03-11 03:07:14.789] [info] CMC::computeControls, t = 1.18275
[2023-03-11 03:07:14.808] [info] CMC::computeControls, t = 1.18375
[2023-03-11 03:07:14.833] [info] CMC::computeControls, t = 1.18475
[2023-03-11 03:07:14.888] [info] CMC::computeControls, t = 1.18575
[2023-03-11 03:07:14.919] [info] CMC::computeControls, t = 1.18675
[2023-03-11 03:07:14.952] [info] CMC::computeControls, t = 1.18775
[2023-03-11 03:07:14.972] [info] CMC::computeControls, t = 1.18875
[2023-03-11 03:07:14.990] [info] CMC::computeControls, t = 1.18975
[2023-03-11 03:07:15.022] [info] CMC::computeControls, t = 1.19075
[2023-03-11 03:07:15.041] [info] CMC::computeControls, t = 1.19175
[2023-03-11 03:07:15.066] [info] CMC::computeControls, t = 1.19275
[2023-03-11 03:07:15.085] [info] CMC::computeControls, t = 1.19375
[2023-03-11 03:07:15.113] [info] CMC::computeControls, t = 1.19475
[2023-03-11 03:07:15.140] [info] CMC::computeControls, t = 1.19575
[2023-03-11 03:07:15.166] [info] CMC::computeControls, t = 1.19675
[2023-03-11 03:07:15.196] [info] CMC::computeControls, t = 1.19775
[2023-03-11 03:07:15.234] [info] CMC::computeControls, t = 1.19875
[2023-03-11 03:07:15.262] [info] CMC::computeControls, t = 1.19975
[2023-03-11 03:07:15.280] [info] CMC::computeControls, t = 1.20075
[2023-03-11 03:07:15.300] [info] CMC::computeControls, t = 1.20175
[2023-03-11 03:07:15.318] [info] CMC::computeControls, t = 1.20275
[2023-03-11 03:07:15.335] [info] CMC::computeControls, t = 1.20375
[2023-03-11 03:07:15.358] [info] CMC::computeControls, t = 1.20475
[2023-03-11 03:07:15.378] [info] CMC::computeControls, t = 1.20575
[2023-03-11 03:07:15.406] [info] CMC::computeControls, t = 1.20675
[2023-03-11 03:07:15.437] [info] CMC::computeControls, t = 1.20775
[2023-03-11 03:07:15.477] [info] CMC::computeControls, t = 1.20875
[2023-03-11 03:07:15.517] [info] CMC::computeControls, t = 1.20975
[2023-03-11 03:07:15.540] [info] CMC::computeControls, t = 1.21075
[2023-03-11 03:07:15.574] [info] CMC::computeControls, t = 1.21175
[2023-03-11 03:07:15.618] [info] CMC::computeControls, t = 1.21275
[2023-03-11 03:07:15.661] [info] CMC::computeControls, t = 1.21375
[2023-03-11 03:07:15.713] [info] CMC::computeControls, t = 1.21475
[2023-03-11 03:07:15.766] [info] CMC::computeControls, t = 1.21575
[2023-03-11 03:07:15.793] [info] CMC::computeControls, t = 1.21675
[2023-03-11 03:07:15.813] [info] CMC::computeControls, t = 1.21775
[2023-03-11 03:07:15.854] [info] CMC::computeControls, t = 1.21875
[2023-03-11 03:07:15.872] [info] CMC::computeControls, t = 1.21975
[2023-03-11 03:07:15.889] [info] CMC::computeControls, t = 1.22075
[2023-03-11 03:07:15.928] [info] CMC::computeControls, t = 1.22175
[2023-03-11 03:07:15.963] [info] CMC::computeControls, t = 1.22275
[2023-03-11 03:07:15.983] [info] CMC::computeControls, t = 1.22375
[2023-03-11 03:07:16.006] [info] CMC::computeControls, t = 1.22475
[2023-03-11 03:07:16.041] [info] CMC::computeControls, t = 1.22575
[2023-03-11 03:07:16.065] [info] CMC::computeControls, t = 1.22675
[2023-03-11 03:07:16.081] [info] CMC::computeControls, t = 1.22775
[2023-03-11 03:07:16.110] [info] CMC::computeControls, t = 1.22875
[2023-03-11 03:07:16.138] [info] CMC::computeControls, t = 1.22975
[2023-03-11 03:07:16.160] [info] CMC::computeControls, t = 1.23075
[2023-03-11 03:07:16.177] [info] CMC::computeControls, t = 1.23175
[2023-03-11 03:07:16.192] [info] CMC::computeControls, t = 1.23275
[2023-03-11 03:07:16.208] [info] CMC::computeControls, t = 1.23375
[2023-03-11 03:07:16.271] [info] CMC::computeControls, t = 1.23475
[2023-03-11 03:07:16.290] [info] CMC::computeControls, t = 1.23575
[2023-03-11 03:07:16.307] [info] CMC::computeControls, t = 1.23675
[2023-03-11 03:07:16.330] [info] CMC::computeControls, t = 1.23775
[2023-03-11 03:07:16.369] [info] CMC::computeControls, t = 1.23875
[2023-03-11 03:07:16.395] [info] CMC::computeControls, t = 1.23975
[2023-03-11 03:07:16.415] [info] CMC::computeControls, t = 1.24075
[2023-03-11 03:07:16.443] [info] CMC::computeControls, t = 1.24175
[2023-03-11 03:07:16.466] [info] CMC::computeControls, t = 1.24275
[2023-03-11 03:07:16.492] [info] CMC::computeControls, t = 1.24375
[2023-03-11 03:07:16.511] [info] CMC::computeControls, t = 1.24475
[2023-03-11 03:07:16.528] [info] CMC::computeControls, t = 1.24575
[2023-03-11 03:07:16.546] [info] CMC::computeControls, t = 1.24675
[2023-03-11 03:07:16.572] [info] CMC::computeControls, t = 1.24775
[2023-03-11 03:07:16.593] [info] CMC::computeControls, t = 1.24875
[2023-03-11 03:07:16.630] [info] CMC::computeControls, t = 1.24975
[2023-03-11 03:07:16.663] [info] CMC::computeControls, t = 1.25075
[2023-03-11 03:07:16.693] [info] CMC::computeControls, t = 1.25175
[2023-03-11 03:07:16.714] [info] CMC::computeControls, t = 1.25275
[2023-03-11 03:07:16.737] [info] CMC::computeControls, t = 1.25375
[2023-03-11 03:07:16.758] [info] CMC::computeControls, t = 1.25475
[2023-03-11 03:07:16.777] [info] CMC::computeControls, t = 1.25575
[2023-03-11 03:07:16.801] [info] CMC::computeControls, t = 1.25675
[2023-03-11 03:07:16.822] [info] CMC::computeControls, t = 1.25775
[2023-03-11 03:07:16.855] [info] CMC::computeControls, t = 1.25875
[2023-03-11 03:07:16.881] [info] CMC::computeControls, t = 1.25975
[2023-03-11 03:07:16.899] [info] CMC::computeControls, t = 1.26075
[2023-03-11 03:07:16.926] [info] CMC::computeControls, t = 1.26175
[2023-03-11 03:07:16.961] [info] CMC::computeControls, t = 1.26275
[2023-03-11 03:07:16.982] [info] CMC::computeControls, t = 1.26375
[2023-03-11 03:07:17.004] [info] CMC::computeControls, t = 1.26475
[2023-03-11 03:07:17.022] [info] CMC::computeControls, t = 1.26575
[2023-03-11 03:07:17.065] [info] CMC::computeControls, t = 1.26675
[2023-03-11 03:07:17.086] [info] CMC::computeControls, t = 1.26775
[2023-03-11 03:07:17.109] [info] CMC::computeControls, t = 1.26875
[2023-03-11 03:07:17.141] [info] CMC::computeControls, t = 1.26975
[2023-03-11 03:07:17.162] [info] CMC::computeControls, t = 1.27075
[2023-03-11 03:07:17.182] [info] CMC::computeControls, t = 1.27175
[2023-03-11 03:07:17.215] [info] CMC::computeControls, t = 1.27275
[2023-03-11 03:07:17.246] [info] CMC::computeControls, t = 1.27375
[2023-03-11 03:07:17.280] [info] CMC::computeControls, t = 1.27475
[2023-03-11 03:07:17.299] [info] CMC::computeControls, t = 1.27575
[2023-03-11 03:07:17.318] [info] CMC::computeControls, t = 1.27675
[2023-03-11 03:07:17.338] [info] CMC::computeControls, t = 1.27775
[2023-03-11 03:07:17.365] [info] CMC::computeControls, t = 1.27875
[2023-03-11 03:07:17.397] [info] CMC::computeControls, t = 1.27975
[2023-03-11 03:07:17.414] [info] CMC::computeControls, t = 1.28075
[2023-03-11 03:07:17.435] [info] CMC::computeControls, t = 1.28175
[2023-03-11 03:07:17.453] [info] CMC::computeControls, t = 1.28275
[2023-03-11 03:07:17.480] [info] CMC::computeControls, t = 1.28375
[2023-03-11 03:07:17.510] [info] CMC::computeControls, t = 1.28475
[2023-03-11 03:07:17.526] [info] CMC::computeControls, t = 1.28575
[2023-03-11 03:07:17.541] [info] CMC::computeControls, t = 1.28675
[2023-03-11 03:07:17.567] [info] CMC::computeControls, t = 1.28775
[2023-03-11 03:07:17.589] [info] CMC::computeControls, t = 1.28875
[2023-03-11 03:07:17.618] [info] CMC::computeControls, t = 1.28975
[2023-03-11 03:07:17.633] [info] CMC::computeControls, t = 1.29075
[2023-03-11 03:07:17.663] [info] CMC::computeControls, t = 1.29175
[2023-03-11 03:07:17.690] [info] CMC::computeControls, t = 1.29275
[2023-03-11 03:07:17.711] [info] CMC::computeControls, t = 1.29375
[2023-03-11 03:07:17.742] [info] CMC::computeControls, t = 1.29475
[2023-03-11 03:07:17.781] [info] CMC::computeControls, t = 1.29575
[2023-03-11 03:07:17.815] [info] CMC::computeControls, t = 1.29675
[2023-03-11 03:07:17.836] [info] CMC::computeControls, t = 1.29775
[2023-03-11 03:07:17.867] [info] CMC::computeControls, t = 1.29875
[2023-03-11 03:07:17.901] [info] CMC::computeControls, t = 1.29975
[2023-03-11 03:07:17.935] [info] CMC::computeControls, t = 1.30075
[2023-03-11 03:07:17.956] [info] CMC::computeControls, t = 1.30175
[2023-03-11 03:07:17.973] [info] CMC::computeControls, t = 1.30275
[2023-03-11 03:07:17.990] [info] CMC::computeControls, t = 1.30375
[2023-03-11 03:07:18.008] [info] CMC::computeControls, t = 1.30475
[2023-03-11 03:07:18.035] [info] CMC::computeControls, t = 1.30575
[2023-03-11 03:07:18.066] [info] CMC::computeControls, t = 1.30675
[2023-03-11 03:07:18.094] [info] CMC::computeControls, t = 1.30775
[2023-03-11 03:07:18.119] [info] CMC::computeControls, t = 1.30875
[2023-03-11 03:07:18.137] [info] CMC::computeControls, t = 1.30975
[2023-03-11 03:07:18.161] [info] CMC::computeControls, t = 1.31075
[2023-03-11 03:07:18.179] [info] CMC::computeControls, t = 1.31175
[2023-03-11 03:07:18.196] [info] CMC::computeControls, t = 1.31275
[2023-03-11 03:07:18.234] [info] CMC::computeControls, t = 1.31375
[2023-03-11 03:07:18.261] [info] CMC::computeControls, t = 1.31475
[2023-03-11 03:07:18.288] [info] CMC::computeControls, t = 1.31575
[2023-03-11 03:07:18.324] [info] CMC::computeControls, t = 1.31675
[2023-03-11 03:07:18.365] [info] CMC::computeControls, t = 1.31775
[2023-03-11 03:07:18.391] [info] CMC::computeControls, t = 1.31875
[2023-03-11 03:07:18.422] [info] CMC::computeControls, t = 1.31975
[2023-03-11 03:07:18.448] [info] CMC::computeControls, t = 1.32075
[2023-03-11 03:07:18.469] [info] CMC::computeControls, t = 1.32175
[2023-03-11 03:07:18.492] [info] CMC::computeControls, t = 1.32275
[2023-03-11 03:07:18.509] [info] CMC::computeControls, t = 1.32375
[2023-03-11 03:07:18.526] [info] CMC::computeControls, t = 1.32475
[2023-03-11 03:07:18.551] [info] CMC::computeControls, t = 1.32575
[2023-03-11 03:07:18.576] [info] CMC::computeControls, t = 1.32675
[2023-03-11 03:07:18.602] [info] CMC::computeControls, t = 1.32775
[2023-03-11 03:07:18.637] [info] CMC::computeControls, t = 1.32875
[2023-03-11 03:07:18.675] [info] CMC::computeControls, t = 1.32975
[2023-03-11 03:07:18.701] [info] CMC::computeControls, t = 1.33075
[2023-03-11 03:07:18.735] [info] CMC::computeControls, t = 1.33175
[2023-03-11 03:07:18.752] [info] CMC::computeControls, t = 1.33275
[2023-03-11 03:07:18.782] [info] CMC::computeControls, t = 1.33375
[2023-03-11 03:07:18.818] [info] CMC::computeControls, t = 1.33475
[2023-03-11 03:07:18.840] [info] CMC::computeControls, t = 1.33575
[2023-03-11 03:07:18.860] [info] CMC::computeControls, t = 1.33675
[2023-03-11 03:07:18.876] [info] CMC::computeControls, t = 1.33775
[2023-03-11 03:07:18.904] [info] CMC::computeControls, t = 1.33875
[2023-03-11 03:07:18.920] [info] CMC::computeControls, t = 1.33975
[2023-03-11 03:07:18.952] [info] CMC::computeControls, t = 1.34075
[2023-03-11 03:07:18.975] [info] CMC::computeControls, t = 1.34175
[2023-03-11 03:07:19.009] [info] CMC::computeControls, t = 1.34275
[2023-03-11 03:07:19.040] [info] CMC::computeControls, t = 1.34375
[2023-03-11 03:07:19.069] [info] CMC::computeControls, t = 1.34475
[2023-03-11 03:07:19.086] [info] CMC::computeControls, t = 1.34575
[2023-03-11 03:07:19.106] [info] CMC::computeControls, t = 1.34675
[2023-03-11 03:07:19.132] [info] CMC::computeControls, t = 1.34775
[2023-03-11 03:07:19.152] [info] CMC::computeControls, t = 1.34875
[2023-03-11 03:07:19.181] [info] CMC::computeControls, t = 1.34975
[2023-03-11 03:07:19.221] [info] CMC::computeControls, t = 1.35075
[2023-03-11 03:07:19.237] [info] CMC::computeControls, t = 1.35175
[2023-03-11 03:07:19.255] [info] CMC::computeControls, t = 1.35275
[2023-03-11 03:07:19.280] [info] CMC::computeControls, t = 1.35375
[2023-03-11 03:07:19.318] [info] CMC::computeControls, t = 1.35475
[2023-03-11 03:07:19.334] [info] CMC::computeControls, t = 1.35575
[2023-03-11 03:07:19.361] [info] CMC::computeControls, t = 1.35675
[2023-03-11 03:07:19.389] [info] CMC::computeControls, t = 1.35775
[2023-03-11 03:07:19.416] [info] CMC::computeControls, t = 1.35875
[2023-03-11 03:07:19.433] [info] CMC::computeControls, t = 1.35975
[2023-03-11 03:07:19.448] [info] CMC::computeControls, t = 1.36075
[2023-03-11 03:07:19.476] [info] CMC::computeControls, t = 1.36175
[2023-03-11 03:07:19.508] [info] CMC::computeControls, t = 1.36275
[2023-03-11 03:07:19.524] [info] CMC::computeControls, t = 1.36375
[2023-03-11 03:07:19.557] [info] CMC::computeControls, t = 1.36475
[2023-03-11 03:07:19.594] [info] CMC::computeControls, t = 1.36575
[2023-03-11 03:07:19.619] [info] CMC::computeControls, t = 1.36675
[2023-03-11 03:07:19.638] [info] CMC::computeControls, t = 1.36775
[2023-03-11 03:07:19.663] [info] CMC::computeControls, t = 1.36875
[2023-03-11 03:07:19.682] [info] CMC::computeControls, t = 1.36975
[2023-03-11 03:07:19.698] [info] CMC::computeControls, t = 1.37075
[2023-03-11 03:07:19.723] [info] CMC::computeControls, t = 1.37175
[2023-03-11 03:07:19.739] [info] CMC::computeControls, t = 1.37275
[2023-03-11 03:07:19.760] [info] CMC::computeControls, t = 1.37375
[2023-03-11 03:07:19.777] [info] CMC::computeControls, t = 1.37475
[2023-03-11 03:07:19.805] [info] CMC::computeControls, t = 1.37575
[2023-03-11 03:07:19.821] [info] CMC::computeControls, t = 1.37675
[2023-03-11 03:07:19.854] [info] CMC::computeControls, t = 1.37775
[2023-03-11 03:07:19.889] [info] CMC::computeControls, t = 1.37875
[2023-03-11 03:07:19.916] [info] CMC::computeControls, t = 1.37975
[2023-03-11 03:07:19.943] [info] CMC::computeControls, t = 1.38075
[2023-03-11 03:07:19.968] [info] CMC::computeControls, t = 1.38175
[2023-03-11 03:07:19.996] [info] CMC::computeControls, t = 1.38275
[2023-03-11 03:07:20.022] [info] CMC::computeControls, t = 1.38375
[2023-03-11 03:07:20.056] [info] CMC::computeControls, t = 1.38475
[2023-03-11 03:07:20.086] [info] CMC::computeControls, t = 1.38575
[2023-03-11 03:07:20.116] [info] CMC::computeControls, t = 1.38675
[2023-03-11 03:07:20.148] [info] CMC::computeControls, t = 1.38775
[2023-03-11 03:07:20.190] [info] CMC::computeControls, t = 1.38875
[2023-03-11 03:07:20.217] [info] CMC::computeControls, t = 1.38975
[2023-03-11 03:07:20.255] [info] CMC::computeControls, t = 1.39075
[2023-03-11 03:07:20.277] [info] CMC::computeControls, t = 1.39175
[2023-03-11 03:07:20.296] [info] CMC::computeControls, t = 1.39275
[2023-03-11 03:07:20.321] [info] CMC::computeControls, t = 1.39375
[2023-03-11 03:07:20.342] [info] CMC::computeControls, t = 1.39475
[2023-03-11 03:07:20.363] [info] CMC::computeControls, t = 1.39575
[2023-03-11 03:07:20.383] [info] CMC::computeControls, t = 1.39675
[2023-03-11 03:07:20.406] [info] CMC::computeControls, t = 1.39775
[2023-03-11 03:07:20.430] [info] CMC::computeControls, t = 1.39875
[2023-03-11 03:07:20.451] [info] CMC::computeControls, t = 1.39975
[2023-03-11 03:07:20.477] [info] CMC::computeControls, t = 1.40075
[2023-03-11 03:07:20.502] [info] CMC::computeControls, t = 1.40175
[2023-03-11 03:07:20.529] [info] CMC::computeControls, t = 1.40275
[2023-03-11 03:07:20.546] [info] CMC::computeControls, t = 1.40375
[2023-03-11 03:07:20.563] [info] CMC::computeControls, t = 1.40475
[2023-03-11 03:07:20.581] [info] CMC::computeControls, t = 1.40575
[2023-03-11 03:07:20.600] [info] CMC::computeControls, t = 1.40675
[2023-03-11 03:07:20.636] [info] CMC::computeControls, t = 1.40775
[2023-03-11 03:07:20.673] [info] CMC::computeControls, t = 1.40875
[2023-03-11 03:07:20.706] [info] CMC::computeControls, t = 1.40975
[2023-03-11 03:07:20.732] [info] CMC::computeControls, t = 1.41075
[2023-03-11 03:07:20.747] [info] CMC::computeControls, t = 1.41175
[2023-03-11 03:07:20.779] [info] CMC::computeControls, t = 1.41275
[2023-03-11 03:07:20.812] [info] CMC::computeControls, t = 1.41375
[2023-03-11 03:07:20.832] [info] CMC::computeControls, t = 1.41475
[2023-03-11 03:07:20.852] [info] CMC::computeControls, t = 1.41575
[2023-03-11 03:07:20.885] [info] CMC::computeControls, t = 1.41675
[2023-03-11 03:07:20.904] [info] CMC::computeControls, t = 1.41775
[2023-03-11 03:07:20.930] [info] CMC::computeControls, t = 1.41875
[2023-03-11 03:07:20.963] [info] CMC::computeControls, t = 1.41975
[2023-03-11 03:07:21.002] [info] CMC::computeControls, t = 1.42075
[2023-03-11 03:07:21.023] [info] CMC::computeControls, t = 1.42175
[2023-03-11 03:07:21.052] [info] CMC::computeControls, t = 1.42275
[2023-03-11 03:07:21.070] [info] CMC::computeControls, t = 1.42375
[2023-03-11 03:07:21.091] [info] CMC::computeControls, t = 1.42475
[2023-03-11 03:07:21.134] [info] CMC::computeControls, t = 1.42575
[2023-03-11 03:07:21.157] [info] CMC::computeControls, t = 1.42675
[2023-03-11 03:07:21.177] [info] CMC::computeControls, t = 1.42775
[2023-03-11 03:07:21.219] [info] CMC::computeControls, t = 1.42875
[2023-03-11 03:07:21.251] [info] CMC::computeControls, t = 1.42975
[2023-03-11 03:07:21.266] [info] CMC::computeControls, t = 1.43075
[2023-03-11 03:07:21.292] [info] CMC::computeControls, t = 1.43175
[2023-03-11 03:07:21.310] [info] CMC::computeControls, t = 1.43275
[2023-03-11 03:07:21.334] [info] CMC::computeControls, t = 1.43375
[2023-03-11 03:07:21.350] [info] CMC::computeControls, t = 1.43475
[2023-03-11 03:07:21.388] [info] CMC::computeControls, t = 1.43575
[2023-03-11 03:07:21.409] [info] CMC::computeControls, t = 1.43675
[2023-03-11 03:07:21.427] [info] CMC::computeControls, t = 1.43775
[2023-03-11 03:07:21.444] [info] CMC::computeControls, t = 1.43875
[2023-03-11 03:07:21.460] [info] CMC::computeControls, t = 1.43975
[2023-03-11 03:07:21.479] [info] CMC::computeControls, t = 1.44075
[2023-03-11 03:07:21.504] [info] CMC::computeControls, t = 1.44175
[2023-03-11 03:07:21.524] [info] CMC::computeControls, t = 1.44275
[2023-03-11 03:07:21.556] [info] CMC::computeControls, t = 1.44375
[2023-03-11 03:07:21.573] [info] CMC::computeControls, t = 1.44475
[2023-03-11 03:07:21.594] [info] CMC::computeControls, t = 1.44575
[2023-03-11 03:07:21.621] [info] CMC::computeControls, t = 1.44675
[2023-03-11 03:07:21.637] [info] CMC::computeControls, t = 1.44775
[2023-03-11 03:07:21.662] [info] CMC::computeControls, t = 1.44875
[2023-03-11 03:07:21.681] [info] CMC::computeControls, t = 1.44975
[2023-03-11 03:07:21.701] [info] CMC::computeControls, t = 1.45075
[2023-03-11 03:07:21.725] [info] CMC::computeControls, t = 1.45175
[2023-03-11 03:07:21.747] [info] CMC::computeControls, t = 1.45275
[2023-03-11 03:07:21.764] [info] CMC::computeControls, t = 1.45375
[2023-03-11 03:07:21.782] [info] CMC::computeControls, t = 1.45475
[2023-03-11 03:07:21.802] [info] CMC::computeControls, t = 1.45575
[2023-03-11 03:07:21.836] [info] CMC::computeControls, t = 1.45675
[2023-03-11 03:07:21.861] [info] CMC::computeControls, t = 1.45775
[2023-03-11 03:07:21.885] [info] CMC::computeControls, t = 1.45875
[2023-03-11 03:07:21.910] [info] CMC::computeControls, t = 1.45975
[2023-03-11 03:07:21.947] [info] CMC::computeControls, t = 1.46075
[2023-03-11 03:07:21.965] [info] CMC::computeControls, t = 1.46175
[2023-03-11 03:07:21.981] [info] CMC::computeControls, t = 1.46275
[2023-03-11 03:07:22.004] [info] CMC::computeControls, t = 1.46375
[2023-03-11 03:07:22.034] [info] CMC::computeControls, t = 1.46475
[2023-03-11 03:07:22.059] [info] CMC::computeControls, t = 1.46575
[2023-03-11 03:07:22.081] [info] CMC::computeControls, t = 1.46675
[2023-03-11 03:07:22.121] [info] CMC::computeControls, t = 1.46775
[2023-03-11 03:07:22.146] [info] CMC::computeControls, t = 1.46875
[2023-03-11 03:07:22.188] [info] CMC::computeControls, t = 1.46975
[2023-03-11 03:07:22.225] [info] CMC::computeControls, t = 1.47075
[2023-03-11 03:07:22.249] [info] CMC::computeControls, t = 1.47175
[2023-03-11 03:07:22.267] [info] CMC::computeControls, t = 1.47275
[2023-03-11 03:07:22.306] [info] CMC::computeControls, t = 1.47375
[2023-03-11 03:07:22.344] [info] CMC::computeControls, t = 1.47475
[2023-03-11 03:07:22.365] [info] CMC::computeControls, t = 1.47575
[2023-03-11 03:07:22.404] [info] CMC::computeControls, t = 1.47675
[2023-03-11 03:07:22.420] [info] CMC::computeControls, t = 1.47775
[2023-03-11 03:07:22.446] [info] CMC::computeControls, t = 1.47875
[2023-03-11 03:07:22.462] [info] CMC::computeControls, t = 1.47975
[2023-03-11 03:07:22.489] [info] CMC::computeControls, t = 1.48075
[2023-03-11 03:07:22.509] [info] CMC::computeControls, t = 1.48175
[2023-03-11 03:07:22.544] [info] -------------------------------------------
[2023-03-11 03:07:22.544] [info] Finished tracking the specified kinematics:
[2023-03-11 03:07:22.544] [info] -------------------------------------------
[2023-03-11 03:07:22.544] [info]  -- Start time = Sat Mar 11 03:07:06 2023
[2023-03-11 03:07:22.544] [info]  -- Finish time = Sat Mar 11 03:07:22 2023
[2023-03-11 03:07:22.544] [info]  -- Elapsed time = 16.0 seconds.
[2023-03-11 03:07:22.544] [info] -------------------------------------------
[2023-03-11 03:07:22.545] [info] 
[2023-03-11 03:07:22.545] [info] Printing results of investigation subject19_run5_cycle2 to cycle2/
[2023-03-11 03:07:23.068] [info] 

************************************************************
*      Summary of Mass Adjustments to Reduce Residuals     *
************************************************************
* Body adjusted: torso
* Mass Center (COM) adjustment: dx =-0.1, dz =0.0288014
* New COM location: ~[0.0698621,0.321471,-0.0288014]
************************************************************
* Recommended mass adjustments:                             
*  Total mass change: 1.20051
*  pelvis: orig mass = 10.2057, new mass = 10.3938
*  femur_r: orig mass = 8.06037, new mass = 8.20893
*  tibia_r: orig mass = 3.21283, new mass = 3.27205
*  talus_r: orig mass = 0.0866576, new mass = 0.0882548
*  calcn_r: orig mass = 1.08322, new mass = 1.10319
*  toes_r: orig mass = 0.1877, new mass = 0.19116
*  femur_l: orig mass = 8.06037, new mass = 8.20893
*  tibia_l: orig mass = 3.21283, new mass = 3.27205
*  talus_l: orig mass = 0.0866576, new mass = 0.0882548
*  calcn_l: orig mass = 1.08322, new mass = 1.10319
*  toes_l: orig mass = 0.1877, new mass = 0.19116
*  torso: orig mass = 23.2473, new mass = 23.6758
*  humerus_r: orig mass = 1.76132, new mass = 1.79378
*  ulna_r: orig mass = 0.526445, new mass = 0.536148
*  radius_r: orig mass = 0.526445, new mass = 0.536148
*  hand_r: orig mass = 0.396459, new mass = 0.403766
*  humerus_l: orig mass = 1.76132, new mass = 1.79378
*  ulna_l: orig mass = 0.526445, new mass = 0.536148
*  radius_l: orig mass = 0.526445, new mass = 0.536148
*  hand_l: orig mass = 0.396459, new mass = 0.403766
************************************************************
* Note: Edit the model to make recommended adjustments to  *
*       mass properties.                                   *
************************************************************

* Average residuals before adjusting torso COM:
*  FX=1.27712 FY=-11.773 FZ=-4.1734
*  MX=-6.56609 MY=3.09802 MZ=-32.283
************************************************************
* Average residuals after adjusting torso COM:
*  FX=1.54459 FY=-12.2142 FZ=-2.6409
*  MX=2.30847 MY=1.43796 MZ=-11.5115
************************************************************


[2023-03-11 03:07:23.068] [info] 
************************************************************
*                   Final Average Residuals                *
************************************************************
* After torso COM and Kinematics adjustments:
*  FX=-0.14993 FY=-0.324939 FZ=-5.25396
*  MX=10.7038 MY=3.74828 MZ=-2.2769
************************************************************


