[2023-08-15 22:07:51.310] [info] Storage: read data file = ..\rra2\cycle3\subject03_run5_cycle3_iter2_Kinematics_q.sto (nr=675 nc=38)
[2023-08-15 22:07:51.354] [info] Storage: read data file = ..\rra2\cycle3\subject03_run5_cycle3_iter2_Kinematics_q.sto (nr=675 nc=38)
[2023-08-15 22:07:51.401] [info] AbstractTool subject03_run5_cycle3_iter3 loading model ..\rra2\cycle3\subject03_run5_cycle3_rraAdjusted_iter2.osim
[2023-08-15 22:07:51.442] [info] Loaded model subject03_scaled from file ..\rra2\cycle3\subject03_run5_cycle3_rraAdjusted_iter2.osim
[2023-08-15 22:07:51.472] [info] Adding force object set from ..\subject03_run5_RRA_Actuators.xml
[2023-08-15 22:07:51.478] [info] Running tool subject03_run5_cycle3_iter3.
[2023-08-15 22:07:51.489] [warning] ExternalLoads 'externalloads' has subcomponents with duplicate name 'externalforce'. The duplicate is being renamed to 'externalforce_0'.
[2023-08-15 22:07:51.502] [info] 	taskSet size = 29.
[2023-08-15 22:07:51.579] [info] ExternalForce::externalforce Data source being set to Run_500 03_newCOP3_v24.mot
[2023-08-15 22:07:51.579] [info] ExternalForce::externalforce_0 Data source being set to Run_500 03_newCOP3_v24.mot
[2023-08-15 22:07:51.585] [warning] A desired points file was not specified.
[2023-08-15 22:07:51.585] [info] Loading desired kinematics from file '..\rra2\cycle3\subject03_run5_cycle3_iter2_Kinematics_q.sto'...
[2023-08-15 22:07:51.585] [info] Storage: read data file = ..\rra2\cycle3\subject03_run5_cycle3_iter2_Kinematics_q.sto (nr=675 nc=38)
[2023-08-15 22:07:51.613] [info] Not filtering the desired kinematics.
[2023-08-15 22:07:51.613] [cout] [info] MODEL: subject03_scaled

numStates = 74
numCoordinates = 37
numSpeeds = 37
numActuators = 29
numBodies = 20
numConstraints = 0
numProbes = 0

ANALYSES (total: 0)

BODIES (total: 20)
body[0] = pelvis. mass: 10.124
              moments of inertia:  ~[0.106728,0.106728,0.0523826]
              products of inertia: ~[0,0,0]
body[1] = femur_r. mass: 7.99584
              moments of inertia:  ~[0.139404,0.0365429,0.147004]
              products of inertia: ~[0,0,0]
body[2] = tibia_r. mass: 3.18711
              moments of inertia:  ~[0.0484375,0.0041671,0.0484375]
              products of inertia: ~[0,0,0]
body[3] = talus_r. mass: 0.0859639
              moments of inertia:  ~[0.000953409,0.000953409,0.000953409]
              products of inertia: ~[0,0,0]
body[4] = calcn_r. mass: 1.07455
              moments of inertia:  ~[0.00133477,0.00371829,0.00390898]
              products of inertia: ~[0,0,0]
body[5] = toes_r. mass: 0.186198
              moments of inertia:  ~[9.53409e-05,0.000190682,0.000953409]
              products of inertia: ~[0,0,0]
body[6] = femur_l. mass: 7.99584
              moments of inertia:  ~[0.139404,0.0365429,0.147004]
              products of inertia: ~[0,0,0]
body[7] = tibia_l. mass: 3.18711
              moments of inertia:  ~[0.0484375,0.0041671,0.0484375]
              products of inertia: ~[0,0,0]
body[8] = talus_l. mass: 0.0859639
              moments of inertia:  ~[0.000953409,0.000953409,0.000953409]
              products of inertia: ~[0,0,0]
body[9] = calcn_l. mass: 1.07455
              moments of inertia:  ~[0.00133477,0.00371829,0.00390898]
              products of inertia: ~[0,0,0]
body[10] = toes_l. mass: 0.186198
              moments of inertia:  ~[9.53409e-05,0.000190682,0.000953409]
              products of inertia: ~[0,0,0]
body[11] = torso. mass: 23.0612
              moments of inertia:  ~[1.34416,0.688715,1.30487]
              products of inertia: ~[0,0,0]
body[12] = humerus_r. mass: 1.74722
              moments of inertia:  ~[0.0130498,0.00450178,0.014648]
              products of inertia: ~[0,0,0]
body[13] = ulna_r. mass: 0.522231
              moments of inertia:  ~[0.00303753,0.000633759,0.00329493]
              products of inertia: ~[0,0,0]
body[14] = radius_r. mass: 0.522231
              moments of inertia:  ~[0.00303753,0.000633759,0.00329493]
              products of inertia: ~[0,0,0]
body[15] = hand_r. mass: 0.393284
              moments of inertia:  ~[0.000914746,0.000560949,0.00137417]
              products of inertia: ~[0,0,0]
body[16] = humerus_l. mass: 1.74722
              moments of inertia:  ~[0.0130498,0.00450178,0.014648]
              products of inertia: ~[0,0,0]
body[17] = ulna_l. mass: 0.522231
              moments of inertia:  ~[0.00303753,0.000633759,0.00329493]
              products of inertia: ~[0,0,0]
body[18] = radius_l. mass: 0.522231
              moments of inertia:  ~[0.00303753,0.000633759,0.00329493]
              products of inertia: ~[0,0,0]
body[19] = hand_l. mass: 0.393284
              moments of inertia:  ~[0.000914746,0.000560949,0.00137417]
              products of inertia: ~[0,0,0]

JOINTS (total: 20)
joint[0] = ground_pelvis. parent: ground_offset, child: pelvis_offset
joint[1] = hip_r. parent: pelvis_offset, child: femur_r_offset
joint[2] = knee_r. parent: femur_r_offset, child: tibia_r_offset
joint[3] = ankle_r. parent: tibia_r_offset, child: talus_r_offset
joint[4] = subtalar_r. parent: talus_r_offset, child: calcn_r_offset
joint[5] = mtp_r. parent: calcn_r_offset, child: toes_r_offset
joint[6] = hip_l. parent: pelvis_offset, child: femur_l_offset
joint[7] = knee_l. parent: femur_l_offset, child: tibia_l_offset
joint[8] = ankle_l. parent: tibia_l_offset, child: talus_l_offset
joint[9] = subtalar_l. parent: talus_l_offset, child: calcn_l_offset
joint[10] = mtp_l. parent: calcn_l_offset, child: toes_l_offset
joint[11] = back. parent: pelvis_offset, child: torso_offset
joint[12] = acromial_r. parent: torso_offset, child: humerus_r_offset
joint[13] = elbow_r. parent: humerus_r_offset, child: ulna_r_offset
joint[14] = radioulnar_r. parent: ulna_r_offset, child: radius_r_offset
joint[15] = radius_hand_r. parent: radius_r_offset, child: hand_r_offset
joint[16] = acromial_l. parent: torso_offset, child: humerus_l_offset
joint[17] = elbow_l. parent: humerus_l_offset, child: ulna_l_offset
joint[18] = radioulnar_l. parent: ulna_l_offset, child: radius_l_offset
joint[19] = radius_hand_l. parent: radius_l_offset, child: hand_l_offset

ACTUATORS (total: 29)
actuator[0] = FX
actuator[1] = FY
actuator[2] = FZ
actuator[3] = MZ
actuator[4] = MX
actuator[5] = MY
actuator[6] = hip_flexion_r
actuator[7] = hip_adduction_r
actuator[8] = hip_rotation_r
actuator[9] = knee_angle_r
actuator[10] = ankle_angle_r
actuator[11] = hip_flexion_l
actuator[12] = hip_adduction_l
actuator[13] = hip_rotation_l
actuator[14] = knee_angle_l
actuator[15] = ankle_angle_l
actuator[16] = lumbar_extension
actuator[17] = lumbar_bending
actuator[18] = lumbar_rotation
actuator[19] = arm_flex_r
actuator[20] = arm_add_r
actuator[21] = arm_rot_r
actuator[22] = elbow_flex_r
actuator[23] = pro_sup_r
actuator[24] = arm_flex_l
actuator[25] = arm_add_l
actuator[26] = arm_rot_l
actuator[27] = elbow_flex_l
actuator[28] = pro_sup_l

STATES (total: 74)
y[0] = /jointset/ground_pelvis/pelvis_tilt/value
y[1] = /jointset/ground_pelvis/pelvis_tilt/speed
y[2] = /jointset/ground_pelvis/pelvis_list/value
y[3] = /jointset/ground_pelvis/pelvis_list/speed
y[4] = /jointset/ground_pelvis/pelvis_rotation/value
y[5] = /jointset/ground_pelvis/pelvis_rotation/speed
y[6] = /jointset/ground_pelvis/pelvis_tx/value
y[7] = /jointset/ground_pelvis/pelvis_tx/speed
y[8] = /jointset/ground_pelvis/pelvis_ty/value
y[9] = /jointset/ground_pelvis/pelvis_ty/speed
y[10] = /jointset/ground_pelvis/pelvis_tz/value
y[11] = /jointset/ground_pelvis/pelvis_tz/speed
y[12] = /jointset/hip_r/hip_flexion_r/value
y[13] = /jointset/hip_r/hip_flexion_r/speed
y[14] = /jointset/hip_r/hip_adduction_r/value
y[15] = /jointset/hip_r/hip_adduction_r/speed
y[16] = /jointset/hip_r/hip_rotation_r/value
y[17] = /jointset/hip_r/hip_rotation_r/speed
y[18] = /jointset/knee_r/knee_angle_r/value
y[19] = /jointset/knee_r/knee_angle_r/speed
y[20] = /jointset/ankle_r/ankle_angle_r/value
y[21] = /jointset/ankle_r/ankle_angle_r/speed
y[22] = /jointset/subtalar_r/subtalar_angle_r/value
y[23] = /jointset/subtalar_r/subtalar_angle_r/speed
y[24] = /jointset/mtp_r/mtp_angle_r/value
y[25] = /jointset/mtp_r/mtp_angle_r/speed
y[26] = /jointset/hip_l/hip_flexion_l/value
y[27] = /jointset/hip_l/hip_flexion_l/speed
y[28] = /jointset/hip_l/hip_adduction_l/value
y[29] = /jointset/hip_l/hip_adduction_l/speed
y[30] = /jointset/hip_l/hip_rotation_l/value
y[31] = /jointset/hip_l/hip_rotation_l/speed
y[32] = /jointset/knee_l/knee_angle_l/value
y[33] = /jointset/knee_l/knee_angle_l/speed
y[34] = /jointset/ankle_l/ankle_angle_l/value
y[35] = /jointset/ankle_l/ankle_angle_l/speed
y[36] = /jointset/subtalar_l/subtalar_angle_l/value
y[37] = /jointset/subtalar_l/subtalar_angle_l/speed
y[38] = /jointset/mtp_l/mtp_angle_l/value
y[39] = /jointset/mtp_l/mtp_angle_l/speed
y[40] = /jointset/back/lumbar_extension/value
y[41] = /jointset/back/lumbar_extension/speed
y[42] = /jointset/back/lumbar_bending/value
y[43] = /jointset/back/lumbar_bending/speed
y[44] = /jointset/back/lumbar_rotation/value
y[45] = /jointset/back/lumbar_rotation/speed
y[46] = /jointset/acromial_r/arm_flex_r/value
y[47] = /jointset/acromial_r/arm_flex_r/speed
y[48] = /jointset/acromial_r/arm_add_r/value
y[49] = /jointset/acromial_r/arm_add_r/speed
y[50] = /jointset/acromial_r/arm_rot_r/value
y[51] = /jointset/acromial_r/arm_rot_r/speed
y[52] = /jointset/elbow_r/elbow_flex_r/value
y[53] = /jointset/elbow_r/elbow_flex_r/speed
y[54] = /jointset/radioulnar_r/pro_sup_r/value
y[55] = /jointset/radioulnar_r/pro_sup_r/speed
y[56] = /jointset/radius_hand_r/wrist_flex_r/value
y[57] = /jointset/radius_hand_r/wrist_flex_r/speed
y[58] = /jointset/radius_hand_r/wrist_dev_r/value
y[59] = /jointset/radius_hand_r/wrist_dev_r/speed
y[60] = /jointset/acromial_l/arm_flex_l/value
y[61] = /jointset/acromial_l/arm_flex_l/speed
y[62] = /jointset/acromial_l/arm_add_l/value
y[63] = /jointset/acromial_l/arm_add_l/speed
y[64] = /jointset/acromial_l/arm_rot_l/value
y[65] = /jointset/acromial_l/arm_rot_l/speed
y[66] = /jointset/elbow_l/elbow_flex_l/value
y[67] = /jointset/elbow_l/elbow_flex_l/speed
y[68] = /jointset/radioulnar_l/pro_sup_l/value
y[69] = /jointset/radioulnar_l/pro_sup_l/speed
y[70] = /jointset/radius_hand_l/wrist_flex_l/value
y[71] = /jointset/radius_hand_l/wrist_flex_l/speed
y[72] = /jointset/radius_hand_l/wrist_dev_l/value
y[73] = /jointset/radius_hand_l/wrist_dev_l/speed

[2023-08-15 22:07:51.983] [warning] Coordinate.setValue:  coordinate subtalar_angle_r is locked. Unable to change its value.
[2023-08-15 22:07:51.983] [warning] Coordinate.setValue:  coordinate mtp_angle_r is locked. Unable to change its value.
[2023-08-15 22:07:51.983] [warning] Coordinate.setValue:  coordinate subtalar_angle_l is locked. Unable to change its value.
[2023-08-15 22:07:51.983] [warning] Coordinate.setValue:  coordinate mtp_angle_l is locked. Unable to change its value.
[2023-08-15 22:07:51.983] [warning] Coordinate.setValue:  coordinate wrist_flex_r is locked. Unable to change its value.
[2023-08-15 22:07:51.983] [warning] Coordinate.setValue:  coordinate wrist_dev_r is locked. Unable to change its value.
[2023-08-15 22:07:51.983] [warning] Coordinate.setValue:  coordinate wrist_flex_l is locked. Unable to change its value.
[2023-08-15 22:07:51.983] [warning] Coordinate.setValue:  coordinate wrist_dev_l is locked. Unable to change its value.
[2023-08-15 22:07:52.051] [info] Requested COM adjustment time range 1.544 to 2.1555, clamped to nearest available data times: 1.544 to 2.1555.
[2023-08-15 22:07:52.051] [info] Computing average residuals between 1.544 and 2.1555...
[2023-08-15 22:07:52.144] [info] ExternalForce::externalforce Data source being set to Run_500 03_newCOP3_v24.mot
[2023-08-15 22:07:52.144] [info] ExternalForce::externalforce_0 Data source being set to Run_500 03_newCOP3_v24.mot
[2023-08-15 22:07:52.219] [info] ExternalForce::externalforce Data source being set to Run_500 03_newCOP3_v24.mot
[2023-08-15 22:07:52.219] [info] ExternalForce::externalforce_0 Data source being set to Run_500 03_newCOP3_v24.mot
[2023-08-15 22:07:56.138] [info] ExternalForce::externalforce Data source being set to Run_500 03_newCOP3_v24.mot
[2023-08-15 22:07:56.139] [info] ExternalForce::externalforce_0 Data source being set to Run_500 03_newCOP3_v24.mot
[2023-08-15 22:07:56.143] [info] Computing average residuals between 1.544 and 2.1555...
[2023-08-15 22:07:56.235] [info] ExternalForce::externalforce Data source being set to Run_500 03_newCOP3_v24.mot
[2023-08-15 22:07:56.235] [info] ExternalForce::externalforce_0 Data source being set to Run_500 03_newCOP3_v24.mot
[2023-08-15 22:07:56.316] [info] ExternalForce::externalforce Data source being set to Run_500 03_newCOP3_v24.mot
[2023-08-15 22:07:56.316] [info] ExternalForce::externalforce_0 Data source being set to Run_500 03_newCOP3_v24.mot
[2023-08-15 22:08:00.274] [info] Constructing function set for tracking desired kinematics...
[2023-08-15 22:08:01.061] [warning] No Actuation analysis found in analysis set, adding one...
[2023-08-15 22:08:01.062] [warning] No Kinematics analysis found in analysis set, adding one...
[2023-08-15 22:08:01.064] [info] Using the generalized coordinates specified in '..\rra2\cycle3\subject03_run5_cycle3_iter2_Kinematics_q.sto' to set the initial configuration.
[2023-08-15 22:08:01.248] [info] Using IPOPT optimizer algorithm.
[2023-08-15 22:08:01.248] [info] Setting optimizer print level to 0.
[2023-08-15 22:08:01.248] [info] Setting optimizer convergence tolerance to 1.0e-05.
[2023-08-15 22:08:01.248] [info] Setting optimizer maximum iterations to 2000.
[2023-08-15 22:08:01.248] [info] Setting cmc controller to not use verbose printing.

[2023-08-15 22:08:01.248] [info] CMC::computeControls, t = 1.544
[2023-08-15 22:08:02.256] [info] --------------------------------------------
[2023-08-15 22:08:02.256] [info] Using CMC to track the specified kinematics:
[2023-08-15 22:08:02.256] [info] --------------------------------------------
[2023-08-15 22:08:02.256] [info]  -- Integrating from 1.544 to 2.1555
[2023-08-15 22:08:02.256] [info]  -- Start time = Tue Aug 15 22:08:02 2023
[2023-08-15 22:08:02.256] [info] --------------------------------------------
[2023-08-15 22:08:02.256] [info] 
[2023-08-15 22:08:02.263] [info] CMC::computeControls, t = 1.544
[2023-08-15 22:08:02.315] [info] CMC::computeControls, t = 1.545
[2023-08-15 22:08:02.316] [warning] Coordinate.setValue:  coordinate subtalar_angle_r is locked. Unable to change its value.
[2023-08-15 22:08:02.316] [warning] Coordinate.setValue:  coordinate mtp_angle_r is locked. Unable to change its value.
[2023-08-15 22:08:02.316] [warning] Coordinate.setValue:  coordinate subtalar_angle_l is locked. Unable to change its value.
[2023-08-15 22:08:02.316] [warning] Coordinate.setValue:  coordinate mtp_angle_l is locked. Unable to change its value.
[2023-08-15 22:08:02.316] [warning] Coordinate.setValue:  coordinate wrist_flex_r is locked. Unable to change its value.
[2023-08-15 22:08:02.316] [warning] Coordinate.setValue:  coordinate wrist_dev_r is locked. Unable to change its value.
[2023-08-15 22:08:02.316] [warning] Coordinate.setValue:  coordinate wrist_flex_l is locked. Unable to change its value.
[2023-08-15 22:08:02.316] [warning] Coordinate.setValue:  coordinate wrist_dev_l is locked. Unable to change its value.
[2023-08-15 22:08:02.339] [info] CMC::computeControls, t = 1.546
[2023-08-15 22:08:02.365] [info] CMC::computeControls, t = 1.547
[2023-08-15 22:08:02.382] [info] CMC::computeControls, t = 1.548
[2023-08-15 22:08:02.415] [info] CMC::computeControls, t = 1.549
[2023-08-15 22:08:02.440] [info] CMC::computeControls, t = 1.55
[2023-08-15 22:08:02.467] [info] CMC::computeControls, t = 1.551
[2023-08-15 22:08:02.483] [info] CMC::computeControls, t = 1.552
[2023-08-15 22:08:02.504] [info] CMC::computeControls, t = 1.553
[2023-08-15 22:08:02.519] [info] CMC::computeControls, t = 1.554
[2023-08-15 22:08:02.535] [info] CMC::computeControls, t = 1.555
[2023-08-15 22:08:02.550] [info] CMC::computeControls, t = 1.556
[2023-08-15 22:08:02.576] [info] CMC::computeControls, t = 1.557
[2023-08-15 22:08:02.601] [info] CMC::computeControls, t = 1.558
[2023-08-15 22:08:02.623] [info] CMC::computeControls, t = 1.559
[2023-08-15 22:08:02.646] [info] CMC::computeControls, t = 1.56
[2023-08-15 22:08:02.669] [info] CMC::computeControls, t = 1.561
[2023-08-15 22:08:02.687] [info] CMC::computeControls, t = 1.562
[2023-08-15 22:08:02.713] [info] CMC::computeControls, t = 1.563
[2023-08-15 22:08:02.750] [info] CMC::computeControls, t = 1.564
[2023-08-15 22:08:02.766] [info] CMC::computeControls, t = 1.565
[2023-08-15 22:08:02.793] [info] CMC::computeControls, t = 1.566
[2023-08-15 22:08:02.810] [info] CMC::computeControls, t = 1.567
[2023-08-15 22:08:02.833] [info] CMC::computeControls, t = 1.568
[2023-08-15 22:08:02.871] [info] CMC::computeControls, t = 1.569
[2023-08-15 22:08:02.899] [info] CMC::computeControls, t = 1.57
[2023-08-15 22:08:02.916] [info] CMC::computeControls, t = 1.571
[2023-08-15 22:08:02.939] [info] CMC::computeControls, t = 1.572
[2023-08-15 22:08:02.960] [info] CMC::computeControls, t = 1.573
[2023-08-15 22:08:02.979] [info] CMC::computeControls, t = 1.574
[2023-08-15 22:08:02.999] [info] CMC::computeControls, t = 1.575
[2023-08-15 22:08:03.018] [info] CMC::computeControls, t = 1.576
[2023-08-15 22:08:03.048] [info] CMC::computeControls, t = 1.577
[2023-08-15 22:08:03.064] [info] CMC::computeControls, t = 1.578
[2023-08-15 22:08:03.096] [info] CMC::computeControls, t = 1.579
[2023-08-15 22:08:03.124] [info] CMC::computeControls, t = 1.58
[2023-08-15 22:08:03.157] [info] CMC::computeControls, t = 1.581
[2023-08-15 22:08:03.180] [info] CMC::computeControls, t = 1.582
[2023-08-15 22:08:03.202] [info] CMC::computeControls, t = 1.583
[2023-08-15 22:08:03.240] [info] CMC::computeControls, t = 1.584
[2023-08-15 22:08:03.262] [info] CMC::computeControls, t = 1.585
[2023-08-15 22:08:03.294] [info] CMC::computeControls, t = 1.586
[2023-08-15 22:08:03.325] [info] CMC::computeControls, t = 1.587
[2023-08-15 22:08:03.363] [info] CMC::computeControls, t = 1.588
[2023-08-15 22:08:03.390] [info] CMC::computeControls, t = 1.589
[2023-08-15 22:08:03.414] [info] CMC::computeControls, t = 1.59
[2023-08-15 22:08:03.436] [info] CMC::computeControls, t = 1.591
[2023-08-15 22:08:03.470] [info] CMC::computeControls, t = 1.592
[2023-08-15 22:08:03.504] [info] CMC::computeControls, t = 1.593
[2023-08-15 22:08:03.528] [info] CMC::computeControls, t = 1.594
[2023-08-15 22:08:03.553] [info] CMC::computeControls, t = 1.595
[2023-08-15 22:08:03.582] [info] CMC::computeControls, t = 1.596
[2023-08-15 22:08:03.609] [info] CMC::computeControls, t = 1.597
[2023-08-15 22:08:03.642] [info] CMC::computeControls, t = 1.598
[2023-08-15 22:08:03.660] [info] CMC::computeControls, t = 1.599
[2023-08-15 22:08:03.683] [info] CMC::computeControls, t = 1.6
[2023-08-15 22:08:03.704] [info] CMC::computeControls, t = 1.60100
[2023-08-15 22:08:03.724] [info] CMC::computeControls, t = 1.60200
[2023-08-15 22:08:03.742] [info] CMC::computeControls, t = 1.60300
[2023-08-15 22:08:03.758] [info] CMC::computeControls, t = 1.60400
[2023-08-15 22:08:03.774] [info] CMC::computeControls, t = 1.60500
[2023-08-15 22:08:03.796] [info] CMC::computeControls, t = 1.60600
[2023-08-15 22:08:03.817] [info] CMC::computeControls, t = 1.60700
[2023-08-15 22:08:03.834] [info] CMC::computeControls, t = 1.60800
[2023-08-15 22:08:03.856] [info] CMC::computeControls, t = 1.60900
[2023-08-15 22:08:03.885] [info] CMC::computeControls, t = 1.61
[2023-08-15 22:08:03.915] [info] CMC::computeControls, t = 1.611
[2023-08-15 22:08:03.935] [info] CMC::computeControls, t = 1.612
[2023-08-15 22:08:03.963] [info] CMC::computeControls, t = 1.613
[2023-08-15 22:08:03.990] [info] CMC::computeControls, t = 1.614
[2023-08-15 22:08:04.018] [info] CMC::computeControls, t = 1.615
[2023-08-15 22:08:04.035] [info] CMC::computeControls, t = 1.616
[2023-08-15 22:08:04.063] [info] CMC::computeControls, t = 1.617
[2023-08-15 22:08:04.095] [info] CMC::computeControls, t = 1.618
[2023-08-15 22:08:04.112] [info] CMC::computeControls, t = 1.619
[2023-08-15 22:08:04.132] [info] CMC::computeControls, t = 1.62
[2023-08-15 22:08:04.157] [info] CMC::computeControls, t = 1.621
[2023-08-15 22:08:04.177] [info] CMC::computeControls, t = 1.622
[2023-08-15 22:08:04.202] [info] CMC::computeControls, t = 1.623
[2023-08-15 22:08:04.241] [info] CMC::computeControls, t = 1.624
[2023-08-15 22:08:04.263] [info] CMC::computeControls, t = 1.625
[2023-08-15 22:08:04.286] [info] CMC::computeControls, t = 1.626
[2023-08-15 22:08:04.301] [info] CMC::computeControls, t = 1.627
[2023-08-15 22:08:04.319] [info] CMC::computeControls, t = 1.628
[2023-08-15 22:08:04.341] [info] CMC::computeControls, t = 1.629
[2023-08-15 22:08:04.385] [info] CMC::computeControls, t = 1.63
[2023-08-15 22:08:04.428] [info] CMC::computeControls, t = 1.631
[2023-08-15 22:08:04.452] [info] CMC::computeControls, t = 1.632
[2023-08-15 22:08:04.481] [info] CMC::computeControls, t = 1.633
[2023-08-15 22:08:04.511] [info] CMC::computeControls, t = 1.634
[2023-08-15 22:08:04.542] [info] CMC::computeControls, t = 1.635
[2023-08-15 22:08:04.564] [info] CMC::computeControls, t = 1.636
[2023-08-15 22:08:04.592] [info] CMC::computeControls, t = 1.637
[2023-08-15 22:08:04.620] [info] CMC::computeControls, t = 1.638
[2023-08-15 22:08:04.650] [info] CMC::computeControls, t = 1.639
[2023-08-15 22:08:04.679] [info] CMC::computeControls, t = 1.64
[2023-08-15 22:08:04.721] [info] CMC::computeControls, t = 1.641
[2023-08-15 22:08:04.772] [info] CMC::computeControls, t = 1.642
[2023-08-15 22:08:04.818] [info] CMC::computeControls, t = 1.643
[2023-08-15 22:08:04.845] [info] CMC::computeControls, t = 1.644
[2023-08-15 22:08:04.873] [info] CMC::computeControls, t = 1.645
[2023-08-15 22:08:04.907] [info] CMC::computeControls, t = 1.646
[2023-08-15 22:08:04.935] [info] CMC::computeControls, t = 1.647
[2023-08-15 22:08:04.954] [info] CMC::computeControls, t = 1.648
[2023-08-15 22:08:04.987] [info] CMC::computeControls, t = 1.649
[2023-08-15 22:08:05.003] [info] CMC::computeControls, t = 1.65
[2023-08-15 22:08:05.030] [info] CMC::computeControls, t = 1.651
[2023-08-15 22:08:05.052] [info] CMC::computeControls, t = 1.652
[2023-08-15 22:08:05.075] [info] CMC::computeControls, t = 1.653
[2023-08-15 22:08:05.107] [info] CMC::computeControls, t = 1.654
[2023-08-15 22:08:05.126] [info] CMC::computeControls, t = 1.655
[2023-08-15 22:08:05.153] [info] CMC::computeControls, t = 1.656
[2023-08-15 22:08:05.179] [info] CMC::computeControls, t = 1.657
[2023-08-15 22:08:05.203] [info] CMC::computeControls, t = 1.658
[2023-08-15 22:08:05.220] [info] CMC::computeControls, t = 1.659
[2023-08-15 22:08:05.243] [info] CMC::computeControls, t = 1.66
[2023-08-15 22:08:05.260] [info] CMC::computeControls, t = 1.661
[2023-08-15 22:08:05.275] [info] CMC::computeControls, t = 1.662
[2023-08-15 22:08:05.294] [info] CMC::computeControls, t = 1.663
[2023-08-15 22:08:05.311] [info] CMC::computeControls, t = 1.664
[2023-08-15 22:08:05.329] [info] CMC::computeControls, t = 1.665
[2023-08-15 22:08:05.367] [info] CMC::computeControls, t = 1.666
[2023-08-15 22:08:05.384] [info] CMC::computeControls, t = 1.667
[2023-08-15 22:08:05.399] [info] CMC::computeControls, t = 1.668
[2023-08-15 22:08:05.414] [info] CMC::computeControls, t = 1.669
[2023-08-15 22:08:05.441] [info] CMC::computeControls, t = 1.67
[2023-08-15 22:08:05.471] [info] CMC::computeControls, t = 1.671
[2023-08-15 22:08:05.487] [info] CMC::computeControls, t = 1.672
[2023-08-15 22:08:05.511] [info] CMC::computeControls, t = 1.673
[2023-08-15 22:08:05.533] [info] CMC::computeControls, t = 1.674
[2023-08-15 22:08:05.560] [info] CMC::computeControls, t = 1.675
[2023-08-15 22:08:05.585] [info] CMC::computeControls, t = 1.676
[2023-08-15 22:08:05.615] [info] CMC::computeControls, t = 1.677
[2023-08-15 22:08:05.639] [info] CMC::computeControls, t = 1.678
[2023-08-15 22:08:05.659] [info] CMC::computeControls, t = 1.679
[2023-08-15 22:08:05.693] [info] CMC::computeControls, t = 1.68
[2023-08-15 22:08:05.709] [info] CMC::computeControls, t = 1.681
[2023-08-15 22:08:05.742] [info] CMC::computeControls, t = 1.682
[2023-08-15 22:08:05.772] [info] CMC::computeControls, t = 1.683
[2023-08-15 22:08:05.787] [info] CMC::computeControls, t = 1.684
[2023-08-15 22:08:05.813] [info] CMC::computeControls, t = 1.685
[2023-08-15 22:08:05.846] [info] CMC::computeControls, t = 1.686
[2023-08-15 22:08:05.862] [info] CMC::computeControls, t = 1.687
[2023-08-15 22:08:05.884] [info] CMC::computeControls, t = 1.688
[2023-08-15 22:08:05.902] [info] CMC::computeControls, t = 1.689
[2023-08-15 22:08:05.929] [info] CMC::computeControls, t = 1.69
[2023-08-15 22:08:05.960] [info] CMC::computeControls, t = 1.691
[2023-08-15 22:08:05.977] [info] CMC::computeControls, t = 1.692
[2023-08-15 22:08:05.999] [info] CMC::computeControls, t = 1.693
[2023-08-15 22:08:06.015] [info] CMC::computeControls, t = 1.694
[2023-08-15 22:08:06.031] [info] CMC::computeControls, t = 1.695
[2023-08-15 22:08:06.052] [info] CMC::computeControls, t = 1.696
[2023-08-15 22:08:06.070] [info] CMC::computeControls, t = 1.697
[2023-08-15 22:08:06.085] [info] CMC::computeControls, t = 1.698
[2023-08-15 22:08:06.108] [info] CMC::computeControls, t = 1.699
[2023-08-15 22:08:06.131] [info] CMC::computeControls, t = 1.7
[2023-08-15 22:08:06.148] [info] CMC::computeControls, t = 1.70100
[2023-08-15 22:08:06.166] [info] CMC::computeControls, t = 1.70200
[2023-08-15 22:08:06.182] [info] CMC::computeControls, t = 1.70300
[2023-08-15 22:08:06.208] [info] CMC::computeControls, t = 1.70400
[2023-08-15 22:08:06.238] [info] CMC::computeControls, t = 1.70500
[2023-08-15 22:08:06.275] [info] CMC::computeControls, t = 1.70600
[2023-08-15 22:08:06.303] [info] CMC::computeControls, t = 1.70700
[2023-08-15 22:08:06.320] [info] CMC::computeControls, t = 1.70800
[2023-08-15 22:08:06.359] [info] CMC::computeControls, t = 1.70900
[2023-08-15 22:08:06.392] [info] CMC::computeControls, t = 1.71
[2023-08-15 22:08:06.417] [info] CMC::computeControls, t = 1.711
[2023-08-15 22:08:06.434] [info] CMC::computeControls, t = 1.712
[2023-08-15 22:08:06.460] [info] CMC::computeControls, t = 1.713
[2023-08-15 22:08:06.476] [info] CMC::computeControls, t = 1.714
[2023-08-15 22:08:06.494] [info] CMC::computeControls, t = 1.715
[2023-08-15 22:08:06.522] [info] CMC::computeControls, t = 1.716
[2023-08-15 22:08:06.543] [info] CMC::computeControls, t = 1.717
[2023-08-15 22:08:06.559] [info] CMC::computeControls, t = 1.718
[2023-08-15 22:08:06.584] [info] CMC::computeControls, t = 1.719
[2023-08-15 22:08:06.602] [info] CMC::computeControls, t = 1.72
[2023-08-15 22:08:06.635] [info] CMC::computeControls, t = 1.721
[2023-08-15 22:08:06.664] [info] CMC::computeControls, t = 1.722
[2023-08-15 22:08:06.692] [info] CMC::computeControls, t = 1.723
[2023-08-15 22:08:06.718] [info] CMC::computeControls, t = 1.724
[2023-08-15 22:08:06.741] [info] CMC::computeControls, t = 1.725
[2023-08-15 22:08:06.764] [info] CMC::computeControls, t = 1.726
[2023-08-15 22:08:06.787] [info] CMC::computeControls, t = 1.727
[2023-08-15 22:08:06.823] [info] CMC::computeControls, t = 1.728
[2023-08-15 22:08:06.857] [info] CMC::computeControls, t = 1.729
[2023-08-15 22:08:06.896] [info] CMC::computeControls, t = 1.73
[2023-08-15 22:08:06.928] [info] CMC::computeControls, t = 1.731
[2023-08-15 22:08:06.963] [info] CMC::computeControls, t = 1.732
[2023-08-15 22:08:06.981] [info] CMC::computeControls, t = 1.733
[2023-08-15 22:08:07.016] [info] CMC::computeControls, t = 1.734
[2023-08-15 22:08:07.051] [info] CMC::computeControls, t = 1.735
[2023-08-15 22:08:07.086] [info] CMC::computeControls, t = 1.736
[2023-08-15 22:08:07.117] [info] CMC::computeControls, t = 1.737
[2023-08-15 22:08:07.132] [info] CMC::computeControls, t = 1.738
[2023-08-15 22:08:07.150] [info] CMC::computeControls, t = 1.739
[2023-08-15 22:08:07.187] [info] CMC::computeControls, t = 1.74
[2023-08-15 22:08:07.215] [info] CMC::computeControls, t = 1.741
[2023-08-15 22:08:07.231] [info] CMC::computeControls, t = 1.742
[2023-08-15 22:08:07.252] [info] CMC::computeControls, t = 1.743
[2023-08-15 22:08:07.268] [info] CMC::computeControls, t = 1.744
[2023-08-15 22:08:07.283] [info] CMC::computeControls, t = 1.745
[2023-08-15 22:08:07.299] [info] CMC::computeControls, t = 1.746
[2023-08-15 22:08:07.323] [info] CMC::computeControls, t = 1.747
[2023-08-15 22:08:07.339] [info] CMC::computeControls, t = 1.748
[2023-08-15 22:08:07.354] [info] CMC::computeControls, t = 1.749
[2023-08-15 22:08:07.378] [info] CMC::computeControls, t = 1.75
[2023-08-15 22:08:07.403] [info] CMC::computeControls, t = 1.751
[2023-08-15 22:08:07.433] [info] CMC::computeControls, t = 1.752
[2023-08-15 22:08:07.450] [info] CMC::computeControls, t = 1.753
[2023-08-15 22:08:07.478] [info] CMC::computeControls, t = 1.754
[2023-08-15 22:08:07.501] [info] CMC::computeControls, t = 1.755
[2023-08-15 22:08:07.526] [info] CMC::computeControls, t = 1.756
[2023-08-15 22:08:07.545] [info] CMC::computeControls, t = 1.757
[2023-08-15 22:08:07.561] [info] CMC::computeControls, t = 1.758
[2023-08-15 22:08:07.576] [info] CMC::computeControls, t = 1.759
[2023-08-15 22:08:07.606] [info] CMC::computeControls, t = 1.76
[2023-08-15 22:08:07.646] [info] CMC::computeControls, t = 1.761
[2023-08-15 22:08:07.669] [info] CMC::computeControls, t = 1.762
[2023-08-15 22:08:07.699] [info] CMC::computeControls, t = 1.763
[2023-08-15 22:08:07.726] [info] CMC::computeControls, t = 1.764
[2023-08-15 22:08:07.760] [info] CMC::computeControls, t = 1.765
[2023-08-15 22:08:07.775] [info] CMC::computeControls, t = 1.766
[2023-08-15 22:08:07.791] [info] CMC::computeControls, t = 1.767
[2023-08-15 22:08:07.806] [info] CMC::computeControls, t = 1.768
[2023-08-15 22:08:07.821] [info] CMC::computeControls, t = 1.769
[2023-08-15 22:08:07.836] [info] CMC::computeControls, t = 1.77
[2023-08-15 22:08:07.851] [info] CMC::computeControls, t = 1.771
[2023-08-15 22:08:07.869] [info] CMC::computeControls, t = 1.772
[2023-08-15 22:08:07.894] [info] CMC::computeControls, t = 1.773
[2023-08-15 22:08:07.933] [info] CMC::computeControls, t = 1.774
[2023-08-15 22:08:07.969] [info] CMC::computeControls, t = 1.775
[2023-08-15 22:08:07.988] [info] CMC::computeControls, t = 1.776
[2023-08-15 22:08:08.003] [info] CMC::computeControls, t = 1.777
[2023-08-15 22:08:08.042] [info] CMC::computeControls, t = 1.778
[2023-08-15 22:08:08.069] [info] CMC::computeControls, t = 1.779
[2023-08-15 22:08:08.099] [info] CMC::computeControls, t = 1.78
[2023-08-15 22:08:08.120] [info] CMC::computeControls, t = 1.781
[2023-08-15 22:08:08.137] [info] CMC::computeControls, t = 1.782
[2023-08-15 22:08:08.152] [info] CMC::computeControls, t = 1.783
[2023-08-15 22:08:08.180] [info] CMC::computeControls, t = 1.784
[2023-08-15 22:08:08.217] [info] CMC::computeControls, t = 1.785
[2023-08-15 22:08:08.236] [info] CMC::computeControls, t = 1.786
[2023-08-15 22:08:08.254] [info] CMC::computeControls, t = 1.787
[2023-08-15 22:08:08.276] [info] CMC::computeControls, t = 1.788
[2023-08-15 22:08:08.296] [info] CMC::computeControls, t = 1.789
[2023-08-15 22:08:08.328] [info] CMC::computeControls, t = 1.79
[2023-08-15 22:08:08.346] [info] CMC::computeControls, t = 1.791
[2023-08-15 22:08:08.366] [info] CMC::computeControls, t = 1.792
[2023-08-15 22:08:08.385] [info] CMC::computeControls, t = 1.793
[2023-08-15 22:08:08.413] [info] CMC::computeControls, t = 1.794
[2023-08-15 22:08:08.438] [info] CMC::computeControls, t = 1.795
[2023-08-15 22:08:08.459] [info] CMC::computeControls, t = 1.796
[2023-08-15 22:08:08.480] [info] CMC::computeControls, t = 1.797
[2023-08-15 22:08:08.499] [info] CMC::computeControls, t = 1.798
[2023-08-15 22:08:08.526] [info] CMC::computeControls, t = 1.799
[2023-08-15 22:08:08.559] [info] CMC::computeControls, t = 1.8
[2023-08-15 22:08:08.584] [info] CMC::computeControls, t = 1.80100
[2023-08-15 22:08:08.625] [info] CMC::computeControls, t = 1.80200
[2023-08-15 22:08:08.662] [info] CMC::computeControls, t = 1.80300
[2023-08-15 22:08:08.679] [info] CMC::computeControls, t = 1.80400
[2023-08-15 22:08:08.694] [info] CMC::computeControls, t = 1.80500
[2023-08-15 22:08:08.713] [info] CMC::computeControls, t = 1.80600
[2023-08-15 22:08:08.731] [info] CMC::computeControls, t = 1.80700
[2023-08-15 22:08:08.759] [info] CMC::computeControls, t = 1.80800
[2023-08-15 22:08:08.790] [info] CMC::computeControls, t = 1.80900
[2023-08-15 22:08:08.807] [info] CMC::computeControls, t = 1.81
[2023-08-15 22:08:08.823] [info] CMC::computeControls, t = 1.811
[2023-08-15 22:08:08.842] [info] CMC::computeControls, t = 1.812
[2023-08-15 22:08:08.866] [info] CMC::computeControls, t = 1.813
[2023-08-15 22:08:08.890] [info] CMC::computeControls, t = 1.814
[2023-08-15 22:08:08.916] [info] CMC::computeControls, t = 1.815
[2023-08-15 22:08:08.936] [info] CMC::computeControls, t = 1.816
[2023-08-15 22:08:08.970] [info] CMC::computeControls, t = 1.817
[2023-08-15 22:08:09.003] [info] CMC::computeControls, t = 1.818
[2023-08-15 22:08:09.028] [info] CMC::computeControls, t = 1.819
[2023-08-15 22:08:09.046] [info] CMC::computeControls, t = 1.82
[2023-08-15 22:08:09.070] [info] CMC::computeControls, t = 1.821
[2023-08-15 22:08:09.086] [info] CMC::computeControls, t = 1.822
[2023-08-15 22:08:09.105] [info] CMC::computeControls, t = 1.823
[2023-08-15 22:08:09.124] [info] CMC::computeControls, t = 1.824
[2023-08-15 22:08:09.139] [info] CMC::computeControls, t = 1.825
[2023-08-15 22:08:09.162] [info] CMC::computeControls, t = 1.826
[2023-08-15 22:08:09.188] [info] CMC::computeControls, t = 1.827
[2023-08-15 22:08:09.219] [info] CMC::computeControls, t = 1.828
[2023-08-15 22:08:09.235] [info] CMC::computeControls, t = 1.829
[2023-08-15 22:08:09.262] [info] CMC::computeControls, t = 1.83
[2023-08-15 22:08:09.278] [info] CMC::computeControls, t = 1.831
[2023-08-15 22:08:09.313] [info] CMC::computeControls, t = 1.832
[2023-08-15 22:08:09.329] [info] CMC::computeControls, t = 1.833
[2023-08-15 22:08:09.351] [info] CMC::computeControls, t = 1.834
[2023-08-15 22:08:09.380] [info] CMC::computeControls, t = 1.835
[2023-08-15 22:08:09.405] [info] CMC::computeControls, t = 1.836
[2023-08-15 22:08:09.423] [info] CMC::computeControls, t = 1.837
[2023-08-15 22:08:09.448] [info] CMC::computeControls, t = 1.838
[2023-08-15 22:08:09.464] [info] CMC::computeControls, t = 1.839
[2023-08-15 22:08:09.487] [info] CMC::computeControls, t = 1.84
[2023-08-15 22:08:09.510] [info] CMC::computeControls, t = 1.841
[2023-08-15 22:08:09.533] [info] CMC::computeControls, t = 1.842
[2023-08-15 22:08:09.558] [info] CMC::computeControls, t = 1.843
[2023-08-15 22:08:09.579] [info] CMC::computeControls, t = 1.844
[2023-08-15 22:08:09.597] [info] CMC::computeControls, t = 1.845
[2023-08-15 22:08:09.616] [info] CMC::computeControls, t = 1.846
[2023-08-15 22:08:09.635] [info] CMC::computeControls, t = 1.847
[2023-08-15 22:08:09.654] [info] CMC::computeControls, t = 1.848
[2023-08-15 22:08:09.669] [info] CMC::computeControls, t = 1.849
[2023-08-15 22:08:09.690] [info] CMC::computeControls, t = 1.85
[2023-08-15 22:08:09.705] [info] CMC::computeControls, t = 1.851
[2023-08-15 22:08:09.731] [info] CMC::computeControls, t = 1.852
[2023-08-15 22:08:09.761] [info] CMC::computeControls, t = 1.853
[2023-08-15 22:08:09.792] [info] CMC::computeControls, t = 1.854
[2023-08-15 22:08:09.830] [info] CMC::computeControls, t = 1.855
[2023-08-15 22:08:09.876] [info] CMC::computeControls, t = 1.856
[2023-08-15 22:08:09.925] [info] CMC::computeControls, t = 1.857
[2023-08-15 22:08:09.955] [info] CMC::computeControls, t = 1.858
[2023-08-15 22:08:09.984] [info] CMC::computeControls, t = 1.859
[2023-08-15 22:08:10.020] [info] CMC::computeControls, t = 1.86
[2023-08-15 22:08:10.045] [info] CMC::computeControls, t = 1.861
[2023-08-15 22:08:10.065] [info] CMC::computeControls, t = 1.862
[2023-08-15 22:08:10.100] [info] CMC::computeControls, t = 1.863
[2023-08-15 22:08:10.123] [info] CMC::computeControls, t = 1.864
[2023-08-15 22:08:10.139] [info] CMC::computeControls, t = 1.865
[2023-08-15 22:08:10.155] [info] CMC::computeControls, t = 1.866
[2023-08-15 22:08:10.173] [info] CMC::computeControls, t = 1.867
[2023-08-15 22:08:10.200] [info] CMC::computeControls, t = 1.868
[2023-08-15 22:08:10.215] [info] CMC::computeControls, t = 1.869
[2023-08-15 22:08:10.244] [info] CMC::computeControls, t = 1.87
[2023-08-15 22:08:10.282] [info] CMC::computeControls, t = 1.871
[2023-08-15 22:08:10.318] [info] CMC::computeControls, t = 1.872
[2023-08-15 22:08:10.341] [info] CMC::computeControls, t = 1.873
[2023-08-15 22:08:10.375] [info] CMC::computeControls, t = 1.874
[2023-08-15 22:08:10.415] [info] CMC::computeControls, t = 1.875
[2023-08-15 22:08:10.450] [info] CMC::computeControls, t = 1.876
[2023-08-15 22:08:10.472] [info] CMC::computeControls, t = 1.877
[2023-08-15 22:08:10.512] [info] CMC::computeControls, t = 1.878
[2023-08-15 22:08:10.542] [info] CMC::computeControls, t = 1.879
[2023-08-15 22:08:10.557] [info] CMC::computeControls, t = 1.88
[2023-08-15 22:08:10.583] [info] CMC::computeControls, t = 1.881
[2023-08-15 22:08:10.601] [info] CMC::computeControls, t = 1.882
[2023-08-15 22:08:10.617] [info] CMC::computeControls, t = 1.883
[2023-08-15 22:08:10.652] [info] CMC::computeControls, t = 1.884
[2023-08-15 22:08:10.689] [info] CMC::computeControls, t = 1.885
[2023-08-15 22:08:10.711] [info] CMC::computeControls, t = 1.886
[2023-08-15 22:08:10.742] [info] CMC::computeControls, t = 1.887
[2023-08-15 22:08:10.781] [info] CMC::computeControls, t = 1.888
[2023-08-15 22:08:10.814] [info] CMC::computeControls, t = 1.889
[2023-08-15 22:08:10.837] [info] CMC::computeControls, t = 1.89
[2023-08-15 22:08:10.859] [info] CMC::computeControls, t = 1.891
[2023-08-15 22:08:10.888] [info] CMC::computeControls, t = 1.892
[2023-08-15 22:08:10.911] [info] CMC::computeControls, t = 1.893
[2023-08-15 22:08:10.935] [info] CMC::computeControls, t = 1.894
[2023-08-15 22:08:10.968] [info] CMC::computeControls, t = 1.895
[2023-08-15 22:08:11.000] [info] CMC::computeControls, t = 1.896
[2023-08-15 22:08:11.025] [info] CMC::computeControls, t = 1.897
[2023-08-15 22:08:11.054] [info] CMC::computeControls, t = 1.898
[2023-08-15 22:08:11.078] [info] CMC::computeControls, t = 1.899
[2023-08-15 22:08:11.101] [info] CMC::computeControls, t = 1.9
[2023-08-15 22:08:11.142] [info] CMC::computeControls, t = 1.90100
[2023-08-15 22:08:11.167] [info] CMC::computeControls, t = 1.90200
[2023-08-15 22:08:11.192] [info] CMC::computeControls, t = 1.90300
[2023-08-15 22:08:11.219] [info] CMC::computeControls, t = 1.90400
[2023-08-15 22:08:11.237] [info] CMC::computeControls, t = 1.90500
[2023-08-15 22:08:11.272] [info] CMC::computeControls, t = 1.90600
[2023-08-15 22:08:11.301] [info] CMC::computeControls, t = 1.90700
[2023-08-15 22:08:11.324] [info] CMC::computeControls, t = 1.90800
[2023-08-15 22:08:11.341] [info] CMC::computeControls, t = 1.90900
[2023-08-15 22:08:11.356] [info] CMC::computeControls, t = 1.91
[2023-08-15 22:08:11.372] [info] CMC::computeControls, t = 1.911
[2023-08-15 22:08:11.387] [info] CMC::computeControls, t = 1.912
[2023-08-15 22:08:11.414] [info] CMC::computeControls, t = 1.913
[2023-08-15 22:08:11.430] [info] CMC::computeControls, t = 1.914
[2023-08-15 22:08:11.445] [info] CMC::computeControls, t = 1.915
[2023-08-15 22:08:11.466] [info] CMC::computeControls, t = 1.916
[2023-08-15 22:08:11.494] [info] CMC::computeControls, t = 1.917
[2023-08-15 22:08:11.518] [info] CMC::computeControls, t = 1.918
[2023-08-15 22:08:11.537] [info] CMC::computeControls, t = 1.919
[2023-08-15 22:08:11.563] [info] CMC::computeControls, t = 1.92
[2023-08-15 22:08:11.584] [info] CMC::computeControls, t = 1.921
[2023-08-15 22:08:11.611] [info] CMC::computeControls, t = 1.922
[2023-08-15 22:08:11.627] [info] CMC::computeControls, t = 1.923
[2023-08-15 22:08:11.649] [info] CMC::computeControls, t = 1.924
[2023-08-15 22:08:11.675] [info] CMC::computeControls, t = 1.925
[2023-08-15 22:08:11.691] [info] CMC::computeControls, t = 1.926
[2023-08-15 22:08:11.713] [info] CMC::computeControls, t = 1.927
[2023-08-15 22:08:11.729] [info] CMC::computeControls, t = 1.928
[2023-08-15 22:08:11.748] [info] CMC::computeControls, t = 1.929
[2023-08-15 22:08:11.769] [info] CMC::computeControls, t = 1.93
[2023-08-15 22:08:11.803] [info] CMC::computeControls, t = 1.931
[2023-08-15 22:08:11.831] [info] CMC::computeControls, t = 1.932
[2023-08-15 22:08:11.864] [info] CMC::computeControls, t = 1.933
[2023-08-15 22:08:11.898] [info] CMC::computeControls, t = 1.934
[2023-08-15 22:08:11.916] [info] CMC::computeControls, t = 1.935
[2023-08-15 22:08:11.935] [info] CMC::computeControls, t = 1.936
[2023-08-15 22:08:11.963] [info] CMC::computeControls, t = 1.937
[2023-08-15 22:08:11.991] [info] CMC::computeControls, t = 1.938
[2023-08-15 22:08:12.025] [info] CMC::computeControls, t = 1.939
[2023-08-15 22:08:12.041] [info] CMC::computeControls, t = 1.94
[2023-08-15 22:08:12.065] [info] CMC::computeControls, t = 1.941
[2023-08-15 22:08:12.092] [info] CMC::computeControls, t = 1.942
[2023-08-15 22:08:12.130] [info] CMC::computeControls, t = 1.943
[2023-08-15 22:08:12.167] [info] CMC::computeControls, t = 1.944
[2023-08-15 22:08:12.194] [info] CMC::computeControls, t = 1.945
[2023-08-15 22:08:12.230] [info] CMC::computeControls, t = 1.946
[2023-08-15 22:08:12.264] [info] CMC::computeControls, t = 1.947
[2023-08-15 22:08:12.291] [info] CMC::computeControls, t = 1.948
[2023-08-15 22:08:12.316] [info] CMC::computeControls, t = 1.949
[2023-08-15 22:08:12.343] [info] CMC::computeControls, t = 1.95
[2023-08-15 22:08:12.362] [info] CMC::computeControls, t = 1.951
[2023-08-15 22:08:12.379] [info] CMC::computeControls, t = 1.952
[2023-08-15 22:08:12.403] [info] CMC::computeControls, t = 1.953
[2023-08-15 22:08:12.431] [info] CMC::computeControls, t = 1.954
[2023-08-15 22:08:12.450] [info] CMC::computeControls, t = 1.955
[2023-08-15 22:08:12.473] [info] CMC::computeControls, t = 1.956
[2023-08-15 22:08:12.496] [info] CMC::computeControls, t = 1.957
[2023-08-15 22:08:12.528] [info] CMC::computeControls, t = 1.958
[2023-08-15 22:08:12.545] [info] CMC::computeControls, t = 1.959
[2023-08-15 22:08:12.573] [info] CMC::computeControls, t = 1.96
[2023-08-15 22:08:12.604] [info] CMC::computeControls, t = 1.961
[2023-08-15 22:08:12.628] [info] CMC::computeControls, t = 1.962
[2023-08-15 22:08:12.651] [info] CMC::computeControls, t = 1.963
[2023-08-15 22:08:12.669] [info] CMC::computeControls, t = 1.964
[2023-08-15 22:08:12.688] [info] CMC::computeControls, t = 1.965
[2023-08-15 22:08:12.705] [info] CMC::computeControls, t = 1.966
[2023-08-15 22:08:12.732] [info] CMC::computeControls, t = 1.967
[2023-08-15 22:08:12.754] [info] CMC::computeControls, t = 1.968
[2023-08-15 22:08:12.780] [info] CMC::computeControls, t = 1.969
[2023-08-15 22:08:12.800] [info] CMC::computeControls, t = 1.97
[2023-08-15 22:08:12.824] [info] CMC::computeControls, t = 1.971
[2023-08-15 22:08:12.846] [info] CMC::computeControls, t = 1.972
[2023-08-15 22:08:12.867] [info] CMC::computeControls, t = 1.973
[2023-08-15 22:08:12.903] [info] CMC::computeControls, t = 1.974
[2023-08-15 22:08:12.937] [info] CMC::computeControls, t = 1.975
[2023-08-15 22:08:12.964] [info] CMC::computeControls, t = 1.976
[2023-08-15 22:08:12.979] [info] CMC::computeControls, t = 1.977
[2023-08-15 22:08:13.003] [info] CMC::computeControls, t = 1.978
[2023-08-15 22:08:13.029] [info] CMC::computeControls, t = 1.979
[2023-08-15 22:08:13.056] [info] CMC::computeControls, t = 1.98
[2023-08-15 22:08:13.084] [info] CMC::computeControls, t = 1.981
[2023-08-15 22:08:13.108] [info] CMC::computeControls, t = 1.982
[2023-08-15 22:08:13.135] [info] CMC::computeControls, t = 1.983
[2023-08-15 22:08:13.163] [info] CMC::computeControls, t = 1.984
[2023-08-15 22:08:13.201] [info] CMC::computeControls, t = 1.985
[2023-08-15 22:08:13.219] [info] CMC::computeControls, t = 1.986
[2023-08-15 22:08:13.242] [info] CMC::computeControls, t = 1.987
[2023-08-15 22:08:13.268] [info] CMC::computeControls, t = 1.988
[2023-08-15 22:08:13.294] [info] CMC::computeControls, t = 1.989
[2023-08-15 22:08:13.322] [info] CMC::computeControls, t = 1.99
[2023-08-15 22:08:13.349] [info] CMC::computeControls, t = 1.991
[2023-08-15 22:08:13.371] [info] CMC::computeControls, t = 1.992
[2023-08-15 22:08:13.399] [info] CMC::computeControls, t = 1.993
[2023-08-15 22:08:13.434] [info] CMC::computeControls, t = 1.994
[2023-08-15 22:08:13.465] [info] CMC::computeControls, t = 1.995
[2023-08-15 22:08:13.492] [info] CMC::computeControls, t = 1.996
[2023-08-15 22:08:13.523] [info] CMC::computeControls, t = 1.997
[2023-08-15 22:08:13.550] [info] CMC::computeControls, t = 1.998
[2023-08-15 22:08:13.577] [info] CMC::computeControls, t = 1.999
[2023-08-15 22:08:13.606] [info] CMC::computeControls, t = 2.0
[2023-08-15 22:08:13.625] [info] CMC::computeControls, t = 2.00100
[2023-08-15 22:08:13.660] [info] CMC::computeControls, t = 2.00200
[2023-08-15 22:08:13.682] [info] CMC::computeControls, t = 2.00300
[2023-08-15 22:08:13.697] [info] CMC::computeControls, t = 2.00400
[2023-08-15 22:08:13.724] [info] CMC::computeControls, t = 2.00500
[2023-08-15 22:08:13.755] [info] CMC::computeControls, t = 2.00600
[2023-08-15 22:08:13.771] [info] CMC::computeControls, t = 2.00700
[2023-08-15 22:08:13.802] [info] CMC::computeControls, t = 2.00800
[2023-08-15 22:08:13.836] [info] CMC::computeControls, t = 2.00900
[2023-08-15 22:08:13.868] [info] CMC::computeControls, t = 2.01
[2023-08-15 22:08:13.909] [info] CMC::computeControls, t = 2.011
[2023-08-15 22:08:13.955] [info] CMC::computeControls, t = 2.012
[2023-08-15 22:08:13.986] [info] CMC::computeControls, t = 2.013
[2023-08-15 22:08:14.006] [info] CMC::computeControls, t = 2.014
[2023-08-15 22:08:14.024] [info] CMC::computeControls, t = 2.015
[2023-08-15 22:08:14.048] [info] CMC::computeControls, t = 2.016
[2023-08-15 22:08:14.068] [info] CMC::computeControls, t = 2.017
[2023-08-15 22:08:14.092] [info] CMC::computeControls, t = 2.018
[2023-08-15 22:08:14.117] [info] CMC::computeControls, t = 2.019
[2023-08-15 22:08:14.147] [info] CMC::computeControls, t = 2.02
[2023-08-15 22:08:14.167] [info] CMC::computeControls, t = 2.021
[2023-08-15 22:08:14.189] [info] CMC::computeControls, t = 2.022
[2023-08-15 22:08:14.206] [info] CMC::computeControls, t = 2.023
[2023-08-15 22:08:14.247] [info] CMC::computeControls, t = 2.024
[2023-08-15 22:08:14.271] [info] CMC::computeControls, t = 2.025
[2023-08-15 22:08:14.302] [info] CMC::computeControls, t = 2.026
[2023-08-15 22:08:14.321] [info] CMC::computeControls, t = 2.027
[2023-08-15 22:08:14.345] [info] CMC::computeControls, t = 2.028
[2023-08-15 22:08:14.363] [info] CMC::computeControls, t = 2.029
[2023-08-15 22:08:14.388] [info] CMC::computeControls, t = 2.03
[2023-08-15 22:08:14.412] [info] CMC::computeControls, t = 2.031
[2023-08-15 22:08:14.435] [info] CMC::computeControls, t = 2.032
[2023-08-15 22:08:14.466] [info] CMC::computeControls, t = 2.033
[2023-08-15 22:08:14.489] [info] CMC::computeControls, t = 2.034
[2023-08-15 22:08:14.517] [info] CMC::computeControls, t = 2.035
[2023-08-15 22:08:14.545] [info] CMC::computeControls, t = 2.036
[2023-08-15 22:08:14.564] [info] CMC::computeControls, t = 2.037
[2023-08-15 22:08:14.596] [info] CMC::computeControls, t = 2.038
[2023-08-15 22:08:14.626] [info] CMC::computeControls, t = 2.039
[2023-08-15 22:08:14.666] [info] CMC::computeControls, t = 2.04
[2023-08-15 22:08:14.693] [info] CMC::computeControls, t = 2.041
[2023-08-15 22:08:14.737] [info] CMC::computeControls, t = 2.042
[2023-08-15 22:08:14.776] [info] CMC::computeControls, t = 2.043
[2023-08-15 22:08:14.798] [info] CMC::computeControls, t = 2.044
[2023-08-15 22:08:14.825] [info] CMC::computeControls, t = 2.045
[2023-08-15 22:08:14.848] [info] CMC::computeControls, t = 2.046
[2023-08-15 22:08:14.870] [info] CMC::computeControls, t = 2.047
[2023-08-15 22:08:14.892] [info] CMC::computeControls, t = 2.048
[2023-08-15 22:08:14.910] [info] CMC::computeControls, t = 2.049
[2023-08-15 22:08:14.930] [info] CMC::computeControls, t = 2.05
[2023-08-15 22:08:14.962] [info] CMC::computeControls, t = 2.051
[2023-08-15 22:08:14.980] [info] CMC::computeControls, t = 2.052
[2023-08-15 22:08:15.007] [info] CMC::computeControls, t = 2.053
[2023-08-15 22:08:15.026] [info] CMC::computeControls, t = 2.054
[2023-08-15 22:08:15.054] [info] CMC::computeControls, t = 2.055
[2023-08-15 22:08:15.075] [info] CMC::computeControls, t = 2.056
[2023-08-15 22:08:15.099] [info] CMC::computeControls, t = 2.057
[2023-08-15 22:08:15.124] [info] CMC::computeControls, t = 2.058
[2023-08-15 22:08:15.140] [info] CMC::computeControls, t = 2.059
[2023-08-15 22:08:15.160] [info] CMC::computeControls, t = 2.06
[2023-08-15 22:08:15.192] [info] CMC::computeControls, t = 2.061
[2023-08-15 22:08:15.213] [info] CMC::computeControls, t = 2.062
[2023-08-15 22:08:15.230] [info] CMC::computeControls, t = 2.063
[2023-08-15 22:08:15.250] [info] CMC::computeControls, t = 2.064
[2023-08-15 22:08:15.267] [info] CMC::computeControls, t = 2.065
[2023-08-15 22:08:15.291] [info] CMC::computeControls, t = 2.066
[2023-08-15 22:08:15.317] [info] CMC::computeControls, t = 2.067
[2023-08-15 22:08:15.349] [info] CMC::computeControls, t = 2.068
[2023-08-15 22:08:15.379] [info] CMC::computeControls, t = 2.069
[2023-08-15 22:08:15.397] [info] CMC::computeControls, t = 2.07
[2023-08-15 22:08:15.423] [info] CMC::computeControls, t = 2.071
[2023-08-15 22:08:15.440] [info] CMC::computeControls, t = 2.072
[2023-08-15 22:08:15.470] [info] CMC::computeControls, t = 2.073
[2023-08-15 22:08:15.504] [info] CMC::computeControls, t = 2.074
[2023-08-15 22:08:15.539] [info] CMC::computeControls, t = 2.075
[2023-08-15 22:08:15.559] [info] CMC::computeControls, t = 2.076
[2023-08-15 22:08:15.601] [info] CMC::computeControls, t = 2.077
[2023-08-15 22:08:15.645] [info] CMC::computeControls, t = 2.078
[2023-08-15 22:08:15.674] [info] CMC::computeControls, t = 2.079
[2023-08-15 22:08:15.704] [info] CMC::computeControls, t = 2.08
[2023-08-15 22:08:15.720] [info] CMC::computeControls, t = 2.081
[2023-08-15 22:08:15.753] [info] CMC::computeControls, t = 2.082
[2023-08-15 22:08:15.780] [info] CMC::computeControls, t = 2.083
[2023-08-15 22:08:15.800] [info] CMC::computeControls, t = 2.084
[2023-08-15 22:08:15.824] [info] CMC::computeControls, t = 2.085
[2023-08-15 22:08:15.850] [info] CMC::computeControls, t = 2.086
[2023-08-15 22:08:15.875] [info] CMC::computeControls, t = 2.087
[2023-08-15 22:08:15.900] [info] CMC::computeControls, t = 2.088
[2023-08-15 22:08:15.934] [info] CMC::computeControls, t = 2.089
[2023-08-15 22:08:15.961] [info] CMC::computeControls, t = 2.09
[2023-08-15 22:08:15.984] [info] CMC::computeControls, t = 2.091
[2023-08-15 22:08:16.015] [info] CMC::computeControls, t = 2.092
[2023-08-15 22:08:16.045] [info] CMC::computeControls, t = 2.093
[2023-08-15 22:08:16.061] [info] CMC::computeControls, t = 2.094
[2023-08-15 22:08:16.091] [info] CMC::computeControls, t = 2.095
[2023-08-15 22:08:16.126] [info] CMC::computeControls, t = 2.096
[2023-08-15 22:08:16.163] [info] CMC::computeControls, t = 2.097
[2023-08-15 22:08:16.193] [info] CMC::computeControls, t = 2.098
[2023-08-15 22:08:16.216] [info] CMC::computeControls, t = 2.099
[2023-08-15 22:08:16.232] [info] CMC::computeControls, t = 2.1
[2023-08-15 22:08:16.247] [info] CMC::computeControls, t = 2.10100
[2023-08-15 22:08:16.268] [info] CMC::computeControls, t = 2.10200
[2023-08-15 22:08:16.299] [info] CMC::computeControls, t = 2.10300
[2023-08-15 22:08:16.330] [info] CMC::computeControls, t = 2.10400
[2023-08-15 22:08:16.369] [info] CMC::computeControls, t = 2.10500
[2023-08-15 22:08:16.400] [info] CMC::computeControls, t = 2.10600
[2023-08-15 22:08:16.434] [info] CMC::computeControls, t = 2.10700
[2023-08-15 22:08:16.453] [info] CMC::computeControls, t = 2.10800
[2023-08-15 22:08:16.474] [info] CMC::computeControls, t = 2.10900
[2023-08-15 22:08:16.507] [info] CMC::computeControls, t = 2.11
[2023-08-15 22:08:16.535] [info] CMC::computeControls, t = 2.111
[2023-08-15 22:08:16.562] [info] CMC::computeControls, t = 2.112
[2023-08-15 22:08:16.580] [info] CMC::computeControls, t = 2.113
[2023-08-15 22:08:16.599] [info] CMC::computeControls, t = 2.114
[2023-08-15 22:08:16.622] [info] CMC::computeControls, t = 2.115
[2023-08-15 22:08:16.656] [info] CMC::computeControls, t = 2.116
[2023-08-15 22:08:16.674] [info] CMC::computeControls, t = 2.117
[2023-08-15 22:08:16.703] [info] CMC::computeControls, t = 2.118
[2023-08-15 22:08:16.721] [info] CMC::computeControls, t = 2.119
[2023-08-15 22:08:16.749] [info] CMC::computeControls, t = 2.12
[2023-08-15 22:08:16.782] [info] CMC::computeControls, t = 2.121
[2023-08-15 22:08:16.802] [info] CMC::computeControls, t = 2.122
[2023-08-15 22:08:16.827] [info] CMC::computeControls, t = 2.123
[2023-08-15 22:08:16.843] [info] CMC::computeControls, t = 2.124
[2023-08-15 22:08:16.861] [info] CMC::computeControls, t = 2.125
[2023-08-15 22:08:16.881] [info] CMC::computeControls, t = 2.126
[2023-08-15 22:08:16.898] [info] CMC::computeControls, t = 2.127
[2023-08-15 22:08:16.918] [info] CMC::computeControls, t = 2.128
[2023-08-15 22:08:16.934] [info] CMC::computeControls, t = 2.129
[2023-08-15 22:08:16.960] [info] CMC::computeControls, t = 2.13
[2023-08-15 22:08:16.987] [info] CMC::computeControls, t = 2.131
[2023-08-15 22:08:17.013] [info] CMC::computeControls, t = 2.132
[2023-08-15 22:08:17.034] [info] CMC::computeControls, t = 2.133
[2023-08-15 22:08:17.056] [info] CMC::computeControls, t = 2.134
[2023-08-15 22:08:17.076] [info] CMC::computeControls, t = 2.135
[2023-08-15 22:08:17.092] [info] CMC::computeControls, t = 2.136
[2023-08-15 22:08:17.113] [info] CMC::computeControls, t = 2.137
[2023-08-15 22:08:17.130] [info] CMC::computeControls, t = 2.138
[2023-08-15 22:08:17.153] [info] CMC::computeControls, t = 2.139
[2023-08-15 22:08:17.179] [info] CMC::computeControls, t = 2.14
[2023-08-15 22:08:17.199] [info] CMC::computeControls, t = 2.141
[2023-08-15 22:08:17.219] [info] CMC::computeControls, t = 2.142
[2023-08-15 22:08:17.243] [info] CMC::computeControls, t = 2.143
[2023-08-15 22:08:17.263] [info] CMC::computeControls, t = 2.144
[2023-08-15 22:08:17.287] [info] CMC::computeControls, t = 2.145
[2023-08-15 22:08:17.304] [info] CMC::computeControls, t = 2.146
[2023-08-15 22:08:17.330] [info] CMC::computeControls, t = 2.147
[2023-08-15 22:08:17.349] [info] CMC::computeControls, t = 2.148
[2023-08-15 22:08:17.371] [info] CMC::computeControls, t = 2.149
[2023-08-15 22:08:17.394] [info] CMC::computeControls, t = 2.15
[2023-08-15 22:08:17.413] [info] CMC::computeControls, t = 2.151
[2023-08-15 22:08:17.438] [info] CMC::computeControls, t = 2.152
[2023-08-15 22:08:17.461] [info] CMC::computeControls, t = 2.153
[2023-08-15 22:08:17.480] [info] CMC::computeControls, t = 2.154
[2023-08-15 22:08:17.507] [info] -------------------------------------------
[2023-08-15 22:08:17.507] [info] Finished tracking the specified kinematics:
[2023-08-15 22:08:17.507] [info] -------------------------------------------
[2023-08-15 22:08:17.507] [info]  -- Start time = Tue Aug 15 22:08:02 2023
[2023-08-15 22:08:17.507] [info]  -- Finish time = Tue Aug 15 22:08:17 2023
[2023-08-15 22:08:17.507] [info]  -- Elapsed time = 15.0 seconds.
[2023-08-15 22:08:17.507] [info] -------------------------------------------
[2023-08-15 22:08:17.507] [info] 
[2023-08-15 22:08:17.507] [info] Printing results of investigation subject03_run5_cycle3_iter3 to cycle3/
[2023-08-15 22:08:17.929] [info] 

************************************************************
*      Summary of Mass Adjustments to Reduce Residuals     *
************************************************************
* Body adjusted: torso
* Mass Center (COM) adjustment: dx =-0.0356043, dz =0.0126739
* New COM location: ~[0.00988856,0.331103,-0.02718]
************************************************************
* Recommended mass adjustments:                             
*  Total mass change: 0.548054
*  pelvis: orig mass = 10.124, new mass = 10.2099
*  femur_r: orig mass = 7.99584, new mass = 8.06366
*  tibia_r: orig mass = 3.18711, new mass = 3.21414
*  talus_r: orig mass = 0.0859639, new mass = 0.086693
*  calcn_r: orig mass = 1.07455, new mass = 1.08366
*  toes_r: orig mass = 0.186198, new mass = 0.187777
*  femur_l: orig mass = 7.99584, new mass = 8.06366
*  tibia_l: orig mass = 3.18711, new mass = 3.21414
*  talus_l: orig mass = 0.0859639, new mass = 0.086693
*  calcn_l: orig mass = 1.07455, new mass = 1.08366
*  toes_l: orig mass = 0.186198, new mass = 0.187777
*  torso: orig mass = 23.0612, new mass = 23.2568
*  humerus_r: orig mass = 1.74722, new mass = 1.76204
*  ulna_r: orig mass = 0.522231, new mass = 0.526661
*  radius_r: orig mass = 0.522231, new mass = 0.526661
*  hand_r: orig mass = 0.393284, new mass = 0.39662
*  humerus_l: orig mass = 1.74722, new mass = 1.76204
*  ulna_l: orig mass = 0.522231, new mass = 0.526661
*  radius_l: orig mass = 0.522231, new mass = 0.526661
*  hand_l: orig mass = 0.393284, new mass = 0.39662
************************************************************
* Note: Edit the model to make recommended adjustments to  *
*       mass properties.                                   *
************************************************************

* Average residuals before adjusting torso COM:
*  FX=-0.823043 FY=-5.37457 FZ=-0.202321
*  MX=-2.86625 MY=-0.690312 MZ=-8.05203
************************************************************
* Average residuals after adjusting torso COM:
*  FX=-0.736055 FY=-5.08035 FZ=0.225366
*  MX=1.04008 MY=-1.11435 MZ=-0.1969
************************************************************


[2023-08-15 22:08:17.929] [info] 
************************************************************
*                   Final Average Residuals                *
************************************************************
* After torso COM and Kinematics adjustments:
*  FX=1.37296 FY=-2.65691 FZ=-0.608365
*  MX=-0.522472 MY=-1.34629 MZ=2.06404
************************************************************


