[2023-08-15 22:27:07.006] [info] Storage: read data file = ..\rra1\cycle1\subject11_run5_cycle1_iter1_Kinematics_q.sto (nr=652 nc=38)
[2023-08-15 22:27:07.063] [info] Storage: read data file = ..\rra1\cycle1\subject11_run5_cycle1_iter1_Kinematics_q.sto (nr=652 nc=38)
[2023-08-15 22:27:07.130] [info] AbstractTool subject11_run5_cycle1_iter2 loading model ..\rra1\cycle1\subject11_run5_cycle1_rraAdjusted_iter1.osim
[2023-08-15 22:27:07.190] [info] Loaded model subject11_scaled from file ..\rra1\cycle1\subject11_run5_cycle1_rraAdjusted_iter1.osim
[2023-08-15 22:27:07.241] [info] Adding force object set from ..\subject11_run5_RRA_Actuators.xml
[2023-08-15 22:27:07.248] [info] Running tool subject11_run5_cycle1_iter2.
[2023-08-15 22:27:07.270] [warning] ExternalLoads 'externalloads' has subcomponents with duplicate name 'externalforce'. The duplicate is being renamed to 'externalforce_0'.
[2023-08-15 22:27:07.297] [info] 	taskSet size = 29.
[2023-08-15 22:27:07.401] [info] ExternalForce::externalforce Data source being set to Run_500 02_newCOP3_v24.mot
[2023-08-15 22:27:07.401] [info] ExternalForce::externalforce_0 Data source being set to Run_500 02_newCOP3_v24.mot
[2023-08-15 22:27:07.411] [warning] A desired points file was not specified.
[2023-08-15 22:27:07.411] [info] Loading desired kinematics from file '..\rra1\cycle1\subject11_run5_cycle1_iter1_Kinematics_q.sto'...
[2023-08-15 22:27:07.411] [info] Storage: read data file = ..\rra1\cycle1\subject11_run5_cycle1_iter1_Kinematics_q.sto (nr=652 nc=38)
[2023-08-15 22:27:07.452] [info] Not filtering the desired kinematics.
[2023-08-15 22:27:07.453] [cout] [info] MODEL: subject11_scaled

numStates = 74
numCoordinates = 37
numSpeeds = 37
numActuators = 29
numBodies = 20
numConstraints = 0
numProbes = 0

ANALYSES (total: 0)

BODIES (total: 20)
body[0] = pelvis. mass: 11.1579
              moments of inertia:  ~[0.102664,0.102664,0.0553689]
              products of inertia: ~[0,0,0]
body[1] = femur_r. mass: 8.81243
              moments of inertia:  ~[0.146581,0.0384242,0.154572]
              products of inertia: ~[0,0,0]
body[2] = tibia_r. mass: 3.5126
              moments of inertia:  ~[0.0517688,0.00523851,0.0524878]
              products of inertia: ~[0,0,0]
body[3] = talus_r. mass: 0.0947431
              moments of inertia:  ~[0.00101755,0.00101755,0.00101755]
              products of inertia: ~[0,0,0]
body[4] = calcn_r. mass: 1.18429
              moments of inertia:  ~[0.00142456,0.00396843,0.00417194]
              products of inertia: ~[0,0,0]
body[5] = toes_r. mass: 0.205213
              moments of inertia:  ~[0.000101755,0.000203509,0.00101755]
              products of inertia: ~[0,0,0]
body[6] = femur_l. mass: 8.81243
              moments of inertia:  ~[0.146581,0.0384242,0.154572]
              products of inertia: ~[0,0,0]
body[7] = tibia_l. mass: 3.5126
              moments of inertia:  ~[0.0515932,0.00488727,0.0515932]
              products of inertia: ~[0,0,0]
body[8] = talus_l. mass: 0.0947431
              moments of inertia:  ~[0.00101755,0.00101755,0.00101755]
              products of inertia: ~[0,0,0]
body[9] = calcn_l. mass: 1.18429
              moments of inertia:  ~[0.00142456,0.00396843,0.00417194]
              products of inertia: ~[0,0,0]
body[10] = toes_l. mass: 0.205213
              moments of inertia:  ~[0.000101755,0.000203509,0.00101755]
              products of inertia: ~[0,0,0]
body[11] = torso. mass: 25.4163
              moments of inertia:  ~[1.3655,0.69965,1.32558]
              products of inertia: ~[0,0,0]
body[12] = humerus_r. mass: 1.92565
              moments of inertia:  ~[0.0119378,0.00411816,0.0133998]
              products of inertia: ~[0,0,0]
body[13] = ulna_r. mass: 0.575564
              moments of inertia:  ~[0.00286409,0.000597571,0.00310679]
              products of inertia: ~[0,0,0]
body[14] = radius_r. mass: 0.575564
              moments of inertia:  ~[0.00286409,0.000597571,0.00310679]
              products of inertia: ~[0,0,0]
body[15] = hand_r. mass: 0.43345
              moments of inertia:  ~[0.000862513,0.000528918,0.0012957]
              products of inertia: ~[0,0,0]
body[16] = humerus_l. mass: 1.92565
              moments of inertia:  ~[0.0119378,0.00411816,0.0133998]
              products of inertia: ~[0,0,0]
body[17] = ulna_l. mass: 0.575564
              moments of inertia:  ~[0.00286409,0.000597571,0.00310679]
              products of inertia: ~[0,0,0]
body[18] = radius_l. mass: 0.575564
              moments of inertia:  ~[0.00286409,0.000597571,0.00310679]
              products of inertia: ~[0,0,0]
body[19] = hand_l. mass: 0.43345
              moments of inertia:  ~[0.000862513,0.000528918,0.0012957]
              products of inertia: ~[0,0,0]

JOINTS (total: 20)
joint[0] = ground_pelvis. parent: ground_offset, child: pelvis_offset
joint[1] = hip_r. parent: pelvis_offset, child: femur_r_offset
joint[2] = knee_r. parent: femur_r_offset, child: tibia_r_offset
joint[3] = ankle_r. parent: tibia_r_offset, child: talus_r_offset
joint[4] = subtalar_r. parent: talus_r_offset, child: calcn_r_offset
joint[5] = mtp_r. parent: calcn_r_offset, child: toes_r_offset
joint[6] = hip_l. parent: pelvis_offset, child: femur_l_offset
joint[7] = knee_l. parent: femur_l_offset, child: tibia_l_offset
joint[8] = ankle_l. parent: tibia_l_offset, child: talus_l_offset
joint[9] = subtalar_l. parent: talus_l_offset, child: calcn_l_offset
joint[10] = mtp_l. parent: calcn_l_offset, child: toes_l_offset
joint[11] = back. parent: pelvis_offset, child: torso_offset
joint[12] = acromial_r. parent: torso_offset, child: humerus_r_offset
joint[13] = elbow_r. parent: humerus_r_offset, child: ulna_r_offset
joint[14] = radioulnar_r. parent: ulna_r_offset, child: radius_r_offset
joint[15] = radius_hand_r. parent: radius_r_offset, child: hand_r_offset
joint[16] = acromial_l. parent: torso_offset, child: humerus_l_offset
joint[17] = elbow_l. parent: humerus_l_offset, child: ulna_l_offset
joint[18] = radioulnar_l. parent: ulna_l_offset, child: radius_l_offset
joint[19] = radius_hand_l. parent: radius_l_offset, child: hand_l_offset

ACTUATORS (total: 29)
actuator[0] = FX
actuator[1] = FY
actuator[2] = FZ
actuator[3] = MZ
actuator[4] = MX
actuator[5] = MY
actuator[6] = hip_flexion_r
actuator[7] = hip_adduction_r
actuator[8] = hip_rotation_r
actuator[9] = knee_angle_r
actuator[10] = ankle_angle_r
actuator[11] = hip_flexion_l
actuator[12] = hip_adduction_l
actuator[13] = hip_rotation_l
actuator[14] = knee_angle_l
actuator[15] = ankle_angle_l
actuator[16] = lumbar_extension
actuator[17] = lumbar_bending
actuator[18] = lumbar_rotation
actuator[19] = arm_flex_r
actuator[20] = arm_add_r
actuator[21] = arm_rot_r
actuator[22] = elbow_flex_r
actuator[23] = pro_sup_r
actuator[24] = arm_flex_l
actuator[25] = arm_add_l
actuator[26] = arm_rot_l
actuator[27] = elbow_flex_l
actuator[28] = pro_sup_l

STATES (total: 74)
y[0] = /jointset/ground_pelvis/pelvis_tilt/value
y[1] = /jointset/ground_pelvis/pelvis_tilt/speed
y[2] = /jointset/ground_pelvis/pelvis_list/value
y[3] = /jointset/ground_pelvis/pelvis_list/speed
y[4] = /jointset/ground_pelvis/pelvis_rotation/value
y[5] = /jointset/ground_pelvis/pelvis_rotation/speed
y[6] = /jointset/ground_pelvis/pelvis_tx/value
y[7] = /jointset/ground_pelvis/pelvis_tx/speed
y[8] = /jointset/ground_pelvis/pelvis_ty/value
y[9] = /jointset/ground_pelvis/pelvis_ty/speed
y[10] = /jointset/ground_pelvis/pelvis_tz/value
y[11] = /jointset/ground_pelvis/pelvis_tz/speed
y[12] = /jointset/hip_r/hip_flexion_r/value
y[13] = /jointset/hip_r/hip_flexion_r/speed
y[14] = /jointset/hip_r/hip_adduction_r/value
y[15] = /jointset/hip_r/hip_adduction_r/speed
y[16] = /jointset/hip_r/hip_rotation_r/value
y[17] = /jointset/hip_r/hip_rotation_r/speed
y[18] = /jointset/knee_r/knee_angle_r/value
y[19] = /jointset/knee_r/knee_angle_r/speed
y[20] = /jointset/ankle_r/ankle_angle_r/value
y[21] = /jointset/ankle_r/ankle_angle_r/speed
y[22] = /jointset/subtalar_r/subtalar_angle_r/value
y[23] = /jointset/subtalar_r/subtalar_angle_r/speed
y[24] = /jointset/mtp_r/mtp_angle_r/value
y[25] = /jointset/mtp_r/mtp_angle_r/speed
y[26] = /jointset/hip_l/hip_flexion_l/value
y[27] = /jointset/hip_l/hip_flexion_l/speed
y[28] = /jointset/hip_l/hip_adduction_l/value
y[29] = /jointset/hip_l/hip_adduction_l/speed
y[30] = /jointset/hip_l/hip_rotation_l/value
y[31] = /jointset/hip_l/hip_rotation_l/speed
y[32] = /jointset/knee_l/knee_angle_l/value
y[33] = /jointset/knee_l/knee_angle_l/speed
y[34] = /jointset/ankle_l/ankle_angle_l/value
y[35] = /jointset/ankle_l/ankle_angle_l/speed
y[36] = /jointset/subtalar_l/subtalar_angle_l/value
y[37] = /jointset/subtalar_l/subtalar_angle_l/speed
y[38] = /jointset/mtp_l/mtp_angle_l/value
y[39] = /jointset/mtp_l/mtp_angle_l/speed
y[40] = /jointset/back/lumbar_extension/value
y[41] = /jointset/back/lumbar_extension/speed
y[42] = /jointset/back/lumbar_bending/value
y[43] = /jointset/back/lumbar_bending/speed
y[44] = /jointset/back/lumbar_rotation/value
y[45] = /jointset/back/lumbar_rotation/speed
y[46] = /jointset/acromial_r/arm_flex_r/value
y[47] = /jointset/acromial_r/arm_flex_r/speed
y[48] = /jointset/acromial_r/arm_add_r/value
y[49] = /jointset/acromial_r/arm_add_r/speed
y[50] = /jointset/acromial_r/arm_rot_r/value
y[51] = /jointset/acromial_r/arm_rot_r/speed
y[52] = /jointset/elbow_r/elbow_flex_r/value
y[53] = /jointset/elbow_r/elbow_flex_r/speed
y[54] = /jointset/radioulnar_r/pro_sup_r/value
y[55] = /jointset/radioulnar_r/pro_sup_r/speed
y[56] = /jointset/radius_hand_r/wrist_flex_r/value
y[57] = /jointset/radius_hand_r/wrist_flex_r/speed
y[58] = /jointset/radius_hand_r/wrist_dev_r/value
y[59] = /jointset/radius_hand_r/wrist_dev_r/speed
y[60] = /jointset/acromial_l/arm_flex_l/value
y[61] = /jointset/acromial_l/arm_flex_l/speed
y[62] = /jointset/acromial_l/arm_add_l/value
y[63] = /jointset/acromial_l/arm_add_l/speed
y[64] = /jointset/acromial_l/arm_rot_l/value
y[65] = /jointset/acromial_l/arm_rot_l/speed
y[66] = /jointset/elbow_l/elbow_flex_l/value
y[67] = /jointset/elbow_l/elbow_flex_l/speed
y[68] = /jointset/radioulnar_l/pro_sup_l/value
y[69] = /jointset/radioulnar_l/pro_sup_l/speed
y[70] = /jointset/radius_hand_l/wrist_flex_l/value
y[71] = /jointset/radius_hand_l/wrist_flex_l/speed
y[72] = /jointset/radius_hand_l/wrist_dev_l/value
y[73] = /jointset/radius_hand_l/wrist_dev_l/speed

[2023-08-15 22:27:07.982] [warning] Coordinate.setValue:  coordinate subtalar_angle_r is locked. Unable to change its value.
[2023-08-15 22:27:07.982] [warning] Coordinate.setValue:  coordinate mtp_angle_r is locked. Unable to change its value.
[2023-08-15 22:27:07.982] [warning] Coordinate.setValue:  coordinate subtalar_angle_l is locked. Unable to change its value.
[2023-08-15 22:27:07.982] [warning] Coordinate.setValue:  coordinate mtp_angle_l is locked. Unable to change its value.
[2023-08-15 22:27:07.982] [warning] Coordinate.setValue:  coordinate wrist_flex_r is locked. Unable to change its value.
[2023-08-15 22:27:07.982] [warning] Coordinate.setValue:  coordinate wrist_dev_r is locked. Unable to change its value.
[2023-08-15 22:27:07.982] [warning] Coordinate.setValue:  coordinate wrist_flex_l is locked. Unable to change its value.
[2023-08-15 22:27:07.982] [warning] Coordinate.setValue:  coordinate wrist_dev_l is locked. Unable to change its value.
[2023-08-15 22:27:08.105] [info] Requested COM adjustment time range 0.127 to 0.69, clamped to nearest available data times: 0.127 to 0.69.
[2023-08-15 22:27:08.106] [info] Computing average residuals between 0.127 and 0.69...
[2023-08-15 22:27:08.217] [info] ExternalForce::externalforce Data source being set to Run_500 02_newCOP3_v24.mot
[2023-08-15 22:27:08.217] [info] ExternalForce::externalforce_0 Data source being set to Run_500 02_newCOP3_v24.mot
[2023-08-15 22:27:08.304] [info] ExternalForce::externalforce Data source being set to Run_500 02_newCOP3_v24.mot
[2023-08-15 22:27:08.304] [info] ExternalForce::externalforce_0 Data source being set to Run_500 02_newCOP3_v24.mot
[2023-08-15 22:27:13.587] [info] ExternalForce::externalforce Data source being set to Run_500 02_newCOP3_v24.mot
[2023-08-15 22:27:13.587] [info] ExternalForce::externalforce_0 Data source being set to Run_500 02_newCOP3_v24.mot
[2023-08-15 22:27:13.594] [info] Computing average residuals between 0.127 and 0.69...
[2023-08-15 22:27:13.711] [info] ExternalForce::externalforce Data source being set to Run_500 02_newCOP3_v24.mot
[2023-08-15 22:27:13.711] [info] ExternalForce::externalforce_0 Data source being set to Run_500 02_newCOP3_v24.mot
[2023-08-15 22:27:13.799] [info] ExternalForce::externalforce Data source being set to Run_500 02_newCOP3_v24.mot
[2023-08-15 22:27:13.799] [info] ExternalForce::externalforce_0 Data source being set to Run_500 02_newCOP3_v24.mot
[2023-08-15 22:27:19.906] [info] Constructing function set for tracking desired kinematics...
[2023-08-15 22:27:21.014] [warning] No Actuation analysis found in analysis set, adding one...
[2023-08-15 22:27:21.015] [warning] No Kinematics analysis found in analysis set, adding one...
[2023-08-15 22:27:21.019] [info] Using the generalized coordinates specified in '..\rra1\cycle1\subject11_run5_cycle1_iter1_Kinematics_q.sto' to set the initial configuration.
[2023-08-15 22:27:21.286] [info] Using IPOPT optimizer algorithm.
[2023-08-15 22:27:21.286] [info] Setting optimizer print level to 0.
[2023-08-15 22:27:21.286] [info] Setting optimizer convergence tolerance to 1.0e-05.
[2023-08-15 22:27:21.286] [info] Setting optimizer maximum iterations to 2000.
[2023-08-15 22:27:21.286] [info] Setting cmc controller to not use verbose printing.

[2023-08-15 22:27:21.287] [info] CMC::computeControls, t = 0.127
[2023-08-15 22:27:22.381] [info] --------------------------------------------
[2023-08-15 22:27:22.381] [info] Using CMC to track the specified kinematics:
[2023-08-15 22:27:22.381] [info] --------------------------------------------
[2023-08-15 22:27:22.381] [info]  -- Integrating from 0.127 to 0.69
[2023-08-15 22:27:22.381] [info]  -- Start time = Tue Aug 15 22:27:22 2023
[2023-08-15 22:27:22.381] [info] --------------------------------------------
[2023-08-15 22:27:22.381] [info] 
[2023-08-15 22:27:22.386] [info] CMC::computeControls, t = 0.127
[2023-08-15 22:27:22.459] [info] CMC::computeControls, t = 0.128
[2023-08-15 22:27:22.459] [warning] Coordinate.setValue:  coordinate subtalar_angle_r is locked. Unable to change its value.
[2023-08-15 22:27:22.459] [warning] Coordinate.setValue:  coordinate mtp_angle_r is locked. Unable to change its value.
[2023-08-15 22:27:22.460] [warning] Coordinate.setValue:  coordinate subtalar_angle_l is locked. Unable to change its value.
[2023-08-15 22:27:22.460] [warning] Coordinate.setValue:  coordinate mtp_angle_l is locked. Unable to change its value.
[2023-08-15 22:27:22.460] [warning] Coordinate.setValue:  coordinate wrist_flex_r is locked. Unable to change its value.
[2023-08-15 22:27:22.460] [warning] Coordinate.setValue:  coordinate wrist_dev_r is locked. Unable to change its value.
[2023-08-15 22:27:22.460] [warning] Coordinate.setValue:  coordinate wrist_flex_l is locked. Unable to change its value.
[2023-08-15 22:27:22.460] [warning] Coordinate.setValue:  coordinate wrist_dev_l is locked. Unable to change its value.
[2023-08-15 22:27:22.510] [info] CMC::computeControls, t = 0.129
[2023-08-15 22:27:22.559] [info] CMC::computeControls, t = 0.13
[2023-08-15 22:27:22.610] [info] CMC::computeControls, t = 0.131
[2023-08-15 22:27:22.658] [info] CMC::computeControls, t = 0.132
[2023-08-15 22:27:22.697] [info] CMC::computeControls, t = 0.133
[2023-08-15 22:27:22.740] [info] CMC::computeControls, t = 0.134
[2023-08-15 22:27:22.783] [info] CMC::computeControls, t = 0.135
[2023-08-15 22:27:22.829] [info] CMC::computeControls, t = 0.136
[2023-08-15 22:27:22.868] [info] CMC::computeControls, t = 0.137
[2023-08-15 22:27:22.909] [info] CMC::computeControls, t = 0.138
[2023-08-15 22:27:22.940] [info] CMC::computeControls, t = 0.139
[2023-08-15 22:27:22.973] [info] CMC::computeControls, t = 0.14
[2023-08-15 22:27:23.017] [info] CMC::computeControls, t = 0.141
[2023-08-15 22:27:23.057] [info] CMC::computeControls, t = 0.142
[2023-08-15 22:27:23.086] [info] CMC::computeControls, t = 0.143
[2023-08-15 22:27:23.116] [info] CMC::computeControls, t = 0.144
[2023-08-15 22:27:23.154] [info] CMC::computeControls, t = 0.145
[2023-08-15 22:27:23.192] [info] CMC::computeControls, t = 0.146
[2023-08-15 22:27:23.233] [info] CMC::computeControls, t = 0.147
[2023-08-15 22:27:23.270] [info] CMC::computeControls, t = 0.148
[2023-08-15 22:27:23.300] [info] CMC::computeControls, t = 0.149
[2023-08-15 22:27:23.340] [info] CMC::computeControls, t = 0.15
[2023-08-15 22:27:23.380] [info] CMC::computeControls, t = 0.151
[2023-08-15 22:27:23.422] [info] CMC::computeControls, t = 0.152
[2023-08-15 22:27:23.459] [info] CMC::computeControls, t = 0.153
[2023-08-15 22:27:23.492] [info] CMC::computeControls, t = 0.154
[2023-08-15 22:27:23.526] [info] CMC::computeControls, t = 0.155
[2023-08-15 22:27:23.559] [info] CMC::computeControls, t = 0.156
[2023-08-15 22:27:23.584] [info] CMC::computeControls, t = 0.157
[2023-08-15 22:27:23.627] [info] CMC::computeControls, t = 0.158
[2023-08-15 22:27:23.666] [info] CMC::computeControls, t = 0.159
[2023-08-15 22:27:23.713] [info] CMC::computeControls, t = 0.16
[2023-08-15 22:27:23.756] [info] CMC::computeControls, t = 0.161
[2023-08-15 22:27:23.792] [info] CMC::computeControls, t = 0.162
[2023-08-15 22:27:23.827] [info] CMC::computeControls, t = 0.163
[2023-08-15 22:27:23.856] [info] CMC::computeControls, t = 0.164
[2023-08-15 22:27:23.889] [info] CMC::computeControls, t = 0.165
[2023-08-15 22:27:23.917] [info] CMC::computeControls, t = 0.166
[2023-08-15 22:27:23.952] [info] CMC::computeControls, t = 0.167
[2023-08-15 22:27:23.989] [info] CMC::computeControls, t = 0.168
[2023-08-15 22:27:24.023] [info] CMC::computeControls, t = 0.169
[2023-08-15 22:27:24.058] [info] CMC::computeControls, t = 0.17
[2023-08-15 22:27:24.107] [info] CMC::computeControls, t = 0.171
[2023-08-15 22:27:24.135] [info] CMC::computeControls, t = 0.172
[2023-08-15 22:27:24.169] [info] CMC::computeControls, t = 0.173
[2023-08-15 22:27:24.212] [info] CMC::computeControls, t = 0.174
[2023-08-15 22:27:24.246] [info] CMC::computeControls, t = 0.175
[2023-08-15 22:27:24.276] [info] CMC::computeControls, t = 0.176
[2023-08-15 22:27:24.304] [info] CMC::computeControls, t = 0.177
[2023-08-15 22:27:24.347] [info] CMC::computeControls, t = 0.178
[2023-08-15 22:27:24.395] [info] CMC::computeControls, t = 0.179
[2023-08-15 22:27:24.428] [info] CMC::computeControls, t = 0.18
[2023-08-15 22:27:24.469] [info] CMC::computeControls, t = 0.181
[2023-08-15 22:27:24.502] [info] CMC::computeControls, t = 0.182
[2023-08-15 22:27:24.534] [info] CMC::computeControls, t = 0.183
[2023-08-15 22:27:24.571] [info] CMC::computeControls, t = 0.184
[2023-08-15 22:27:24.604] [info] CMC::computeControls, t = 0.185
[2023-08-15 22:27:24.636] [info] CMC::computeControls, t = 0.186
[2023-08-15 22:27:24.669] [info] CMC::computeControls, t = 0.187
[2023-08-15 22:27:24.711] [info] CMC::computeControls, t = 0.188
[2023-08-15 22:27:24.750] [info] CMC::computeControls, t = 0.189
[2023-08-15 22:27:24.779] [info] CMC::computeControls, t = 0.19
[2023-08-15 22:27:24.804] [info] CMC::computeControls, t = 0.191
[2023-08-15 22:27:24.831] [info] CMC::computeControls, t = 0.192
[2023-08-15 22:27:24.856] [info] CMC::computeControls, t = 0.193
[2023-08-15 22:27:24.889] [info] CMC::computeControls, t = 0.194
[2023-08-15 22:27:24.920] [info] CMC::computeControls, t = 0.195
[2023-08-15 22:27:24.953] [info] CMC::computeControls, t = 0.196
[2023-08-15 22:27:24.984] [info] CMC::computeControls, t = 0.197
[2023-08-15 22:27:25.008] [info] CMC::computeControls, t = 0.198
[2023-08-15 22:27:25.039] [info] CMC::computeControls, t = 0.199
[2023-08-15 22:27:25.075] [info] CMC::computeControls, t = 0.2
[2023-08-15 22:27:25.116] [info] CMC::computeControls, t = 0.201000
[2023-08-15 22:27:25.147] [info] CMC::computeControls, t = 0.202000
[2023-08-15 22:27:25.180] [info] CMC::computeControls, t = 0.203000
[2023-08-15 22:27:25.216] [info] CMC::computeControls, t = 0.204000
[2023-08-15 22:27:25.260] [info] CMC::computeControls, t = 0.205000
[2023-08-15 22:27:25.316] [info] CMC::computeControls, t = 0.206000
[2023-08-15 22:27:25.348] [info] CMC::computeControls, t = 0.207000
[2023-08-15 22:27:25.384] [info] CMC::computeControls, t = 0.208000
[2023-08-15 22:27:25.421] [info] CMC::computeControls, t = 0.209000
[2023-08-15 22:27:25.458] [info] CMC::computeControls, t = 0.21
[2023-08-15 22:27:25.491] [info] CMC::computeControls, t = 0.211
[2023-08-15 22:27:25.524] [info] CMC::computeControls, t = 0.212
[2023-08-15 22:27:25.560] [info] CMC::computeControls, t = 0.213
[2023-08-15 22:27:25.594] [info] CMC::computeControls, t = 0.214
[2023-08-15 22:27:25.635] [info] CMC::computeControls, t = 0.215
[2023-08-15 22:27:25.671] [info] CMC::computeControls, t = 0.216
[2023-08-15 22:27:25.698] [info] CMC::computeControls, t = 0.217
[2023-08-15 22:27:25.745] [info] CMC::computeControls, t = 0.218
[2023-08-15 22:27:25.777] [info] CMC::computeControls, t = 0.219
[2023-08-15 22:27:25.817] [info] CMC::computeControls, t = 0.22
[2023-08-15 22:27:25.856] [info] CMC::computeControls, t = 0.221
[2023-08-15 22:27:25.892] [info] CMC::computeControls, t = 0.222
[2023-08-15 22:27:25.918] [info] CMC::computeControls, t = 0.223
[2023-08-15 22:27:25.948] [info] CMC::computeControls, t = 0.224
[2023-08-15 22:27:25.978] [info] CMC::computeControls, t = 0.225
[2023-08-15 22:27:26.014] [info] CMC::computeControls, t = 0.226
[2023-08-15 22:27:26.041] [info] CMC::computeControls, t = 0.227
[2023-08-15 22:27:26.074] [info] CMC::computeControls, t = 0.228
[2023-08-15 22:27:26.106] [info] CMC::computeControls, t = 0.229
[2023-08-15 22:27:26.136] [info] CMC::computeControls, t = 0.23
[2023-08-15 22:27:26.170] [info] CMC::computeControls, t = 0.231
[2023-08-15 22:27:26.203] [info] CMC::computeControls, t = 0.232
[2023-08-15 22:27:26.233] [info] CMC::computeControls, t = 0.233
[2023-08-15 22:27:26.257] [info] CMC::computeControls, t = 0.234
[2023-08-15 22:27:26.281] [info] CMC::computeControls, t = 0.235
[2023-08-15 22:27:26.306] [info] CMC::computeControls, t = 0.236
[2023-08-15 22:27:26.340] [info] CMC::computeControls, t = 0.237
[2023-08-15 22:27:26.374] [info] CMC::computeControls, t = 0.238
[2023-08-15 22:27:26.419] [info] CMC::computeControls, t = 0.239
[2023-08-15 22:27:26.451] [info] CMC::computeControls, t = 0.24
[2023-08-15 22:27:26.480] [info] CMC::computeControls, t = 0.241
[2023-08-15 22:27:26.515] [info] CMC::computeControls, t = 0.242
[2023-08-15 22:27:26.550] [info] CMC::computeControls, t = 0.243
[2023-08-15 22:27:26.584] [info] CMC::computeControls, t = 0.244
[2023-08-15 22:27:26.613] [info] CMC::computeControls, t = 0.245
[2023-08-15 22:27:26.643] [info] CMC::computeControls, t = 0.246
[2023-08-15 22:27:26.674] [info] CMC::computeControls, t = 0.247
[2023-08-15 22:27:26.698] [info] CMC::computeControls, t = 0.248
[2023-08-15 22:27:26.722] [info] CMC::computeControls, t = 0.249
[2023-08-15 22:27:26.757] [info] CMC::computeControls, t = 0.25
[2023-08-15 22:27:26.776] [info] CMC::computeControls, t = 0.251
[2023-08-15 22:27:26.808] [info] CMC::computeControls, t = 0.252
[2023-08-15 22:27:26.834] [info] CMC::computeControls, t = 0.253
[2023-08-15 22:27:26.867] [info] CMC::computeControls, t = 0.254
[2023-08-15 22:27:26.890] [info] CMC::computeControls, t = 0.255
[2023-08-15 22:27:26.923] [info] CMC::computeControls, t = 0.256
[2023-08-15 22:27:26.953] [info] CMC::computeControls, t = 0.257
[2023-08-15 22:27:26.991] [info] CMC::computeControls, t = 0.258
[2023-08-15 22:27:27.028] [info] CMC::computeControls, t = 0.259
[2023-08-15 22:27:27.051] [info] CMC::computeControls, t = 0.26
[2023-08-15 22:27:27.074] [info] CMC::computeControls, t = 0.261
[2023-08-15 22:27:27.102] [info] CMC::computeControls, t = 0.262
[2023-08-15 22:27:27.133] [info] CMC::computeControls, t = 0.263
[2023-08-15 22:27:27.169] [info] CMC::computeControls, t = 0.264
[2023-08-15 22:27:27.197] [info] CMC::computeControls, t = 0.265
[2023-08-15 22:27:27.225] [info] CMC::computeControls, t = 0.266
[2023-08-15 22:27:27.250] [info] CMC::computeControls, t = 0.267
[2023-08-15 22:27:27.275] [info] CMC::computeControls, t = 0.268
[2023-08-15 22:27:27.300] [info] CMC::computeControls, t = 0.269
[2023-08-15 22:27:27.333] [info] CMC::computeControls, t = 0.27
[2023-08-15 22:27:27.360] [info] CMC::computeControls, t = 0.271
[2023-08-15 22:27:27.379] [info] CMC::computeControls, t = 0.272
[2023-08-15 22:27:27.406] [info] CMC::computeControls, t = 0.273
[2023-08-15 22:27:27.431] [info] CMC::computeControls, t = 0.274
[2023-08-15 22:27:27.454] [info] CMC::computeControls, t = 0.275
[2023-08-15 22:27:27.490] [info] CMC::computeControls, t = 0.276
[2023-08-15 22:27:27.523] [info] CMC::computeControls, t = 0.277
[2023-08-15 22:27:27.556] [info] CMC::computeControls, t = 0.278
[2023-08-15 22:27:27.578] [info] CMC::computeControls, t = 0.279
[2023-08-15 22:27:27.608] [info] CMC::computeControls, t = 0.28
[2023-08-15 22:27:27.635] [info] CMC::computeControls, t = 0.281
[2023-08-15 22:27:27.659] [info] CMC::computeControls, t = 0.282
[2023-08-15 22:27:27.687] [info] CMC::computeControls, t = 0.283
[2023-08-15 22:27:27.717] [info] CMC::computeControls, t = 0.284
[2023-08-15 22:27:27.739] [info] CMC::computeControls, t = 0.285
[2023-08-15 22:27:27.765] [info] CMC::computeControls, t = 0.286
[2023-08-15 22:27:27.794] [info] CMC::computeControls, t = 0.287
[2023-08-15 22:27:27.824] [info] CMC::computeControls, t = 0.288
[2023-08-15 22:27:27.863] [info] CMC::computeControls, t = 0.289
[2023-08-15 22:27:27.897] [info] CMC::computeControls, t = 0.29
[2023-08-15 22:27:27.931] [info] CMC::computeControls, t = 0.291
[2023-08-15 22:27:27.958] [info] CMC::computeControls, t = 0.292
[2023-08-15 22:27:27.993] [info] CMC::computeControls, t = 0.293
[2023-08-15 22:27:28.026] [info] CMC::computeControls, t = 0.294
[2023-08-15 22:27:28.058] [info] CMC::computeControls, t = 0.295
[2023-08-15 22:27:28.086] [info] CMC::computeControls, t = 0.296
[2023-08-15 22:27:28.116] [info] CMC::computeControls, t = 0.297
[2023-08-15 22:27:28.146] [info] CMC::computeControls, t = 0.298
[2023-08-15 22:27:28.182] [info] CMC::computeControls, t = 0.299
[2023-08-15 22:27:28.202] [info] CMC::computeControls, t = 0.3
[2023-08-15 22:27:28.222] [info] CMC::computeControls, t = 0.301000
[2023-08-15 22:27:28.249] [info] CMC::computeControls, t = 0.302000
[2023-08-15 22:27:28.282] [info] CMC::computeControls, t = 0.303000
[2023-08-15 22:27:28.301] [info] CMC::computeControls, t = 0.304000
[2023-08-15 22:27:28.336] [info] CMC::computeControls, t = 0.305000
[2023-08-15 22:27:28.363] [info] CMC::computeControls, t = 0.306000
[2023-08-15 22:27:28.405] [info] CMC::computeControls, t = 0.307000
[2023-08-15 22:27:28.432] [info] CMC::computeControls, t = 0.308000
[2023-08-15 22:27:28.452] [info] CMC::computeControls, t = 0.309000
[2023-08-15 22:27:28.480] [info] CMC::computeControls, t = 0.31
[2023-08-15 22:27:28.512] [info] CMC::computeControls, t = 0.311
[2023-08-15 22:27:28.536] [info] CMC::computeControls, t = 0.312
[2023-08-15 22:27:28.561] [info] CMC::computeControls, t = 0.313
[2023-08-15 22:27:28.615] [info] CMC::computeControls, t = 0.314
[2023-08-15 22:27:28.647] [info] CMC::computeControls, t = 0.315
[2023-08-15 22:27:28.675] [info] CMC::computeControls, t = 0.316
[2023-08-15 22:27:28.697] [info] CMC::computeControls, t = 0.317
[2023-08-15 22:27:28.719] [info] CMC::computeControls, t = 0.318
[2023-08-15 22:27:28.745] [info] CMC::computeControls, t = 0.319
[2023-08-15 22:27:28.771] [info] CMC::computeControls, t = 0.32
[2023-08-15 22:27:28.796] [info] CMC::computeControls, t = 0.321
[2023-08-15 22:27:28.823] [info] CMC::computeControls, t = 0.322
[2023-08-15 22:27:28.849] [info] CMC::computeControls, t = 0.323
[2023-08-15 22:27:28.879] [info] CMC::computeControls, t = 0.324
[2023-08-15 22:27:28.904] [info] CMC::computeControls, t = 0.325
[2023-08-15 22:27:28.929] [info] CMC::computeControls, t = 0.326
[2023-08-15 22:27:28.956] [info] CMC::computeControls, t = 0.327
[2023-08-15 22:27:28.977] [info] CMC::computeControls, t = 0.328
[2023-08-15 22:27:29.003] [info] CMC::computeControls, t = 0.329
[2023-08-15 22:27:29.029] [info] CMC::computeControls, t = 0.33
[2023-08-15 22:27:29.055] [info] CMC::computeControls, t = 0.331
[2023-08-15 22:27:29.092] [info] CMC::computeControls, t = 0.332
[2023-08-15 22:27:29.126] [info] CMC::computeControls, t = 0.333
[2023-08-15 22:27:29.165] [info] CMC::computeControls, t = 0.334
[2023-08-15 22:27:29.199] [info] CMC::computeControls, t = 0.335
[2023-08-15 22:27:29.232] [info] CMC::computeControls, t = 0.336
[2023-08-15 22:27:29.264] [info] CMC::computeControls, t = 0.337
[2023-08-15 22:27:29.298] [info] CMC::computeControls, t = 0.338
[2023-08-15 22:27:29.326] [info] CMC::computeControls, t = 0.339
[2023-08-15 22:27:29.353] [info] CMC::computeControls, t = 0.34
[2023-08-15 22:27:29.383] [info] CMC::computeControls, t = 0.341
[2023-08-15 22:27:29.410] [info] CMC::computeControls, t = 0.342
[2023-08-15 22:27:29.442] [info] CMC::computeControls, t = 0.343
[2023-08-15 22:27:29.473] [info] CMC::computeControls, t = 0.344
[2023-08-15 22:27:29.504] [info] CMC::computeControls, t = 0.345
[2023-08-15 22:27:29.527] [info] CMC::computeControls, t = 0.346
[2023-08-15 22:27:29.546] [info] CMC::computeControls, t = 0.347
[2023-08-15 22:27:29.574] [info] CMC::computeControls, t = 0.348
[2023-08-15 22:27:29.605] [info] CMC::computeControls, t = 0.349
[2023-08-15 22:27:29.633] [info] CMC::computeControls, t = 0.35
[2023-08-15 22:27:29.660] [info] CMC::computeControls, t = 0.351
[2023-08-15 22:27:29.691] [info] CMC::computeControls, t = 0.352
[2023-08-15 22:27:29.710] [info] CMC::computeControls, t = 0.353
[2023-08-15 22:27:29.728] [info] CMC::computeControls, t = 0.354
[2023-08-15 22:27:29.755] [info] CMC::computeControls, t = 0.355
[2023-08-15 22:27:29.778] [info] CMC::computeControls, t = 0.356
[2023-08-15 22:27:29.796] [info] CMC::computeControls, t = 0.357
[2023-08-15 22:27:29.823] [info] CMC::computeControls, t = 0.358
[2023-08-15 22:27:29.859] [info] CMC::computeControls, t = 0.359
[2023-08-15 22:27:29.892] [info] CMC::computeControls, t = 0.36
[2023-08-15 22:27:29.919] [info] CMC::computeControls, t = 0.361
[2023-08-15 22:27:29.946] [info] CMC::computeControls, t = 0.362
[2023-08-15 22:27:29.983] [info] CMC::computeControls, t = 0.363
[2023-08-15 22:27:30.007] [info] CMC::computeControls, t = 0.364
[2023-08-15 22:27:30.043] [info] CMC::computeControls, t = 0.365
[2023-08-15 22:27:30.073] [info] CMC::computeControls, t = 0.366
[2023-08-15 22:27:30.095] [info] CMC::computeControls, t = 0.367
[2023-08-15 22:27:30.120] [info] CMC::computeControls, t = 0.368
[2023-08-15 22:27:30.141] [info] CMC::computeControls, t = 0.369
[2023-08-15 22:27:30.167] [info] CMC::computeControls, t = 0.37
[2023-08-15 22:27:30.208] [info] CMC::computeControls, t = 0.371
[2023-08-15 22:27:30.236] [info] CMC::computeControls, t = 0.372
[2023-08-15 22:27:30.261] [info] CMC::computeControls, t = 0.373
[2023-08-15 22:27:30.283] [info] CMC::computeControls, t = 0.374
[2023-08-15 22:27:30.303] [info] CMC::computeControls, t = 0.375
[2023-08-15 22:27:30.323] [info] CMC::computeControls, t = 0.376
[2023-08-15 22:27:30.349] [info] CMC::computeControls, t = 0.377
[2023-08-15 22:27:30.372] [info] CMC::computeControls, t = 0.378
[2023-08-15 22:27:30.395] [info] CMC::computeControls, t = 0.379
[2023-08-15 22:27:30.429] [info] CMC::computeControls, t = 0.38
[2023-08-15 22:27:30.464] [info] CMC::computeControls, t = 0.381
[2023-08-15 22:27:30.495] [info] CMC::computeControls, t = 0.382
[2023-08-15 22:27:30.525] [info] CMC::computeControls, t = 0.383
[2023-08-15 22:27:30.548] [info] CMC::computeControls, t = 0.384
[2023-08-15 22:27:30.575] [info] CMC::computeControls, t = 0.385
[2023-08-15 22:27:30.598] [info] CMC::computeControls, t = 0.386
[2023-08-15 22:27:30.619] [info] CMC::computeControls, t = 0.387
[2023-08-15 22:27:30.650] [info] CMC::computeControls, t = 0.388
[2023-08-15 22:27:30.668] [info] CMC::computeControls, t = 0.389
[2023-08-15 22:27:30.700] [info] CMC::computeControls, t = 0.39
[2023-08-15 22:27:30.725] [info] CMC::computeControls, t = 0.391
[2023-08-15 22:27:30.755] [info] CMC::computeControls, t = 0.392
[2023-08-15 22:27:30.777] [info] CMC::computeControls, t = 0.393
[2023-08-15 22:27:30.802] [info] CMC::computeControls, t = 0.394
[2023-08-15 22:27:30.829] [info] CMC::computeControls, t = 0.395
[2023-08-15 22:27:30.854] [info] CMC::computeControls, t = 0.396
[2023-08-15 22:27:30.875] [info] CMC::computeControls, t = 0.397
[2023-08-15 22:27:30.899] [info] CMC::computeControls, t = 0.398
[2023-08-15 22:27:30.934] [info] CMC::computeControls, t = 0.399
[2023-08-15 22:27:30.966] [info] CMC::computeControls, t = 0.4
[2023-08-15 22:27:30.997] [info] CMC::computeControls, t = 0.401000
[2023-08-15 22:27:31.022] [info] CMC::computeControls, t = 0.402000
[2023-08-15 22:27:31.051] [info] CMC::computeControls, t = 0.403000
[2023-08-15 22:27:31.083] [info] CMC::computeControls, t = 0.404000
[2023-08-15 22:27:31.103] [info] CMC::computeControls, t = 0.405000
[2023-08-15 22:27:31.130] [info] CMC::computeControls, t = 0.406000
[2023-08-15 22:27:31.160] [info] CMC::computeControls, t = 0.407000
[2023-08-15 22:27:31.183] [info] CMC::computeControls, t = 0.408000
[2023-08-15 22:27:31.224] [info] CMC::computeControls, t = 0.409000
[2023-08-15 22:27:31.263] [info] CMC::computeControls, t = 0.41
[2023-08-15 22:27:31.296] [info] CMC::computeControls, t = 0.411
[2023-08-15 22:27:31.326] [info] CMC::computeControls, t = 0.412
[2023-08-15 22:27:31.361] [info] CMC::computeControls, t = 0.413
[2023-08-15 22:27:31.393] [info] CMC::computeControls, t = 0.414
[2023-08-15 22:27:31.435] [info] CMC::computeControls, t = 0.415
[2023-08-15 22:27:31.461] [info] CMC::computeControls, t = 0.416
[2023-08-15 22:27:31.493] [info] CMC::computeControls, t = 0.417
[2023-08-15 22:27:31.518] [info] CMC::computeControls, t = 0.418
[2023-08-15 22:27:31.545] [info] CMC::computeControls, t = 0.419
[2023-08-15 22:27:31.570] [info] CMC::computeControls, t = 0.42
[2023-08-15 22:27:31.599] [info] CMC::computeControls, t = 0.421
[2023-08-15 22:27:31.629] [info] CMC::computeControls, t = 0.422
[2023-08-15 22:27:31.655] [info] CMC::computeControls, t = 0.423
[2023-08-15 22:27:31.678] [info] CMC::computeControls, t = 0.424
[2023-08-15 22:27:31.698] [info] CMC::computeControls, t = 0.425
[2023-08-15 22:27:31.724] [info] CMC::computeControls, t = 0.426
[2023-08-15 22:27:31.753] [info] CMC::computeControls, t = 0.427
[2023-08-15 22:27:31.776] [info] CMC::computeControls, t = 0.428
[2023-08-15 22:27:31.802] [info] CMC::computeControls, t = 0.429
[2023-08-15 22:27:31.826] [info] CMC::computeControls, t = 0.43
[2023-08-15 22:27:31.851] [info] CMC::computeControls, t = 0.431
[2023-08-15 22:27:31.887] [info] CMC::computeControls, t = 0.432
[2023-08-15 22:27:31.910] [info] CMC::computeControls, t = 0.433
[2023-08-15 22:27:31.930] [info] CMC::computeControls, t = 0.434
[2023-08-15 22:27:31.969] [info] CMC::computeControls, t = 0.435
[2023-08-15 22:27:31.995] [info] CMC::computeControls, t = 0.436
[2023-08-15 22:27:32.018] [info] CMC::computeControls, t = 0.437
[2023-08-15 22:27:32.046] [info] CMC::computeControls, t = 0.438
[2023-08-15 22:27:32.073] [info] CMC::computeControls, t = 0.439
[2023-08-15 22:27:32.110] [info] CMC::computeControls, t = 0.44
[2023-08-15 22:27:32.137] [info] CMC::computeControls, t = 0.441
[2023-08-15 22:27:32.166] [info] CMC::computeControls, t = 0.442
[2023-08-15 22:27:32.195] [info] CMC::computeControls, t = 0.443
[2023-08-15 22:27:32.224] [info] CMC::computeControls, t = 0.444
[2023-08-15 22:27:32.253] [info] CMC::computeControls, t = 0.445
[2023-08-15 22:27:32.284] [info] CMC::computeControls, t = 0.446
[2023-08-15 22:27:32.316] [info] CMC::computeControls, t = 0.447
[2023-08-15 22:27:32.351] [info] CMC::computeControls, t = 0.448
[2023-08-15 22:27:32.384] [info] CMC::computeControls, t = 0.449
[2023-08-15 22:27:32.412] [info] CMC::computeControls, t = 0.45
[2023-08-15 22:27:32.436] [info] CMC::computeControls, t = 0.451
[2023-08-15 22:27:32.463] [info] CMC::computeControls, t = 0.452
[2023-08-15 22:27:32.497] [info] CMC::computeControls, t = 0.453
[2023-08-15 22:27:32.541] [info] CMC::computeControls, t = 0.454
[2023-08-15 22:27:32.580] [info] CMC::computeControls, t = 0.455
[2023-08-15 22:27:32.610] [info] CMC::computeControls, t = 0.456
[2023-08-15 22:27:32.639] [info] CMC::computeControls, t = 0.457
[2023-08-15 22:27:32.666] [info] CMC::computeControls, t = 0.458
[2023-08-15 22:27:32.697] [info] CMC::computeControls, t = 0.459
[2023-08-15 22:27:32.735] [info] CMC::computeControls, t = 0.46
[2023-08-15 22:27:32.764] [info] CMC::computeControls, t = 0.461
[2023-08-15 22:27:32.791] [info] CMC::computeControls, t = 0.462
[2023-08-15 22:27:32.821] [info] CMC::computeControls, t = 0.463
[2023-08-15 22:27:32.873] [info] CMC::computeControls, t = 0.464
[2023-08-15 22:27:32.930] [info] CMC::computeControls, t = 0.465
[2023-08-15 22:27:32.984] [info] CMC::computeControls, t = 0.466
[2023-08-15 22:27:33.015] [info] CMC::computeControls, t = 0.467
[2023-08-15 22:27:33.046] [info] CMC::computeControls, t = 0.468
[2023-08-15 22:27:33.074] [info] CMC::computeControls, t = 0.469
[2023-08-15 22:27:33.108] [info] CMC::computeControls, t = 0.47
[2023-08-15 22:27:33.151] [info] CMC::computeControls, t = 0.471
[2023-08-15 22:27:33.192] [info] CMC::computeControls, t = 0.472
[2023-08-15 22:27:33.232] [info] CMC::computeControls, t = 0.473
[2023-08-15 22:27:33.283] [info] CMC::computeControls, t = 0.474
[2023-08-15 22:27:33.326] [info] CMC::computeControls, t = 0.475
[2023-08-15 22:27:33.365] [info] CMC::computeControls, t = 0.476
[2023-08-15 22:27:33.387] [info] CMC::computeControls, t = 0.477
[2023-08-15 22:27:33.435] [info] CMC::computeControls, t = 0.478
[2023-08-15 22:27:33.481] [info] CMC::computeControls, t = 0.479
[2023-08-15 22:27:33.510] [info] CMC::computeControls, t = 0.48
[2023-08-15 22:27:33.547] [info] CMC::computeControls, t = 0.481
[2023-08-15 22:27:33.572] [info] CMC::computeControls, t = 0.482
[2023-08-15 22:27:33.596] [info] CMC::computeControls, t = 0.483
[2023-08-15 22:27:33.628] [info] CMC::computeControls, t = 0.484
[2023-08-15 22:27:33.649] [info] CMC::computeControls, t = 0.485
[2023-08-15 22:27:33.683] [info] CMC::computeControls, t = 0.486
[2023-08-15 22:27:33.718] [info] CMC::computeControls, t = 0.487
[2023-08-15 22:27:33.743] [info] CMC::computeControls, t = 0.488
[2023-08-15 22:27:33.779] [info] CMC::computeControls, t = 0.489
[2023-08-15 22:27:33.831] [info] CMC::computeControls, t = 0.49
[2023-08-15 22:27:33.871] [info] CMC::computeControls, t = 0.491
[2023-08-15 22:27:33.922] [info] CMC::computeControls, t = 0.492
[2023-08-15 22:27:33.955] [info] CMC::computeControls, t = 0.493
[2023-08-15 22:27:33.982] [info] CMC::computeControls, t = 0.494
[2023-08-15 22:27:34.018] [info] CMC::computeControls, t = 0.495
[2023-08-15 22:27:34.058] [info] CMC::computeControls, t = 0.496
[2023-08-15 22:27:34.094] [info] CMC::computeControls, t = 0.497
[2023-08-15 22:27:34.127] [info] CMC::computeControls, t = 0.498
[2023-08-15 22:27:34.158] [info] CMC::computeControls, t = 0.499
[2023-08-15 22:27:34.190] [info] CMC::computeControls, t = 0.5
[2023-08-15 22:27:34.219] [info] CMC::computeControls, t = 0.501000
[2023-08-15 22:27:34.248] [info] CMC::computeControls, t = 0.502000
[2023-08-15 22:27:34.272] [info] CMC::computeControls, t = 0.503000
[2023-08-15 22:27:34.291] [info] CMC::computeControls, t = 0.504000
[2023-08-15 22:27:34.345] [info] CMC::computeControls, t = 0.505000
[2023-08-15 22:27:34.415] [info] CMC::computeControls, t = 0.506000
[2023-08-15 22:27:34.481] [info] CMC::computeControls, t = 0.507000
[2023-08-15 22:27:34.521] [info] CMC::computeControls, t = 0.508000
[2023-08-15 22:27:34.581] [info] CMC::computeControls, t = 0.509000
[2023-08-15 22:27:34.629] [info] CMC::computeControls, t = 0.51
[2023-08-15 22:27:34.679] [info] CMC::computeControls, t = 0.511
[2023-08-15 22:27:34.714] [info] CMC::computeControls, t = 0.512
[2023-08-15 22:27:34.747] [info] CMC::computeControls, t = 0.513
[2023-08-15 22:27:34.774] [info] CMC::computeControls, t = 0.514
[2023-08-15 22:27:34.813] [info] CMC::computeControls, t = 0.515
[2023-08-15 22:27:34.842] [info] CMC::computeControls, t = 0.516
[2023-08-15 22:27:34.882] [info] CMC::computeControls, t = 0.517
[2023-08-15 22:27:34.906] [info] CMC::computeControls, t = 0.518
[2023-08-15 22:27:34.947] [info] CMC::computeControls, t = 0.519
[2023-08-15 22:27:34.975] [info] CMC::computeControls, t = 0.52
[2023-08-15 22:27:35.011] [info] CMC::computeControls, t = 0.521
[2023-08-15 22:27:35.037] [info] CMC::computeControls, t = 0.522
[2023-08-15 22:27:35.077] [info] CMC::computeControls, t = 0.523
[2023-08-15 22:27:35.106] [info] CMC::computeControls, t = 0.524
[2023-08-15 22:27:35.136] [info] CMC::computeControls, t = 0.525
[2023-08-15 22:27:35.155] [info] CMC::computeControls, t = 0.526
[2023-08-15 22:27:35.193] [info] CMC::computeControls, t = 0.527
[2023-08-15 22:27:35.223] [info] CMC::computeControls, t = 0.528
[2023-08-15 22:27:35.244] [info] CMC::computeControls, t = 0.529
[2023-08-15 22:27:35.284] [info] CMC::computeControls, t = 0.53
[2023-08-15 22:27:35.303] [info] CMC::computeControls, t = 0.531
[2023-08-15 22:27:35.347] [info] CMC::computeControls, t = 0.532
[2023-08-15 22:27:35.394] [info] CMC::computeControls, t = 0.533
[2023-08-15 22:27:35.434] [info] CMC::computeControls, t = 0.534
[2023-08-15 22:27:35.466] [info] CMC::computeControls, t = 0.535
[2023-08-15 22:27:35.506] [info] CMC::computeControls, t = 0.536
[2023-08-15 22:27:35.536] [info] CMC::computeControls, t = 0.537
[2023-08-15 22:27:35.589] [info] CMC::computeControls, t = 0.538
[2023-08-15 22:27:35.627] [info] CMC::computeControls, t = 0.539
[2023-08-15 22:27:35.663] [info] CMC::computeControls, t = 0.54
[2023-08-15 22:27:35.692] [info] CMC::computeControls, t = 0.541
[2023-08-15 22:27:35.723] [info] CMC::computeControls, t = 0.542
[2023-08-15 22:27:35.756] [info] CMC::computeControls, t = 0.543
[2023-08-15 22:27:35.795] [info] CMC::computeControls, t = 0.544
[2023-08-15 22:27:35.820] [info] CMC::computeControls, t = 0.545
[2023-08-15 22:27:35.844] [info] CMC::computeControls, t = 0.546
[2023-08-15 22:27:35.878] [info] CMC::computeControls, t = 0.547
[2023-08-15 22:27:35.916] [info] CMC::computeControls, t = 0.548
[2023-08-15 22:27:35.938] [info] CMC::computeControls, t = 0.549
[2023-08-15 22:27:35.969] [info] CMC::computeControls, t = 0.55
[2023-08-15 22:27:36.022] [info] CMC::computeControls, t = 0.551
[2023-08-15 22:27:36.051] [info] CMC::computeControls, t = 0.552
[2023-08-15 22:27:36.079] [info] CMC::computeControls, t = 0.553
[2023-08-15 22:27:36.111] [info] CMC::computeControls, t = 0.554
[2023-08-15 22:27:36.142] [info] CMC::computeControls, t = 0.555
[2023-08-15 22:27:36.168] [info] CMC::computeControls, t = 0.556
[2023-08-15 22:27:36.204] [info] CMC::computeControls, t = 0.557
[2023-08-15 22:27:36.245] [info] CMC::computeControls, t = 0.558
[2023-08-15 22:27:36.295] [info] CMC::computeControls, t = 0.559
[2023-08-15 22:27:36.327] [info] CMC::computeControls, t = 0.56
[2023-08-15 22:27:36.365] [info] CMC::computeControls, t = 0.561
[2023-08-15 22:27:36.406] [info] CMC::computeControls, t = 0.562
[2023-08-15 22:27:36.440] [info] CMC::computeControls, t = 0.563
[2023-08-15 22:27:36.476] [info] CMC::computeControls, t = 0.564
[2023-08-15 22:27:36.499] [info] CMC::computeControls, t = 0.565
[2023-08-15 22:27:36.531] [info] CMC::computeControls, t = 0.566
[2023-08-15 22:27:36.585] [info] CMC::computeControls, t = 0.567
[2023-08-15 22:27:36.614] [info] CMC::computeControls, t = 0.568
[2023-08-15 22:27:36.651] [info] CMC::computeControls, t = 0.569
[2023-08-15 22:27:36.686] [info] CMC::computeControls, t = 0.57
[2023-08-15 22:27:36.733] [info] CMC::computeControls, t = 0.571
[2023-08-15 22:27:36.766] [info] CMC::computeControls, t = 0.572
[2023-08-15 22:27:36.801] [info] CMC::computeControls, t = 0.573
[2023-08-15 22:27:36.829] [info] CMC::computeControls, t = 0.574
[2023-08-15 22:27:36.861] [info] CMC::computeControls, t = 0.575
[2023-08-15 22:27:36.892] [info] CMC::computeControls, t = 0.576
[2023-08-15 22:27:36.922] [info] CMC::computeControls, t = 0.577
[2023-08-15 22:27:36.953] [info] CMC::computeControls, t = 0.578
[2023-08-15 22:27:36.983] [info] CMC::computeControls, t = 0.579
[2023-08-15 22:27:37.012] [info] CMC::computeControls, t = 0.58
[2023-08-15 22:27:37.041] [info] CMC::computeControls, t = 0.581
[2023-08-15 22:27:37.072] [info] CMC::computeControls, t = 0.582
[2023-08-15 22:27:37.105] [info] CMC::computeControls, t = 0.583
[2023-08-15 22:27:37.132] [info] CMC::computeControls, t = 0.584
[2023-08-15 22:27:37.157] [info] CMC::computeControls, t = 0.585
[2023-08-15 22:27:37.190] [info] CMC::computeControls, t = 0.586
[2023-08-15 22:27:37.224] [info] CMC::computeControls, t = 0.587
[2023-08-15 22:27:37.253] [info] CMC::computeControls, t = 0.588
[2023-08-15 22:27:37.283] [info] CMC::computeControls, t = 0.589
[2023-08-15 22:27:37.313] [info] CMC::computeControls, t = 0.59
[2023-08-15 22:27:37.342] [info] CMC::computeControls, t = 0.591
[2023-08-15 22:27:37.368] [info] CMC::computeControls, t = 0.592
[2023-08-15 22:27:37.392] [info] CMC::computeControls, t = 0.593
[2023-08-15 22:27:37.411] [info] CMC::computeControls, t = 0.594
[2023-08-15 22:27:37.434] [info] CMC::computeControls, t = 0.595
[2023-08-15 22:27:37.453] [info] CMC::computeControls, t = 0.596
[2023-08-15 22:27:37.473] [info] CMC::computeControls, t = 0.597
[2023-08-15 22:27:37.498] [info] CMC::computeControls, t = 0.598
[2023-08-15 22:27:37.523] [info] CMC::computeControls, t = 0.599
[2023-08-15 22:27:37.569] [info] CMC::computeControls, t = 0.6
[2023-08-15 22:27:37.615] [info] CMC::computeControls, t = 0.601000
[2023-08-15 22:27:37.646] [info] CMC::computeControls, t = 0.602000
[2023-08-15 22:27:37.674] [info] CMC::computeControls, t = 0.603000
[2023-08-15 22:27:37.704] [info] CMC::computeControls, t = 0.604000
[2023-08-15 22:27:37.756] [info] CMC::computeControls, t = 0.605000
[2023-08-15 22:27:37.796] [info] CMC::computeControls, t = 0.606000
[2023-08-15 22:27:37.834] [info] CMC::computeControls, t = 0.607000
[2023-08-15 22:27:37.862] [info] CMC::computeControls, t = 0.608000
[2023-08-15 22:27:37.886] [info] CMC::computeControls, t = 0.609000
[2023-08-15 22:27:37.909] [info] CMC::computeControls, t = 0.61
[2023-08-15 22:27:37.947] [info] CMC::computeControls, t = 0.611
[2023-08-15 22:27:37.979] [info] CMC::computeControls, t = 0.612
[2023-08-15 22:27:38.013] [info] CMC::computeControls, t = 0.613
[2023-08-15 22:27:38.038] [info] CMC::computeControls, t = 0.614
[2023-08-15 22:27:38.078] [info] CMC::computeControls, t = 0.615
[2023-08-15 22:27:38.116] [info] CMC::computeControls, t = 0.616
[2023-08-15 22:27:38.144] [info] CMC::computeControls, t = 0.617
[2023-08-15 22:27:38.181] [info] CMC::computeControls, t = 0.618
[2023-08-15 22:27:38.213] [info] CMC::computeControls, t = 0.619
[2023-08-15 22:27:38.246] [info] CMC::computeControls, t = 0.62
[2023-08-15 22:27:38.270] [info] CMC::computeControls, t = 0.621
[2023-08-15 22:27:38.297] [info] CMC::computeControls, t = 0.622
[2023-08-15 22:27:38.320] [info] CMC::computeControls, t = 0.623
[2023-08-15 22:27:38.360] [info] CMC::computeControls, t = 0.624
[2023-08-15 22:27:38.390] [info] CMC::computeControls, t = 0.625
[2023-08-15 22:27:38.423] [info] CMC::computeControls, t = 0.626
[2023-08-15 22:27:38.457] [info] CMC::computeControls, t = 0.627
[2023-08-15 22:27:38.486] [info] CMC::computeControls, t = 0.628
[2023-08-15 22:27:38.518] [info] CMC::computeControls, t = 0.629
[2023-08-15 22:27:38.546] [info] CMC::computeControls, t = 0.63
[2023-08-15 22:27:38.575] [info] CMC::computeControls, t = 0.631
[2023-08-15 22:27:38.602] [info] CMC::computeControls, t = 0.632
[2023-08-15 22:27:38.624] [info] CMC::computeControls, t = 0.633
[2023-08-15 22:27:38.662] [info] CMC::computeControls, t = 0.634
[2023-08-15 22:27:38.686] [info] CMC::computeControls, t = 0.635
[2023-08-15 22:27:38.713] [info] CMC::computeControls, t = 0.636
[2023-08-15 22:27:38.741] [info] CMC::computeControls, t = 0.637
[2023-08-15 22:27:38.772] [info] CMC::computeControls, t = 0.638
[2023-08-15 22:27:38.800] [info] CMC::computeControls, t = 0.639
[2023-08-15 22:27:38.823] [info] CMC::computeControls, t = 0.64
[2023-08-15 22:27:38.853] [info] CMC::computeControls, t = 0.641
[2023-08-15 22:27:38.886] [info] CMC::computeControls, t = 0.642
[2023-08-15 22:27:38.913] [info] CMC::computeControls, t = 0.643
[2023-08-15 22:27:38.941] [info] CMC::computeControls, t = 0.644
[2023-08-15 22:27:38.977] [info] CMC::computeControls, t = 0.645
[2023-08-15 22:27:39.010] [info] CMC::computeControls, t = 0.646
[2023-08-15 22:27:39.046] [info] CMC::computeControls, t = 0.647
[2023-08-15 22:27:39.072] [info] CMC::computeControls, t = 0.648
[2023-08-15 22:27:39.099] [info] CMC::computeControls, t = 0.649
[2023-08-15 22:27:39.134] [info] CMC::computeControls, t = 0.65
[2023-08-15 22:27:39.170] [info] CMC::computeControls, t = 0.651
[2023-08-15 22:27:39.204] [info] CMC::computeControls, t = 0.652
[2023-08-15 22:27:39.238] [info] CMC::computeControls, t = 0.653
[2023-08-15 22:27:39.267] [info] CMC::computeControls, t = 0.654
[2023-08-15 22:27:39.302] [info] CMC::computeControls, t = 0.655
[2023-08-15 22:27:39.336] [info] CMC::computeControls, t = 0.656
[2023-08-15 22:27:39.375] [info] CMC::computeControls, t = 0.657
[2023-08-15 22:27:39.401] [info] CMC::computeControls, t = 0.658
[2023-08-15 22:27:39.423] [info] CMC::computeControls, t = 0.659
[2023-08-15 22:27:39.449] [info] CMC::computeControls, t = 0.66
[2023-08-15 22:27:39.479] [info] CMC::computeControls, t = 0.661
[2023-08-15 22:27:39.502] [info] CMC::computeControls, t = 0.662
[2023-08-15 22:27:39.529] [info] CMC::computeControls, t = 0.663
[2023-08-15 22:27:39.558] [info] CMC::computeControls, t = 0.664
[2023-08-15 22:27:39.589] [info] CMC::computeControls, t = 0.665
[2023-08-15 22:27:39.625] [info] CMC::computeControls, t = 0.666
[2023-08-15 22:27:39.668] [info] CMC::computeControls, t = 0.667
[2023-08-15 22:27:39.692] [info] CMC::computeControls, t = 0.668
[2023-08-15 22:27:39.725] [info] CMC::computeControls, t = 0.669
[2023-08-15 22:27:39.751] [info] CMC::computeControls, t = 0.67
[2023-08-15 22:27:39.787] [info] CMC::computeControls, t = 0.671
[2023-08-15 22:27:39.835] [info] CMC::computeControls, t = 0.672
[2023-08-15 22:27:39.882] [info] CMC::computeControls, t = 0.673
[2023-08-15 22:27:39.919] [info] CMC::computeControls, t = 0.674
[2023-08-15 22:27:39.954] [info] CMC::computeControls, t = 0.675
[2023-08-15 22:27:39.989] [info] CMC::computeControls, t = 0.676
[2023-08-15 22:27:40.014] [info] CMC::computeControls, t = 0.677
[2023-08-15 22:27:40.044] [info] CMC::computeControls, t = 0.678
[2023-08-15 22:27:40.073] [info] CMC::computeControls, t = 0.679
[2023-08-15 22:27:40.113] [info] CMC::computeControls, t = 0.68
[2023-08-15 22:27:40.142] [info] CMC::computeControls, t = 0.681
[2023-08-15 22:27:40.175] [info] CMC::computeControls, t = 0.682
[2023-08-15 22:27:40.199] [info] CMC::computeControls, t = 0.683
[2023-08-15 22:27:40.229] [info] CMC::computeControls, t = 0.684
[2023-08-15 22:27:40.262] [info] CMC::computeControls, t = 0.685
[2023-08-15 22:27:40.297] [info] CMC::computeControls, t = 0.686
[2023-08-15 22:27:40.332] [info] CMC::computeControls, t = 0.687
[2023-08-15 22:27:40.373] [info] CMC::computeControls, t = 0.688
[2023-08-15 22:27:40.403] [info] -------------------------------------------
[2023-08-15 22:27:40.403] [info] Finished tracking the specified kinematics:
[2023-08-15 22:27:40.404] [info] -------------------------------------------
[2023-08-15 22:27:40.404] [info]  -- Start time = Tue Aug 15 22:27:22 2023
[2023-08-15 22:27:40.404] [info]  -- Finish time = Tue Aug 15 22:27:40 2023
[2023-08-15 22:27:40.404] [info]  -- Elapsed time = 18.0 seconds.
[2023-08-15 22:27:40.404] [info] -------------------------------------------
[2023-08-15 22:27:40.404] [info] 
[2023-08-15 22:27:40.404] [info] Printing results of investigation subject11_run5_cycle1_iter2 to cycle1/
[2023-08-15 22:27:41.009] [info] 

************************************************************
*      Summary of Mass Adjustments to Reduce Residuals     *
************************************************************
* Body adjusted: torso
* Mass Center (COM) adjustment: dx =0.0880616, dz =-0.0258404
* New COM location: ~[-0.0181164,0.320585,0.0224346]
************************************************************
* Recommended mass adjustments:                             
*  Total mass change: -1.61548
*  pelvis: orig mass = 11.1579, new mass = 10.9048
*  femur_r: orig mass = 8.81243, new mass = 8.61252
*  tibia_r: orig mass = 3.5126, new mass = 3.43292
*  talus_r: orig mass = 0.0947431, new mass = 0.0925938
*  calcn_r: orig mass = 1.18429, new mass = 1.15742
*  toes_r: orig mass = 0.205213, new mass = 0.200558
*  femur_l: orig mass = 8.81243, new mass = 8.61252
*  tibia_l: orig mass = 3.5126, new mass = 3.43292
*  talus_l: orig mass = 0.0947431, new mass = 0.0925938
*  calcn_l: orig mass = 1.18429, new mass = 1.15742
*  toes_l: orig mass = 0.205213, new mass = 0.200558
*  torso: orig mass = 25.4163, new mass = 24.8397
*  humerus_r: orig mass = 1.92565, new mass = 1.88197
*  ulna_r: orig mass = 0.575564, new mass = 0.562507
*  radius_r: orig mass = 0.575564, new mass = 0.562507
*  hand_r: orig mass = 0.43345, new mass = 0.423617
*  humerus_l: orig mass = 1.92565, new mass = 1.88197
*  ulna_l: orig mass = 0.575564, new mass = 0.562507
*  radius_l: orig mass = 0.575564, new mass = 0.562507
*  hand_l: orig mass = 0.43345, new mass = 0.423617
************************************************************
* Note: Edit the model to make recommended adjustments to  *
*       mass properties.                                   *
************************************************************

* Average residuals before adjusting torso COM:
*  FX=6.78815 FY=15.8424 FZ=-2.09608
*  MX=6.44069 MY=-1.17118 MZ=21.9492
************************************************************
* Average residuals after adjusting torso COM:
*  FX=6.73915 FY=16.1 FZ=-3.71363
*  MX=-1.94624 MY=-0.0343363 MZ=0.72844
************************************************************


[2023-08-15 22:27:41.009] [info] 
************************************************************
*                   Final Average Residuals                *
************************************************************
* After torso COM and Kinematics adjustments:
*  FX=-2.26945 FY=4.36302 FZ=3.37269
*  MX=-6.43457 MY=-2.59423 MZ=-2.04964
************************************************************


