[2023-08-15 22:06:31.932] [info] Storage: read data file = ..\rra1\cycle3\subject03_run5_cycle3_iter1_Kinematics_q.sto (nr=679 nc=38)
[2023-08-15 22:06:31.953] [info] Storage: read data file = ..\rra1\cycle3\subject03_run5_cycle3_iter1_Kinematics_q.sto (nr=679 nc=38)
[2023-08-15 22:06:31.989] [info] AbstractTool subject03_run5_cycle3_iter2 loading model ..\rra1\cycle3\subject03_run5_cycle3_rraAdjusted_iter1.osim
[2023-08-15 22:06:32.024] [info] Loaded model subject03_scaled from file ..\rra1\cycle3\subject03_run5_cycle3_rraAdjusted_iter1.osim
[2023-08-15 22:06:32.055] [info] Adding force object set from ..\subject03_run5_RRA_Actuators.xml
[2023-08-15 22:06:32.061] [info] Running tool subject03_run5_cycle3_iter2.
[2023-08-15 22:06:32.072] [warning] ExternalLoads 'externalloads' has subcomponents with duplicate name 'externalforce'. The duplicate is being renamed to 'externalforce_0'.
[2023-08-15 22:06:32.084] [info] 	taskSet size = 29.
[2023-08-15 22:06:32.145] [info] ExternalForce::externalforce Data source being set to Run_500 03_newCOP3_v24.mot
[2023-08-15 22:06:32.145] [info] ExternalForce::externalforce_0 Data source being set to Run_500 03_newCOP3_v24.mot
[2023-08-15 22:06:32.149] [warning] A desired points file was not specified.
[2023-08-15 22:06:32.149] [info] Loading desired kinematics from file '..\rra1\cycle3\subject03_run5_cycle3_iter1_Kinematics_q.sto'...
[2023-08-15 22:06:32.149] [info] Storage: read data file = ..\rra1\cycle3\subject03_run5_cycle3_iter1_Kinematics_q.sto (nr=679 nc=38)
[2023-08-15 22:06:32.170] [info] Not filtering the desired kinematics.
[2023-08-15 22:06:32.171] [cout] [info] MODEL: subject03_scaled

numStates = 74
numCoordinates = 37
numSpeeds = 37
numActuators = 29
numBodies = 20
numConstraints = 0
numProbes = 0

ANALYSES (total: 0)

BODIES (total: 20)
body[0] = pelvis. mass: 10.248
              moments of inertia:  ~[0.106728,0.106728,0.0523826]
              products of inertia: ~[0,0,0]
body[1] = femur_r. mass: 8.09379
              moments of inertia:  ~[0.139404,0.0365429,0.147004]
              products of inertia: ~[0,0,0]
body[2] = tibia_r. mass: 3.22615
              moments of inertia:  ~[0.0484375,0.0041671,0.0484375]
              products of inertia: ~[0,0,0]
body[3] = talus_r. mass: 0.0870169
              moments of inertia:  ~[0.000953409,0.000953409,0.000953409]
              products of inertia: ~[0,0,0]
body[4] = calcn_r. mass: 1.08771
              moments of inertia:  ~[0.00133477,0.00371829,0.00390898]
              products of inertia: ~[0,0,0]
body[5] = toes_r. mass: 0.188479
              moments of inertia:  ~[9.53409e-05,0.000190682,0.000953409]
              products of inertia: ~[0,0,0]
body[6] = femur_l. mass: 8.09379
              moments of inertia:  ~[0.139404,0.0365429,0.147004]
              products of inertia: ~[0,0,0]
body[7] = tibia_l. mass: 3.22615
              moments of inertia:  ~[0.0484375,0.0041671,0.0484375]
              products of inertia: ~[0,0,0]
body[8] = talus_l. mass: 0.0870169
              moments of inertia:  ~[0.000953409,0.000953409,0.000953409]
              products of inertia: ~[0,0,0]
body[9] = calcn_l. mass: 1.08771
              moments of inertia:  ~[0.00133477,0.00371829,0.00390898]
              products of inertia: ~[0,0,0]
body[10] = toes_l. mass: 0.188479
              moments of inertia:  ~[9.53409e-05,0.000190682,0.000953409]
              products of inertia: ~[0,0,0]
body[11] = torso. mass: 23.3437
              moments of inertia:  ~[1.34416,0.688715,1.30487]
              products of inertia: ~[0,0,0]
body[12] = humerus_r. mass: 1.76862
              moments of inertia:  ~[0.0130498,0.00450178,0.014648]
              products of inertia: ~[0,0,0]
body[13] = ulna_r. mass: 0.528628
              moments of inertia:  ~[0.00303753,0.000633759,0.00329493]
              products of inertia: ~[0,0,0]
body[14] = radius_r. mass: 0.528628
              moments of inertia:  ~[0.00303753,0.000633759,0.00329493]
              products of inertia: ~[0,0,0]
body[15] = hand_r. mass: 0.398102
              moments of inertia:  ~[0.000914746,0.000560949,0.00137417]
              products of inertia: ~[0,0,0]
body[16] = humerus_l. mass: 1.76862
              moments of inertia:  ~[0.0130498,0.00450178,0.014648]
              products of inertia: ~[0,0,0]
body[17] = ulna_l. mass: 0.528628
              moments of inertia:  ~[0.00303753,0.000633759,0.00329493]
              products of inertia: ~[0,0,0]
body[18] = radius_l. mass: 0.528628
              moments of inertia:  ~[0.00303753,0.000633759,0.00329493]
              products of inertia: ~[0,0,0]
body[19] = hand_l. mass: 0.398102
              moments of inertia:  ~[0.000914746,0.000560949,0.00137417]
              products of inertia: ~[0,0,0]

JOINTS (total: 20)
joint[0] = ground_pelvis. parent: ground_offset, child: pelvis_offset
joint[1] = hip_r. parent: pelvis_offset, child: femur_r_offset
joint[2] = knee_r. parent: femur_r_offset, child: tibia_r_offset
joint[3] = ankle_r. parent: tibia_r_offset, child: talus_r_offset
joint[4] = subtalar_r. parent: talus_r_offset, child: calcn_r_offset
joint[5] = mtp_r. parent: calcn_r_offset, child: toes_r_offset
joint[6] = hip_l. parent: pelvis_offset, child: femur_l_offset
joint[7] = knee_l. parent: femur_l_offset, child: tibia_l_offset
joint[8] = ankle_l. parent: tibia_l_offset, child: talus_l_offset
joint[9] = subtalar_l. parent: talus_l_offset, child: calcn_l_offset
joint[10] = mtp_l. parent: calcn_l_offset, child: toes_l_offset
joint[11] = back. parent: pelvis_offset, child: torso_offset
joint[12] = acromial_r. parent: torso_offset, child: humerus_r_offset
joint[13] = elbow_r. parent: humerus_r_offset, child: ulna_r_offset
joint[14] = radioulnar_r. parent: ulna_r_offset, child: radius_r_offset
joint[15] = radius_hand_r. parent: radius_r_offset, child: hand_r_offset
joint[16] = acromial_l. parent: torso_offset, child: humerus_l_offset
joint[17] = elbow_l. parent: humerus_l_offset, child: ulna_l_offset
joint[18] = radioulnar_l. parent: ulna_l_offset, child: radius_l_offset
joint[19] = radius_hand_l. parent: radius_l_offset, child: hand_l_offset

ACTUATORS (total: 29)
actuator[0] = FX
actuator[1] = FY
actuator[2] = FZ
actuator[3] = MZ
actuator[4] = MX
actuator[5] = MY
actuator[6] = hip_flexion_r
actuator[7] = hip_adduction_r
actuator[8] = hip_rotation_r
actuator[9] = knee_angle_r
actuator[10] = ankle_angle_r
actuator[11] = hip_flexion_l
actuator[12] = hip_adduction_l
actuator[13] = hip_rotation_l
actuator[14] = knee_angle_l
actuator[15] = ankle_angle_l
actuator[16] = lumbar_extension
actuator[17] = lumbar_bending
actuator[18] = lumbar_rotation
actuator[19] = arm_flex_r
actuator[20] = arm_add_r
actuator[21] = arm_rot_r
actuator[22] = elbow_flex_r
actuator[23] = pro_sup_r
actuator[24] = arm_flex_l
actuator[25] = arm_add_l
actuator[26] = arm_rot_l
actuator[27] = elbow_flex_l
actuator[28] = pro_sup_l

STATES (total: 74)
y[0] = /jointset/ground_pelvis/pelvis_tilt/value
y[1] = /jointset/ground_pelvis/pelvis_tilt/speed
y[2] = /jointset/ground_pelvis/pelvis_list/value
y[3] = /jointset/ground_pelvis/pelvis_list/speed
y[4] = /jointset/ground_pelvis/pelvis_rotation/value
y[5] = /jointset/ground_pelvis/pelvis_rotation/speed
y[6] = /jointset/ground_pelvis/pelvis_tx/value
y[7] = /jointset/ground_pelvis/pelvis_tx/speed
y[8] = /jointset/ground_pelvis/pelvis_ty/value
y[9] = /jointset/ground_pelvis/pelvis_ty/speed
y[10] = /jointset/ground_pelvis/pelvis_tz/value
y[11] = /jointset/ground_pelvis/pelvis_tz/speed
y[12] = /jointset/hip_r/hip_flexion_r/value
y[13] = /jointset/hip_r/hip_flexion_r/speed
y[14] = /jointset/hip_r/hip_adduction_r/value
y[15] = /jointset/hip_r/hip_adduction_r/speed
y[16] = /jointset/hip_r/hip_rotation_r/value
y[17] = /jointset/hip_r/hip_rotation_r/speed
y[18] = /jointset/knee_r/knee_angle_r/value
y[19] = /jointset/knee_r/knee_angle_r/speed
y[20] = /jointset/ankle_r/ankle_angle_r/value
y[21] = /jointset/ankle_r/ankle_angle_r/speed
y[22] = /jointset/subtalar_r/subtalar_angle_r/value
y[23] = /jointset/subtalar_r/subtalar_angle_r/speed
y[24] = /jointset/mtp_r/mtp_angle_r/value
y[25] = /jointset/mtp_r/mtp_angle_r/speed
y[26] = /jointset/hip_l/hip_flexion_l/value
y[27] = /jointset/hip_l/hip_flexion_l/speed
y[28] = /jointset/hip_l/hip_adduction_l/value
y[29] = /jointset/hip_l/hip_adduction_l/speed
y[30] = /jointset/hip_l/hip_rotation_l/value
y[31] = /jointset/hip_l/hip_rotation_l/speed
y[32] = /jointset/knee_l/knee_angle_l/value
y[33] = /jointset/knee_l/knee_angle_l/speed
y[34] = /jointset/ankle_l/ankle_angle_l/value
y[35] = /jointset/ankle_l/ankle_angle_l/speed
y[36] = /jointset/subtalar_l/subtalar_angle_l/value
y[37] = /jointset/subtalar_l/subtalar_angle_l/speed
y[38] = /jointset/mtp_l/mtp_angle_l/value
y[39] = /jointset/mtp_l/mtp_angle_l/speed
y[40] = /jointset/back/lumbar_extension/value
y[41] = /jointset/back/lumbar_extension/speed
y[42] = /jointset/back/lumbar_bending/value
y[43] = /jointset/back/lumbar_bending/speed
y[44] = /jointset/back/lumbar_rotation/value
y[45] = /jointset/back/lumbar_rotation/speed
y[46] = /jointset/acromial_r/arm_flex_r/value
y[47] = /jointset/acromial_r/arm_flex_r/speed
y[48] = /jointset/acromial_r/arm_add_r/value
y[49] = /jointset/acromial_r/arm_add_r/speed
y[50] = /jointset/acromial_r/arm_rot_r/value
y[51] = /jointset/acromial_r/arm_rot_r/speed
y[52] = /jointset/elbow_r/elbow_flex_r/value
y[53] = /jointset/elbow_r/elbow_flex_r/speed
y[54] = /jointset/radioulnar_r/pro_sup_r/value
y[55] = /jointset/radioulnar_r/pro_sup_r/speed
y[56] = /jointset/radius_hand_r/wrist_flex_r/value
y[57] = /jointset/radius_hand_r/wrist_flex_r/speed
y[58] = /jointset/radius_hand_r/wrist_dev_r/value
y[59] = /jointset/radius_hand_r/wrist_dev_r/speed
y[60] = /jointset/acromial_l/arm_flex_l/value
y[61] = /jointset/acromial_l/arm_flex_l/speed
y[62] = /jointset/acromial_l/arm_add_l/value
y[63] = /jointset/acromial_l/arm_add_l/speed
y[64] = /jointset/acromial_l/arm_rot_l/value
y[65] = /jointset/acromial_l/arm_rot_l/speed
y[66] = /jointset/elbow_l/elbow_flex_l/value
y[67] = /jointset/elbow_l/elbow_flex_l/speed
y[68] = /jointset/radioulnar_l/pro_sup_l/value
y[69] = /jointset/radioulnar_l/pro_sup_l/speed
y[70] = /jointset/radius_hand_l/wrist_flex_l/value
y[71] = /jointset/radius_hand_l/wrist_flex_l/speed
y[72] = /jointset/radius_hand_l/wrist_dev_l/value
y[73] = /jointset/radius_hand_l/wrist_dev_l/speed

[2023-08-15 22:06:32.444] [warning] Coordinate.setValue:  coordinate subtalar_angle_r is locked. Unable to change its value.
[2023-08-15 22:06:32.444] [warning] Coordinate.setValue:  coordinate mtp_angle_r is locked. Unable to change its value.
[2023-08-15 22:06:32.444] [warning] Coordinate.setValue:  coordinate subtalar_angle_l is locked. Unable to change its value.
[2023-08-15 22:06:32.444] [warning] Coordinate.setValue:  coordinate mtp_angle_l is locked. Unable to change its value.
[2023-08-15 22:06:32.444] [warning] Coordinate.setValue:  coordinate wrist_flex_r is locked. Unable to change its value.
[2023-08-15 22:06:32.444] [warning] Coordinate.setValue:  coordinate wrist_dev_r is locked. Unable to change its value.
[2023-08-15 22:06:32.444] [warning] Coordinate.setValue:  coordinate wrist_flex_l is locked. Unable to change its value.
[2023-08-15 22:06:32.444] [warning] Coordinate.setValue:  coordinate wrist_dev_l is locked. Unable to change its value.
[2023-08-15 22:06:32.498] [info] Requested COM adjustment time range 1.544 to 2.1565, clamped to nearest available data times: 1.544 to 2.1565.
[2023-08-15 22:06:32.498] [info] Computing average residuals between 1.544 and 2.1565...
[2023-08-15 22:06:32.561] [info] ExternalForce::externalforce Data source being set to Run_500 03_newCOP3_v24.mot
[2023-08-15 22:06:32.561] [info] ExternalForce::externalforce_0 Data source being set to Run_500 03_newCOP3_v24.mot
[2023-08-15 22:06:32.616] [info] ExternalForce::externalforce Data source being set to Run_500 03_newCOP3_v24.mot
[2023-08-15 22:06:32.616] [info] ExternalForce::externalforce_0 Data source being set to Run_500 03_newCOP3_v24.mot
[2023-08-15 22:06:35.499] [info] ExternalForce::externalforce Data source being set to Run_500 03_newCOP3_v24.mot
[2023-08-15 22:06:35.499] [info] ExternalForce::externalforce_0 Data source being set to Run_500 03_newCOP3_v24.mot
[2023-08-15 22:06:35.503] [info] Computing average residuals between 1.544 and 2.1565...
[2023-08-15 22:06:35.568] [info] ExternalForce::externalforce Data source being set to Run_500 03_newCOP3_v24.mot
[2023-08-15 22:06:35.568] [info] ExternalForce::externalforce_0 Data source being set to Run_500 03_newCOP3_v24.mot
[2023-08-15 22:06:35.625] [info] ExternalForce::externalforce Data source being set to Run_500 03_newCOP3_v24.mot
[2023-08-15 22:06:35.625] [info] ExternalForce::externalforce_0 Data source being set to Run_500 03_newCOP3_v24.mot
[2023-08-15 22:06:38.718] [info] Constructing function set for tracking desired kinematics...
[2023-08-15 22:06:39.278] [warning] No Actuation analysis found in analysis set, adding one...
[2023-08-15 22:06:39.278] [warning] No Kinematics analysis found in analysis set, adding one...
[2023-08-15 22:06:39.280] [info] Using the generalized coordinates specified in '..\rra1\cycle3\subject03_run5_cycle3_iter1_Kinematics_q.sto' to set the initial configuration.
[2023-08-15 22:06:39.404] [info] Using IPOPT optimizer algorithm.
[2023-08-15 22:06:39.404] [info] Setting optimizer print level to 0.
[2023-08-15 22:06:39.404] [info] Setting optimizer convergence tolerance to 1.0e-05.
[2023-08-15 22:06:39.404] [info] Setting optimizer maximum iterations to 2000.
[2023-08-15 22:06:39.404] [info] Setting cmc controller to not use verbose printing.

[2023-08-15 22:06:39.405] [info] CMC::computeControls, t = 1.544
[2023-08-15 22:06:40.170] [info] --------------------------------------------
[2023-08-15 22:06:40.170] [info] Using CMC to track the specified kinematics:
[2023-08-15 22:06:40.170] [info] --------------------------------------------
[2023-08-15 22:06:40.170] [info]  -- Integrating from 1.544 to 2.1565
[2023-08-15 22:06:40.170] [info]  -- Start time = Tue Aug 15 22:06:40 2023
[2023-08-15 22:06:40.170] [info] --------------------------------------------
[2023-08-15 22:06:40.170] [info] 
[2023-08-15 22:06:40.176] [info] CMC::computeControls, t = 1.544
[2023-08-15 22:06:40.200] [info] CMC::computeControls, t = 1.545
[2023-08-15 22:06:40.200] [warning] Coordinate.setValue:  coordinate subtalar_angle_r is locked. Unable to change its value.
[2023-08-15 22:06:40.200] [warning] Coordinate.setValue:  coordinate mtp_angle_r is locked. Unable to change its value.
[2023-08-15 22:06:40.200] [warning] Coordinate.setValue:  coordinate subtalar_angle_l is locked. Unable to change its value.
[2023-08-15 22:06:40.200] [warning] Coordinate.setValue:  coordinate mtp_angle_l is locked. Unable to change its value.
[2023-08-15 22:06:40.200] [warning] Coordinate.setValue:  coordinate wrist_flex_r is locked. Unable to change its value.
[2023-08-15 22:06:40.200] [warning] Coordinate.setValue:  coordinate wrist_dev_r is locked. Unable to change its value.
[2023-08-15 22:06:40.200] [warning] Coordinate.setValue:  coordinate wrist_flex_l is locked. Unable to change its value.
[2023-08-15 22:06:40.201] [warning] Coordinate.setValue:  coordinate wrist_dev_l is locked. Unable to change its value.
[2023-08-15 22:06:40.219] [info] CMC::computeControls, t = 1.546
[2023-08-15 22:06:40.236] [info] CMC::computeControls, t = 1.547
[2023-08-15 22:06:40.253] [info] CMC::computeControls, t = 1.548
[2023-08-15 22:06:40.269] [info] CMC::computeControls, t = 1.549
[2023-08-15 22:06:40.285] [info] CMC::computeControls, t = 1.55
[2023-08-15 22:06:40.300] [info] CMC::computeControls, t = 1.551
[2023-08-15 22:06:40.316] [info] CMC::computeControls, t = 1.552
[2023-08-15 22:06:40.331] [info] CMC::computeControls, t = 1.553
[2023-08-15 22:06:40.346] [info] CMC::computeControls, t = 1.554
[2023-08-15 22:06:40.362] [info] CMC::computeControls, t = 1.555
[2023-08-15 22:06:40.377] [info] CMC::computeControls, t = 1.556
[2023-08-15 22:06:40.392] [info] CMC::computeControls, t = 1.557
[2023-08-15 22:06:40.411] [info] CMC::computeControls, t = 1.558
[2023-08-15 22:06:40.426] [info] CMC::computeControls, t = 1.559
[2023-08-15 22:06:40.442] [info] CMC::computeControls, t = 1.56
[2023-08-15 22:06:40.457] [info] CMC::computeControls, t = 1.561
[2023-08-15 22:06:40.473] [info] CMC::computeControls, t = 1.562
[2023-08-15 22:06:40.488] [info] CMC::computeControls, t = 1.563
[2023-08-15 22:06:40.505] [info] CMC::computeControls, t = 1.564
[2023-08-15 22:06:40.520] [info] CMC::computeControls, t = 1.565
[2023-08-15 22:06:40.535] [info] CMC::computeControls, t = 1.566
[2023-08-15 22:06:40.551] [info] CMC::computeControls, t = 1.567
[2023-08-15 22:06:40.566] [info] CMC::computeControls, t = 1.568
[2023-08-15 22:06:40.581] [info] CMC::computeControls, t = 1.569
[2023-08-15 22:06:40.596] [info] CMC::computeControls, t = 1.57
[2023-08-15 22:06:40.612] [info] CMC::computeControls, t = 1.571
[2023-08-15 22:06:40.627] [info] CMC::computeControls, t = 1.572
[2023-08-15 22:06:40.643] [info] CMC::computeControls, t = 1.573
[2023-08-15 22:06:40.659] [info] CMC::computeControls, t = 1.574
[2023-08-15 22:06:40.674] [info] CMC::computeControls, t = 1.575
[2023-08-15 22:06:40.690] [info] CMC::computeControls, t = 1.576
[2023-08-15 22:06:40.705] [info] CMC::computeControls, t = 1.577
[2023-08-15 22:06:40.721] [info] CMC::computeControls, t = 1.578
[2023-08-15 22:06:40.737] [info] CMC::computeControls, t = 1.579
[2023-08-15 22:06:40.755] [info] CMC::computeControls, t = 1.58
[2023-08-15 22:06:40.773] [info] CMC::computeControls, t = 1.581
[2023-08-15 22:06:40.791] [info] CMC::computeControls, t = 1.582
[2023-08-15 22:06:40.807] [info] CMC::computeControls, t = 1.583
[2023-08-15 22:06:40.824] [info] CMC::computeControls, t = 1.584
[2023-08-15 22:06:40.841] [info] CMC::computeControls, t = 1.585
[2023-08-15 22:06:40.857] [info] CMC::computeControls, t = 1.586
[2023-08-15 22:06:40.873] [info] CMC::computeControls, t = 1.587
[2023-08-15 22:06:40.889] [info] CMC::computeControls, t = 1.588
[2023-08-15 22:06:40.906] [info] CMC::computeControls, t = 1.589
[2023-08-15 22:06:40.922] [info] CMC::computeControls, t = 1.59
[2023-08-15 22:06:40.939] [info] CMC::computeControls, t = 1.591
[2023-08-15 22:06:40.955] [info] CMC::computeControls, t = 1.592
[2023-08-15 22:06:40.972] [info] CMC::computeControls, t = 1.593
[2023-08-15 22:06:40.989] [info] CMC::computeControls, t = 1.594
[2023-08-15 22:06:41.005] [info] CMC::computeControls, t = 1.595
[2023-08-15 22:06:41.022] [info] CMC::computeControls, t = 1.596
[2023-08-15 22:06:41.039] [info] CMC::computeControls, t = 1.597
[2023-08-15 22:06:41.056] [info] CMC::computeControls, t = 1.598
[2023-08-15 22:06:41.072] [info] CMC::computeControls, t = 1.599
[2023-08-15 22:06:41.089] [info] CMC::computeControls, t = 1.6
[2023-08-15 22:06:41.106] [info] CMC::computeControls, t = 1.60100
[2023-08-15 22:06:41.123] [info] CMC::computeControls, t = 1.60200
[2023-08-15 22:06:41.139] [info] CMC::computeControls, t = 1.60300
[2023-08-15 22:06:41.157] [info] CMC::computeControls, t = 1.60400
[2023-08-15 22:06:41.175] [info] CMC::computeControls, t = 1.60500
[2023-08-15 22:06:41.193] [info] CMC::computeControls, t = 1.60600
[2023-08-15 22:06:41.210] [info] CMC::computeControls, t = 1.60700
[2023-08-15 22:06:41.228] [info] CMC::computeControls, t = 1.60800
[2023-08-15 22:06:41.245] [info] CMC::computeControls, t = 1.60900
[2023-08-15 22:06:41.263] [info] CMC::computeControls, t = 1.61
[2023-08-15 22:06:41.285] [info] CMC::computeControls, t = 1.611
[2023-08-15 22:06:41.303] [info] CMC::computeControls, t = 1.612
[2023-08-15 22:06:41.320] [info] CMC::computeControls, t = 1.613
[2023-08-15 22:06:41.338] [info] CMC::computeControls, t = 1.614
[2023-08-15 22:06:41.356] [info] CMC::computeControls, t = 1.615
[2023-08-15 22:06:41.373] [info] CMC::computeControls, t = 1.616
[2023-08-15 22:06:41.391] [info] CMC::computeControls, t = 1.617
[2023-08-15 22:06:41.409] [info] CMC::computeControls, t = 1.618
[2023-08-15 22:06:41.427] [info] CMC::computeControls, t = 1.619
[2023-08-15 22:06:41.445] [info] CMC::computeControls, t = 1.62
[2023-08-15 22:06:41.462] [info] CMC::computeControls, t = 1.621
[2023-08-15 22:06:41.480] [info] CMC::computeControls, t = 1.622
[2023-08-15 22:06:41.497] [info] CMC::computeControls, t = 1.623
[2023-08-15 22:06:41.514] [info] CMC::computeControls, t = 1.624
[2023-08-15 22:06:41.532] [info] CMC::computeControls, t = 1.625
[2023-08-15 22:06:41.549] [info] CMC::computeControls, t = 1.626
[2023-08-15 22:06:41.566] [info] CMC::computeControls, t = 1.627
[2023-08-15 22:06:41.584] [info] CMC::computeControls, t = 1.628
[2023-08-15 22:06:41.605] [info] CMC::computeControls, t = 1.629
[2023-08-15 22:06:41.623] [info] CMC::computeControls, t = 1.63
[2023-08-15 22:06:41.640] [info] CMC::computeControls, t = 1.631
[2023-08-15 22:06:41.660] [info] CMC::computeControls, t = 1.632
[2023-08-15 22:06:41.677] [info] CMC::computeControls, t = 1.633
[2023-08-15 22:06:41.694] [info] CMC::computeControls, t = 1.634
[2023-08-15 22:06:41.711] [info] CMC::computeControls, t = 1.635
[2023-08-15 22:06:41.728] [info] CMC::computeControls, t = 1.636
[2023-08-15 22:06:41.745] [info] CMC::computeControls, t = 1.637
[2023-08-15 22:06:41.762] [info] CMC::computeControls, t = 1.638
[2023-08-15 22:06:41.779] [info] CMC::computeControls, t = 1.639
[2023-08-15 22:06:41.800] [info] CMC::computeControls, t = 1.64
[2023-08-15 22:06:41.818] [info] CMC::computeControls, t = 1.641
[2023-08-15 22:06:41.835] [info] CMC::computeControls, t = 1.642
[2023-08-15 22:06:41.852] [info] CMC::computeControls, t = 1.643
[2023-08-15 22:06:41.869] [info] CMC::computeControls, t = 1.644
[2023-08-15 22:06:41.886] [info] CMC::computeControls, t = 1.645
[2023-08-15 22:06:41.907] [info] CMC::computeControls, t = 1.646
[2023-08-15 22:06:41.924] [info] CMC::computeControls, t = 1.647
[2023-08-15 22:06:41.941] [info] CMC::computeControls, t = 1.648
[2023-08-15 22:06:41.958] [info] CMC::computeControls, t = 1.649
[2023-08-15 22:06:41.976] [info] CMC::computeControls, t = 1.65
[2023-08-15 22:06:41.993] [info] CMC::computeControls, t = 1.651
[2023-08-15 22:06:42.010] [info] CMC::computeControls, t = 1.652
[2023-08-15 22:06:42.028] [info] CMC::computeControls, t = 1.653
[2023-08-15 22:06:42.045] [info] CMC::computeControls, t = 1.654
[2023-08-15 22:06:42.062] [info] CMC::computeControls, t = 1.655
[2023-08-15 22:06:42.079] [info] CMC::computeControls, t = 1.656
[2023-08-15 22:06:42.097] [info] CMC::computeControls, t = 1.657
[2023-08-15 22:06:42.114] [info] CMC::computeControls, t = 1.658
[2023-08-15 22:06:42.130] [info] CMC::computeControls, t = 1.659
[2023-08-15 22:06:42.146] [info] CMC::computeControls, t = 1.66
[2023-08-15 22:06:42.162] [info] CMC::computeControls, t = 1.661
[2023-08-15 22:06:42.178] [info] CMC::computeControls, t = 1.662
[2023-08-15 22:06:42.194] [info] CMC::computeControls, t = 1.663
[2023-08-15 22:06:42.210] [info] CMC::computeControls, t = 1.664
[2023-08-15 22:06:42.226] [info] CMC::computeControls, t = 1.665
[2023-08-15 22:06:42.242] [info] CMC::computeControls, t = 1.666
[2023-08-15 22:06:42.258] [info] CMC::computeControls, t = 1.667
[2023-08-15 22:06:42.275] [info] CMC::computeControls, t = 1.668
[2023-08-15 22:06:42.295] [info] CMC::computeControls, t = 1.669
[2023-08-15 22:06:42.311] [info] CMC::computeControls, t = 1.67
[2023-08-15 22:06:42.327] [info] CMC::computeControls, t = 1.671
[2023-08-15 22:06:42.344] [info] CMC::computeControls, t = 1.672
[2023-08-15 22:06:42.360] [info] CMC::computeControls, t = 1.673
[2023-08-15 22:06:42.375] [info] CMC::computeControls, t = 1.674
[2023-08-15 22:06:42.391] [info] CMC::computeControls, t = 1.675
[2023-08-15 22:06:42.408] [info] CMC::computeControls, t = 1.676
[2023-08-15 22:06:42.424] [info] CMC::computeControls, t = 1.677
[2023-08-15 22:06:42.440] [info] CMC::computeControls, t = 1.678
[2023-08-15 22:06:42.456] [info] CMC::computeControls, t = 1.679
[2023-08-15 22:06:42.473] [info] CMC::computeControls, t = 1.68
[2023-08-15 22:06:42.489] [info] CMC::computeControls, t = 1.681
[2023-08-15 22:06:42.505] [info] CMC::computeControls, t = 1.682
[2023-08-15 22:06:42.521] [info] CMC::computeControls, t = 1.683
[2023-08-15 22:06:42.538] [info] CMC::computeControls, t = 1.684
[2023-08-15 22:06:42.554] [info] CMC::computeControls, t = 1.685
[2023-08-15 22:06:42.570] [info] CMC::computeControls, t = 1.686
[2023-08-15 22:06:42.585] [info] CMC::computeControls, t = 1.687
[2023-08-15 22:06:42.601] [info] CMC::computeControls, t = 1.688
[2023-08-15 22:06:42.616] [info] CMC::computeControls, t = 1.689
[2023-08-15 22:06:42.632] [info] CMC::computeControls, t = 1.69
[2023-08-15 22:06:42.647] [info] CMC::computeControls, t = 1.691
[2023-08-15 22:06:42.662] [info] CMC::computeControls, t = 1.692
[2023-08-15 22:06:42.677] [info] CMC::computeControls, t = 1.693
[2023-08-15 22:06:42.693] [info] CMC::computeControls, t = 1.694
[2023-08-15 22:06:42.708] [info] CMC::computeControls, t = 1.695
[2023-08-15 22:06:42.723] [info] CMC::computeControls, t = 1.696
[2023-08-15 22:06:42.739] [info] CMC::computeControls, t = 1.697
[2023-08-15 22:06:42.758] [info] CMC::computeControls, t = 1.698
[2023-08-15 22:06:42.774] [info] CMC::computeControls, t = 1.699
[2023-08-15 22:06:42.789] [info] CMC::computeControls, t = 1.7
[2023-08-15 22:06:42.805] [info] CMC::computeControls, t = 1.70100
[2023-08-15 22:06:42.821] [info] CMC::computeControls, t = 1.70200
[2023-08-15 22:06:42.838] [info] CMC::computeControls, t = 1.70300
[2023-08-15 22:06:42.854] [info] CMC::computeControls, t = 1.70400
[2023-08-15 22:06:42.870] [info] CMC::computeControls, t = 1.70500
[2023-08-15 22:06:42.886] [info] CMC::computeControls, t = 1.70600
[2023-08-15 22:06:42.902] [info] CMC::computeControls, t = 1.70700
[2023-08-15 22:06:42.918] [info] CMC::computeControls, t = 1.70800
[2023-08-15 22:06:42.933] [info] CMC::computeControls, t = 1.70900
[2023-08-15 22:06:42.949] [info] CMC::computeControls, t = 1.71
[2023-08-15 22:06:42.965] [info] CMC::computeControls, t = 1.711
[2023-08-15 22:06:42.981] [info] CMC::computeControls, t = 1.712
[2023-08-15 22:06:42.997] [info] CMC::computeControls, t = 1.713
[2023-08-15 22:06:43.012] [info] CMC::computeControls, t = 1.714
[2023-08-15 22:06:43.029] [info] CMC::computeControls, t = 1.715
[2023-08-15 22:06:43.045] [info] CMC::computeControls, t = 1.716
[2023-08-15 22:06:43.061] [info] CMC::computeControls, t = 1.717
[2023-08-15 22:06:43.076] [info] CMC::computeControls, t = 1.718
[2023-08-15 22:06:43.096] [info] CMC::computeControls, t = 1.719
[2023-08-15 22:06:43.111] [info] CMC::computeControls, t = 1.72
[2023-08-15 22:06:43.126] [info] CMC::computeControls, t = 1.721
[2023-08-15 22:06:43.141] [info] CMC::computeControls, t = 1.722
[2023-08-15 22:06:43.157] [info] CMC::computeControls, t = 1.723
[2023-08-15 22:06:43.172] [info] CMC::computeControls, t = 1.724
[2023-08-15 22:06:43.187] [info] CMC::computeControls, t = 1.725
[2023-08-15 22:06:43.202] [info] CMC::computeControls, t = 1.726
[2023-08-15 22:06:43.219] [info] CMC::computeControls, t = 1.727
[2023-08-15 22:06:43.234] [info] CMC::computeControls, t = 1.728
[2023-08-15 22:06:43.249] [info] CMC::computeControls, t = 1.729
[2023-08-15 22:06:43.264] [info] CMC::computeControls, t = 1.73
[2023-08-15 22:06:43.279] [info] CMC::computeControls, t = 1.731
[2023-08-15 22:06:43.294] [info] CMC::computeControls, t = 1.732
[2023-08-15 22:06:43.309] [info] CMC::computeControls, t = 1.733
[2023-08-15 22:06:43.324] [info] CMC::computeControls, t = 1.734
[2023-08-15 22:06:43.339] [info] CMC::computeControls, t = 1.735
[2023-08-15 22:06:43.354] [info] CMC::computeControls, t = 1.736
[2023-08-15 22:06:43.370] [info] CMC::computeControls, t = 1.737
[2023-08-15 22:06:43.385] [info] CMC::computeControls, t = 1.738
[2023-08-15 22:06:43.400] [info] CMC::computeControls, t = 1.739
[2023-08-15 22:06:43.417] [info] CMC::computeControls, t = 1.74
[2023-08-15 22:06:43.432] [info] CMC::computeControls, t = 1.741
[2023-08-15 22:06:43.447] [info] CMC::computeControls, t = 1.742
[2023-08-15 22:06:43.462] [info] CMC::computeControls, t = 1.743
[2023-08-15 22:06:43.477] [info] CMC::computeControls, t = 1.744
[2023-08-15 22:06:43.492] [info] CMC::computeControls, t = 1.745
[2023-08-15 22:06:43.508] [info] CMC::computeControls, t = 1.746
[2023-08-15 22:06:43.523] [info] CMC::computeControls, t = 1.747
[2023-08-15 22:06:43.539] [info] CMC::computeControls, t = 1.748
[2023-08-15 22:06:43.554] [info] CMC::computeControls, t = 1.749
[2023-08-15 22:06:43.569] [info] CMC::computeControls, t = 1.75
[2023-08-15 22:06:43.584] [info] CMC::computeControls, t = 1.751
[2023-08-15 22:06:43.600] [info] CMC::computeControls, t = 1.752
[2023-08-15 22:06:43.615] [info] CMC::computeControls, t = 1.753
[2023-08-15 22:06:43.630] [info] CMC::computeControls, t = 1.754
[2023-08-15 22:06:43.646] [info] CMC::computeControls, t = 1.755
[2023-08-15 22:06:43.664] [info] CMC::computeControls, t = 1.756
[2023-08-15 22:06:43.679] [info] CMC::computeControls, t = 1.757
[2023-08-15 22:06:43.694] [info] CMC::computeControls, t = 1.758
[2023-08-15 22:06:43.709] [info] CMC::computeControls, t = 1.759
[2023-08-15 22:06:43.729] [info] CMC::computeControls, t = 1.76
[2023-08-15 22:06:43.748] [info] CMC::computeControls, t = 1.761
[2023-08-15 22:06:43.770] [info] CMC::computeControls, t = 1.762
[2023-08-15 22:06:43.787] [info] CMC::computeControls, t = 1.763
[2023-08-15 22:06:43.802] [info] CMC::computeControls, t = 1.764
[2023-08-15 22:06:43.818] [info] CMC::computeControls, t = 1.765
[2023-08-15 22:06:43.834] [info] CMC::computeControls, t = 1.766
[2023-08-15 22:06:43.849] [info] CMC::computeControls, t = 1.767
[2023-08-15 22:06:43.865] [info] CMC::computeControls, t = 1.768
[2023-08-15 22:06:43.881] [info] CMC::computeControls, t = 1.769
[2023-08-15 22:06:43.896] [info] CMC::computeControls, t = 1.77
[2023-08-15 22:06:43.916] [info] CMC::computeControls, t = 1.771
[2023-08-15 22:06:43.932] [info] CMC::computeControls, t = 1.772
[2023-08-15 22:06:43.947] [info] CMC::computeControls, t = 1.773
[2023-08-15 22:06:43.964] [info] CMC::computeControls, t = 1.774
[2023-08-15 22:06:43.979] [info] CMC::computeControls, t = 1.775
[2023-08-15 22:06:43.995] [info] CMC::computeControls, t = 1.776
[2023-08-15 22:06:44.011] [info] CMC::computeControls, t = 1.777
[2023-08-15 22:06:44.026] [info] CMC::computeControls, t = 1.778
[2023-08-15 22:06:44.042] [info] CMC::computeControls, t = 1.779
[2023-08-15 22:06:44.058] [info] CMC::computeControls, t = 1.78
[2023-08-15 22:06:44.073] [info] CMC::computeControls, t = 1.781
[2023-08-15 22:06:44.089] [info] CMC::computeControls, t = 1.782
[2023-08-15 22:06:44.104] [info] CMC::computeControls, t = 1.783
[2023-08-15 22:06:44.119] [info] CMC::computeControls, t = 1.784
[2023-08-15 22:06:44.136] [info] CMC::computeControls, t = 1.785
[2023-08-15 22:06:44.151] [info] CMC::computeControls, t = 1.786
[2023-08-15 22:06:44.167] [info] CMC::computeControls, t = 1.787
[2023-08-15 22:06:44.182] [info] CMC::computeControls, t = 1.788
[2023-08-15 22:06:44.197] [info] CMC::computeControls, t = 1.789
[2023-08-15 22:06:44.212] [info] CMC::computeControls, t = 1.79
[2023-08-15 22:06:44.229] [info] CMC::computeControls, t = 1.791
[2023-08-15 22:06:44.245] [info] CMC::computeControls, t = 1.792
[2023-08-15 22:06:44.261] [info] CMC::computeControls, t = 1.793
[2023-08-15 22:06:44.277] [info] CMC::computeControls, t = 1.794
[2023-08-15 22:06:44.296] [info] CMC::computeControls, t = 1.795
[2023-08-15 22:06:44.312] [info] CMC::computeControls, t = 1.796
[2023-08-15 22:06:44.328] [info] CMC::computeControls, t = 1.797
[2023-08-15 22:06:44.345] [info] CMC::computeControls, t = 1.798
[2023-08-15 22:06:44.362] [info] CMC::computeControls, t = 1.799
[2023-08-15 22:06:44.380] [info] CMC::computeControls, t = 1.8
[2023-08-15 22:06:44.407] [info] CMC::computeControls, t = 1.80100
[2023-08-15 22:06:44.423] [info] CMC::computeControls, t = 1.80200
[2023-08-15 22:06:44.441] [info] CMC::computeControls, t = 1.80300
[2023-08-15 22:06:44.457] [info] CMC::computeControls, t = 1.80400
[2023-08-15 22:06:44.472] [info] CMC::computeControls, t = 1.80500
[2023-08-15 22:06:44.487] [info] CMC::computeControls, t = 1.80600
[2023-08-15 22:06:44.502] [info] CMC::computeControls, t = 1.80700
[2023-08-15 22:06:44.522] [info] CMC::computeControls, t = 1.80800
[2023-08-15 22:06:44.537] [info] CMC::computeControls, t = 1.80900
[2023-08-15 22:06:44.552] [info] CMC::computeControls, t = 1.81
[2023-08-15 22:06:44.573] [info] CMC::computeControls, t = 1.811
[2023-08-15 22:06:44.588] [info] CMC::computeControls, t = 1.812
[2023-08-15 22:06:44.603] [info] CMC::computeControls, t = 1.813
[2023-08-15 22:06:44.621] [info] CMC::computeControls, t = 1.814
[2023-08-15 22:06:44.635] [info] CMC::computeControls, t = 1.815
[2023-08-15 22:06:44.651] [info] CMC::computeControls, t = 1.816
[2023-08-15 22:06:44.666] [info] CMC::computeControls, t = 1.817
[2023-08-15 22:06:44.681] [info] CMC::computeControls, t = 1.818
[2023-08-15 22:06:44.697] [info] CMC::computeControls, t = 1.819
[2023-08-15 22:06:44.712] [info] CMC::computeControls, t = 1.82
[2023-08-15 22:06:44.727] [info] CMC::computeControls, t = 1.821
[2023-08-15 22:06:44.743] [info] CMC::computeControls, t = 1.822
[2023-08-15 22:06:44.759] [info] CMC::computeControls, t = 1.823
[2023-08-15 22:06:44.774] [info] CMC::computeControls, t = 1.824
[2023-08-15 22:06:44.790] [info] CMC::computeControls, t = 1.825
[2023-08-15 22:06:44.805] [info] CMC::computeControls, t = 1.826
[2023-08-15 22:06:44.821] [info] CMC::computeControls, t = 1.827
[2023-08-15 22:06:44.836] [info] CMC::computeControls, t = 1.828
[2023-08-15 22:06:44.852] [info] CMC::computeControls, t = 1.829
[2023-08-15 22:06:44.867] [info] CMC::computeControls, t = 1.83
[2023-08-15 22:06:44.883] [info] CMC::computeControls, t = 1.831
[2023-08-15 22:06:44.898] [info] CMC::computeControls, t = 1.832
[2023-08-15 22:06:44.914] [info] CMC::computeControls, t = 1.833
[2023-08-15 22:06:44.932] [info] CMC::computeControls, t = 1.834
[2023-08-15 22:06:44.949] [info] CMC::computeControls, t = 1.835
[2023-08-15 22:06:44.965] [info] CMC::computeControls, t = 1.836
[2023-08-15 22:06:44.981] [info] CMC::computeControls, t = 1.837
[2023-08-15 22:06:44.996] [info] CMC::computeControls, t = 1.838
[2023-08-15 22:06:45.012] [info] CMC::computeControls, t = 1.839
[2023-08-15 22:06:45.029] [info] CMC::computeControls, t = 1.84
[2023-08-15 22:06:45.045] [info] CMC::computeControls, t = 1.841
[2023-08-15 22:06:45.061] [info] CMC::computeControls, t = 1.842
[2023-08-15 22:06:45.079] [info] CMC::computeControls, t = 1.843
[2023-08-15 22:06:45.095] [info] CMC::computeControls, t = 1.844
[2023-08-15 22:06:45.110] [info] CMC::computeControls, t = 1.845
[2023-08-15 22:06:45.126] [info] CMC::computeControls, t = 1.846
[2023-08-15 22:06:45.141] [info] CMC::computeControls, t = 1.847
[2023-08-15 22:06:45.157] [info] CMC::computeControls, t = 1.848
[2023-08-15 22:06:45.172] [info] CMC::computeControls, t = 1.849
[2023-08-15 22:06:45.188] [info] CMC::computeControls, t = 1.85
[2023-08-15 22:06:45.203] [info] CMC::computeControls, t = 1.851
[2023-08-15 22:06:45.219] [info] CMC::computeControls, t = 1.852
[2023-08-15 22:06:45.234] [info] CMC::computeControls, t = 1.853
[2023-08-15 22:06:45.253] [info] CMC::computeControls, t = 1.854
[2023-08-15 22:06:45.273] [info] CMC::computeControls, t = 1.855
[2023-08-15 22:06:45.294] [info] CMC::computeControls, t = 1.856
[2023-08-15 22:06:45.314] [info] CMC::computeControls, t = 1.857
[2023-08-15 22:06:45.331] [info] CMC::computeControls, t = 1.858
[2023-08-15 22:06:45.352] [info] CMC::computeControls, t = 1.859
[2023-08-15 22:06:45.369] [info] CMC::computeControls, t = 1.86
[2023-08-15 22:06:45.385] [info] CMC::computeControls, t = 1.861
[2023-08-15 22:06:45.404] [info] CMC::computeControls, t = 1.862
[2023-08-15 22:06:45.420] [info] CMC::computeControls, t = 1.863
[2023-08-15 22:06:45.436] [info] CMC::computeControls, t = 1.864
[2023-08-15 22:06:45.452] [info] CMC::computeControls, t = 1.865
[2023-08-15 22:06:45.468] [info] CMC::computeControls, t = 1.866
[2023-08-15 22:06:45.484] [info] CMC::computeControls, t = 1.867
[2023-08-15 22:06:45.500] [info] CMC::computeControls, t = 1.868
[2023-08-15 22:06:45.515] [info] CMC::computeControls, t = 1.869
[2023-08-15 22:06:45.531] [info] CMC::computeControls, t = 1.87
[2023-08-15 22:06:45.547] [info] CMC::computeControls, t = 1.871
[2023-08-15 22:06:45.566] [info] CMC::computeControls, t = 1.872
[2023-08-15 22:06:45.582] [info] CMC::computeControls, t = 1.873
[2023-08-15 22:06:45.598] [info] CMC::computeControls, t = 1.874
[2023-08-15 22:06:45.613] [info] CMC::computeControls, t = 1.875
[2023-08-15 22:06:45.629] [info] CMC::computeControls, t = 1.876
[2023-08-15 22:06:45.645] [info] CMC::computeControls, t = 1.877
[2023-08-15 22:06:45.661] [info] CMC::computeControls, t = 1.878
[2023-08-15 22:06:45.676] [info] CMC::computeControls, t = 1.879
[2023-08-15 22:06:45.692] [info] CMC::computeControls, t = 1.88
[2023-08-15 22:06:45.708] [info] CMC::computeControls, t = 1.881
[2023-08-15 22:06:45.724] [info] CMC::computeControls, t = 1.882
[2023-08-15 22:06:45.739] [info] CMC::computeControls, t = 1.883
[2023-08-15 22:06:45.755] [info] CMC::computeControls, t = 1.884
[2023-08-15 22:06:45.771] [info] CMC::computeControls, t = 1.885
[2023-08-15 22:06:45.790] [info] CMC::computeControls, t = 1.886
[2023-08-15 22:06:45.806] [info] CMC::computeControls, t = 1.887
[2023-08-15 22:06:45.822] [info] CMC::computeControls, t = 1.888
[2023-08-15 22:06:45.838] [info] CMC::computeControls, t = 1.889
[2023-08-15 22:06:45.854] [info] CMC::computeControls, t = 1.89
[2023-08-15 22:06:45.870] [info] CMC::computeControls, t = 1.891
[2023-08-15 22:06:45.886] [info] CMC::computeControls, t = 1.892
[2023-08-15 22:06:45.902] [info] CMC::computeControls, t = 1.893
[2023-08-15 22:06:45.918] [info] CMC::computeControls, t = 1.894
[2023-08-15 22:06:45.934] [info] CMC::computeControls, t = 1.895
[2023-08-15 22:06:45.950] [info] CMC::computeControls, t = 1.896
[2023-08-15 22:06:45.966] [info] CMC::computeControls, t = 1.897
[2023-08-15 22:06:45.982] [info] CMC::computeControls, t = 1.898
[2023-08-15 22:06:45.998] [info] CMC::computeControls, t = 1.899
[2023-08-15 22:06:46.014] [info] CMC::computeControls, t = 1.9
[2023-08-15 22:06:46.033] [info] CMC::computeControls, t = 1.90100
[2023-08-15 22:06:46.050] [info] CMC::computeControls, t = 1.90200
[2023-08-15 22:06:46.067] [info] CMC::computeControls, t = 1.90300
[2023-08-15 22:06:46.083] [info] CMC::computeControls, t = 1.90400
[2023-08-15 22:06:46.099] [info] CMC::computeControls, t = 1.90500
[2023-08-15 22:06:46.115] [info] CMC::computeControls, t = 1.90600
[2023-08-15 22:06:46.131] [info] CMC::computeControls, t = 1.90700
[2023-08-15 22:06:46.147] [info] CMC::computeControls, t = 1.90800
[2023-08-15 22:06:46.163] [info] CMC::computeControls, t = 1.90900
[2023-08-15 22:06:46.179] [info] CMC::computeControls, t = 1.91
[2023-08-15 22:06:46.195] [info] CMC::computeControls, t = 1.911
[2023-08-15 22:06:46.211] [info] CMC::computeControls, t = 1.912
[2023-08-15 22:06:46.227] [info] CMC::computeControls, t = 1.913
[2023-08-15 22:06:46.244] [info] CMC::computeControls, t = 1.914
[2023-08-15 22:06:46.260] [info] CMC::computeControls, t = 1.915
[2023-08-15 22:06:46.276] [info] CMC::computeControls, t = 1.916
[2023-08-15 22:06:46.292] [info] CMC::computeControls, t = 1.917
[2023-08-15 22:06:46.308] [info] CMC::computeControls, t = 1.918
[2023-08-15 22:06:46.325] [info] CMC::computeControls, t = 1.919
[2023-08-15 22:06:46.341] [info] CMC::computeControls, t = 1.92
[2023-08-15 22:06:46.357] [info] CMC::computeControls, t = 1.921
[2023-08-15 22:06:46.373] [info] CMC::computeControls, t = 1.922
[2023-08-15 22:06:46.389] [info] CMC::computeControls, t = 1.923
[2023-08-15 22:06:46.406] [info] CMC::computeControls, t = 1.924
[2023-08-15 22:06:46.423] [info] CMC::computeControls, t = 1.925
[2023-08-15 22:06:46.439] [info] CMC::computeControls, t = 1.926
[2023-08-15 22:06:46.456] [info] CMC::computeControls, t = 1.927
[2023-08-15 22:06:46.473] [info] CMC::computeControls, t = 1.928
[2023-08-15 22:06:46.489] [info] CMC::computeControls, t = 1.929
[2023-08-15 22:06:46.508] [info] CMC::computeControls, t = 1.93
[2023-08-15 22:06:46.524] [info] CMC::computeControls, t = 1.931
[2023-08-15 22:06:46.541] [info] CMC::computeControls, t = 1.932
[2023-08-15 22:06:46.557] [info] CMC::computeControls, t = 1.933
[2023-08-15 22:06:46.578] [info] CMC::computeControls, t = 1.934
[2023-08-15 22:06:46.595] [info] CMC::computeControls, t = 1.935
[2023-08-15 22:06:46.611] [info] CMC::computeControls, t = 1.936
[2023-08-15 22:06:46.627] [info] CMC::computeControls, t = 1.937
[2023-08-15 22:06:46.643] [info] CMC::computeControls, t = 1.938
[2023-08-15 22:06:46.660] [info] CMC::computeControls, t = 1.939
[2023-08-15 22:06:46.681] [info] CMC::computeControls, t = 1.94
[2023-08-15 22:06:46.697] [info] CMC::computeControls, t = 1.941
[2023-08-15 22:06:46.713] [info] CMC::computeControls, t = 1.942
[2023-08-15 22:06:46.729] [info] CMC::computeControls, t = 1.943
[2023-08-15 22:06:46.745] [info] CMC::computeControls, t = 1.944
[2023-08-15 22:06:46.761] [info] CMC::computeControls, t = 1.945
[2023-08-15 22:06:46.777] [info] CMC::computeControls, t = 1.946
[2023-08-15 22:06:46.794] [info] CMC::computeControls, t = 1.947
[2023-08-15 22:06:46.810] [info] CMC::computeControls, t = 1.948
[2023-08-15 22:06:46.826] [info] CMC::computeControls, t = 1.949
[2023-08-15 22:06:46.842] [info] CMC::computeControls, t = 1.95
[2023-08-15 22:06:46.858] [info] CMC::computeControls, t = 1.951
[2023-08-15 22:06:46.875] [info] CMC::computeControls, t = 1.952
[2023-08-15 22:06:46.893] [info] CMC::computeControls, t = 1.953
[2023-08-15 22:06:46.909] [info] CMC::computeControls, t = 1.954
[2023-08-15 22:06:46.926] [info] CMC::computeControls, t = 1.955
[2023-08-15 22:06:46.942] [info] CMC::computeControls, t = 1.956
[2023-08-15 22:06:46.959] [info] CMC::computeControls, t = 1.957
[2023-08-15 22:06:46.976] [info] CMC::computeControls, t = 1.958
[2023-08-15 22:06:46.995] [info] CMC::computeControls, t = 1.959
[2023-08-15 22:06:47.012] [info] CMC::computeControls, t = 1.96
[2023-08-15 22:06:47.028] [info] CMC::computeControls, t = 1.961
[2023-08-15 22:06:47.046] [info] CMC::computeControls, t = 1.962
[2023-08-15 22:06:47.063] [info] CMC::computeControls, t = 1.963
[2023-08-15 22:06:47.082] [info] CMC::computeControls, t = 1.964
[2023-08-15 22:06:47.099] [info] CMC::computeControls, t = 1.965
[2023-08-15 22:06:47.116] [info] CMC::computeControls, t = 1.966
[2023-08-15 22:06:47.132] [info] CMC::computeControls, t = 1.967
[2023-08-15 22:06:47.148] [info] CMC::computeControls, t = 1.968
[2023-08-15 22:06:47.165] [info] CMC::computeControls, t = 1.969
[2023-08-15 22:06:47.181] [info] CMC::computeControls, t = 1.97
[2023-08-15 22:06:47.197] [info] CMC::computeControls, t = 1.971
[2023-08-15 22:06:47.214] [info] CMC::computeControls, t = 1.972
[2023-08-15 22:06:47.230] [info] CMC::computeControls, t = 1.973
[2023-08-15 22:06:47.247] [info] CMC::computeControls, t = 1.974
[2023-08-15 22:06:47.264] [info] CMC::computeControls, t = 1.975
[2023-08-15 22:06:47.280] [info] CMC::computeControls, t = 1.976
[2023-08-15 22:06:47.297] [info] CMC::computeControls, t = 1.977
[2023-08-15 22:06:47.313] [info] CMC::computeControls, t = 1.978
[2023-08-15 22:06:47.330] [info] CMC::computeControls, t = 1.979
[2023-08-15 22:06:47.346] [info] CMC::computeControls, t = 1.98
[2023-08-15 22:06:47.363] [info] CMC::computeControls, t = 1.981
[2023-08-15 22:06:47.379] [info] CMC::computeControls, t = 1.982
[2023-08-15 22:06:47.395] [info] CMC::computeControls, t = 1.983
[2023-08-15 22:06:47.412] [info] CMC::computeControls, t = 1.984
[2023-08-15 22:06:47.429] [info] CMC::computeControls, t = 1.985
[2023-08-15 22:06:47.445] [info] CMC::computeControls, t = 1.986
[2023-08-15 22:06:47.462] [info] CMC::computeControls, t = 1.987
[2023-08-15 22:06:47.482] [info] CMC::computeControls, t = 1.988
[2023-08-15 22:06:47.499] [info] CMC::computeControls, t = 1.989
[2023-08-15 22:06:47.515] [info] CMC::computeControls, t = 1.99
[2023-08-15 22:06:47.532] [info] CMC::computeControls, t = 1.991
[2023-08-15 22:06:47.548] [info] CMC::computeControls, t = 1.992
[2023-08-15 22:06:47.565] [info] CMC::computeControls, t = 1.993
[2023-08-15 22:06:47.581] [info] CMC::computeControls, t = 1.994
[2023-08-15 22:06:47.598] [info] CMC::computeControls, t = 1.995
[2023-08-15 22:06:47.614] [info] CMC::computeControls, t = 1.996
[2023-08-15 22:06:47.631] [info] CMC::computeControls, t = 1.997
[2023-08-15 22:06:47.648] [info] CMC::computeControls, t = 1.998
[2023-08-15 22:06:47.664] [info] CMC::computeControls, t = 1.999
[2023-08-15 22:06:47.681] [info] CMC::computeControls, t = 2.0
[2023-08-15 22:06:47.697] [info] CMC::computeControls, t = 2.00100
[2023-08-15 22:06:47.713] [info] CMC::computeControls, t = 2.00200
[2023-08-15 22:06:47.730] [info] CMC::computeControls, t = 2.00300
[2023-08-15 22:06:47.746] [info] CMC::computeControls, t = 2.00400
[2023-08-15 22:06:47.763] [info] CMC::computeControls, t = 2.00500
[2023-08-15 22:06:47.779] [info] CMC::computeControls, t = 2.00600
[2023-08-15 22:06:47.796] [info] CMC::computeControls, t = 2.00700
[2023-08-15 22:06:47.813] [info] CMC::computeControls, t = 2.00800
[2023-08-15 22:06:47.829] [info] CMC::computeControls, t = 2.00900
[2023-08-15 22:06:47.846] [info] CMC::computeControls, t = 2.01
[2023-08-15 22:06:47.863] [info] CMC::computeControls, t = 2.011
[2023-08-15 22:06:47.880] [info] CMC::computeControls, t = 2.012
[2023-08-15 22:06:47.896] [info] CMC::computeControls, t = 2.013
[2023-08-15 22:06:47.913] [info] CMC::computeControls, t = 2.014
[2023-08-15 22:06:47.929] [info] CMC::computeControls, t = 2.015
[2023-08-15 22:06:47.946] [info] CMC::computeControls, t = 2.016
[2023-08-15 22:06:47.965] [info] CMC::computeControls, t = 2.017
[2023-08-15 22:06:47.982] [info] CMC::computeControls, t = 2.018
[2023-08-15 22:06:47.998] [info] CMC::computeControls, t = 2.019
[2023-08-15 22:06:48.015] [info] CMC::computeControls, t = 2.02
[2023-08-15 22:06:48.035] [info] CMC::computeControls, t = 2.021
[2023-08-15 22:06:48.052] [info] CMC::computeControls, t = 2.022
[2023-08-15 22:06:48.069] [info] CMC::computeControls, t = 2.023
[2023-08-15 22:06:48.085] [info] CMC::computeControls, t = 2.024
[2023-08-15 22:06:48.102] [info] CMC::computeControls, t = 2.025
[2023-08-15 22:06:48.119] [info] CMC::computeControls, t = 2.026
[2023-08-15 22:06:48.135] [info] CMC::computeControls, t = 2.027
[2023-08-15 22:06:48.152] [info] CMC::computeControls, t = 2.028
[2023-08-15 22:06:48.169] [info] CMC::computeControls, t = 2.029
[2023-08-15 22:06:48.186] [info] CMC::computeControls, t = 2.03
[2023-08-15 22:06:48.203] [info] CMC::computeControls, t = 2.031
[2023-08-15 22:06:48.220] [info] CMC::computeControls, t = 2.032
[2023-08-15 22:06:48.237] [info] CMC::computeControls, t = 2.033
[2023-08-15 22:06:48.254] [info] CMC::computeControls, t = 2.034
[2023-08-15 22:06:48.270] [info] CMC::computeControls, t = 2.035
[2023-08-15 22:06:48.288] [info] CMC::computeControls, t = 2.036
[2023-08-15 22:06:48.305] [info] CMC::computeControls, t = 2.037
[2023-08-15 22:06:48.322] [info] CMC::computeControls, t = 2.038
[2023-08-15 22:06:48.339] [info] CMC::computeControls, t = 2.039
[2023-08-15 22:06:48.356] [info] CMC::computeControls, t = 2.04
[2023-08-15 22:06:48.373] [info] CMC::computeControls, t = 2.041
[2023-08-15 22:06:48.390] [info] CMC::computeControls, t = 2.042
[2023-08-15 22:06:48.407] [info] CMC::computeControls, t = 2.043
[2023-08-15 22:06:48.425] [info] CMC::computeControls, t = 2.044
[2023-08-15 22:06:48.442] [info] CMC::computeControls, t = 2.045
[2023-08-15 22:06:48.462] [info] CMC::computeControls, t = 2.046
[2023-08-15 22:06:48.480] [info] CMC::computeControls, t = 2.047
[2023-08-15 22:06:48.497] [info] CMC::computeControls, t = 2.048
[2023-08-15 22:06:48.516] [info] CMC::computeControls, t = 2.049
[2023-08-15 22:06:48.533] [info] CMC::computeControls, t = 2.05
[2023-08-15 22:06:48.550] [info] CMC::computeControls, t = 2.051
[2023-08-15 22:06:48.567] [info] CMC::computeControls, t = 2.052
[2023-08-15 22:06:48.583] [info] CMC::computeControls, t = 2.053
[2023-08-15 22:06:48.600] [info] CMC::computeControls, t = 2.054
[2023-08-15 22:06:48.617] [info] CMC::computeControls, t = 2.055
[2023-08-15 22:06:48.639] [info] CMC::computeControls, t = 2.056
[2023-08-15 22:06:48.672] [info] CMC::computeControls, t = 2.057
[2023-08-15 22:06:48.695] [info] CMC::computeControls, t = 2.058
[2023-08-15 22:06:48.716] [info] CMC::computeControls, t = 2.059
[2023-08-15 22:06:48.735] [info] CMC::computeControls, t = 2.06
[2023-08-15 22:06:48.752] [info] CMC::computeControls, t = 2.061
[2023-08-15 22:06:48.770] [info] CMC::computeControls, t = 2.062
[2023-08-15 22:06:48.788] [info] CMC::computeControls, t = 2.063
[2023-08-15 22:06:48.805] [info] CMC::computeControls, t = 2.064
[2023-08-15 22:06:48.823] [info] CMC::computeControls, t = 2.065
[2023-08-15 22:06:48.840] [info] CMC::computeControls, t = 2.066
[2023-08-15 22:06:48.858] [info] CMC::computeControls, t = 2.067
[2023-08-15 22:06:48.876] [info] CMC::computeControls, t = 2.068
[2023-08-15 22:06:48.893] [info] CMC::computeControls, t = 2.069
[2023-08-15 22:06:48.911] [info] CMC::computeControls, t = 2.07
[2023-08-15 22:06:48.928] [info] CMC::computeControls, t = 2.071
[2023-08-15 22:06:48.946] [info] CMC::computeControls, t = 2.072
[2023-08-15 22:06:48.964] [info] CMC::computeControls, t = 2.073
[2023-08-15 22:06:48.982] [info] CMC::computeControls, t = 2.074
[2023-08-15 22:06:49.008] [info] CMC::computeControls, t = 2.075
[2023-08-15 22:06:49.031] [info] CMC::computeControls, t = 2.076
[2023-08-15 22:06:49.056] [info] CMC::computeControls, t = 2.077
[2023-08-15 22:06:49.077] [info] CMC::computeControls, t = 2.078
[2023-08-15 22:06:49.097] [info] CMC::computeControls, t = 2.079
[2023-08-15 22:06:49.115] [info] CMC::computeControls, t = 2.08
[2023-08-15 22:06:49.135] [info] CMC::computeControls, t = 2.081
[2023-08-15 22:06:49.157] [info] CMC::computeControls, t = 2.082
[2023-08-15 22:06:49.190] [info] CMC::computeControls, t = 2.083
[2023-08-15 22:06:49.237] [info] CMC::computeControls, t = 2.084
[2023-08-15 22:06:49.281] [info] CMC::computeControls, t = 2.085
[2023-08-15 22:06:49.323] [info] CMC::computeControls, t = 2.086
[2023-08-15 22:06:49.361] [info] CMC::computeControls, t = 2.087
[2023-08-15 22:06:49.415] [info] CMC::computeControls, t = 2.088
[2023-08-15 22:06:49.454] [info] CMC::computeControls, t = 2.089
[2023-08-15 22:06:49.488] [info] CMC::computeControls, t = 2.09
[2023-08-15 22:06:49.521] [info] CMC::computeControls, t = 2.091
[2023-08-15 22:06:49.546] [info] CMC::computeControls, t = 2.092
[2023-08-15 22:06:49.568] [info] CMC::computeControls, t = 2.093
[2023-08-15 22:06:49.591] [info] CMC::computeControls, t = 2.094
[2023-08-15 22:06:49.617] [info] CMC::computeControls, t = 2.095
[2023-08-15 22:06:49.644] [info] CMC::computeControls, t = 2.096
[2023-08-15 22:06:49.667] [info] CMC::computeControls, t = 2.097
[2023-08-15 22:06:49.690] [info] CMC::computeControls, t = 2.098
[2023-08-15 22:06:49.714] [info] CMC::computeControls, t = 2.099
[2023-08-15 22:06:49.736] [info] CMC::computeControls, t = 2.1
[2023-08-15 22:06:49.757] [info] CMC::computeControls, t = 2.10100
[2023-08-15 22:06:49.778] [info] CMC::computeControls, t = 2.10200
[2023-08-15 22:06:49.799] [info] CMC::computeControls, t = 2.10300
[2023-08-15 22:06:49.826] [info] CMC::computeControls, t = 2.10400
[2023-08-15 22:06:49.848] [info] CMC::computeControls, t = 2.10500
[2023-08-15 22:06:49.870] [info] CMC::computeControls, t = 2.10600
[2023-08-15 22:06:49.891] [info] CMC::computeControls, t = 2.10700
[2023-08-15 22:06:49.912] [info] CMC::computeControls, t = 2.10800
[2023-08-15 22:06:49.934] [info] CMC::computeControls, t = 2.10900
[2023-08-15 22:06:49.958] [info] CMC::computeControls, t = 2.11
[2023-08-15 22:06:49.979] [info] CMC::computeControls, t = 2.111
[2023-08-15 22:06:50.001] [info] CMC::computeControls, t = 2.112
[2023-08-15 22:06:50.022] [info] CMC::computeControls, t = 2.113
[2023-08-15 22:06:50.047] [info] CMC::computeControls, t = 2.114
[2023-08-15 22:06:50.069] [info] CMC::computeControls, t = 2.115
[2023-08-15 22:06:50.090] [info] CMC::computeControls, t = 2.116
[2023-08-15 22:06:50.115] [info] CMC::computeControls, t = 2.117
[2023-08-15 22:06:50.136] [info] CMC::computeControls, t = 2.118
[2023-08-15 22:06:50.157] [info] CMC::computeControls, t = 2.119
[2023-08-15 22:06:50.177] [info] CMC::computeControls, t = 2.12
[2023-08-15 22:06:50.197] [info] CMC::computeControls, t = 2.121
[2023-08-15 22:06:50.217] [info] CMC::computeControls, t = 2.122
[2023-08-15 22:06:50.236] [info] CMC::computeControls, t = 2.123
[2023-08-15 22:06:50.256] [info] CMC::computeControls, t = 2.124
[2023-08-15 22:06:50.275] [info] CMC::computeControls, t = 2.125
[2023-08-15 22:06:50.295] [info] CMC::computeControls, t = 2.126
[2023-08-15 22:06:50.314] [info] CMC::computeControls, t = 2.127
[2023-08-15 22:06:50.334] [info] CMC::computeControls, t = 2.128
[2023-08-15 22:06:50.354] [info] CMC::computeControls, t = 2.129
[2023-08-15 22:06:50.373] [info] CMC::computeControls, t = 2.13
[2023-08-15 22:06:50.392] [info] CMC::computeControls, t = 2.131
[2023-08-15 22:06:50.414] [info] CMC::computeControls, t = 2.132
[2023-08-15 22:06:50.435] [info] CMC::computeControls, t = 2.133
[2023-08-15 22:06:50.454] [info] CMC::computeControls, t = 2.134
[2023-08-15 22:06:50.473] [info] CMC::computeControls, t = 2.135
[2023-08-15 22:06:50.492] [info] CMC::computeControls, t = 2.136
[2023-08-15 22:06:50.511] [info] CMC::computeControls, t = 2.137
[2023-08-15 22:06:50.532] [info] CMC::computeControls, t = 2.138
[2023-08-15 22:06:50.554] [info] CMC::computeControls, t = 2.139
[2023-08-15 22:06:50.576] [info] CMC::computeControls, t = 2.14
[2023-08-15 22:06:50.604] [info] CMC::computeControls, t = 2.141
[2023-08-15 22:06:50.626] [info] CMC::computeControls, t = 2.142
[2023-08-15 22:06:50.649] [info] CMC::computeControls, t = 2.143
[2023-08-15 22:06:50.672] [info] CMC::computeControls, t = 2.144
[2023-08-15 22:06:50.693] [info] CMC::computeControls, t = 2.145
[2023-08-15 22:06:50.715] [info] CMC::computeControls, t = 2.146
[2023-08-15 22:06:50.736] [info] CMC::computeControls, t = 2.147
[2023-08-15 22:06:50.757] [info] CMC::computeControls, t = 2.148
[2023-08-15 22:06:50.779] [info] CMC::computeControls, t = 2.149
[2023-08-15 22:06:50.800] [info] CMC::computeControls, t = 2.15
[2023-08-15 22:06:50.821] [info] CMC::computeControls, t = 2.151
[2023-08-15 22:06:50.842] [info] CMC::computeControls, t = 2.152
[2023-08-15 22:06:50.863] [info] CMC::computeControls, t = 2.153
[2023-08-15 22:06:50.884] [info] CMC::computeControls, t = 2.154
[2023-08-15 22:06:50.906] [info] CMC::computeControls, t = 2.155
[2023-08-15 22:06:50.927] [info] -------------------------------------------
[2023-08-15 22:06:50.927] [info] Finished tracking the specified kinematics:
[2023-08-15 22:06:50.927] [info] -------------------------------------------
[2023-08-15 22:06:50.927] [info]  -- Start time = Tue Aug 15 22:06:40 2023
[2023-08-15 22:06:50.927] [info]  -- Finish time = Tue Aug 15 22:06:50 2023
[2023-08-15 22:06:50.927] [info]  -- Elapsed time = 10.0 seconds.
[2023-08-15 22:06:50.927] [info] -------------------------------------------
[2023-08-15 22:06:50.927] [info] 
[2023-08-15 22:06:50.927] [info] Printing results of investigation subject03_run5_cycle3_iter2 to cycle3/
[2023-08-15 22:06:51.426] [info] 

************************************************************
*      Summary of Mass Adjustments to Reduce Residuals     *
************************************************************
* Body adjusted: torso
* Mass Center (COM) adjustment: dx =0.0946749, dz =-0.00791104
* New COM location: ~[-0.0257158,0.331103,-0.0145061]
************************************************************
* Recommended mass adjustments:                             
*  Total mass change: -0.791503
*  pelvis: orig mass = 10.248, new mass = 10.124
*  femur_r: orig mass = 8.09379, new mass = 7.99584
*  tibia_r: orig mass = 3.22615, new mass = 3.18711
*  talus_r: orig mass = 0.0870169, new mass = 0.0859639
*  calcn_r: orig mass = 1.08771, new mass = 1.07455
*  toes_r: orig mass = 0.188479, new mass = 0.186198
*  femur_l: orig mass = 8.09379, new mass = 7.99584
*  tibia_l: orig mass = 3.22615, new mass = 3.18711
*  talus_l: orig mass = 0.0870169, new mass = 0.0859639
*  calcn_l: orig mass = 1.08771, new mass = 1.07455
*  toes_l: orig mass = 0.188479, new mass = 0.186198
*  torso: orig mass = 23.3437, new mass = 23.0612
*  humerus_r: orig mass = 1.76862, new mass = 1.74722
*  ulna_r: orig mass = 0.528628, new mass = 0.522231
*  radius_r: orig mass = 0.528628, new mass = 0.522231
*  hand_r: orig mass = 0.398102, new mass = 0.393284
*  humerus_l: orig mass = 1.76862, new mass = 1.74722
*  ulna_l: orig mass = 0.528628, new mass = 0.522231
*  radius_l: orig mass = 0.528628, new mass = 0.522231
*  hand_l: orig mass = 0.398102, new mass = 0.393284
************************************************************
* Note: Edit the model to make recommended adjustments to  *
*       mass properties.                                   *
************************************************************

* Average residuals before adjusting torso COM:
*  FX=6.74758 FY=7.762 FZ=-0.182845
*  MX=1.81102 MY=-3.14551 MZ=21.6733
************************************************************
* Average residuals after adjusting torso COM:
*  FX=6.71889 FY=6.88786 FZ=-0.877605
*  MX=-2.12364 MY=-2.45991 MZ=-0.222588
************************************************************


[2023-08-15 22:06:51.426] [info] 
************************************************************
*                   Final Average Residuals                *
************************************************************
* After torso COM and Kinematics adjustments:
*  FX=-0.814611 FY=2.06989 FZ=-0.20943
*  MX=-0.305102 MY=-0.68852 MZ=-1.20209
************************************************************


