[2023-08-15 22:02:24.221] [info] Storage: read data file = ..\rra1\cycle2\subject02_run5_cycle2_iter1_Kinematics_q.sto (nr=702 nc=38)
[2023-08-15 22:02:24.253] [info] Storage: read data file = ..\rra1\cycle2\subject02_run5_cycle2_iter1_Kinematics_q.sto (nr=702 nc=38)
[2023-08-15 22:02:24.306] [info] AbstractTool subject02_run5_cycle2_iter2 loading model ..\rra1\cycle2\subject02_run5_cycle2_rraAdjusted_iter1.osim
[2023-08-15 22:02:24.360] [info] Loaded model subject02_scaled from file ..\rra1\cycle2\subject02_run5_cycle2_rraAdjusted_iter1.osim
[2023-08-15 22:02:24.403] [info] Adding force object set from ..\subject02_run5_RRA_Actuators.xml
[2023-08-15 22:02:24.409] [info] Running tool subject02_run5_cycle2_iter2.
[2023-08-15 22:02:24.424] [warning] ExternalLoads 'externalloads' has subcomponents with duplicate name 'externalforce'. The duplicate is being renamed to 'externalforce_0'.
[2023-08-15 22:02:24.443] [info] 	taskSet size = 29.
[2023-08-15 22:02:24.495] [info] ExternalForce::externalforce Data source being set to Run_500 02_newCOP3_v24.mot
[2023-08-15 22:02:24.497] [info] ExternalForce::externalforce_0 Data source being set to Run_500 02_newCOP3_v24.mot
[2023-08-15 22:02:24.501] [warning] A desired points file was not specified.
[2023-08-15 22:02:24.501] [info] Loading desired kinematics from file '..\rra1\cycle2\subject02_run5_cycle2_iter1_Kinematics_q.sto'...
[2023-08-15 22:02:24.501] [info] Storage: read data file = ..\rra1\cycle2\subject02_run5_cycle2_iter1_Kinematics_q.sto (nr=702 nc=38)
[2023-08-15 22:02:24.529] [info] Not filtering the desired kinematics.
[2023-08-15 22:02:24.531] [cout] [info] MODEL: subject02_scaled

numStates = 74
numCoordinates = 37
numSpeeds = 37
numActuators = 29
numBodies = 20
numConstraints = 0
numProbes = 0

ANALYSES (total: 0)

BODIES (total: 20)
body[0] = pelvis. mass: 12.1916
              moments of inertia:  ~[0.115611,0.115611,0.0685758]
              products of inertia: ~[0,0,0]
body[1] = femur_r. mass: 9.62883
              moments of inertia:  ~[0.207019,0.0542672,0.218306]
              products of inertia: ~[0,0,0]
body[2] = tibia_r. mass: 3.83801
              moments of inertia:  ~[0.0585182,0.00469735,0.0585182]
              products of inertia: ~[0,0,0]
body[3] = talus_r. mass: 0.10352
              moments of inertia:  ~[0.00119979,0.00119979,0.00119979]
              products of inertia: ~[0,0,0]
body[4] = calcn_r. mass: 1.294
              moments of inertia:  ~[0.00167971,0.0046792,0.00491916]
              products of inertia: ~[0,0,0]
body[5] = toes_r. mass: 0.224225
              moments of inertia:  ~[0.000119979,0.000239959,0.00119979]
              products of inertia: ~[0,0,0]
body[6] = femur_l. mass: 9.62883
              moments of inertia:  ~[0.207019,0.0542672,0.218306]
              products of inertia: ~[0,0,0]
body[7] = tibia_l. mass: 3.83801
              moments of inertia:  ~[0.0585182,0.00469735,0.0585182]
              products of inertia: ~[0,0,0]
body[8] = talus_l. mass: 0.10352
              moments of inertia:  ~[0.00119979,0.00119979,0.00119979]
              products of inertia: ~[0,0,0]
body[9] = calcn_l. mass: 1.294
              moments of inertia:  ~[0.00167971,0.0046792,0.00491916]
              products of inertia: ~[0,0,0]
body[10] = toes_l. mass: 0.224225
              moments of inertia:  ~[0.000119979,0.000239959,0.00119979]
              products of inertia: ~[0,0,0]
body[11] = torso. mass: 27.771
              moments of inertia:  ~[1.51131,0.774358,1.46713]
              products of inertia: ~[0,0,0]
body[12] = humerus_r. mass: 2.10405
              moments of inertia:  ~[0.0151604,0.00522986,0.017017]
              products of inertia: ~[0,0,0]
body[13] = ulna_r. mass: 0.628886
              moments of inertia:  ~[0.00393111,0.000820198,0.00426423]
              products of inertia: ~[0,0,0]
body[14] = radius_r. mass: 0.628886
              moments of inertia:  ~[0.00393111,0.000820198,0.00426423]
              products of inertia: ~[0,0,0]
body[15] = hand_r. mass: 0.473605
              moments of inertia:  ~[0.00118385,0.000725968,0.00177842]
              products of inertia: ~[0,0,0]
body[16] = humerus_l. mass: 2.10405
              moments of inertia:  ~[0.0151604,0.00522986,0.017017]
              products of inertia: ~[0,0,0]
body[17] = ulna_l. mass: 0.628886
              moments of inertia:  ~[0.00393111,0.000820198,0.00426423]
              products of inertia: ~[0,0,0]
body[18] = radius_l. mass: 0.628886
              moments of inertia:  ~[0.00393111,0.000820198,0.00426423]
              products of inertia: ~[0,0,0]
body[19] = hand_l. mass: 0.473605
              moments of inertia:  ~[0.00118385,0.000725968,0.00177842]
              products of inertia: ~[0,0,0]

JOINTS (total: 20)
joint[0] = ground_pelvis. parent: ground_offset, child: pelvis_offset
joint[1] = hip_r. parent: pelvis_offset, child: femur_r_offset
joint[2] = knee_r. parent: femur_r_offset, child: tibia_r_offset
joint[3] = ankle_r. parent: tibia_r_offset, child: talus_r_offset
joint[4] = subtalar_r. parent: talus_r_offset, child: calcn_r_offset
joint[5] = mtp_r. parent: calcn_r_offset, child: toes_r_offset
joint[6] = hip_l. parent: pelvis_offset, child: femur_l_offset
joint[7] = knee_l. parent: femur_l_offset, child: tibia_l_offset
joint[8] = ankle_l. parent: tibia_l_offset, child: talus_l_offset
joint[9] = subtalar_l. parent: talus_l_offset, child: calcn_l_offset
joint[10] = mtp_l. parent: calcn_l_offset, child: toes_l_offset
joint[11] = back. parent: pelvis_offset, child: torso_offset
joint[12] = acromial_r. parent: torso_offset, child: humerus_r_offset
joint[13] = elbow_r. parent: humerus_r_offset, child: ulna_r_offset
joint[14] = radioulnar_r. parent: ulna_r_offset, child: radius_r_offset
joint[15] = radius_hand_r. parent: radius_r_offset, child: hand_r_offset
joint[16] = acromial_l. parent: torso_offset, child: humerus_l_offset
joint[17] = elbow_l. parent: humerus_l_offset, child: ulna_l_offset
joint[18] = radioulnar_l. parent: ulna_l_offset, child: radius_l_offset
joint[19] = radius_hand_l. parent: radius_l_offset, child: hand_l_offset

ACTUATORS (total: 29)
actuator[0] = FX
actuator[1] = FY
actuator[2] = FZ
actuator[3] = MZ
actuator[4] = MX
actuator[5] = MY
actuator[6] = hip_flexion_r
actuator[7] = hip_adduction_r
actuator[8] = hip_rotation_r
actuator[9] = knee_angle_r
actuator[10] = ankle_angle_r
actuator[11] = hip_flexion_l
actuator[12] = hip_adduction_l
actuator[13] = hip_rotation_l
actuator[14] = knee_angle_l
actuator[15] = ankle_angle_l
actuator[16] = lumbar_extension
actuator[17] = lumbar_bending
actuator[18] = lumbar_rotation
actuator[19] = arm_flex_r
actuator[20] = arm_add_r
actuator[21] = arm_rot_r
actuator[22] = elbow_flex_r
actuator[23] = pro_sup_r
actuator[24] = arm_flex_l
actuator[25] = arm_add_l
actuator[26] = arm_rot_l
actuator[27] = elbow_flex_l
actuator[28] = pro_sup_l

STATES (total: 74)
y[0] = /jointset/ground_pelvis/pelvis_tilt/value
y[1] = /jointset/ground_pelvis/pelvis_tilt/speed
y[2] = /jointset/ground_pelvis/pelvis_list/value
y[3] = /jointset/ground_pelvis/pelvis_list/speed
y[4] = /jointset/ground_pelvis/pelvis_rotation/value
y[5] = /jointset/ground_pelvis/pelvis_rotation/speed
y[6] = /jointset/ground_pelvis/pelvis_tx/value
y[7] = /jointset/ground_pelvis/pelvis_tx/speed
y[8] = /jointset/ground_pelvis/pelvis_ty/value
y[9] = /jointset/ground_pelvis/pelvis_ty/speed
y[10] = /jointset/ground_pelvis/pelvis_tz/value
y[11] = /jointset/ground_pelvis/pelvis_tz/speed
y[12] = /jointset/hip_r/hip_flexion_r/value
y[13] = /jointset/hip_r/hip_flexion_r/speed
y[14] = /jointset/hip_r/hip_adduction_r/value
y[15] = /jointset/hip_r/hip_adduction_r/speed
y[16] = /jointset/hip_r/hip_rotation_r/value
y[17] = /jointset/hip_r/hip_rotation_r/speed
y[18] = /jointset/knee_r/knee_angle_r/value
y[19] = /jointset/knee_r/knee_angle_r/speed
y[20] = /jointset/ankle_r/ankle_angle_r/value
y[21] = /jointset/ankle_r/ankle_angle_r/speed
y[22] = /jointset/subtalar_r/subtalar_angle_r/value
y[23] = /jointset/subtalar_r/subtalar_angle_r/speed
y[24] = /jointset/mtp_r/mtp_angle_r/value
y[25] = /jointset/mtp_r/mtp_angle_r/speed
y[26] = /jointset/hip_l/hip_flexion_l/value
y[27] = /jointset/hip_l/hip_flexion_l/speed
y[28] = /jointset/hip_l/hip_adduction_l/value
y[29] = /jointset/hip_l/hip_adduction_l/speed
y[30] = /jointset/hip_l/hip_rotation_l/value
y[31] = /jointset/hip_l/hip_rotation_l/speed
y[32] = /jointset/knee_l/knee_angle_l/value
y[33] = /jointset/knee_l/knee_angle_l/speed
y[34] = /jointset/ankle_l/ankle_angle_l/value
y[35] = /jointset/ankle_l/ankle_angle_l/speed
y[36] = /jointset/subtalar_l/subtalar_angle_l/value
y[37] = /jointset/subtalar_l/subtalar_angle_l/speed
y[38] = /jointset/mtp_l/mtp_angle_l/value
y[39] = /jointset/mtp_l/mtp_angle_l/speed
y[40] = /jointset/back/lumbar_extension/value
y[41] = /jointset/back/lumbar_extension/speed
y[42] = /jointset/back/lumbar_bending/value
y[43] = /jointset/back/lumbar_bending/speed
y[44] = /jointset/back/lumbar_rotation/value
y[45] = /jointset/back/lumbar_rotation/speed
y[46] = /jointset/acromial_r/arm_flex_r/value
y[47] = /jointset/acromial_r/arm_flex_r/speed
y[48] = /jointset/acromial_r/arm_add_r/value
y[49] = /jointset/acromial_r/arm_add_r/speed
y[50] = /jointset/acromial_r/arm_rot_r/value
y[51] = /jointset/acromial_r/arm_rot_r/speed
y[52] = /jointset/elbow_r/elbow_flex_r/value
y[53] = /jointset/elbow_r/elbow_flex_r/speed
y[54] = /jointset/radioulnar_r/pro_sup_r/value
y[55] = /jointset/radioulnar_r/pro_sup_r/speed
y[56] = /jointset/radius_hand_r/wrist_flex_r/value
y[57] = /jointset/radius_hand_r/wrist_flex_r/speed
y[58] = /jointset/radius_hand_r/wrist_dev_r/value
y[59] = /jointset/radius_hand_r/wrist_dev_r/speed
y[60] = /jointset/acromial_l/arm_flex_l/value
y[61] = /jointset/acromial_l/arm_flex_l/speed
y[62] = /jointset/acromial_l/arm_add_l/value
y[63] = /jointset/acromial_l/arm_add_l/speed
y[64] = /jointset/acromial_l/arm_rot_l/value
y[65] = /jointset/acromial_l/arm_rot_l/speed
y[66] = /jointset/elbow_l/elbow_flex_l/value
y[67] = /jointset/elbow_l/elbow_flex_l/speed
y[68] = /jointset/radioulnar_l/pro_sup_l/value
y[69] = /jointset/radioulnar_l/pro_sup_l/speed
y[70] = /jointset/radius_hand_l/wrist_flex_l/value
y[71] = /jointset/radius_hand_l/wrist_flex_l/speed
y[72] = /jointset/radius_hand_l/wrist_dev_l/value
y[73] = /jointset/radius_hand_l/wrist_dev_l/speed

[2023-08-15 22:02:24.957] [warning] Coordinate.setValue:  coordinate subtalar_angle_r is locked. Unable to change its value.
[2023-08-15 22:02:24.957] [warning] Coordinate.setValue:  coordinate mtp_angle_r is locked. Unable to change its value.
[2023-08-15 22:02:24.957] [warning] Coordinate.setValue:  coordinate subtalar_angle_l is locked. Unable to change its value.
[2023-08-15 22:02:24.957] [warning] Coordinate.setValue:  coordinate mtp_angle_l is locked. Unable to change its value.
[2023-08-15 22:02:24.957] [warning] Coordinate.setValue:  coordinate wrist_flex_r is locked. Unable to change its value.
[2023-08-15 22:02:24.957] [warning] Coordinate.setValue:  coordinate wrist_dev_r is locked. Unable to change its value.
[2023-08-15 22:02:24.957] [warning] Coordinate.setValue:  coordinate wrist_flex_l is locked. Unable to change its value.
[2023-08-15 22:02:24.957] [warning] Coordinate.setValue:  coordinate wrist_dev_l is locked. Unable to change its value.
[2023-08-15 22:02:25.045] [info] Requested COM adjustment time range 0.81563 to 1.46050, clamped to nearest available data times: 0.81563 to 1.46050.
[2023-08-15 22:02:25.046] [info] Computing average residuals between 0.81563 and 1.46050...
[2023-08-15 22:02:25.117] [info] ExternalForce::externalforce Data source being set to Run_500 02_newCOP3_v24.mot
[2023-08-15 22:02:25.117] [info] ExternalForce::externalforce_0 Data source being set to Run_500 02_newCOP3_v24.mot
[2023-08-15 22:02:25.172] [info] ExternalForce::externalforce Data source being set to Run_500 02_newCOP3_v24.mot
[2023-08-15 22:02:25.172] [info] ExternalForce::externalforce_0 Data source being set to Run_500 02_newCOP3_v24.mot
[2023-08-15 22:02:29.140] [info] ExternalForce::externalforce Data source being set to Run_500 02_newCOP3_v24.mot
[2023-08-15 22:02:29.140] [info] ExternalForce::externalforce_0 Data source being set to Run_500 02_newCOP3_v24.mot
[2023-08-15 22:02:29.144] [info] Computing average residuals between 0.81563 and 1.46050...
[2023-08-15 22:02:29.215] [info] ExternalForce::externalforce Data source being set to Run_500 02_newCOP3_v24.mot
[2023-08-15 22:02:29.215] [info] ExternalForce::externalforce_0 Data source being set to Run_500 02_newCOP3_v24.mot
[2023-08-15 22:02:29.274] [info] ExternalForce::externalforce Data source being set to Run_500 02_newCOP3_v24.mot
[2023-08-15 22:02:29.274] [info] ExternalForce::externalforce_0 Data source being set to Run_500 02_newCOP3_v24.mot
[2023-08-15 22:02:33.585] [info] Constructing function set for tracking desired kinematics...
[2023-08-15 22:02:34.470] [warning] No Actuation analysis found in analysis set, adding one...
[2023-08-15 22:02:34.470] [warning] No Kinematics analysis found in analysis set, adding one...
[2023-08-15 22:02:34.473] [info] Using the generalized coordinates specified in '..\rra1\cycle2\subject02_run5_cycle2_iter1_Kinematics_q.sto' to set the initial configuration.
[2023-08-15 22:02:34.682] [info] Using IPOPT optimizer algorithm.
[2023-08-15 22:02:34.682] [info] Setting optimizer print level to 0.
[2023-08-15 22:02:34.682] [info] Setting optimizer convergence tolerance to 1.0e-05.
[2023-08-15 22:02:34.682] [info] Setting optimizer maximum iterations to 2000.
[2023-08-15 22:02:34.682] [info] Setting cmc controller to not use verbose printing.

[2023-08-15 22:02:34.683] [info] CMC::computeControls, t = 0.81563
[2023-08-15 22:02:35.447] [info] --------------------------------------------
[2023-08-15 22:02:35.447] [info] Using CMC to track the specified kinematics:
[2023-08-15 22:02:35.447] [info] --------------------------------------------
[2023-08-15 22:02:35.447] [info]  -- Integrating from 0.81563 to 1.46050
[2023-08-15 22:02:35.447] [info]  -- Start time = Tue Aug 15 22:02:35 2023
[2023-08-15 22:02:35.447] [info] --------------------------------------------
[2023-08-15 22:02:35.447] [info] 
[2023-08-15 22:02:35.452] [info] CMC::computeControls, t = 0.81563
[2023-08-15 22:02:35.483] [info] CMC::computeControls, t = 0.81663
[2023-08-15 22:02:35.484] [warning] Coordinate.setValue:  coordinate subtalar_angle_r is locked. Unable to change its value.
[2023-08-15 22:02:35.484] [warning] Coordinate.setValue:  coordinate mtp_angle_r is locked. Unable to change its value.
[2023-08-15 22:02:35.484] [warning] Coordinate.setValue:  coordinate subtalar_angle_l is locked. Unable to change its value.
[2023-08-15 22:02:35.484] [warning] Coordinate.setValue:  coordinate mtp_angle_l is locked. Unable to change its value.
[2023-08-15 22:02:35.484] [warning] Coordinate.setValue:  coordinate wrist_flex_r is locked. Unable to change its value.
[2023-08-15 22:02:35.484] [warning] Coordinate.setValue:  coordinate wrist_dev_r is locked. Unable to change its value.
[2023-08-15 22:02:35.484] [warning] Coordinate.setValue:  coordinate wrist_flex_l is locked. Unable to change its value.
[2023-08-15 22:02:35.484] [warning] Coordinate.setValue:  coordinate wrist_dev_l is locked. Unable to change its value.
[2023-08-15 22:02:35.512] [info] CMC::computeControls, t = 0.81763
[2023-08-15 22:02:35.542] [info] CMC::computeControls, t = 0.81863
[2023-08-15 22:02:35.571] [info] CMC::computeControls, t = 0.81963
[2023-08-15 22:02:35.601] [info] CMC::computeControls, t = 0.820630
[2023-08-15 22:02:35.631] [info] CMC::computeControls, t = 0.82163
[2023-08-15 22:02:35.662] [info] CMC::computeControls, t = 0.82263
[2023-08-15 22:02:35.689] [info] CMC::computeControls, t = 0.82363
[2023-08-15 22:02:35.717] [info] CMC::computeControls, t = 0.82463
[2023-08-15 22:02:35.744] [info] CMC::computeControls, t = 0.82563
[2023-08-15 22:02:35.772] [info] CMC::computeControls, t = 0.82663
[2023-08-15 22:02:35.799] [info] CMC::computeControls, t = 0.82763
[2023-08-15 22:02:35.824] [info] CMC::computeControls, t = 0.82863
[2023-08-15 22:02:35.851] [info] CMC::computeControls, t = 0.82963
[2023-08-15 22:02:35.880] [info] CMC::computeControls, t = 0.830630
[2023-08-15 22:02:35.905] [info] CMC::computeControls, t = 0.83163
[2023-08-15 22:02:35.929] [info] CMC::computeControls, t = 0.83263
[2023-08-15 22:02:35.952] [info] CMC::computeControls, t = 0.83363
[2023-08-15 22:02:35.979] [info] CMC::computeControls, t = 0.83463
[2023-08-15 22:02:36.008] [info] CMC::computeControls, t = 0.83563
[2023-08-15 22:02:36.039] [info] CMC::computeControls, t = 0.83663
[2023-08-15 22:02:36.063] [info] CMC::computeControls, t = 0.83763
[2023-08-15 22:02:36.093] [info] CMC::computeControls, t = 0.83863
[2023-08-15 22:02:36.117] [info] CMC::computeControls, t = 0.83963
[2023-08-15 22:02:36.142] [info] CMC::computeControls, t = 0.840630
[2023-08-15 22:02:36.173] [info] CMC::computeControls, t = 0.84163
[2023-08-15 22:02:36.201] [info] CMC::computeControls, t = 0.84263
[2023-08-15 22:02:36.225] [info] CMC::computeControls, t = 0.84363
[2023-08-15 22:02:36.247] [info] CMC::computeControls, t = 0.84463
[2023-08-15 22:02:36.268] [info] CMC::computeControls, t = 0.84563
[2023-08-15 22:02:36.289] [info] CMC::computeControls, t = 0.84663
[2023-08-15 22:02:36.313] [info] CMC::computeControls, t = 0.84763
[2023-08-15 22:02:36.337] [info] CMC::computeControls, t = 0.84863
[2023-08-15 22:02:36.361] [info] CMC::computeControls, t = 0.84963
[2023-08-15 22:02:36.386] [info] CMC::computeControls, t = 0.850630
[2023-08-15 22:02:36.409] [info] CMC::computeControls, t = 0.85163
[2023-08-15 22:02:36.434] [info] CMC::computeControls, t = 0.85263
[2023-08-15 22:02:36.457] [info] CMC::computeControls, t = 0.85363
[2023-08-15 22:02:36.480] [info] CMC::computeControls, t = 0.85463
[2023-08-15 22:02:36.503] [info] CMC::computeControls, t = 0.85563
[2023-08-15 22:02:36.527] [info] CMC::computeControls, t = 0.85663
[2023-08-15 22:02:36.550] [info] CMC::computeControls, t = 0.85763
[2023-08-15 22:02:36.576] [info] CMC::computeControls, t = 0.85863
[2023-08-15 22:02:36.603] [info] CMC::computeControls, t = 0.85963
[2023-08-15 22:02:36.627] [info] CMC::computeControls, t = 0.860630
[2023-08-15 22:02:36.655] [info] CMC::computeControls, t = 0.86163
[2023-08-15 22:02:36.680] [info] CMC::computeControls, t = 0.86263
[2023-08-15 22:02:36.704] [info] CMC::computeControls, t = 0.86363
[2023-08-15 22:02:36.733] [info] CMC::computeControls, t = 0.86463
[2023-08-15 22:02:36.761] [info] CMC::computeControls, t = 0.86563
[2023-08-15 22:02:36.789] [info] CMC::computeControls, t = 0.86663
[2023-08-15 22:02:36.816] [info] CMC::computeControls, t = 0.86763
[2023-08-15 22:02:36.842] [info] CMC::computeControls, t = 0.86863
[2023-08-15 22:02:36.868] [info] CMC::computeControls, t = 0.86963
[2023-08-15 22:02:36.891] [info] CMC::computeControls, t = 0.870630
[2023-08-15 22:02:36.915] [info] CMC::computeControls, t = 0.87163
[2023-08-15 22:02:36.941] [info] CMC::computeControls, t = 0.87263
[2023-08-15 22:02:36.965] [info] CMC::computeControls, t = 0.87363
[2023-08-15 22:02:36.988] [info] CMC::computeControls, t = 0.87463
[2023-08-15 22:02:37.014] [info] CMC::computeControls, t = 0.87563
[2023-08-15 22:02:37.039] [info] CMC::computeControls, t = 0.87663
[2023-08-15 22:02:37.064] [info] CMC::computeControls, t = 0.87763
[2023-08-15 22:02:37.089] [info] CMC::computeControls, t = 0.87863
[2023-08-15 22:02:37.113] [info] CMC::computeControls, t = 0.87963
[2023-08-15 22:02:37.142] [info] CMC::computeControls, t = 0.880630
[2023-08-15 22:02:37.167] [info] CMC::computeControls, t = 0.88163
[2023-08-15 22:02:37.191] [info] CMC::computeControls, t = 0.88263
[2023-08-15 22:02:37.215] [info] CMC::computeControls, t = 0.88363
[2023-08-15 22:02:37.242] [info] CMC::computeControls, t = 0.88463
[2023-08-15 22:02:37.267] [info] CMC::computeControls, t = 0.88563
[2023-08-15 22:02:37.290] [info] CMC::computeControls, t = 0.88663
[2023-08-15 22:02:37.312] [info] CMC::computeControls, t = 0.88763
[2023-08-15 22:02:37.334] [info] CMC::computeControls, t = 0.88863
[2023-08-15 22:02:37.357] [info] CMC::computeControls, t = 0.88963
[2023-08-15 22:02:37.381] [info] CMC::computeControls, t = 0.890630
[2023-08-15 22:02:37.405] [info] CMC::computeControls, t = 0.89163
[2023-08-15 22:02:37.432] [info] CMC::computeControls, t = 0.89263
[2023-08-15 22:02:37.455] [info] CMC::computeControls, t = 0.89363
[2023-08-15 22:02:37.480] [info] CMC::computeControls, t = 0.89463
[2023-08-15 22:02:37.502] [info] CMC::computeControls, t = 0.89563
[2023-08-15 22:02:37.528] [info] CMC::computeControls, t = 0.89663
[2023-08-15 22:02:37.555] [info] CMC::computeControls, t = 0.89763
[2023-08-15 22:02:37.578] [info] CMC::computeControls, t = 0.89863
[2023-08-15 22:02:37.599] [info] CMC::computeControls, t = 0.89963
[2023-08-15 22:02:37.623] [info] CMC::computeControls, t = 0.900630
[2023-08-15 22:02:37.646] [info] CMC::computeControls, t = 0.901630
[2023-08-15 22:02:37.667] [info] CMC::computeControls, t = 0.902630
[2023-08-15 22:02:37.691] [info] CMC::computeControls, t = 0.903630
[2023-08-15 22:02:37.714] [info] CMC::computeControls, t = 0.904630
[2023-08-15 22:02:37.737] [info] CMC::computeControls, t = 0.905630
[2023-08-15 22:02:37.758] [info] CMC::computeControls, t = 0.906630
[2023-08-15 22:02:37.780] [info] CMC::computeControls, t = 0.907630
[2023-08-15 22:02:37.802] [info] CMC::computeControls, t = 0.908630
[2023-08-15 22:02:37.826] [info] CMC::computeControls, t = 0.909630
[2023-08-15 22:02:37.851] [info] CMC::computeControls, t = 0.910630
[2023-08-15 22:02:37.877] [info] CMC::computeControls, t = 0.91163
[2023-08-15 22:02:37.901] [info] CMC::computeControls, t = 0.91263
[2023-08-15 22:02:37.924] [info] CMC::computeControls, t = 0.91363
[2023-08-15 22:02:37.948] [info] CMC::computeControls, t = 0.91463
[2023-08-15 22:02:37.969] [info] CMC::computeControls, t = 0.91563
[2023-08-15 22:02:37.994] [info] CMC::computeControls, t = 0.91663
[2023-08-15 22:02:38.021] [info] CMC::computeControls, t = 0.91763
[2023-08-15 22:02:38.047] [info] CMC::computeControls, t = 0.91863
[2023-08-15 22:02:38.070] [info] CMC::computeControls, t = 0.91963
[2023-08-15 22:02:38.095] [info] CMC::computeControls, t = 0.920630
[2023-08-15 22:02:38.117] [info] CMC::computeControls, t = 0.92163
[2023-08-15 22:02:38.143] [info] CMC::computeControls, t = 0.92263
[2023-08-15 22:02:38.161] [info] CMC::computeControls, t = 0.92363
[2023-08-15 22:02:38.183] [info] CMC::computeControls, t = 0.92463
[2023-08-15 22:02:38.208] [info] CMC::computeControls, t = 0.92563
[2023-08-15 22:02:38.231] [info] CMC::computeControls, t = 0.92663
[2023-08-15 22:02:38.255] [info] CMC::computeControls, t = 0.92763
[2023-08-15 22:02:38.278] [info] CMC::computeControls, t = 0.92863
[2023-08-15 22:02:38.301] [info] CMC::computeControls, t = 0.92963
[2023-08-15 22:02:38.327] [info] CMC::computeControls, t = 0.930630
[2023-08-15 22:02:38.354] [info] CMC::computeControls, t = 0.93163
[2023-08-15 22:02:38.375] [info] CMC::computeControls, t = 0.93263
[2023-08-15 22:02:38.395] [info] CMC::computeControls, t = 0.93363
[2023-08-15 22:02:38.421] [info] CMC::computeControls, t = 0.93463
[2023-08-15 22:02:38.449] [info] CMC::computeControls, t = 0.93563
[2023-08-15 22:02:38.478] [info] CMC::computeControls, t = 0.93663
[2023-08-15 22:02:38.506] [info] CMC::computeControls, t = 0.93763
[2023-08-15 22:02:38.534] [info] CMC::computeControls, t = 0.93863
[2023-08-15 22:02:38.562] [info] CMC::computeControls, t = 0.93963
[2023-08-15 22:02:38.590] [info] CMC::computeControls, t = 0.940630
[2023-08-15 22:02:38.619] [info] CMC::computeControls, t = 0.94163
[2023-08-15 22:02:38.648] [info] CMC::computeControls, t = 0.94263
[2023-08-15 22:02:38.677] [info] CMC::computeControls, t = 0.94363
[2023-08-15 22:02:38.706] [info] CMC::computeControls, t = 0.94463
[2023-08-15 22:02:38.731] [info] CMC::computeControls, t = 0.94563
[2023-08-15 22:02:38.757] [info] CMC::computeControls, t = 0.94663
[2023-08-15 22:02:38.780] [info] CMC::computeControls, t = 0.94763
[2023-08-15 22:02:38.803] [info] CMC::computeControls, t = 0.94863
[2023-08-15 22:02:38.826] [info] CMC::computeControls, t = 0.94963
[2023-08-15 22:02:38.853] [info] CMC::computeControls, t = 0.950630
[2023-08-15 22:02:38.877] [info] CMC::computeControls, t = 0.95163
[2023-08-15 22:02:38.902] [info] CMC::computeControls, t = 0.95263
[2023-08-15 22:02:38.926] [info] CMC::computeControls, t = 0.95363
[2023-08-15 22:02:38.953] [info] CMC::computeControls, t = 0.95463
[2023-08-15 22:02:38.978] [info] CMC::computeControls, t = 0.95563
[2023-08-15 22:02:39.004] [info] CMC::computeControls, t = 0.95663
[2023-08-15 22:02:39.034] [info] CMC::computeControls, t = 0.95763
[2023-08-15 22:02:39.059] [info] CMC::computeControls, t = 0.95863
[2023-08-15 22:02:39.082] [info] CMC::computeControls, t = 0.95963
[2023-08-15 22:02:39.104] [info] CMC::computeControls, t = 0.960630
[2023-08-15 22:02:39.126] [info] CMC::computeControls, t = 0.96163
[2023-08-15 22:02:39.150] [info] CMC::computeControls, t = 0.96263
[2023-08-15 22:02:39.170] [info] CMC::computeControls, t = 0.96363
[2023-08-15 22:02:39.192] [info] CMC::computeControls, t = 0.96463
[2023-08-15 22:02:39.215] [info] CMC::computeControls, t = 0.96563
[2023-08-15 22:02:39.240] [info] CMC::computeControls, t = 0.96663
[2023-08-15 22:02:39.260] [info] CMC::computeControls, t = 0.96763
[2023-08-15 22:02:39.281] [info] CMC::computeControls, t = 0.96863
[2023-08-15 22:02:39.300] [info] CMC::computeControls, t = 0.96963
[2023-08-15 22:02:39.320] [info] CMC::computeControls, t = 0.970630
[2023-08-15 22:02:39.339] [info] CMC::computeControls, t = 0.97163
[2023-08-15 22:02:39.361] [info] CMC::computeControls, t = 0.97263
[2023-08-15 22:02:39.382] [info] CMC::computeControls, t = 0.97363
[2023-08-15 22:02:39.403] [info] CMC::computeControls, t = 0.97463
[2023-08-15 22:02:39.424] [info] CMC::computeControls, t = 0.97563
[2023-08-15 22:02:39.443] [info] CMC::computeControls, t = 0.97663
[2023-08-15 22:02:39.464] [info] CMC::computeControls, t = 0.97763
[2023-08-15 22:02:39.489] [info] CMC::computeControls, t = 0.97863
[2023-08-15 22:02:39.512] [info] CMC::computeControls, t = 0.97963
[2023-08-15 22:02:39.534] [info] CMC::computeControls, t = 0.980630
[2023-08-15 22:02:39.555] [info] CMC::computeControls, t = 0.98163
[2023-08-15 22:02:39.585] [info] CMC::computeControls, t = 0.98263
[2023-08-15 22:02:39.611] [info] CMC::computeControls, t = 0.98363
[2023-08-15 22:02:39.634] [info] CMC::computeControls, t = 0.98463
[2023-08-15 22:02:39.658] [info] CMC::computeControls, t = 0.98563
[2023-08-15 22:02:39.680] [info] CMC::computeControls, t = 0.98663
[2023-08-15 22:02:39.702] [info] CMC::computeControls, t = 0.98763
[2023-08-15 22:02:39.727] [info] CMC::computeControls, t = 0.98863
[2023-08-15 22:02:39.749] [info] CMC::computeControls, t = 0.98963
[2023-08-15 22:02:39.772] [info] CMC::computeControls, t = 0.990630
[2023-08-15 22:02:39.793] [info] CMC::computeControls, t = 0.99163
[2023-08-15 22:02:39.817] [info] CMC::computeControls, t = 0.99263
[2023-08-15 22:02:39.838] [info] CMC::computeControls, t = 0.99363
[2023-08-15 22:02:39.858] [info] CMC::computeControls, t = 0.99463
[2023-08-15 22:02:39.880] [info] CMC::computeControls, t = 0.99563
[2023-08-15 22:02:39.905] [info] CMC::computeControls, t = 0.99663
[2023-08-15 22:02:39.932] [info] CMC::computeControls, t = 0.99763
[2023-08-15 22:02:39.953] [info] CMC::computeControls, t = 0.99863
[2023-08-15 22:02:39.975] [info] CMC::computeControls, t = 0.99963
[2023-08-15 22:02:39.999] [info] CMC::computeControls, t = 1.00063
[2023-08-15 22:02:40.026] [info] CMC::computeControls, t = 1.00163
[2023-08-15 22:02:40.050] [info] CMC::computeControls, t = 1.00263
[2023-08-15 22:02:40.076] [info] CMC::computeControls, t = 1.00363
[2023-08-15 22:02:40.103] [info] CMC::computeControls, t = 1.00463
[2023-08-15 22:02:40.130] [info] CMC::computeControls, t = 1.00563
[2023-08-15 22:02:40.156] [info] CMC::computeControls, t = 1.00663
[2023-08-15 22:02:40.181] [info] CMC::computeControls, t = 1.00763
[2023-08-15 22:02:40.203] [info] CMC::computeControls, t = 1.00863
[2023-08-15 22:02:40.228] [info] CMC::computeControls, t = 1.00963
[2023-08-15 22:02:40.252] [info] CMC::computeControls, t = 1.01063
[2023-08-15 22:02:40.275] [info] CMC::computeControls, t = 1.01163
[2023-08-15 22:02:40.302] [info] CMC::computeControls, t = 1.01263
[2023-08-15 22:02:40.324] [info] CMC::computeControls, t = 1.01363
[2023-08-15 22:02:40.344] [info] CMC::computeControls, t = 1.01463
[2023-08-15 22:02:40.365] [info] CMC::computeControls, t = 1.01563
[2023-08-15 22:02:40.384] [info] CMC::computeControls, t = 1.01663
[2023-08-15 22:02:40.404] [info] CMC::computeControls, t = 1.01763
[2023-08-15 22:02:40.425] [info] CMC::computeControls, t = 1.01863
[2023-08-15 22:02:40.444] [info] CMC::computeControls, t = 1.01963
[2023-08-15 22:02:40.464] [info] CMC::computeControls, t = 1.02063
[2023-08-15 22:02:40.484] [info] CMC::computeControls, t = 1.02163
[2023-08-15 22:02:40.506] [info] CMC::computeControls, t = 1.02263
[2023-08-15 22:02:40.527] [info] CMC::computeControls, t = 1.02363
[2023-08-15 22:02:40.546] [info] CMC::computeControls, t = 1.02463
[2023-08-15 22:02:40.567] [info] CMC::computeControls, t = 1.02563
[2023-08-15 22:02:40.589] [info] CMC::computeControls, t = 1.02663
[2023-08-15 22:02:40.610] [info] CMC::computeControls, t = 1.02763
[2023-08-15 22:02:40.630] [info] CMC::computeControls, t = 1.02863
[2023-08-15 22:02:40.650] [info] CMC::computeControls, t = 1.02963
[2023-08-15 22:02:40.669] [info] CMC::computeControls, t = 1.03063
[2023-08-15 22:02:40.689] [info] CMC::computeControls, t = 1.03163
[2023-08-15 22:02:40.711] [info] CMC::computeControls, t = 1.03263
[2023-08-15 22:02:40.741] [info] CMC::computeControls, t = 1.03363
[2023-08-15 22:02:40.770] [info] CMC::computeControls, t = 1.03463
[2023-08-15 22:02:40.796] [info] CMC::computeControls, t = 1.03563
[2023-08-15 22:02:40.825] [info] CMC::computeControls, t = 1.03663
[2023-08-15 22:02:40.851] [info] CMC::computeControls, t = 1.03763
[2023-08-15 22:02:40.880] [info] CMC::computeControls, t = 1.03863
[2023-08-15 22:02:40.903] [info] CMC::computeControls, t = 1.03963
[2023-08-15 22:02:40.929] [info] CMC::computeControls, t = 1.04063
[2023-08-15 22:02:40.958] [info] CMC::computeControls, t = 1.04163
[2023-08-15 22:02:40.985] [info] CMC::computeControls, t = 1.04263
[2023-08-15 22:02:41.013] [info] CMC::computeControls, t = 1.04363
[2023-08-15 22:02:41.045] [info] CMC::computeControls, t = 1.04463
[2023-08-15 22:02:41.071] [info] CMC::computeControls, t = 1.04563
[2023-08-15 22:02:41.098] [info] CMC::computeControls, t = 1.04663
[2023-08-15 22:02:41.124] [info] CMC::computeControls, t = 1.04763
[2023-08-15 22:02:41.148] [info] CMC::computeControls, t = 1.04863
[2023-08-15 22:02:41.169] [info] CMC::computeControls, t = 1.04963
[2023-08-15 22:02:41.191] [info] CMC::computeControls, t = 1.05063
[2023-08-15 22:02:41.213] [info] CMC::computeControls, t = 1.05163
[2023-08-15 22:02:41.236] [info] CMC::computeControls, t = 1.05263
[2023-08-15 22:02:41.262] [info] CMC::computeControls, t = 1.05363
[2023-08-15 22:02:41.287] [info] CMC::computeControls, t = 1.05463
[2023-08-15 22:02:41.320] [info] CMC::computeControls, t = 1.05563
[2023-08-15 22:02:41.349] [info] CMC::computeControls, t = 1.05663
[2023-08-15 22:02:41.377] [info] CMC::computeControls, t = 1.05763
[2023-08-15 22:02:41.406] [info] CMC::computeControls, t = 1.05863
[2023-08-15 22:02:41.435] [info] CMC::computeControls, t = 1.05963
[2023-08-15 22:02:41.459] [info] CMC::computeControls, t = 1.06063
[2023-08-15 22:02:41.482] [info] CMC::computeControls, t = 1.06163
[2023-08-15 22:02:41.509] [info] CMC::computeControls, t = 1.06263
[2023-08-15 22:02:41.540] [info] CMC::computeControls, t = 1.06363
[2023-08-15 22:02:41.569] [info] CMC::computeControls, t = 1.06463
[2023-08-15 22:02:41.594] [info] CMC::computeControls, t = 1.06563
[2023-08-15 22:02:41.618] [info] CMC::computeControls, t = 1.06663
[2023-08-15 22:02:41.639] [info] CMC::computeControls, t = 1.06763
[2023-08-15 22:02:41.660] [info] CMC::computeControls, t = 1.06863
[2023-08-15 22:02:41.681] [info] CMC::computeControls, t = 1.06963
[2023-08-15 22:02:41.705] [info] CMC::computeControls, t = 1.07063
[2023-08-15 22:02:41.727] [info] CMC::computeControls, t = 1.07163
[2023-08-15 22:02:41.748] [info] CMC::computeControls, t = 1.07263
[2023-08-15 22:02:41.772] [info] CMC::computeControls, t = 1.07363
[2023-08-15 22:02:41.796] [info] CMC::computeControls, t = 1.07463
[2023-08-15 22:02:41.819] [info] CMC::computeControls, t = 1.07563
[2023-08-15 22:02:41.843] [info] CMC::computeControls, t = 1.07663
[2023-08-15 22:02:41.874] [info] CMC::computeControls, t = 1.07763
[2023-08-15 22:02:41.901] [info] CMC::computeControls, t = 1.07863
[2023-08-15 22:02:41.927] [info] CMC::computeControls, t = 1.07963
[2023-08-15 22:02:41.952] [info] CMC::computeControls, t = 1.08063
[2023-08-15 22:02:41.977] [info] CMC::computeControls, t = 1.08163
[2023-08-15 22:02:42.000] [info] CMC::computeControls, t = 1.08263
[2023-08-15 22:02:42.027] [info] CMC::computeControls, t = 1.08363
[2023-08-15 22:02:42.052] [info] CMC::computeControls, t = 1.08463
[2023-08-15 22:02:42.077] [info] CMC::computeControls, t = 1.08563
[2023-08-15 22:02:42.103] [info] CMC::computeControls, t = 1.08663
[2023-08-15 22:02:42.127] [info] CMC::computeControls, t = 1.08763
[2023-08-15 22:02:42.151] [info] CMC::computeControls, t = 1.08863
[2023-08-15 22:02:42.176] [info] CMC::computeControls, t = 1.08963
[2023-08-15 22:02:42.201] [info] CMC::computeControls, t = 1.09063
[2023-08-15 22:02:42.226] [info] CMC::computeControls, t = 1.09163
[2023-08-15 22:02:42.251] [info] CMC::computeControls, t = 1.09263
[2023-08-15 22:02:42.276] [info] CMC::computeControls, t = 1.09363
[2023-08-15 22:02:42.300] [info] CMC::computeControls, t = 1.09463
[2023-08-15 22:02:42.324] [info] CMC::computeControls, t = 1.09563
[2023-08-15 22:02:42.346] [info] CMC::computeControls, t = 1.09663
[2023-08-15 22:02:42.367] [info] CMC::computeControls, t = 1.09763
[2023-08-15 22:02:42.395] [info] CMC::computeControls, t = 1.09863
[2023-08-15 22:02:42.423] [info] CMC::computeControls, t = 1.09963
[2023-08-15 22:02:42.448] [info] CMC::computeControls, t = 1.10063
[2023-08-15 22:02:42.472] [info] CMC::computeControls, t = 1.10163
[2023-08-15 22:02:42.494] [info] CMC::computeControls, t = 1.10263
[2023-08-15 22:02:42.516] [info] CMC::computeControls, t = 1.10363
[2023-08-15 22:02:42.538] [info] CMC::computeControls, t = 1.10463
[2023-08-15 22:02:42.562] [info] CMC::computeControls, t = 1.10563
[2023-08-15 22:02:42.584] [info] CMC::computeControls, t = 1.10663
[2023-08-15 22:02:42.605] [info] CMC::computeControls, t = 1.10763
[2023-08-15 22:02:42.627] [info] CMC::computeControls, t = 1.10863
[2023-08-15 22:02:42.650] [info] CMC::computeControls, t = 1.10963
[2023-08-15 22:02:42.675] [info] CMC::computeControls, t = 1.11063
[2023-08-15 22:02:42.698] [info] CMC::computeControls, t = 1.11163
[2023-08-15 22:02:42.723] [info] CMC::computeControls, t = 1.11263
[2023-08-15 22:02:42.746] [info] CMC::computeControls, t = 1.11363
[2023-08-15 22:02:42.769] [info] CMC::computeControls, t = 1.11463
[2023-08-15 22:02:42.792] [info] CMC::computeControls, t = 1.11563
[2023-08-15 22:02:42.815] [info] CMC::computeControls, t = 1.11663
[2023-08-15 22:02:42.838] [info] CMC::computeControls, t = 1.11763
[2023-08-15 22:02:42.861] [info] CMC::computeControls, t = 1.11863
[2023-08-15 22:02:42.885] [info] CMC::computeControls, t = 1.11963
[2023-08-15 22:02:42.908] [info] CMC::computeControls, t = 1.12063
[2023-08-15 22:02:42.932] [info] CMC::computeControls, t = 1.12163
[2023-08-15 22:02:42.955] [info] CMC::computeControls, t = 1.12263
[2023-08-15 22:02:42.979] [info] CMC::computeControls, t = 1.12363
[2023-08-15 22:02:43.002] [info] CMC::computeControls, t = 1.12463
[2023-08-15 22:02:43.025] [info] CMC::computeControls, t = 1.12563
[2023-08-15 22:02:43.046] [info] CMC::computeControls, t = 1.12663
[2023-08-15 22:02:43.070] [info] CMC::computeControls, t = 1.12763
[2023-08-15 22:02:43.095] [info] CMC::computeControls, t = 1.12863
[2023-08-15 22:02:43.119] [info] CMC::computeControls, t = 1.12963
[2023-08-15 22:02:43.144] [info] CMC::computeControls, t = 1.13063
[2023-08-15 22:02:43.170] [info] CMC::computeControls, t = 1.13163
[2023-08-15 22:02:43.193] [info] CMC::computeControls, t = 1.13263
[2023-08-15 22:02:43.220] [info] CMC::computeControls, t = 1.13363
[2023-08-15 22:02:43.250] [info] CMC::computeControls, t = 1.13463
[2023-08-15 22:02:43.276] [info] CMC::computeControls, t = 1.13563
[2023-08-15 22:02:43.304] [info] CMC::computeControls, t = 1.13663
[2023-08-15 22:02:43.336] [info] CMC::computeControls, t = 1.13763
[2023-08-15 22:02:43.367] [info] CMC::computeControls, t = 1.13863
[2023-08-15 22:02:43.392] [info] CMC::computeControls, t = 1.13963
[2023-08-15 22:02:43.417] [info] CMC::computeControls, t = 1.14063
[2023-08-15 22:02:43.447] [info] CMC::computeControls, t = 1.14163
[2023-08-15 22:02:43.474] [info] CMC::computeControls, t = 1.14263
[2023-08-15 22:02:43.500] [info] CMC::computeControls, t = 1.14363
[2023-08-15 22:02:43.522] [info] CMC::computeControls, t = 1.14463
[2023-08-15 22:02:43.545] [info] CMC::computeControls, t = 1.14563
[2023-08-15 22:02:43.569] [info] CMC::computeControls, t = 1.14663
[2023-08-15 22:02:43.592] [info] CMC::computeControls, t = 1.14763
[2023-08-15 22:02:43.616] [info] CMC::computeControls, t = 1.14863
[2023-08-15 22:02:43.646] [info] CMC::computeControls, t = 1.14963
[2023-08-15 22:02:43.669] [info] CMC::computeControls, t = 1.15063
[2023-08-15 22:02:43.693] [info] CMC::computeControls, t = 1.15163
[2023-08-15 22:02:43.716] [info] CMC::computeControls, t = 1.15263
[2023-08-15 22:02:43.737] [info] CMC::computeControls, t = 1.15363
[2023-08-15 22:02:43.763] [info] CMC::computeControls, t = 1.15463
[2023-08-15 22:02:43.786] [info] CMC::computeControls, t = 1.15563
[2023-08-15 22:02:43.809] [info] CMC::computeControls, t = 1.15663
[2023-08-15 22:02:43.840] [info] CMC::computeControls, t = 1.15763
[2023-08-15 22:02:43.867] [info] CMC::computeControls, t = 1.15863
[2023-08-15 22:02:43.896] [info] CMC::computeControls, t = 1.15963
[2023-08-15 22:02:43.922] [info] CMC::computeControls, t = 1.16063
[2023-08-15 22:02:43.947] [info] CMC::computeControls, t = 1.16163
[2023-08-15 22:02:43.978] [info] CMC::computeControls, t = 1.16263
[2023-08-15 22:02:44.005] [info] CMC::computeControls, t = 1.16363
[2023-08-15 22:02:44.031] [info] CMC::computeControls, t = 1.16463
[2023-08-15 22:02:44.056] [info] CMC::computeControls, t = 1.16563
[2023-08-15 22:02:44.080] [info] CMC::computeControls, t = 1.16663
[2023-08-15 22:02:44.103] [info] CMC::computeControls, t = 1.16763
[2023-08-15 22:02:44.125] [info] CMC::computeControls, t = 1.16863
[2023-08-15 22:02:44.148] [info] CMC::computeControls, t = 1.16963
[2023-08-15 22:02:44.172] [info] CMC::computeControls, t = 1.17063
[2023-08-15 22:02:44.197] [info] CMC::computeControls, t = 1.17163
[2023-08-15 22:02:44.223] [info] CMC::computeControls, t = 1.17263
[2023-08-15 22:02:44.248] [info] CMC::computeControls, t = 1.17363
[2023-08-15 22:02:44.273] [info] CMC::computeControls, t = 1.17463
[2023-08-15 22:02:44.300] [info] CMC::computeControls, t = 1.17563
[2023-08-15 22:02:44.328] [info] CMC::computeControls, t = 1.17663
[2023-08-15 22:02:44.351] [info] CMC::computeControls, t = 1.17763
[2023-08-15 22:02:44.378] [info] CMC::computeControls, t = 1.17863
[2023-08-15 22:02:44.405] [info] CMC::computeControls, t = 1.17963
[2023-08-15 22:02:44.431] [info] CMC::computeControls, t = 1.18063
[2023-08-15 22:02:44.455] [info] CMC::computeControls, t = 1.18163
[2023-08-15 22:02:44.480] [info] CMC::computeControls, t = 1.18263
[2023-08-15 22:02:44.503] [info] CMC::computeControls, t = 1.18363
[2023-08-15 22:02:44.530] [info] CMC::computeControls, t = 1.18463
[2023-08-15 22:02:44.557] [info] CMC::computeControls, t = 1.18563
[2023-08-15 22:02:44.586] [info] CMC::computeControls, t = 1.18663
[2023-08-15 22:02:44.610] [info] CMC::computeControls, t = 1.18763
[2023-08-15 22:02:44.636] [info] CMC::computeControls, t = 1.18863
[2023-08-15 22:02:44.665] [info] CMC::computeControls, t = 1.18963
[2023-08-15 22:02:44.696] [info] CMC::computeControls, t = 1.19063
[2023-08-15 22:02:44.727] [info] CMC::computeControls, t = 1.19163
[2023-08-15 22:02:44.758] [info] CMC::computeControls, t = 1.19263
[2023-08-15 22:02:44.788] [info] CMC::computeControls, t = 1.19363
[2023-08-15 22:02:44.819] [info] CMC::computeControls, t = 1.19463
[2023-08-15 22:02:44.852] [info] CMC::computeControls, t = 1.19563
[2023-08-15 22:02:44.883] [info] CMC::computeControls, t = 1.19663
[2023-08-15 22:02:44.914] [info] CMC::computeControls, t = 1.19763
[2023-08-15 22:02:44.945] [info] CMC::computeControls, t = 1.19863
[2023-08-15 22:02:44.976] [info] CMC::computeControls, t = 1.19963
[2023-08-15 22:02:45.007] [info] CMC::computeControls, t = 1.20063
[2023-08-15 22:02:45.039] [info] CMC::computeControls, t = 1.20163
[2023-08-15 22:02:45.069] [info] CMC::computeControls, t = 1.20263
[2023-08-15 22:02:45.101] [info] CMC::computeControls, t = 1.20363
[2023-08-15 22:02:45.131] [info] CMC::computeControls, t = 1.20463
[2023-08-15 22:02:45.161] [info] CMC::computeControls, t = 1.20563
[2023-08-15 22:02:45.191] [info] CMC::computeControls, t = 1.20663
[2023-08-15 22:02:45.221] [info] CMC::computeControls, t = 1.20763
[2023-08-15 22:02:45.250] [info] CMC::computeControls, t = 1.20863
[2023-08-15 22:02:45.278] [info] CMC::computeControls, t = 1.20963
[2023-08-15 22:02:45.306] [info] CMC::computeControls, t = 1.21063
[2023-08-15 22:02:45.335] [info] CMC::computeControls, t = 1.21163
[2023-08-15 22:02:45.367] [info] CMC::computeControls, t = 1.21263
[2023-08-15 22:02:45.395] [info] CMC::computeControls, t = 1.21363
[2023-08-15 22:02:45.425] [info] CMC::computeControls, t = 1.21463
[2023-08-15 22:02:45.467] [info] CMC::computeControls, t = 1.21563
[2023-08-15 22:02:45.496] [info] CMC::computeControls, t = 1.21663
[2023-08-15 22:02:45.523] [info] CMC::computeControls, t = 1.21763
[2023-08-15 22:02:45.550] [info] CMC::computeControls, t = 1.21863
[2023-08-15 22:02:45.584] [info] CMC::computeControls, t = 1.21963
[2023-08-15 22:02:45.614] [info] CMC::computeControls, t = 1.22063
[2023-08-15 22:02:45.644] [info] CMC::computeControls, t = 1.22163
[2023-08-15 22:02:45.677] [info] CMC::computeControls, t = 1.22263
[2023-08-15 22:02:45.706] [info] CMC::computeControls, t = 1.22363
[2023-08-15 22:02:45.735] [info] CMC::computeControls, t = 1.22463
[2023-08-15 22:02:45.765] [info] CMC::computeControls, t = 1.22563
[2023-08-15 22:02:45.792] [info] CMC::computeControls, t = 1.22663
[2023-08-15 22:02:45.822] [info] CMC::computeControls, t = 1.22763
[2023-08-15 22:02:45.853] [info] CMC::computeControls, t = 1.22863
[2023-08-15 22:02:45.884] [info] CMC::computeControls, t = 1.22963
[2023-08-15 22:02:45.914] [info] CMC::computeControls, t = 1.23063
[2023-08-15 22:02:45.943] [info] CMC::computeControls, t = 1.23163
[2023-08-15 22:02:45.974] [info] CMC::computeControls, t = 1.23263
[2023-08-15 22:02:46.000] [info] CMC::computeControls, t = 1.23363
[2023-08-15 22:02:46.033] [info] CMC::computeControls, t = 1.23463
[2023-08-15 22:02:46.066] [info] CMC::computeControls, t = 1.23563
[2023-08-15 22:02:46.097] [info] CMC::computeControls, t = 1.23663
[2023-08-15 22:02:46.128] [info] CMC::computeControls, t = 1.23763
[2023-08-15 22:02:46.158] [info] CMC::computeControls, t = 1.23863
[2023-08-15 22:02:46.192] [info] CMC::computeControls, t = 1.23963
[2023-08-15 22:02:46.218] [info] CMC::computeControls, t = 1.24063
[2023-08-15 22:02:46.244] [info] CMC::computeControls, t = 1.24163
[2023-08-15 22:02:46.273] [info] CMC::computeControls, t = 1.24263
[2023-08-15 22:02:46.301] [info] CMC::computeControls, t = 1.24363
[2023-08-15 22:02:46.329] [info] CMC::computeControls, t = 1.24463
[2023-08-15 22:02:46.353] [info] CMC::computeControls, t = 1.24563
[2023-08-15 22:02:46.385] [info] CMC::computeControls, t = 1.24663
[2023-08-15 22:02:46.413] [info] CMC::computeControls, t = 1.24763
[2023-08-15 22:02:46.437] [info] CMC::computeControls, t = 1.24863
[2023-08-15 22:02:46.465] [info] CMC::computeControls, t = 1.24963
[2023-08-15 22:02:46.491] [info] CMC::computeControls, t = 1.25063
[2023-08-15 22:02:46.518] [info] CMC::computeControls, t = 1.25163
[2023-08-15 22:02:46.547] [info] CMC::computeControls, t = 1.25263
[2023-08-15 22:02:46.577] [info] CMC::computeControls, t = 1.25363
[2023-08-15 22:02:46.601] [info] CMC::computeControls, t = 1.25463
[2023-08-15 22:02:46.631] [info] CMC::computeControls, t = 1.25563
[2023-08-15 22:02:46.661] [info] CMC::computeControls, t = 1.25663
[2023-08-15 22:02:46.690] [info] CMC::computeControls, t = 1.25763
[2023-08-15 22:02:46.720] [info] CMC::computeControls, t = 1.25863
[2023-08-15 22:02:46.749] [info] CMC::computeControls, t = 1.25963
[2023-08-15 22:02:46.781] [info] CMC::computeControls, t = 1.26063
[2023-08-15 22:02:46.814] [info] CMC::computeControls, t = 1.26163
[2023-08-15 22:02:46.846] [info] CMC::computeControls, t = 1.26263
[2023-08-15 22:02:46.881] [info] CMC::computeControls, t = 1.26363
[2023-08-15 22:02:46.911] [info] CMC::computeControls, t = 1.26463
[2023-08-15 22:02:46.935] [info] CMC::computeControls, t = 1.26563
[2023-08-15 22:02:46.964] [info] CMC::computeControls, t = 1.26663
[2023-08-15 22:02:46.989] [info] CMC::computeControls, t = 1.26763
[2023-08-15 22:02:47.023] [info] CMC::computeControls, t = 1.26863
[2023-08-15 22:02:47.054] [info] CMC::computeControls, t = 1.26963
[2023-08-15 22:02:47.085] [info] CMC::computeControls, t = 1.27063
[2023-08-15 22:02:47.115] [info] CMC::computeControls, t = 1.27163
[2023-08-15 22:02:47.149] [info] CMC::computeControls, t = 1.27263
[2023-08-15 22:02:47.184] [info] CMC::computeControls, t = 1.27363
[2023-08-15 22:02:47.215] [info] CMC::computeControls, t = 1.27463
[2023-08-15 22:02:47.247] [info] CMC::computeControls, t = 1.27563
[2023-08-15 22:02:47.278] [info] CMC::computeControls, t = 1.27663
[2023-08-15 22:02:47.309] [info] CMC::computeControls, t = 1.27763
[2023-08-15 22:02:47.337] [info] CMC::computeControls, t = 1.27863
[2023-08-15 22:02:47.368] [info] CMC::computeControls, t = 1.27963
[2023-08-15 22:02:47.400] [info] CMC::computeControls, t = 1.28063
[2023-08-15 22:02:47.432] [info] CMC::computeControls, t = 1.28163
[2023-08-15 22:02:47.463] [info] CMC::computeControls, t = 1.28263
[2023-08-15 22:02:47.492] [info] CMC::computeControls, t = 1.28363
[2023-08-15 22:02:47.519] [info] CMC::computeControls, t = 1.28463
[2023-08-15 22:02:47.542] [info] CMC::computeControls, t = 1.28563
[2023-08-15 22:02:47.577] [info] CMC::computeControls, t = 1.28663
[2023-08-15 22:02:47.603] [info] CMC::computeControls, t = 1.28763
[2023-08-15 22:02:47.631] [info] CMC::computeControls, t = 1.28863
[2023-08-15 22:02:47.656] [info] CMC::computeControls, t = 1.28963
[2023-08-15 22:02:47.684] [info] CMC::computeControls, t = 1.29063
[2023-08-15 22:02:47.710] [info] CMC::computeControls, t = 1.29163
[2023-08-15 22:02:47.739] [info] CMC::computeControls, t = 1.29263
[2023-08-15 22:02:47.766] [info] CMC::computeControls, t = 1.29363
[2023-08-15 22:02:47.794] [info] CMC::computeControls, t = 1.29463
[2023-08-15 22:02:47.824] [info] CMC::computeControls, t = 1.29563
[2023-08-15 22:02:47.851] [info] CMC::computeControls, t = 1.29663
[2023-08-15 22:02:47.880] [info] CMC::computeControls, t = 1.29763
[2023-08-15 22:02:47.908] [info] CMC::computeControls, t = 1.29863
[2023-08-15 22:02:47.940] [info] CMC::computeControls, t = 1.29963
[2023-08-15 22:02:47.968] [info] CMC::computeControls, t = 1.30063
[2023-08-15 22:02:47.993] [info] CMC::computeControls, t = 1.30163
[2023-08-15 22:02:48.029] [info] CMC::computeControls, t = 1.30263
[2023-08-15 22:02:48.057] [info] CMC::computeControls, t = 1.30363
[2023-08-15 22:02:48.085] [info] CMC::computeControls, t = 1.30463
[2023-08-15 22:02:48.113] [info] CMC::computeControls, t = 1.30563
[2023-08-15 22:02:48.142] [info] CMC::computeControls, t = 1.30663
[2023-08-15 22:02:48.173] [info] CMC::computeControls, t = 1.30763
[2023-08-15 22:02:48.210] [info] CMC::computeControls, t = 1.30863
[2023-08-15 22:02:48.244] [info] CMC::computeControls, t = 1.30963
[2023-08-15 22:02:48.274] [info] CMC::computeControls, t = 1.31063
[2023-08-15 22:02:48.299] [info] CMC::computeControls, t = 1.31163
[2023-08-15 22:02:48.326] [info] CMC::computeControls, t = 1.31263
[2023-08-15 22:02:48.358] [info] CMC::computeControls, t = 1.31363
[2023-08-15 22:02:48.387] [info] CMC::computeControls, t = 1.31463
[2023-08-15 22:02:48.415] [info] CMC::computeControls, t = 1.31563
[2023-08-15 22:02:48.442] [info] CMC::computeControls, t = 1.31663
[2023-08-15 22:02:48.468] [info] CMC::computeControls, t = 1.31763
[2023-08-15 22:02:48.490] [info] CMC::computeControls, t = 1.31863
[2023-08-15 22:02:48.511] [info] CMC::computeControls, t = 1.31963
[2023-08-15 22:02:48.533] [info] CMC::computeControls, t = 1.32063
[2023-08-15 22:02:48.556] [info] CMC::computeControls, t = 1.32163
[2023-08-15 22:02:48.579] [info] CMC::computeControls, t = 1.32263
[2023-08-15 22:02:48.601] [info] CMC::computeControls, t = 1.32363
[2023-08-15 22:02:48.626] [info] CMC::computeControls, t = 1.32463
[2023-08-15 22:02:48.650] [info] CMC::computeControls, t = 1.32563
[2023-08-15 22:02:48.672] [info] CMC::computeControls, t = 1.32663
[2023-08-15 22:02:48.697] [info] CMC::computeControls, t = 1.32763
[2023-08-15 22:02:48.722] [info] CMC::computeControls, t = 1.32863
[2023-08-15 22:02:48.745] [info] CMC::computeControls, t = 1.32963
[2023-08-15 22:02:48.772] [info] CMC::computeControls, t = 1.33063
[2023-08-15 22:02:48.800] [info] CMC::computeControls, t = 1.33163
[2023-08-15 22:02:48.825] [info] CMC::computeControls, t = 1.33263
[2023-08-15 22:02:48.850] [info] CMC::computeControls, t = 1.33363
[2023-08-15 22:02:48.875] [info] CMC::computeControls, t = 1.33463
[2023-08-15 22:02:48.901] [info] CMC::computeControls, t = 1.33563
[2023-08-15 22:02:48.927] [info] CMC::computeControls, t = 1.33663
[2023-08-15 22:02:48.950] [info] CMC::computeControls, t = 1.33763
[2023-08-15 22:02:48.975] [info] CMC::computeControls, t = 1.33863
[2023-08-15 22:02:49.001] [info] CMC::computeControls, t = 1.33963
[2023-08-15 22:02:49.028] [info] CMC::computeControls, t = 1.34063
[2023-08-15 22:02:49.054] [info] CMC::computeControls, t = 1.34163
[2023-08-15 22:02:49.077] [info] CMC::computeControls, t = 1.34263
[2023-08-15 22:02:49.101] [info] CMC::computeControls, t = 1.34363
[2023-08-15 22:02:49.125] [info] CMC::computeControls, t = 1.34463
[2023-08-15 22:02:49.152] [info] CMC::computeControls, t = 1.34563
[2023-08-15 22:02:49.178] [info] CMC::computeControls, t = 1.34663
[2023-08-15 22:02:49.206] [info] CMC::computeControls, t = 1.34763
[2023-08-15 22:02:49.232] [info] CMC::computeControls, t = 1.34863
[2023-08-15 22:02:49.257] [info] CMC::computeControls, t = 1.34963
[2023-08-15 22:02:49.281] [info] CMC::computeControls, t = 1.35063
[2023-08-15 22:02:49.305] [info] CMC::computeControls, t = 1.35163
[2023-08-15 22:02:49.333] [info] CMC::computeControls, t = 1.35263
[2023-08-15 22:02:49.359] [info] CMC::computeControls, t = 1.35363
[2023-08-15 22:02:49.384] [info] CMC::computeControls, t = 1.35463
[2023-08-15 22:02:49.410] [info] CMC::computeControls, t = 1.35563
[2023-08-15 22:02:49.437] [info] CMC::computeControls, t = 1.35663
[2023-08-15 22:02:49.464] [info] CMC::computeControls, t = 1.35763
[2023-08-15 22:02:49.491] [info] CMC::computeControls, t = 1.35863
[2023-08-15 22:02:49.520] [info] CMC::computeControls, t = 1.35963
[2023-08-15 22:02:49.551] [info] CMC::computeControls, t = 1.36063
[2023-08-15 22:02:49.575] [info] CMC::computeControls, t = 1.36163
[2023-08-15 22:02:49.599] [info] CMC::computeControls, t = 1.36263
[2023-08-15 22:02:49.624] [info] CMC::computeControls, t = 1.36363
[2023-08-15 22:02:49.646] [info] CMC::computeControls, t = 1.36463
[2023-08-15 22:02:49.674] [info] CMC::computeControls, t = 1.36563
[2023-08-15 22:02:49.698] [info] CMC::computeControls, t = 1.36663
[2023-08-15 22:02:49.722] [info] CMC::computeControls, t = 1.36763
[2023-08-15 22:02:49.748] [info] CMC::computeControls, t = 1.36863
[2023-08-15 22:02:49.770] [info] CMC::computeControls, t = 1.36963
[2023-08-15 22:02:49.793] [info] CMC::computeControls, t = 1.37063
[2023-08-15 22:02:49.816] [info] CMC::computeControls, t = 1.37163
[2023-08-15 22:02:49.843] [info] CMC::computeControls, t = 1.37263
[2023-08-15 22:02:49.868] [info] CMC::computeControls, t = 1.37363
[2023-08-15 22:02:49.894] [info] CMC::computeControls, t = 1.37463
[2023-08-15 22:02:49.921] [info] CMC::computeControls, t = 1.37563
[2023-08-15 22:02:49.947] [info] CMC::computeControls, t = 1.37663
[2023-08-15 22:02:49.972] [info] CMC::computeControls, t = 1.37763
[2023-08-15 22:02:49.995] [info] CMC::computeControls, t = 1.37863
[2023-08-15 22:02:50.019] [info] CMC::computeControls, t = 1.37963
[2023-08-15 22:02:50.044] [info] CMC::computeControls, t = 1.38063
[2023-08-15 22:02:50.068] [info] CMC::computeControls, t = 1.38163
[2023-08-15 22:02:50.097] [info] CMC::computeControls, t = 1.38263
[2023-08-15 22:02:50.124] [info] CMC::computeControls, t = 1.38363
[2023-08-15 22:02:50.147] [info] CMC::computeControls, t = 1.38463
[2023-08-15 22:02:50.172] [info] CMC::computeControls, t = 1.38563
[2023-08-15 22:02:50.198] [info] CMC::computeControls, t = 1.38663
[2023-08-15 22:02:50.223] [info] CMC::computeControls, t = 1.38763
[2023-08-15 22:02:50.249] [info] CMC::computeControls, t = 1.38863
[2023-08-15 22:02:50.278] [info] CMC::computeControls, t = 1.38963
[2023-08-15 22:02:50.304] [info] CMC::computeControls, t = 1.39063
[2023-08-15 22:02:50.335] [info] CMC::computeControls, t = 1.39163
[2023-08-15 22:02:50.362] [info] CMC::computeControls, t = 1.39263
[2023-08-15 22:02:50.393] [info] CMC::computeControls, t = 1.39363
[2023-08-15 22:02:50.423] [info] CMC::computeControls, t = 1.39463
[2023-08-15 22:02:50.456] [info] CMC::computeControls, t = 1.39563
[2023-08-15 22:02:50.490] [info] CMC::computeControls, t = 1.39663
[2023-08-15 22:02:50.521] [info] CMC::computeControls, t = 1.39763
[2023-08-15 22:02:50.553] [info] CMC::computeControls, t = 1.39863
[2023-08-15 22:02:50.583] [info] CMC::computeControls, t = 1.39963
[2023-08-15 22:02:50.611] [info] CMC::computeControls, t = 1.40063
[2023-08-15 22:02:50.642] [info] CMC::computeControls, t = 1.40163
[2023-08-15 22:02:50.666] [info] CMC::computeControls, t = 1.40263
[2023-08-15 22:02:50.689] [info] CMC::computeControls, t = 1.40363
[2023-08-15 22:02:50.714] [info] CMC::computeControls, t = 1.40463
[2023-08-15 22:02:50.740] [info] CMC::computeControls, t = 1.40563
[2023-08-15 22:02:50.763] [info] CMC::computeControls, t = 1.40663
[2023-08-15 22:02:50.786] [info] CMC::computeControls, t = 1.40763
[2023-08-15 22:02:50.811] [info] CMC::computeControls, t = 1.40863
[2023-08-15 22:02:50.836] [info] CMC::computeControls, t = 1.40963
[2023-08-15 22:02:50.860] [info] CMC::computeControls, t = 1.41063
[2023-08-15 22:02:50.884] [info] CMC::computeControls, t = 1.41163
[2023-08-15 22:02:50.907] [info] CMC::computeControls, t = 1.41263
[2023-08-15 22:02:50.930] [info] CMC::computeControls, t = 1.41363
[2023-08-15 22:02:50.955] [info] CMC::computeControls, t = 1.41463
[2023-08-15 22:02:50.980] [info] CMC::computeControls, t = 1.41563
[2023-08-15 22:02:51.004] [info] CMC::computeControls, t = 1.41663
[2023-08-15 22:02:51.032] [info] CMC::computeControls, t = 1.41763
[2023-08-15 22:02:51.060] [info] CMC::computeControls, t = 1.41863
[2023-08-15 22:02:51.086] [info] CMC::computeControls, t = 1.41963
[2023-08-15 22:02:51.110] [info] CMC::computeControls, t = 1.42063
[2023-08-15 22:02:51.135] [info] CMC::computeControls, t = 1.42163
[2023-08-15 22:02:51.157] [info] CMC::computeControls, t = 1.42263
[2023-08-15 22:02:51.180] [info] CMC::computeControls, t = 1.42363
[2023-08-15 22:02:51.203] [info] CMC::computeControls, t = 1.42463
[2023-08-15 22:02:51.227] [info] CMC::computeControls, t = 1.42563
[2023-08-15 22:02:51.254] [info] CMC::computeControls, t = 1.42663
[2023-08-15 22:02:51.278] [info] CMC::computeControls, t = 1.42763
[2023-08-15 22:02:51.302] [info] CMC::computeControls, t = 1.42863
[2023-08-15 22:02:51.326] [info] CMC::computeControls, t = 1.42963
[2023-08-15 22:02:51.349] [info] CMC::computeControls, t = 1.43063
[2023-08-15 22:02:51.372] [info] CMC::computeControls, t = 1.43163
[2023-08-15 22:02:51.396] [info] CMC::computeControls, t = 1.43263
[2023-08-15 22:02:51.422] [info] CMC::computeControls, t = 1.43363
[2023-08-15 22:02:51.449] [info] CMC::computeControls, t = 1.43463
[2023-08-15 22:02:51.478] [info] CMC::computeControls, t = 1.43563
[2023-08-15 22:02:51.506] [info] CMC::computeControls, t = 1.43663
[2023-08-15 22:02:51.529] [info] CMC::computeControls, t = 1.43763
[2023-08-15 22:02:51.556] [info] CMC::computeControls, t = 1.43863
[2023-08-15 22:02:51.582] [info] CMC::computeControls, t = 1.43963
[2023-08-15 22:02:51.608] [info] CMC::computeControls, t = 1.44063
[2023-08-15 22:02:51.633] [info] CMC::computeControls, t = 1.44163
[2023-08-15 22:02:51.657] [info] CMC::computeControls, t = 1.44263
[2023-08-15 22:02:51.682] [info] CMC::computeControls, t = 1.44363
[2023-08-15 22:02:51.708] [info] CMC::computeControls, t = 1.44463
[2023-08-15 22:02:51.733] [info] CMC::computeControls, t = 1.44563
[2023-08-15 22:02:51.758] [info] CMC::computeControls, t = 1.44663
[2023-08-15 22:02:51.787] [info] CMC::computeControls, t = 1.44763
[2023-08-15 22:02:51.815] [info] CMC::computeControls, t = 1.44863
[2023-08-15 22:02:51.838] [info] CMC::computeControls, t = 1.44963
[2023-08-15 22:02:51.860] [info] CMC::computeControls, t = 1.45063
[2023-08-15 22:02:51.883] [info] CMC::computeControls, t = 1.45163
[2023-08-15 22:02:51.904] [info] CMC::computeControls, t = 1.45263
[2023-08-15 22:02:51.929] [info] CMC::computeControls, t = 1.45363
[2023-08-15 22:02:51.951] [info] CMC::computeControls, t = 1.45463
[2023-08-15 22:02:51.973] [info] CMC::computeControls, t = 1.45563
[2023-08-15 22:02:51.996] [info] CMC::computeControls, t = 1.45663
[2023-08-15 22:02:52.020] [info] CMC::computeControls, t = 1.45763
[2023-08-15 22:02:52.047] [info] CMC::computeControls, t = 1.45863
[2023-08-15 22:02:52.076] [info] -------------------------------------------
[2023-08-15 22:02:52.076] [info] Finished tracking the specified kinematics:
[2023-08-15 22:02:52.076] [info] -------------------------------------------
[2023-08-15 22:02:52.077] [info]  -- Start time = Tue Aug 15 22:02:35 2023
[2023-08-15 22:02:52.077] [info]  -- Finish time = Tue Aug 15 22:02:52 2023
[2023-08-15 22:02:52.077] [info]  -- Elapsed time = 17.0 seconds.
[2023-08-15 22:02:52.077] [info] -------------------------------------------
[2023-08-15 22:02:52.077] [info] 
[2023-08-15 22:02:52.077] [info] Printing results of investigation subject02_run5_cycle2_iter2 to cycle2/
[2023-08-15 22:02:52.593] [info] 

************************************************************
*      Summary of Mass Adjustments to Reduce Residuals     *
************************************************************
* Body adjusted: torso
* Mass Center (COM) adjustment: dx =0.0707888, dz =-0.0252761
* New COM location: ~[-0.0210167,0.32118,0.0122152]
************************************************************
* Recommended mass adjustments:                             
*  Total mass change: -0.633438
*  pelvis: orig mass = 12.1916, new mass = 12.0924
*  femur_r: orig mass = 9.62883, new mass = 9.55044
*  tibia_r: orig mass = 3.83801, new mass = 3.80677
*  talus_r: orig mass = 0.10352, new mass = 0.102677
*  calcn_r: orig mass = 1.294, new mass = 1.28347
*  toes_r: orig mass = 0.224225, new mass = 0.2224
*  femur_l: orig mass = 9.62883, new mass = 9.55044
*  tibia_l: orig mass = 3.83801, new mass = 3.80677
*  talus_l: orig mass = 0.10352, new mass = 0.102677
*  calcn_l: orig mass = 1.294, new mass = 1.28347
*  toes_l: orig mass = 0.224225, new mass = 0.2224
*  torso: orig mass = 27.771, new mass = 27.5449
*  humerus_r: orig mass = 2.10405, new mass = 2.08692
*  ulna_r: orig mass = 0.628886, new mass = 0.623766
*  radius_r: orig mass = 0.628886, new mass = 0.623766
*  hand_r: orig mass = 0.473605, new mass = 0.469749
*  humerus_l: orig mass = 2.10405, new mass = 2.08692
*  ulna_l: orig mass = 0.628886, new mass = 0.623766
*  radius_l: orig mass = 0.628886, new mass = 0.623766
*  hand_l: orig mass = 0.473605, new mass = 0.469749
************************************************************
* Note: Edit the model to make recommended adjustments to  *
*       mass properties.                                   *
************************************************************

* Average residuals before adjusting torso COM:
*  FX=3.08743 FY=6.2119 FZ=-2.09483
*  MX=6.88371 MY=-3.26844 MZ=19.2786
************************************************************
* Average residuals after adjusting torso COM:
*  FX=2.71996 FY=5.79517 FZ=-3.84762
*  MX=-2.06242 MY=-1.47953 MZ=0.941096
************************************************************


[2023-08-15 22:02:52.593] [info] 
************************************************************
*                   Final Average Residuals                *
************************************************************
* After torso COM and Kinematics adjustments:
*  FX=-1.89302 FY=2.95718 FZ=0.760964
*  MX=-4.73906 MY=-3.73691 MZ=0.068777
************************************************************


