[2023-08-15 22:40:18.518] [info] Storage: read data file = ..\rra2\cycle1\subject19_run5_cycle1_iter2_Kinematics_q.sto (nr=726 nc=38)
[2023-08-15 22:40:18.555] [info] Storage: read data file = ..\rra2\cycle1\subject19_run5_cycle1_iter2_Kinematics_q.sto (nr=726 nc=38)
[2023-08-15 22:40:18.599] [info] AbstractTool subject19_run5_cycle1_iter3 loading model ..\rra2\cycle1\subject19_run5_cycle1_rraAdjusted_iter2.osim
[2023-08-15 22:40:18.650] [info] Loaded model subject19_scaled from file ..\rra2\cycle1\subject19_run5_cycle1_rraAdjusted_iter2.osim
[2023-08-15 22:40:18.707] [info] Adding force object set from ..\subject19_run5_RRA_Actuators.xml
[2023-08-15 22:40:18.719] [info] Running tool subject19_run5_cycle1_iter3.
[2023-08-15 22:40:18.745] [warning] ExternalLoads 'externalloads' has subcomponents with duplicate name 'externalforce'. The duplicate is being renamed to 'externalforce_0'.
[2023-08-15 22:40:18.769] [info] 	taskSet size = 29.
[2023-08-15 22:40:18.854] [info] ExternalForce::externalforce Data source being set to Run_500 01_newCOP3_v24.mot
[2023-08-15 22:40:18.854] [info] ExternalForce::externalforce_0 Data source being set to Run_500 01_newCOP3_v24.mot
[2023-08-15 22:40:18.859] [warning] A desired points file was not specified.
[2023-08-15 22:40:18.859] [info] Loading desired kinematics from file '..\rra2\cycle1\subject19_run5_cycle1_iter2_Kinematics_q.sto'...
[2023-08-15 22:40:18.859] [info] Storage: read data file = ..\rra2\cycle1\subject19_run5_cycle1_iter2_Kinematics_q.sto (nr=726 nc=38)
[2023-08-15 22:40:18.898] [info] Not filtering the desired kinematics.
[2023-08-15 22:40:18.899] [cout] [info] MODEL: subject19_scaled

numStates = 74
numCoordinates = 37
numSpeeds = 37
numActuators = 29
numBodies = 20
numConstraints = 0
numProbes = 0

ANALYSES (total: 0)

BODIES (total: 20)
body[0] = pelvis. mass: 10.2225
              moments of inertia:  ~[0.0853818,0.0853818,0.0419478]
              products of inertia: ~[0,0,0]
body[1] = femur_r. mass: 8.07366
              moments of inertia:  ~[0.134888,0.0353589,0.142242]
              products of inertia: ~[0,0,0]
body[2] = tibia_r. mass: 3.21813
              moments of inertia:  ~[0.0510904,0.00516987,0.0518]
              products of inertia: ~[0,0,0]
body[3] = talus_r. mass: 0.0868005
              moments of inertia:  ~[0.000972738,0.000972738,0.000972738]
              products of inertia: ~[0,0,0]
body[4] = calcn_r. mass: 1.08501
              moments of inertia:  ~[0.00136183,0.00379368,0.00398823]
              products of inertia: ~[0,0,0]
body[5] = toes_r. mass: 0.18801
              moments of inertia:  ~[9.72738e-05,0.000194548,0.000972738]
              products of inertia: ~[0,0,0]
body[6] = femur_l. mass: 8.07366
              moments of inertia:  ~[0.134888,0.0353589,0.142242]
              products of inertia: ~[0,0,0]
body[7] = tibia_l. mass: 3.21813
              moments of inertia:  ~[0.0507593,0.00450769,0.0507593]
              products of inertia: ~[0,0,0]
body[8] = talus_l. mass: 0.0868005
              moments of inertia:  ~[0.000972738,0.000972738,0.000972738]
              products of inertia: ~[0,0,0]
body[9] = calcn_l. mass: 1.08501
              moments of inertia:  ~[0.00136183,0.00379368,0.00398823]
              products of inertia: ~[0,0,0]
body[10] = toes_l. mass: 0.18801
              moments of inertia:  ~[9.72738e-05,0.000194548,0.000972738]
              products of inertia: ~[0,0,0]
body[11] = torso. mass: 23.2856
              moments of inertia:  ~[1.28954,0.660732,1.25185]
              products of inertia: ~[0,0,0]
body[12] = humerus_r. mass: 1.76423
              moments of inertia:  ~[0.00897901,0.00309748,0.0100786]
              products of inertia: ~[0,0,0]
body[13] = ulna_r. mass: 0.527313
              moments of inertia:  ~[0.00303153,0.000632506,0.00328842]
              products of inertia: ~[0,0,0]
body[14] = radius_r. mass: 0.527313
              moments of inertia:  ~[0.00303153,0.000632506,0.00328842]
              products of inertia: ~[0,0,0]
body[15] = hand_r. mass: 0.397112
              moments of inertia:  ~[0.000912938,0.00055984,0.00137145]
              products of inertia: ~[0,0,0]
body[16] = humerus_l. mass: 1.76423
              moments of inertia:  ~[0.00897901,0.00309748,0.0100786]
              products of inertia: ~[0,0,0]
body[17] = ulna_l. mass: 0.527313
              moments of inertia:  ~[0.00303153,0.000632506,0.00328842]
              products of inertia: ~[0,0,0]
body[18] = radius_l. mass: 0.527313
              moments of inertia:  ~[0.00303153,0.000632506,0.00328842]
              products of inertia: ~[0,0,0]
body[19] = hand_l. mass: 0.397112
              moments of inertia:  ~[0.000912938,0.00055984,0.00137145]
              products of inertia: ~[0,0,0]

JOINTS (total: 20)
joint[0] = ground_pelvis. parent: ground_offset, child: pelvis_offset
joint[1] = hip_r. parent: pelvis_offset, child: femur_r_offset
joint[2] = knee_r. parent: femur_r_offset, child: tibia_r_offset
joint[3] = ankle_r. parent: tibia_r_offset, child: talus_r_offset
joint[4] = subtalar_r. parent: talus_r_offset, child: calcn_r_offset
joint[5] = mtp_r. parent: calcn_r_offset, child: toes_r_offset
joint[6] = hip_l. parent: pelvis_offset, child: femur_l_offset
joint[7] = knee_l. parent: femur_l_offset, child: tibia_l_offset
joint[8] = ankle_l. parent: tibia_l_offset, child: talus_l_offset
joint[9] = subtalar_l. parent: talus_l_offset, child: calcn_l_offset
joint[10] = mtp_l. parent: calcn_l_offset, child: toes_l_offset
joint[11] = back. parent: pelvis_offset, child: torso_offset
joint[12] = acromial_r. parent: torso_offset, child: humerus_r_offset
joint[13] = elbow_r. parent: humerus_r_offset, child: ulna_r_offset
joint[14] = radioulnar_r. parent: ulna_r_offset, child: radius_r_offset
joint[15] = radius_hand_r. parent: radius_r_offset, child: hand_r_offset
joint[16] = acromial_l. parent: torso_offset, child: humerus_l_offset
joint[17] = elbow_l. parent: humerus_l_offset, child: ulna_l_offset
joint[18] = radioulnar_l. parent: ulna_l_offset, child: radius_l_offset
joint[19] = radius_hand_l. parent: radius_l_offset, child: hand_l_offset

ACTUATORS (total: 29)
actuator[0] = FX
actuator[1] = FY
actuator[2] = FZ
actuator[3] = MZ
actuator[4] = MX
actuator[5] = MY
actuator[6] = hip_flexion_r
actuator[7] = hip_adduction_r
actuator[8] = hip_rotation_r
actuator[9] = knee_angle_r
actuator[10] = ankle_angle_r
actuator[11] = hip_flexion_l
actuator[12] = hip_adduction_l
actuator[13] = hip_rotation_l
actuator[14] = knee_angle_l
actuator[15] = ankle_angle_l
actuator[16] = lumbar_extension
actuator[17] = lumbar_bending
actuator[18] = lumbar_rotation
actuator[19] = arm_flex_r
actuator[20] = arm_add_r
actuator[21] = arm_rot_r
actuator[22] = elbow_flex_r
actuator[23] = pro_sup_r
actuator[24] = arm_flex_l
actuator[25] = arm_add_l
actuator[26] = arm_rot_l
actuator[27] = elbow_flex_l
actuator[28] = pro_sup_l

STATES (total: 74)
y[0] = /jointset/ground_pelvis/pelvis_tilt/value
y[1] = /jointset/ground_pelvis/pelvis_tilt/speed
y[2] = /jointset/ground_pelvis/pelvis_list/value
y[3] = /jointset/ground_pelvis/pelvis_list/speed
y[4] = /jointset/ground_pelvis/pelvis_rotation/value
y[5] = /jointset/ground_pelvis/pelvis_rotation/speed
y[6] = /jointset/ground_pelvis/pelvis_tx/value
y[7] = /jointset/ground_pelvis/pelvis_tx/speed
y[8] = /jointset/ground_pelvis/pelvis_ty/value
y[9] = /jointset/ground_pelvis/pelvis_ty/speed
y[10] = /jointset/ground_pelvis/pelvis_tz/value
y[11] = /jointset/ground_pelvis/pelvis_tz/speed
y[12] = /jointset/hip_r/hip_flexion_r/value
y[13] = /jointset/hip_r/hip_flexion_r/speed
y[14] = /jointset/hip_r/hip_adduction_r/value
y[15] = /jointset/hip_r/hip_adduction_r/speed
y[16] = /jointset/hip_r/hip_rotation_r/value
y[17] = /jointset/hip_r/hip_rotation_r/speed
y[18] = /jointset/knee_r/knee_angle_r/value
y[19] = /jointset/knee_r/knee_angle_r/speed
y[20] = /jointset/ankle_r/ankle_angle_r/value
y[21] = /jointset/ankle_r/ankle_angle_r/speed
y[22] = /jointset/subtalar_r/subtalar_angle_r/value
y[23] = /jointset/subtalar_r/subtalar_angle_r/speed
y[24] = /jointset/mtp_r/mtp_angle_r/value
y[25] = /jointset/mtp_r/mtp_angle_r/speed
y[26] = /jointset/hip_l/hip_flexion_l/value
y[27] = /jointset/hip_l/hip_flexion_l/speed
y[28] = /jointset/hip_l/hip_adduction_l/value
y[29] = /jointset/hip_l/hip_adduction_l/speed
y[30] = /jointset/hip_l/hip_rotation_l/value
y[31] = /jointset/hip_l/hip_rotation_l/speed
y[32] = /jointset/knee_l/knee_angle_l/value
y[33] = /jointset/knee_l/knee_angle_l/speed
y[34] = /jointset/ankle_l/ankle_angle_l/value
y[35] = /jointset/ankle_l/ankle_angle_l/speed
y[36] = /jointset/subtalar_l/subtalar_angle_l/value
y[37] = /jointset/subtalar_l/subtalar_angle_l/speed
y[38] = /jointset/mtp_l/mtp_angle_l/value
y[39] = /jointset/mtp_l/mtp_angle_l/speed
y[40] = /jointset/back/lumbar_extension/value
y[41] = /jointset/back/lumbar_extension/speed
y[42] = /jointset/back/lumbar_bending/value
y[43] = /jointset/back/lumbar_bending/speed
y[44] = /jointset/back/lumbar_rotation/value
y[45] = /jointset/back/lumbar_rotation/speed
y[46] = /jointset/acromial_r/arm_flex_r/value
y[47] = /jointset/acromial_r/arm_flex_r/speed
y[48] = /jointset/acromial_r/arm_add_r/value
y[49] = /jointset/acromial_r/arm_add_r/speed
y[50] = /jointset/acromial_r/arm_rot_r/value
y[51] = /jointset/acromial_r/arm_rot_r/speed
y[52] = /jointset/elbow_r/elbow_flex_r/value
y[53] = /jointset/elbow_r/elbow_flex_r/speed
y[54] = /jointset/radioulnar_r/pro_sup_r/value
y[55] = /jointset/radioulnar_r/pro_sup_r/speed
y[56] = /jointset/radius_hand_r/wrist_flex_r/value
y[57] = /jointset/radius_hand_r/wrist_flex_r/speed
y[58] = /jointset/radius_hand_r/wrist_dev_r/value
y[59] = /jointset/radius_hand_r/wrist_dev_r/speed
y[60] = /jointset/acromial_l/arm_flex_l/value
y[61] = /jointset/acromial_l/arm_flex_l/speed
y[62] = /jointset/acromial_l/arm_add_l/value
y[63] = /jointset/acromial_l/arm_add_l/speed
y[64] = /jointset/acromial_l/arm_rot_l/value
y[65] = /jointset/acromial_l/arm_rot_l/speed
y[66] = /jointset/elbow_l/elbow_flex_l/value
y[67] = /jointset/elbow_l/elbow_flex_l/speed
y[68] = /jointset/radioulnar_l/pro_sup_l/value
y[69] = /jointset/radioulnar_l/pro_sup_l/speed
y[70] = /jointset/radius_hand_l/wrist_flex_l/value
y[71] = /jointset/radius_hand_l/wrist_flex_l/speed
y[72] = /jointset/radius_hand_l/wrist_dev_l/value
y[73] = /jointset/radius_hand_l/wrist_dev_l/speed

[2023-08-15 22:40:19.321] [warning] Coordinate.setValue:  coordinate subtalar_angle_r is locked. Unable to change its value.
[2023-08-15 22:40:19.321] [warning] Coordinate.setValue:  coordinate mtp_angle_r is locked. Unable to change its value.
[2023-08-15 22:40:19.321] [warning] Coordinate.setValue:  coordinate subtalar_angle_l is locked. Unable to change its value.
[2023-08-15 22:40:19.321] [warning] Coordinate.setValue:  coordinate mtp_angle_l is locked. Unable to change its value.
[2023-08-15 22:40:19.321] [warning] Coordinate.setValue:  coordinate wrist_flex_r is locked. Unable to change its value.
[2023-08-15 22:40:19.321] [warning] Coordinate.setValue:  coordinate wrist_dev_r is locked. Unable to change its value.
[2023-08-15 22:40:19.321] [warning] Coordinate.setValue:  coordinate wrist_flex_l is locked. Unable to change its value.
[2023-08-15 22:40:19.321] [warning] Coordinate.setValue:  coordinate wrist_dev_l is locked. Unable to change its value.
[2023-08-15 22:40:19.399] [info] Requested COM adjustment time range 0.18854 to 0.84175, clamped to nearest available data times: 0.18854 to 0.84175.
[2023-08-15 22:40:19.399] [info] Computing average residuals between 0.18854 and 0.84175...
[2023-08-15 22:40:19.471] [info] ExternalForce::externalforce Data source being set to Run_500 01_newCOP3_v24.mot
[2023-08-15 22:40:19.471] [info] ExternalForce::externalforce_0 Data source being set to Run_500 01_newCOP3_v24.mot
[2023-08-15 22:40:19.545] [info] ExternalForce::externalforce Data source being set to Run_500 01_newCOP3_v24.mot
[2023-08-15 22:40:19.545] [info] ExternalForce::externalforce_0 Data source being set to Run_500 01_newCOP3_v24.mot
[2023-08-15 22:40:23.578] [info] ExternalForce::externalforce Data source being set to Run_500 01_newCOP3_v24.mot
[2023-08-15 22:40:23.579] [info] ExternalForce::externalforce_0 Data source being set to Run_500 01_newCOP3_v24.mot
[2023-08-15 22:40:23.584] [info] Computing average residuals between 0.18854 and 0.84175...
[2023-08-15 22:40:23.656] [info] ExternalForce::externalforce Data source being set to Run_500 01_newCOP3_v24.mot
[2023-08-15 22:40:23.656] [info] ExternalForce::externalforce_0 Data source being set to Run_500 01_newCOP3_v24.mot
[2023-08-15 22:40:23.707] [info] ExternalForce::externalforce Data source being set to Run_500 01_newCOP3_v24.mot
[2023-08-15 22:40:23.707] [info] ExternalForce::externalforce_0 Data source being set to Run_500 01_newCOP3_v24.mot
[2023-08-15 22:40:27.809] [info] Constructing function set for tracking desired kinematics...
[2023-08-15 22:40:28.558] [warning] No Actuation analysis found in analysis set, adding one...
[2023-08-15 22:40:28.558] [warning] No Kinematics analysis found in analysis set, adding one...
[2023-08-15 22:40:28.561] [info] Using the generalized coordinates specified in '..\rra2\cycle1\subject19_run5_cycle1_iter2_Kinematics_q.sto' to set the initial configuration.
[2023-08-15 22:40:28.805] [info] Using IPOPT optimizer algorithm.
[2023-08-15 22:40:28.805] [info] Setting optimizer print level to 0.
[2023-08-15 22:40:28.805] [info] Setting optimizer convergence tolerance to 1.0e-05.
[2023-08-15 22:40:28.805] [info] Setting optimizer maximum iterations to 2000.
[2023-08-15 22:40:28.805] [info] Setting cmc controller to not use verbose printing.

[2023-08-15 22:40:28.806] [info] CMC::computeControls, t = 0.18854
[2023-08-15 22:40:29.867] [info] --------------------------------------------
[2023-08-15 22:40:29.867] [info] Using CMC to track the specified kinematics:
[2023-08-15 22:40:29.867] [info] --------------------------------------------
[2023-08-15 22:40:29.867] [info]  -- Integrating from 0.18854 to 0.84175
[2023-08-15 22:40:29.867] [info]  -- Start time = Tue Aug 15 22:40:29 2023
[2023-08-15 22:40:29.868] [info] --------------------------------------------
[2023-08-15 22:40:29.868] [info] 
[2023-08-15 22:40:29.874] [info] CMC::computeControls, t = 0.18854
[2023-08-15 22:40:29.917] [info] CMC::computeControls, t = 0.18954
[2023-08-15 22:40:29.917] [warning] Coordinate.setValue:  coordinate subtalar_angle_r is locked. Unable to change its value.
[2023-08-15 22:40:29.917] [warning] Coordinate.setValue:  coordinate mtp_angle_r is locked. Unable to change its value.
[2023-08-15 22:40:29.917] [warning] Coordinate.setValue:  coordinate subtalar_angle_l is locked. Unable to change its value.
[2023-08-15 22:40:29.917] [warning] Coordinate.setValue:  coordinate mtp_angle_l is locked. Unable to change its value.
[2023-08-15 22:40:29.917] [warning] Coordinate.setValue:  coordinate wrist_flex_r is locked. Unable to change its value.
[2023-08-15 22:40:29.917] [warning] Coordinate.setValue:  coordinate wrist_dev_r is locked. Unable to change its value.
[2023-08-15 22:40:29.917] [warning] Coordinate.setValue:  coordinate wrist_flex_l is locked. Unable to change its value.
[2023-08-15 22:40:29.917] [warning] Coordinate.setValue:  coordinate wrist_dev_l is locked. Unable to change its value.
[2023-08-15 22:40:29.946] [info] CMC::computeControls, t = 0.190540
[2023-08-15 22:40:29.969] [info] CMC::computeControls, t = 0.19154
[2023-08-15 22:40:29.985] [info] CMC::computeControls, t = 0.19254
[2023-08-15 22:40:30.005] [info] CMC::computeControls, t = 0.19354
[2023-08-15 22:40:30.033] [info] CMC::computeControls, t = 0.19454
[2023-08-15 22:40:30.049] [info] CMC::computeControls, t = 0.19554
[2023-08-15 22:40:30.064] [info] CMC::computeControls, t = 0.19654
[2023-08-15 22:40:30.079] [info] CMC::computeControls, t = 0.19754
[2023-08-15 22:40:30.104] [info] CMC::computeControls, t = 0.19854
[2023-08-15 22:40:30.123] [info] CMC::computeControls, t = 0.19954
[2023-08-15 22:40:30.143] [info] CMC::computeControls, t = 0.200540
[2023-08-15 22:40:30.158] [info] CMC::computeControls, t = 0.201540
[2023-08-15 22:40:30.176] [info] CMC::computeControls, t = 0.202540
[2023-08-15 22:40:30.194] [info] CMC::computeControls, t = 0.203540
[2023-08-15 22:40:30.209] [info] CMC::computeControls, t = 0.204540
[2023-08-15 22:40:30.224] [info] CMC::computeControls, t = 0.205540
[2023-08-15 22:40:30.239] [info] CMC::computeControls, t = 0.206540
[2023-08-15 22:40:30.264] [info] CMC::computeControls, t = 0.207540
[2023-08-15 22:40:30.285] [info] CMC::computeControls, t = 0.208540
[2023-08-15 22:40:30.305] [info] CMC::computeControls, t = 0.209540
[2023-08-15 22:40:30.322] [info] CMC::computeControls, t = 0.210540
[2023-08-15 22:40:30.348] [info] CMC::computeControls, t = 0.21154
[2023-08-15 22:40:30.363] [info] CMC::computeControls, t = 0.21254
[2023-08-15 22:40:30.378] [info] CMC::computeControls, t = 0.21354
[2023-08-15 22:40:30.414] [info] CMC::computeControls, t = 0.21454
[2023-08-15 22:40:30.435] [info] CMC::computeControls, t = 0.21554
[2023-08-15 22:40:30.455] [info] CMC::computeControls, t = 0.21654
[2023-08-15 22:40:30.470] [info] CMC::computeControls, t = 0.21754
[2023-08-15 22:40:30.496] [info] CMC::computeControls, t = 0.21854
[2023-08-15 22:40:30.512] [info] CMC::computeControls, t = 0.21954
[2023-08-15 22:40:30.533] [info] CMC::computeControls, t = 0.220540
[2023-08-15 22:40:30.562] [info] CMC::computeControls, t = 0.22154
[2023-08-15 22:40:30.588] [info] CMC::computeControls, t = 0.22254
[2023-08-15 22:40:30.612] [info] CMC::computeControls, t = 0.22354
[2023-08-15 22:40:30.629] [info] CMC::computeControls, t = 0.22454
[2023-08-15 22:40:30.657] [info] CMC::computeControls, t = 0.22554
[2023-08-15 22:40:30.673] [info] CMC::computeControls, t = 0.22654
[2023-08-15 22:40:30.709] [info] CMC::computeControls, t = 0.22754
[2023-08-15 22:40:30.731] [info] CMC::computeControls, t = 0.22854
[2023-08-15 22:40:30.755] [info] CMC::computeControls, t = 0.22954
[2023-08-15 22:40:30.770] [info] CMC::computeControls, t = 0.230540
[2023-08-15 22:40:30.785] [info] CMC::computeControls, t = 0.23154
[2023-08-15 22:40:30.811] [info] CMC::computeControls, t = 0.23254
[2023-08-15 22:40:30.829] [info] CMC::computeControls, t = 0.23354
[2023-08-15 22:40:30.857] [info] CMC::computeControls, t = 0.23454
[2023-08-15 22:40:30.873] [info] CMC::computeControls, t = 0.23554
[2023-08-15 22:40:30.889] [info] CMC::computeControls, t = 0.23654
[2023-08-15 22:40:30.904] [info] CMC::computeControls, t = 0.23754
[2023-08-15 22:40:30.930] [info] CMC::computeControls, t = 0.23854
[2023-08-15 22:40:30.948] [info] CMC::computeControls, t = 0.23954
[2023-08-15 22:40:30.966] [info] CMC::computeControls, t = 0.240540
[2023-08-15 22:40:30.981] [info] CMC::computeControls, t = 0.24154
[2023-08-15 22:40:31.006] [info] CMC::computeControls, t = 0.24254
[2023-08-15 22:40:31.025] [info] CMC::computeControls, t = 0.24354
[2023-08-15 22:40:31.059] [info] CMC::computeControls, t = 0.24454
[2023-08-15 22:40:31.074] [info] CMC::computeControls, t = 0.24554
[2023-08-15 22:40:31.089] [info] CMC::computeControls, t = 0.24654
[2023-08-15 22:40:31.104] [info] CMC::computeControls, t = 0.24754
[2023-08-15 22:40:31.123] [info] CMC::computeControls, t = 0.24854
[2023-08-15 22:40:31.140] [info] CMC::computeControls, t = 0.24954
[2023-08-15 22:40:31.162] [info] CMC::computeControls, t = 0.250540
[2023-08-15 22:40:31.178] [info] CMC::computeControls, t = 0.25154
[2023-08-15 22:40:31.197] [info] CMC::computeControls, t = 0.25254
[2023-08-15 22:40:31.229] [info] CMC::computeControls, t = 0.25354
[2023-08-15 22:40:31.253] [info] CMC::computeControls, t = 0.25454
[2023-08-15 22:40:31.277] [info] CMC::computeControls, t = 0.25554
[2023-08-15 22:40:31.299] [info] CMC::computeControls, t = 0.25654
[2023-08-15 22:40:31.329] [info] CMC::computeControls, t = 0.25754
[2023-08-15 22:40:31.355] [info] CMC::computeControls, t = 0.25854
[2023-08-15 22:40:31.377] [info] CMC::computeControls, t = 0.25954
[2023-08-15 22:40:31.404] [info] CMC::computeControls, t = 0.260540
[2023-08-15 22:40:31.422] [info] CMC::computeControls, t = 0.26154
[2023-08-15 22:40:31.444] [info] CMC::computeControls, t = 0.26254
[2023-08-15 22:40:31.475] [info] CMC::computeControls, t = 0.26354
[2023-08-15 22:40:31.501] [info] CMC::computeControls, t = 0.26454
[2023-08-15 22:40:31.517] [info] CMC::computeControls, t = 0.26554
[2023-08-15 22:40:31.542] [info] CMC::computeControls, t = 0.26654
[2023-08-15 22:40:31.568] [info] CMC::computeControls, t = 0.26754
[2023-08-15 22:40:31.599] [info] CMC::computeControls, t = 0.26854
[2023-08-15 22:40:31.619] [info] CMC::computeControls, t = 0.26954
[2023-08-15 22:40:31.638] [info] CMC::computeControls, t = 0.270540
[2023-08-15 22:40:31.663] [info] CMC::computeControls, t = 0.27154
[2023-08-15 22:40:31.682] [info] CMC::computeControls, t = 0.27254
[2023-08-15 22:40:31.706] [info] CMC::computeControls, t = 0.27354
[2023-08-15 22:40:31.735] [info] CMC::computeControls, t = 0.27454
[2023-08-15 22:40:31.767] [info] CMC::computeControls, t = 0.27554
[2023-08-15 22:40:31.798] [info] CMC::computeControls, t = 0.27654
[2023-08-15 22:40:31.820] [info] CMC::computeControls, t = 0.27754
[2023-08-15 22:40:31.835] [info] CMC::computeControls, t = 0.27854
[2023-08-15 22:40:31.863] [info] CMC::computeControls, t = 0.27954
[2023-08-15 22:40:31.907] [info] CMC::computeControls, t = 0.280540
[2023-08-15 22:40:31.943] [info] CMC::computeControls, t = 0.28154
[2023-08-15 22:40:31.968] [info] CMC::computeControls, t = 0.28254
[2023-08-15 22:40:31.984] [info] CMC::computeControls, t = 0.28354
[2023-08-15 22:40:32.006] [info] CMC::computeControls, t = 0.28454
[2023-08-15 22:40:32.034] [info] CMC::computeControls, t = 0.28554
[2023-08-15 22:40:32.052] [info] CMC::computeControls, t = 0.28654
[2023-08-15 22:40:32.083] [info] CMC::computeControls, t = 0.28754
[2023-08-15 22:40:32.099] [info] CMC::computeControls, t = 0.28854
[2023-08-15 22:40:32.127] [info] CMC::computeControls, t = 0.28954
[2023-08-15 22:40:32.145] [info] CMC::computeControls, t = 0.290540
[2023-08-15 22:40:32.175] [info] CMC::computeControls, t = 0.29154
[2023-08-15 22:40:32.197] [info] CMC::computeControls, t = 0.29254
[2023-08-15 22:40:32.217] [info] CMC::computeControls, t = 0.29354
[2023-08-15 22:40:32.235] [info] CMC::computeControls, t = 0.29454
[2023-08-15 22:40:32.253] [info] CMC::computeControls, t = 0.29554
[2023-08-15 22:40:32.277] [info] CMC::computeControls, t = 0.29654
[2023-08-15 22:40:32.300] [info] CMC::computeControls, t = 0.29754
[2023-08-15 22:40:32.328] [info] CMC::computeControls, t = 0.29854
[2023-08-15 22:40:32.355] [info] CMC::computeControls, t = 0.29954
[2023-08-15 22:40:32.381] [info] CMC::computeControls, t = 0.300540
[2023-08-15 22:40:32.397] [info] CMC::computeControls, t = 0.301540
[2023-08-15 22:40:32.413] [info] CMC::computeControls, t = 0.302540
[2023-08-15 22:40:32.428] [info] CMC::computeControls, t = 0.303540
[2023-08-15 22:40:32.447] [info] CMC::computeControls, t = 0.304540
[2023-08-15 22:40:32.473] [info] CMC::computeControls, t = 0.305540
[2023-08-15 22:40:32.497] [info] CMC::computeControls, t = 0.306540
[2023-08-15 22:40:32.522] [info] CMC::computeControls, t = 0.307540
[2023-08-15 22:40:32.546] [info] CMC::computeControls, t = 0.308540
[2023-08-15 22:40:32.568] [info] CMC::computeControls, t = 0.309540
[2023-08-15 22:40:32.592] [info] CMC::computeControls, t = 0.310540
[2023-08-15 22:40:32.621] [info] CMC::computeControls, t = 0.31154
[2023-08-15 22:40:32.652] [info] CMC::computeControls, t = 0.31254
[2023-08-15 22:40:32.683] [info] CMC::computeControls, t = 0.31354
[2023-08-15 22:40:32.710] [info] CMC::computeControls, t = 0.31454
[2023-08-15 22:40:32.728] [info] CMC::computeControls, t = 0.31554
[2023-08-15 22:40:32.746] [info] CMC::computeControls, t = 0.31654
[2023-08-15 22:40:32.762] [info] CMC::computeControls, t = 0.31754
[2023-08-15 22:40:32.779] [info] CMC::computeControls, t = 0.31854
[2023-08-15 22:40:32.799] [info] CMC::computeControls, t = 0.31954
[2023-08-15 22:40:32.815] [info] CMC::computeControls, t = 0.320540
[2023-08-15 22:40:32.839] [info] CMC::computeControls, t = 0.32154
[2023-08-15 22:40:32.863] [info] CMC::computeControls, t = 0.32254
[2023-08-15 22:40:32.881] [info] CMC::computeControls, t = 0.32354
[2023-08-15 22:40:32.916] [info] CMC::computeControls, t = 0.32454
[2023-08-15 22:40:32.938] [info] CMC::computeControls, t = 0.32554
[2023-08-15 22:40:32.957] [info] CMC::computeControls, t = 0.32654
[2023-08-15 22:40:32.985] [info] CMC::computeControls, t = 0.32754
[2023-08-15 22:40:33.010] [info] CMC::computeControls, t = 0.32854
[2023-08-15 22:40:33.038] [info] CMC::computeControls, t = 0.32954
[2023-08-15 22:40:33.064] [info] CMC::computeControls, t = 0.330540
[2023-08-15 22:40:33.081] [info] CMC::computeControls, t = 0.33154
[2023-08-15 22:40:33.096] [info] CMC::computeControls, t = 0.33254
[2023-08-15 22:40:33.117] [info] CMC::computeControls, t = 0.33354
[2023-08-15 22:40:33.132] [info] CMC::computeControls, t = 0.33454
[2023-08-15 22:40:33.150] [info] CMC::computeControls, t = 0.33554
[2023-08-15 22:40:33.167] [info] CMC::computeControls, t = 0.33654
[2023-08-15 22:40:33.194] [info] CMC::computeControls, t = 0.33754
[2023-08-15 22:40:33.212] [info] CMC::computeControls, t = 0.33854
[2023-08-15 22:40:33.230] [info] CMC::computeControls, t = 0.33954
[2023-08-15 22:40:33.245] [info] CMC::computeControls, t = 0.340540
[2023-08-15 22:40:33.285] [info] CMC::computeControls, t = 0.34154
[2023-08-15 22:40:33.310] [info] CMC::computeControls, t = 0.34254
[2023-08-15 22:40:33.328] [info] CMC::computeControls, t = 0.34354
[2023-08-15 22:40:33.344] [info] CMC::computeControls, t = 0.34454
[2023-08-15 22:40:33.365] [info] CMC::computeControls, t = 0.34554
[2023-08-15 22:40:33.397] [info] CMC::computeControls, t = 0.34654
[2023-08-15 22:40:33.424] [info] CMC::computeControls, t = 0.34754
[2023-08-15 22:40:33.450] [info] CMC::computeControls, t = 0.34854
[2023-08-15 22:40:33.466] [info] CMC::computeControls, t = 0.34954
[2023-08-15 22:40:33.481] [info] CMC::computeControls, t = 0.350540
[2023-08-15 22:40:33.515] [info] CMC::computeControls, t = 0.35154
[2023-08-15 22:40:33.541] [info] CMC::computeControls, t = 0.35254
[2023-08-15 22:40:33.558] [info] CMC::computeControls, t = 0.35354
[2023-08-15 22:40:33.573] [info] CMC::computeControls, t = 0.35454
[2023-08-15 22:40:33.599] [info] CMC::computeControls, t = 0.35554
[2023-08-15 22:40:33.618] [info] CMC::computeControls, t = 0.35654
[2023-08-15 22:40:33.645] [info] CMC::computeControls, t = 0.35754
[2023-08-15 22:40:33.672] [info] CMC::computeControls, t = 0.35854
[2023-08-15 22:40:33.717] [info] CMC::computeControls, t = 0.35954
[2023-08-15 22:40:33.738] [info] CMC::computeControls, t = 0.360540
[2023-08-15 22:40:33.754] [info] CMC::computeControls, t = 0.36154
[2023-08-15 22:40:33.772] [info] CMC::computeControls, t = 0.36254
[2023-08-15 22:40:33.787] [info] CMC::computeControls, t = 0.36354
[2023-08-15 22:40:33.804] [info] CMC::computeControls, t = 0.36454
[2023-08-15 22:40:33.834] [info] CMC::computeControls, t = 0.36554
[2023-08-15 22:40:33.858] [info] CMC::computeControls, t = 0.36654
[2023-08-15 22:40:33.876] [info] CMC::computeControls, t = 0.36754
[2023-08-15 22:40:33.896] [info] CMC::computeControls, t = 0.36854
[2023-08-15 22:40:33.912] [info] CMC::computeControls, t = 0.36954
[2023-08-15 22:40:33.927] [info] CMC::computeControls, t = 0.370540
[2023-08-15 22:40:33.943] [info] CMC::computeControls, t = 0.37154
[2023-08-15 22:40:33.969] [info] CMC::computeControls, t = 0.37254
[2023-08-15 22:40:33.993] [info] CMC::computeControls, t = 0.37354
[2023-08-15 22:40:34.010] [info] CMC::computeControls, t = 0.37454
[2023-08-15 22:40:34.046] [info] CMC::computeControls, t = 0.37554
[2023-08-15 22:40:34.070] [info] CMC::computeControls, t = 0.37654
[2023-08-15 22:40:34.092] [info] CMC::computeControls, t = 0.37754
[2023-08-15 22:40:34.114] [info] CMC::computeControls, t = 0.37854
[2023-08-15 22:40:34.149] [info] CMC::computeControls, t = 0.37954
[2023-08-15 22:40:34.185] [info] CMC::computeControls, t = 0.380540
[2023-08-15 22:40:34.209] [info] CMC::computeControls, t = 0.38154
[2023-08-15 22:40:34.237] [info] CMC::computeControls, t = 0.38254
[2023-08-15 22:40:34.252] [info] CMC::computeControls, t = 0.38354
[2023-08-15 22:40:34.268] [info] CMC::computeControls, t = 0.38454
[2023-08-15 22:40:34.289] [info] CMC::computeControls, t = 0.38554
[2023-08-15 22:40:34.306] [info] CMC::computeControls, t = 0.38654
[2023-08-15 22:40:34.326] [info] CMC::computeControls, t = 0.38754
[2023-08-15 22:40:34.350] [info] CMC::computeControls, t = 0.38854
[2023-08-15 22:40:34.365] [info] CMC::computeControls, t = 0.38954
[2023-08-15 22:40:34.390] [info] CMC::computeControls, t = 0.390540
[2023-08-15 22:40:34.420] [info] CMC::computeControls, t = 0.39154
[2023-08-15 22:40:34.442] [info] CMC::computeControls, t = 0.39254
[2023-08-15 22:40:34.463] [info] CMC::computeControls, t = 0.39354
[2023-08-15 22:40:34.484] [info] CMC::computeControls, t = 0.39454
[2023-08-15 22:40:34.516] [info] CMC::computeControls, t = 0.39554
[2023-08-15 22:40:34.538] [info] CMC::computeControls, t = 0.39654
[2023-08-15 22:40:34.553] [info] CMC::computeControls, t = 0.39754
[2023-08-15 22:40:34.582] [info] CMC::computeControls, t = 0.39854
[2023-08-15 22:40:34.608] [info] CMC::computeControls, t = 0.39954
[2023-08-15 22:40:34.641] [info] CMC::computeControls, t = 0.400540
[2023-08-15 22:40:34.667] [info] CMC::computeControls, t = 0.401540
[2023-08-15 22:40:34.683] [info] CMC::computeControls, t = 0.402540
[2023-08-15 22:40:34.710] [info] CMC::computeControls, t = 0.403540
[2023-08-15 22:40:34.725] [info] CMC::computeControls, t = 0.404540
[2023-08-15 22:40:34.744] [info] CMC::computeControls, t = 0.405540
[2023-08-15 22:40:34.774] [info] CMC::computeControls, t = 0.406540
[2023-08-15 22:40:34.815] [info] CMC::computeControls, t = 0.407540
[2023-08-15 22:40:34.834] [info] CMC::computeControls, t = 0.408540
[2023-08-15 22:40:34.850] [info] CMC::computeControls, t = 0.409540
[2023-08-15 22:40:34.876] [info] CMC::computeControls, t = 0.410540
[2023-08-15 22:40:34.901] [info] CMC::computeControls, t = 0.41154
[2023-08-15 22:40:34.930] [info] CMC::computeControls, t = 0.41254
[2023-08-15 22:40:34.962] [info] CMC::computeControls, t = 0.41354
[2023-08-15 22:40:34.993] [info] CMC::computeControls, t = 0.41454
[2023-08-15 22:40:35.041] [info] CMC::computeControls, t = 0.41554
[2023-08-15 22:40:35.065] [info] CMC::computeControls, t = 0.41654
[2023-08-15 22:40:35.093] [info] CMC::computeControls, t = 0.41754
[2023-08-15 22:40:35.126] [info] CMC::computeControls, t = 0.41854
[2023-08-15 22:40:35.143] [info] CMC::computeControls, t = 0.41954
[2023-08-15 22:40:35.169] [info] CMC::computeControls, t = 0.420540
[2023-08-15 22:40:35.202] [info] CMC::computeControls, t = 0.42154
[2023-08-15 22:40:35.228] [info] CMC::computeControls, t = 0.42254
[2023-08-15 22:40:35.269] [info] CMC::computeControls, t = 0.42354
[2023-08-15 22:40:35.296] [info] CMC::computeControls, t = 0.42454
[2023-08-15 22:40:35.325] [info] CMC::computeControls, t = 0.42554
[2023-08-15 22:40:35.360] [info] CMC::computeControls, t = 0.42654
[2023-08-15 22:40:35.390] [info] CMC::computeControls, t = 0.42754
[2023-08-15 22:40:35.425] [info] CMC::computeControls, t = 0.42854
[2023-08-15 22:40:35.458] [info] CMC::computeControls, t = 0.42954
[2023-08-15 22:40:35.489] [info] CMC::computeControls, t = 0.430540
[2023-08-15 22:40:35.508] [info] CMC::computeControls, t = 0.43154
[2023-08-15 22:40:35.530] [info] CMC::computeControls, t = 0.43254
[2023-08-15 22:40:35.551] [info] CMC::computeControls, t = 0.43354
[2023-08-15 22:40:35.580] [info] CMC::computeControls, t = 0.43454
[2023-08-15 22:40:35.595] [info] CMC::computeControls, t = 0.43554
[2023-08-15 22:40:35.615] [info] CMC::computeControls, t = 0.43654
[2023-08-15 22:40:35.650] [info] CMC::computeControls, t = 0.43754
[2023-08-15 22:40:35.674] [info] CMC::computeControls, t = 0.43854
[2023-08-15 22:40:35.702] [info] CMC::computeControls, t = 0.43954
[2023-08-15 22:40:35.719] [info] CMC::computeControls, t = 0.440540
[2023-08-15 22:40:35.734] [info] CMC::computeControls, t = 0.44154
[2023-08-15 22:40:35.760] [info] CMC::computeControls, t = 0.44254
[2023-08-15 22:40:35.779] [info] CMC::computeControls, t = 0.44354
[2023-08-15 22:40:35.806] [info] CMC::computeControls, t = 0.44454
[2023-08-15 22:40:35.830] [info] CMC::computeControls, t = 0.44554
[2023-08-15 22:40:35.865] [info] CMC::computeControls, t = 0.44654
[2023-08-15 22:40:35.882] [info] CMC::computeControls, t = 0.44754
[2023-08-15 22:40:35.912] [info] CMC::computeControls, t = 0.44854
[2023-08-15 22:40:35.933] [info] CMC::computeControls, t = 0.44954
[2023-08-15 22:40:35.959] [info] CMC::computeControls, t = 0.450540
[2023-08-15 22:40:35.986] [info] CMC::computeControls, t = 0.45154
[2023-08-15 22:40:36.011] [info] CMC::computeControls, t = 0.45254
[2023-08-15 22:40:36.032] [info] CMC::computeControls, t = 0.45354
[2023-08-15 22:40:36.051] [info] CMC::computeControls, t = 0.45454
[2023-08-15 22:40:36.088] [info] CMC::computeControls, t = 0.45554
[2023-08-15 22:40:36.104] [info] CMC::computeControls, t = 0.45654
[2023-08-15 22:40:36.119] [info] CMC::computeControls, t = 0.45754
[2023-08-15 22:40:36.134] [info] CMC::computeControls, t = 0.45854
[2023-08-15 22:40:36.149] [info] CMC::computeControls, t = 0.45954
[2023-08-15 22:40:36.174] [info] CMC::computeControls, t = 0.460540
[2023-08-15 22:40:36.191] [info] CMC::computeControls, t = 0.46154
[2023-08-15 22:40:36.208] [info] CMC::computeControls, t = 0.46254
[2023-08-15 22:40:36.223] [info] CMC::computeControls, t = 0.46354
[2023-08-15 22:40:36.246] [info] CMC::computeControls, t = 0.46454
[2023-08-15 22:40:36.272] [info] CMC::computeControls, t = 0.46554
[2023-08-15 22:40:36.296] [info] CMC::computeControls, t = 0.46654
[2023-08-15 22:40:36.331] [info] CMC::computeControls, t = 0.46754
[2023-08-15 22:40:36.349] [info] CMC::computeControls, t = 0.46854
[2023-08-15 22:40:36.364] [info] CMC::computeControls, t = 0.46954
[2023-08-15 22:40:36.382] [info] CMC::computeControls, t = 0.470540
[2023-08-15 22:40:36.420] [info] CMC::computeControls, t = 0.47154
[2023-08-15 22:40:36.436] [info] CMC::computeControls, t = 0.47254
[2023-08-15 22:40:36.451] [info] CMC::computeControls, t = 0.47354
[2023-08-15 22:40:36.477] [info] CMC::computeControls, t = 0.47454
[2023-08-15 22:40:36.499] [info] CMC::computeControls, t = 0.47554
[2023-08-15 22:40:36.525] [info] CMC::computeControls, t = 0.47654
[2023-08-15 22:40:36.551] [info] CMC::computeControls, t = 0.47754
[2023-08-15 22:40:36.567] [info] CMC::computeControls, t = 0.47854
[2023-08-15 22:40:36.591] [info] CMC::computeControls, t = 0.47954
[2023-08-15 22:40:36.606] [info] CMC::computeControls, t = 0.480540
[2023-08-15 22:40:36.621] [info] CMC::computeControls, t = 0.48154
[2023-08-15 22:40:36.637] [info] CMC::computeControls, t = 0.48254
[2023-08-15 22:40:36.666] [info] CMC::computeControls, t = 0.48354
[2023-08-15 22:40:36.689] [info] CMC::computeControls, t = 0.48454
[2023-08-15 22:40:36.706] [info] CMC::computeControls, t = 0.48554
[2023-08-15 22:40:36.721] [info] CMC::computeControls, t = 0.48654
[2023-08-15 22:40:36.759] [info] CMC::computeControls, t = 0.48754
[2023-08-15 22:40:36.790] [info] CMC::computeControls, t = 0.48854
[2023-08-15 22:40:36.805] [info] CMC::computeControls, t = 0.48954
[2023-08-15 22:40:36.820] [info] CMC::computeControls, t = 0.490540
[2023-08-15 22:40:36.836] [info] CMC::computeControls, t = 0.49154
[2023-08-15 22:40:36.854] [info] CMC::computeControls, t = 0.49254
[2023-08-15 22:40:36.870] [info] CMC::computeControls, t = 0.49354
[2023-08-15 22:40:36.888] [info] CMC::computeControls, t = 0.49454
[2023-08-15 22:40:36.919] [info] CMC::computeControls, t = 0.49554
[2023-08-15 22:40:36.937] [info] CMC::computeControls, t = 0.49654
[2023-08-15 22:40:36.955] [info] CMC::computeControls, t = 0.49754
[2023-08-15 22:40:36.982] [info] CMC::computeControls, t = 0.49854
[2023-08-15 22:40:37.006] [info] CMC::computeControls, t = 0.49954
[2023-08-15 22:40:37.027] [info] CMC::computeControls, t = 0.500540
[2023-08-15 22:40:37.058] [info] CMC::computeControls, t = 0.501540
[2023-08-15 22:40:37.084] [info] CMC::computeControls, t = 0.502540
[2023-08-15 22:40:37.110] [info] CMC::computeControls, t = 0.503540
[2023-08-15 22:40:37.128] [info] CMC::computeControls, t = 0.504540
[2023-08-15 22:40:37.146] [info] CMC::computeControls, t = 0.505540
[2023-08-15 22:40:37.177] [info] CMC::computeControls, t = 0.506540
[2023-08-15 22:40:37.196] [info] CMC::computeControls, t = 0.507540
[2023-08-15 22:40:37.211] [info] CMC::computeControls, t = 0.508540
[2023-08-15 22:40:37.240] [info] CMC::computeControls, t = 0.509540
[2023-08-15 22:40:37.273] [info] CMC::computeControls, t = 0.510540
[2023-08-15 22:40:37.298] [info] CMC::computeControls, t = 0.51154
[2023-08-15 22:40:37.332] [info] CMC::computeControls, t = 0.51254
[2023-08-15 22:40:37.347] [info] CMC::computeControls, t = 0.51354
[2023-08-15 22:40:37.373] [info] CMC::computeControls, t = 0.51454
[2023-08-15 22:40:37.389] [info] CMC::computeControls, t = 0.51554
[2023-08-15 22:40:37.407] [info] CMC::computeControls, t = 0.51654
[2023-08-15 22:40:37.427] [info] CMC::computeControls, t = 0.51754
[2023-08-15 22:40:37.446] [info] CMC::computeControls, t = 0.51854
[2023-08-15 22:40:37.470] [info] CMC::computeControls, t = 0.51954
[2023-08-15 22:40:37.499] [info] CMC::computeControls, t = 0.520540
[2023-08-15 22:40:37.537] [info] CMC::computeControls, t = 0.52154
[2023-08-15 22:40:37.567] [info] CMC::computeControls, t = 0.52254
[2023-08-15 22:40:37.601] [info] CMC::computeControls, t = 0.52354
[2023-08-15 22:40:37.627] [info] CMC::computeControls, t = 0.52454
[2023-08-15 22:40:37.654] [info] CMC::computeControls, t = 0.52554
[2023-08-15 22:40:37.675] [info] CMC::computeControls, t = 0.52654
[2023-08-15 22:40:37.709] [info] CMC::computeControls, t = 0.52754
[2023-08-15 22:40:37.732] [info] CMC::computeControls, t = 0.52854
[2023-08-15 22:40:37.757] [info] CMC::computeControls, t = 0.52954
[2023-08-15 22:40:37.783] [info] CMC::computeControls, t = 0.530540
[2023-08-15 22:40:37.799] [info] CMC::computeControls, t = 0.53154
[2023-08-15 22:40:37.822] [info] CMC::computeControls, t = 0.53254
[2023-08-15 22:40:37.850] [info] CMC::computeControls, t = 0.53354
[2023-08-15 22:40:37.866] [info] CMC::computeControls, t = 0.53454
[2023-08-15 22:40:37.882] [info] CMC::computeControls, t = 0.53554
[2023-08-15 22:40:37.903] [info] CMC::computeControls, t = 0.53654
[2023-08-15 22:40:37.924] [info] CMC::computeControls, t = 0.53754
[2023-08-15 22:40:37.941] [info] CMC::computeControls, t = 0.53854
[2023-08-15 22:40:37.963] [info] CMC::computeControls, t = 0.53954
[2023-08-15 22:40:37.993] [info] CMC::computeControls, t = 0.540540
[2023-08-15 22:40:38.032] [info] CMC::computeControls, t = 0.54154
[2023-08-15 22:40:38.057] [info] CMC::computeControls, t = 0.54254
[2023-08-15 22:40:38.090] [info] CMC::computeControls, t = 0.54354
[2023-08-15 22:40:38.130] [info] CMC::computeControls, t = 0.54454
[2023-08-15 22:40:38.163] [info] CMC::computeControls, t = 0.54554
[2023-08-15 22:40:38.178] [info] CMC::computeControls, t = 0.54654
[2023-08-15 22:40:38.203] [info] CMC::computeControls, t = 0.54754
[2023-08-15 22:40:38.221] [info] CMC::computeControls, t = 0.54854
[2023-08-15 22:40:38.249] [info] CMC::computeControls, t = 0.54954
[2023-08-15 22:40:38.290] [info] CMC::computeControls, t = 0.550540
[2023-08-15 22:40:38.311] [info] CMC::computeControls, t = 0.55154
[2023-08-15 22:40:38.335] [info] CMC::computeControls, t = 0.55254
[2023-08-15 22:40:38.367] [info] CMC::computeControls, t = 0.55354
[2023-08-15 22:40:38.386] [info] CMC::computeControls, t = 0.55454
[2023-08-15 22:40:38.402] [info] CMC::computeControls, t = 0.55554
[2023-08-15 22:40:38.417] [info] CMC::computeControls, t = 0.55654
[2023-08-15 22:40:38.444] [info] CMC::computeControls, t = 0.55754
[2023-08-15 22:40:38.470] [info] CMC::computeControls, t = 0.55854
[2023-08-15 22:40:38.496] [info] CMC::computeControls, t = 0.55954
[2023-08-15 22:40:38.515] [info] CMC::computeControls, t = 0.560540
[2023-08-15 22:40:38.540] [info] CMC::computeControls, t = 0.56154
[2023-08-15 22:40:38.570] [info] CMC::computeControls, t = 0.56254
[2023-08-15 22:40:38.621] [info] CMC::computeControls, t = 0.56354
[2023-08-15 22:40:38.652] [info] CMC::computeControls, t = 0.56454
[2023-08-15 22:40:38.683] [info] CMC::computeControls, t = 0.56554
[2023-08-15 22:40:38.699] [info] CMC::computeControls, t = 0.56654
[2023-08-15 22:40:38.717] [info] CMC::computeControls, t = 0.56754
[2023-08-15 22:40:38.756] [info] CMC::computeControls, t = 0.56854
[2023-08-15 22:40:38.785] [info] CMC::computeControls, t = 0.56954
[2023-08-15 22:40:38.821] [info] CMC::computeControls, t = 0.570540
[2023-08-15 22:40:38.856] [info] CMC::computeControls, t = 0.57154
[2023-08-15 22:40:38.876] [info] CMC::computeControls, t = 0.57254
[2023-08-15 22:40:38.895] [info] CMC::computeControls, t = 0.57354
[2023-08-15 22:40:38.924] [info] CMC::computeControls, t = 0.57454
[2023-08-15 22:40:38.947] [info] CMC::computeControls, t = 0.57554
[2023-08-15 22:40:38.963] [info] CMC::computeControls, t = 0.57654
[2023-08-15 22:40:38.984] [info] CMC::computeControls, t = 0.57754
[2023-08-15 22:40:39.015] [info] CMC::computeControls, t = 0.57854
[2023-08-15 22:40:39.044] [info] CMC::computeControls, t = 0.57954
[2023-08-15 22:40:39.068] [info] CMC::computeControls, t = 0.580540
[2023-08-15 22:40:39.103] [info] CMC::computeControls, t = 0.58154
[2023-08-15 22:40:39.120] [info] CMC::computeControls, t = 0.58254
[2023-08-15 22:40:39.136] [info] CMC::computeControls, t = 0.58354
[2023-08-15 22:40:39.158] [info] CMC::computeControls, t = 0.58454
[2023-08-15 22:40:39.180] [info] CMC::computeControls, t = 0.58554
[2023-08-15 22:40:39.205] [info] CMC::computeControls, t = 0.58654
[2023-08-15 22:40:39.236] [info] CMC::computeControls, t = 0.58754
[2023-08-15 22:40:39.256] [info] CMC::computeControls, t = 0.58854
[2023-08-15 22:40:39.275] [info] CMC::computeControls, t = 0.58954
[2023-08-15 22:40:39.301] [info] CMC::computeControls, t = 0.590540
[2023-08-15 22:40:39.330] [info] CMC::computeControls, t = 0.59154
[2023-08-15 22:40:39.356] [info] CMC::computeControls, t = 0.59254
[2023-08-15 22:40:39.382] [info] CMC::computeControls, t = 0.59354
[2023-08-15 22:40:39.421] [info] CMC::computeControls, t = 0.59454
[2023-08-15 22:40:39.453] [info] CMC::computeControls, t = 0.59554
[2023-08-15 22:40:39.474] [info] CMC::computeControls, t = 0.59654
[2023-08-15 22:40:39.501] [info] CMC::computeControls, t = 0.59754
[2023-08-15 22:40:39.534] [info] CMC::computeControls, t = 0.59854
[2023-08-15 22:40:39.564] [info] CMC::computeControls, t = 0.59954
[2023-08-15 22:40:39.598] [info] CMC::computeControls, t = 0.600540
[2023-08-15 22:40:39.623] [info] CMC::computeControls, t = 0.601540
[2023-08-15 22:40:39.638] [info] CMC::computeControls, t = 0.602540
[2023-08-15 22:40:39.657] [info] CMC::computeControls, t = 0.603540
[2023-08-15 22:40:39.674] [info] CMC::computeControls, t = 0.604540
[2023-08-15 22:40:39.697] [info] CMC::computeControls, t = 0.605540
[2023-08-15 22:40:39.724] [info] CMC::computeControls, t = 0.606540
[2023-08-15 22:40:39.742] [info] CMC::computeControls, t = 0.607540
[2023-08-15 22:40:39.758] [info] CMC::computeControls, t = 0.608540
[2023-08-15 22:40:39.784] [info] CMC::computeControls, t = 0.609540
[2023-08-15 22:40:39.812] [info] CMC::computeControls, t = 0.610540
[2023-08-15 22:40:39.836] [info] CMC::computeControls, t = 0.61154
[2023-08-15 22:40:39.856] [info] CMC::computeControls, t = 0.61254
[2023-08-15 22:40:39.898] [info] CMC::computeControls, t = 0.61354
[2023-08-15 22:40:39.936] [info] CMC::computeControls, t = 0.61454
[2023-08-15 22:40:39.964] [info] CMC::computeControls, t = 0.61554
[2023-08-15 22:40:39.994] [info] CMC::computeControls, t = 0.61654
[2023-08-15 22:40:40.010] [info] CMC::computeControls, t = 0.61754
[2023-08-15 22:40:40.030] [info] CMC::computeControls, t = 0.61854
[2023-08-15 22:40:40.062] [info] CMC::computeControls, t = 0.61954
[2023-08-15 22:40:40.088] [info] CMC::computeControls, t = 0.620540
[2023-08-15 22:40:40.103] [info] CMC::computeControls, t = 0.62154
[2023-08-15 22:40:40.122] [info] CMC::computeControls, t = 0.62254
[2023-08-15 22:40:40.155] [info] CMC::computeControls, t = 0.62354
[2023-08-15 22:40:40.180] [info] CMC::computeControls, t = 0.62454
[2023-08-15 22:40:40.222] [info] CMC::computeControls, t = 0.62554
[2023-08-15 22:40:40.250] [info] CMC::computeControls, t = 0.62654
[2023-08-15 22:40:40.286] [info] CMC::computeControls, t = 0.62754
[2023-08-15 22:40:40.310] [info] CMC::computeControls, t = 0.62854
[2023-08-15 22:40:40.332] [info] CMC::computeControls, t = 0.62954
[2023-08-15 22:40:40.369] [info] CMC::computeControls, t = 0.630540
[2023-08-15 22:40:40.399] [info] CMC::computeControls, t = 0.63154
[2023-08-15 22:40:40.435] [info] CMC::computeControls, t = 0.63254
[2023-08-15 22:40:40.458] [info] CMC::computeControls, t = 0.63354
[2023-08-15 22:40:40.484] [info] CMC::computeControls, t = 0.63454
[2023-08-15 22:40:40.508] [info] CMC::computeControls, t = 0.63554
[2023-08-15 22:40:40.524] [info] CMC::computeControls, t = 0.63654
[2023-08-15 22:40:40.550] [info] CMC::computeControls, t = 0.63754
[2023-08-15 22:40:40.566] [info] CMC::computeControls, t = 0.63854
[2023-08-15 22:40:40.582] [info] CMC::computeControls, t = 0.63954
[2023-08-15 22:40:40.601] [info] CMC::computeControls, t = 0.640540
[2023-08-15 22:40:40.626] [info] CMC::computeControls, t = 0.64154
[2023-08-15 22:40:40.645] [info] CMC::computeControls, t = 0.64254
[2023-08-15 22:40:40.670] [info] CMC::computeControls, t = 0.64354
[2023-08-15 22:40:40.688] [info] CMC::computeControls, t = 0.64454
[2023-08-15 22:40:40.707] [info] CMC::computeControls, t = 0.64554
[2023-08-15 22:40:40.727] [info] CMC::computeControls, t = 0.64654
[2023-08-15 22:40:40.743] [info] CMC::computeControls, t = 0.64754
[2023-08-15 22:40:40.772] [info] CMC::computeControls, t = 0.64854
[2023-08-15 22:40:40.793] [info] CMC::computeControls, t = 0.64954
[2023-08-15 22:40:40.815] [info] CMC::computeControls, t = 0.650540
[2023-08-15 22:40:40.839] [info] CMC::computeControls, t = 0.65154
[2023-08-15 22:40:40.868] [info] CMC::computeControls, t = 0.65254
[2023-08-15 22:40:40.889] [info] CMC::computeControls, t = 0.65354
[2023-08-15 22:40:40.922] [info] CMC::computeControls, t = 0.65454
[2023-08-15 22:40:40.943] [info] CMC::computeControls, t = 0.65554
[2023-08-15 22:40:40.969] [info] CMC::computeControls, t = 0.65654
[2023-08-15 22:40:41.021] [info] CMC::computeControls, t = 0.65754
[2023-08-15 22:40:41.045] [info] CMC::computeControls, t = 0.65854
[2023-08-15 22:40:41.072] [info] CMC::computeControls, t = 0.65954
[2023-08-15 22:40:41.098] [info] CMC::computeControls, t = 0.660540
[2023-08-15 22:40:41.125] [info] CMC::computeControls, t = 0.66154
[2023-08-15 22:40:41.149] [info] CMC::computeControls, t = 0.66254
[2023-08-15 22:40:41.172] [info] CMC::computeControls, t = 0.66354
[2023-08-15 22:40:41.195] [info] CMC::computeControls, t = 0.66454
[2023-08-15 22:40:41.223] [info] CMC::computeControls, t = 0.66554
[2023-08-15 22:40:41.244] [info] CMC::computeControls, t = 0.66654
[2023-08-15 22:40:41.275] [info] CMC::computeControls, t = 0.66754
[2023-08-15 22:40:41.299] [info] CMC::computeControls, t = 0.66854
[2023-08-15 22:40:41.333] [info] CMC::computeControls, t = 0.66954
[2023-08-15 22:40:41.364] [info] CMC::computeControls, t = 0.670540
[2023-08-15 22:40:41.386] [info] CMC::computeControls, t = 0.67154
[2023-08-15 22:40:41.405] [info] CMC::computeControls, t = 0.67254
[2023-08-15 22:40:41.420] [info] CMC::computeControls, t = 0.67354
[2023-08-15 22:40:41.436] [info] CMC::computeControls, t = 0.67454
[2023-08-15 22:40:41.452] [info] CMC::computeControls, t = 0.67554
[2023-08-15 22:40:41.473] [info] CMC::computeControls, t = 0.67654
[2023-08-15 22:40:41.490] [info] CMC::computeControls, t = 0.67754
[2023-08-15 22:40:41.507] [info] CMC::computeControls, t = 0.67854
[2023-08-15 22:40:41.531] [info] CMC::computeControls, t = 0.67954
[2023-08-15 22:40:41.548] [info] CMC::computeControls, t = 0.680540
[2023-08-15 22:40:41.564] [info] CMC::computeControls, t = 0.68154
[2023-08-15 22:40:41.601] [info] CMC::computeControls, t = 0.68254
[2023-08-15 22:40:41.617] [info] CMC::computeControls, t = 0.68354
[2023-08-15 22:40:41.640] [info] CMC::computeControls, t = 0.68454
[2023-08-15 22:40:41.670] [info] CMC::computeControls, t = 0.68554
[2023-08-15 22:40:41.685] [info] CMC::computeControls, t = 0.68654
[2023-08-15 22:40:41.701] [info] CMC::computeControls, t = 0.68754
[2023-08-15 22:40:41.716] [info] CMC::computeControls, t = 0.68854
[2023-08-15 22:40:41.743] [info] CMC::computeControls, t = 0.68954
[2023-08-15 22:40:41.770] [info] CMC::computeControls, t = 0.690540
[2023-08-15 22:40:41.792] [info] CMC::computeControls, t = 0.69154
[2023-08-15 22:40:41.812] [info] CMC::computeControls, t = 0.69254
[2023-08-15 22:40:41.838] [info] CMC::computeControls, t = 0.69354
[2023-08-15 22:40:41.861] [info] CMC::computeControls, t = 0.69454
[2023-08-15 22:40:41.879] [info] CMC::computeControls, t = 0.69554
[2023-08-15 22:40:41.913] [info] CMC::computeControls, t = 0.69654
[2023-08-15 22:40:41.933] [info] CMC::computeControls, t = 0.69754
[2023-08-15 22:40:41.962] [info] CMC::computeControls, t = 0.69854
[2023-08-15 22:40:41.979] [info] CMC::computeControls, t = 0.69954
[2023-08-15 22:40:41.995] [info] CMC::computeControls, t = 0.700540
[2023-08-15 22:40:42.022] [info] CMC::computeControls, t = 0.701540
[2023-08-15 22:40:42.050] [info] CMC::computeControls, t = 0.702540
[2023-08-15 22:40:42.066] [info] CMC::computeControls, t = 0.703540
[2023-08-15 22:40:42.091] [info] CMC::computeControls, t = 0.704540
[2023-08-15 22:40:42.109] [info] CMC::computeControls, t = 0.705540
[2023-08-15 22:40:42.124] [info] CMC::computeControls, t = 0.706540
[2023-08-15 22:40:42.140] [info] CMC::computeControls, t = 0.707540
[2023-08-15 22:40:42.166] [info] CMC::computeControls, t = 0.708540
[2023-08-15 22:40:42.191] [info] CMC::computeControls, t = 0.709540
[2023-08-15 22:40:42.210] [info] CMC::computeControls, t = 0.710540
[2023-08-15 22:40:42.235] [info] CMC::computeControls, t = 0.71154
[2023-08-15 22:40:42.271] [info] CMC::computeControls, t = 0.71254
[2023-08-15 22:40:42.302] [info] CMC::computeControls, t = 0.71354
[2023-08-15 22:40:42.327] [info] CMC::computeControls, t = 0.71454
[2023-08-15 22:40:42.342] [info] CMC::computeControls, t = 0.71554
[2023-08-15 22:40:42.368] [info] CMC::computeControls, t = 0.71654
[2023-08-15 22:40:42.395] [info] CMC::computeControls, t = 0.71754
[2023-08-15 22:40:42.433] [info] CMC::computeControls, t = 0.71854
[2023-08-15 22:40:42.464] [info] CMC::computeControls, t = 0.71954
[2023-08-15 22:40:42.483] [info] CMC::computeControls, t = 0.720540
[2023-08-15 22:40:42.503] [info] CMC::computeControls, t = 0.72154
[2023-08-15 22:40:42.540] [info] CMC::computeControls, t = 0.72254
[2023-08-15 22:40:42.576] [info] CMC::computeControls, t = 0.72354
[2023-08-15 22:40:42.608] [info] CMC::computeControls, t = 0.72454
[2023-08-15 22:40:42.639] [info] CMC::computeControls, t = 0.72554
[2023-08-15 22:40:42.669] [info] CMC::computeControls, t = 0.72654
[2023-08-15 22:40:42.689] [info] CMC::computeControls, t = 0.72754
[2023-08-15 22:40:42.706] [info] CMC::computeControls, t = 0.72854
[2023-08-15 22:40:42.728] [info] CMC::computeControls, t = 0.72954
[2023-08-15 22:40:42.745] [info] CMC::computeControls, t = 0.730540
[2023-08-15 22:40:42.781] [info] CMC::computeControls, t = 0.73154
[2023-08-15 22:40:42.824] [info] CMC::computeControls, t = 0.73254
[2023-08-15 22:40:42.843] [info] CMC::computeControls, t = 0.73354
[2023-08-15 22:40:42.863] [info] CMC::computeControls, t = 0.73454
[2023-08-15 22:40:42.891] [info] CMC::computeControls, t = 0.73554
[2023-08-15 22:40:42.922] [info] CMC::computeControls, t = 0.73654
[2023-08-15 22:40:42.959] [info] CMC::computeControls, t = 0.73754
[2023-08-15 22:40:42.997] [info] CMC::computeControls, t = 0.73854
[2023-08-15 22:40:43.035] [info] CMC::computeControls, t = 0.73954
[2023-08-15 22:40:43.065] [info] CMC::computeControls, t = 0.740540
[2023-08-15 22:40:43.097] [info] CMC::computeControls, t = 0.74154
[2023-08-15 22:40:43.112] [info] CMC::computeControls, t = 0.74254
[2023-08-15 22:40:43.131] [info] CMC::computeControls, t = 0.74354
[2023-08-15 22:40:43.148] [info] CMC::computeControls, t = 0.74454
[2023-08-15 22:40:43.170] [info] CMC::computeControls, t = 0.74554
[2023-08-15 22:40:43.195] [info] CMC::computeControls, t = 0.74654
[2023-08-15 22:40:43.223] [info] CMC::computeControls, t = 0.74754
[2023-08-15 22:40:43.247] [info] CMC::computeControls, t = 0.74854
[2023-08-15 22:40:43.263] [info] CMC::computeControls, t = 0.74954
[2023-08-15 22:40:43.293] [info] CMC::computeControls, t = 0.750540
[2023-08-15 22:40:43.314] [info] CMC::computeControls, t = 0.75154
[2023-08-15 22:40:43.343] [info] CMC::computeControls, t = 0.75254
[2023-08-15 22:40:43.367] [info] CMC::computeControls, t = 0.75354
[2023-08-15 22:40:43.390] [info] CMC::computeControls, t = 0.75454
[2023-08-15 22:40:43.413] [info] CMC::computeControls, t = 0.75554
[2023-08-15 22:40:43.437] [info] CMC::computeControls, t = 0.75654
[2023-08-15 22:40:43.473] [info] CMC::computeControls, t = 0.75754
[2023-08-15 22:40:43.489] [info] CMC::computeControls, t = 0.75854
[2023-08-15 22:40:43.504] [info] CMC::computeControls, t = 0.75954
[2023-08-15 22:40:43.539] [info] CMC::computeControls, t = 0.760540
[2023-08-15 22:40:43.571] [info] CMC::computeControls, t = 0.76154
[2023-08-15 22:40:43.605] [info] CMC::computeControls, t = 0.76254
[2023-08-15 22:40:43.643] [info] CMC::computeControls, t = 0.76354
[2023-08-15 22:40:43.669] [info] CMC::computeControls, t = 0.76454
[2023-08-15 22:40:43.706] [info] CMC::computeControls, t = 0.76554
[2023-08-15 22:40:43.722] [info] CMC::computeControls, t = 0.76654
[2023-08-15 22:40:43.752] [info] CMC::computeControls, t = 0.76754
[2023-08-15 22:40:43.772] [info] CMC::computeControls, t = 0.76854
[2023-08-15 22:40:43.802] [info] CMC::computeControls, t = 0.76954
[2023-08-15 22:40:43.825] [info] CMC::computeControls, t = 0.770540
[2023-08-15 22:40:43.855] [info] CMC::computeControls, t = 0.77154
[2023-08-15 22:40:43.882] [info] CMC::computeControls, t = 0.77254
[2023-08-15 22:40:43.901] [info] CMC::computeControls, t = 0.77354
[2023-08-15 22:40:43.919] [info] CMC::computeControls, t = 0.77454
[2023-08-15 22:40:43.934] [info] CMC::computeControls, t = 0.77554
[2023-08-15 22:40:43.950] [info] CMC::computeControls, t = 0.77654
[2023-08-15 22:40:43.974] [info] CMC::computeControls, t = 0.77754
[2023-08-15 22:40:44.006] [info] CMC::computeControls, t = 0.77854
[2023-08-15 22:40:44.035] [info] CMC::computeControls, t = 0.77954
[2023-08-15 22:40:44.071] [info] CMC::computeControls, t = 0.780540
[2023-08-15 22:40:44.100] [info] CMC::computeControls, t = 0.78154
[2023-08-15 22:40:44.134] [info] CMC::computeControls, t = 0.78254
[2023-08-15 22:40:44.165] [info] CMC::computeControls, t = 0.78354
[2023-08-15 22:40:44.191] [info] CMC::computeControls, t = 0.78454
[2023-08-15 22:40:44.230] [info] CMC::computeControls, t = 0.78554
[2023-08-15 22:40:44.264] [info] CMC::computeControls, t = 0.78654
[2023-08-15 22:40:44.293] [info] CMC::computeControls, t = 0.78754
[2023-08-15 22:40:44.318] [info] CMC::computeControls, t = 0.78854
[2023-08-15 22:40:44.349] [info] CMC::computeControls, t = 0.78954
[2023-08-15 22:40:44.375] [info] CMC::computeControls, t = 0.790540
[2023-08-15 22:40:44.405] [info] CMC::computeControls, t = 0.79154
[2023-08-15 22:40:44.435] [info] CMC::computeControls, t = 0.79254
[2023-08-15 22:40:44.459] [info] CMC::computeControls, t = 0.79354
[2023-08-15 22:40:44.481] [info] CMC::computeControls, t = 0.79454
[2023-08-15 22:40:44.508] [info] CMC::computeControls, t = 0.79554
[2023-08-15 22:40:44.534] [info] CMC::computeControls, t = 0.79654
[2023-08-15 22:40:44.567] [info] CMC::computeControls, t = 0.79754
[2023-08-15 22:40:44.596] [info] CMC::computeControls, t = 0.79854
[2023-08-15 22:40:44.632] [info] CMC::computeControls, t = 0.79954
[2023-08-15 22:40:44.656] [info] CMC::computeControls, t = 0.800540
[2023-08-15 22:40:44.680] [info] CMC::computeControls, t = 0.801540
[2023-08-15 22:40:44.699] [info] CMC::computeControls, t = 0.802540
[2023-08-15 22:40:44.737] [info] CMC::computeControls, t = 0.803540
[2023-08-15 22:40:44.769] [info] CMC::computeControls, t = 0.804540
[2023-08-15 22:40:44.794] [info] CMC::computeControls, t = 0.805540
[2023-08-15 22:40:44.820] [info] CMC::computeControls, t = 0.806540
[2023-08-15 22:40:44.849] [info] CMC::computeControls, t = 0.807540
[2023-08-15 22:40:44.875] [info] CMC::computeControls, t = 0.808540
[2023-08-15 22:40:44.902] [info] CMC::computeControls, t = 0.809540
[2023-08-15 22:40:44.923] [info] CMC::computeControls, t = 0.810540
[2023-08-15 22:40:44.959] [info] CMC::computeControls, t = 0.81154
[2023-08-15 22:40:44.994] [info] CMC::computeControls, t = 0.81254
[2023-08-15 22:40:45.022] [info] CMC::computeControls, t = 0.81354
[2023-08-15 22:40:45.045] [info] CMC::computeControls, t = 0.81454
[2023-08-15 22:40:45.077] [info] CMC::computeControls, t = 0.81554
[2023-08-15 22:40:45.101] [info] CMC::computeControls, t = 0.81654
[2023-08-15 22:40:45.126] [info] CMC::computeControls, t = 0.81754
[2023-08-15 22:40:45.145] [info] CMC::computeControls, t = 0.81854
[2023-08-15 22:40:45.169] [info] CMC::computeControls, t = 0.81954
[2023-08-15 22:40:45.189] [info] CMC::computeControls, t = 0.820540
[2023-08-15 22:40:45.211] [info] CMC::computeControls, t = 0.82154
[2023-08-15 22:40:45.237] [info] CMC::computeControls, t = 0.82254
[2023-08-15 22:40:45.256] [info] CMC::computeControls, t = 0.82354
[2023-08-15 22:40:45.281] [info] CMC::computeControls, t = 0.82454
[2023-08-15 22:40:45.314] [info] CMC::computeControls, t = 0.82554
[2023-08-15 22:40:45.337] [info] CMC::computeControls, t = 0.82654
[2023-08-15 22:40:45.360] [info] CMC::computeControls, t = 0.82754
[2023-08-15 22:40:45.377] [info] CMC::computeControls, t = 0.82854
[2023-08-15 22:40:45.415] [info] CMC::computeControls, t = 0.82954
[2023-08-15 22:40:45.455] [info] CMC::computeControls, t = 0.830540
[2023-08-15 22:40:45.471] [info] CMC::computeControls, t = 0.83154
[2023-08-15 22:40:45.486] [info] CMC::computeControls, t = 0.83254
[2023-08-15 22:40:45.522] [info] CMC::computeControls, t = 0.83354
[2023-08-15 22:40:45.551] [info] CMC::computeControls, t = 0.83454
[2023-08-15 22:40:45.578] [info] CMC::computeControls, t = 0.83554
[2023-08-15 22:40:45.600] [info] CMC::computeControls, t = 0.83654
[2023-08-15 22:40:45.622] [info] CMC::computeControls, t = 0.83754
[2023-08-15 22:40:45.659] [info] CMC::computeControls, t = 0.83854
[2023-08-15 22:40:45.676] [info] CMC::computeControls, t = 0.83954
[2023-08-15 22:40:45.696] [info] CMC::computeControls, t = 0.840540
[2023-08-15 22:40:45.730] [info] -------------------------------------------
[2023-08-15 22:40:45.730] [info] Finished tracking the specified kinematics:
[2023-08-15 22:40:45.730] [info] -------------------------------------------
[2023-08-15 22:40:45.730] [info]  -- Start time = Tue Aug 15 22:40:29 2023
[2023-08-15 22:40:45.730] [info]  -- Finish time = Tue Aug 15 22:40:45 2023
[2023-08-15 22:40:45.730] [info]  -- Elapsed time = 16.0 seconds.
[2023-08-15 22:40:45.730] [info] -------------------------------------------
[2023-08-15 22:40:45.730] [info] 
[2023-08-15 22:40:45.730] [info] Printing results of investigation subject19_run5_cycle1_iter3 to cycle1/
[2023-08-15 22:40:46.291] [info] 

************************************************************
*      Summary of Mass Adjustments to Reduce Residuals     *
************************************************************
* Body adjusted: torso
* Mass Center (COM) adjustment: dx =-0.0747975, dz =0.0437305
* New COM location: ~[0.0799811,0.321471,-0.0130968]
************************************************************
* Recommended mass adjustments:                             
*  Total mass change: 0.469608
*  pelvis: orig mass = 10.2225, new mass = 10.2961
*  femur_r: orig mass = 8.07366, new mass = 8.13177
*  tibia_r: orig mass = 3.21813, new mass = 3.24129
*  talus_r: orig mass = 0.0868005, new mass = 0.0874253
*  calcn_r: orig mass = 1.08501, new mass = 1.09282
*  toes_r: orig mass = 0.18801, new mass = 0.189363
*  femur_l: orig mass = 8.07366, new mass = 8.13177
*  tibia_l: orig mass = 3.21813, new mass = 3.24129
*  talus_l: orig mass = 0.0868005, new mass = 0.0874253
*  calcn_l: orig mass = 1.08501, new mass = 1.09282
*  toes_l: orig mass = 0.18801, new mass = 0.189363
*  torso: orig mass = 23.2856, new mass = 23.4532
*  humerus_r: orig mass = 1.76423, new mass = 1.77693
*  ulna_r: orig mass = 0.527313, new mass = 0.531108
*  radius_r: orig mass = 0.527313, new mass = 0.531108
*  hand_r: orig mass = 0.397112, new mass = 0.39997
*  humerus_l: orig mass = 1.76423, new mass = 1.77693
*  ulna_l: orig mass = 0.527313, new mass = 0.531108
*  radius_l: orig mass = 0.527313, new mass = 0.531108
*  hand_l: orig mass = 0.397112, new mass = 0.39997
************************************************************
* Note: Edit the model to make recommended adjustments to  *
*       mass properties.                                   *
************************************************************

* Average residuals before adjusting torso COM:
*  FX=-3.20531 FY=-4.60528 FZ=1.65909
*  MX=-9.98601 MY=-2.71603 MZ=-17.0803
************************************************************
* Average residuals after adjusting torso COM:
*  FX=-3.1393 FY=-5.08372 FZ=2.49559
*  MX=0.760178 MY=-3.98411 MZ=-1.20526
************************************************************


[2023-08-15 22:40:46.291] [info] 
************************************************************
*                   Final Average Residuals                *
************************************************************
* After torso COM and Kinematics adjustments:
*  FX=0.0994538 FY=-3.49294 FZ=-2.62113
*  MX=4.76888 MY=0.61722 MZ=0.223241
************************************************************


