[2023-08-15 22:20:39.176] [info] AbstractTool subject10_run5_cycle2_iter1 loading model ..\..\..\model\subject10_adjusted_scaled.osim
[2023-08-15 22:20:39.255] [info] Loaded model subject10_scaled from file ..\..\..\model\subject10_adjusted_scaled.osim
[2023-08-15 22:20:39.318] [info] Adding force object set from ..\subject10_run5_RRA_Actuators.xml
[2023-08-15 22:20:39.327] [info] Running tool subject10_run5_cycle2_iter1.
[2023-08-15 22:20:39.347] [warning] ExternalLoads 'externalloads' has subcomponents with duplicate name 'externalforce'. The duplicate is being renamed to 'externalforce_0'.
[2023-08-15 22:20:39.367] [info] 	taskSet size = 29.
[2023-08-15 22:20:39.449] [info] ExternalForce::externalforce Data source being set to Run_500 02_newCOP3_v24.mot
[2023-08-15 22:20:39.449] [info] ExternalForce::externalforce_0 Data source being set to Run_500 02_newCOP3_v24.mot
[2023-08-15 22:20:39.456] [warning] A desired points file was not specified.
[2023-08-15 22:20:39.456] [info] Loading desired kinematics from file '..\..\..\ik\Run_5.mot'...
[2023-08-15 22:20:39.456] [info] Old version storage/motion file encountered
[2023-08-15 22:20:39.457] [info] Storage: read data file = ..\..\..\ik\Run_5.mot (nr=544 nc=164)
[2023-08-15 22:20:39.457] [info] .. assuming rotations in Degrees..
[2023-08-15 22:20:39.513] [info] Low-pass filtering desired kinematics with a cutoff frequency of 15.0...
[2023-08-15 22:20:39.759] [cout] [info] MODEL: subject10_scaled

numStates = 74
numCoordinates = 37
numSpeeds = 37
numActuators = 29
numBodies = 20
numConstraints = 0
numProbes = 0

ANALYSES (total: 0)

BODIES (total: 20)
body[0] = pelvis. mass: 10.8524
              moments of inertia:  ~[0.101832,0.101832,0.0498138]
              products of inertia: ~[0,0,0]
body[1] = femur_r. mass: 8.57116
              moments of inertia:  ~[0.140761,0.0368985,0.148435]
              products of inertia: ~[0,0,0]
body[2] = tibia_r. mass: 3.41643
              moments of inertia:  ~[0.0470348,0.00475947,0.0476881]
              products of inertia: ~[0,0,0]
body[3] = talus_r. mass: 0.0921492
              moments of inertia:  ~[0.00101587,0.00101587,0.00101587]
              products of inertia: ~[0,0,0]
body[4] = calcn_r. mass: 1.15186
              moments of inertia:  ~[0.00142222,0.00396189,0.00416507]
              products of inertia: ~[0,0,0]
body[5] = toes_r. mass: 0.199595
              moments of inertia:  ~[0.000101587,0.000203174,0.00101587]
              products of inertia: ~[0,0,0]
body[6] = femur_l. mass: 8.57116
              moments of inertia:  ~[0.140761,0.0368985,0.148435]
              products of inertia: ~[0,0,0]
body[7] = tibia_l. mass: 3.41643
              moments of inertia:  ~[0.0467568,0.00420338,0.0467568]
              products of inertia: ~[0,0,0]
body[8] = talus_l. mass: 0.0921492
              moments of inertia:  ~[0.00101587,0.00101587,0.00101587]
              products of inertia: ~[0,0,0]
body[9] = calcn_l. mass: 1.15186
              moments of inertia:  ~[0.00142222,0.00396189,0.00416507]
              products of inertia: ~[0,0,0]
body[10] = toes_l. mass: 0.199595
              moments of inertia:  ~[0.000101587,0.000203174,0.00101587]
              products of inertia: ~[0,0,0]
body[11] = torso. mass: 24.7205
              moments of inertia:  ~[1.34946,0.69143,1.31001]
              products of inertia: ~[0,0,0]
body[12] = humerus_r. mass: 1.87293
              moments of inertia:  ~[0.0115586,0.00398736,0.0129742]
              products of inertia: ~[0,0,0]
body[13] = ulna_r. mass: 0.559806
              moments of inertia:  ~[0.00256957,0.000536122,0.00278732]
              products of inertia: ~[0,0,0]
body[14] = radius_r. mass: 0.559806
              moments of inertia:  ~[0.00256957,0.000536122,0.00278732]
              products of inertia: ~[0,0,0]
body[15] = hand_r. mass: 0.421582
              moments of inertia:  ~[0.000773821,0.000474529,0.00116247]
              products of inertia: ~[0,0,0]
body[16] = humerus_l. mass: 1.87293
              moments of inertia:  ~[0.0115586,0.00398736,0.0129742]
              products of inertia: ~[0,0,0]
body[17] = ulna_l. mass: 0.559806
              moments of inertia:  ~[0.00256957,0.000536122,0.00278732]
              products of inertia: ~[0,0,0]
body[18] = radius_l. mass: 0.559806
              moments of inertia:  ~[0.00256957,0.000536122,0.00278732]
              products of inertia: ~[0,0,0]
body[19] = hand_l. mass: 0.421582
              moments of inertia:  ~[0.000773821,0.000474529,0.00116247]
              products of inertia: ~[0,0,0]

JOINTS (total: 20)
joint[0] = ground_pelvis. parent: ground_offset, child: pelvis_offset
joint[1] = hip_r. parent: pelvis_offset, child: femur_r_offset
joint[2] = knee_r. parent: femur_r_offset, child: tibia_r_offset
joint[3] = ankle_r. parent: tibia_r_offset, child: talus_r_offset
joint[4] = subtalar_r. parent: talus_r_offset, child: calcn_r_offset
joint[5] = mtp_r. parent: calcn_r_offset, child: toes_r_offset
joint[6] = hip_l. parent: pelvis_offset, child: femur_l_offset
joint[7] = knee_l. parent: femur_l_offset, child: tibia_l_offset
joint[8] = ankle_l. parent: tibia_l_offset, child: talus_l_offset
joint[9] = subtalar_l. parent: talus_l_offset, child: calcn_l_offset
joint[10] = mtp_l. parent: calcn_l_offset, child: toes_l_offset
joint[11] = back. parent: pelvis_offset, child: torso_offset
joint[12] = acromial_r. parent: torso_offset, child: humerus_r_offset
joint[13] = elbow_r. parent: humerus_r_offset, child: ulna_r_offset
joint[14] = radioulnar_r. parent: ulna_r_offset, child: radius_r_offset
joint[15] = radius_hand_r. parent: radius_r_offset, child: hand_r_offset
joint[16] = acromial_l. parent: torso_offset, child: humerus_l_offset
joint[17] = elbow_l. parent: humerus_l_offset, child: ulna_l_offset
joint[18] = radioulnar_l. parent: ulna_l_offset, child: radius_l_offset
joint[19] = radius_hand_l. parent: radius_l_offset, child: hand_l_offset

ACTUATORS (total: 29)
actuator[0] = FX
actuator[1] = FY
actuator[2] = FZ
actuator[3] = MZ
actuator[4] = MX
actuator[5] = MY
actuator[6] = hip_flexion_r
actuator[7] = hip_adduction_r
actuator[8] = hip_rotation_r
actuator[9] = knee_angle_r
actuator[10] = ankle_angle_r
actuator[11] = hip_flexion_l
actuator[12] = hip_adduction_l
actuator[13] = hip_rotation_l
actuator[14] = knee_angle_l
actuator[15] = ankle_angle_l
actuator[16] = lumbar_extension
actuator[17] = lumbar_bending
actuator[18] = lumbar_rotation
actuator[19] = arm_flex_r
actuator[20] = arm_add_r
actuator[21] = arm_rot_r
actuator[22] = elbow_flex_r
actuator[23] = pro_sup_r
actuator[24] = arm_flex_l
actuator[25] = arm_add_l
actuator[26] = arm_rot_l
actuator[27] = elbow_flex_l
actuator[28] = pro_sup_l

STATES (total: 74)
y[0] = /jointset/ground_pelvis/pelvis_tilt/value
y[1] = /jointset/ground_pelvis/pelvis_tilt/speed
y[2] = /jointset/ground_pelvis/pelvis_list/value
y[3] = /jointset/ground_pelvis/pelvis_list/speed
y[4] = /jointset/ground_pelvis/pelvis_rotation/value
y[5] = /jointset/ground_pelvis/pelvis_rotation/speed
y[6] = /jointset/ground_pelvis/pelvis_tx/value
y[7] = /jointset/ground_pelvis/pelvis_tx/speed
y[8] = /jointset/ground_pelvis/pelvis_ty/value
y[9] = /jointset/ground_pelvis/pelvis_ty/speed
y[10] = /jointset/ground_pelvis/pelvis_tz/value
y[11] = /jointset/ground_pelvis/pelvis_tz/speed
y[12] = /jointset/hip_r/hip_flexion_r/value
y[13] = /jointset/hip_r/hip_flexion_r/speed
y[14] = /jointset/hip_r/hip_adduction_r/value
y[15] = /jointset/hip_r/hip_adduction_r/speed
y[16] = /jointset/hip_r/hip_rotation_r/value
y[17] = /jointset/hip_r/hip_rotation_r/speed
y[18] = /jointset/knee_r/knee_angle_r/value
y[19] = /jointset/knee_r/knee_angle_r/speed
y[20] = /jointset/ankle_r/ankle_angle_r/value
y[21] = /jointset/ankle_r/ankle_angle_r/speed
y[22] = /jointset/subtalar_r/subtalar_angle_r/value
y[23] = /jointset/subtalar_r/subtalar_angle_r/speed
y[24] = /jointset/mtp_r/mtp_angle_r/value
y[25] = /jointset/mtp_r/mtp_angle_r/speed
y[26] = /jointset/hip_l/hip_flexion_l/value
y[27] = /jointset/hip_l/hip_flexion_l/speed
y[28] = /jointset/hip_l/hip_adduction_l/value
y[29] = /jointset/hip_l/hip_adduction_l/speed
y[30] = /jointset/hip_l/hip_rotation_l/value
y[31] = /jointset/hip_l/hip_rotation_l/speed
y[32] = /jointset/knee_l/knee_angle_l/value
y[33] = /jointset/knee_l/knee_angle_l/speed
y[34] = /jointset/ankle_l/ankle_angle_l/value
y[35] = /jointset/ankle_l/ankle_angle_l/speed
y[36] = /jointset/subtalar_l/subtalar_angle_l/value
y[37] = /jointset/subtalar_l/subtalar_angle_l/speed
y[38] = /jointset/mtp_l/mtp_angle_l/value
y[39] = /jointset/mtp_l/mtp_angle_l/speed
y[40] = /jointset/back/lumbar_extension/value
y[41] = /jointset/back/lumbar_extension/speed
y[42] = /jointset/back/lumbar_bending/value
y[43] = /jointset/back/lumbar_bending/speed
y[44] = /jointset/back/lumbar_rotation/value
y[45] = /jointset/back/lumbar_rotation/speed
y[46] = /jointset/acromial_r/arm_flex_r/value
y[47] = /jointset/acromial_r/arm_flex_r/speed
y[48] = /jointset/acromial_r/arm_add_r/value
y[49] = /jointset/acromial_r/arm_add_r/speed
y[50] = /jointset/acromial_r/arm_rot_r/value
y[51] = /jointset/acromial_r/arm_rot_r/speed
y[52] = /jointset/elbow_r/elbow_flex_r/value
y[53] = /jointset/elbow_r/elbow_flex_r/speed
y[54] = /jointset/radioulnar_r/pro_sup_r/value
y[55] = /jointset/radioulnar_r/pro_sup_r/speed
y[56] = /jointset/radius_hand_r/wrist_flex_r/value
y[57] = /jointset/radius_hand_r/wrist_flex_r/speed
y[58] = /jointset/radius_hand_r/wrist_dev_r/value
y[59] = /jointset/radius_hand_r/wrist_dev_r/speed
y[60] = /jointset/acromial_l/arm_flex_l/value
y[61] = /jointset/acromial_l/arm_flex_l/speed
y[62] = /jointset/acromial_l/arm_add_l/value
y[63] = /jointset/acromial_l/arm_add_l/speed
y[64] = /jointset/acromial_l/arm_rot_l/value
y[65] = /jointset/acromial_l/arm_rot_l/speed
y[66] = /jointset/elbow_l/elbow_flex_l/value
y[67] = /jointset/elbow_l/elbow_flex_l/speed
y[68] = /jointset/radioulnar_l/pro_sup_l/value
y[69] = /jointset/radioulnar_l/pro_sup_l/speed
y[70] = /jointset/radius_hand_l/wrist_flex_l/value
y[71] = /jointset/radius_hand_l/wrist_flex_l/speed
y[72] = /jointset/radius_hand_l/wrist_dev_l/value
y[73] = /jointset/radius_hand_l/wrist_dev_l/speed

[2023-08-15 22:20:40.164] [info] Requested COM adjustment time range 2.64 to 3.231, clamped to nearest available data times: 2.64 to 3.23.
[2023-08-15 22:20:40.164] [info] Computing average residuals between 2.64 and 3.23...
[2023-08-15 22:20:40.241] [info] ExternalForce::externalforce Data source being set to Run_500 02_newCOP3_v24.mot
[2023-08-15 22:20:40.241] [info] ExternalForce::externalforce_0 Data source being set to Run_500 02_newCOP3_v24.mot
[2023-08-15 22:20:40.306] [info] ExternalForce::externalforce Data source being set to Run_500 02_newCOP3_v24.mot
[2023-08-15 22:20:40.306] [info] ExternalForce::externalforce_0 Data source being set to Run_500 02_newCOP3_v24.mot
[2023-08-15 22:20:41.613] [info] ExternalForce::externalforce Data source being set to Run_500 02_newCOP3_v24.mot
[2023-08-15 22:20:41.613] [info] ExternalForce::externalforce_0 Data source being set to Run_500 02_newCOP3_v24.mot
[2023-08-15 22:20:41.619] [info] Computing average residuals between 2.64 and 3.23...
[2023-08-15 22:20:41.686] [info] ExternalForce::externalforce Data source being set to Run_500 02_newCOP3_v24.mot
[2023-08-15 22:20:41.686] [info] ExternalForce::externalforce_0 Data source being set to Run_500 02_newCOP3_v24.mot
[2023-08-15 22:20:41.737] [info] ExternalForce::externalforce Data source being set to Run_500 02_newCOP3_v24.mot
[2023-08-15 22:20:41.737] [info] ExternalForce::externalforce_0 Data source being set to Run_500 02_newCOP3_v24.mot
[2023-08-15 22:20:42.823] [info] Constructing function set for tracking desired kinematics...
[2023-08-15 22:20:43.526] [warning] No Actuation analysis found in analysis set, adding one...
[2023-08-15 22:20:43.527] [warning] No Kinematics analysis found in analysis set, adding one...
[2023-08-15 22:20:43.531] [info] Using the generalized coordinates specified in '..\..\..\ik\Run_5.mot' to set the initial configuration.
[2023-08-15 22:20:43.709] [info] Using IPOPT optimizer algorithm.
[2023-08-15 22:20:43.709] [info] Setting optimizer print level to 0.
[2023-08-15 22:20:43.709] [info] Setting optimizer convergence tolerance to 1.0e-05.
[2023-08-15 22:20:43.709] [info] Setting optimizer maximum iterations to 2000.
[2023-08-15 22:20:43.709] [info] Setting cmc controller to not use verbose printing.

[2023-08-15 22:20:43.709] [info] CMC::computeControls, t = 2.64
[2023-08-15 22:20:44.578] [info] --------------------------------------------
[2023-08-15 22:20:44.578] [info] Using CMC to track the specified kinematics:
[2023-08-15 22:20:44.578] [info] --------------------------------------------
[2023-08-15 22:20:44.578] [info]  -- Integrating from 2.64 to 3.231
[2023-08-15 22:20:44.578] [info]  -- Start time = Tue Aug 15 22:20:44 2023
[2023-08-15 22:20:44.578] [info] --------------------------------------------
[2023-08-15 22:20:44.578] [info] 
[2023-08-15 22:20:44.582] [info] CMC::computeControls, t = 2.64
[2023-08-15 22:20:44.611] [info] CMC::computeControls, t = 2.641
[2023-08-15 22:20:44.612] [warning] Coordinate.setValue:  coordinate subtalar_angle_r is locked. Unable to change its value.
[2023-08-15 22:20:44.612] [warning] Coordinate.setValue:  coordinate mtp_angle_r is locked. Unable to change its value.
[2023-08-15 22:20:44.612] [warning] Coordinate.setValue:  coordinate subtalar_angle_l is locked. Unable to change its value.
[2023-08-15 22:20:44.612] [warning] Coordinate.setValue:  coordinate mtp_angle_l is locked. Unable to change its value.
[2023-08-15 22:20:44.612] [warning] Coordinate.setValue:  coordinate wrist_flex_r is locked. Unable to change its value.
[2023-08-15 22:20:44.612] [warning] Coordinate.setValue:  coordinate wrist_dev_r is locked. Unable to change its value.
[2023-08-15 22:20:44.612] [warning] Coordinate.setValue:  coordinate wrist_flex_l is locked. Unable to change its value.
[2023-08-15 22:20:44.612] [warning] Coordinate.setValue:  coordinate wrist_dev_l is locked. Unable to change its value.
[2023-08-15 22:20:44.648] [info] CMC::computeControls, t = 2.642
[2023-08-15 22:20:44.676] [info] CMC::computeControls, t = 2.643
[2023-08-15 22:20:44.692] [info] CMC::computeControls, t = 2.644
[2023-08-15 22:20:44.720] [info] CMC::computeControls, t = 2.645
[2023-08-15 22:20:44.735] [info] CMC::computeControls, t = 2.646
[2023-08-15 22:20:44.770] [info] CMC::computeControls, t = 2.647
[2023-08-15 22:20:44.793] [info] CMC::computeControls, t = 2.648
[2023-08-15 22:20:44.824] [info] CMC::computeControls, t = 2.649
[2023-08-15 22:20:44.864] [info] CMC::computeControls, t = 2.65
[2023-08-15 22:20:44.892] [info] CMC::computeControls, t = 2.651
[2023-08-15 22:20:44.923] [info] CMC::computeControls, t = 2.652
[2023-08-15 22:20:44.942] [info] CMC::computeControls, t = 2.653
[2023-08-15 22:20:44.981] [info] CMC::computeControls, t = 2.654
[2023-08-15 22:20:45.006] [info] CMC::computeControls, t = 2.655
[2023-08-15 22:20:45.030] [info] CMC::computeControls, t = 2.656
[2023-08-15 22:20:45.053] [info] CMC::computeControls, t = 2.657
[2023-08-15 22:20:45.088] [info] CMC::computeControls, t = 2.658
[2023-08-15 22:20:45.125] [info] CMC::computeControls, t = 2.659
[2023-08-15 22:20:45.151] [info] CMC::computeControls, t = 2.66
[2023-08-15 22:20:45.189] [info] CMC::computeControls, t = 2.661
[2023-08-15 22:20:45.208] [info] CMC::computeControls, t = 2.662
[2023-08-15 22:20:45.224] [info] CMC::computeControls, t = 2.663
[2023-08-15 22:20:45.250] [info] CMC::computeControls, t = 2.664
[2023-08-15 22:20:45.276] [info] CMC::computeControls, t = 2.665
[2023-08-15 22:20:45.306] [info] CMC::computeControls, t = 2.666
[2023-08-15 22:20:45.333] [info] CMC::computeControls, t = 2.667
[2023-08-15 22:20:45.361] [info] CMC::computeControls, t = 2.668
[2023-08-15 22:20:45.401] [info] CMC::computeControls, t = 2.669
[2023-08-15 22:20:45.433] [info] CMC::computeControls, t = 2.67
[2023-08-15 22:20:45.448] [info] CMC::computeControls, t = 2.671
[2023-08-15 22:20:45.467] [info] CMC::computeControls, t = 2.672
[2023-08-15 22:20:45.495] [info] CMC::computeControls, t = 2.673
[2023-08-15 22:20:45.512] [info] CMC::computeControls, t = 2.674
[2023-08-15 22:20:45.532] [info] CMC::computeControls, t = 2.675
[2023-08-15 22:20:45.548] [info] CMC::computeControls, t = 2.676
[2023-08-15 22:20:45.569] [info] CMC::computeControls, t = 2.677
[2023-08-15 22:20:45.587] [info] CMC::computeControls, t = 2.678
[2023-08-15 22:20:45.622] [info] CMC::computeControls, t = 2.679
[2023-08-15 22:20:45.638] [info] CMC::computeControls, t = 2.68
[2023-08-15 22:20:45.666] [info] CMC::computeControls, t = 2.681
[2023-08-15 22:20:45.692] [info] CMC::computeControls, t = 2.682
[2023-08-15 22:20:45.717] [info] CMC::computeControls, t = 2.683
[2023-08-15 22:20:45.753] [info] CMC::computeControls, t = 2.684
[2023-08-15 22:20:45.771] [info] CMC::computeControls, t = 2.685
[2023-08-15 22:20:45.801] [info] CMC::computeControls, t = 2.686
[2023-08-15 22:20:45.826] [info] CMC::computeControls, t = 2.687
[2023-08-15 22:20:45.853] [info] CMC::computeControls, t = 2.688
[2023-08-15 22:20:45.885] [info] CMC::computeControls, t = 2.689
[2023-08-15 22:20:45.902] [info] CMC::computeControls, t = 2.69
[2023-08-15 22:20:45.938] [info] CMC::computeControls, t = 2.691
[2023-08-15 22:20:45.958] [info] CMC::computeControls, t = 2.692
[2023-08-15 22:20:45.979] [info] CMC::computeControls, t = 2.693
[2023-08-15 22:20:46.000] [info] CMC::computeControls, t = 2.694
[2023-08-15 22:20:46.023] [info] CMC::computeControls, t = 2.695
[2023-08-15 22:20:46.057] [info] CMC::computeControls, t = 2.696
[2023-08-15 22:20:46.094] [info] CMC::computeControls, t = 2.697
[2023-08-15 22:20:46.132] [info] CMC::computeControls, t = 2.698
[2023-08-15 22:20:46.163] [info] CMC::computeControls, t = 2.699
[2023-08-15 22:20:46.181] [info] CMC::computeControls, t = 2.7
[2023-08-15 22:20:46.210] [info] CMC::computeControls, t = 2.70100
[2023-08-15 22:20:46.228] [info] CMC::computeControls, t = 2.70200
[2023-08-15 22:20:46.257] [info] CMC::computeControls, t = 2.70300
[2023-08-15 22:20:46.283] [info] CMC::computeControls, t = 2.70400
[2023-08-15 22:20:46.307] [info] CMC::computeControls, t = 2.70500
[2023-08-15 22:20:46.323] [info] CMC::computeControls, t = 2.70600
[2023-08-15 22:20:46.342] [info] CMC::computeControls, t = 2.70700
[2023-08-15 22:20:46.357] [info] CMC::computeControls, t = 2.70800
[2023-08-15 22:20:46.385] [info] CMC::computeControls, t = 2.70900
[2023-08-15 22:20:46.424] [info] CMC::computeControls, t = 2.71
[2023-08-15 22:20:46.457] [info] CMC::computeControls, t = 2.711
[2023-08-15 22:20:46.482] [info] CMC::computeControls, t = 2.712
[2023-08-15 22:20:46.509] [info] CMC::computeControls, t = 2.713
[2023-08-15 22:20:46.541] [info] CMC::computeControls, t = 2.714
[2023-08-15 22:20:46.570] [info] CMC::computeControls, t = 2.715
[2023-08-15 22:20:46.594] [info] CMC::computeControls, t = 2.716
[2023-08-15 22:20:46.628] [info] CMC::computeControls, t = 2.717
[2023-08-15 22:20:46.662] [info] CMC::computeControls, t = 2.718
[2023-08-15 22:20:46.689] [info] CMC::computeControls, t = 2.719
[2023-08-15 22:20:46.712] [info] CMC::computeControls, t = 2.72
[2023-08-15 22:20:46.733] [info] CMC::computeControls, t = 2.721
[2023-08-15 22:20:46.749] [info] CMC::computeControls, t = 2.722
[2023-08-15 22:20:46.763] [info] CMC::computeControls, t = 2.723
[2023-08-15 22:20:46.787] [info] CMC::computeControls, t = 2.724
[2023-08-15 22:20:46.819] [info] CMC::computeControls, t = 2.725
[2023-08-15 22:20:46.834] [info] CMC::computeControls, t = 2.726
[2023-08-15 22:20:46.866] [info] CMC::computeControls, t = 2.727
[2023-08-15 22:20:46.891] [info] CMC::computeControls, t = 2.728
[2023-08-15 22:20:46.909] [info] CMC::computeControls, t = 2.729
[2023-08-15 22:20:46.938] [info] CMC::computeControls, t = 2.73
[2023-08-15 22:20:46.975] [info] CMC::computeControls, t = 2.731
[2023-08-15 22:20:47.000] [info] CMC::computeControls, t = 2.732
[2023-08-15 22:20:47.020] [info] CMC::computeControls, t = 2.733
[2023-08-15 22:20:47.052] [info] CMC::computeControls, t = 2.734
[2023-08-15 22:20:47.086] [info] CMC::computeControls, t = 2.735
[2023-08-15 22:20:47.101] [info] CMC::computeControls, t = 2.736
[2023-08-15 22:20:47.121] [info] CMC::computeControls, t = 2.737
[2023-08-15 22:20:47.140] [info] CMC::computeControls, t = 2.738
[2023-08-15 22:20:47.173] [info] CMC::computeControls, t = 2.739
[2023-08-15 22:20:47.193] [info] CMC::computeControls, t = 2.74
[2023-08-15 22:20:47.212] [info] CMC::computeControls, t = 2.741
[2023-08-15 22:20:47.241] [info] CMC::computeControls, t = 2.742
[2023-08-15 22:20:47.256] [info] CMC::computeControls, t = 2.743
[2023-08-15 22:20:47.288] [info] CMC::computeControls, t = 2.744
[2023-08-15 22:20:47.317] [info] CMC::computeControls, t = 2.745
[2023-08-15 22:20:47.337] [info] CMC::computeControls, t = 2.746
[2023-08-15 22:20:47.378] [info] CMC::computeControls, t = 2.747
[2023-08-15 22:20:47.409] [info] CMC::computeControls, t = 2.748
[2023-08-15 22:20:47.433] [info] CMC::computeControls, t = 2.749
[2023-08-15 22:20:47.453] [info] CMC::computeControls, t = 2.75
[2023-08-15 22:20:47.471] [info] CMC::computeControls, t = 2.751
[2023-08-15 22:20:47.490] [info] CMC::computeControls, t = 2.752
[2023-08-15 22:20:47.508] [info] CMC::computeControls, t = 2.753
[2023-08-15 22:20:47.528] [info] CMC::computeControls, t = 2.754
[2023-08-15 22:20:47.554] [info] CMC::computeControls, t = 2.755
[2023-08-15 22:20:47.576] [info] CMC::computeControls, t = 2.756
[2023-08-15 22:20:47.608] [info] CMC::computeControls, t = 2.757
[2023-08-15 22:20:47.624] [info] CMC::computeControls, t = 2.758
[2023-08-15 22:20:47.639] [info] CMC::computeControls, t = 2.759
[2023-08-15 22:20:47.667] [info] CMC::computeControls, t = 2.76
[2023-08-15 22:20:47.694] [info] CMC::computeControls, t = 2.761
[2023-08-15 22:20:47.710] [info] CMC::computeControls, t = 2.762
[2023-08-15 22:20:47.745] [info] CMC::computeControls, t = 2.763
[2023-08-15 22:20:47.769] [info] CMC::computeControls, t = 2.764
[2023-08-15 22:20:47.784] [info] CMC::computeControls, t = 2.765
[2023-08-15 22:20:47.804] [info] CMC::computeControls, t = 2.766
[2023-08-15 22:20:47.823] [info] CMC::computeControls, t = 2.767
[2023-08-15 22:20:47.839] [info] CMC::computeControls, t = 2.768
[2023-08-15 22:20:47.857] [info] CMC::computeControls, t = 2.769
[2023-08-15 22:20:47.887] [info] CMC::computeControls, t = 2.77
[2023-08-15 22:20:47.906] [info] CMC::computeControls, t = 2.771
[2023-08-15 22:20:47.921] [info] CMC::computeControls, t = 2.772
[2023-08-15 22:20:47.955] [info] CMC::computeControls, t = 2.773
[2023-08-15 22:20:47.993] [info] CMC::computeControls, t = 2.774
[2023-08-15 22:20:48.011] [info] CMC::computeControls, t = 2.775
[2023-08-15 22:20:48.039] [info] CMC::computeControls, t = 2.776
[2023-08-15 22:20:48.071] [info] CMC::computeControls, t = 2.777
[2023-08-15 22:20:48.098] [info] CMC::computeControls, t = 2.778
[2023-08-15 22:20:48.113] [info] CMC::computeControls, t = 2.779
[2023-08-15 22:20:48.131] [info] CMC::computeControls, t = 2.78
[2023-08-15 22:20:48.160] [info] CMC::computeControls, t = 2.781
[2023-08-15 22:20:48.181] [info] CMC::computeControls, t = 2.782
[2023-08-15 22:20:48.196] [info] CMC::computeControls, t = 2.783
[2023-08-15 22:20:48.211] [info] CMC::computeControls, t = 2.784
[2023-08-15 22:20:48.244] [info] CMC::computeControls, t = 2.785
[2023-08-15 22:20:48.271] [info] CMC::computeControls, t = 2.786
[2023-08-15 22:20:48.291] [info] CMC::computeControls, t = 2.787
[2023-08-15 22:20:48.311] [info] CMC::computeControls, t = 2.788
[2023-08-15 22:20:48.331] [info] CMC::computeControls, t = 2.789
[2023-08-15 22:20:48.358] [info] CMC::computeControls, t = 2.79
[2023-08-15 22:20:48.381] [info] CMC::computeControls, t = 2.791
[2023-08-15 22:20:48.396] [info] CMC::computeControls, t = 2.792
[2023-08-15 22:20:48.410] [info] CMC::computeControls, t = 2.793
[2023-08-15 22:20:48.438] [info] CMC::computeControls, t = 2.794
[2023-08-15 22:20:48.458] [info] CMC::computeControls, t = 2.795
[2023-08-15 22:20:48.489] [info] CMC::computeControls, t = 2.796
[2023-08-15 22:20:48.505] [info] CMC::computeControls, t = 2.797
[2023-08-15 22:20:48.527] [info] CMC::computeControls, t = 2.798
[2023-08-15 22:20:48.543] [info] CMC::computeControls, t = 2.799
[2023-08-15 22:20:48.565] [info] CMC::computeControls, t = 2.8
[2023-08-15 22:20:48.598] [info] CMC::computeControls, t = 2.80100
[2023-08-15 22:20:48.617] [info] CMC::computeControls, t = 2.80200
[2023-08-15 22:20:48.647] [info] CMC::computeControls, t = 2.80300
[2023-08-15 22:20:48.671] [info] CMC::computeControls, t = 2.80400
[2023-08-15 22:20:48.698] [info] CMC::computeControls, t = 2.80500
[2023-08-15 22:20:48.720] [info] CMC::computeControls, t = 2.80600
[2023-08-15 22:20:48.744] [info] CMC::computeControls, t = 2.80700
[2023-08-15 22:20:48.764] [info] CMC::computeControls, t = 2.80800
[2023-08-15 22:20:48.783] [info] CMC::computeControls, t = 2.80900
[2023-08-15 22:20:48.807] [info] CMC::computeControls, t = 2.81
[2023-08-15 22:20:48.824] [info] CMC::computeControls, t = 2.811
[2023-08-15 22:20:48.861] [info] CMC::computeControls, t = 2.812
[2023-08-15 22:20:48.890] [info] CMC::computeControls, t = 2.813
[2023-08-15 22:20:48.921] [info] CMC::computeControls, t = 2.814
[2023-08-15 22:20:48.945] [info] CMC::computeControls, t = 2.815
[2023-08-15 22:20:48.969] [info] CMC::computeControls, t = 2.816
[2023-08-15 22:20:49.001] [info] CMC::computeControls, t = 2.817
[2023-08-15 22:20:49.039] [info] CMC::computeControls, t = 2.818
[2023-08-15 22:20:49.073] [info] CMC::computeControls, t = 2.819
[2023-08-15 22:20:49.090] [info] CMC::computeControls, t = 2.82
[2023-08-15 22:20:49.105] [info] CMC::computeControls, t = 2.821
[2023-08-15 22:20:49.131] [info] CMC::computeControls, t = 2.822
[2023-08-15 22:20:49.167] [info] CMC::computeControls, t = 2.823
[2023-08-15 22:20:49.189] [info] CMC::computeControls, t = 2.824
[2023-08-15 22:20:49.206] [info] CMC::computeControls, t = 2.825
[2023-08-15 22:20:49.234] [info] CMC::computeControls, t = 2.826
[2023-08-15 22:20:49.260] [info] CMC::computeControls, t = 2.827
[2023-08-15 22:20:49.285] [info] CMC::computeControls, t = 2.828
[2023-08-15 22:20:49.302] [info] CMC::computeControls, t = 2.829
[2023-08-15 22:20:49.317] [info] CMC::computeControls, t = 2.83
[2023-08-15 22:20:49.335] [info] CMC::computeControls, t = 2.831
[2023-08-15 22:20:49.359] [info] CMC::computeControls, t = 2.832
[2023-08-15 22:20:49.385] [info] CMC::computeControls, t = 2.833
[2023-08-15 22:20:49.409] [info] CMC::computeControls, t = 2.834
[2023-08-15 22:20:49.439] [info] CMC::computeControls, t = 2.835
[2023-08-15 22:20:49.462] [info] CMC::computeControls, t = 2.836
[2023-08-15 22:20:49.488] [info] CMC::computeControls, t = 2.837
[2023-08-15 22:20:49.520] [info] CMC::computeControls, t = 2.838
[2023-08-15 22:20:49.536] [info] CMC::computeControls, t = 2.839
[2023-08-15 22:20:49.554] [info] CMC::computeControls, t = 2.84
[2023-08-15 22:20:49.569] [info] CMC::computeControls, t = 2.841
[2023-08-15 22:20:49.596] [info] CMC::computeControls, t = 2.842
[2023-08-15 22:20:49.618] [info] CMC::computeControls, t = 2.843
[2023-08-15 22:20:49.638] [info] CMC::computeControls, t = 2.844
[2023-08-15 22:20:49.654] [info] CMC::computeControls, t = 2.845
[2023-08-15 22:20:49.680] [info] CMC::computeControls, t = 2.846
[2023-08-15 22:20:49.706] [info] CMC::computeControls, t = 2.847
[2023-08-15 22:20:49.732] [info] CMC::computeControls, t = 2.848
[2023-08-15 22:20:49.760] [info] CMC::computeControls, t = 2.849
[2023-08-15 22:20:49.788] [info] CMC::computeControls, t = 2.85
[2023-08-15 22:20:49.811] [info] CMC::computeControls, t = 2.851
[2023-08-15 22:20:49.826] [info] CMC::computeControls, t = 2.852
[2023-08-15 22:20:49.845] [info] CMC::computeControls, t = 2.853
[2023-08-15 22:20:49.872] [info] CMC::computeControls, t = 2.854
[2023-08-15 22:20:49.891] [info] CMC::computeControls, t = 2.855
[2023-08-15 22:20:49.923] [info] CMC::computeControls, t = 2.856
[2023-08-15 22:20:49.950] [info] CMC::computeControls, t = 2.857
[2023-08-15 22:20:49.974] [info] CMC::computeControls, t = 2.858
[2023-08-15 22:20:49.999] [info] CMC::computeControls, t = 2.859
[2023-08-15 22:20:50.027] [info] CMC::computeControls, t = 2.86
[2023-08-15 22:20:50.059] [info] CMC::computeControls, t = 2.861
[2023-08-15 22:20:50.096] [info] CMC::computeControls, t = 2.862
[2023-08-15 22:20:50.115] [info] CMC::computeControls, t = 2.863
[2023-08-15 22:20:50.130] [info] CMC::computeControls, t = 2.864
[2023-08-15 22:20:50.152] [info] CMC::computeControls, t = 2.865
[2023-08-15 22:20:50.172] [info] CMC::computeControls, t = 2.866
[2023-08-15 22:20:50.188] [info] CMC::computeControls, t = 2.867
[2023-08-15 22:20:50.206] [info] CMC::computeControls, t = 2.868
[2023-08-15 22:20:50.221] [info] CMC::computeControls, t = 2.869
[2023-08-15 22:20:50.236] [info] CMC::computeControls, t = 2.87
[2023-08-15 22:20:50.254] [info] CMC::computeControls, t = 2.871
[2023-08-15 22:20:50.270] [info] CMC::computeControls, t = 2.872
[2023-08-15 22:20:50.297] [info] CMC::computeControls, t = 2.873
[2023-08-15 22:20:50.313] [info] CMC::computeControls, t = 2.874
[2023-08-15 22:20:50.329] [info] CMC::computeControls, t = 2.875
[2023-08-15 22:20:50.348] [info] CMC::computeControls, t = 2.876
[2023-08-15 22:20:50.365] [info] CMC::computeControls, t = 2.877
[2023-08-15 22:20:50.383] [info] CMC::computeControls, t = 2.878
[2023-08-15 22:20:50.403] [info] CMC::computeControls, t = 2.879
[2023-08-15 22:20:50.426] [info] CMC::computeControls, t = 2.88
[2023-08-15 22:20:50.442] [info] CMC::computeControls, t = 2.881
[2023-08-15 22:20:50.471] [info] CMC::computeControls, t = 2.882
[2023-08-15 22:20:50.506] [info] CMC::computeControls, t = 2.883
[2023-08-15 22:20:50.532] [info] CMC::computeControls, t = 2.884
[2023-08-15 22:20:50.550] [info] CMC::computeControls, t = 2.885
[2023-08-15 22:20:50.569] [info] CMC::computeControls, t = 2.886
[2023-08-15 22:20:50.591] [info] CMC::computeControls, t = 2.887
[2023-08-15 22:20:50.621] [info] CMC::computeControls, t = 2.888
[2023-08-15 22:20:50.645] [info] CMC::computeControls, t = 2.889
[2023-08-15 22:20:50.690] [info] CMC::computeControls, t = 2.89
[2023-08-15 22:20:50.725] [info] CMC::computeControls, t = 2.891
[2023-08-15 22:20:50.761] [info] CMC::computeControls, t = 2.892
[2023-08-15 22:20:50.797] [info] CMC::computeControls, t = 2.893
[2023-08-15 22:20:50.822] [info] CMC::computeControls, t = 2.894
[2023-08-15 22:20:50.840] [info] CMC::computeControls, t = 2.895
[2023-08-15 22:20:50.864] [info] CMC::computeControls, t = 2.896
[2023-08-15 22:20:50.890] [info] CMC::computeControls, t = 2.897
[2023-08-15 22:20:50.906] [info] CMC::computeControls, t = 2.898
[2023-08-15 22:20:50.933] [info] CMC::computeControls, t = 2.899
[2023-08-15 22:20:50.964] [info] CMC::computeControls, t = 2.9
[2023-08-15 22:20:50.994] [info] CMC::computeControls, t = 2.90100
[2023-08-15 22:20:51.014] [info] CMC::computeControls, t = 2.90200
[2023-08-15 22:20:51.032] [info] CMC::computeControls, t = 2.90300
[2023-08-15 22:20:51.063] [info] CMC::computeControls, t = 2.90400
[2023-08-15 22:20:51.098] [info] CMC::computeControls, t = 2.90500
[2023-08-15 22:20:51.118] [info] CMC::computeControls, t = 2.90600
[2023-08-15 22:20:51.134] [info] CMC::computeControls, t = 2.90700
[2023-08-15 22:20:51.149] [info] CMC::computeControls, t = 2.90800
[2023-08-15 22:20:51.168] [info] CMC::computeControls, t = 2.90900
[2023-08-15 22:20:51.186] [info] CMC::computeControls, t = 2.91
[2023-08-15 22:20:51.207] [info] CMC::computeControls, t = 2.911
[2023-08-15 22:20:51.223] [info] CMC::computeControls, t = 2.912
[2023-08-15 22:20:51.241] [info] CMC::computeControls, t = 2.913
[2023-08-15 22:20:51.257] [info] CMC::computeControls, t = 2.914
[2023-08-15 22:20:51.278] [info] CMC::computeControls, t = 2.915
[2023-08-15 22:20:51.314] [info] CMC::computeControls, t = 2.916
[2023-08-15 22:20:51.349] [info] CMC::computeControls, t = 2.917
[2023-08-15 22:20:51.373] [info] CMC::computeControls, t = 2.918
[2023-08-15 22:20:51.400] [info] CMC::computeControls, t = 2.919
[2023-08-15 22:20:51.439] [info] CMC::computeControls, t = 2.92
[2023-08-15 22:20:51.468] [info] CMC::computeControls, t = 2.921
[2023-08-15 22:20:51.493] [info] CMC::computeControls, t = 2.922
[2023-08-15 22:20:51.527] [info] CMC::computeControls, t = 2.923
[2023-08-15 22:20:51.546] [info] CMC::computeControls, t = 2.924
[2023-08-15 22:20:51.572] [info] CMC::computeControls, t = 2.925
[2023-08-15 22:20:51.613] [info] CMC::computeControls, t = 2.926
[2023-08-15 22:20:51.637] [info] CMC::computeControls, t = 2.927
[2023-08-15 22:20:51.658] [info] CMC::computeControls, t = 2.928
[2023-08-15 22:20:51.693] [info] CMC::computeControls, t = 2.929
[2023-08-15 22:20:51.720] [info] CMC::computeControls, t = 2.93
[2023-08-15 22:20:51.751] [info] CMC::computeControls, t = 2.931
[2023-08-15 22:20:51.771] [info] CMC::computeControls, t = 2.932
[2023-08-15 22:20:51.797] [info] CMC::computeControls, t = 2.933
[2023-08-15 22:20:51.827] [info] CMC::computeControls, t = 2.934
[2023-08-15 22:20:51.855] [info] CMC::computeControls, t = 2.935
[2023-08-15 22:20:51.873] [info] CMC::computeControls, t = 2.936
[2023-08-15 22:20:51.892] [info] CMC::computeControls, t = 2.937
[2023-08-15 22:20:51.919] [info] CMC::computeControls, t = 2.938
[2023-08-15 22:20:51.949] [info] CMC::computeControls, t = 2.939
[2023-08-15 22:20:51.981] [info] CMC::computeControls, t = 2.94
[2023-08-15 22:20:52.011] [info] CMC::computeControls, t = 2.941
[2023-08-15 22:20:52.027] [info] CMC::computeControls, t = 2.942
[2023-08-15 22:20:52.057] [info] CMC::computeControls, t = 2.943
[2023-08-15 22:20:52.091] [info] CMC::computeControls, t = 2.944
[2023-08-15 22:20:52.124] [info] CMC::computeControls, t = 2.945
[2023-08-15 22:20:52.160] [info] CMC::computeControls, t = 2.946
[2023-08-15 22:20:52.181] [info] CMC::computeControls, t = 2.947
[2023-08-15 22:20:52.214] [info] CMC::computeControls, t = 2.948
[2023-08-15 22:20:52.236] [info] CMC::computeControls, t = 2.949
[2023-08-15 22:20:52.256] [info] CMC::computeControls, t = 2.95
[2023-08-15 22:20:52.286] [info] CMC::computeControls, t = 2.951
[2023-08-15 22:20:52.306] [info] CMC::computeControls, t = 2.952
[2023-08-15 22:20:52.328] [info] CMC::computeControls, t = 2.953
[2023-08-15 22:20:52.352] [info] CMC::computeControls, t = 2.954
[2023-08-15 22:20:52.372] [info] CMC::computeControls, t = 2.955
[2023-08-15 22:20:52.391] [info] CMC::computeControls, t = 2.956
[2023-08-15 22:20:52.424] [info] CMC::computeControls, t = 2.957
[2023-08-15 22:20:52.461] [info] CMC::computeControls, t = 2.958
[2023-08-15 22:20:52.501] [info] CMC::computeControls, t = 2.959
[2023-08-15 22:20:52.521] [info] CMC::computeControls, t = 2.96
[2023-08-15 22:20:52.538] [info] CMC::computeControls, t = 2.961
[2023-08-15 22:20:52.562] [info] CMC::computeControls, t = 2.962
[2023-08-15 22:20:52.578] [info] CMC::computeControls, t = 2.963
[2023-08-15 22:20:52.596] [info] CMC::computeControls, t = 2.964
[2023-08-15 22:20:52.611] [info] CMC::computeControls, t = 2.965
[2023-08-15 22:20:52.626] [info] CMC::computeControls, t = 2.966
[2023-08-15 22:20:52.645] [info] CMC::computeControls, t = 2.967
[2023-08-15 22:20:52.660] [info] CMC::computeControls, t = 2.968
[2023-08-15 22:20:52.675] [info] CMC::computeControls, t = 2.969
[2023-08-15 22:20:52.691] [info] CMC::computeControls, t = 2.97
[2023-08-15 22:20:52.706] [info] CMC::computeControls, t = 2.971
[2023-08-15 22:20:52.721] [info] CMC::computeControls, t = 2.972
[2023-08-15 22:20:52.736] [info] CMC::computeControls, t = 2.973
[2023-08-15 22:20:52.751] [info] CMC::computeControls, t = 2.974
[2023-08-15 22:20:52.766] [info] CMC::computeControls, t = 2.975
[2023-08-15 22:20:52.782] [info] CMC::computeControls, t = 2.976
[2023-08-15 22:20:52.809] [info] CMC::computeControls, t = 2.977
[2023-08-15 22:20:52.827] [info] CMC::computeControls, t = 2.978
[2023-08-15 22:20:52.842] [info] CMC::computeControls, t = 2.979
[2023-08-15 22:20:52.857] [info] CMC::computeControls, t = 2.98
[2023-08-15 22:20:52.883] [info] CMC::computeControls, t = 2.981
[2023-08-15 22:20:52.900] [info] CMC::computeControls, t = 2.982
[2023-08-15 22:20:52.915] [info] CMC::computeControls, t = 2.983
[2023-08-15 22:20:52.946] [info] CMC::computeControls, t = 2.984
[2023-08-15 22:20:52.966] [info] CMC::computeControls, t = 2.985
[2023-08-15 22:20:52.995] [info] CMC::computeControls, t = 2.986
[2023-08-15 22:20:53.014] [info] CMC::computeControls, t = 2.987
[2023-08-15 22:20:53.030] [info] CMC::computeControls, t = 2.988
[2023-08-15 22:20:53.044] [info] CMC::computeControls, t = 2.989
[2023-08-15 22:20:53.060] [info] CMC::computeControls, t = 2.99
[2023-08-15 22:20:53.078] [info] CMC::computeControls, t = 2.991
[2023-08-15 22:20:53.094] [info] CMC::computeControls, t = 2.992
[2023-08-15 22:20:53.117] [info] CMC::computeControls, t = 2.993
[2023-08-15 22:20:53.139] [info] CMC::computeControls, t = 2.994
[2023-08-15 22:20:53.167] [info] CMC::computeControls, t = 2.995
[2023-08-15 22:20:53.188] [info] CMC::computeControls, t = 2.996
[2023-08-15 22:20:53.203] [info] CMC::computeControls, t = 2.997
[2023-08-15 22:20:53.233] [info] CMC::computeControls, t = 2.998
[2023-08-15 22:20:53.269] [info] CMC::computeControls, t = 2.999
[2023-08-15 22:20:53.285] [info] CMC::computeControls, t = 3.0
[2023-08-15 22:20:53.303] [info] CMC::computeControls, t = 3.00100
[2023-08-15 22:20:53.330] [info] CMC::computeControls, t = 3.00200
[2023-08-15 22:20:53.353] [info] CMC::computeControls, t = 3.00300
[2023-08-15 22:20:53.385] [info] CMC::computeControls, t = 3.00400
[2023-08-15 22:20:53.407] [info] CMC::computeControls, t = 3.00500
[2023-08-15 22:20:53.431] [info] CMC::computeControls, t = 3.00600
[2023-08-15 22:20:53.468] [info] CMC::computeControls, t = 3.00700
[2023-08-15 22:20:53.484] [info] CMC::computeControls, t = 3.00800
[2023-08-15 22:20:53.518] [info] CMC::computeControls, t = 3.00900
[2023-08-15 22:20:53.551] [info] CMC::computeControls, t = 3.01
[2023-08-15 22:20:53.575] [info] CMC::computeControls, t = 3.011
[2023-08-15 22:20:53.594] [info] CMC::computeControls, t = 3.012
[2023-08-15 22:20:53.628] [info] CMC::computeControls, t = 3.013
[2023-08-15 22:20:53.651] [info] CMC::computeControls, t = 3.014
[2023-08-15 22:20:53.673] [info] CMC::computeControls, t = 3.015
[2023-08-15 22:20:53.689] [info] CMC::computeControls, t = 3.016
[2023-08-15 22:20:53.714] [info] CMC::computeControls, t = 3.017
[2023-08-15 22:20:53.739] [info] CMC::computeControls, t = 3.018
[2023-08-15 22:20:53.761] [info] CMC::computeControls, t = 3.019
[2023-08-15 22:20:53.779] [info] CMC::computeControls, t = 3.02
[2023-08-15 22:20:53.801] [info] CMC::computeControls, t = 3.021
[2023-08-15 22:20:53.818] [info] CMC::computeControls, t = 3.022
[2023-08-15 22:20:53.842] [info] CMC::computeControls, t = 3.023
[2023-08-15 22:20:53.860] [info] CMC::computeControls, t = 3.024
[2023-08-15 22:20:53.876] [info] CMC::computeControls, t = 3.025
[2023-08-15 22:20:53.893] [info] CMC::computeControls, t = 3.026
[2023-08-15 22:20:53.915] [info] CMC::computeControls, t = 3.027
[2023-08-15 22:20:53.948] [info] CMC::computeControls, t = 3.028
[2023-08-15 22:20:53.980] [info] CMC::computeControls, t = 3.029
[2023-08-15 22:20:54.022] [info] CMC::computeControls, t = 3.03
[2023-08-15 22:20:54.052] [info] CMC::computeControls, t = 3.031
[2023-08-15 22:20:54.079] [info] CMC::computeControls, t = 3.032
[2023-08-15 22:20:54.098] [info] CMC::computeControls, t = 3.033
[2023-08-15 22:20:54.120] [info] CMC::computeControls, t = 3.034
[2023-08-15 22:20:54.136] [info] CMC::computeControls, t = 3.035
[2023-08-15 22:20:54.158] [info] CMC::computeControls, t = 3.036
[2023-08-15 22:20:54.193] [info] CMC::computeControls, t = 3.037
[2023-08-15 22:20:54.221] [info] CMC::computeControls, t = 3.038
[2023-08-15 22:20:54.240] [info] CMC::computeControls, t = 3.039
[2023-08-15 22:20:54.266] [info] CMC::computeControls, t = 3.04
[2023-08-15 22:20:54.285] [info] CMC::computeControls, t = 3.041
[2023-08-15 22:20:54.321] [info] CMC::computeControls, t = 3.042
[2023-08-15 22:20:54.359] [info] CMC::computeControls, t = 3.043
[2023-08-15 22:20:54.402] [info] CMC::computeControls, t = 3.044
[2023-08-15 22:20:54.427] [info] CMC::computeControls, t = 3.045
[2023-08-15 22:20:54.450] [info] CMC::computeControls, t = 3.046
[2023-08-15 22:20:54.470] [info] CMC::computeControls, t = 3.047
[2023-08-15 22:20:54.502] [info] CMC::computeControls, t = 3.048
[2023-08-15 22:20:54.525] [info] CMC::computeControls, t = 3.049
[2023-08-15 22:20:54.556] [info] CMC::computeControls, t = 3.05
[2023-08-15 22:20:54.572] [info] CMC::computeControls, t = 3.051
[2023-08-15 22:20:54.600] [info] CMC::computeControls, t = 3.052
[2023-08-15 22:20:54.630] [info] CMC::computeControls, t = 3.053
[2023-08-15 22:20:54.657] [info] CMC::computeControls, t = 3.054
[2023-08-15 22:20:54.680] [info] CMC::computeControls, t = 3.055
[2023-08-15 22:20:54.704] [info] CMC::computeControls, t = 3.056
[2023-08-15 22:20:54.730] [info] CMC::computeControls, t = 3.057
[2023-08-15 22:20:54.759] [info] CMC::computeControls, t = 3.058
[2023-08-15 22:20:54.775] [info] CMC::computeControls, t = 3.059
[2023-08-15 22:20:54.804] [info] CMC::computeControls, t = 3.06
[2023-08-15 22:20:54.837] [info] CMC::computeControls, t = 3.061
[2023-08-15 22:20:54.875] [info] CMC::computeControls, t = 3.062
[2023-08-15 22:20:54.905] [info] CMC::computeControls, t = 3.063
[2023-08-15 22:20:54.945] [info] CMC::computeControls, t = 3.064
[2023-08-15 22:20:54.975] [info] CMC::computeControls, t = 3.065
[2023-08-15 22:20:55.001] [info] CMC::computeControls, t = 3.066
[2023-08-15 22:20:55.034] [info] CMC::computeControls, t = 3.067
[2023-08-15 22:20:55.061] [info] CMC::computeControls, t = 3.068
[2023-08-15 22:20:55.076] [info] CMC::computeControls, t = 3.069
[2023-08-15 22:20:55.095] [info] CMC::computeControls, t = 3.07
[2023-08-15 22:20:55.121] [info] CMC::computeControls, t = 3.071
[2023-08-15 22:20:55.156] [info] CMC::computeControls, t = 3.072
[2023-08-15 22:20:55.181] [info] CMC::computeControls, t = 3.073
[2023-08-15 22:20:55.197] [info] CMC::computeControls, t = 3.074
[2023-08-15 22:20:55.219] [info] CMC::computeControls, t = 3.075
[2023-08-15 22:20:55.241] [info] CMC::computeControls, t = 3.076
[2023-08-15 22:20:55.278] [info] CMC::computeControls, t = 3.077
[2023-08-15 22:20:55.301] [info] CMC::computeControls, t = 3.078
[2023-08-15 22:20:55.335] [info] CMC::computeControls, t = 3.079
[2023-08-15 22:20:55.365] [info] CMC::computeControls, t = 3.08
[2023-08-15 22:20:55.389] [info] CMC::computeControls, t = 3.081
[2023-08-15 22:20:55.408] [info] CMC::computeControls, t = 3.082
[2023-08-15 22:20:55.429] [info] CMC::computeControls, t = 3.083
[2023-08-15 22:20:55.450] [info] CMC::computeControls, t = 3.084
[2023-08-15 22:20:55.472] [info] CMC::computeControls, t = 3.085
[2023-08-15 22:20:55.502] [info] CMC::computeControls, t = 3.086
[2023-08-15 22:20:55.518] [info] CMC::computeControls, t = 3.087
[2023-08-15 22:20:55.537] [info] CMC::computeControls, t = 3.088
[2023-08-15 22:20:55.558] [info] CMC::computeControls, t = 3.089
[2023-08-15 22:20:55.586] [info] CMC::computeControls, t = 3.09
[2023-08-15 22:20:55.601] [info] CMC::computeControls, t = 3.091
[2023-08-15 22:20:55.626] [info] CMC::computeControls, t = 3.092
[2023-08-15 22:20:55.643] [info] CMC::computeControls, t = 3.093
[2023-08-15 22:20:55.660] [info] CMC::computeControls, t = 3.094
[2023-08-15 22:20:55.675] [info] CMC::computeControls, t = 3.095
[2023-08-15 22:20:55.690] [info] CMC::computeControls, t = 3.096
[2023-08-15 22:20:55.706] [info] CMC::computeControls, t = 3.097
[2023-08-15 22:20:55.724] [info] CMC::computeControls, t = 3.098
[2023-08-15 22:20:55.742] [info] CMC::computeControls, t = 3.099
[2023-08-15 22:20:55.758] [info] CMC::computeControls, t = 3.1
[2023-08-15 22:20:55.786] [info] CMC::computeControls, t = 3.10100
[2023-08-15 22:20:55.810] [info] CMC::computeControls, t = 3.10200
[2023-08-15 22:20:55.839] [info] CMC::computeControls, t = 3.10300
[2023-08-15 22:20:55.861] [info] CMC::computeControls, t = 3.10400
[2023-08-15 22:20:55.880] [info] CMC::computeControls, t = 3.10500
[2023-08-15 22:20:55.896] [info] CMC::computeControls, t = 3.10600
[2023-08-15 22:20:55.911] [info] CMC::computeControls, t = 3.10700
[2023-08-15 22:20:55.927] [info] CMC::computeControls, t = 3.10800
[2023-08-15 22:20:55.962] [info] CMC::computeControls, t = 3.10900
[2023-08-15 22:20:55.979] [info] CMC::computeControls, t = 3.11
[2023-08-15 22:20:56.015] [info] CMC::computeControls, t = 3.111
[2023-08-15 22:20:56.058] [info] CMC::computeControls, t = 3.112
[2023-08-15 22:20:56.101] [info] CMC::computeControls, t = 3.113
[2023-08-15 22:20:56.118] [info] CMC::computeControls, t = 3.114
[2023-08-15 22:20:56.137] [info] CMC::computeControls, t = 3.115
[2023-08-15 22:20:56.169] [info] CMC::computeControls, t = 3.116
[2023-08-15 22:20:56.189] [info] CMC::computeControls, t = 3.117
[2023-08-15 22:20:56.217] [info] CMC::computeControls, t = 3.118
[2023-08-15 22:20:56.239] [info] CMC::computeControls, t = 3.119
[2023-08-15 22:20:56.255] [info] CMC::computeControls, t = 3.12
[2023-08-15 22:20:56.279] [info] CMC::computeControls, t = 3.121
[2023-08-15 22:20:56.298] [info] CMC::computeControls, t = 3.122
[2023-08-15 22:20:56.335] [info] CMC::computeControls, t = 3.123
[2023-08-15 22:20:56.365] [info] CMC::computeControls, t = 3.124
[2023-08-15 22:20:56.394] [info] CMC::computeControls, t = 3.125
[2023-08-15 22:20:56.424] [info] CMC::computeControls, t = 3.126
[2023-08-15 22:20:56.455] [info] CMC::computeControls, t = 3.127
[2023-08-15 22:20:56.477] [info] CMC::computeControls, t = 3.128
[2023-08-15 22:20:56.497] [info] CMC::computeControls, t = 3.129
[2023-08-15 22:20:56.520] [info] CMC::computeControls, t = 3.13
[2023-08-15 22:20:56.546] [info] CMC::computeControls, t = 3.131
[2023-08-15 22:20:56.570] [info] CMC::computeControls, t = 3.132
[2023-08-15 22:20:56.596] [info] CMC::computeControls, t = 3.133
[2023-08-15 22:20:56.617] [info] CMC::computeControls, t = 3.134
[2023-08-15 22:20:56.647] [info] CMC::computeControls, t = 3.135
[2023-08-15 22:20:56.682] [info] CMC::computeControls, t = 3.136
[2023-08-15 22:20:56.717] [info] CMC::computeControls, t = 3.137
[2023-08-15 22:20:56.734] [info] CMC::computeControls, t = 3.138
[2023-08-15 22:20:56.759] [info] CMC::computeControls, t = 3.139
[2023-08-15 22:20:56.796] [info] CMC::computeControls, t = 3.14
[2023-08-15 22:20:56.815] [info] CMC::computeControls, t = 3.141
[2023-08-15 22:20:56.854] [info] CMC::computeControls, t = 3.142
[2023-08-15 22:20:56.880] [info] CMC::computeControls, t = 3.143
[2023-08-15 22:20:56.898] [info] CMC::computeControls, t = 3.144
[2023-08-15 22:20:56.913] [info] CMC::computeControls, t = 3.145
[2023-08-15 22:20:56.929] [info] CMC::computeControls, t = 3.146
[2023-08-15 22:20:56.954] [info] CMC::computeControls, t = 3.147
[2023-08-15 22:20:56.970] [info] CMC::computeControls, t = 3.148
[2023-08-15 22:20:56.987] [info] CMC::computeControls, t = 3.149
[2023-08-15 22:20:57.017] [info] CMC::computeControls, t = 3.15
[2023-08-15 22:20:57.047] [info] CMC::computeControls, t = 3.151
[2023-08-15 22:20:57.066] [info] CMC::computeControls, t = 3.152
[2023-08-15 22:20:57.092] [info] CMC::computeControls, t = 3.153
[2023-08-15 22:20:57.110] [info] CMC::computeControls, t = 3.154
[2023-08-15 22:20:57.141] [info] CMC::computeControls, t = 3.155
[2023-08-15 22:20:57.160] [info] CMC::computeControls, t = 3.156
[2023-08-15 22:20:57.183] [info] CMC::computeControls, t = 3.157
[2023-08-15 22:20:57.199] [info] CMC::computeControls, t = 3.158
[2023-08-15 22:20:57.220] [info] CMC::computeControls, t = 3.159
[2023-08-15 22:20:57.259] [info] CMC::computeControls, t = 3.16
[2023-08-15 22:20:57.275] [info] CMC::computeControls, t = 3.161
[2023-08-15 22:20:57.304] [info] CMC::computeControls, t = 3.162
[2023-08-15 22:20:57.330] [info] CMC::computeControls, t = 3.163
[2023-08-15 22:20:57.362] [info] CMC::computeControls, t = 3.164
[2023-08-15 22:20:57.391] [info] CMC::computeControls, t = 3.165
[2023-08-15 22:20:57.407] [info] CMC::computeControls, t = 3.166
[2023-08-15 22:20:57.441] [info] CMC::computeControls, t = 3.167
[2023-08-15 22:20:57.471] [info] CMC::computeControls, t = 3.168
[2023-08-15 22:20:57.509] [info] CMC::computeControls, t = 3.169
[2023-08-15 22:20:57.540] [info] CMC::computeControls, t = 3.17
[2023-08-15 22:20:57.563] [info] CMC::computeControls, t = 3.171
[2023-08-15 22:20:57.592] [info] CMC::computeControls, t = 3.172
[2023-08-15 22:20:57.619] [info] CMC::computeControls, t = 3.173
[2023-08-15 22:20:57.635] [info] CMC::computeControls, t = 3.174
[2023-08-15 22:20:57.665] [info] CMC::computeControls, t = 3.175
[2023-08-15 22:20:57.689] [info] CMC::computeControls, t = 3.176
[2023-08-15 22:20:57.707] [info] CMC::computeControls, t = 3.177
[2023-08-15 22:20:57.731] [info] CMC::computeControls, t = 3.178
[2023-08-15 22:20:57.765] [info] CMC::computeControls, t = 3.179
[2023-08-15 22:20:57.791] [info] CMC::computeControls, t = 3.18
[2023-08-15 22:20:57.823] [info] CMC::computeControls, t = 3.181
[2023-08-15 22:20:57.843] [info] CMC::computeControls, t = 3.182
[2023-08-15 22:20:57.863] [info] CMC::computeControls, t = 3.183
[2023-08-15 22:20:57.906] [info] CMC::computeControls, t = 3.184
[2023-08-15 22:20:57.933] [info] CMC::computeControls, t = 3.185
[2023-08-15 22:20:57.954] [info] CMC::computeControls, t = 3.186
[2023-08-15 22:20:57.978] [info] CMC::computeControls, t = 3.187
[2023-08-15 22:20:58.004] [info] CMC::computeControls, t = 3.188
[2023-08-15 22:20:58.025] [info] CMC::computeControls, t = 3.189
[2023-08-15 22:20:58.040] [info] CMC::computeControls, t = 3.19
[2023-08-15 22:20:58.062] [info] CMC::computeControls, t = 3.191
[2023-08-15 22:20:58.084] [info] CMC::computeControls, t = 3.192
[2023-08-15 22:20:58.102] [info] CMC::computeControls, t = 3.193
[2023-08-15 22:20:58.124] [info] CMC::computeControls, t = 3.194
[2023-08-15 22:20:58.145] [info] CMC::computeControls, t = 3.195
[2023-08-15 22:20:58.166] [info] CMC::computeControls, t = 3.196
[2023-08-15 22:20:58.195] [info] CMC::computeControls, t = 3.197
[2023-08-15 22:20:58.221] [info] CMC::computeControls, t = 3.198
[2023-08-15 22:20:58.239] [info] CMC::computeControls, t = 3.199
[2023-08-15 22:20:58.270] [info] CMC::computeControls, t = 3.2
[2023-08-15 22:20:58.297] [info] CMC::computeControls, t = 3.20100
[2023-08-15 22:20:58.324] [info] CMC::computeControls, t = 3.20200
[2023-08-15 22:20:58.349] [info] CMC::computeControls, t = 3.20300
[2023-08-15 22:20:58.365] [info] CMC::computeControls, t = 3.20400
[2023-08-15 22:20:58.383] [info] CMC::computeControls, t = 3.20500
[2023-08-15 22:20:58.403] [info] CMC::computeControls, t = 3.20600
[2023-08-15 22:20:58.430] [info] CMC::computeControls, t = 3.20700
[2023-08-15 22:20:58.458] [info] CMC::computeControls, t = 3.20800
[2023-08-15 22:20:58.478] [info] CMC::computeControls, t = 3.20900
[2023-08-15 22:20:58.501] [info] CMC::computeControls, t = 3.21
[2023-08-15 22:20:58.521] [info] CMC::computeControls, t = 3.211
[2023-08-15 22:20:58.536] [info] CMC::computeControls, t = 3.212
[2023-08-15 22:20:58.579] [info] CMC::computeControls, t = 3.213
[2023-08-15 22:20:58.598] [info] CMC::computeControls, t = 3.214
[2023-08-15 22:20:58.624] [info] CMC::computeControls, t = 3.215
[2023-08-15 22:20:58.639] [info] CMC::computeControls, t = 3.216
[2023-08-15 22:20:58.655] [info] CMC::computeControls, t = 3.217
[2023-08-15 22:20:58.675] [info] CMC::computeControls, t = 3.218
[2023-08-15 22:20:58.690] [info] CMC::computeControls, t = 3.219
[2023-08-15 22:20:58.717] [info] CMC::computeControls, t = 3.22
[2023-08-15 22:20:58.754] [info] CMC::computeControls, t = 3.221
[2023-08-15 22:20:58.772] [info] CMC::computeControls, t = 3.222
[2023-08-15 22:20:58.800] [info] CMC::computeControls, t = 3.223
[2023-08-15 22:20:58.838] [info] CMC::computeControls, t = 3.224
[2023-08-15 22:20:58.865] [info] CMC::computeControls, t = 3.225
[2023-08-15 22:20:58.883] [info] CMC::computeControls, t = 3.226
[2023-08-15 22:20:58.911] [info] CMC::computeControls, t = 3.227
[2023-08-15 22:20:58.953] [info] CMC::computeControls, t = 3.228
[2023-08-15 22:20:58.986] [info] CMC::computeControls, t = 3.229
[2023-08-15 22:20:59.016] [info] CMC::computeControls, t = 3.23
[2023-08-15 22:20:59.040] [info] -------------------------------------------
[2023-08-15 22:20:59.040] [info] Finished tracking the specified kinematics:
[2023-08-15 22:20:59.040] [info] -------------------------------------------
[2023-08-15 22:20:59.040] [info]  -- Start time = Tue Aug 15 22:20:44 2023
[2023-08-15 22:20:59.040] [info]  -- Finish time = Tue Aug 15 22:20:59 2023
[2023-08-15 22:20:59.040] [info]  -- Elapsed time = 15.0 seconds.
[2023-08-15 22:20:59.041] [info] -------------------------------------------
[2023-08-15 22:20:59.041] [info] 
[2023-08-15 22:20:59.041] [info] Printing results of investigation subject10_run5_cycle2_iter1 to cycle2/
[2023-08-15 22:20:59.633] [info] 

************************************************************
*      Summary of Mass Adjustments to Reduce Residuals     *
************************************************************
* Body adjusted: torso
* Mass Center (COM) adjustment: dx =-0.1, dz =0.0206724
* New COM location: ~[0.0701027,0.318905,-0.0206724]
************************************************************
* Recommended mass adjustments:                             
*  Total mass change: 2.65924
*  pelvis: orig mass = 10.8524, new mass = 11.2691
*  femur_r: orig mass = 8.57116, new mass = 8.90024
*  tibia_r: orig mass = 3.41643, new mass = 3.5476
*  talus_r: orig mass = 0.0921492, new mass = 0.0956871
*  calcn_r: orig mass = 1.15186, new mass = 1.19609
*  toes_r: orig mass = 0.199595, new mass = 0.207258
*  femur_l: orig mass = 8.57116, new mass = 8.90024
*  tibia_l: orig mass = 3.41643, new mass = 3.5476
*  talus_l: orig mass = 0.0921492, new mass = 0.0956871
*  calcn_l: orig mass = 1.15186, new mass = 1.19609
*  toes_l: orig mass = 0.199595, new mass = 0.207258
*  torso: orig mass = 24.7205, new mass = 25.6696
*  humerus_r: orig mass = 1.87293, new mass = 1.94484
*  ulna_r: orig mass = 0.559806, new mass = 0.581299
*  radius_r: orig mass = 0.559806, new mass = 0.581299
*  hand_r: orig mass = 0.421582, new mass = 0.437768
*  humerus_l: orig mass = 1.87293, new mass = 1.94484
*  ulna_l: orig mass = 0.559806, new mass = 0.581299
*  radius_l: orig mass = 0.559806, new mass = 0.581299
*  hand_l: orig mass = 0.421582, new mass = 0.437768
************************************************************
* Note: Edit the model to make recommended adjustments to  *
*       mass properties.                                   *
************************************************************

* Average residuals before adjusting torso COM:
*  FX=-0.166177 FY=-26.0782 FZ=-1.17518
*  MX=-5.0115 MY=0.216006 MZ=-25.3514
************************************************************
* Average residuals after adjusting torso COM:
*  FX=0.185609 FY=-25.1126 FZ=-3.71825
*  MX=-1.54291 MY=2.24559 MZ=-2.07208
************************************************************


[2023-08-15 22:20:59.633] [info] 
************************************************************
*                   Final Average Residuals                *
************************************************************
* After torso COM and Kinematics adjustments:
*  FX=6.81186 FY=-8.65402 FZ=-4.60992
*  MX=5.64634 MY=0.380767 MZ=7.32373
************************************************************


