[2023-08-15 22:15:14.685] [info] AbstractTool subject08_run5_cycle1_iter1 loading model ..\..\..\model\subject08_adjusted_scaled.osim
[2023-08-15 22:15:14.734] [info] Loaded model subject08_scaled from file ..\..\..\model\subject08_adjusted_scaled.osim
[2023-08-15 22:15:14.770] [info] Adding force object set from ..\subject08_run5_RRA_Actuators.xml
[2023-08-15 22:15:14.783] [info] Running tool subject08_run5_cycle1_iter1.
[2023-08-15 22:15:14.812] [warning] ExternalLoads 'externalloads' has subcomponents with duplicate name 'externalforce'. The duplicate is being renamed to 'externalforce_0'.
[2023-08-15 22:15:14.846] [info] 	taskSet size = 29.
[2023-08-15 22:15:14.929] [info] ExternalForce::externalforce Data source being set to Run_500 03_newCOP3_v24.mot
[2023-08-15 22:15:14.929] [info] ExternalForce::externalforce_0 Data source being set to Run_500 03_newCOP3_v24.mot
[2023-08-15 22:15:14.933] [warning] A desired points file was not specified.
[2023-08-15 22:15:14.933] [info] Loading desired kinematics from file '..\..\..\ik\Run_5.mot'...
[2023-08-15 22:15:14.933] [info] Old version storage/motion file encountered
[2023-08-15 22:15:14.933] [info] Storage: read data file = ..\..\..\ik\Run_5.mot (nr=516 nc=164)
[2023-08-15 22:15:14.933] [info] .. assuming rotations in Degrees..
[2023-08-15 22:15:15.002] [info] Low-pass filtering desired kinematics with a cutoff frequency of 15.0...
[2023-08-15 22:15:15.247] [cout] [info] MODEL: subject08_scaled

numStates = 74
numCoordinates = 37
numSpeeds = 37
numActuators = 29
numBodies = 20
numConstraints = 0
numProbes = 0

ANALYSES (total: 0)

BODIES (total: 20)
body[0] = pelvis. mass: 12.9063
              moments of inertia:  ~[0.145167,0.145167,0.0726748]
              products of inertia: ~[0,0,0]
body[1] = femur_r. mass: 10.1933
              moments of inertia:  ~[0.167005,0.0437779,0.17611]
              products of inertia: ~[0,0,0]
body[2] = tibia_r. mass: 4.06302
              moments of inertia:  ~[0.0686582,0.0058898,0.0686582]
              products of inertia: ~[0,0,0]
body[3] = talus_r. mass: 0.109589
              moments of inertia:  ~[0.00126763,0.00126763,0.00126763]
              products of inertia: ~[0,0,0]
body[4] = calcn_r. mass: 1.36987
              moments of inertia:  ~[0.00177469,0.00494377,0.0051973]
              products of inertia: ~[0,0,0]
body[5] = toes_r. mass: 0.23737
              moments of inertia:  ~[0.000126763,0.000253527,0.00126763]
              products of inertia: ~[0,0,0]
body[6] = femur_l. mass: 10.1933
              moments of inertia:  ~[0.167005,0.0437779,0.17611]
              products of inertia: ~[0,0,0]
body[7] = tibia_l. mass: 4.06302
              moments of inertia:  ~[0.0686582,0.0058898,0.0686582]
              products of inertia: ~[0,0,0]
body[8] = talus_l. mass: 0.109589
              moments of inertia:  ~[0.00126763,0.00126763,0.00126763]
              products of inertia: ~[0,0,0]
body[9] = calcn_l. mass: 1.36987
              moments of inertia:  ~[0.00177469,0.00494377,0.0051973]
              products of inertia: ~[0,0,0]
body[10] = toes_l. mass: 0.23737
              moments of inertia:  ~[0.000126763,0.000253527,0.00126763]
              products of inertia: ~[0,0,0]
body[11] = torso. mass: 29.3991
              moments of inertia:  ~[1.74167,0.892391,1.69076]
              products of inertia: ~[0,0,0]
body[12] = humerus_r. mass: 2.2274
              moments of inertia:  ~[0.0142055,0.00490046,0.0159452]
              products of inertia: ~[0,0,0]
body[13] = ulna_r. mass: 0.665755
              moments of inertia:  ~[0.00362196,0.000755697,0.00392889]
              products of inertia: ~[0,0,0]
body[14] = radius_r. mass: 0.665755
              moments of inertia:  ~[0.00362196,0.000755697,0.00392889]
              products of inertia: ~[0,0,0]
body[15] = hand_r. mass: 0.501371
              moments of inertia:  ~[0.00109075,0.000668877,0.00163857]
              products of inertia: ~[0,0,0]
body[16] = humerus_l. mass: 2.2274
              moments of inertia:  ~[0.0142055,0.00490046,0.0159452]
              products of inertia: ~[0,0,0]
body[17] = ulna_l. mass: 0.665755
              moments of inertia:  ~[0.00362196,0.000755697,0.00392889]
              products of inertia: ~[0,0,0]
body[18] = radius_l. mass: 0.665755
              moments of inertia:  ~[0.00362196,0.000755697,0.00392889]
              products of inertia: ~[0,0,0]
body[19] = hand_l. mass: 0.501371
              moments of inertia:  ~[0.00109075,0.000668877,0.00163857]
              products of inertia: ~[0,0,0]

JOINTS (total: 20)
joint[0] = ground_pelvis. parent: ground_offset, child: pelvis_offset
joint[1] = hip_r. parent: pelvis_offset, child: femur_r_offset
joint[2] = knee_r. parent: femur_r_offset, child: tibia_r_offset
joint[3] = ankle_r. parent: tibia_r_offset, child: talus_r_offset
joint[4] = subtalar_r. parent: talus_r_offset, child: calcn_r_offset
joint[5] = mtp_r. parent: calcn_r_offset, child: toes_r_offset
joint[6] = hip_l. parent: pelvis_offset, child: femur_l_offset
joint[7] = knee_l. parent: femur_l_offset, child: tibia_l_offset
joint[8] = ankle_l. parent: tibia_l_offset, child: talus_l_offset
joint[9] = subtalar_l. parent: talus_l_offset, child: calcn_l_offset
joint[10] = mtp_l. parent: calcn_l_offset, child: toes_l_offset
joint[11] = back. parent: pelvis_offset, child: torso_offset
joint[12] = acromial_r. parent: torso_offset, child: humerus_r_offset
joint[13] = elbow_r. parent: humerus_r_offset, child: ulna_r_offset
joint[14] = radioulnar_r. parent: ulna_r_offset, child: radius_r_offset
joint[15] = radius_hand_r. parent: radius_r_offset, child: hand_r_offset
joint[16] = acromial_l. parent: torso_offset, child: humerus_l_offset
joint[17] = elbow_l. parent: humerus_l_offset, child: ulna_l_offset
joint[18] = radioulnar_l. parent: ulna_l_offset, child: radius_l_offset
joint[19] = radius_hand_l. parent: radius_l_offset, child: hand_l_offset

ACTUATORS (total: 29)
actuator[0] = FX
actuator[1] = FY
actuator[2] = FZ
actuator[3] = MZ
actuator[4] = MX
actuator[5] = MY
actuator[6] = hip_flexion_r
actuator[7] = hip_adduction_r
actuator[8] = hip_rotation_r
actuator[9] = knee_angle_r
actuator[10] = ankle_angle_r
actuator[11] = hip_flexion_l
actuator[12] = hip_adduction_l
actuator[13] = hip_rotation_l
actuator[14] = knee_angle_l
actuator[15] = ankle_angle_l
actuator[16] = lumbar_extension
actuator[17] = lumbar_bending
actuator[18] = lumbar_rotation
actuator[19] = arm_flex_r
actuator[20] = arm_add_r
actuator[21] = arm_rot_r
actuator[22] = elbow_flex_r
actuator[23] = pro_sup_r
actuator[24] = arm_flex_l
actuator[25] = arm_add_l
actuator[26] = arm_rot_l
actuator[27] = elbow_flex_l
actuator[28] = pro_sup_l

STATES (total: 74)
y[0] = /jointset/ground_pelvis/pelvis_tilt/value
y[1] = /jointset/ground_pelvis/pelvis_tilt/speed
y[2] = /jointset/ground_pelvis/pelvis_list/value
y[3] = /jointset/ground_pelvis/pelvis_list/speed
y[4] = /jointset/ground_pelvis/pelvis_rotation/value
y[5] = /jointset/ground_pelvis/pelvis_rotation/speed
y[6] = /jointset/ground_pelvis/pelvis_tx/value
y[7] = /jointset/ground_pelvis/pelvis_tx/speed
y[8] = /jointset/ground_pelvis/pelvis_ty/value
y[9] = /jointset/ground_pelvis/pelvis_ty/speed
y[10] = /jointset/ground_pelvis/pelvis_tz/value
y[11] = /jointset/ground_pelvis/pelvis_tz/speed
y[12] = /jointset/hip_r/hip_flexion_r/value
y[13] = /jointset/hip_r/hip_flexion_r/speed
y[14] = /jointset/hip_r/hip_adduction_r/value
y[15] = /jointset/hip_r/hip_adduction_r/speed
y[16] = /jointset/hip_r/hip_rotation_r/value
y[17] = /jointset/hip_r/hip_rotation_r/speed
y[18] = /jointset/knee_r/knee_angle_r/value
y[19] = /jointset/knee_r/knee_angle_r/speed
y[20] = /jointset/ankle_r/ankle_angle_r/value
y[21] = /jointset/ankle_r/ankle_angle_r/speed
y[22] = /jointset/subtalar_r/subtalar_angle_r/value
y[23] = /jointset/subtalar_r/subtalar_angle_r/speed
y[24] = /jointset/mtp_r/mtp_angle_r/value
y[25] = /jointset/mtp_r/mtp_angle_r/speed
y[26] = /jointset/hip_l/hip_flexion_l/value
y[27] = /jointset/hip_l/hip_flexion_l/speed
y[28] = /jointset/hip_l/hip_adduction_l/value
y[29] = /jointset/hip_l/hip_adduction_l/speed
y[30] = /jointset/hip_l/hip_rotation_l/value
y[31] = /jointset/hip_l/hip_rotation_l/speed
y[32] = /jointset/knee_l/knee_angle_l/value
y[33] = /jointset/knee_l/knee_angle_l/speed
y[34] = /jointset/ankle_l/ankle_angle_l/value
y[35] = /jointset/ankle_l/ankle_angle_l/speed
y[36] = /jointset/subtalar_l/subtalar_angle_l/value
y[37] = /jointset/subtalar_l/subtalar_angle_l/speed
y[38] = /jointset/mtp_l/mtp_angle_l/value
y[39] = /jointset/mtp_l/mtp_angle_l/speed
y[40] = /jointset/back/lumbar_extension/value
y[41] = /jointset/back/lumbar_extension/speed
y[42] = /jointset/back/lumbar_bending/value
y[43] = /jointset/back/lumbar_bending/speed
y[44] = /jointset/back/lumbar_rotation/value
y[45] = /jointset/back/lumbar_rotation/speed
y[46] = /jointset/acromial_r/arm_flex_r/value
y[47] = /jointset/acromial_r/arm_flex_r/speed
y[48] = /jointset/acromial_r/arm_add_r/value
y[49] = /jointset/acromial_r/arm_add_r/speed
y[50] = /jointset/acromial_r/arm_rot_r/value
y[51] = /jointset/acromial_r/arm_rot_r/speed
y[52] = /jointset/elbow_r/elbow_flex_r/value
y[53] = /jointset/elbow_r/elbow_flex_r/speed
y[54] = /jointset/radioulnar_r/pro_sup_r/value
y[55] = /jointset/radioulnar_r/pro_sup_r/speed
y[56] = /jointset/radius_hand_r/wrist_flex_r/value
y[57] = /jointset/radius_hand_r/wrist_flex_r/speed
y[58] = /jointset/radius_hand_r/wrist_dev_r/value
y[59] = /jointset/radius_hand_r/wrist_dev_r/speed
y[60] = /jointset/acromial_l/arm_flex_l/value
y[61] = /jointset/acromial_l/arm_flex_l/speed
y[62] = /jointset/acromial_l/arm_add_l/value
y[63] = /jointset/acromial_l/arm_add_l/speed
y[64] = /jointset/acromial_l/arm_rot_l/value
y[65] = /jointset/acromial_l/arm_rot_l/speed
y[66] = /jointset/elbow_l/elbow_flex_l/value
y[67] = /jointset/elbow_l/elbow_flex_l/speed
y[68] = /jointset/radioulnar_l/pro_sup_l/value
y[69] = /jointset/radioulnar_l/pro_sup_l/speed
y[70] = /jointset/radius_hand_l/wrist_flex_l/value
y[71] = /jointset/radius_hand_l/wrist_flex_l/speed
y[72] = /jointset/radius_hand_l/wrist_dev_l/value
y[73] = /jointset/radius_hand_l/wrist_dev_l/speed

[2023-08-15 22:15:15.657] [info] Requested COM adjustment time range 0.382 to 0.992, clamped to nearest available data times: 0.38 to 0.99.
[2023-08-15 22:15:15.657] [info] Computing average residuals between 0.38 and 0.99...
[2023-08-15 22:15:15.741] [info] ExternalForce::externalforce Data source being set to Run_500 03_newCOP3_v24.mot
[2023-08-15 22:15:15.741] [info] ExternalForce::externalforce_0 Data source being set to Run_500 03_newCOP3_v24.mot
[2023-08-15 22:15:15.801] [info] ExternalForce::externalforce Data source being set to Run_500 03_newCOP3_v24.mot
[2023-08-15 22:15:15.801] [info] ExternalForce::externalforce_0 Data source being set to Run_500 03_newCOP3_v24.mot
[2023-08-15 22:15:17.166] [info] ExternalForce::externalforce Data source being set to Run_500 03_newCOP3_v24.mot
[2023-08-15 22:15:17.167] [info] ExternalForce::externalforce_0 Data source being set to Run_500 03_newCOP3_v24.mot
[2023-08-15 22:15:17.171] [info] Computing average residuals between 0.38 and 0.99...
[2023-08-15 22:15:17.237] [info] ExternalForce::externalforce Data source being set to Run_500 03_newCOP3_v24.mot
[2023-08-15 22:15:17.237] [info] ExternalForce::externalforce_0 Data source being set to Run_500 03_newCOP3_v24.mot
[2023-08-15 22:15:17.292] [info] ExternalForce::externalforce Data source being set to Run_500 03_newCOP3_v24.mot
[2023-08-15 22:15:17.292] [info] ExternalForce::externalforce_0 Data source being set to Run_500 03_newCOP3_v24.mot
[2023-08-15 22:15:18.274] [info] Constructing function set for tracking desired kinematics...
[2023-08-15 22:15:18.817] [warning] No Actuation analysis found in analysis set, adding one...
[2023-08-15 22:15:18.818] [warning] No Kinematics analysis found in analysis set, adding one...
[2023-08-15 22:15:18.821] [info] Using the generalized coordinates specified in '..\..\..\ik\Run_5.mot' to set the initial configuration.
[2023-08-15 22:15:18.985] [info] Using IPOPT optimizer algorithm.
[2023-08-15 22:15:18.986] [info] Setting optimizer print level to 0.
[2023-08-15 22:15:18.986] [info] Setting optimizer convergence tolerance to 1.0e-05.
[2023-08-15 22:15:18.986] [info] Setting optimizer maximum iterations to 2000.
[2023-08-15 22:15:18.986] [info] Setting cmc controller to not use verbose printing.

[2023-08-15 22:15:18.986] [info] CMC::computeControls, t = 0.382
[2023-08-15 22:15:19.780] [info] --------------------------------------------
[2023-08-15 22:15:19.780] [info] Using CMC to track the specified kinematics:
[2023-08-15 22:15:19.780] [info] --------------------------------------------
[2023-08-15 22:15:19.780] [info]  -- Integrating from 0.382 to 0.992
[2023-08-15 22:15:19.780] [info]  -- Start time = Tue Aug 15 22:15:19 2023
[2023-08-15 22:15:19.780] [info] --------------------------------------------
[2023-08-15 22:15:19.780] [info] 
[2023-08-15 22:15:19.786] [info] CMC::computeControls, t = 0.382
[2023-08-15 22:15:19.819] [info] CMC::computeControls, t = 0.383
[2023-08-15 22:15:19.819] [warning] Coordinate.setValue:  coordinate subtalar_angle_r is locked. Unable to change its value.
[2023-08-15 22:15:19.820] [warning] Coordinate.setValue:  coordinate mtp_angle_r is locked. Unable to change its value.
[2023-08-15 22:15:19.820] [warning] Coordinate.setValue:  coordinate subtalar_angle_l is locked. Unable to change its value.
[2023-08-15 22:15:19.820] [warning] Coordinate.setValue:  coordinate mtp_angle_l is locked. Unable to change its value.
[2023-08-15 22:15:19.820] [warning] Coordinate.setValue:  coordinate wrist_flex_r is locked. Unable to change its value.
[2023-08-15 22:15:19.820] [warning] Coordinate.setValue:  coordinate wrist_dev_r is locked. Unable to change its value.
[2023-08-15 22:15:19.820] [warning] Coordinate.setValue:  coordinate wrist_flex_l is locked. Unable to change its value.
[2023-08-15 22:15:19.820] [warning] Coordinate.setValue:  coordinate wrist_dev_l is locked. Unable to change its value.
[2023-08-15 22:15:19.842] [info] CMC::computeControls, t = 0.384
[2023-08-15 22:15:19.862] [info] CMC::computeControls, t = 0.385
[2023-08-15 22:15:19.878] [info] CMC::computeControls, t = 0.386
[2023-08-15 22:15:19.893] [info] CMC::computeControls, t = 0.387
[2023-08-15 22:15:19.910] [info] CMC::computeControls, t = 0.388
[2023-08-15 22:15:19.941] [info] CMC::computeControls, t = 0.389
[2023-08-15 22:15:19.957] [info] CMC::computeControls, t = 0.39
[2023-08-15 22:15:19.979] [info] CMC::computeControls, t = 0.391
[2023-08-15 22:15:20.003] [info] CMC::computeControls, t = 0.392
[2023-08-15 22:15:20.028] [info] CMC::computeControls, t = 0.393
[2023-08-15 22:15:20.043] [info] CMC::computeControls, t = 0.394
[2023-08-15 22:15:20.058] [info] CMC::computeControls, t = 0.395
[2023-08-15 22:15:20.076] [info] CMC::computeControls, t = 0.396
[2023-08-15 22:15:20.109] [info] CMC::computeControls, t = 0.397
[2023-08-15 22:15:20.128] [info] CMC::computeControls, t = 0.398
[2023-08-15 22:15:20.149] [info] CMC::computeControls, t = 0.399
[2023-08-15 22:15:20.193] [info] CMC::computeControls, t = 0.4
[2023-08-15 22:15:20.232] [info] CMC::computeControls, t = 0.401000
[2023-08-15 22:15:20.258] [info] CMC::computeControls, t = 0.402000
[2023-08-15 22:15:20.285] [info] CMC::computeControls, t = 0.403000
[2023-08-15 22:15:20.309] [info] CMC::computeControls, t = 0.404000
[2023-08-15 22:15:20.347] [info] CMC::computeControls, t = 0.405000
[2023-08-15 22:15:20.390] [info] CMC::computeControls, t = 0.406000
[2023-08-15 22:15:20.422] [info] CMC::computeControls, t = 0.407000
[2023-08-15 22:15:20.440] [info] CMC::computeControls, t = 0.408000
[2023-08-15 22:15:20.463] [info] CMC::computeControls, t = 0.409000
[2023-08-15 22:15:20.482] [info] CMC::computeControls, t = 0.41
[2023-08-15 22:15:20.497] [info] CMC::computeControls, t = 0.411
[2023-08-15 22:15:20.530] [info] CMC::computeControls, t = 0.412
[2023-08-15 22:15:20.562] [info] CMC::computeControls, t = 0.413
[2023-08-15 22:15:20.596] [info] CMC::computeControls, t = 0.414
[2023-08-15 22:15:20.621] [info] CMC::computeControls, t = 0.415
[2023-08-15 22:15:20.637] [info] CMC::computeControls, t = 0.416
[2023-08-15 22:15:20.661] [info] CMC::computeControls, t = 0.417
[2023-08-15 22:15:20.679] [info] CMC::computeControls, t = 0.418
[2023-08-15 22:15:20.704] [info] CMC::computeControls, t = 0.419
[2023-08-15 22:15:20.732] [info] CMC::computeControls, t = 0.42
[2023-08-15 22:15:20.750] [info] CMC::computeControls, t = 0.421
[2023-08-15 22:15:20.765] [info] CMC::computeControls, t = 0.422
[2023-08-15 22:15:20.780] [info] CMC::computeControls, t = 0.423
[2023-08-15 22:15:20.800] [info] CMC::computeControls, t = 0.424
[2023-08-15 22:15:20.821] [info] CMC::computeControls, t = 0.425
[2023-08-15 22:15:20.844] [info] CMC::computeControls, t = 0.426
[2023-08-15 22:15:20.859] [info] CMC::computeControls, t = 0.427
[2023-08-15 22:15:20.876] [info] CMC::computeControls, t = 0.428
[2023-08-15 22:15:20.913] [info] CMC::computeControls, t = 0.429
[2023-08-15 22:15:20.933] [info] CMC::computeControls, t = 0.43
[2023-08-15 22:15:20.948] [info] CMC::computeControls, t = 0.431
[2023-08-15 22:15:20.989] [info] CMC::computeControls, t = 0.432
[2023-08-15 22:15:21.006] [info] CMC::computeControls, t = 0.433
[2023-08-15 22:15:21.021] [info] CMC::computeControls, t = 0.434
[2023-08-15 22:15:21.048] [info] CMC::computeControls, t = 0.435
[2023-08-15 22:15:21.066] [info] CMC::computeControls, t = 0.436
[2023-08-15 22:15:21.082] [info] CMC::computeControls, t = 0.437
[2023-08-15 22:15:21.098] [info] CMC::computeControls, t = 0.438
[2023-08-15 22:15:21.120] [info] CMC::computeControls, t = 0.439
[2023-08-15 22:15:21.136] [info] CMC::computeControls, t = 0.44
[2023-08-15 22:15:21.158] [info] CMC::computeControls, t = 0.441
[2023-08-15 22:15:21.184] [info] CMC::computeControls, t = 0.442
[2023-08-15 22:15:21.212] [info] CMC::computeControls, t = 0.443
[2023-08-15 22:15:21.242] [info] CMC::computeControls, t = 0.444
[2023-08-15 22:15:21.257] [info] CMC::computeControls, t = 0.445
[2023-08-15 22:15:21.288] [info] CMC::computeControls, t = 0.446
[2023-08-15 22:15:21.315] [info] CMC::computeControls, t = 0.447
[2023-08-15 22:15:21.340] [info] CMC::computeControls, t = 0.448
[2023-08-15 22:15:21.359] [info] CMC::computeControls, t = 0.449
[2023-08-15 22:15:21.380] [info] CMC::computeControls, t = 0.45
[2023-08-15 22:15:21.397] [info] CMC::computeControls, t = 0.451
[2023-08-15 22:15:21.424] [info] CMC::computeControls, t = 0.452
[2023-08-15 22:15:21.443] [info] CMC::computeControls, t = 0.453
[2023-08-15 22:15:21.470] [info] CMC::computeControls, t = 0.454
[2023-08-15 22:15:21.496] [info] CMC::computeControls, t = 0.455
[2023-08-15 22:15:21.521] [info] CMC::computeControls, t = 0.456
[2023-08-15 22:15:21.539] [info] CMC::computeControls, t = 0.457
[2023-08-15 22:15:21.588] [info] CMC::computeControls, t = 0.458
[2023-08-15 22:15:21.611] [info] CMC::computeControls, t = 0.459
[2023-08-15 22:15:21.636] [info] CMC::computeControls, t = 0.46
[2023-08-15 22:15:21.673] [info] CMC::computeControls, t = 0.461
[2023-08-15 22:15:21.689] [info] CMC::computeControls, t = 0.462
[2023-08-15 22:15:21.724] [info] CMC::computeControls, t = 0.463
[2023-08-15 22:15:21.749] [info] CMC::computeControls, t = 0.464
[2023-08-15 22:15:21.778] [info] CMC::computeControls, t = 0.465
[2023-08-15 22:15:21.806] [info] CMC::computeControls, t = 0.466
[2023-08-15 22:15:21.838] [info] CMC::computeControls, t = 0.467
[2023-08-15 22:15:21.860] [info] CMC::computeControls, t = 0.468
[2023-08-15 22:15:21.884] [info] CMC::computeControls, t = 0.469
[2023-08-15 22:15:21.900] [info] CMC::computeControls, t = 0.47
[2023-08-15 22:15:21.923] [info] CMC::computeControls, t = 0.471
[2023-08-15 22:15:21.944] [info] CMC::computeControls, t = 0.472
[2023-08-15 22:15:21.969] [info] CMC::computeControls, t = 0.473
[2023-08-15 22:15:22.000] [info] CMC::computeControls, t = 0.474
[2023-08-15 22:15:22.021] [info] CMC::computeControls, t = 0.475
[2023-08-15 22:15:22.054] [info] CMC::computeControls, t = 0.476
[2023-08-15 22:15:22.080] [info] CMC::computeControls, t = 0.477
[2023-08-15 22:15:22.114] [info] CMC::computeControls, t = 0.478
[2023-08-15 22:15:22.142] [info] CMC::computeControls, t = 0.479
[2023-08-15 22:15:22.164] [info] CMC::computeControls, t = 0.48
[2023-08-15 22:15:22.188] [info] CMC::computeControls, t = 0.481
[2023-08-15 22:15:22.212] [info] CMC::computeControls, t = 0.482
[2023-08-15 22:15:22.227] [info] CMC::computeControls, t = 0.483
[2023-08-15 22:15:22.243] [info] CMC::computeControls, t = 0.484
[2023-08-15 22:15:22.263] [info] CMC::computeControls, t = 0.485
[2023-08-15 22:15:22.285] [info] CMC::computeControls, t = 0.486
[2023-08-15 22:15:22.300] [info] CMC::computeControls, t = 0.487
[2023-08-15 22:15:22.325] [info] CMC::computeControls, t = 0.488
[2023-08-15 22:15:22.350] [info] CMC::computeControls, t = 0.489
[2023-08-15 22:15:22.367] [info] CMC::computeControls, t = 0.49
[2023-08-15 22:15:22.384] [info] CMC::computeControls, t = 0.491
[2023-08-15 22:15:22.402] [info] CMC::computeControls, t = 0.492
[2023-08-15 22:15:22.417] [info] CMC::computeControls, t = 0.493
[2023-08-15 22:15:22.447] [info] CMC::computeControls, t = 0.494
[2023-08-15 22:15:22.467] [info] CMC::computeControls, t = 0.495
[2023-08-15 22:15:22.491] [info] CMC::computeControls, t = 0.496
[2023-08-15 22:15:22.522] [info] CMC::computeControls, t = 0.497
[2023-08-15 22:15:22.544] [info] CMC::computeControls, t = 0.498
[2023-08-15 22:15:22.561] [info] CMC::computeControls, t = 0.499
[2023-08-15 22:15:22.581] [info] CMC::computeControls, t = 0.5
[2023-08-15 22:15:22.618] [info] CMC::computeControls, t = 0.501000
[2023-08-15 22:15:22.644] [info] CMC::computeControls, t = 0.502000
[2023-08-15 22:15:22.660] [info] CMC::computeControls, t = 0.503000
[2023-08-15 22:15:22.675] [info] CMC::computeControls, t = 0.504000
[2023-08-15 22:15:22.701] [info] CMC::computeControls, t = 0.505000
[2023-08-15 22:15:22.720] [info] CMC::computeControls, t = 0.506000
[2023-08-15 22:15:22.747] [info] CMC::computeControls, t = 0.507000
[2023-08-15 22:15:22.785] [info] CMC::computeControls, t = 0.508000
[2023-08-15 22:15:22.819] [info] CMC::computeControls, t = 0.509000
[2023-08-15 22:15:22.841] [info] CMC::computeControls, t = 0.51
[2023-08-15 22:15:22.867] [info] CMC::computeControls, t = 0.511
[2023-08-15 22:15:22.904] [info] CMC::computeControls, t = 0.512
[2023-08-15 22:15:22.929] [info] CMC::computeControls, t = 0.513
[2023-08-15 22:15:22.962] [info] CMC::computeControls, t = 0.514
[2023-08-15 22:15:22.993] [info] CMC::computeControls, t = 0.515
[2023-08-15 22:15:23.025] [info] CMC::computeControls, t = 0.516
[2023-08-15 22:15:23.057] [info] CMC::computeControls, t = 0.517
[2023-08-15 22:15:23.095] [info] CMC::computeControls, t = 0.518
[2023-08-15 22:15:23.126] [info] CMC::computeControls, t = 0.519
[2023-08-15 22:15:23.149] [info] CMC::computeControls, t = 0.52
[2023-08-15 22:15:23.173] [info] CMC::computeControls, t = 0.521
[2023-08-15 22:15:23.199] [info] CMC::computeControls, t = 0.522
[2023-08-15 22:15:23.229] [info] CMC::computeControls, t = 0.523
[2023-08-15 22:15:23.251] [info] CMC::computeControls, t = 0.524
[2023-08-15 22:15:23.269] [info] CMC::computeControls, t = 0.525
[2023-08-15 22:15:23.289] [info] CMC::computeControls, t = 0.526
[2023-08-15 22:15:23.305] [info] CMC::computeControls, t = 0.527
[2023-08-15 22:15:23.336] [info] CMC::computeControls, t = 0.528
[2023-08-15 22:15:23.374] [info] CMC::computeControls, t = 0.529
[2023-08-15 22:15:23.403] [info] CMC::computeControls, t = 0.53
[2023-08-15 22:15:23.426] [info] CMC::computeControls, t = 0.531
[2023-08-15 22:15:23.456] [info] CMC::computeControls, t = 0.532
[2023-08-15 22:15:23.478] [info] CMC::computeControls, t = 0.533
[2023-08-15 22:15:23.496] [info] CMC::computeControls, t = 0.534
[2023-08-15 22:15:23.517] [info] CMC::computeControls, t = 0.535
[2023-08-15 22:15:23.540] [info] CMC::computeControls, t = 0.536
[2023-08-15 22:15:23.556] [info] CMC::computeControls, t = 0.537
[2023-08-15 22:15:23.572] [info] CMC::computeControls, t = 0.538
[2023-08-15 22:15:23.595] [info] CMC::computeControls, t = 0.539
[2023-08-15 22:15:23.621] [info] CMC::computeControls, t = 0.54
[2023-08-15 22:15:23.670] [info] CMC::computeControls, t = 0.541
[2023-08-15 22:15:23.706] [info] CMC::computeControls, t = 0.542
[2023-08-15 22:15:23.731] [info] CMC::computeControls, t = 0.543
[2023-08-15 22:15:23.746] [info] CMC::computeControls, t = 0.544
[2023-08-15 22:15:23.764] [info] CMC::computeControls, t = 0.545
[2023-08-15 22:15:23.782] [info] CMC::computeControls, t = 0.546
[2023-08-15 22:15:23.799] [info] CMC::computeControls, t = 0.547
[2023-08-15 22:15:23.824] [info] CMC::computeControls, t = 0.548
[2023-08-15 22:15:23.849] [info] CMC::computeControls, t = 0.549
[2023-08-15 22:15:23.874] [info] CMC::computeControls, t = 0.55
[2023-08-15 22:15:23.906] [info] CMC::computeControls, t = 0.551
[2023-08-15 22:15:23.928] [info] CMC::computeControls, t = 0.552
[2023-08-15 22:15:23.952] [info] CMC::computeControls, t = 0.553
[2023-08-15 22:15:23.970] [info] CMC::computeControls, t = 0.554
[2023-08-15 22:15:23.989] [info] CMC::computeControls, t = 0.555
[2023-08-15 22:15:24.004] [info] CMC::computeControls, t = 0.556
[2023-08-15 22:15:24.033] [info] CMC::computeControls, t = 0.557
[2023-08-15 22:15:24.070] [info] CMC::computeControls, t = 0.558
[2023-08-15 22:15:24.091] [info] CMC::computeControls, t = 0.559
[2023-08-15 22:15:24.118] [info] CMC::computeControls, t = 0.56
[2023-08-15 22:15:24.134] [info] CMC::computeControls, t = 0.561
[2023-08-15 22:15:24.159] [info] CMC::computeControls, t = 0.562
[2023-08-15 22:15:24.182] [info] CMC::computeControls, t = 0.563
[2023-08-15 22:15:24.198] [info] CMC::computeControls, t = 0.564
[2023-08-15 22:15:24.213] [info] CMC::computeControls, t = 0.565
[2023-08-15 22:15:24.228] [info] CMC::computeControls, t = 0.566
[2023-08-15 22:15:24.244] [info] CMC::computeControls, t = 0.567
[2023-08-15 22:15:24.267] [info] CMC::computeControls, t = 0.568
[2023-08-15 22:15:24.283] [info] CMC::computeControls, t = 0.569
[2023-08-15 22:15:24.298] [info] CMC::computeControls, t = 0.57
[2023-08-15 22:15:24.313] [info] CMC::computeControls, t = 0.571
[2023-08-15 22:15:24.341] [info] CMC::computeControls, t = 0.572
[2023-08-15 22:15:24.364] [info] CMC::computeControls, t = 0.573
[2023-08-15 22:15:24.382] [info] CMC::computeControls, t = 0.574
[2023-08-15 22:15:24.403] [info] CMC::computeControls, t = 0.575
[2023-08-15 22:15:24.419] [info] CMC::computeControls, t = 0.576
[2023-08-15 22:15:24.436] [info] CMC::computeControls, t = 0.577
[2023-08-15 22:15:24.466] [info] CMC::computeControls, t = 0.578
[2023-08-15 22:15:24.482] [info] CMC::computeControls, t = 0.579
[2023-08-15 22:15:24.500] [info] CMC::computeControls, t = 0.58
[2023-08-15 22:15:24.515] [info] CMC::computeControls, t = 0.581
[2023-08-15 22:15:24.530] [info] CMC::computeControls, t = 0.582
[2023-08-15 22:15:24.557] [info] CMC::computeControls, t = 0.583
[2023-08-15 22:15:24.572] [info] CMC::computeControls, t = 0.584
[2023-08-15 22:15:24.587] [info] CMC::computeControls, t = 0.585
[2023-08-15 22:15:24.611] [info] CMC::computeControls, t = 0.586
[2023-08-15 22:15:24.627] [info] CMC::computeControls, t = 0.587
[2023-08-15 22:15:24.642] [info] CMC::computeControls, t = 0.588
[2023-08-15 22:15:24.657] [info] CMC::computeControls, t = 0.589
[2023-08-15 22:15:24.685] [info] CMC::computeControls, t = 0.59
[2023-08-15 22:15:24.700] [info] CMC::computeControls, t = 0.591
[2023-08-15 22:15:24.727] [info] CMC::computeControls, t = 0.592
[2023-08-15 22:15:24.745] [info] CMC::computeControls, t = 0.593
[2023-08-15 22:15:24.777] [info] CMC::computeControls, t = 0.594
[2023-08-15 22:15:24.793] [info] CMC::computeControls, t = 0.595
[2023-08-15 22:15:24.818] [info] CMC::computeControls, t = 0.596
[2023-08-15 22:15:24.839] [info] CMC::computeControls, t = 0.597
[2023-08-15 22:15:24.856] [info] CMC::computeControls, t = 0.598
[2023-08-15 22:15:24.875] [info] CMC::computeControls, t = 0.599
[2023-08-15 22:15:24.900] [info] CMC::computeControls, t = 0.6
[2023-08-15 22:15:24.930] [info] CMC::computeControls, t = 0.601000
[2023-08-15 22:15:24.967] [info] CMC::computeControls, t = 0.602000
[2023-08-15 22:15:25.003] [info] CMC::computeControls, t = 0.603000
[2023-08-15 22:15:25.020] [info] CMC::computeControls, t = 0.604000
[2023-08-15 22:15:25.036] [info] CMC::computeControls, t = 0.605000
[2023-08-15 22:15:25.053] [info] CMC::computeControls, t = 0.606000
[2023-08-15 22:15:25.071] [info] CMC::computeControls, t = 0.607000
[2023-08-15 22:15:25.086] [info] CMC::computeControls, t = 0.608000
[2023-08-15 22:15:25.108] [info] CMC::computeControls, t = 0.609000
[2023-08-15 22:15:25.128] [info] CMC::computeControls, t = 0.61
[2023-08-15 22:15:25.158] [info] CMC::computeControls, t = 0.611
[2023-08-15 22:15:25.179] [info] CMC::computeControls, t = 0.612
[2023-08-15 22:15:25.197] [info] CMC::computeControls, t = 0.613
[2023-08-15 22:15:25.213] [info] CMC::computeControls, t = 0.614
[2023-08-15 22:15:25.229] [info] CMC::computeControls, t = 0.615
[2023-08-15 22:15:25.244] [info] CMC::computeControls, t = 0.616
[2023-08-15 22:15:25.270] [info] CMC::computeControls, t = 0.617
[2023-08-15 22:15:25.286] [info] CMC::computeControls, t = 0.618
[2023-08-15 22:15:25.309] [info] CMC::computeControls, t = 0.619
[2023-08-15 22:15:25.340] [info] CMC::computeControls, t = 0.62
[2023-08-15 22:15:25.363] [info] CMC::computeControls, t = 0.621
[2023-08-15 22:15:25.386] [info] CMC::computeControls, t = 0.622
[2023-08-15 22:15:25.406] [info] CMC::computeControls, t = 0.623
[2023-08-15 22:15:25.432] [info] CMC::computeControls, t = 0.624
[2023-08-15 22:15:25.458] [info] CMC::computeControls, t = 0.625
[2023-08-15 22:15:25.484] [info] CMC::computeControls, t = 0.626
[2023-08-15 22:15:25.510] [info] CMC::computeControls, t = 0.627
[2023-08-15 22:15:25.542] [info] CMC::computeControls, t = 0.628
[2023-08-15 22:15:25.558] [info] CMC::computeControls, t = 0.629
[2023-08-15 22:15:25.583] [info] CMC::computeControls, t = 0.63
[2023-08-15 22:15:25.613] [info] CMC::computeControls, t = 0.631
[2023-08-15 22:15:25.631] [info] CMC::computeControls, t = 0.632
[2023-08-15 22:15:25.655] [info] CMC::computeControls, t = 0.633
[2023-08-15 22:15:25.677] [info] CMC::computeControls, t = 0.634
[2023-08-15 22:15:25.709] [info] CMC::computeControls, t = 0.635
[2023-08-15 22:15:25.725] [info] CMC::computeControls, t = 0.636
[2023-08-15 22:15:25.763] [info] CMC::computeControls, t = 0.637
[2023-08-15 22:15:25.792] [info] CMC::computeControls, t = 0.638
[2023-08-15 22:15:25.817] [info] CMC::computeControls, t = 0.639
[2023-08-15 22:15:25.848] [info] CMC::computeControls, t = 0.64
[2023-08-15 22:15:25.881] [info] CMC::computeControls, t = 0.641
[2023-08-15 22:15:25.918] [info] CMC::computeControls, t = 0.642
[2023-08-15 22:15:25.949] [info] CMC::computeControls, t = 0.643
[2023-08-15 22:15:25.971] [info] CMC::computeControls, t = 0.644
[2023-08-15 22:15:25.999] [info] CMC::computeControls, t = 0.645
[2023-08-15 22:15:26.033] [info] CMC::computeControls, t = 0.646
[2023-08-15 22:15:26.070] [info] CMC::computeControls, t = 0.647
[2023-08-15 22:15:26.105] [info] CMC::computeControls, t = 0.648
[2023-08-15 22:15:26.125] [info] CMC::computeControls, t = 0.649
[2023-08-15 22:15:26.142] [info] CMC::computeControls, t = 0.65
[2023-08-15 22:15:26.161] [info] CMC::computeControls, t = 0.651
[2023-08-15 22:15:26.178] [info] CMC::computeControls, t = 0.652
[2023-08-15 22:15:26.200] [info] CMC::computeControls, t = 0.653
[2023-08-15 22:15:26.234] [info] CMC::computeControls, t = 0.654
[2023-08-15 22:15:26.269] [info] CMC::computeControls, t = 0.655
[2023-08-15 22:15:26.285] [info] CMC::computeControls, t = 0.656
[2023-08-15 22:15:26.300] [info] CMC::computeControls, t = 0.657
[2023-08-15 22:15:26.329] [info] CMC::computeControls, t = 0.658
[2023-08-15 22:15:26.348] [info] CMC::computeControls, t = 0.659
[2023-08-15 22:15:26.366] [info] CMC::computeControls, t = 0.66
[2023-08-15 22:15:26.383] [info] CMC::computeControls, t = 0.661
[2023-08-15 22:15:26.406] [info] CMC::computeControls, t = 0.662
[2023-08-15 22:15:26.421] [info] CMC::computeControls, t = 0.663
[2023-08-15 22:15:26.439] [info] CMC::computeControls, t = 0.664
[2023-08-15 22:15:26.467] [info] CMC::computeControls, t = 0.665
[2023-08-15 22:15:26.487] [info] CMC::computeControls, t = 0.666
[2023-08-15 22:15:26.513] [info] CMC::computeControls, t = 0.667
[2023-08-15 22:15:26.544] [info] CMC::computeControls, t = 0.668
[2023-08-15 22:15:26.560] [info] CMC::computeControls, t = 0.669
[2023-08-15 22:15:26.580] [info] CMC::computeControls, t = 0.67
[2023-08-15 22:15:26.596] [info] CMC::computeControls, t = 0.671
[2023-08-15 22:15:26.613] [info] CMC::computeControls, t = 0.672
[2023-08-15 22:15:26.633] [info] CMC::computeControls, t = 0.673
[2023-08-15 22:15:26.658] [info] CMC::computeControls, t = 0.674
[2023-08-15 22:15:26.693] [info] CMC::computeControls, t = 0.675
[2023-08-15 22:15:26.708] [info] CMC::computeControls, t = 0.676
[2023-08-15 22:15:26.732] [info] CMC::computeControls, t = 0.677
[2023-08-15 22:15:26.762] [info] CMC::computeControls, t = 0.678
[2023-08-15 22:15:26.777] [info] CMC::computeControls, t = 0.679
[2023-08-15 22:15:26.806] [info] CMC::computeControls, t = 0.68
[2023-08-15 22:15:26.844] [info] CMC::computeControls, t = 0.681
[2023-08-15 22:15:26.863] [info] CMC::computeControls, t = 0.682
[2023-08-15 22:15:26.878] [info] CMC::computeControls, t = 0.683
[2023-08-15 22:15:26.893] [info] CMC::computeControls, t = 0.684
[2023-08-15 22:15:26.928] [info] CMC::computeControls, t = 0.685
[2023-08-15 22:15:26.951] [info] CMC::computeControls, t = 0.686
[2023-08-15 22:15:26.971] [info] CMC::computeControls, t = 0.687
[2023-08-15 22:15:27.001] [info] CMC::computeControls, t = 0.688
[2023-08-15 22:15:27.030] [info] CMC::computeControls, t = 0.689
[2023-08-15 22:15:27.065] [info] CMC::computeControls, t = 0.69
[2023-08-15 22:15:27.084] [info] CMC::computeControls, t = 0.691
[2023-08-15 22:15:27.100] [info] CMC::computeControls, t = 0.692
[2023-08-15 22:15:27.129] [info] CMC::computeControls, t = 0.693
[2023-08-15 22:15:27.147] [info] CMC::computeControls, t = 0.694
[2023-08-15 22:15:27.168] [info] CMC::computeControls, t = 0.695
[2023-08-15 22:15:27.200] [info] CMC::computeControls, t = 0.696
[2023-08-15 22:15:27.235] [info] CMC::computeControls, t = 0.697
[2023-08-15 22:15:27.276] [info] CMC::computeControls, t = 0.698
[2023-08-15 22:15:27.305] [info] CMC::computeControls, t = 0.699
[2023-08-15 22:15:27.320] [info] CMC::computeControls, t = 0.7
[2023-08-15 22:15:27.353] [info] CMC::computeControls, t = 0.701000
[2023-08-15 22:15:27.381] [info] CMC::computeControls, t = 0.702000
[2023-08-15 22:15:27.402] [info] CMC::computeControls, t = 0.703000
[2023-08-15 22:15:27.443] [info] CMC::computeControls, t = 0.704000
[2023-08-15 22:15:27.487] [info] CMC::computeControls, t = 0.705000
[2023-08-15 22:15:27.514] [info] CMC::computeControls, t = 0.706000
[2023-08-15 22:15:27.541] [info] CMC::computeControls, t = 0.707000
[2023-08-15 22:15:27.572] [info] CMC::computeControls, t = 0.708000
[2023-08-15 22:15:27.592] [info] CMC::computeControls, t = 0.709000
[2023-08-15 22:15:27.609] [info] CMC::computeControls, t = 0.71
[2023-08-15 22:15:27.625] [info] CMC::computeControls, t = 0.711
[2023-08-15 22:15:27.659] [info] CMC::computeControls, t = 0.712
[2023-08-15 22:15:27.683] [info] CMC::computeControls, t = 0.713
[2023-08-15 22:15:27.704] [info] CMC::computeControls, t = 0.714
[2023-08-15 22:15:27.719] [info] CMC::computeControls, t = 0.715
[2023-08-15 22:15:27.734] [info] CMC::computeControls, t = 0.716
[2023-08-15 22:15:27.754] [info] CMC::computeControls, t = 0.717
[2023-08-15 22:15:27.770] [info] CMC::computeControls, t = 0.718
[2023-08-15 22:15:27.789] [info] CMC::computeControls, t = 0.719
[2023-08-15 22:15:27.804] [info] CMC::computeControls, t = 0.72
[2023-08-15 22:15:27.831] [info] CMC::computeControls, t = 0.721
[2023-08-15 22:15:27.857] [info] CMC::computeControls, t = 0.722
[2023-08-15 22:15:27.874] [info] CMC::computeControls, t = 0.723
[2023-08-15 22:15:27.912] [info] CMC::computeControls, t = 0.724
[2023-08-15 22:15:27.930] [info] CMC::computeControls, t = 0.725
[2023-08-15 22:15:27.956] [info] CMC::computeControls, t = 0.726
[2023-08-15 22:15:27.980] [info] CMC::computeControls, t = 0.727
[2023-08-15 22:15:27.998] [info] CMC::computeControls, t = 0.728
[2023-08-15 22:15:28.034] [info] CMC::computeControls, t = 0.729
[2023-08-15 22:15:28.054] [info] CMC::computeControls, t = 0.73
[2023-08-15 22:15:28.080] [info] CMC::computeControls, t = 0.731
[2023-08-15 22:15:28.098] [info] CMC::computeControls, t = 0.732
[2023-08-15 22:15:28.122] [info] CMC::computeControls, t = 0.733
[2023-08-15 22:15:28.143] [info] CMC::computeControls, t = 0.734
[2023-08-15 22:15:28.172] [info] CMC::computeControls, t = 0.735
[2023-08-15 22:15:28.196] [info] CMC::computeControls, t = 0.736
[2023-08-15 22:15:28.231] [info] CMC::computeControls, t = 0.737
[2023-08-15 22:15:28.256] [info] CMC::computeControls, t = 0.738
[2023-08-15 22:15:28.284] [info] CMC::computeControls, t = 0.739
[2023-08-15 22:15:28.300] [info] CMC::computeControls, t = 0.74
[2023-08-15 22:15:28.327] [info] CMC::computeControls, t = 0.741
[2023-08-15 22:15:28.365] [info] CMC::computeControls, t = 0.742
[2023-08-15 22:15:28.399] [info] CMC::computeControls, t = 0.743
[2023-08-15 22:15:28.419] [info] CMC::computeControls, t = 0.744
[2023-08-15 22:15:28.457] [info] CMC::computeControls, t = 0.745
[2023-08-15 22:15:28.472] [info] CMC::computeControls, t = 0.746
[2023-08-15 22:15:28.504] [info] CMC::computeControls, t = 0.747
[2023-08-15 22:15:28.539] [info] CMC::computeControls, t = 0.748
[2023-08-15 22:15:28.573] [info] CMC::computeControls, t = 0.749
[2023-08-15 22:15:28.596] [info] CMC::computeControls, t = 0.75
[2023-08-15 22:15:28.620] [info] CMC::computeControls, t = 0.751
[2023-08-15 22:15:28.646] [info] CMC::computeControls, t = 0.752
[2023-08-15 22:15:28.676] [info] CMC::computeControls, t = 0.753
[2023-08-15 22:15:28.699] [info] CMC::computeControls, t = 0.754
[2023-08-15 22:15:28.733] [info] CMC::computeControls, t = 0.755
[2023-08-15 22:15:28.749] [info] CMC::computeControls, t = 0.756
[2023-08-15 22:15:28.767] [info] CMC::computeControls, t = 0.757
[2023-08-15 22:15:28.794] [info] CMC::computeControls, t = 0.758
[2023-08-15 22:15:28.818] [info] CMC::computeControls, t = 0.759
[2023-08-15 22:15:28.841] [info] CMC::computeControls, t = 0.76
[2023-08-15 22:15:28.866] [info] CMC::computeControls, t = 0.761
[2023-08-15 22:15:28.887] [info] CMC::computeControls, t = 0.762
[2023-08-15 22:15:28.925] [info] CMC::computeControls, t = 0.763
[2023-08-15 22:15:28.947] [info] CMC::computeControls, t = 0.764
[2023-08-15 22:15:28.965] [info] CMC::computeControls, t = 0.765
[2023-08-15 22:15:28.990] [info] CMC::computeControls, t = 0.766
[2023-08-15 22:15:29.020] [info] CMC::computeControls, t = 0.767
[2023-08-15 22:15:29.042] [info] CMC::computeControls, t = 0.768
[2023-08-15 22:15:29.063] [info] CMC::computeControls, t = 0.769
[2023-08-15 22:15:29.083] [info] CMC::computeControls, t = 0.77
[2023-08-15 22:15:29.105] [info] CMC::computeControls, t = 0.771
[2023-08-15 22:15:29.124] [info] CMC::computeControls, t = 0.772
[2023-08-15 22:15:29.146] [info] CMC::computeControls, t = 0.773
[2023-08-15 22:15:29.170] [info] CMC::computeControls, t = 0.774
[2023-08-15 22:15:29.190] [info] CMC::computeControls, t = 0.775
[2023-08-15 22:15:29.206] [info] CMC::computeControls, t = 0.776
[2023-08-15 22:15:29.231] [info] CMC::computeControls, t = 0.777
[2023-08-15 22:15:29.257] [info] CMC::computeControls, t = 0.778
[2023-08-15 22:15:29.282] [info] CMC::computeControls, t = 0.779
[2023-08-15 22:15:29.310] [info] CMC::computeControls, t = 0.78
[2023-08-15 22:15:29.340] [info] CMC::computeControls, t = 0.781
[2023-08-15 22:15:29.365] [info] CMC::computeControls, t = 0.782
[2023-08-15 22:15:29.394] [info] CMC::computeControls, t = 0.783
[2023-08-15 22:15:29.433] [info] CMC::computeControls, t = 0.784
[2023-08-15 22:15:29.457] [info] CMC::computeControls, t = 0.785
[2023-08-15 22:15:29.480] [info] CMC::computeControls, t = 0.786
[2023-08-15 22:15:29.512] [info] CMC::computeControls, t = 0.787
[2023-08-15 22:15:29.540] [info] CMC::computeControls, t = 0.788
[2023-08-15 22:15:29.569] [info] CMC::computeControls, t = 0.789
[2023-08-15 22:15:29.586] [info] CMC::computeControls, t = 0.79
[2023-08-15 22:15:29.617] [info] CMC::computeControls, t = 0.791
[2023-08-15 22:15:29.645] [info] CMC::computeControls, t = 0.792
[2023-08-15 22:15:29.677] [info] CMC::computeControls, t = 0.793
[2023-08-15 22:15:29.697] [info] CMC::computeControls, t = 0.794
[2023-08-15 22:15:29.713] [info] CMC::computeControls, t = 0.795
[2023-08-15 22:15:29.746] [info] CMC::computeControls, t = 0.796
[2023-08-15 22:15:29.776] [info] CMC::computeControls, t = 0.797
[2023-08-15 22:15:29.794] [info] CMC::computeControls, t = 0.798
[2023-08-15 22:15:29.824] [info] CMC::computeControls, t = 0.799
[2023-08-15 22:15:29.846] [info] CMC::computeControls, t = 0.8
[2023-08-15 22:15:29.874] [info] CMC::computeControls, t = 0.801000
[2023-08-15 22:15:29.899] [info] CMC::computeControls, t = 0.802000
[2023-08-15 22:15:29.926] [info] CMC::computeControls, t = 0.803000
[2023-08-15 22:15:29.960] [info] CMC::computeControls, t = 0.804000
[2023-08-15 22:15:29.995] [info] CMC::computeControls, t = 0.805000
[2023-08-15 22:15:30.019] [info] CMC::computeControls, t = 0.806000
[2023-08-15 22:15:30.043] [info] CMC::computeControls, t = 0.807000
[2023-08-15 22:15:30.063] [info] CMC::computeControls, t = 0.808000
[2023-08-15 22:15:30.092] [info] CMC::computeControls, t = 0.809000
[2023-08-15 22:15:30.115] [info] CMC::computeControls, t = 0.81
[2023-08-15 22:15:30.136] [info] CMC::computeControls, t = 0.811
[2023-08-15 22:15:30.159] [info] CMC::computeControls, t = 0.812
[2023-08-15 22:15:30.192] [info] CMC::computeControls, t = 0.813
[2023-08-15 22:15:30.216] [info] CMC::computeControls, t = 0.814
[2023-08-15 22:15:30.232] [info] CMC::computeControls, t = 0.815
[2023-08-15 22:15:30.254] [info] CMC::computeControls, t = 0.816
[2023-08-15 22:15:30.279] [info] CMC::computeControls, t = 0.817
[2023-08-15 22:15:30.304] [info] CMC::computeControls, t = 0.818
[2023-08-15 22:15:30.330] [info] CMC::computeControls, t = 0.819
[2023-08-15 22:15:30.361] [info] CMC::computeControls, t = 0.82
[2023-08-15 22:15:30.383] [info] CMC::computeControls, t = 0.821
[2023-08-15 22:15:30.402] [info] CMC::computeControls, t = 0.822
[2023-08-15 22:15:30.427] [info] CMC::computeControls, t = 0.823
[2023-08-15 22:15:30.448] [info] CMC::computeControls, t = 0.824
[2023-08-15 22:15:30.465] [info] CMC::computeControls, t = 0.825
[2023-08-15 22:15:30.488] [info] CMC::computeControls, t = 0.826
[2023-08-15 22:15:30.514] [info] CMC::computeControls, t = 0.827
[2023-08-15 22:15:30.557] [info] CMC::computeControls, t = 0.828
[2023-08-15 22:15:30.586] [info] CMC::computeControls, t = 0.829
[2023-08-15 22:15:30.604] [info] CMC::computeControls, t = 0.83
[2023-08-15 22:15:30.620] [info] CMC::computeControls, t = 0.831
[2023-08-15 22:15:30.664] [info] CMC::computeControls, t = 0.832
[2023-08-15 22:15:30.695] [info] CMC::computeControls, t = 0.833
[2023-08-15 22:15:30.711] [info] CMC::computeControls, t = 0.834
[2023-08-15 22:15:30.737] [info] CMC::computeControls, t = 0.835
[2023-08-15 22:15:30.754] [info] CMC::computeControls, t = 0.836
[2023-08-15 22:15:30.769] [info] CMC::computeControls, t = 0.837
[2023-08-15 22:15:30.791] [info] CMC::computeControls, t = 0.838
[2023-08-15 22:15:30.821] [info] CMC::computeControls, t = 0.839
[2023-08-15 22:15:30.849] [info] CMC::computeControls, t = 0.84
[2023-08-15 22:15:30.882] [info] CMC::computeControls, t = 0.841
[2023-08-15 22:15:30.903] [info] CMC::computeControls, t = 0.842
[2023-08-15 22:15:30.919] [info] CMC::computeControls, t = 0.843
[2023-08-15 22:15:30.947] [info] CMC::computeControls, t = 0.844
[2023-08-15 22:15:30.967] [info] CMC::computeControls, t = 0.845
[2023-08-15 22:15:31.000] [info] CMC::computeControls, t = 0.846
[2023-08-15 22:15:31.016] [info] CMC::computeControls, t = 0.847
[2023-08-15 22:15:31.036] [info] CMC::computeControls, t = 0.848
[2023-08-15 22:15:31.060] [info] CMC::computeControls, t = 0.849
[2023-08-15 22:15:31.092] [info] CMC::computeControls, t = 0.85
[2023-08-15 22:15:31.126] [info] CMC::computeControls, t = 0.851
[2023-08-15 22:15:31.143] [info] CMC::computeControls, t = 0.852
[2023-08-15 22:15:31.179] [info] CMC::computeControls, t = 0.853
[2023-08-15 22:15:31.217] [info] CMC::computeControls, t = 0.854
[2023-08-15 22:15:31.244] [info] CMC::computeControls, t = 0.855
[2023-08-15 22:15:31.269] [info] CMC::computeControls, t = 0.856
[2023-08-15 22:15:31.285] [info] CMC::computeControls, t = 0.857
[2023-08-15 22:15:31.302] [info] CMC::computeControls, t = 0.858
[2023-08-15 22:15:31.326] [info] CMC::computeControls, t = 0.859
[2023-08-15 22:15:31.347] [info] CMC::computeControls, t = 0.86
[2023-08-15 22:15:31.363] [info] CMC::computeControls, t = 0.861
[2023-08-15 22:15:31.389] [info] CMC::computeControls, t = 0.862
[2023-08-15 22:15:31.417] [info] CMC::computeControls, t = 0.863
[2023-08-15 22:15:31.433] [info] CMC::computeControls, t = 0.864
[2023-08-15 22:15:31.458] [info] CMC::computeControls, t = 0.865
[2023-08-15 22:15:31.474] [info] CMC::computeControls, t = 0.866
[2023-08-15 22:15:31.496] [info] CMC::computeControls, t = 0.867
[2023-08-15 22:15:31.511] [info] CMC::computeControls, t = 0.868
[2023-08-15 22:15:31.527] [info] CMC::computeControls, t = 0.869
[2023-08-15 22:15:31.549] [info] CMC::computeControls, t = 0.87
[2023-08-15 22:15:31.577] [info] CMC::computeControls, t = 0.871
[2023-08-15 22:15:31.603] [info] CMC::computeControls, t = 0.872
[2023-08-15 22:15:31.642] [info] CMC::computeControls, t = 0.873
[2023-08-15 22:15:31.687] [info] CMC::computeControls, t = 0.874
[2023-08-15 22:15:31.723] [info] CMC::computeControls, t = 0.875
[2023-08-15 22:15:31.745] [info] CMC::computeControls, t = 0.876
[2023-08-15 22:15:31.764] [info] CMC::computeControls, t = 0.877
[2023-08-15 22:15:31.779] [info] CMC::computeControls, t = 0.878
[2023-08-15 22:15:31.820] [info] CMC::computeControls, t = 0.879
[2023-08-15 22:15:31.845] [info] CMC::computeControls, t = 0.88
[2023-08-15 22:15:31.861] [info] CMC::computeControls, t = 0.881
[2023-08-15 22:15:31.886] [info] CMC::computeControls, t = 0.882
[2023-08-15 22:15:31.926] [info] CMC::computeControls, t = 0.883
[2023-08-15 22:15:31.953] [info] CMC::computeControls, t = 0.884
[2023-08-15 22:15:31.979] [info] CMC::computeControls, t = 0.885
[2023-08-15 22:15:32.017] [info] CMC::computeControls, t = 0.886
[2023-08-15 22:15:32.044] [info] CMC::computeControls, t = 0.887
[2023-08-15 22:15:32.076] [info] CMC::computeControls, t = 0.888
[2023-08-15 22:15:32.102] [info] CMC::computeControls, t = 0.889
[2023-08-15 22:15:32.123] [info] CMC::computeControls, t = 0.89
[2023-08-15 22:15:32.139] [info] CMC::computeControls, t = 0.891
[2023-08-15 22:15:32.155] [info] CMC::computeControls, t = 0.892
[2023-08-15 22:15:32.178] [info] CMC::computeControls, t = 0.893
[2023-08-15 22:15:32.204] [info] CMC::computeControls, t = 0.894
[2023-08-15 22:15:32.225] [info] CMC::computeControls, t = 0.895
[2023-08-15 22:15:32.249] [info] CMC::computeControls, t = 0.896
[2023-08-15 22:15:32.264] [info] CMC::computeControls, t = 0.897
[2023-08-15 22:15:32.280] [info] CMC::computeControls, t = 0.898
[2023-08-15 22:15:32.295] [info] CMC::computeControls, t = 0.899
[2023-08-15 22:15:32.311] [info] CMC::computeControls, t = 0.9
[2023-08-15 22:15:32.326] [info] CMC::computeControls, t = 0.901000
[2023-08-15 22:15:32.356] [info] CMC::computeControls, t = 0.902000
[2023-08-15 22:15:32.390] [info] CMC::computeControls, t = 0.903000
[2023-08-15 22:15:32.424] [info] CMC::computeControls, t = 0.904000
[2023-08-15 22:15:32.463] [info] CMC::computeControls, t = 0.905000
[2023-08-15 22:15:32.496] [info] CMC::computeControls, t = 0.906000
[2023-08-15 22:15:32.523] [info] CMC::computeControls, t = 0.907000
[2023-08-15 22:15:32.541] [info] CMC::computeControls, t = 0.908000
[2023-08-15 22:15:32.563] [info] CMC::computeControls, t = 0.909000
[2023-08-15 22:15:32.600] [info] CMC::computeControls, t = 0.91
[2023-08-15 22:15:32.637] [info] CMC::computeControls, t = 0.911
[2023-08-15 22:15:32.667] [info] CMC::computeControls, t = 0.912
[2023-08-15 22:15:32.693] [info] CMC::computeControls, t = 0.913
[2023-08-15 22:15:32.709] [info] CMC::computeControls, t = 0.914
[2023-08-15 22:15:32.731] [info] CMC::computeControls, t = 0.915
[2023-08-15 22:15:32.758] [info] CMC::computeControls, t = 0.916
[2023-08-15 22:15:32.777] [info] CMC::computeControls, t = 0.917
[2023-08-15 22:15:32.800] [info] CMC::computeControls, t = 0.918
[2023-08-15 22:15:32.825] [info] CMC::computeControls, t = 0.919
[2023-08-15 22:15:32.854] [info] CMC::computeControls, t = 0.92
[2023-08-15 22:15:32.891] [info] CMC::computeControls, t = 0.921
[2023-08-15 22:15:32.913] [info] CMC::computeControls, t = 0.922
[2023-08-15 22:15:32.951] [info] CMC::computeControls, t = 0.923
[2023-08-15 22:15:32.979] [info] CMC::computeControls, t = 0.924
[2023-08-15 22:15:33.015] [info] CMC::computeControls, t = 0.925
[2023-08-15 22:15:33.040] [info] CMC::computeControls, t = 0.926
[2023-08-15 22:15:33.058] [info] CMC::computeControls, t = 0.927
[2023-08-15 22:15:33.076] [info] CMC::computeControls, t = 0.928
[2023-08-15 22:15:33.111] [info] CMC::computeControls, t = 0.929
[2023-08-15 22:15:33.135] [info] CMC::computeControls, t = 0.93
[2023-08-15 22:15:33.173] [info] CMC::computeControls, t = 0.931
[2023-08-15 22:15:33.200] [info] CMC::computeControls, t = 0.932
[2023-08-15 22:15:33.215] [info] CMC::computeControls, t = 0.933
[2023-08-15 22:15:33.237] [info] CMC::computeControls, t = 0.934
[2023-08-15 22:15:33.263] [info] CMC::computeControls, t = 0.935
[2023-08-15 22:15:33.300] [info] CMC::computeControls, t = 0.936
[2023-08-15 22:15:33.325] [info] CMC::computeControls, t = 0.937
[2023-08-15 22:15:33.340] [info] CMC::computeControls, t = 0.938
[2023-08-15 22:15:33.366] [info] CMC::computeControls, t = 0.939
[2023-08-15 22:15:33.394] [info] CMC::computeControls, t = 0.94
[2023-08-15 22:15:33.410] [info] CMC::computeControls, t = 0.941
[2023-08-15 22:15:33.439] [info] CMC::computeControls, t = 0.942
[2023-08-15 22:15:33.483] [info] CMC::computeControls, t = 0.943
[2023-08-15 22:15:33.522] [info] CMC::computeControls, t = 0.944
[2023-08-15 22:15:33.540] [info] CMC::computeControls, t = 0.945
[2023-08-15 22:15:33.576] [info] CMC::computeControls, t = 0.946
[2023-08-15 22:15:33.602] [info] CMC::computeControls, t = 0.947
[2023-08-15 22:15:33.640] [info] CMC::computeControls, t = 0.948
[2023-08-15 22:15:33.675] [info] CMC::computeControls, t = 0.949
[2023-08-15 22:15:33.702] [info] CMC::computeControls, t = 0.95
[2023-08-15 22:15:33.723] [info] CMC::computeControls, t = 0.951
[2023-08-15 22:15:33.746] [info] CMC::computeControls, t = 0.952
[2023-08-15 22:15:33.767] [info] CMC::computeControls, t = 0.953
[2023-08-15 22:15:33.785] [info] CMC::computeControls, t = 0.954
[2023-08-15 22:15:33.815] [info] CMC::computeControls, t = 0.955
[2023-08-15 22:15:33.831] [info] CMC::computeControls, t = 0.956
[2023-08-15 22:15:33.856] [info] CMC::computeControls, t = 0.957
[2023-08-15 22:15:33.885] [info] CMC::computeControls, t = 0.958
[2023-08-15 22:15:33.901] [info] CMC::computeControls, t = 0.959
[2023-08-15 22:15:33.917] [info] CMC::computeControls, t = 0.96
[2023-08-15 22:15:33.936] [info] CMC::computeControls, t = 0.961
[2023-08-15 22:15:33.958] [info] CMC::computeControls, t = 0.962
[2023-08-15 22:15:33.988] [info] CMC::computeControls, t = 0.963
[2023-08-15 22:15:34.018] [info] CMC::computeControls, t = 0.964
[2023-08-15 22:15:34.042] [info] CMC::computeControls, t = 0.965
[2023-08-15 22:15:34.080] [info] CMC::computeControls, t = 0.966
[2023-08-15 22:15:34.112] [info] CMC::computeControls, t = 0.967
[2023-08-15 22:15:34.134] [info] CMC::computeControls, t = 0.968
[2023-08-15 22:15:34.160] [info] CMC::computeControls, t = 0.969
[2023-08-15 22:15:34.180] [info] CMC::computeControls, t = 0.97
[2023-08-15 22:15:34.206] [info] CMC::computeControls, t = 0.971
[2023-08-15 22:15:34.231] [info] CMC::computeControls, t = 0.972
[2023-08-15 22:15:34.251] [info] CMC::computeControls, t = 0.973
[2023-08-15 22:15:34.267] [info] CMC::computeControls, t = 0.974
[2023-08-15 22:15:34.298] [info] CMC::computeControls, t = 0.975
[2023-08-15 22:15:34.332] [info] CMC::computeControls, t = 0.976
[2023-08-15 22:15:34.370] [info] CMC::computeControls, t = 0.977
[2023-08-15 22:15:34.400] [info] CMC::computeControls, t = 0.978
[2023-08-15 22:15:34.435] [info] CMC::computeControls, t = 0.979
[2023-08-15 22:15:34.470] [info] CMC::computeControls, t = 0.98
[2023-08-15 22:15:34.499] [info] CMC::computeControls, t = 0.981
[2023-08-15 22:15:34.539] [info] CMC::computeControls, t = 0.982
[2023-08-15 22:15:34.563] [info] CMC::computeControls, t = 0.983
[2023-08-15 22:15:34.592] [info] CMC::computeControls, t = 0.984
[2023-08-15 22:15:34.611] [info] CMC::computeControls, t = 0.985
[2023-08-15 22:15:34.637] [info] CMC::computeControls, t = 0.986
[2023-08-15 22:15:34.674] [info] CMC::computeControls, t = 0.987
[2023-08-15 22:15:34.689] [info] CMC::computeControls, t = 0.988
[2023-08-15 22:15:34.720] [info] CMC::computeControls, t = 0.989
[2023-08-15 22:15:34.758] [info] CMC::computeControls, t = 0.99
[2023-08-15 22:15:34.787] [info] -------------------------------------------
[2023-08-15 22:15:34.787] [info] Finished tracking the specified kinematics:
[2023-08-15 22:15:34.787] [info] -------------------------------------------
[2023-08-15 22:15:34.787] [info]  -- Start time = Tue Aug 15 22:15:19 2023
[2023-08-15 22:15:34.787] [info]  -- Finish time = Tue Aug 15 22:15:34 2023
[2023-08-15 22:15:34.787] [info]  -- Elapsed time = 15.0 seconds.
[2023-08-15 22:15:34.787] [info] -------------------------------------------
[2023-08-15 22:15:34.787] [info] 
[2023-08-15 22:15:34.787] [info] Printing results of investigation subject08_run5_cycle1_iter1 to cycle1/
[2023-08-15 22:15:35.371] [info] 

************************************************************
*      Summary of Mass Adjustments to Reduce Residuals     *
************************************************************
* Body adjusted: torso
* Mass Center (COM) adjustment: dx =-0.0092932, dz =-0.0245873
* New COM location: ~[-0.0218524,0.33222,0.0245873]
************************************************************
* Recommended mass adjustments:                             
*  Total mass change: -0.992197
*  pelvis: orig mass = 12.9063, new mass = 12.7509
*  femur_r: orig mass = 10.1933, new mass = 10.0706
*  tibia_r: orig mass = 4.06302, new mass = 4.01408
*  talus_r: orig mass = 0.109589, new mass = 0.108269
*  calcn_r: orig mass = 1.36987, new mass = 1.35337
*  toes_r: orig mass = 0.23737, new mass = 0.234511
*  femur_l: orig mass = 10.1933, new mass = 10.0706
*  tibia_l: orig mass = 4.06302, new mass = 4.01408
*  talus_l: orig mass = 0.109589, new mass = 0.108269
*  calcn_l: orig mass = 1.36987, new mass = 1.35337
*  toes_l: orig mass = 0.23737, new mass = 0.234511
*  torso: orig mass = 29.3991, new mass = 29.045
*  humerus_r: orig mass = 2.2274, new mass = 2.20057
*  ulna_r: orig mass = 0.665755, new mass = 0.657736
*  radius_r: orig mass = 0.665755, new mass = 0.657736
*  hand_r: orig mass = 0.501371, new mass = 0.495332
*  humerus_l: orig mass = 2.2274, new mass = 2.20057
*  ulna_l: orig mass = 0.665755, new mass = 0.657736
*  radius_l: orig mass = 0.665755, new mass = 0.657736
*  hand_l: orig mass = 0.501371, new mass = 0.495332
************************************************************
* Note: Edit the model to make recommended adjustments to  *
*       mass properties.                                   *
************************************************************

* Average residuals before adjusting torso COM:
*  FX=-4.78851 FY=9.73013 FZ=2.16947
*  MX=7.08867 MY=-0.066857 MZ=-2.67929
************************************************************
* Average residuals after adjusting torso COM:
*  FX=-4.48038 FY=9.49574 FZ=2.24916
*  MX=-0.0104176 MY=-0.321634 MZ=-1.05639
************************************************************


[2023-08-15 22:15:35.371] [info] 
************************************************************
*                   Final Average Residuals                *
************************************************************
* After torso COM and Kinematics adjustments:
*  FX=-4.69198 FY=8.97356 FZ=6.40626
*  MX=-9.58177 MY=-3.42344 MZ=-3.73078
************************************************************


